[2026-03-13T22:24:23.933+0100] {local_task_job_runner.py:120} INFO - ::group::Pre task execution logs
[2026-03-13T22:24:23.947+0100] {taskinstance.py:2076} INFO - Dependencies all met for dep_context=non-requeueable deps ti=<TaskInstance: financial_data_pipeline.process_silver scheduled__2026-03-12T06:00:00+00:00 [queued]>
[2026-03-13T22:24:23.950+0100] {taskinstance.py:2076} INFO - Dependencies all met for dep_context=requeueable deps ti=<TaskInstance: financial_data_pipeline.process_silver scheduled__2026-03-12T06:00:00+00:00 [queued]>
[2026-03-13T22:24:23.950+0100] {taskinstance.py:2306} INFO - Starting attempt 1 of 3
[2026-03-13T22:24:23.956+0100] {taskinstance.py:2330} INFO - Executing <Task(PythonOperator): process_silver> on 2026-03-12 06:00:00+00:00
[2026-03-13T22:24:23.962+0100] {standard_task_runner.py:90} INFO - Running: ['airflow', 'tasks', 'run', 'financial_data_pipeline', 'process_silver', 'scheduled__2026-03-12T06:00:00+00:00', '--job-id', '7', '--raw', '--subdir', 'DAGS_FOLDER/financial_pipeline_dag.py', '--cfg-path', '/var/folders/44/_d3gbm2s74q1sbx67v0lqn3h0000gn/T/tmp_90ti_f4']
[2026-03-13T22:24:23.963+0100] {logging_mixin.py:188} WARNING - /Users/harshasogala/financial-data-platform/venv/lib/python3.12/site-packages/airflow/task/task_runner/standard_task_runner.py:62 DeprecationWarning: This process (pid=66646) is multi-threaded, use of fork() may lead to deadlocks in the child.
[2026-03-13T22:24:23.964+0100] {standard_task_runner.py:64} INFO - Started process 66647 to run task
[2026-03-13T22:24:23.963+0100] {standard_task_runner.py:91} INFO - Job 7: Subtask process_silver
[2026-03-13T22:24:23.985+0100] {task_command.py:426} INFO - Running <TaskInstance: financial_data_pipeline.process_silver scheduled__2026-03-12T06:00:00+00:00 [running]> on host harshas-air.home
[2026-03-13T22:24:24.016+0100] {taskinstance.py:2648} INFO - Exporting env vars: AIRFLOW_CTX_DAG_OWNER='data-engineering' AIRFLOW_CTX_DAG_ID='financial_data_pipeline' AIRFLOW_CTX_TASK_ID='process_silver' AIRFLOW_CTX_EXECUTION_DATE='2026-03-12T06:00:00+00:00' AIRFLOW_CTX_TRY_NUMBER='1' AIRFLOW_CTX_DAG_RUN_ID='scheduled__2026-03-12T06:00:00+00:00'
[2026-03-13T22:24:24.017+0100] {taskinstance.py:430} INFO - ::endgroup::
[2026-03-13T22:24:27.428+0100] {logging_mixin.py:188} INFO - [2026-03-12T06:00:00+00:00] Starting Silver processing...
[2026-03-13T22:24:27.429+0100] {logging_mixin.py:188} INFO - 
── Silver: cleaning & validating ──
[2026-03-13T22:24:42.601+0100] {logging_mixin.py:188} INFO -   policies: 500 rows (deduped + validated)
[2026-03-13T22:24:47.319+0100] {logging_mixin.py:188} INFO -   claims: 300 rows (nulls flagged + validated)
[2026-03-13T22:24:51.999+0100] {logging_mixin.py:188} INFO -   trades: 1000 rows (validated + trade_value added)
[2026-03-13T22:24:52.000+0100] {logging_mixin.py:188} INFO - Silver processing complete.
[2026-03-13T22:24:52.002+0100] {python.py:237} INFO - Done. Returned value was: None
[2026-03-13T22:24:52.003+0100] {taskinstance.py:441} INFO - ::group::Post task execution logs
[2026-03-13T22:24:52.013+0100] {taskinstance.py:1206} INFO - Marking task as SUCCESS. dag_id=financial_data_pipeline, task_id=process_silver, run_id=scheduled__2026-03-12T06:00:00+00:00, execution_date=20260312T060000, start_date=20260313T212423, end_date=20260313T212452
[2026-03-13T22:24:52.028+0100] {local_task_job_runner.py:243} INFO - Task exited with return code 0
[2026-03-13T22:24:52.049+0100] {taskinstance.py:3503} INFO - 1 downstream tasks scheduled from follow-on schedule check
[2026-03-13T22:24:52.050+0100] {local_task_job_runner.py:222} INFO - ::endgroup::
