[2026-03-13T22:23:19.672+0100] {local_task_job_runner.py:120} INFO - ::group::Pre task execution logs
[2026-03-13T22:23:19.686+0100] {taskinstance.py:2076} INFO - Dependencies all met for dep_context=non-requeueable deps ti=<TaskInstance: financial_data_pipeline.quality_gate manual__2026-03-13T21:18:14+00:00 [queued]>
[2026-03-13T22:23:19.690+0100] {taskinstance.py:2076} INFO - Dependencies all met for dep_context=requeueable deps ti=<TaskInstance: financial_data_pipeline.quality_gate manual__2026-03-13T21:18:14+00:00 [queued]>
[2026-03-13T22:23:19.690+0100] {taskinstance.py:2306} INFO - Starting attempt 1 of 3
[2026-03-13T22:23:19.697+0100] {taskinstance.py:2330} INFO - Executing <Task(PythonOperator): quality_gate> on 2026-03-13 21:18:14+00:00
[2026-03-13T22:23:19.703+0100] {standard_task_runner.py:90} INFO - Running: ['airflow', 'tasks', 'run', 'financial_data_pipeline', 'quality_gate', 'manual__2026-03-13T21:18:14+00:00', '--job-id', '5', '--raw', '--subdir', 'DAGS_FOLDER/financial_pipeline_dag.py', '--cfg-path', '/var/folders/44/_d3gbm2s74q1sbx67v0lqn3h0000gn/T/tmphy8hxm2n']
[2026-03-13T22:23:19.703+0100] {logging_mixin.py:188} WARNING - /Users/harshasogala/financial-data-platform/venv/lib/python3.12/site-packages/airflow/task/task_runner/standard_task_runner.py:62 DeprecationWarning: This process (pid=66455) is multi-threaded, use of fork() may lead to deadlocks in the child.
[2026-03-13T22:23:19.704+0100] {standard_task_runner.py:64} INFO - Started process 66456 to run task
[2026-03-13T22:23:19.704+0100] {standard_task_runner.py:91} INFO - Job 5: Subtask quality_gate
[2026-03-13T22:23:19.724+0100] {task_command.py:426} INFO - Running <TaskInstance: financial_data_pipeline.quality_gate manual__2026-03-13T21:18:14+00:00 [running]> on host harshas-air.home
[2026-03-13T22:23:19.755+0100] {taskinstance.py:2648} INFO - Exporting env vars: AIRFLOW_CTX_DAG_OWNER='data-engineering' AIRFLOW_CTX_DAG_ID='financial_data_pipeline' AIRFLOW_CTX_TASK_ID='quality_gate' AIRFLOW_CTX_EXECUTION_DATE='2026-03-13T21:18:14+00:00' AIRFLOW_CTX_TRY_NUMBER='1' AIRFLOW_CTX_DAG_RUN_ID='manual__2026-03-13T21:18:14+00:00'
[2026-03-13T22:23:19.756+0100] {taskinstance.py:430} INFO - ::endgroup::
[2026-03-13T22:23:23.161+0100] {logging_mixin.py:188} INFO - [2026-03-13T21:18:14+00:00] Running data quality checks on Bronze...
[2026-03-13T22:23:23.162+0100] {logging_mixin.py:188} INFO - 
── Checking: policies ──
[2026-03-13T22:23:34.120+0100] {logging_mixin.py:188} INFO -   [PASS] not_null         policy_id        0/500 nulls
[2026-03-13T22:23:35.545+0100] {logging_mixin.py:188} INFO -   [PASS] not_null         customer_id      0/500 nulls
[2026-03-13T22:23:36.824+0100] {logging_mixin.py:188} INFO -   [PASS] not_null         premium_amount   0/500 nulls
[2026-03-13T22:23:37.994+0100] {logging_mixin.py:188} INFO -   [PASS] null_rate        agent_id         0/500 nulls (0.0%)
[2026-03-13T22:23:38.903+0100] {logging_mixin.py:188} INFO -   [PASS] min_value        premium_amount   0 rows below min=0
[2026-03-13T22:23:39.110+0100] {logging_mixin.py:188} INFO -   [PASS] row_count                         500 rows (expected 400–600)
[2026-03-13T22:23:41.756+0100] {logging_mixin.py:188} INFO -   [PASS] unique           policy_id        0 duplicate(s) found
[2026-03-13T22:23:42.527+0100] {logging_mixin.py:188} INFO -   [PASS] allowed_values   status           0 rows with unexpected values
[2026-03-13T22:23:42.528+0100] {logging_mixin.py:188} INFO - 
── Checking: claims ──
[2026-03-13T22:23:44.435+0100] {logging_mixin.py:188} INFO -   [PASS] not_null         claim_id         0/300 nulls
[2026-03-13T22:23:45.072+0100] {logging_mixin.py:188} INFO -   [PASS] not_null         policy_id        0/300 nulls
[2026-03-13T22:23:45.749+0100] {logging_mixin.py:188} INFO -   [PASS] null_rate        claim_amount     0/300 nulls (0.0%)
[2026-03-13T22:23:46.435+0100] {logging_mixin.py:188} INFO -   [PASS] min_value        claim_amount     0 rows below min=0
[2026-03-13T22:23:46.706+0100] {logging_mixin.py:188} INFO -   [PASS] row_count                         300 rows (expected 250–350)
[2026-03-13T22:23:47.417+0100] {logging_mixin.py:188} INFO -   [PASS] allowed_values   status           0 rows with unexpected values
[2026-03-13T22:23:47.418+0100] {logging_mixin.py:188} INFO - 
── Checking: trades ──
[2026-03-13T22:23:49.508+0100] {logging_mixin.py:188} INFO -   [PASS] not_null         trade_id         0/1000 nulls
[2026-03-13T22:23:50.205+0100] {logging_mixin.py:188} INFO -   [PASS] not_null         instrument       0/1000 nulls
[2026-03-13T22:23:51.039+0100] {logging_mixin.py:188} INFO -   [PASS] min_value        price            0 rows below min=0
[2026-03-13T22:23:52.072+0100] {logging_mixin.py:188} INFO -   [PASS] min_value        quantity         0 rows below min=0
[2026-03-13T22:23:52.487+0100] {logging_mixin.py:188} INFO -   [PASS] row_count                         1000 rows (expected 800–1100)
[2026-03-13T22:23:53.357+0100] {logging_mixin.py:188} INFO -   [PASS] allowed_values   trade_type       0 rows with unexpected values
[2026-03-13T22:23:53.361+0100] {logging_mixin.py:188} INFO - 
── Audit log saved → /Users/harshasogala/financial-data-platform/quality/../data/quality_metrics/dq_run_20260313_222353.json
[2026-03-13T22:23:53.362+0100] {logging_mixin.py:188} INFO - Quality gate PASSED — proceeding to Silver.
[2026-03-13T22:23:53.363+0100] {python.py:237} INFO - Done. Returned value was: None
[2026-03-13T22:23:53.363+0100] {taskinstance.py:441} INFO - ::group::Post task execution logs
[2026-03-13T22:23:53.389+0100] {taskinstance.py:1206} INFO - Marking task as SUCCESS. dag_id=financial_data_pipeline, task_id=quality_gate, run_id=manual__2026-03-13T21:18:14+00:00, execution_date=20260313T211814, start_date=20260313T212319, end_date=20260313T212353
[2026-03-13T22:23:53.458+0100] {local_task_job_runner.py:243} INFO - Task exited with return code 0
[2026-03-13T22:23:53.523+0100] {taskinstance.py:3503} INFO - 1 downstream tasks scheduled from follow-on schedule check
[2026-03-13T22:23:53.525+0100] {local_task_job_runner.py:222} INFO - ::endgroup::
