[2026-03-13T22:21:48.856+0100] {local_task_job_runner.py:120} INFO - ::group::Pre task execution logs
[2026-03-13T22:21:48.867+0100] {taskinstance.py:2076} INFO - Dependencies all met for dep_context=non-requeueable deps ti=<TaskInstance: financial_data_pipeline.ingest_bronze scheduled__2026-03-12T06:00:00+00:00 [queued]>
[2026-03-13T22:21:48.870+0100] {taskinstance.py:2076} INFO - Dependencies all met for dep_context=requeueable deps ti=<TaskInstance: financial_data_pipeline.ingest_bronze scheduled__2026-03-12T06:00:00+00:00 [queued]>
[2026-03-13T22:21:48.870+0100] {taskinstance.py:2306} INFO - Starting attempt 1 of 3
[2026-03-13T22:21:48.877+0100] {taskinstance.py:2330} INFO - Executing <Task(PythonOperator): ingest_bronze> on 2026-03-12 06:00:00+00:00
[2026-03-13T22:21:48.883+0100] {standard_task_runner.py:90} INFO - Running: ['airflow', 'tasks', 'run', 'financial_data_pipeline', 'ingest_bronze', 'scheduled__2026-03-12T06:00:00+00:00', '--job-id', '2', '--raw', '--subdir', 'DAGS_FOLDER/financial_pipeline_dag.py', '--cfg-path', '/var/folders/44/_d3gbm2s74q1sbx67v0lqn3h0000gn/T/tmpqfg7d_37']
[2026-03-13T22:21:48.884+0100] {logging_mixin.py:188} WARNING - /Users/harshasogala/financial-data-platform/venv/lib/python3.12/site-packages/airflow/task/task_runner/standard_task_runner.py:62 DeprecationWarning: This process (pid=66185) is multi-threaded, use of fork() may lead to deadlocks in the child.
[2026-03-13T22:21:48.884+0100] {standard_task_runner.py:64} INFO - Started process 66187 to run task
[2026-03-13T22:21:48.884+0100] {standard_task_runner.py:91} INFO - Job 2: Subtask ingest_bronze
[2026-03-13T22:21:48.906+0100] {task_command.py:426} INFO - Running <TaskInstance: financial_data_pipeline.ingest_bronze scheduled__2026-03-12T06:00:00+00:00 [running]> on host harshas-air.home
[2026-03-13T22:21:48.942+0100] {taskinstance.py:2648} INFO - Exporting env vars: AIRFLOW_CTX_DAG_OWNER='data-engineering' AIRFLOW_CTX_DAG_ID='financial_data_pipeline' AIRFLOW_CTX_TASK_ID='ingest_bronze' AIRFLOW_CTX_EXECUTION_DATE='2026-03-12T06:00:00+00:00' AIRFLOW_CTX_TRY_NUMBER='1' AIRFLOW_CTX_DAG_RUN_ID='scheduled__2026-03-12T06:00:00+00:00'
[2026-03-13T22:21:48.943+0100] {taskinstance.py:430} INFO - ::endgroup::
[2026-03-13T22:21:53.801+0100] {logging_mixin.py:188} INFO - [2026-03-12T06:00:00+00:00] Starting Bronze ingestion...
[2026-03-13T22:21:53.802+0100] {logging_mixin.py:188} INFO - 
── Bronze: ingesting raw files ──
[2026-03-13T22:22:09.325+0100] {logging_mixin.py:188} INFO -   policies: 525 rows → /Users/harshasogala/financial-data-platform/pipelines/batch/../../data/bronze/policies
[2026-03-13T22:22:13.642+0100] {logging_mixin.py:188} INFO -   claims: 300 rows → /Users/harshasogala/financial-data-platform/pipelines/batch/../../data/bronze/claims
[2026-03-13T22:22:18.645+0100] {logging_mixin.py:188} INFO -   trades: 1000 rows → /Users/harshasogala/financial-data-platform/pipelines/batch/../../data/bronze/trades
[2026-03-13T22:22:18.649+0100] {logging_mixin.py:188} INFO - Bronze ingestion complete.
[2026-03-13T22:22:18.650+0100] {python.py:237} INFO - Done. Returned value was: None
[2026-03-13T22:22:18.651+0100] {taskinstance.py:441} INFO - ::group::Post task execution logs
[2026-03-13T22:22:18.685+0100] {taskinstance.py:1206} INFO - Marking task as SUCCESS. dag_id=financial_data_pipeline, task_id=ingest_bronze, run_id=scheduled__2026-03-12T06:00:00+00:00, execution_date=20260312T060000, start_date=20260313T212148, end_date=20260313T212218
[2026-03-13T22:22:18.725+0100] {local_task_job_runner.py:243} INFO - Task exited with return code 0
[2026-03-13T22:22:18.760+0100] {taskinstance.py:3503} INFO - 1 downstream tasks scheduled from follow-on schedule check
[2026-03-13T22:22:18.761+0100] {local_task_job_runner.py:222} INFO - ::endgroup::
