[0m22:31:41.841726 [debug] [MainThread]: Sending event: {'category': 'dbt', 'action': 'invocation', 'label': 'start', 'context': [<snowplow_tracker.self_describing_json.SelfDescribingJson object at 0x1056742c0>, <snowplow_tracker.self_describing_json.SelfDescribingJson object at 0x10526fb30>, <snowplow_tracker.self_describing_json.SelfDescribingJson object at 0x1055dd2e0>]}


============================== 22:31:41.845999 | c153ef57-0e16-4787-8681-163f00d639a8 ==============================
[0m22:31:41.845999 [info ] [MainThread]: Running with dbt=1.11.7
[0m22:31:41.846515 [debug] [MainThread]: running dbt with arguments {'log_cache_events': 'False', 'debug': 'False', 'warn_error_options': 'WarnErrorOptionsV2(error=[], warn=[], silence=[])', 'use_colors': 'True', 'version_check': 'True', 'empty': 'None', 'printer_width': '80', 'partial_parse': 'True', 'fail_fast': 'False', 'invocation_command': 'dbt init financial_transforms', 'warn_error': 'None', 'send_anonymous_usage_stats': 'True', 'introspect': 'True', 'log_path': 'logs', 'write_json': 'True', 'log_format': 'default', 'no_print': 'None', 'use_experimental_parser': 'False', 'indirect_selection': 'eager', 'quiet': 'False', 'cache_selected_only': 'False', 'profiles_dir': '/Users/harshasogala/.dbt', 'target_path': 'None', 'static_parser': 'True'}
[0m22:31:41.858598 [info ] [MainThread]: Creating dbt configuration folder at /Users/harshasogala/.dbt
[0m22:31:41.860131 [debug] [MainThread]: Starter project path: /Users/harshasogala/financial-data-platform/venv/lib/python3.12/site-packages/dbt/include/starter_project
[0m22:31:41.865221 [info ] [MainThread]: 
Your new dbt project "financial_transforms" was created!

For more information on how to configure the profiles.yml file,
please consult the dbt documentation here:

  https://docs.getdbt.com/docs/configure-your-profile

One more thing:

Need help? Don't hesitate to reach out to us via GitHub issues or on Slack:

  https://community.getdbt.com/

Happy modeling!

[0m22:31:41.865698 [info ] [MainThread]: Setting up your profile.
[0m22:32:00.247457 [info ] [MainThread]: Profile financial_transforms written to /Users/harshasogala/.dbt/profiles.yml using target's sample configuration. Once updated, you'll be able to start developing with dbt.
[0m22:32:00.250277 [debug] [MainThread]: Resource report: {"command_name": "init", "command_success": true, "command_wall_clock_time": 18.475893, "process_in_blocks": "0", "process_kernel_time": 0.192058, "process_mem_max_rss": "114343936", "process_out_blocks": "0", "process_user_time": 1.26404}
[0m22:32:00.250781 [debug] [MainThread]: Command `dbt init` succeeded at 22:32:00.250663 after 18.48 seconds
[0m22:32:00.251236 [debug] [MainThread]: Sending event: {'category': 'dbt', 'action': 'invocation', 'label': 'end', 'context': [<snowplow_tracker.self_describing_json.SelfDescribingJson object at 0x1056742c0>, <snowplow_tracker.self_describing_json.SelfDescribingJson object at 0x105c00ec0>, <snowplow_tracker.self_describing_json.SelfDescribingJson object at 0x105cee5d0>]}
[0m22:32:00.251643 [debug] [MainThread]: Flushing usage events
[0m22:32:00.824581 [debug] [MainThread]: An error was encountered while trying to flush usage events
