[2026-03-13T22:18:26.740+0100] {processor.py:161} INFO - Started process (PID=66012) to work on /Users/harshasogala/financial-data-platform/venv/lib/python3.12/site-packages/airflow/example_dags/example_setup_teardown_taskflow.py
[2026-03-13T22:18:26.741+0100] {processor.py:830} INFO - Processing file /Users/harshasogala/financial-data-platform/venv/lib/python3.12/site-packages/airflow/example_dags/example_setup_teardown_taskflow.py for tasks to queue
[2026-03-13T22:18:26.741+0100] {logging_mixin.py:188} INFO - [2026-03-13T22:18:26.741+0100] {dagbag.py:545} INFO - Filling up the DagBag from /Users/harshasogala/financial-data-platform/venv/lib/python3.12/site-packages/airflow/example_dags/example_setup_teardown_taskflow.py
[2026-03-13T22:18:26.766+0100] {processor.py:840} INFO - DAG(s) 'example_setup_teardown_taskflow' retrieved from /Users/harshasogala/financial-data-platform/venv/lib/python3.12/site-packages/airflow/example_dags/example_setup_teardown_taskflow.py
[2026-03-13T22:18:26.867+0100] {logging_mixin.py:188} INFO - [2026-03-13T22:18:26.867+0100] {override.py:1858} INFO - Created Permission View: can read on DAG:example_setup_teardown_taskflow
[2026-03-13T22:18:26.872+0100] {logging_mixin.py:188} INFO - [2026-03-13T22:18:26.872+0100] {override.py:1858} INFO - Created Permission View: can edit on DAG:example_setup_teardown_taskflow
[2026-03-13T22:18:26.875+0100] {logging_mixin.py:188} INFO - [2026-03-13T22:18:26.875+0100] {override.py:1858} INFO - Created Permission View: can delete on DAG:example_setup_teardown_taskflow
[2026-03-13T22:18:26.875+0100] {logging_mixin.py:188} INFO - [2026-03-13T22:18:26.875+0100] {dag.py:3089} INFO - Sync 1 DAGs
[2026-03-13T22:18:26.881+0100] {logging_mixin.py:188} INFO - [2026-03-13T22:18:26.881+0100] {dag.py:3111} INFO - Creating ORM DAG for example_setup_teardown_taskflow
[2026-03-13T22:18:26.885+0100] {logging_mixin.py:188} INFO - [2026-03-13T22:18:26.885+0100] {dag.py:3947} INFO - Setting next_dagrun for example_setup_teardown_taskflow to 2026-03-12 00:00:00+00:00, run_after=2026-03-13 00:00:00+00:00
[2026-03-13T22:18:26.932+0100] {processor.py:183} INFO - Processing /Users/harshasogala/financial-data-platform/venv/lib/python3.12/site-packages/airflow/example_dags/example_setup_teardown_taskflow.py took 0.194 seconds
[2026-03-13T22:20:15.263+0100] {processor.py:161} INFO - Started process (PID=66086) to work on /Users/harshasogala/financial-data-platform/venv/lib/python3.12/site-packages/airflow/example_dags/example_setup_teardown_taskflow.py
[2026-03-13T22:20:15.265+0100] {processor.py:830} INFO - Processing file /Users/harshasogala/financial-data-platform/venv/lib/python3.12/site-packages/airflow/example_dags/example_setup_teardown_taskflow.py for tasks to queue
[2026-03-13T22:20:15.265+0100] {logging_mixin.py:188} INFO - [2026-03-13T22:20:15.265+0100] {dagbag.py:545} INFO - Filling up the DagBag from /Users/harshasogala/financial-data-platform/venv/lib/python3.12/site-packages/airflow/example_dags/example_setup_teardown_taskflow.py
[2026-03-13T22:20:15.290+0100] {processor.py:840} INFO - DAG(s) 'example_setup_teardown_taskflow' retrieved from /Users/harshasogala/financial-data-platform/venv/lib/python3.12/site-packages/airflow/example_dags/example_setup_teardown_taskflow.py
[2026-03-13T22:20:15.348+0100] {logging_mixin.py:188} INFO - [2026-03-13T22:20:15.347+0100] {dag.py:3089} INFO - Sync 1 DAGs
[2026-03-13T22:20:15.357+0100] {logging_mixin.py:188} INFO - [2026-03-13T22:20:15.356+0100] {dag.py:3947} INFO - Setting next_dagrun for example_setup_teardown_taskflow to 2026-03-12 00:00:00+00:00, run_after=2026-03-13 00:00:00+00:00
[2026-03-13T22:20:15.367+0100] {processor.py:183} INFO - Processing /Users/harshasogala/financial-data-platform/venv/lib/python3.12/site-packages/airflow/example_dags/example_setup_teardown_taskflow.py took 0.107 seconds
[2026-03-13T22:21:34.321+0100] {processor.py:161} INFO - Started process (PID=66171) to work on /Users/harshasogala/financial-data-platform/venv/lib/python3.12/site-packages/airflow/example_dags/example_setup_teardown_taskflow.py
[2026-03-13T22:21:34.322+0100] {processor.py:830} INFO - Processing file /Users/harshasogala/financial-data-platform/venv/lib/python3.12/site-packages/airflow/example_dags/example_setup_teardown_taskflow.py for tasks to queue
[2026-03-13T22:21:34.322+0100] {logging_mixin.py:188} INFO - [2026-03-13T22:21:34.322+0100] {dagbag.py:545} INFO - Filling up the DagBag from /Users/harshasogala/financial-data-platform/venv/lib/python3.12/site-packages/airflow/example_dags/example_setup_teardown_taskflow.py
[2026-03-13T22:21:34.352+0100] {processor.py:840} INFO - DAG(s) 'example_setup_teardown_taskflow' retrieved from /Users/harshasogala/financial-data-platform/venv/lib/python3.12/site-packages/airflow/example_dags/example_setup_teardown_taskflow.py
[2026-03-13T22:21:34.409+0100] {logging_mixin.py:188} INFO - [2026-03-13T22:21:34.408+0100] {dag.py:3089} INFO - Sync 1 DAGs
[2026-03-13T22:21:34.417+0100] {logging_mixin.py:188} INFO - [2026-03-13T22:21:34.417+0100] {dag.py:3947} INFO - Setting next_dagrun for example_setup_teardown_taskflow to 2026-03-12 00:00:00+00:00, run_after=2026-03-13 00:00:00+00:00
[2026-03-13T22:21:34.428+0100] {processor.py:183} INFO - Processing /Users/harshasogala/financial-data-platform/venv/lib/python3.12/site-packages/airflow/example_dags/example_setup_teardown_taskflow.py took 0.109 seconds
[2026-03-13T22:28:23.012+0100] {processor.py:161} INFO - Started process (PID=67324) to work on /Users/harshasogala/financial-data-platform/venv/lib/python3.12/site-packages/airflow/example_dags/example_setup_teardown_taskflow.py
[2026-03-13T22:28:23.013+0100] {processor.py:830} INFO - Processing file /Users/harshasogala/financial-data-platform/venv/lib/python3.12/site-packages/airflow/example_dags/example_setup_teardown_taskflow.py for tasks to queue
[2026-03-13T22:28:23.014+0100] {logging_mixin.py:188} INFO - [2026-03-13T22:28:23.014+0100] {dagbag.py:545} INFO - Filling up the DagBag from /Users/harshasogala/financial-data-platform/venv/lib/python3.12/site-packages/airflow/example_dags/example_setup_teardown_taskflow.py
[2026-03-13T22:28:23.038+0100] {processor.py:840} INFO - DAG(s) 'example_setup_teardown_taskflow' retrieved from /Users/harshasogala/financial-data-platform/venv/lib/python3.12/site-packages/airflow/example_dags/example_setup_teardown_taskflow.py
[2026-03-13T22:28:23.096+0100] {logging_mixin.py:188} INFO - [2026-03-13T22:28:23.096+0100] {dag.py:3089} INFO - Sync 1 DAGs
[2026-03-13T22:28:23.106+0100] {logging_mixin.py:188} INFO - [2026-03-13T22:28:23.105+0100] {dag.py:3947} INFO - Setting next_dagrun for example_setup_teardown_taskflow to 2026-03-12 00:00:00+00:00, run_after=2026-03-13 00:00:00+00:00
[2026-03-13T22:28:23.117+0100] {processor.py:183} INFO - Processing /Users/harshasogala/financial-data-platform/venv/lib/python3.12/site-packages/airflow/example_dags/example_setup_teardown_taskflow.py took 0.107 seconds
[2026-03-13T22:29:22.072+0100] {processor.py:161} INFO - Started process (PID=67378) to work on /Users/harshasogala/financial-data-platform/venv/lib/python3.12/site-packages/airflow/example_dags/example_setup_teardown_taskflow.py
[2026-03-13T22:29:22.074+0100] {processor.py:830} INFO - Processing file /Users/harshasogala/financial-data-platform/venv/lib/python3.12/site-packages/airflow/example_dags/example_setup_teardown_taskflow.py for tasks to queue
[2026-03-13T22:29:22.075+0100] {logging_mixin.py:188} INFO - [2026-03-13T22:29:22.074+0100] {dagbag.py:545} INFO - Filling up the DagBag from /Users/harshasogala/financial-data-platform/venv/lib/python3.12/site-packages/airflow/example_dags/example_setup_teardown_taskflow.py
[2026-03-13T22:29:22.099+0100] {processor.py:840} INFO - DAG(s) 'example_setup_teardown_taskflow' retrieved from /Users/harshasogala/financial-data-platform/venv/lib/python3.12/site-packages/airflow/example_dags/example_setup_teardown_taskflow.py
[2026-03-13T22:29:22.159+0100] {logging_mixin.py:188} INFO - [2026-03-13T22:29:22.159+0100] {dag.py:3089} INFO - Sync 1 DAGs
[2026-03-13T22:29:22.168+0100] {logging_mixin.py:188} INFO - [2026-03-13T22:29:22.168+0100] {dag.py:3947} INFO - Setting next_dagrun for example_setup_teardown_taskflow to 2026-03-12 00:00:00+00:00, run_after=2026-03-13 00:00:00+00:00
[2026-03-13T22:29:22.179+0100] {processor.py:183} INFO - Processing /Users/harshasogala/financial-data-platform/venv/lib/python3.12/site-packages/airflow/example_dags/example_setup_teardown_taskflow.py took 0.109 seconds
[2026-03-13T22:30:28.929+0100] {processor.py:161} INFO - Started process (PID=67514) to work on /Users/harshasogala/financial-data-platform/venv/lib/python3.12/site-packages/airflow/example_dags/example_setup_teardown_taskflow.py
[2026-03-13T22:30:28.930+0100] {processor.py:830} INFO - Processing file /Users/harshasogala/financial-data-platform/venv/lib/python3.12/site-packages/airflow/example_dags/example_setup_teardown_taskflow.py for tasks to queue
[2026-03-13T22:30:28.931+0100] {logging_mixin.py:188} INFO - [2026-03-13T22:30:28.930+0100] {dagbag.py:545} INFO - Filling up the DagBag from /Users/harshasogala/financial-data-platform/venv/lib/python3.12/site-packages/airflow/example_dags/example_setup_teardown_taskflow.py
[2026-03-13T22:30:28.956+0100] {processor.py:840} INFO - DAG(s) 'example_setup_teardown_taskflow' retrieved from /Users/harshasogala/financial-data-platform/venv/lib/python3.12/site-packages/airflow/example_dags/example_setup_teardown_taskflow.py
[2026-03-13T22:30:29.009+0100] {logging_mixin.py:188} INFO - [2026-03-13T22:30:29.009+0100] {dag.py:3089} INFO - Sync 1 DAGs
[2026-03-13T22:30:29.018+0100] {logging_mixin.py:188} INFO - [2026-03-13T22:30:29.018+0100] {dag.py:3947} INFO - Setting next_dagrun for example_setup_teardown_taskflow to 2026-03-12 00:00:00+00:00, run_after=2026-03-13 00:00:00+00:00
[2026-03-13T22:30:29.028+0100] {processor.py:183} INFO - Processing /Users/harshasogala/financial-data-platform/venv/lib/python3.12/site-packages/airflow/example_dags/example_setup_teardown_taskflow.py took 0.101 seconds
[2026-03-13T22:31:42.797+0100] {processor.py:161} INFO - Started process (PID=68316) to work on /Users/harshasogala/financial-data-platform/venv/lib/python3.12/site-packages/airflow/example_dags/example_setup_teardown_taskflow.py
[2026-03-13T22:31:42.798+0100] {processor.py:830} INFO - Processing file /Users/harshasogala/financial-data-platform/venv/lib/python3.12/site-packages/airflow/example_dags/example_setup_teardown_taskflow.py for tasks to queue
[2026-03-13T22:31:42.799+0100] {logging_mixin.py:188} INFO - [2026-03-13T22:31:42.799+0100] {dagbag.py:545} INFO - Filling up the DagBag from /Users/harshasogala/financial-data-platform/venv/lib/python3.12/site-packages/airflow/example_dags/example_setup_teardown_taskflow.py
[2026-03-13T22:31:42.823+0100] {processor.py:840} INFO - DAG(s) 'example_setup_teardown_taskflow' retrieved from /Users/harshasogala/financial-data-platform/venv/lib/python3.12/site-packages/airflow/example_dags/example_setup_teardown_taskflow.py
[2026-03-13T22:31:42.877+0100] {logging_mixin.py:188} INFO - [2026-03-13T22:31:42.877+0100] {dag.py:3089} INFO - Sync 1 DAGs
[2026-03-13T22:31:42.920+0100] {logging_mixin.py:188} INFO - [2026-03-13T22:31:42.920+0100] {dag.py:3947} INFO - Setting next_dagrun for example_setup_teardown_taskflow to 2026-03-12 00:00:00+00:00, run_after=2026-03-13 00:00:00+00:00
[2026-03-13T22:31:42.930+0100] {processor.py:183} INFO - Processing /Users/harshasogala/financial-data-platform/venv/lib/python3.12/site-packages/airflow/example_dags/example_setup_teardown_taskflow.py took 0.136 seconds
[2026-03-13T22:33:03.377+0100] {processor.py:161} INFO - Started process (PID=68843) to work on /Users/harshasogala/financial-data-platform/venv/lib/python3.12/site-packages/airflow/example_dags/example_setup_teardown_taskflow.py
[2026-03-13T22:33:03.379+0100] {processor.py:830} INFO - Processing file /Users/harshasogala/financial-data-platform/venv/lib/python3.12/site-packages/airflow/example_dags/example_setup_teardown_taskflow.py for tasks to queue
[2026-03-13T22:33:03.379+0100] {logging_mixin.py:188} INFO - [2026-03-13T22:33:03.379+0100] {dagbag.py:545} INFO - Filling up the DagBag from /Users/harshasogala/financial-data-platform/venv/lib/python3.12/site-packages/airflow/example_dags/example_setup_teardown_taskflow.py
[2026-03-13T22:33:03.404+0100] {processor.py:840} INFO - DAG(s) 'example_setup_teardown_taskflow' retrieved from /Users/harshasogala/financial-data-platform/venv/lib/python3.12/site-packages/airflow/example_dags/example_setup_teardown_taskflow.py
[2026-03-13T22:33:03.458+0100] {logging_mixin.py:188} INFO - [2026-03-13T22:33:03.458+0100] {dag.py:3089} INFO - Sync 1 DAGs
[2026-03-13T22:33:03.501+0100] {logging_mixin.py:188} INFO - [2026-03-13T22:33:03.501+0100] {dag.py:3947} INFO - Setting next_dagrun for example_setup_teardown_taskflow to 2026-03-12 00:00:00+00:00, run_after=2026-03-13 00:00:00+00:00
[2026-03-13T22:33:03.512+0100] {processor.py:183} INFO - Processing /Users/harshasogala/financial-data-platform/venv/lib/python3.12/site-packages/airflow/example_dags/example_setup_teardown_taskflow.py took 0.137 seconds
[2026-03-13T22:34:24.306+0100] {processor.py:161} INFO - Started process (PID=69185) to work on /Users/harshasogala/financial-data-platform/venv/lib/python3.12/site-packages/airflow/example_dags/example_setup_teardown_taskflow.py
[2026-03-13T22:34:24.307+0100] {processor.py:830} INFO - Processing file /Users/harshasogala/financial-data-platform/venv/lib/python3.12/site-packages/airflow/example_dags/example_setup_teardown_taskflow.py for tasks to queue
[2026-03-13T22:34:24.308+0100] {logging_mixin.py:188} INFO - [2026-03-13T22:34:24.308+0100] {dagbag.py:545} INFO - Filling up the DagBag from /Users/harshasogala/financial-data-platform/venv/lib/python3.12/site-packages/airflow/example_dags/example_setup_teardown_taskflow.py
[2026-03-13T22:34:24.332+0100] {processor.py:840} INFO - DAG(s) 'example_setup_teardown_taskflow' retrieved from /Users/harshasogala/financial-data-platform/venv/lib/python3.12/site-packages/airflow/example_dags/example_setup_teardown_taskflow.py
[2026-03-13T22:34:24.386+0100] {logging_mixin.py:188} INFO - [2026-03-13T22:34:24.386+0100] {dag.py:3089} INFO - Sync 1 DAGs
[2026-03-13T22:34:24.429+0100] {logging_mixin.py:188} INFO - [2026-03-13T22:34:24.428+0100] {dag.py:3947} INFO - Setting next_dagrun for example_setup_teardown_taskflow to 2026-03-12 00:00:00+00:00, run_after=2026-03-13 00:00:00+00:00
[2026-03-13T22:34:24.439+0100] {processor.py:183} INFO - Processing /Users/harshasogala/financial-data-platform/venv/lib/python3.12/site-packages/airflow/example_dags/example_setup_teardown_taskflow.py took 0.135 seconds
[2026-03-13T22:35:39.919+0100] {processor.py:161} INFO - Started process (PID=69246) to work on /Users/harshasogala/financial-data-platform/venv/lib/python3.12/site-packages/airflow/example_dags/example_setup_teardown_taskflow.py
[2026-03-13T22:35:39.920+0100] {processor.py:830} INFO - Processing file /Users/harshasogala/financial-data-platform/venv/lib/python3.12/site-packages/airflow/example_dags/example_setup_teardown_taskflow.py for tasks to queue
[2026-03-13T22:35:39.921+0100] {logging_mixin.py:188} INFO - [2026-03-13T22:35:39.921+0100] {dagbag.py:545} INFO - Filling up the DagBag from /Users/harshasogala/financial-data-platform/venv/lib/python3.12/site-packages/airflow/example_dags/example_setup_teardown_taskflow.py
[2026-03-13T22:35:39.945+0100] {processor.py:840} INFO - DAG(s) 'example_setup_teardown_taskflow' retrieved from /Users/harshasogala/financial-data-platform/venv/lib/python3.12/site-packages/airflow/example_dags/example_setup_teardown_taskflow.py
[2026-03-13T22:35:39.999+0100] {logging_mixin.py:188} INFO - [2026-03-13T22:35:39.999+0100] {dag.py:3089} INFO - Sync 1 DAGs
[2026-03-13T22:35:40.044+0100] {logging_mixin.py:188} INFO - [2026-03-13T22:35:40.044+0100] {dag.py:3947} INFO - Setting next_dagrun for example_setup_teardown_taskflow to 2026-03-12 00:00:00+00:00, run_after=2026-03-13 00:00:00+00:00
[2026-03-13T22:35:40.055+0100] {processor.py:183} INFO - Processing /Users/harshasogala/financial-data-platform/venv/lib/python3.12/site-packages/airflow/example_dags/example_setup_teardown_taskflow.py took 0.137 seconds
[2026-03-13T22:36:53.737+0100] {processor.py:161} INFO - Started process (PID=69324) to work on /Users/harshasogala/financial-data-platform/venv/lib/python3.12/site-packages/airflow/example_dags/example_setup_teardown_taskflow.py
[2026-03-13T22:36:53.739+0100] {processor.py:830} INFO - Processing file /Users/harshasogala/financial-data-platform/venv/lib/python3.12/site-packages/airflow/example_dags/example_setup_teardown_taskflow.py for tasks to queue
[2026-03-13T22:36:53.739+0100] {logging_mixin.py:188} INFO - [2026-03-13T22:36:53.739+0100] {dagbag.py:545} INFO - Filling up the DagBag from /Users/harshasogala/financial-data-platform/venv/lib/python3.12/site-packages/airflow/example_dags/example_setup_teardown_taskflow.py
[2026-03-13T22:36:53.764+0100] {processor.py:840} INFO - DAG(s) 'example_setup_teardown_taskflow' retrieved from /Users/harshasogala/financial-data-platform/venv/lib/python3.12/site-packages/airflow/example_dags/example_setup_teardown_taskflow.py
[2026-03-13T22:36:53.819+0100] {logging_mixin.py:188} INFO - [2026-03-13T22:36:53.819+0100] {dag.py:3089} INFO - Sync 1 DAGs
[2026-03-13T22:36:53.863+0100] {logging_mixin.py:188} INFO - [2026-03-13T22:36:53.863+0100] {dag.py:3947} INFO - Setting next_dagrun for example_setup_teardown_taskflow to 2026-03-12 00:00:00+00:00, run_after=2026-03-13 00:00:00+00:00
[2026-03-13T22:36:53.874+0100] {processor.py:183} INFO - Processing /Users/harshasogala/financial-data-platform/venv/lib/python3.12/site-packages/airflow/example_dags/example_setup_teardown_taskflow.py took 0.139 seconds
[2026-03-13T22:38:07.472+0100] {processor.py:161} INFO - Started process (PID=69382) to work on /Users/harshasogala/financial-data-platform/venv/lib/python3.12/site-packages/airflow/example_dags/example_setup_teardown_taskflow.py
[2026-03-13T22:38:07.473+0100] {processor.py:830} INFO - Processing file /Users/harshasogala/financial-data-platform/venv/lib/python3.12/site-packages/airflow/example_dags/example_setup_teardown_taskflow.py for tasks to queue
[2026-03-13T22:38:07.474+0100] {logging_mixin.py:188} INFO - [2026-03-13T22:38:07.474+0100] {dagbag.py:545} INFO - Filling up the DagBag from /Users/harshasogala/financial-data-platform/venv/lib/python3.12/site-packages/airflow/example_dags/example_setup_teardown_taskflow.py
[2026-03-13T22:38:07.499+0100] {processor.py:840} INFO - DAG(s) 'example_setup_teardown_taskflow' retrieved from /Users/harshasogala/financial-data-platform/venv/lib/python3.12/site-packages/airflow/example_dags/example_setup_teardown_taskflow.py
[2026-03-13T22:38:07.553+0100] {logging_mixin.py:188} INFO - [2026-03-13T22:38:07.553+0100] {dag.py:3089} INFO - Sync 1 DAGs
[2026-03-13T22:38:07.596+0100] {logging_mixin.py:188} INFO - [2026-03-13T22:38:07.596+0100] {dag.py:3947} INFO - Setting next_dagrun for example_setup_teardown_taskflow to 2026-03-12 00:00:00+00:00, run_after=2026-03-13 00:00:00+00:00
[2026-03-13T22:38:07.607+0100] {processor.py:183} INFO - Processing /Users/harshasogala/financial-data-platform/venv/lib/python3.12/site-packages/airflow/example_dags/example_setup_teardown_taskflow.py took 0.136 seconds
[2026-03-13T22:39:21.855+0100] {processor.py:161} INFO - Started process (PID=69451) to work on /Users/harshasogala/financial-data-platform/venv/lib/python3.12/site-packages/airflow/example_dags/example_setup_teardown_taskflow.py
[2026-03-13T22:39:21.856+0100] {processor.py:830} INFO - Processing file /Users/harshasogala/financial-data-platform/venv/lib/python3.12/site-packages/airflow/example_dags/example_setup_teardown_taskflow.py for tasks to queue
[2026-03-13T22:39:21.856+0100] {logging_mixin.py:188} INFO - [2026-03-13T22:39:21.856+0100] {dagbag.py:545} INFO - Filling up the DagBag from /Users/harshasogala/financial-data-platform/venv/lib/python3.12/site-packages/airflow/example_dags/example_setup_teardown_taskflow.py
[2026-03-13T22:39:21.882+0100] {processor.py:840} INFO - DAG(s) 'example_setup_teardown_taskflow' retrieved from /Users/harshasogala/financial-data-platform/venv/lib/python3.12/site-packages/airflow/example_dags/example_setup_teardown_taskflow.py
[2026-03-13T22:39:21.942+0100] {logging_mixin.py:188} INFO - [2026-03-13T22:39:21.941+0100] {dag.py:3089} INFO - Sync 1 DAGs
[2026-03-13T22:39:21.993+0100] {logging_mixin.py:188} INFO - [2026-03-13T22:39:21.993+0100] {dag.py:3947} INFO - Setting next_dagrun for example_setup_teardown_taskflow to 2026-03-12 00:00:00+00:00, run_after=2026-03-13 00:00:00+00:00
[2026-03-13T22:39:22.005+0100] {processor.py:183} INFO - Processing /Users/harshasogala/financial-data-platform/venv/lib/python3.12/site-packages/airflow/example_dags/example_setup_teardown_taskflow.py took 0.152 seconds
[2026-03-13T22:40:44.548+0100] {processor.py:161} INFO - Started process (PID=69672) to work on /Users/harshasogala/financial-data-platform/venv/lib/python3.12/site-packages/airflow/example_dags/example_setup_teardown_taskflow.py
[2026-03-13T22:40:44.549+0100] {processor.py:830} INFO - Processing file /Users/harshasogala/financial-data-platform/venv/lib/python3.12/site-packages/airflow/example_dags/example_setup_teardown_taskflow.py for tasks to queue
[2026-03-13T22:40:44.550+0100] {logging_mixin.py:188} INFO - [2026-03-13T22:40:44.550+0100] {dagbag.py:545} INFO - Filling up the DagBag from /Users/harshasogala/financial-data-platform/venv/lib/python3.12/site-packages/airflow/example_dags/example_setup_teardown_taskflow.py
[2026-03-13T22:40:44.574+0100] {processor.py:840} INFO - DAG(s) 'example_setup_teardown_taskflow' retrieved from /Users/harshasogala/financial-data-platform/venv/lib/python3.12/site-packages/airflow/example_dags/example_setup_teardown_taskflow.py
[2026-03-13T22:40:44.628+0100] {logging_mixin.py:188} INFO - [2026-03-13T22:40:44.628+0100] {dag.py:3089} INFO - Sync 1 DAGs
[2026-03-13T22:40:44.672+0100] {logging_mixin.py:188} INFO - [2026-03-13T22:40:44.672+0100] {dag.py:3947} INFO - Setting next_dagrun for example_setup_teardown_taskflow to 2026-03-12 00:00:00+00:00, run_after=2026-03-13 00:00:00+00:00
[2026-03-13T22:40:44.683+0100] {processor.py:183} INFO - Processing /Users/harshasogala/financial-data-platform/venv/lib/python3.12/site-packages/airflow/example_dags/example_setup_teardown_taskflow.py took 0.136 seconds
[2026-03-13T22:42:02.755+0100] {processor.py:161} INFO - Started process (PID=69731) to work on /Users/harshasogala/financial-data-platform/venv/lib/python3.12/site-packages/airflow/example_dags/example_setup_teardown_taskflow.py
[2026-03-13T22:42:02.756+0100] {processor.py:830} INFO - Processing file /Users/harshasogala/financial-data-platform/venv/lib/python3.12/site-packages/airflow/example_dags/example_setup_teardown_taskflow.py for tasks to queue
[2026-03-13T22:42:02.756+0100] {logging_mixin.py:188} INFO - [2026-03-13T22:42:02.756+0100] {dagbag.py:545} INFO - Filling up the DagBag from /Users/harshasogala/financial-data-platform/venv/lib/python3.12/site-packages/airflow/example_dags/example_setup_teardown_taskflow.py
[2026-03-13T22:42:02.780+0100] {processor.py:840} INFO - DAG(s) 'example_setup_teardown_taskflow' retrieved from /Users/harshasogala/financial-data-platform/venv/lib/python3.12/site-packages/airflow/example_dags/example_setup_teardown_taskflow.py
[2026-03-13T22:42:02.834+0100] {logging_mixin.py:188} INFO - [2026-03-13T22:42:02.834+0100] {dag.py:3089} INFO - Sync 1 DAGs
[2026-03-13T22:42:02.876+0100] {logging_mixin.py:188} INFO - [2026-03-13T22:42:02.876+0100] {dag.py:3947} INFO - Setting next_dagrun for example_setup_teardown_taskflow to 2026-03-12 00:00:00+00:00, run_after=2026-03-13 00:00:00+00:00
[2026-03-13T22:42:02.887+0100] {processor.py:183} INFO - Processing /Users/harshasogala/financial-data-platform/venv/lib/python3.12/site-packages/airflow/example_dags/example_setup_teardown_taskflow.py took 0.134 seconds
[2026-03-13T22:43:20.156+0100] {processor.py:161} INFO - Started process (PID=69801) to work on /Users/harshasogala/financial-data-platform/venv/lib/python3.12/site-packages/airflow/example_dags/example_setup_teardown_taskflow.py
[2026-03-13T22:43:20.157+0100] {processor.py:830} INFO - Processing file /Users/harshasogala/financial-data-platform/venv/lib/python3.12/site-packages/airflow/example_dags/example_setup_teardown_taskflow.py for tasks to queue
[2026-03-13T22:43:20.157+0100] {logging_mixin.py:188} INFO - [2026-03-13T22:43:20.157+0100] {dagbag.py:545} INFO - Filling up the DagBag from /Users/harshasogala/financial-data-platform/venv/lib/python3.12/site-packages/airflow/example_dags/example_setup_teardown_taskflow.py
[2026-03-13T22:43:20.183+0100] {processor.py:840} INFO - DAG(s) 'example_setup_teardown_taskflow' retrieved from /Users/harshasogala/financial-data-platform/venv/lib/python3.12/site-packages/airflow/example_dags/example_setup_teardown_taskflow.py
[2026-03-13T22:43:20.239+0100] {logging_mixin.py:188} INFO - [2026-03-13T22:43:20.239+0100] {dag.py:3089} INFO - Sync 1 DAGs
[2026-03-13T22:43:20.287+0100] {logging_mixin.py:188} INFO - [2026-03-13T22:43:20.287+0100] {dag.py:3947} INFO - Setting next_dagrun for example_setup_teardown_taskflow to 2026-03-12 00:00:00+00:00, run_after=2026-03-13 00:00:00+00:00
[2026-03-13T22:43:20.311+0100] {processor.py:183} INFO - Processing /Users/harshasogala/financial-data-platform/venv/lib/python3.12/site-packages/airflow/example_dags/example_setup_teardown_taskflow.py took 0.157 seconds
[2026-03-13T22:44:42.526+0100] {processor.py:161} INFO - Started process (PID=70050) to work on /Users/harshasogala/financial-data-platform/venv/lib/python3.12/site-packages/airflow/example_dags/example_setup_teardown_taskflow.py
[2026-03-13T22:44:42.528+0100] {processor.py:830} INFO - Processing file /Users/harshasogala/financial-data-platform/venv/lib/python3.12/site-packages/airflow/example_dags/example_setup_teardown_taskflow.py for tasks to queue
[2026-03-13T22:44:42.529+0100] {logging_mixin.py:188} INFO - [2026-03-13T22:44:42.528+0100] {dagbag.py:545} INFO - Filling up the DagBag from /Users/harshasogala/financial-data-platform/venv/lib/python3.12/site-packages/airflow/example_dags/example_setup_teardown_taskflow.py
[2026-03-13T22:44:42.553+0100] {processor.py:840} INFO - DAG(s) 'example_setup_teardown_taskflow' retrieved from /Users/harshasogala/financial-data-platform/venv/lib/python3.12/site-packages/airflow/example_dags/example_setup_teardown_taskflow.py
[2026-03-13T22:44:42.609+0100] {logging_mixin.py:188} INFO - [2026-03-13T22:44:42.609+0100] {dag.py:3089} INFO - Sync 1 DAGs
[2026-03-13T22:44:42.656+0100] {logging_mixin.py:188} INFO - [2026-03-13T22:44:42.656+0100] {dag.py:3947} INFO - Setting next_dagrun for example_setup_teardown_taskflow to 2026-03-12 00:00:00+00:00, run_after=2026-03-13 00:00:00+00:00
[2026-03-13T22:44:42.668+0100] {processor.py:183} INFO - Processing /Users/harshasogala/financial-data-platform/venv/lib/python3.12/site-packages/airflow/example_dags/example_setup_teardown_taskflow.py took 0.143 seconds
[2026-03-13T22:46:15.060+0100] {processor.py:161} INFO - Started process (PID=70372) to work on /Users/harshasogala/financial-data-platform/venv/lib/python3.12/site-packages/airflow/example_dags/example_setup_teardown_taskflow.py
[2026-03-13T22:46:15.062+0100] {processor.py:830} INFO - Processing file /Users/harshasogala/financial-data-platform/venv/lib/python3.12/site-packages/airflow/example_dags/example_setup_teardown_taskflow.py for tasks to queue
[2026-03-13T22:46:15.062+0100] {logging_mixin.py:188} INFO - [2026-03-13T22:46:15.062+0100] {dagbag.py:545} INFO - Filling up the DagBag from /Users/harshasogala/financial-data-platform/venv/lib/python3.12/site-packages/airflow/example_dags/example_setup_teardown_taskflow.py
[2026-03-13T22:46:15.087+0100] {processor.py:840} INFO - DAG(s) 'example_setup_teardown_taskflow' retrieved from /Users/harshasogala/financial-data-platform/venv/lib/python3.12/site-packages/airflow/example_dags/example_setup_teardown_taskflow.py
[2026-03-13T22:46:15.142+0100] {logging_mixin.py:188} INFO - [2026-03-13T22:46:15.142+0100] {dag.py:3089} INFO - Sync 1 DAGs
[2026-03-13T22:46:15.185+0100] {logging_mixin.py:188} INFO - [2026-03-13T22:46:15.185+0100] {dag.py:3947} INFO - Setting next_dagrun for example_setup_teardown_taskflow to 2026-03-12 00:00:00+00:00, run_after=2026-03-13 00:00:00+00:00
[2026-03-13T22:46:15.196+0100] {processor.py:183} INFO - Processing /Users/harshasogala/financial-data-platform/venv/lib/python3.12/site-packages/airflow/example_dags/example_setup_teardown_taskflow.py took 0.137 seconds
[2026-03-13T22:47:39.809+0100] {processor.py:161} INFO - Started process (PID=71382) to work on /Users/harshasogala/financial-data-platform/venv/lib/python3.12/site-packages/airflow/example_dags/example_setup_teardown_taskflow.py
[2026-03-13T22:47:39.810+0100] {processor.py:830} INFO - Processing file /Users/harshasogala/financial-data-platform/venv/lib/python3.12/site-packages/airflow/example_dags/example_setup_teardown_taskflow.py for tasks to queue
[2026-03-13T22:47:39.810+0100] {logging_mixin.py:188} INFO - [2026-03-13T22:47:39.810+0100] {dagbag.py:545} INFO - Filling up the DagBag from /Users/harshasogala/financial-data-platform/venv/lib/python3.12/site-packages/airflow/example_dags/example_setup_teardown_taskflow.py
[2026-03-13T22:47:39.834+0100] {processor.py:840} INFO - DAG(s) 'example_setup_teardown_taskflow' retrieved from /Users/harshasogala/financial-data-platform/venv/lib/python3.12/site-packages/airflow/example_dags/example_setup_teardown_taskflow.py
[2026-03-13T22:47:39.888+0100] {logging_mixin.py:188} INFO - [2026-03-13T22:47:39.888+0100] {dag.py:3089} INFO - Sync 1 DAGs
[2026-03-13T22:47:39.931+0100] {logging_mixin.py:188} INFO - [2026-03-13T22:47:39.930+0100] {dag.py:3947} INFO - Setting next_dagrun for example_setup_teardown_taskflow to 2026-03-12 00:00:00+00:00, run_after=2026-03-13 00:00:00+00:00
[2026-03-13T22:47:39.941+0100] {processor.py:183} INFO - Processing /Users/harshasogala/financial-data-platform/venv/lib/python3.12/site-packages/airflow/example_dags/example_setup_teardown_taskflow.py took 0.134 seconds
[2026-03-13T22:48:56.922+0100] {processor.py:161} INFO - Started process (PID=71453) to work on /Users/harshasogala/financial-data-platform/venv/lib/python3.12/site-packages/airflow/example_dags/example_setup_teardown_taskflow.py
[2026-03-13T22:48:56.924+0100] {processor.py:830} INFO - Processing file /Users/harshasogala/financial-data-platform/venv/lib/python3.12/site-packages/airflow/example_dags/example_setup_teardown_taskflow.py for tasks to queue
[2026-03-13T22:48:56.924+0100] {logging_mixin.py:188} INFO - [2026-03-13T22:48:56.924+0100] {dagbag.py:545} INFO - Filling up the DagBag from /Users/harshasogala/financial-data-platform/venv/lib/python3.12/site-packages/airflow/example_dags/example_setup_teardown_taskflow.py
[2026-03-13T22:48:56.952+0100] {processor.py:840} INFO - DAG(s) 'example_setup_teardown_taskflow' retrieved from /Users/harshasogala/financial-data-platform/venv/lib/python3.12/site-packages/airflow/example_dags/example_setup_teardown_taskflow.py
[2026-03-13T22:48:57.017+0100] {logging_mixin.py:188} INFO - [2026-03-13T22:48:57.016+0100] {dag.py:3089} INFO - Sync 1 DAGs
[2026-03-13T22:48:57.071+0100] {logging_mixin.py:188} INFO - [2026-03-13T22:48:57.071+0100] {dag.py:3947} INFO - Setting next_dagrun for example_setup_teardown_taskflow to 2026-03-12 00:00:00+00:00, run_after=2026-03-13 00:00:00+00:00
[2026-03-13T22:48:57.085+0100] {processor.py:183} INFO - Processing /Users/harshasogala/financial-data-platform/venv/lib/python3.12/site-packages/airflow/example_dags/example_setup_teardown_taskflow.py took 0.165 seconds
[2026-03-13T22:50:17.155+0100] {processor.py:161} INFO - Started process (PID=71704) to work on /Users/harshasogala/financial-data-platform/venv/lib/python3.12/site-packages/airflow/example_dags/example_setup_teardown_taskflow.py
[2026-03-13T22:50:17.156+0100] {processor.py:830} INFO - Processing file /Users/harshasogala/financial-data-platform/venv/lib/python3.12/site-packages/airflow/example_dags/example_setup_teardown_taskflow.py for tasks to queue
[2026-03-13T22:50:17.157+0100] {logging_mixin.py:188} INFO - [2026-03-13T22:50:17.156+0100] {dagbag.py:545} INFO - Filling up the DagBag from /Users/harshasogala/financial-data-platform/venv/lib/python3.12/site-packages/airflow/example_dags/example_setup_teardown_taskflow.py
[2026-03-13T22:50:17.182+0100] {processor.py:840} INFO - DAG(s) 'example_setup_teardown_taskflow' retrieved from /Users/harshasogala/financial-data-platform/venv/lib/python3.12/site-packages/airflow/example_dags/example_setup_teardown_taskflow.py
[2026-03-13T22:50:17.237+0100] {logging_mixin.py:188} INFO - [2026-03-13T22:50:17.237+0100] {dag.py:3089} INFO - Sync 1 DAGs
[2026-03-13T22:50:17.280+0100] {logging_mixin.py:188} INFO - [2026-03-13T22:50:17.280+0100] {dag.py:3947} INFO - Setting next_dagrun for example_setup_teardown_taskflow to 2026-03-12 00:00:00+00:00, run_after=2026-03-13 00:00:00+00:00
[2026-03-13T22:50:17.290+0100] {processor.py:183} INFO - Processing /Users/harshasogala/financial-data-platform/venv/lib/python3.12/site-packages/airflow/example_dags/example_setup_teardown_taskflow.py took 0.137 seconds
[2026-03-13T22:51:46.499+0100] {processor.py:161} INFO - Started process (PID=72067) to work on /Users/harshasogala/financial-data-platform/venv/lib/python3.12/site-packages/airflow/example_dags/example_setup_teardown_taskflow.py
[2026-03-13T22:51:46.501+0100] {processor.py:830} INFO - Processing file /Users/harshasogala/financial-data-platform/venv/lib/python3.12/site-packages/airflow/example_dags/example_setup_teardown_taskflow.py for tasks to queue
[2026-03-13T22:51:46.501+0100] {logging_mixin.py:188} INFO - [2026-03-13T22:51:46.501+0100] {dagbag.py:545} INFO - Filling up the DagBag from /Users/harshasogala/financial-data-platform/venv/lib/python3.12/site-packages/airflow/example_dags/example_setup_teardown_taskflow.py
[2026-03-13T22:51:46.525+0100] {processor.py:840} INFO - DAG(s) 'example_setup_teardown_taskflow' retrieved from /Users/harshasogala/financial-data-platform/venv/lib/python3.12/site-packages/airflow/example_dags/example_setup_teardown_taskflow.py
[2026-03-13T22:51:46.580+0100] {logging_mixin.py:188} INFO - [2026-03-13T22:51:46.580+0100] {dag.py:3089} INFO - Sync 1 DAGs
[2026-03-13T22:51:46.623+0100] {logging_mixin.py:188} INFO - [2026-03-13T22:51:46.623+0100] {dag.py:3947} INFO - Setting next_dagrun for example_setup_teardown_taskflow to 2026-03-12 00:00:00+00:00, run_after=2026-03-13 00:00:00+00:00
[2026-03-13T22:51:46.635+0100] {processor.py:183} INFO - Processing /Users/harshasogala/financial-data-platform/venv/lib/python3.12/site-packages/airflow/example_dags/example_setup_teardown_taskflow.py took 0.138 seconds
[2026-03-13T22:53:01.795+0100] {processor.py:161} INFO - Started process (PID=72392) to work on /Users/harshasogala/financial-data-platform/venv/lib/python3.12/site-packages/airflow/example_dags/example_setup_teardown_taskflow.py
[2026-03-13T22:53:01.797+0100] {processor.py:830} INFO - Processing file /Users/harshasogala/financial-data-platform/venv/lib/python3.12/site-packages/airflow/example_dags/example_setup_teardown_taskflow.py for tasks to queue
[2026-03-13T22:53:01.797+0100] {logging_mixin.py:188} INFO - [2026-03-13T22:53:01.797+0100] {dagbag.py:545} INFO - Filling up the DagBag from /Users/harshasogala/financial-data-platform/venv/lib/python3.12/site-packages/airflow/example_dags/example_setup_teardown_taskflow.py
[2026-03-13T22:53:01.821+0100] {processor.py:840} INFO - DAG(s) 'example_setup_teardown_taskflow' retrieved from /Users/harshasogala/financial-data-platform/venv/lib/python3.12/site-packages/airflow/example_dags/example_setup_teardown_taskflow.py
[2026-03-13T22:53:01.875+0100] {logging_mixin.py:188} INFO - [2026-03-13T22:53:01.875+0100] {dag.py:3089} INFO - Sync 1 DAGs
[2026-03-13T22:53:01.920+0100] {logging_mixin.py:188} INFO - [2026-03-13T22:53:01.920+0100] {dag.py:3947} INFO - Setting next_dagrun for example_setup_teardown_taskflow to 2026-03-12 00:00:00+00:00, run_after=2026-03-13 00:00:00+00:00
[2026-03-13T22:53:01.931+0100] {processor.py:183} INFO - Processing /Users/harshasogala/financial-data-platform/venv/lib/python3.12/site-packages/airflow/example_dags/example_setup_teardown_taskflow.py took 0.138 seconds
[2026-03-13T22:54:23.414+0100] {processor.py:161} INFO - Started process (PID=72484) to work on /Users/harshasogala/financial-data-platform/venv/lib/python3.12/site-packages/airflow/example_dags/example_setup_teardown_taskflow.py
[2026-03-13T22:54:23.416+0100] {processor.py:830} INFO - Processing file /Users/harshasogala/financial-data-platform/venv/lib/python3.12/site-packages/airflow/example_dags/example_setup_teardown_taskflow.py for tasks to queue
[2026-03-13T22:54:23.416+0100] {logging_mixin.py:188} INFO - [2026-03-13T22:54:23.416+0100] {dagbag.py:545} INFO - Filling up the DagBag from /Users/harshasogala/financial-data-platform/venv/lib/python3.12/site-packages/airflow/example_dags/example_setup_teardown_taskflow.py
[2026-03-13T22:54:23.441+0100] {processor.py:840} INFO - DAG(s) 'example_setup_teardown_taskflow' retrieved from /Users/harshasogala/financial-data-platform/venv/lib/python3.12/site-packages/airflow/example_dags/example_setup_teardown_taskflow.py
[2026-03-13T22:54:23.507+0100] {logging_mixin.py:188} INFO - [2026-03-13T22:54:23.506+0100] {dag.py:3089} INFO - Sync 1 DAGs
[2026-03-13T22:54:23.564+0100] {logging_mixin.py:188} INFO - [2026-03-13T22:54:23.564+0100] {dag.py:3947} INFO - Setting next_dagrun for example_setup_teardown_taskflow to 2026-03-12 00:00:00+00:00, run_after=2026-03-13 00:00:00+00:00
[2026-03-13T22:54:23.577+0100] {processor.py:183} INFO - Processing /Users/harshasogala/financial-data-platform/venv/lib/python3.12/site-packages/airflow/example_dags/example_setup_teardown_taskflow.py took 0.165 seconds
[2026-03-13T22:55:47.167+0100] {processor.py:161} INFO - Started process (PID=72561) to work on /Users/harshasogala/financial-data-platform/venv/lib/python3.12/site-packages/airflow/example_dags/example_setup_teardown_taskflow.py
[2026-03-13T22:55:47.168+0100] {processor.py:830} INFO - Processing file /Users/harshasogala/financial-data-platform/venv/lib/python3.12/site-packages/airflow/example_dags/example_setup_teardown_taskflow.py for tasks to queue
[2026-03-13T22:55:47.168+0100] {logging_mixin.py:188} INFO - [2026-03-13T22:55:47.168+0100] {dagbag.py:545} INFO - Filling up the DagBag from /Users/harshasogala/financial-data-platform/venv/lib/python3.12/site-packages/airflow/example_dags/example_setup_teardown_taskflow.py
[2026-03-13T22:55:47.192+0100] {processor.py:840} INFO - DAG(s) 'example_setup_teardown_taskflow' retrieved from /Users/harshasogala/financial-data-platform/venv/lib/python3.12/site-packages/airflow/example_dags/example_setup_teardown_taskflow.py
[2026-03-13T22:55:47.247+0100] {logging_mixin.py:188} INFO - [2026-03-13T22:55:47.247+0100] {dag.py:3089} INFO - Sync 1 DAGs
[2026-03-13T22:55:47.290+0100] {logging_mixin.py:188} INFO - [2026-03-13T22:55:47.290+0100] {dag.py:3947} INFO - Setting next_dagrun for example_setup_teardown_taskflow to 2026-03-12 00:00:00+00:00, run_after=2026-03-13 00:00:00+00:00
[2026-03-13T22:55:47.301+0100] {processor.py:183} INFO - Processing /Users/harshasogala/financial-data-platform/venv/lib/python3.12/site-packages/airflow/example_dags/example_setup_teardown_taskflow.py took 0.136 seconds
[2026-03-13T22:57:09.054+0100] {processor.py:161} INFO - Started process (PID=72652) to work on /Users/harshasogala/financial-data-platform/venv/lib/python3.12/site-packages/airflow/example_dags/example_setup_teardown_taskflow.py
[2026-03-13T22:57:09.055+0100] {processor.py:830} INFO - Processing file /Users/harshasogala/financial-data-platform/venv/lib/python3.12/site-packages/airflow/example_dags/example_setup_teardown_taskflow.py for tasks to queue
[2026-03-13T22:57:09.055+0100] {logging_mixin.py:188} INFO - [2026-03-13T22:57:09.055+0100] {dagbag.py:545} INFO - Filling up the DagBag from /Users/harshasogala/financial-data-platform/venv/lib/python3.12/site-packages/airflow/example_dags/example_setup_teardown_taskflow.py
[2026-03-13T22:57:09.081+0100] {processor.py:840} INFO - DAG(s) 'example_setup_teardown_taskflow' retrieved from /Users/harshasogala/financial-data-platform/venv/lib/python3.12/site-packages/airflow/example_dags/example_setup_teardown_taskflow.py
[2026-03-13T22:57:09.135+0100] {logging_mixin.py:188} INFO - [2026-03-13T22:57:09.134+0100] {dag.py:3089} INFO - Sync 1 DAGs
[2026-03-13T22:57:09.179+0100] {logging_mixin.py:188} INFO - [2026-03-13T22:57:09.179+0100] {dag.py:3947} INFO - Setting next_dagrun for example_setup_teardown_taskflow to 2026-03-12 00:00:00+00:00, run_after=2026-03-13 00:00:00+00:00
[2026-03-13T22:57:09.190+0100] {processor.py:183} INFO - Processing /Users/harshasogala/financial-data-platform/venv/lib/python3.12/site-packages/airflow/example_dags/example_setup_teardown_taskflow.py took 0.138 seconds
[2026-03-13T22:58:28.771+0100] {processor.py:161} INFO - Started process (PID=72715) to work on /Users/harshasogala/financial-data-platform/venv/lib/python3.12/site-packages/airflow/example_dags/example_setup_teardown_taskflow.py
[2026-03-13T22:58:28.772+0100] {processor.py:830} INFO - Processing file /Users/harshasogala/financial-data-platform/venv/lib/python3.12/site-packages/airflow/example_dags/example_setup_teardown_taskflow.py for tasks to queue
[2026-03-13T22:58:28.772+0100] {logging_mixin.py:188} INFO - [2026-03-13T22:58:28.772+0100] {dagbag.py:545} INFO - Filling up the DagBag from /Users/harshasogala/financial-data-platform/venv/lib/python3.12/site-packages/airflow/example_dags/example_setup_teardown_taskflow.py
[2026-03-13T22:58:28.796+0100] {processor.py:840} INFO - DAG(s) 'example_setup_teardown_taskflow' retrieved from /Users/harshasogala/financial-data-platform/venv/lib/python3.12/site-packages/airflow/example_dags/example_setup_teardown_taskflow.py
[2026-03-13T22:58:28.851+0100] {logging_mixin.py:188} INFO - [2026-03-13T22:58:28.851+0100] {dag.py:3089} INFO - Sync 1 DAGs
[2026-03-13T22:58:28.893+0100] {logging_mixin.py:188} INFO - [2026-03-13T22:58:28.893+0100] {dag.py:3947} INFO - Setting next_dagrun for example_setup_teardown_taskflow to 2026-03-12 00:00:00+00:00, run_after=2026-03-13 00:00:00+00:00
[2026-03-13T22:58:28.904+0100] {processor.py:183} INFO - Processing /Users/harshasogala/financial-data-platform/venv/lib/python3.12/site-packages/airflow/example_dags/example_setup_teardown_taskflow.py took 0.135 seconds
[2026-03-13T22:59:49.112+0100] {processor.py:161} INFO - Started process (PID=72789) to work on /Users/harshasogala/financial-data-platform/venv/lib/python3.12/site-packages/airflow/example_dags/example_setup_teardown_taskflow.py
[2026-03-13T22:59:49.113+0100] {processor.py:830} INFO - Processing file /Users/harshasogala/financial-data-platform/venv/lib/python3.12/site-packages/airflow/example_dags/example_setup_teardown_taskflow.py for tasks to queue
[2026-03-13T22:59:49.114+0100] {logging_mixin.py:188} INFO - [2026-03-13T22:59:49.113+0100] {dagbag.py:545} INFO - Filling up the DagBag from /Users/harshasogala/financial-data-platform/venv/lib/python3.12/site-packages/airflow/example_dags/example_setup_teardown_taskflow.py
[2026-03-13T22:59:49.140+0100] {processor.py:840} INFO - DAG(s) 'example_setup_teardown_taskflow' retrieved from /Users/harshasogala/financial-data-platform/venv/lib/python3.12/site-packages/airflow/example_dags/example_setup_teardown_taskflow.py
[2026-03-13T22:59:49.195+0100] {logging_mixin.py:188} INFO - [2026-03-13T22:59:49.195+0100] {dag.py:3089} INFO - Sync 1 DAGs
[2026-03-13T22:59:49.240+0100] {logging_mixin.py:188} INFO - [2026-03-13T22:59:49.240+0100] {dag.py:3947} INFO - Setting next_dagrun for example_setup_teardown_taskflow to 2026-03-12 00:00:00+00:00, run_after=2026-03-13 00:00:00+00:00
[2026-03-13T22:59:49.253+0100] {processor.py:183} INFO - Processing /Users/harshasogala/financial-data-platform/venv/lib/python3.12/site-packages/airflow/example_dags/example_setup_teardown_taskflow.py took 0.143 seconds
[2026-03-13T23:01:09.090+0100] {processor.py:161} INFO - Started process (PID=72858) to work on /Users/harshasogala/financial-data-platform/venv/lib/python3.12/site-packages/airflow/example_dags/example_setup_teardown_taskflow.py
[2026-03-13T23:01:09.090+0100] {processor.py:830} INFO - Processing file /Users/harshasogala/financial-data-platform/venv/lib/python3.12/site-packages/airflow/example_dags/example_setup_teardown_taskflow.py for tasks to queue
[2026-03-13T23:01:09.091+0100] {logging_mixin.py:188} INFO - [2026-03-13T23:01:09.091+0100] {dagbag.py:545} INFO - Filling up the DagBag from /Users/harshasogala/financial-data-platform/venv/lib/python3.12/site-packages/airflow/example_dags/example_setup_teardown_taskflow.py
[2026-03-13T23:01:09.114+0100] {processor.py:840} INFO - DAG(s) 'example_setup_teardown_taskflow' retrieved from /Users/harshasogala/financial-data-platform/venv/lib/python3.12/site-packages/airflow/example_dags/example_setup_teardown_taskflow.py
[2026-03-13T23:01:09.168+0100] {logging_mixin.py:188} INFO - [2026-03-13T23:01:09.168+0100] {dag.py:3089} INFO - Sync 1 DAGs
[2026-03-13T23:01:09.211+0100] {logging_mixin.py:188} INFO - [2026-03-13T23:01:09.211+0100] {dag.py:3947} INFO - Setting next_dagrun for example_setup_teardown_taskflow to 2026-03-12 00:00:00+00:00, run_after=2026-03-13 00:00:00+00:00
[2026-03-13T23:01:09.222+0100] {processor.py:183} INFO - Processing /Users/harshasogala/financial-data-platform/venv/lib/python3.12/site-packages/airflow/example_dags/example_setup_teardown_taskflow.py took 0.135 seconds
[2026-03-13T23:02:27.892+0100] {processor.py:161} INFO - Started process (PID=72918) to work on /Users/harshasogala/financial-data-platform/venv/lib/python3.12/site-packages/airflow/example_dags/example_setup_teardown_taskflow.py
[2026-03-13T23:02:27.893+0100] {processor.py:830} INFO - Processing file /Users/harshasogala/financial-data-platform/venv/lib/python3.12/site-packages/airflow/example_dags/example_setup_teardown_taskflow.py for tasks to queue
[2026-03-13T23:02:27.894+0100] {logging_mixin.py:188} INFO - [2026-03-13T23:02:27.894+0100] {dagbag.py:545} INFO - Filling up the DagBag from /Users/harshasogala/financial-data-platform/venv/lib/python3.12/site-packages/airflow/example_dags/example_setup_teardown_taskflow.py
[2026-03-13T23:02:27.917+0100] {processor.py:840} INFO - DAG(s) 'example_setup_teardown_taskflow' retrieved from /Users/harshasogala/financial-data-platform/venv/lib/python3.12/site-packages/airflow/example_dags/example_setup_teardown_taskflow.py
[2026-03-13T23:02:27.972+0100] {logging_mixin.py:188} INFO - [2026-03-13T23:02:27.971+0100] {dag.py:3089} INFO - Sync 1 DAGs
[2026-03-13T23:02:28.014+0100] {logging_mixin.py:188} INFO - [2026-03-13T23:02:28.014+0100] {dag.py:3947} INFO - Setting next_dagrun for example_setup_teardown_taskflow to 2026-03-12 00:00:00+00:00, run_after=2026-03-13 00:00:00+00:00
[2026-03-13T23:02:28.025+0100] {processor.py:183} INFO - Processing /Users/harshasogala/financial-data-platform/venv/lib/python3.12/site-packages/airflow/example_dags/example_setup_teardown_taskflow.py took 0.135 seconds
[2026-03-13T23:03:47.521+0100] {processor.py:161} INFO - Started process (PID=72979) to work on /Users/harshasogala/financial-data-platform/venv/lib/python3.12/site-packages/airflow/example_dags/example_setup_teardown_taskflow.py
[2026-03-13T23:03:47.522+0100] {processor.py:830} INFO - Processing file /Users/harshasogala/financial-data-platform/venv/lib/python3.12/site-packages/airflow/example_dags/example_setup_teardown_taskflow.py for tasks to queue
[2026-03-13T23:03:47.523+0100] {logging_mixin.py:188} INFO - [2026-03-13T23:03:47.522+0100] {dagbag.py:545} INFO - Filling up the DagBag from /Users/harshasogala/financial-data-platform/venv/lib/python3.12/site-packages/airflow/example_dags/example_setup_teardown_taskflow.py
[2026-03-13T23:03:47.546+0100] {processor.py:840} INFO - DAG(s) 'example_setup_teardown_taskflow' retrieved from /Users/harshasogala/financial-data-platform/venv/lib/python3.12/site-packages/airflow/example_dags/example_setup_teardown_taskflow.py
[2026-03-13T23:03:47.600+0100] {logging_mixin.py:188} INFO - [2026-03-13T23:03:47.600+0100] {dag.py:3089} INFO - Sync 1 DAGs
[2026-03-13T23:03:47.643+0100] {logging_mixin.py:188} INFO - [2026-03-13T23:03:47.643+0100] {dag.py:3947} INFO - Setting next_dagrun for example_setup_teardown_taskflow to 2026-03-12 00:00:00+00:00, run_after=2026-03-13 00:00:00+00:00
[2026-03-13T23:03:47.654+0100] {processor.py:183} INFO - Processing /Users/harshasogala/financial-data-platform/venv/lib/python3.12/site-packages/airflow/example_dags/example_setup_teardown_taskflow.py took 0.134 seconds
[2026-03-13T23:05:04.431+0100] {processor.py:161} INFO - Started process (PID=73037) to work on /Users/harshasogala/financial-data-platform/venv/lib/python3.12/site-packages/airflow/example_dags/example_setup_teardown_taskflow.py
[2026-03-13T23:05:04.431+0100] {processor.py:830} INFO - Processing file /Users/harshasogala/financial-data-platform/venv/lib/python3.12/site-packages/airflow/example_dags/example_setup_teardown_taskflow.py for tasks to queue
[2026-03-13T23:05:04.432+0100] {logging_mixin.py:188} INFO - [2026-03-13T23:05:04.432+0100] {dagbag.py:545} INFO - Filling up the DagBag from /Users/harshasogala/financial-data-platform/venv/lib/python3.12/site-packages/airflow/example_dags/example_setup_teardown_taskflow.py
[2026-03-13T23:05:04.457+0100] {processor.py:840} INFO - DAG(s) 'example_setup_teardown_taskflow' retrieved from /Users/harshasogala/financial-data-platform/venv/lib/python3.12/site-packages/airflow/example_dags/example_setup_teardown_taskflow.py
[2026-03-13T23:05:04.511+0100] {logging_mixin.py:188} INFO - [2026-03-13T23:05:04.511+0100] {dag.py:3089} INFO - Sync 1 DAGs
[2026-03-13T23:05:04.554+0100] {logging_mixin.py:188} INFO - [2026-03-13T23:05:04.554+0100] {dag.py:3947} INFO - Setting next_dagrun for example_setup_teardown_taskflow to 2026-03-12 00:00:00+00:00, run_after=2026-03-13 00:00:00+00:00
[2026-03-13T23:05:04.564+0100] {processor.py:183} INFO - Processing /Users/harshasogala/financial-data-platform/venv/lib/python3.12/site-packages/airflow/example_dags/example_setup_teardown_taskflow.py took 0.136 seconds
[2026-03-13T23:06:21.665+0100] {processor.py:161} INFO - Started process (PID=73107) to work on /Users/harshasogala/financial-data-platform/venv/lib/python3.12/site-packages/airflow/example_dags/example_setup_teardown_taskflow.py
[2026-03-13T23:06:21.666+0100] {processor.py:830} INFO - Processing file /Users/harshasogala/financial-data-platform/venv/lib/python3.12/site-packages/airflow/example_dags/example_setup_teardown_taskflow.py for tasks to queue
[2026-03-13T23:06:21.666+0100] {logging_mixin.py:188} INFO - [2026-03-13T23:06:21.666+0100] {dagbag.py:545} INFO - Filling up the DagBag from /Users/harshasogala/financial-data-platform/venv/lib/python3.12/site-packages/airflow/example_dags/example_setup_teardown_taskflow.py
[2026-03-13T23:06:21.695+0100] {processor.py:840} INFO - DAG(s) 'example_setup_teardown_taskflow' retrieved from /Users/harshasogala/financial-data-platform/venv/lib/python3.12/site-packages/airflow/example_dags/example_setup_teardown_taskflow.py
[2026-03-13T23:06:21.755+0100] {logging_mixin.py:188} INFO - [2026-03-13T23:06:21.754+0100] {dag.py:3089} INFO - Sync 1 DAGs
[2026-03-13T23:06:21.803+0100] {logging_mixin.py:188} INFO - [2026-03-13T23:06:21.802+0100] {dag.py:3947} INFO - Setting next_dagrun for example_setup_teardown_taskflow to 2026-03-12 00:00:00+00:00, run_after=2026-03-13 00:00:00+00:00
[2026-03-13T23:06:21.815+0100] {processor.py:183} INFO - Processing /Users/harshasogala/financial-data-platform/venv/lib/python3.12/site-packages/airflow/example_dags/example_setup_teardown_taskflow.py took 0.153 seconds
[2026-03-13T23:07:45.361+0100] {processor.py:161} INFO - Started process (PID=73172) to work on /Users/harshasogala/financial-data-platform/venv/lib/python3.12/site-packages/airflow/example_dags/example_setup_teardown_taskflow.py
[2026-03-13T23:07:45.362+0100] {processor.py:830} INFO - Processing file /Users/harshasogala/financial-data-platform/venv/lib/python3.12/site-packages/airflow/example_dags/example_setup_teardown_taskflow.py for tasks to queue
[2026-03-13T23:07:45.362+0100] {logging_mixin.py:188} INFO - [2026-03-13T23:07:45.362+0100] {dagbag.py:545} INFO - Filling up the DagBag from /Users/harshasogala/financial-data-platform/venv/lib/python3.12/site-packages/airflow/example_dags/example_setup_teardown_taskflow.py
[2026-03-13T23:07:45.385+0100] {processor.py:840} INFO - DAG(s) 'example_setup_teardown_taskflow' retrieved from /Users/harshasogala/financial-data-platform/venv/lib/python3.12/site-packages/airflow/example_dags/example_setup_teardown_taskflow.py
[2026-03-13T23:07:45.441+0100] {logging_mixin.py:188} INFO - [2026-03-13T23:07:45.440+0100] {dag.py:3089} INFO - Sync 1 DAGs
[2026-03-13T23:07:45.485+0100] {logging_mixin.py:188} INFO - [2026-03-13T23:07:45.485+0100] {dag.py:3947} INFO - Setting next_dagrun for example_setup_teardown_taskflow to 2026-03-12 00:00:00+00:00, run_after=2026-03-13 00:00:00+00:00
[2026-03-13T23:07:45.496+0100] {processor.py:183} INFO - Processing /Users/harshasogala/financial-data-platform/venv/lib/python3.12/site-packages/airflow/example_dags/example_setup_teardown_taskflow.py took 0.137 seconds
[2026-03-13T23:08:59.263+0100] {processor.py:161} INFO - Started process (PID=73232) to work on /Users/harshasogala/financial-data-platform/venv/lib/python3.12/site-packages/airflow/example_dags/example_setup_teardown_taskflow.py
[2026-03-13T23:08:59.264+0100] {processor.py:830} INFO - Processing file /Users/harshasogala/financial-data-platform/venv/lib/python3.12/site-packages/airflow/example_dags/example_setup_teardown_taskflow.py for tasks to queue
[2026-03-13T23:08:59.264+0100] {logging_mixin.py:188} INFO - [2026-03-13T23:08:59.264+0100] {dagbag.py:545} INFO - Filling up the DagBag from /Users/harshasogala/financial-data-platform/venv/lib/python3.12/site-packages/airflow/example_dags/example_setup_teardown_taskflow.py
[2026-03-13T23:08:59.288+0100] {processor.py:840} INFO - DAG(s) 'example_setup_teardown_taskflow' retrieved from /Users/harshasogala/financial-data-platform/venv/lib/python3.12/site-packages/airflow/example_dags/example_setup_teardown_taskflow.py
[2026-03-13T23:08:59.342+0100] {logging_mixin.py:188} INFO - [2026-03-13T23:08:59.342+0100] {dag.py:3089} INFO - Sync 1 DAGs
[2026-03-13T23:08:59.385+0100] {logging_mixin.py:188} INFO - [2026-03-13T23:08:59.384+0100] {dag.py:3947} INFO - Setting next_dagrun for example_setup_teardown_taskflow to 2026-03-12 00:00:00+00:00, run_after=2026-03-13 00:00:00+00:00
[2026-03-13T23:08:59.395+0100] {processor.py:183} INFO - Processing /Users/harshasogala/financial-data-platform/venv/lib/python3.12/site-packages/airflow/example_dags/example_setup_teardown_taskflow.py took 0.134 seconds
[2026-03-13T23:10:10.893+0100] {processor.py:161} INFO - Started process (PID=73288) to work on /Users/harshasogala/financial-data-platform/venv/lib/python3.12/site-packages/airflow/example_dags/example_setup_teardown_taskflow.py
[2026-03-13T23:10:10.894+0100] {processor.py:830} INFO - Processing file /Users/harshasogala/financial-data-platform/venv/lib/python3.12/site-packages/airflow/example_dags/example_setup_teardown_taskflow.py for tasks to queue
[2026-03-13T23:10:10.894+0100] {logging_mixin.py:188} INFO - [2026-03-13T23:10:10.894+0100] {dagbag.py:545} INFO - Filling up the DagBag from /Users/harshasogala/financial-data-platform/venv/lib/python3.12/site-packages/airflow/example_dags/example_setup_teardown_taskflow.py
[2026-03-13T23:10:10.918+0100] {processor.py:840} INFO - DAG(s) 'example_setup_teardown_taskflow' retrieved from /Users/harshasogala/financial-data-platform/venv/lib/python3.12/site-packages/airflow/example_dags/example_setup_teardown_taskflow.py
[2026-03-13T23:10:10.972+0100] {logging_mixin.py:188} INFO - [2026-03-13T23:10:10.972+0100] {dag.py:3089} INFO - Sync 1 DAGs
[2026-03-13T23:10:11.014+0100] {logging_mixin.py:188} INFO - [2026-03-13T23:10:11.014+0100] {dag.py:3947} INFO - Setting next_dagrun for example_setup_teardown_taskflow to 2026-03-12 00:00:00+00:00, run_after=2026-03-13 00:00:00+00:00
[2026-03-13T23:10:11.025+0100] {processor.py:183} INFO - Processing /Users/harshasogala/financial-data-platform/venv/lib/python3.12/site-packages/airflow/example_dags/example_setup_teardown_taskflow.py took 0.134 seconds
[2026-03-13T23:11:24.574+0100] {processor.py:161} INFO - Started process (PID=73353) to work on /Users/harshasogala/financial-data-platform/venv/lib/python3.12/site-packages/airflow/example_dags/example_setup_teardown_taskflow.py
[2026-03-13T23:11:24.575+0100] {processor.py:830} INFO - Processing file /Users/harshasogala/financial-data-platform/venv/lib/python3.12/site-packages/airflow/example_dags/example_setup_teardown_taskflow.py for tasks to queue
[2026-03-13T23:11:24.575+0100] {logging_mixin.py:188} INFO - [2026-03-13T23:11:24.575+0100] {dagbag.py:545} INFO - Filling up the DagBag from /Users/harshasogala/financial-data-platform/venv/lib/python3.12/site-packages/airflow/example_dags/example_setup_teardown_taskflow.py
[2026-03-13T23:11:24.601+0100] {processor.py:840} INFO - DAG(s) 'example_setup_teardown_taskflow' retrieved from /Users/harshasogala/financial-data-platform/venv/lib/python3.12/site-packages/airflow/example_dags/example_setup_teardown_taskflow.py
[2026-03-13T23:11:24.679+0100] {logging_mixin.py:188} INFO - [2026-03-13T23:11:24.678+0100] {dag.py:3089} INFO - Sync 1 DAGs
[2026-03-13T23:11:24.727+0100] {logging_mixin.py:188} INFO - [2026-03-13T23:11:24.727+0100] {dag.py:3947} INFO - Setting next_dagrun for example_setup_teardown_taskflow to 2026-03-12 00:00:00+00:00, run_after=2026-03-13 00:00:00+00:00
[2026-03-13T23:11:24.742+0100] {processor.py:183} INFO - Processing /Users/harshasogala/financial-data-platform/venv/lib/python3.12/site-packages/airflow/example_dags/example_setup_teardown_taskflow.py took 0.170 seconds
[2026-03-13T23:12:38.540+0100] {processor.py:161} INFO - Started process (PID=73415) to work on /Users/harshasogala/financial-data-platform/venv/lib/python3.12/site-packages/airflow/example_dags/example_setup_teardown_taskflow.py
[2026-03-13T23:12:38.541+0100] {processor.py:830} INFO - Processing file /Users/harshasogala/financial-data-platform/venv/lib/python3.12/site-packages/airflow/example_dags/example_setup_teardown_taskflow.py for tasks to queue
[2026-03-13T23:12:38.541+0100] {logging_mixin.py:188} INFO - [2026-03-13T23:12:38.541+0100] {dagbag.py:545} INFO - Filling up the DagBag from /Users/harshasogala/financial-data-platform/venv/lib/python3.12/site-packages/airflow/example_dags/example_setup_teardown_taskflow.py
[2026-03-13T23:12:38.571+0100] {processor.py:840} INFO - DAG(s) 'example_setup_teardown_taskflow' retrieved from /Users/harshasogala/financial-data-platform/venv/lib/python3.12/site-packages/airflow/example_dags/example_setup_teardown_taskflow.py
[2026-03-13T23:12:38.629+0100] {logging_mixin.py:188} INFO - [2026-03-13T23:12:38.628+0100] {dag.py:3089} INFO - Sync 1 DAGs
[2026-03-13T23:12:38.676+0100] {logging_mixin.py:188} INFO - [2026-03-13T23:12:38.676+0100] {dag.py:3947} INFO - Setting next_dagrun for example_setup_teardown_taskflow to 2026-03-12 00:00:00+00:00, run_after=2026-03-13 00:00:00+00:00
[2026-03-13T23:12:38.688+0100] {processor.py:183} INFO - Processing /Users/harshasogala/financial-data-platform/venv/lib/python3.12/site-packages/airflow/example_dags/example_setup_teardown_taskflow.py took 0.150 seconds
[2026-03-13T23:13:54.571+0100] {processor.py:161} INFO - Started process (PID=73476) to work on /Users/harshasogala/financial-data-platform/venv/lib/python3.12/site-packages/airflow/example_dags/example_setup_teardown_taskflow.py
[2026-03-13T23:13:54.572+0100] {processor.py:830} INFO - Processing file /Users/harshasogala/financial-data-platform/venv/lib/python3.12/site-packages/airflow/example_dags/example_setup_teardown_taskflow.py for tasks to queue
[2026-03-13T23:13:54.573+0100] {logging_mixin.py:188} INFO - [2026-03-13T23:13:54.573+0100] {dagbag.py:545} INFO - Filling up the DagBag from /Users/harshasogala/financial-data-platform/venv/lib/python3.12/site-packages/airflow/example_dags/example_setup_teardown_taskflow.py
[2026-03-13T23:13:54.596+0100] {processor.py:840} INFO - DAG(s) 'example_setup_teardown_taskflow' retrieved from /Users/harshasogala/financial-data-platform/venv/lib/python3.12/site-packages/airflow/example_dags/example_setup_teardown_taskflow.py
[2026-03-13T23:13:54.651+0100] {logging_mixin.py:188} INFO - [2026-03-13T23:13:54.651+0100] {dag.py:3089} INFO - Sync 1 DAGs
[2026-03-13T23:13:54.694+0100] {logging_mixin.py:188} INFO - [2026-03-13T23:13:54.694+0100] {dag.py:3947} INFO - Setting next_dagrun for example_setup_teardown_taskflow to 2026-03-12 00:00:00+00:00, run_after=2026-03-13 00:00:00+00:00
[2026-03-13T23:13:54.705+0100] {processor.py:183} INFO - Processing /Users/harshasogala/financial-data-platform/venv/lib/python3.12/site-packages/airflow/example_dags/example_setup_teardown_taskflow.py took 0.136 seconds
[2026-03-13T23:15:08.685+0100] {processor.py:161} INFO - Started process (PID=73535) to work on /Users/harshasogala/financial-data-platform/venv/lib/python3.12/site-packages/airflow/example_dags/example_setup_teardown_taskflow.py
[2026-03-13T23:15:08.686+0100] {processor.py:830} INFO - Processing file /Users/harshasogala/financial-data-platform/venv/lib/python3.12/site-packages/airflow/example_dags/example_setup_teardown_taskflow.py for tasks to queue
[2026-03-13T23:15:08.687+0100] {logging_mixin.py:188} INFO - [2026-03-13T23:15:08.687+0100] {dagbag.py:545} INFO - Filling up the DagBag from /Users/harshasogala/financial-data-platform/venv/lib/python3.12/site-packages/airflow/example_dags/example_setup_teardown_taskflow.py
[2026-03-13T23:15:08.713+0100] {processor.py:840} INFO - DAG(s) 'example_setup_teardown_taskflow' retrieved from /Users/harshasogala/financial-data-platform/venv/lib/python3.12/site-packages/airflow/example_dags/example_setup_teardown_taskflow.py
[2026-03-13T23:15:08.768+0100] {logging_mixin.py:188} INFO - [2026-03-13T23:15:08.768+0100] {dag.py:3089} INFO - Sync 1 DAGs
[2026-03-13T23:15:08.813+0100] {logging_mixin.py:188} INFO - [2026-03-13T23:15:08.813+0100] {dag.py:3947} INFO - Setting next_dagrun for example_setup_teardown_taskflow to 2026-03-12 00:00:00+00:00, run_after=2026-03-13 00:00:00+00:00
[2026-03-13T23:15:08.824+0100] {processor.py:183} INFO - Processing /Users/harshasogala/financial-data-platform/venv/lib/python3.12/site-packages/airflow/example_dags/example_setup_teardown_taskflow.py took 0.141 seconds
[2026-03-13T23:16:22.392+0100] {processor.py:161} INFO - Started process (PID=73600) to work on /Users/harshasogala/financial-data-platform/venv/lib/python3.12/site-packages/airflow/example_dags/example_setup_teardown_taskflow.py
[2026-03-13T23:16:22.393+0100] {processor.py:830} INFO - Processing file /Users/harshasogala/financial-data-platform/venv/lib/python3.12/site-packages/airflow/example_dags/example_setup_teardown_taskflow.py for tasks to queue
[2026-03-13T23:16:22.393+0100] {logging_mixin.py:188} INFO - [2026-03-13T23:16:22.393+0100] {dagbag.py:545} INFO - Filling up the DagBag from /Users/harshasogala/financial-data-platform/venv/lib/python3.12/site-packages/airflow/example_dags/example_setup_teardown_taskflow.py
[2026-03-13T23:16:22.418+0100] {processor.py:840} INFO - DAG(s) 'example_setup_teardown_taskflow' retrieved from /Users/harshasogala/financial-data-platform/venv/lib/python3.12/site-packages/airflow/example_dags/example_setup_teardown_taskflow.py
[2026-03-13T23:16:22.473+0100] {logging_mixin.py:188} INFO - [2026-03-13T23:16:22.473+0100] {dag.py:3089} INFO - Sync 1 DAGs
[2026-03-13T23:16:22.516+0100] {logging_mixin.py:188} INFO - [2026-03-13T23:16:22.516+0100] {dag.py:3947} INFO - Setting next_dagrun for example_setup_teardown_taskflow to 2026-03-12 00:00:00+00:00, run_after=2026-03-13 00:00:00+00:00
[2026-03-13T23:16:22.527+0100] {processor.py:183} INFO - Processing /Users/harshasogala/financial-data-platform/venv/lib/python3.12/site-packages/airflow/example_dags/example_setup_teardown_taskflow.py took 0.138 seconds
[2026-03-13T23:17:39.906+0100] {processor.py:161} INFO - Started process (PID=73666) to work on /Users/harshasogala/financial-data-platform/venv/lib/python3.12/site-packages/airflow/example_dags/example_setup_teardown_taskflow.py
[2026-03-13T23:17:39.907+0100] {processor.py:830} INFO - Processing file /Users/harshasogala/financial-data-platform/venv/lib/python3.12/site-packages/airflow/example_dags/example_setup_teardown_taskflow.py for tasks to queue
[2026-03-13T23:17:39.907+0100] {logging_mixin.py:188} INFO - [2026-03-13T23:17:39.907+0100] {dagbag.py:545} INFO - Filling up the DagBag from /Users/harshasogala/financial-data-platform/venv/lib/python3.12/site-packages/airflow/example_dags/example_setup_teardown_taskflow.py
[2026-03-13T23:17:39.931+0100] {processor.py:840} INFO - DAG(s) 'example_setup_teardown_taskflow' retrieved from /Users/harshasogala/financial-data-platform/venv/lib/python3.12/site-packages/airflow/example_dags/example_setup_teardown_taskflow.py
[2026-03-13T23:17:39.987+0100] {logging_mixin.py:188} INFO - [2026-03-13T23:17:39.987+0100] {dag.py:3089} INFO - Sync 1 DAGs
[2026-03-13T23:17:40.033+0100] {logging_mixin.py:188} INFO - [2026-03-13T23:17:40.033+0100] {dag.py:3947} INFO - Setting next_dagrun for example_setup_teardown_taskflow to 2026-03-12 00:00:00+00:00, run_after=2026-03-13 00:00:00+00:00
[2026-03-13T23:17:40.044+0100] {processor.py:183} INFO - Processing /Users/harshasogala/financial-data-platform/venv/lib/python3.12/site-packages/airflow/example_dags/example_setup_teardown_taskflow.py took 0.140 seconds
[2026-03-13T23:18:55.916+0100] {processor.py:161} INFO - Started process (PID=73727) to work on /Users/harshasogala/financial-data-platform/venv/lib/python3.12/site-packages/airflow/example_dags/example_setup_teardown_taskflow.py
[2026-03-13T23:18:55.918+0100] {processor.py:830} INFO - Processing file /Users/harshasogala/financial-data-platform/venv/lib/python3.12/site-packages/airflow/example_dags/example_setup_teardown_taskflow.py for tasks to queue
[2026-03-13T23:18:55.918+0100] {logging_mixin.py:188} INFO - [2026-03-13T23:18:55.918+0100] {dagbag.py:545} INFO - Filling up the DagBag from /Users/harshasogala/financial-data-platform/venv/lib/python3.12/site-packages/airflow/example_dags/example_setup_teardown_taskflow.py
[2026-03-13T23:18:55.942+0100] {processor.py:840} INFO - DAG(s) 'example_setup_teardown_taskflow' retrieved from /Users/harshasogala/financial-data-platform/venv/lib/python3.12/site-packages/airflow/example_dags/example_setup_teardown_taskflow.py
[2026-03-13T23:18:55.996+0100] {logging_mixin.py:188} INFO - [2026-03-13T23:18:55.996+0100] {dag.py:3089} INFO - Sync 1 DAGs
[2026-03-13T23:18:56.039+0100] {logging_mixin.py:188} INFO - [2026-03-13T23:18:56.039+0100] {dag.py:3947} INFO - Setting next_dagrun for example_setup_teardown_taskflow to 2026-03-12 00:00:00+00:00, run_after=2026-03-13 00:00:00+00:00
[2026-03-13T23:18:56.049+0100] {processor.py:183} INFO - Processing /Users/harshasogala/financial-data-platform/venv/lib/python3.12/site-packages/airflow/example_dags/example_setup_teardown_taskflow.py took 0.134 seconds
[2026-03-13T23:20:13.580+0100] {processor.py:161} INFO - Started process (PID=73792) to work on /Users/harshasogala/financial-data-platform/venv/lib/python3.12/site-packages/airflow/example_dags/example_setup_teardown_taskflow.py
[2026-03-13T23:20:13.581+0100] {processor.py:830} INFO - Processing file /Users/harshasogala/financial-data-platform/venv/lib/python3.12/site-packages/airflow/example_dags/example_setup_teardown_taskflow.py for tasks to queue
[2026-03-13T23:20:13.581+0100] {logging_mixin.py:188} INFO - [2026-03-13T23:20:13.581+0100] {dagbag.py:545} INFO - Filling up the DagBag from /Users/harshasogala/financial-data-platform/venv/lib/python3.12/site-packages/airflow/example_dags/example_setup_teardown_taskflow.py
[2026-03-13T23:20:13.605+0100] {processor.py:840} INFO - DAG(s) 'example_setup_teardown_taskflow' retrieved from /Users/harshasogala/financial-data-platform/venv/lib/python3.12/site-packages/airflow/example_dags/example_setup_teardown_taskflow.py
[2026-03-13T23:20:13.659+0100] {logging_mixin.py:188} INFO - [2026-03-13T23:20:13.659+0100] {dag.py:3089} INFO - Sync 1 DAGs
[2026-03-13T23:20:13.702+0100] {logging_mixin.py:188} INFO - [2026-03-13T23:20:13.702+0100] {dag.py:3947} INFO - Setting next_dagrun for example_setup_teardown_taskflow to 2026-03-12 00:00:00+00:00, run_after=2026-03-13 00:00:00+00:00
[2026-03-13T23:20:13.714+0100] {processor.py:183} INFO - Processing /Users/harshasogala/financial-data-platform/venv/lib/python3.12/site-packages/airflow/example_dags/example_setup_teardown_taskflow.py took 0.135 seconds
[2026-03-13T23:21:28.786+0100] {processor.py:161} INFO - Started process (PID=73876) to work on /Users/harshasogala/financial-data-platform/venv/lib/python3.12/site-packages/airflow/example_dags/example_setup_teardown_taskflow.py
[2026-03-13T23:21:28.787+0100] {processor.py:830} INFO - Processing file /Users/harshasogala/financial-data-platform/venv/lib/python3.12/site-packages/airflow/example_dags/example_setup_teardown_taskflow.py for tasks to queue
[2026-03-13T23:21:28.787+0100] {logging_mixin.py:188} INFO - [2026-03-13T23:21:28.787+0100] {dagbag.py:545} INFO - Filling up the DagBag from /Users/harshasogala/financial-data-platform/venv/lib/python3.12/site-packages/airflow/example_dags/example_setup_teardown_taskflow.py
[2026-03-13T23:21:28.811+0100] {processor.py:840} INFO - DAG(s) 'example_setup_teardown_taskflow' retrieved from /Users/harshasogala/financial-data-platform/venv/lib/python3.12/site-packages/airflow/example_dags/example_setup_teardown_taskflow.py
[2026-03-13T23:21:28.867+0100] {logging_mixin.py:188} INFO - [2026-03-13T23:21:28.866+0100] {dag.py:3089} INFO - Sync 1 DAGs
[2026-03-13T23:21:28.909+0100] {logging_mixin.py:188} INFO - [2026-03-13T23:21:28.909+0100] {dag.py:3947} INFO - Setting next_dagrun for example_setup_teardown_taskflow to 2026-03-12 00:00:00+00:00, run_after=2026-03-13 00:00:00+00:00
[2026-03-13T23:21:28.920+0100] {processor.py:183} INFO - Processing /Users/harshasogala/financial-data-platform/venv/lib/python3.12/site-packages/airflow/example_dags/example_setup_teardown_taskflow.py took 0.137 seconds
[2026-03-13T23:22:41.309+0100] {processor.py:161} INFO - Started process (PID=73933) to work on /Users/harshasogala/financial-data-platform/venv/lib/python3.12/site-packages/airflow/example_dags/example_setup_teardown_taskflow.py
[2026-03-13T23:22:41.311+0100] {processor.py:830} INFO - Processing file /Users/harshasogala/financial-data-platform/venv/lib/python3.12/site-packages/airflow/example_dags/example_setup_teardown_taskflow.py for tasks to queue
[2026-03-13T23:22:41.311+0100] {logging_mixin.py:188} INFO - [2026-03-13T23:22:41.311+0100] {dagbag.py:545} INFO - Filling up the DagBag from /Users/harshasogala/financial-data-platform/venv/lib/python3.12/site-packages/airflow/example_dags/example_setup_teardown_taskflow.py
[2026-03-13T23:22:41.335+0100] {processor.py:840} INFO - DAG(s) 'example_setup_teardown_taskflow' retrieved from /Users/harshasogala/financial-data-platform/venv/lib/python3.12/site-packages/airflow/example_dags/example_setup_teardown_taskflow.py
[2026-03-13T23:22:41.389+0100] {logging_mixin.py:188} INFO - [2026-03-13T23:22:41.389+0100] {dag.py:3089} INFO - Sync 1 DAGs
[2026-03-13T23:22:41.431+0100] {logging_mixin.py:188} INFO - [2026-03-13T23:22:41.431+0100] {dag.py:3947} INFO - Setting next_dagrun for example_setup_teardown_taskflow to 2026-03-12 00:00:00+00:00, run_after=2026-03-13 00:00:00+00:00
[2026-03-13T23:22:41.443+0100] {processor.py:183} INFO - Processing /Users/harshasogala/financial-data-platform/venv/lib/python3.12/site-packages/airflow/example_dags/example_setup_teardown_taskflow.py took 0.135 seconds
[2026-03-13T23:23:56.820+0100] {processor.py:161} INFO - Started process (PID=73997) to work on /Users/harshasogala/financial-data-platform/venv/lib/python3.12/site-packages/airflow/example_dags/example_setup_teardown_taskflow.py
[2026-03-13T23:23:56.821+0100] {processor.py:830} INFO - Processing file /Users/harshasogala/financial-data-platform/venv/lib/python3.12/site-packages/airflow/example_dags/example_setup_teardown_taskflow.py for tasks to queue
[2026-03-13T23:23:56.822+0100] {logging_mixin.py:188} INFO - [2026-03-13T23:23:56.821+0100] {dagbag.py:545} INFO - Filling up the DagBag from /Users/harshasogala/financial-data-platform/venv/lib/python3.12/site-packages/airflow/example_dags/example_setup_teardown_taskflow.py
[2026-03-13T23:23:56.845+0100] {processor.py:840} INFO - DAG(s) 'example_setup_teardown_taskflow' retrieved from /Users/harshasogala/financial-data-platform/venv/lib/python3.12/site-packages/airflow/example_dags/example_setup_teardown_taskflow.py
[2026-03-13T23:23:56.900+0100] {logging_mixin.py:188} INFO - [2026-03-13T23:23:56.900+0100] {dag.py:3089} INFO - Sync 1 DAGs
[2026-03-13T23:23:56.942+0100] {logging_mixin.py:188} INFO - [2026-03-13T23:23:56.942+0100] {dag.py:3947} INFO - Setting next_dagrun for example_setup_teardown_taskflow to 2026-03-12 00:00:00+00:00, run_after=2026-03-13 00:00:00+00:00
[2026-03-13T23:23:56.953+0100] {processor.py:183} INFO - Processing /Users/harshasogala/financial-data-platform/venv/lib/python3.12/site-packages/airflow/example_dags/example_setup_teardown_taskflow.py took 0.135 seconds
[2026-03-13T23:25:13.485+0100] {processor.py:161} INFO - Started process (PID=74057) to work on /Users/harshasogala/financial-data-platform/venv/lib/python3.12/site-packages/airflow/example_dags/example_setup_teardown_taskflow.py
[2026-03-13T23:25:13.486+0100] {processor.py:830} INFO - Processing file /Users/harshasogala/financial-data-platform/venv/lib/python3.12/site-packages/airflow/example_dags/example_setup_teardown_taskflow.py for tasks to queue
[2026-03-13T23:25:13.486+0100] {logging_mixin.py:188} INFO - [2026-03-13T23:25:13.486+0100] {dagbag.py:545} INFO - Filling up the DagBag from /Users/harshasogala/financial-data-platform/venv/lib/python3.12/site-packages/airflow/example_dags/example_setup_teardown_taskflow.py
[2026-03-13T23:25:13.510+0100] {processor.py:840} INFO - DAG(s) 'example_setup_teardown_taskflow' retrieved from /Users/harshasogala/financial-data-platform/venv/lib/python3.12/site-packages/airflow/example_dags/example_setup_teardown_taskflow.py
[2026-03-13T23:25:13.564+0100] {logging_mixin.py:188} INFO - [2026-03-13T23:25:13.563+0100] {dag.py:3089} INFO - Sync 1 DAGs
[2026-03-13T23:25:13.606+0100] {logging_mixin.py:188} INFO - [2026-03-13T23:25:13.606+0100] {dag.py:3947} INFO - Setting next_dagrun for example_setup_teardown_taskflow to 2026-03-12 00:00:00+00:00, run_after=2026-03-13 00:00:00+00:00
[2026-03-13T23:25:13.616+0100] {processor.py:183} INFO - Processing /Users/harshasogala/financial-data-platform/venv/lib/python3.12/site-packages/airflow/example_dags/example_setup_teardown_taskflow.py took 0.133 seconds
[2026-03-13T23:26:30.096+0100] {processor.py:161} INFO - Started process (PID=74115) to work on /Users/harshasogala/financial-data-platform/venv/lib/python3.12/site-packages/airflow/example_dags/example_setup_teardown_taskflow.py
[2026-03-13T23:26:30.098+0100] {processor.py:830} INFO - Processing file /Users/harshasogala/financial-data-platform/venv/lib/python3.12/site-packages/airflow/example_dags/example_setup_teardown_taskflow.py for tasks to queue
[2026-03-13T23:26:30.098+0100] {logging_mixin.py:188} INFO - [2026-03-13T23:26:30.098+0100] {dagbag.py:545} INFO - Filling up the DagBag from /Users/harshasogala/financial-data-platform/venv/lib/python3.12/site-packages/airflow/example_dags/example_setup_teardown_taskflow.py
[2026-03-13T23:26:30.122+0100] {processor.py:840} INFO - DAG(s) 'example_setup_teardown_taskflow' retrieved from /Users/harshasogala/financial-data-platform/venv/lib/python3.12/site-packages/airflow/example_dags/example_setup_teardown_taskflow.py
[2026-03-13T23:26:30.177+0100] {logging_mixin.py:188} INFO - [2026-03-13T23:26:30.177+0100] {dag.py:3089} INFO - Sync 1 DAGs
[2026-03-13T23:26:30.220+0100] {logging_mixin.py:188} INFO - [2026-03-13T23:26:30.220+0100] {dag.py:3947} INFO - Setting next_dagrun for example_setup_teardown_taskflow to 2026-03-12 00:00:00+00:00, run_after=2026-03-13 00:00:00+00:00
[2026-03-13T23:26:30.231+0100] {processor.py:183} INFO - Processing /Users/harshasogala/financial-data-platform/venv/lib/python3.12/site-packages/airflow/example_dags/example_setup_teardown_taskflow.py took 0.137 seconds
[2026-03-13T23:27:48.469+0100] {processor.py:161} INFO - Started process (PID=74212) to work on /Users/harshasogala/financial-data-platform/venv/lib/python3.12/site-packages/airflow/example_dags/example_setup_teardown_taskflow.py
[2026-03-13T23:27:48.470+0100] {processor.py:830} INFO - Processing file /Users/harshasogala/financial-data-platform/venv/lib/python3.12/site-packages/airflow/example_dags/example_setup_teardown_taskflow.py for tasks to queue
[2026-03-13T23:27:48.470+0100] {logging_mixin.py:188} INFO - [2026-03-13T23:27:48.470+0100] {dagbag.py:545} INFO - Filling up the DagBag from /Users/harshasogala/financial-data-platform/venv/lib/python3.12/site-packages/airflow/example_dags/example_setup_teardown_taskflow.py
[2026-03-13T23:27:48.496+0100] {processor.py:840} INFO - DAG(s) 'example_setup_teardown_taskflow' retrieved from /Users/harshasogala/financial-data-platform/venv/lib/python3.12/site-packages/airflow/example_dags/example_setup_teardown_taskflow.py
[2026-03-13T23:27:48.553+0100] {logging_mixin.py:188} INFO - [2026-03-13T23:27:48.553+0100] {dag.py:3089} INFO - Sync 1 DAGs
[2026-03-13T23:27:48.600+0100] {logging_mixin.py:188} INFO - [2026-03-13T23:27:48.600+0100] {dag.py:3947} INFO - Setting next_dagrun for example_setup_teardown_taskflow to 2026-03-12 00:00:00+00:00, run_after=2026-03-13 00:00:00+00:00
[2026-03-13T23:27:48.612+0100] {processor.py:183} INFO - Processing /Users/harshasogala/financial-data-platform/venv/lib/python3.12/site-packages/airflow/example_dags/example_setup_teardown_taskflow.py took 0.146 seconds
[2026-03-13T23:29:06.182+0100] {processor.py:161} INFO - Started process (PID=74279) to work on /Users/harshasogala/financial-data-platform/venv/lib/python3.12/site-packages/airflow/example_dags/example_setup_teardown_taskflow.py
[2026-03-13T23:29:06.183+0100] {processor.py:830} INFO - Processing file /Users/harshasogala/financial-data-platform/venv/lib/python3.12/site-packages/airflow/example_dags/example_setup_teardown_taskflow.py for tasks to queue
[2026-03-13T23:29:06.184+0100] {logging_mixin.py:188} INFO - [2026-03-13T23:29:06.184+0100] {dagbag.py:545} INFO - Filling up the DagBag from /Users/harshasogala/financial-data-platform/venv/lib/python3.12/site-packages/airflow/example_dags/example_setup_teardown_taskflow.py
[2026-03-13T23:29:06.207+0100] {processor.py:840} INFO - DAG(s) 'example_setup_teardown_taskflow' retrieved from /Users/harshasogala/financial-data-platform/venv/lib/python3.12/site-packages/airflow/example_dags/example_setup_teardown_taskflow.py
[2026-03-13T23:29:06.262+0100] {logging_mixin.py:188} INFO - [2026-03-13T23:29:06.262+0100] {dag.py:3089} INFO - Sync 1 DAGs
[2026-03-13T23:29:06.307+0100] {logging_mixin.py:188} INFO - [2026-03-13T23:29:06.307+0100] {dag.py:3947} INFO - Setting next_dagrun for example_setup_teardown_taskflow to 2026-03-12 00:00:00+00:00, run_after=2026-03-13 00:00:00+00:00
[2026-03-13T23:29:06.318+0100] {processor.py:183} INFO - Processing /Users/harshasogala/financial-data-platform/venv/lib/python3.12/site-packages/airflow/example_dags/example_setup_teardown_taskflow.py took 0.137 seconds
[2026-03-13T23:30:21.368+0100] {processor.py:161} INFO - Started process (PID=74368) to work on /Users/harshasogala/financial-data-platform/venv/lib/python3.12/site-packages/airflow/example_dags/example_setup_teardown_taskflow.py
[2026-03-13T23:30:21.369+0100] {processor.py:830} INFO - Processing file /Users/harshasogala/financial-data-platform/venv/lib/python3.12/site-packages/airflow/example_dags/example_setup_teardown_taskflow.py for tasks to queue
[2026-03-13T23:30:21.369+0100] {logging_mixin.py:188} INFO - [2026-03-13T23:30:21.369+0100] {dagbag.py:545} INFO - Filling up the DagBag from /Users/harshasogala/financial-data-platform/venv/lib/python3.12/site-packages/airflow/example_dags/example_setup_teardown_taskflow.py
[2026-03-13T23:30:21.393+0100] {processor.py:840} INFO - DAG(s) 'example_setup_teardown_taskflow' retrieved from /Users/harshasogala/financial-data-platform/venv/lib/python3.12/site-packages/airflow/example_dags/example_setup_teardown_taskflow.py
[2026-03-13T23:30:21.450+0100] {logging_mixin.py:188} INFO - [2026-03-13T23:30:21.449+0100] {dag.py:3089} INFO - Sync 1 DAGs
[2026-03-13T23:30:21.495+0100] {logging_mixin.py:188} INFO - [2026-03-13T23:30:21.495+0100] {dag.py:3947} INFO - Setting next_dagrun for example_setup_teardown_taskflow to 2026-03-12 00:00:00+00:00, run_after=2026-03-13 00:00:00+00:00
[2026-03-13T23:30:21.505+0100] {processor.py:183} INFO - Processing /Users/harshasogala/financial-data-platform/venv/lib/python3.12/site-packages/airflow/example_dags/example_setup_teardown_taskflow.py took 0.139 seconds
[2026-03-13T23:31:39.480+0100] {processor.py:161} INFO - Started process (PID=74798) to work on /Users/harshasogala/financial-data-platform/venv/lib/python3.12/site-packages/airflow/example_dags/example_setup_teardown_taskflow.py
[2026-03-13T23:31:39.482+0100] {processor.py:830} INFO - Processing file /Users/harshasogala/financial-data-platform/venv/lib/python3.12/site-packages/airflow/example_dags/example_setup_teardown_taskflow.py for tasks to queue
[2026-03-13T23:31:39.482+0100] {logging_mixin.py:188} INFO - [2026-03-13T23:31:39.482+0100] {dagbag.py:545} INFO - Filling up the DagBag from /Users/harshasogala/financial-data-platform/venv/lib/python3.12/site-packages/airflow/example_dags/example_setup_teardown_taskflow.py
[2026-03-13T23:31:39.507+0100] {processor.py:840} INFO - DAG(s) 'example_setup_teardown_taskflow' retrieved from /Users/harshasogala/financial-data-platform/venv/lib/python3.12/site-packages/airflow/example_dags/example_setup_teardown_taskflow.py
[2026-03-13T23:31:39.564+0100] {logging_mixin.py:188} INFO - [2026-03-13T23:31:39.564+0100] {dag.py:3089} INFO - Sync 1 DAGs
[2026-03-13T23:31:39.612+0100] {logging_mixin.py:188} INFO - [2026-03-13T23:31:39.612+0100] {dag.py:3947} INFO - Setting next_dagrun for example_setup_teardown_taskflow to 2026-03-12 00:00:00+00:00, run_after=2026-03-13 00:00:00+00:00
[2026-03-13T23:31:39.623+0100] {processor.py:183} INFO - Processing /Users/harshasogala/financial-data-platform/venv/lib/python3.12/site-packages/airflow/example_dags/example_setup_teardown_taskflow.py took 0.145 seconds
[2026-03-13T23:32:56.680+0100] {processor.py:161} INFO - Started process (PID=74979) to work on /Users/harshasogala/financial-data-platform/venv/lib/python3.12/site-packages/airflow/example_dags/example_setup_teardown_taskflow.py
[2026-03-13T23:32:56.681+0100] {processor.py:830} INFO - Processing file /Users/harshasogala/financial-data-platform/venv/lib/python3.12/site-packages/airflow/example_dags/example_setup_teardown_taskflow.py for tasks to queue
[2026-03-13T23:32:56.681+0100] {logging_mixin.py:188} INFO - [2026-03-13T23:32:56.681+0100] {dagbag.py:545} INFO - Filling up the DagBag from /Users/harshasogala/financial-data-platform/venv/lib/python3.12/site-packages/airflow/example_dags/example_setup_teardown_taskflow.py
[2026-03-13T23:32:56.705+0100] {processor.py:840} INFO - DAG(s) 'example_setup_teardown_taskflow' retrieved from /Users/harshasogala/financial-data-platform/venv/lib/python3.12/site-packages/airflow/example_dags/example_setup_teardown_taskflow.py
[2026-03-13T23:32:56.758+0100] {logging_mixin.py:188} INFO - [2026-03-13T23:32:56.758+0100] {dag.py:3089} INFO - Sync 1 DAGs
[2026-03-13T23:32:56.800+0100] {logging_mixin.py:188} INFO - [2026-03-13T23:32:56.800+0100] {dag.py:3947} INFO - Setting next_dagrun for example_setup_teardown_taskflow to 2026-03-12 00:00:00+00:00, run_after=2026-03-13 00:00:00+00:00
[2026-03-13T23:32:56.812+0100] {processor.py:183} INFO - Processing /Users/harshasogala/financial-data-platform/venv/lib/python3.12/site-packages/airflow/example_dags/example_setup_teardown_taskflow.py took 0.134 seconds
