[2026-03-13T22:18:37.807+0100] {processor.py:161} INFO - Started process (PID=66017) to work on /Users/harshasogala/financial-data-platform/venv/lib/python3.12/site-packages/airflow/example_dags/example_python_decorator.py
[2026-03-13T22:18:37.807+0100] {processor.py:830} INFO - Processing file /Users/harshasogala/financial-data-platform/venv/lib/python3.12/site-packages/airflow/example_dags/example_python_decorator.py for tasks to queue
[2026-03-13T22:18:37.808+0100] {logging_mixin.py:188} INFO - [2026-03-13T22:18:37.808+0100] {dagbag.py:545} INFO - Filling up the DagBag from /Users/harshasogala/financial-data-platform/venv/lib/python3.12/site-packages/airflow/example_dags/example_python_decorator.py
[2026-03-13T22:18:37.831+0100] {logging_mixin.py:188} INFO - [2026-03-13T22:18:37.831+0100] {example_python_decorator.py:80} WARNING - The virtalenv_python example task requires virtualenv, please install it.
[2026-03-13T22:18:37.832+0100] {processor.py:840} INFO - DAG(s) 'example_python_decorator' retrieved from /Users/harshasogala/financial-data-platform/venv/lib/python3.12/site-packages/airflow/example_dags/example_python_decorator.py
[2026-03-13T22:18:37.932+0100] {logging_mixin.py:188} INFO - [2026-03-13T22:18:37.932+0100] {override.py:1858} INFO - Created Permission View: can read on DAG:example_python_decorator
[2026-03-13T22:18:37.937+0100] {logging_mixin.py:188} INFO - [2026-03-13T22:18:37.936+0100] {override.py:1858} INFO - Created Permission View: can edit on DAG:example_python_decorator
[2026-03-13T22:18:37.940+0100] {logging_mixin.py:188} INFO - [2026-03-13T22:18:37.940+0100] {override.py:1858} INFO - Created Permission View: can delete on DAG:example_python_decorator
[2026-03-13T22:18:37.940+0100] {logging_mixin.py:188} INFO - [2026-03-13T22:18:37.940+0100] {dag.py:3089} INFO - Sync 1 DAGs
[2026-03-13T22:18:37.945+0100] {logging_mixin.py:188} INFO - [2026-03-13T22:18:37.945+0100] {dag.py:3111} INFO - Creating ORM DAG for example_python_decorator
[2026-03-13T22:18:37.946+0100] {logging_mixin.py:188} INFO - [2026-03-13T22:18:37.946+0100] {dag.py:3947} INFO - Setting next_dagrun for example_python_decorator to None, run_after=None
[2026-03-13T22:18:37.957+0100] {processor.py:183} INFO - Processing /Users/harshasogala/financial-data-platform/venv/lib/python3.12/site-packages/airflow/example_dags/example_python_decorator.py took 0.152 seconds
[2026-03-13T22:20:26.015+0100] {processor.py:161} INFO - Started process (PID=66091) to work on /Users/harshasogala/financial-data-platform/venv/lib/python3.12/site-packages/airflow/example_dags/example_python_decorator.py
[2026-03-13T22:20:26.016+0100] {processor.py:830} INFO - Processing file /Users/harshasogala/financial-data-platform/venv/lib/python3.12/site-packages/airflow/example_dags/example_python_decorator.py for tasks to queue
[2026-03-13T22:20:26.017+0100] {logging_mixin.py:188} INFO - [2026-03-13T22:20:26.017+0100] {dagbag.py:545} INFO - Filling up the DagBag from /Users/harshasogala/financial-data-platform/venv/lib/python3.12/site-packages/airflow/example_dags/example_python_decorator.py
[2026-03-13T22:20:26.039+0100] {logging_mixin.py:188} INFO - [2026-03-13T22:20:26.039+0100] {example_python_decorator.py:80} WARNING - The virtalenv_python example task requires virtualenv, please install it.
[2026-03-13T22:20:26.041+0100] {processor.py:840} INFO - DAG(s) 'example_python_decorator' retrieved from /Users/harshasogala/financial-data-platform/venv/lib/python3.12/site-packages/airflow/example_dags/example_python_decorator.py
[2026-03-13T22:20:26.095+0100] {logging_mixin.py:188} INFO - [2026-03-13T22:20:26.095+0100] {dag.py:3089} INFO - Sync 1 DAGs
[2026-03-13T22:20:26.101+0100] {logging_mixin.py:188} INFO - [2026-03-13T22:20:26.100+0100] {dag.py:3947} INFO - Setting next_dagrun for example_python_decorator to None, run_after=None
[2026-03-13T22:20:26.111+0100] {processor.py:183} INFO - Processing /Users/harshasogala/financial-data-platform/venv/lib/python3.12/site-packages/airflow/example_dags/example_python_decorator.py took 0.098 seconds
[2026-03-13T22:28:28.950+0100] {processor.py:161} INFO - Started process (PID=67333) to work on /Users/harshasogala/financial-data-platform/venv/lib/python3.12/site-packages/airflow/example_dags/example_python_decorator.py
[2026-03-13T22:28:28.951+0100] {processor.py:830} INFO - Processing file /Users/harshasogala/financial-data-platform/venv/lib/python3.12/site-packages/airflow/example_dags/example_python_decorator.py for tasks to queue
[2026-03-13T22:28:28.952+0100] {logging_mixin.py:188} INFO - [2026-03-13T22:28:28.952+0100] {dagbag.py:545} INFO - Filling up the DagBag from /Users/harshasogala/financial-data-platform/venv/lib/python3.12/site-packages/airflow/example_dags/example_python_decorator.py
[2026-03-13T22:28:28.975+0100] {logging_mixin.py:188} INFO - [2026-03-13T22:28:28.975+0100] {example_python_decorator.py:80} WARNING - The virtalenv_python example task requires virtualenv, please install it.
[2026-03-13T22:28:28.976+0100] {processor.py:840} INFO - DAG(s) 'example_python_decorator' retrieved from /Users/harshasogala/financial-data-platform/venv/lib/python3.12/site-packages/airflow/example_dags/example_python_decorator.py
[2026-03-13T22:28:29.032+0100] {logging_mixin.py:188} INFO - [2026-03-13T22:28:29.032+0100] {dag.py:3089} INFO - Sync 1 DAGs
[2026-03-13T22:28:29.038+0100] {logging_mixin.py:188} INFO - [2026-03-13T22:28:29.037+0100] {dag.py:3947} INFO - Setting next_dagrun for example_python_decorator to None, run_after=None
[2026-03-13T22:28:29.049+0100] {processor.py:183} INFO - Processing /Users/harshasogala/financial-data-platform/venv/lib/python3.12/site-packages/airflow/example_dags/example_python_decorator.py took 0.100 seconds
[2026-03-13T22:29:34.476+0100] {processor.py:161} INFO - Started process (PID=67388) to work on /Users/harshasogala/financial-data-platform/venv/lib/python3.12/site-packages/airflow/example_dags/example_python_decorator.py
[2026-03-13T22:29:34.478+0100] {processor.py:830} INFO - Processing file /Users/harshasogala/financial-data-platform/venv/lib/python3.12/site-packages/airflow/example_dags/example_python_decorator.py for tasks to queue
[2026-03-13T22:29:34.478+0100] {logging_mixin.py:188} INFO - [2026-03-13T22:29:34.478+0100] {dagbag.py:545} INFO - Filling up the DagBag from /Users/harshasogala/financial-data-platform/venv/lib/python3.12/site-packages/airflow/example_dags/example_python_decorator.py
[2026-03-13T22:29:34.501+0100] {logging_mixin.py:188} INFO - [2026-03-13T22:29:34.501+0100] {example_python_decorator.py:80} WARNING - The virtalenv_python example task requires virtualenv, please install it.
[2026-03-13T22:29:34.502+0100] {processor.py:840} INFO - DAG(s) 'example_python_decorator' retrieved from /Users/harshasogala/financial-data-platform/venv/lib/python3.12/site-packages/airflow/example_dags/example_python_decorator.py
[2026-03-13T22:29:34.558+0100] {logging_mixin.py:188} INFO - [2026-03-13T22:29:34.557+0100] {dag.py:3089} INFO - Sync 1 DAGs
[2026-03-13T22:29:34.563+0100] {logging_mixin.py:188} INFO - [2026-03-13T22:29:34.563+0100] {dag.py:3947} INFO - Setting next_dagrun for example_python_decorator to None, run_after=None
[2026-03-13T22:29:34.574+0100] {processor.py:183} INFO - Processing /Users/harshasogala/financial-data-platform/venv/lib/python3.12/site-packages/airflow/example_dags/example_python_decorator.py took 0.100 seconds
[2026-03-13T22:30:41.852+0100] {processor.py:161} INFO - Started process (PID=67526) to work on /Users/harshasogala/financial-data-platform/venv/lib/python3.12/site-packages/airflow/example_dags/example_python_decorator.py
[2026-03-13T22:30:41.853+0100] {processor.py:830} INFO - Processing file /Users/harshasogala/financial-data-platform/venv/lib/python3.12/site-packages/airflow/example_dags/example_python_decorator.py for tasks to queue
[2026-03-13T22:30:41.853+0100] {logging_mixin.py:188} INFO - [2026-03-13T22:30:41.853+0100] {dagbag.py:545} INFO - Filling up the DagBag from /Users/harshasogala/financial-data-platform/venv/lib/python3.12/site-packages/airflow/example_dags/example_python_decorator.py
[2026-03-13T22:30:41.876+0100] {logging_mixin.py:188} INFO - [2026-03-13T22:30:41.876+0100] {example_python_decorator.py:80} WARNING - The virtalenv_python example task requires virtualenv, please install it.
[2026-03-13T22:30:41.877+0100] {processor.py:840} INFO - DAG(s) 'example_python_decorator' retrieved from /Users/harshasogala/financial-data-platform/venv/lib/python3.12/site-packages/airflow/example_dags/example_python_decorator.py
[2026-03-13T22:30:41.932+0100] {logging_mixin.py:188} INFO - [2026-03-13T22:30:41.932+0100] {dag.py:3089} INFO - Sync 1 DAGs
[2026-03-13T22:30:41.937+0100] {logging_mixin.py:188} INFO - [2026-03-13T22:30:41.937+0100] {dag.py:3947} INFO - Setting next_dagrun for example_python_decorator to None, run_after=None
[2026-03-13T22:30:41.948+0100] {processor.py:183} INFO - Processing /Users/harshasogala/financial-data-platform/venv/lib/python3.12/site-packages/airflow/example_dags/example_python_decorator.py took 0.098 seconds
[2026-03-13T22:32:03.253+0100] {processor.py:161} INFO - Started process (PID=68418) to work on /Users/harshasogala/financial-data-platform/venv/lib/python3.12/site-packages/airflow/example_dags/example_python_decorator.py
[2026-03-13T22:32:03.254+0100] {processor.py:830} INFO - Processing file /Users/harshasogala/financial-data-platform/venv/lib/python3.12/site-packages/airflow/example_dags/example_python_decorator.py for tasks to queue
[2026-03-13T22:32:03.255+0100] {logging_mixin.py:188} INFO - [2026-03-13T22:32:03.255+0100] {dagbag.py:545} INFO - Filling up the DagBag from /Users/harshasogala/financial-data-platform/venv/lib/python3.12/site-packages/airflow/example_dags/example_python_decorator.py
[2026-03-13T22:32:03.278+0100] {logging_mixin.py:188} INFO - [2026-03-13T22:32:03.278+0100] {example_python_decorator.py:80} WARNING - The virtalenv_python example task requires virtualenv, please install it.
[2026-03-13T22:32:03.279+0100] {processor.py:840} INFO - DAG(s) 'example_python_decorator' retrieved from /Users/harshasogala/financial-data-platform/venv/lib/python3.12/site-packages/airflow/example_dags/example_python_decorator.py
[2026-03-13T22:32:03.366+0100] {logging_mixin.py:188} INFO - [2026-03-13T22:32:03.332+0100] {dag.py:3089} INFO - Sync 1 DAGs
[2026-03-13T22:32:03.371+0100] {logging_mixin.py:188} INFO - [2026-03-13T22:32:03.371+0100] {dag.py:3947} INFO - Setting next_dagrun for example_python_decorator to None, run_after=None
[2026-03-13T22:32:03.382+0100] {processor.py:183} INFO - Processing /Users/harshasogala/financial-data-platform/venv/lib/python3.12/site-packages/airflow/example_dags/example_python_decorator.py took 0.131 seconds
[2026-03-13T22:33:24.813+0100] {processor.py:161} INFO - Started process (PID=69023) to work on /Users/harshasogala/financial-data-platform/venv/lib/python3.12/site-packages/airflow/example_dags/example_python_decorator.py
[2026-03-13T22:33:24.814+0100] {processor.py:830} INFO - Processing file /Users/harshasogala/financial-data-platform/venv/lib/python3.12/site-packages/airflow/example_dags/example_python_decorator.py for tasks to queue
[2026-03-13T22:33:24.815+0100] {logging_mixin.py:188} INFO - [2026-03-13T22:33:24.815+0100] {dagbag.py:545} INFO - Filling up the DagBag from /Users/harshasogala/financial-data-platform/venv/lib/python3.12/site-packages/airflow/example_dags/example_python_decorator.py
[2026-03-13T22:33:24.847+0100] {logging_mixin.py:188} INFO - [2026-03-13T22:33:24.847+0100] {example_python_decorator.py:80} WARNING - The virtalenv_python example task requires virtualenv, please install it.
[2026-03-13T22:33:24.849+0100] {processor.py:840} INFO - DAG(s) 'example_python_decorator' retrieved from /Users/harshasogala/financial-data-platform/venv/lib/python3.12/site-packages/airflow/example_dags/example_python_decorator.py
[2026-03-13T22:33:24.960+0100] {logging_mixin.py:188} INFO - [2026-03-13T22:33:24.920+0100] {dag.py:3089} INFO - Sync 1 DAGs
[2026-03-13T22:33:24.966+0100] {logging_mixin.py:188} INFO - [2026-03-13T22:33:24.966+0100] {dag.py:3947} INFO - Setting next_dagrun for example_python_decorator to None, run_after=None
[2026-03-13T22:33:24.979+0100] {processor.py:183} INFO - Processing /Users/harshasogala/financial-data-platform/venv/lib/python3.12/site-packages/airflow/example_dags/example_python_decorator.py took 0.169 seconds
[2026-03-13T22:34:45.021+0100] {processor.py:161} INFO - Started process (PID=69204) to work on /Users/harshasogala/financial-data-platform/venv/lib/python3.12/site-packages/airflow/example_dags/example_python_decorator.py
[2026-03-13T22:34:45.022+0100] {processor.py:830} INFO - Processing file /Users/harshasogala/financial-data-platform/venv/lib/python3.12/site-packages/airflow/example_dags/example_python_decorator.py for tasks to queue
[2026-03-13T22:34:45.022+0100] {logging_mixin.py:188} INFO - [2026-03-13T22:34:45.022+0100] {dagbag.py:545} INFO - Filling up the DagBag from /Users/harshasogala/financial-data-platform/venv/lib/python3.12/site-packages/airflow/example_dags/example_python_decorator.py
[2026-03-13T22:34:45.045+0100] {logging_mixin.py:188} INFO - [2026-03-13T22:34:45.045+0100] {example_python_decorator.py:80} WARNING - The virtalenv_python example task requires virtualenv, please install it.
[2026-03-13T22:34:45.046+0100] {processor.py:840} INFO - DAG(s) 'example_python_decorator' retrieved from /Users/harshasogala/financial-data-platform/venv/lib/python3.12/site-packages/airflow/example_dags/example_python_decorator.py
[2026-03-13T22:34:45.136+0100] {logging_mixin.py:188} INFO - [2026-03-13T22:34:45.101+0100] {dag.py:3089} INFO - Sync 1 DAGs
[2026-03-13T22:34:45.141+0100] {logging_mixin.py:188} INFO - [2026-03-13T22:34:45.141+0100] {dag.py:3947} INFO - Setting next_dagrun for example_python_decorator to None, run_after=None
[2026-03-13T22:34:45.153+0100] {processor.py:183} INFO - Processing /Users/harshasogala/financial-data-platform/venv/lib/python3.12/site-packages/airflow/example_dags/example_python_decorator.py took 0.133 seconds
[2026-03-13T22:36:00.757+0100] {processor.py:161} INFO - Started process (PID=69283) to work on /Users/harshasogala/financial-data-platform/venv/lib/python3.12/site-packages/airflow/example_dags/example_python_decorator.py
[2026-03-13T22:36:00.759+0100] {processor.py:830} INFO - Processing file /Users/harshasogala/financial-data-platform/venv/lib/python3.12/site-packages/airflow/example_dags/example_python_decorator.py for tasks to queue
[2026-03-13T22:36:00.759+0100] {logging_mixin.py:188} INFO - [2026-03-13T22:36:00.759+0100] {dagbag.py:545} INFO - Filling up the DagBag from /Users/harshasogala/financial-data-platform/venv/lib/python3.12/site-packages/airflow/example_dags/example_python_decorator.py
[2026-03-13T22:36:00.783+0100] {logging_mixin.py:188} INFO - [2026-03-13T22:36:00.783+0100] {example_python_decorator.py:80} WARNING - The virtalenv_python example task requires virtualenv, please install it.
[2026-03-13T22:36:00.785+0100] {processor.py:840} INFO - DAG(s) 'example_python_decorator' retrieved from /Users/harshasogala/financial-data-platform/venv/lib/python3.12/site-packages/airflow/example_dags/example_python_decorator.py
[2026-03-13T22:36:00.882+0100] {logging_mixin.py:188} INFO - [2026-03-13T22:36:00.842+0100] {dag.py:3089} INFO - Sync 1 DAGs
[2026-03-13T22:36:00.890+0100] {logging_mixin.py:188} INFO - [2026-03-13T22:36:00.890+0100] {dag.py:3947} INFO - Setting next_dagrun for example_python_decorator to None, run_after=None
[2026-03-13T22:36:00.914+0100] {processor.py:183} INFO - Processing /Users/harshasogala/financial-data-platform/venv/lib/python3.12/site-packages/airflow/example_dags/example_python_decorator.py took 0.158 seconds
[2026-03-13T22:37:14.651+0100] {processor.py:161} INFO - Started process (PID=69341) to work on /Users/harshasogala/financial-data-platform/venv/lib/python3.12/site-packages/airflow/example_dags/example_python_decorator.py
[2026-03-13T22:37:14.652+0100] {processor.py:830} INFO - Processing file /Users/harshasogala/financial-data-platform/venv/lib/python3.12/site-packages/airflow/example_dags/example_python_decorator.py for tasks to queue
[2026-03-13T22:37:14.653+0100] {logging_mixin.py:188} INFO - [2026-03-13T22:37:14.652+0100] {dagbag.py:545} INFO - Filling up the DagBag from /Users/harshasogala/financial-data-platform/venv/lib/python3.12/site-packages/airflow/example_dags/example_python_decorator.py
[2026-03-13T22:37:14.675+0100] {logging_mixin.py:188} INFO - [2026-03-13T22:37:14.675+0100] {example_python_decorator.py:80} WARNING - The virtalenv_python example task requires virtualenv, please install it.
[2026-03-13T22:37:14.677+0100] {processor.py:840} INFO - DAG(s) 'example_python_decorator' retrieved from /Users/harshasogala/financial-data-platform/venv/lib/python3.12/site-packages/airflow/example_dags/example_python_decorator.py
[2026-03-13T22:37:14.765+0100] {logging_mixin.py:188} INFO - [2026-03-13T22:37:14.731+0100] {dag.py:3089} INFO - Sync 1 DAGs
[2026-03-13T22:37:14.770+0100] {logging_mixin.py:188} INFO - [2026-03-13T22:37:14.770+0100] {dag.py:3947} INFO - Setting next_dagrun for example_python_decorator to None, run_after=None
[2026-03-13T22:37:14.781+0100] {processor.py:183} INFO - Processing /Users/harshasogala/financial-data-platform/venv/lib/python3.12/site-packages/airflow/example_dags/example_python_decorator.py took 0.132 seconds
[2026-03-13T22:38:28.962+0100] {processor.py:161} INFO - Started process (PID=69402) to work on /Users/harshasogala/financial-data-platform/venv/lib/python3.12/site-packages/airflow/example_dags/example_python_decorator.py
[2026-03-13T22:38:28.963+0100] {processor.py:830} INFO - Processing file /Users/harshasogala/financial-data-platform/venv/lib/python3.12/site-packages/airflow/example_dags/example_python_decorator.py for tasks to queue
[2026-03-13T22:38:28.964+0100] {logging_mixin.py:188} INFO - [2026-03-13T22:38:28.963+0100] {dagbag.py:545} INFO - Filling up the DagBag from /Users/harshasogala/financial-data-platform/venv/lib/python3.12/site-packages/airflow/example_dags/example_python_decorator.py
[2026-03-13T22:38:28.986+0100] {logging_mixin.py:188} INFO - [2026-03-13T22:38:28.986+0100] {example_python_decorator.py:80} WARNING - The virtalenv_python example task requires virtualenv, please install it.
[2026-03-13T22:38:28.988+0100] {processor.py:840} INFO - DAG(s) 'example_python_decorator' retrieved from /Users/harshasogala/financial-data-platform/venv/lib/python3.12/site-packages/airflow/example_dags/example_python_decorator.py
[2026-03-13T22:38:29.076+0100] {logging_mixin.py:188} INFO - [2026-03-13T22:38:29.042+0100] {dag.py:3089} INFO - Sync 1 DAGs
[2026-03-13T22:38:29.082+0100] {logging_mixin.py:188} INFO - [2026-03-13T22:38:29.082+0100] {dag.py:3947} INFO - Setting next_dagrun for example_python_decorator to None, run_after=None
[2026-03-13T22:38:29.093+0100] {processor.py:183} INFO - Processing /Users/harshasogala/financial-data-platform/venv/lib/python3.12/site-packages/airflow/example_dags/example_python_decorator.py took 0.133 seconds
[2026-03-13T22:39:42.690+0100] {processor.py:161} INFO - Started process (PID=69467) to work on /Users/harshasogala/financial-data-platform/venv/lib/python3.12/site-packages/airflow/example_dags/example_python_decorator.py
[2026-03-13T22:39:42.691+0100] {processor.py:830} INFO - Processing file /Users/harshasogala/financial-data-platform/venv/lib/python3.12/site-packages/airflow/example_dags/example_python_decorator.py for tasks to queue
[2026-03-13T22:39:42.691+0100] {logging_mixin.py:188} INFO - [2026-03-13T22:39:42.691+0100] {dagbag.py:545} INFO - Filling up the DagBag from /Users/harshasogala/financial-data-platform/venv/lib/python3.12/site-packages/airflow/example_dags/example_python_decorator.py
[2026-03-13T22:39:42.714+0100] {logging_mixin.py:188} INFO - [2026-03-13T22:39:42.713+0100] {example_python_decorator.py:80} WARNING - The virtalenv_python example task requires virtualenv, please install it.
[2026-03-13T22:39:42.715+0100] {processor.py:840} INFO - DAG(s) 'example_python_decorator' retrieved from /Users/harshasogala/financial-data-platform/venv/lib/python3.12/site-packages/airflow/example_dags/example_python_decorator.py
[2026-03-13T22:39:42.807+0100] {logging_mixin.py:188} INFO - [2026-03-13T22:39:42.773+0100] {dag.py:3089} INFO - Sync 1 DAGs
[2026-03-13T22:39:42.813+0100] {logging_mixin.py:188} INFO - [2026-03-13T22:39:42.813+0100] {dag.py:3947} INFO - Setting next_dagrun for example_python_decorator to None, run_after=None
[2026-03-13T22:39:42.825+0100] {processor.py:183} INFO - Processing /Users/harshasogala/financial-data-platform/venv/lib/python3.12/site-packages/airflow/example_dags/example_python_decorator.py took 0.137 seconds
[2026-03-13T22:41:06.407+0100] {processor.py:161} INFO - Started process (PID=69689) to work on /Users/harshasogala/financial-data-platform/venv/lib/python3.12/site-packages/airflow/example_dags/example_python_decorator.py
[2026-03-13T22:41:06.408+0100] {processor.py:830} INFO - Processing file /Users/harshasogala/financial-data-platform/venv/lib/python3.12/site-packages/airflow/example_dags/example_python_decorator.py for tasks to queue
[2026-03-13T22:41:06.408+0100] {logging_mixin.py:188} INFO - [2026-03-13T22:41:06.408+0100] {dagbag.py:545} INFO - Filling up the DagBag from /Users/harshasogala/financial-data-platform/venv/lib/python3.12/site-packages/airflow/example_dags/example_python_decorator.py
[2026-03-13T22:41:06.431+0100] {logging_mixin.py:188} INFO - [2026-03-13T22:41:06.430+0100] {example_python_decorator.py:80} WARNING - The virtalenv_python example task requires virtualenv, please install it.
[2026-03-13T22:41:06.432+0100] {processor.py:840} INFO - DAG(s) 'example_python_decorator' retrieved from /Users/harshasogala/financial-data-platform/venv/lib/python3.12/site-packages/airflow/example_dags/example_python_decorator.py
[2026-03-13T22:41:06.519+0100] {logging_mixin.py:188} INFO - [2026-03-13T22:41:06.485+0100] {dag.py:3089} INFO - Sync 1 DAGs
[2026-03-13T22:41:06.524+0100] {logging_mixin.py:188} INFO - [2026-03-13T22:41:06.524+0100] {dag.py:3947} INFO - Setting next_dagrun for example_python_decorator to None, run_after=None
[2026-03-13T22:41:06.535+0100] {processor.py:183} INFO - Processing /Users/harshasogala/financial-data-platform/venv/lib/python3.12/site-packages/airflow/example_dags/example_python_decorator.py took 0.130 seconds
[2026-03-13T22:42:24.590+0100] {processor.py:161} INFO - Started process (PID=69748) to work on /Users/harshasogala/financial-data-platform/venv/lib/python3.12/site-packages/airflow/example_dags/example_python_decorator.py
[2026-03-13T22:42:24.591+0100] {processor.py:830} INFO - Processing file /Users/harshasogala/financial-data-platform/venv/lib/python3.12/site-packages/airflow/example_dags/example_python_decorator.py for tasks to queue
[2026-03-13T22:42:24.592+0100] {logging_mixin.py:188} INFO - [2026-03-13T22:42:24.591+0100] {dagbag.py:545} INFO - Filling up the DagBag from /Users/harshasogala/financial-data-platform/venv/lib/python3.12/site-packages/airflow/example_dags/example_python_decorator.py
[2026-03-13T22:42:24.614+0100] {logging_mixin.py:188} INFO - [2026-03-13T22:42:24.614+0100] {example_python_decorator.py:80} WARNING - The virtalenv_python example task requires virtualenv, please install it.
[2026-03-13T22:42:24.615+0100] {processor.py:840} INFO - DAG(s) 'example_python_decorator' retrieved from /Users/harshasogala/financial-data-platform/venv/lib/python3.12/site-packages/airflow/example_dags/example_python_decorator.py
[2026-03-13T22:42:24.748+0100] {logging_mixin.py:188} INFO - [2026-03-13T22:42:24.711+0100] {dag.py:3089} INFO - Sync 1 DAGs
[2026-03-13T22:42:24.753+0100] {logging_mixin.py:188} INFO - [2026-03-13T22:42:24.753+0100] {dag.py:3947} INFO - Setting next_dagrun for example_python_decorator to None, run_after=None
[2026-03-13T22:42:24.764+0100] {processor.py:183} INFO - Processing /Users/harshasogala/financial-data-platform/venv/lib/python3.12/site-packages/airflow/example_dags/example_python_decorator.py took 0.175 seconds
[2026-03-13T22:43:43.515+0100] {processor.py:161} INFO - Started process (PID=69826) to work on /Users/harshasogala/financial-data-platform/venv/lib/python3.12/site-packages/airflow/example_dags/example_python_decorator.py
[2026-03-13T22:43:43.516+0100] {processor.py:830} INFO - Processing file /Users/harshasogala/financial-data-platform/venv/lib/python3.12/site-packages/airflow/example_dags/example_python_decorator.py for tasks to queue
[2026-03-13T22:43:43.517+0100] {logging_mixin.py:188} INFO - [2026-03-13T22:43:43.517+0100] {dagbag.py:545} INFO - Filling up the DagBag from /Users/harshasogala/financial-data-platform/venv/lib/python3.12/site-packages/airflow/example_dags/example_python_decorator.py
[2026-03-13T22:43:43.540+0100] {logging_mixin.py:188} INFO - [2026-03-13T22:43:43.540+0100] {example_python_decorator.py:80} WARNING - The virtalenv_python example task requires virtualenv, please install it.
[2026-03-13T22:43:43.541+0100] {processor.py:840} INFO - DAG(s) 'example_python_decorator' retrieved from /Users/harshasogala/financial-data-platform/venv/lib/python3.12/site-packages/airflow/example_dags/example_python_decorator.py
[2026-03-13T22:43:43.629+0100] {logging_mixin.py:188} INFO - [2026-03-13T22:43:43.595+0100] {dag.py:3089} INFO - Sync 1 DAGs
[2026-03-13T22:43:43.634+0100] {logging_mixin.py:188} INFO - [2026-03-13T22:43:43.634+0100] {dag.py:3947} INFO - Setting next_dagrun for example_python_decorator to None, run_after=None
[2026-03-13T22:43:43.647+0100] {processor.py:183} INFO - Processing /Users/harshasogala/financial-data-platform/venv/lib/python3.12/site-packages/airflow/example_dags/example_python_decorator.py took 0.133 seconds
[2026-03-13T22:45:06.460+0100] {processor.py:161} INFO - Started process (PID=70197) to work on /Users/harshasogala/financial-data-platform/venv/lib/python3.12/site-packages/airflow/example_dags/example_python_decorator.py
[2026-03-13T22:45:06.461+0100] {processor.py:830} INFO - Processing file /Users/harshasogala/financial-data-platform/venv/lib/python3.12/site-packages/airflow/example_dags/example_python_decorator.py for tasks to queue
[2026-03-13T22:45:06.462+0100] {logging_mixin.py:188} INFO - [2026-03-13T22:45:06.462+0100] {dagbag.py:545} INFO - Filling up the DagBag from /Users/harshasogala/financial-data-platform/venv/lib/python3.12/site-packages/airflow/example_dags/example_python_decorator.py
[2026-03-13T22:45:06.491+0100] {logging_mixin.py:188} INFO - [2026-03-13T22:45:06.491+0100] {example_python_decorator.py:80} WARNING - The virtalenv_python example task requires virtualenv, please install it.
[2026-03-13T22:45:06.493+0100] {processor.py:840} INFO - DAG(s) 'example_python_decorator' retrieved from /Users/harshasogala/financial-data-platform/venv/lib/python3.12/site-packages/airflow/example_dags/example_python_decorator.py
[2026-03-13T22:45:06.596+0100] {logging_mixin.py:188} INFO - [2026-03-13T22:45:06.557+0100] {dag.py:3089} INFO - Sync 1 DAGs
[2026-03-13T22:45:06.603+0100] {logging_mixin.py:188} INFO - [2026-03-13T22:45:06.603+0100] {dag.py:3947} INFO - Setting next_dagrun for example_python_decorator to None, run_after=None
[2026-03-13T22:45:06.619+0100] {processor.py:183} INFO - Processing /Users/harshasogala/financial-data-platform/venv/lib/python3.12/site-packages/airflow/example_dags/example_python_decorator.py took 0.161 seconds
[2026-03-13T22:46:21.837+0100] {processor.py:161} INFO - Started process (PID=70492) to work on /Users/harshasogala/financial-data-platform/venv/lib/python3.12/site-packages/airflow/example_dags/example_python_decorator.py
[2026-03-13T22:46:21.838+0100] {processor.py:830} INFO - Processing file /Users/harshasogala/financial-data-platform/venv/lib/python3.12/site-packages/airflow/example_dags/example_python_decorator.py for tasks to queue
[2026-03-13T22:46:21.839+0100] {logging_mixin.py:188} INFO - [2026-03-13T22:46:21.839+0100] {dagbag.py:545} INFO - Filling up the DagBag from /Users/harshasogala/financial-data-platform/venv/lib/python3.12/site-packages/airflow/example_dags/example_python_decorator.py
[2026-03-13T22:46:21.861+0100] {logging_mixin.py:188} INFO - [2026-03-13T22:46:21.861+0100] {example_python_decorator.py:80} WARNING - The virtalenv_python example task requires virtualenv, please install it.
[2026-03-13T22:46:21.862+0100] {processor.py:840} INFO - DAG(s) 'example_python_decorator' retrieved from /Users/harshasogala/financial-data-platform/venv/lib/python3.12/site-packages/airflow/example_dags/example_python_decorator.py
[2026-03-13T22:46:21.950+0100] {logging_mixin.py:188} INFO - [2026-03-13T22:46:21.916+0100] {dag.py:3089} INFO - Sync 1 DAGs
[2026-03-13T22:46:21.955+0100] {logging_mixin.py:188} INFO - [2026-03-13T22:46:21.955+0100] {dag.py:3947} INFO - Setting next_dagrun for example_python_decorator to None, run_after=None
[2026-03-13T22:46:21.966+0100] {processor.py:183} INFO - Processing /Users/harshasogala/financial-data-platform/venv/lib/python3.12/site-packages/airflow/example_dags/example_python_decorator.py took 0.130 seconds
[2026-03-13T22:47:46.304+0100] {processor.py:161} INFO - Started process (PID=71387) to work on /Users/harshasogala/financial-data-platform/venv/lib/python3.12/site-packages/airflow/example_dags/example_python_decorator.py
[2026-03-13T22:47:46.305+0100] {processor.py:830} INFO - Processing file /Users/harshasogala/financial-data-platform/venv/lib/python3.12/site-packages/airflow/example_dags/example_python_decorator.py for tasks to queue
[2026-03-13T22:47:46.305+0100] {logging_mixin.py:188} INFO - [2026-03-13T22:47:46.305+0100] {dagbag.py:545} INFO - Filling up the DagBag from /Users/harshasogala/financial-data-platform/venv/lib/python3.12/site-packages/airflow/example_dags/example_python_decorator.py
[2026-03-13T22:47:46.328+0100] {logging_mixin.py:188} INFO - [2026-03-13T22:47:46.328+0100] {example_python_decorator.py:80} WARNING - The virtalenv_python example task requires virtualenv, please install it.
[2026-03-13T22:47:46.329+0100] {processor.py:840} INFO - DAG(s) 'example_python_decorator' retrieved from /Users/harshasogala/financial-data-platform/venv/lib/python3.12/site-packages/airflow/example_dags/example_python_decorator.py
[2026-03-13T22:47:46.418+0100] {logging_mixin.py:188} INFO - [2026-03-13T22:47:46.383+0100] {dag.py:3089} INFO - Sync 1 DAGs
[2026-03-13T22:47:46.423+0100] {logging_mixin.py:188} INFO - [2026-03-13T22:47:46.423+0100] {dag.py:3947} INFO - Setting next_dagrun for example_python_decorator to None, run_after=None
[2026-03-13T22:47:46.434+0100] {processor.py:183} INFO - Processing /Users/harshasogala/financial-data-platform/venv/lib/python3.12/site-packages/airflow/example_dags/example_python_decorator.py took 0.132 seconds
[2026-03-13T22:49:04.052+0100] {processor.py:161} INFO - Started process (PID=71459) to work on /Users/harshasogala/financial-data-platform/venv/lib/python3.12/site-packages/airflow/example_dags/example_python_decorator.py
[2026-03-13T22:49:04.053+0100] {processor.py:830} INFO - Processing file /Users/harshasogala/financial-data-platform/venv/lib/python3.12/site-packages/airflow/example_dags/example_python_decorator.py for tasks to queue
[2026-03-13T22:49:04.053+0100] {logging_mixin.py:188} INFO - [2026-03-13T22:49:04.053+0100] {dagbag.py:545} INFO - Filling up the DagBag from /Users/harshasogala/financial-data-platform/venv/lib/python3.12/site-packages/airflow/example_dags/example_python_decorator.py
[2026-03-13T22:49:04.076+0100] {logging_mixin.py:188} INFO - [2026-03-13T22:49:04.076+0100] {example_python_decorator.py:80} WARNING - The virtalenv_python example task requires virtualenv, please install it.
[2026-03-13T22:49:04.077+0100] {processor.py:840} INFO - DAG(s) 'example_python_decorator' retrieved from /Users/harshasogala/financial-data-platform/venv/lib/python3.12/site-packages/airflow/example_dags/example_python_decorator.py
[2026-03-13T22:49:04.165+0100] {logging_mixin.py:188} INFO - [2026-03-13T22:49:04.131+0100] {dag.py:3089} INFO - Sync 1 DAGs
[2026-03-13T22:49:04.170+0100] {logging_mixin.py:188} INFO - [2026-03-13T22:49:04.170+0100] {dag.py:3947} INFO - Setting next_dagrun for example_python_decorator to None, run_after=None
[2026-03-13T22:49:04.181+0100] {processor.py:183} INFO - Processing /Users/harshasogala/financial-data-platform/venv/lib/python3.12/site-packages/airflow/example_dags/example_python_decorator.py took 0.131 seconds
[2026-03-13T22:50:24.638+0100] {processor.py:161} INFO - Started process (PID=71709) to work on /Users/harshasogala/financial-data-platform/venv/lib/python3.12/site-packages/airflow/example_dags/example_python_decorator.py
[2026-03-13T22:50:24.640+0100] {processor.py:830} INFO - Processing file /Users/harshasogala/financial-data-platform/venv/lib/python3.12/site-packages/airflow/example_dags/example_python_decorator.py for tasks to queue
[2026-03-13T22:50:24.641+0100] {logging_mixin.py:188} INFO - [2026-03-13T22:50:24.641+0100] {dagbag.py:545} INFO - Filling up the DagBag from /Users/harshasogala/financial-data-platform/venv/lib/python3.12/site-packages/airflow/example_dags/example_python_decorator.py
[2026-03-13T22:50:24.693+0100] {logging_mixin.py:188} INFO - [2026-03-13T22:50:24.693+0100] {example_python_decorator.py:80} WARNING - The virtalenv_python example task requires virtualenv, please install it.
[2026-03-13T22:50:24.695+0100] {processor.py:840} INFO - DAG(s) 'example_python_decorator' retrieved from /Users/harshasogala/financial-data-platform/venv/lib/python3.12/site-packages/airflow/example_dags/example_python_decorator.py
[2026-03-13T22:50:24.840+0100] {logging_mixin.py:188} INFO - [2026-03-13T22:50:24.796+0100] {dag.py:3089} INFO - Sync 1 DAGs
[2026-03-13T22:50:24.848+0100] {logging_mixin.py:188} INFO - [2026-03-13T22:50:24.847+0100] {dag.py:3947} INFO - Setting next_dagrun for example_python_decorator to None, run_after=None
[2026-03-13T22:50:24.863+0100] {processor.py:183} INFO - Processing /Users/harshasogala/financial-data-platform/venv/lib/python3.12/site-packages/airflow/example_dags/example_python_decorator.py took 0.228 seconds
[2026-03-13T22:51:52.931+0100] {processor.py:161} INFO - Started process (PID=72072) to work on /Users/harshasogala/financial-data-platform/venv/lib/python3.12/site-packages/airflow/example_dags/example_python_decorator.py
[2026-03-13T22:51:52.932+0100] {processor.py:830} INFO - Processing file /Users/harshasogala/financial-data-platform/venv/lib/python3.12/site-packages/airflow/example_dags/example_python_decorator.py for tasks to queue
[2026-03-13T22:51:52.933+0100] {logging_mixin.py:188} INFO - [2026-03-13T22:51:52.932+0100] {dagbag.py:545} INFO - Filling up the DagBag from /Users/harshasogala/financial-data-platform/venv/lib/python3.12/site-packages/airflow/example_dags/example_python_decorator.py
[2026-03-13T22:51:52.956+0100] {logging_mixin.py:188} INFO - [2026-03-13T22:51:52.956+0100] {example_python_decorator.py:80} WARNING - The virtalenv_python example task requires virtualenv, please install it.
[2026-03-13T22:51:52.957+0100] {processor.py:840} INFO - DAG(s) 'example_python_decorator' retrieved from /Users/harshasogala/financial-data-platform/venv/lib/python3.12/site-packages/airflow/example_dags/example_python_decorator.py
[2026-03-13T22:51:53.044+0100] {logging_mixin.py:188} INFO - [2026-03-13T22:51:53.011+0100] {dag.py:3089} INFO - Sync 1 DAGs
[2026-03-13T22:51:53.049+0100] {logging_mixin.py:188} INFO - [2026-03-13T22:51:53.049+0100] {dag.py:3947} INFO - Setting next_dagrun for example_python_decorator to None, run_after=None
[2026-03-13T22:51:53.061+0100] {processor.py:183} INFO - Processing /Users/harshasogala/financial-data-platform/venv/lib/python3.12/site-packages/airflow/example_dags/example_python_decorator.py took 0.131 seconds
[2026-03-13T22:53:08.232+0100] {processor.py:161} INFO - Started process (PID=72397) to work on /Users/harshasogala/financial-data-platform/venv/lib/python3.12/site-packages/airflow/example_dags/example_python_decorator.py
[2026-03-13T22:53:08.233+0100] {processor.py:830} INFO - Processing file /Users/harshasogala/financial-data-platform/venv/lib/python3.12/site-packages/airflow/example_dags/example_python_decorator.py for tasks to queue
[2026-03-13T22:53:08.234+0100] {logging_mixin.py:188} INFO - [2026-03-13T22:53:08.234+0100] {dagbag.py:545} INFO - Filling up the DagBag from /Users/harshasogala/financial-data-platform/venv/lib/python3.12/site-packages/airflow/example_dags/example_python_decorator.py
[2026-03-13T22:53:08.257+0100] {logging_mixin.py:188} INFO - [2026-03-13T22:53:08.256+0100] {example_python_decorator.py:80} WARNING - The virtalenv_python example task requires virtualenv, please install it.
[2026-03-13T22:53:08.258+0100] {processor.py:840} INFO - DAG(s) 'example_python_decorator' retrieved from /Users/harshasogala/financial-data-platform/venv/lib/python3.12/site-packages/airflow/example_dags/example_python_decorator.py
[2026-03-13T22:53:08.345+0100] {logging_mixin.py:188} INFO - [2026-03-13T22:53:08.311+0100] {dag.py:3089} INFO - Sync 1 DAGs
[2026-03-13T22:53:08.351+0100] {logging_mixin.py:188} INFO - [2026-03-13T22:53:08.351+0100] {dag.py:3947} INFO - Setting next_dagrun for example_python_decorator to None, run_after=None
[2026-03-13T22:53:08.362+0100] {processor.py:183} INFO - Processing /Users/harshasogala/financial-data-platform/venv/lib/python3.12/site-packages/airflow/example_dags/example_python_decorator.py took 0.131 seconds
[2026-03-13T22:54:31.936+0100] {processor.py:161} INFO - Started process (PID=72497) to work on /Users/harshasogala/financial-data-platform/venv/lib/python3.12/site-packages/airflow/example_dags/example_python_decorator.py
[2026-03-13T22:54:31.937+0100] {processor.py:830} INFO - Processing file /Users/harshasogala/financial-data-platform/venv/lib/python3.12/site-packages/airflow/example_dags/example_python_decorator.py for tasks to queue
[2026-03-13T22:54:31.937+0100] {logging_mixin.py:188} INFO - [2026-03-13T22:54:31.937+0100] {dagbag.py:545} INFO - Filling up the DagBag from /Users/harshasogala/financial-data-platform/venv/lib/python3.12/site-packages/airflow/example_dags/example_python_decorator.py
[2026-03-13T22:54:31.960+0100] {logging_mixin.py:188} INFO - [2026-03-13T22:54:31.960+0100] {example_python_decorator.py:80} WARNING - The virtalenv_python example task requires virtualenv, please install it.
[2026-03-13T22:54:31.962+0100] {processor.py:840} INFO - DAG(s) 'example_python_decorator' retrieved from /Users/harshasogala/financial-data-platform/venv/lib/python3.12/site-packages/airflow/example_dags/example_python_decorator.py
[2026-03-13T22:54:32.054+0100] {logging_mixin.py:188} INFO - [2026-03-13T22:54:32.018+0100] {dag.py:3089} INFO - Sync 1 DAGs
[2026-03-13T22:54:32.061+0100] {logging_mixin.py:188} INFO - [2026-03-13T22:54:32.061+0100] {dag.py:3947} INFO - Setting next_dagrun for example_python_decorator to None, run_after=None
[2026-03-13T22:54:32.074+0100] {processor.py:183} INFO - Processing /Users/harshasogala/financial-data-platform/venv/lib/python3.12/site-packages/airflow/example_dags/example_python_decorator.py took 0.139 seconds
[2026-03-13T22:55:54.388+0100] {processor.py:161} INFO - Started process (PID=72582) to work on /Users/harshasogala/financial-data-platform/venv/lib/python3.12/site-packages/airflow/example_dags/example_python_decorator.py
[2026-03-13T22:55:54.388+0100] {processor.py:830} INFO - Processing file /Users/harshasogala/financial-data-platform/venv/lib/python3.12/site-packages/airflow/example_dags/example_python_decorator.py for tasks to queue
[2026-03-13T22:55:54.389+0100] {logging_mixin.py:188} INFO - [2026-03-13T22:55:54.389+0100] {dagbag.py:545} INFO - Filling up the DagBag from /Users/harshasogala/financial-data-platform/venv/lib/python3.12/site-packages/airflow/example_dags/example_python_decorator.py
[2026-03-13T22:55:54.412+0100] {logging_mixin.py:188} INFO - [2026-03-13T22:55:54.412+0100] {example_python_decorator.py:80} WARNING - The virtalenv_python example task requires virtualenv, please install it.
[2026-03-13T22:55:54.413+0100] {processor.py:840} INFO - DAG(s) 'example_python_decorator' retrieved from /Users/harshasogala/financial-data-platform/venv/lib/python3.12/site-packages/airflow/example_dags/example_python_decorator.py
[2026-03-13T22:55:54.501+0100] {logging_mixin.py:188} INFO - [2026-03-13T22:55:54.467+0100] {dag.py:3089} INFO - Sync 1 DAGs
[2026-03-13T22:55:54.509+0100] {logging_mixin.py:188} INFO - [2026-03-13T22:55:54.509+0100] {dag.py:3947} INFO - Setting next_dagrun for example_python_decorator to None, run_after=None
[2026-03-13T22:55:54.519+0100] {processor.py:183} INFO - Processing /Users/harshasogala/financial-data-platform/venv/lib/python3.12/site-packages/airflow/example_dags/example_python_decorator.py took 0.134 seconds
[2026-03-13T22:57:15.705+0100] {processor.py:161} INFO - Started process (PID=72657) to work on /Users/harshasogala/financial-data-platform/venv/lib/python3.12/site-packages/airflow/example_dags/example_python_decorator.py
[2026-03-13T22:57:15.705+0100] {processor.py:830} INFO - Processing file /Users/harshasogala/financial-data-platform/venv/lib/python3.12/site-packages/airflow/example_dags/example_python_decorator.py for tasks to queue
[2026-03-13T22:57:15.706+0100] {logging_mixin.py:188} INFO - [2026-03-13T22:57:15.706+0100] {dagbag.py:545} INFO - Filling up the DagBag from /Users/harshasogala/financial-data-platform/venv/lib/python3.12/site-packages/airflow/example_dags/example_python_decorator.py
[2026-03-13T22:57:15.730+0100] {logging_mixin.py:188} INFO - [2026-03-13T22:57:15.730+0100] {example_python_decorator.py:80} WARNING - The virtalenv_python example task requires virtualenv, please install it.
[2026-03-13T22:57:15.732+0100] {processor.py:840} INFO - DAG(s) 'example_python_decorator' retrieved from /Users/harshasogala/financial-data-platform/venv/lib/python3.12/site-packages/airflow/example_dags/example_python_decorator.py
[2026-03-13T22:57:15.826+0100] {logging_mixin.py:188} INFO - [2026-03-13T22:57:15.790+0100] {dag.py:3089} INFO - Sync 1 DAGs
[2026-03-13T22:57:15.831+0100] {logging_mixin.py:188} INFO - [2026-03-13T22:57:15.831+0100] {dag.py:3947} INFO - Setting next_dagrun for example_python_decorator to None, run_after=None
[2026-03-13T22:57:15.843+0100] {processor.py:183} INFO - Processing /Users/harshasogala/financial-data-platform/venv/lib/python3.12/site-packages/airflow/example_dags/example_python_decorator.py took 0.140 seconds
[2026-03-13T22:58:35.801+0100] {processor.py:161} INFO - Started process (PID=72722) to work on /Users/harshasogala/financial-data-platform/venv/lib/python3.12/site-packages/airflow/example_dags/example_python_decorator.py
[2026-03-13T22:58:35.802+0100] {processor.py:830} INFO - Processing file /Users/harshasogala/financial-data-platform/venv/lib/python3.12/site-packages/airflow/example_dags/example_python_decorator.py for tasks to queue
[2026-03-13T22:58:35.803+0100] {logging_mixin.py:188} INFO - [2026-03-13T22:58:35.802+0100] {dagbag.py:545} INFO - Filling up the DagBag from /Users/harshasogala/financial-data-platform/venv/lib/python3.12/site-packages/airflow/example_dags/example_python_decorator.py
[2026-03-13T22:58:35.827+0100] {logging_mixin.py:188} INFO - [2026-03-13T22:58:35.827+0100] {example_python_decorator.py:80} WARNING - The virtalenv_python example task requires virtualenv, please install it.
[2026-03-13T22:58:35.828+0100] {processor.py:840} INFO - DAG(s) 'example_python_decorator' retrieved from /Users/harshasogala/financial-data-platform/venv/lib/python3.12/site-packages/airflow/example_dags/example_python_decorator.py
[2026-03-13T22:58:35.922+0100] {logging_mixin.py:188} INFO - [2026-03-13T22:58:35.884+0100] {dag.py:3089} INFO - Sync 1 DAGs
[2026-03-13T22:58:35.927+0100] {logging_mixin.py:188} INFO - [2026-03-13T22:58:35.927+0100] {dag.py:3947} INFO - Setting next_dagrun for example_python_decorator to None, run_after=None
[2026-03-13T22:58:35.939+0100] {processor.py:183} INFO - Processing /Users/harshasogala/financial-data-platform/venv/lib/python3.12/site-packages/airflow/example_dags/example_python_decorator.py took 0.140 seconds
[2026-03-13T22:59:55.853+0100] {processor.py:161} INFO - Started process (PID=72796) to work on /Users/harshasogala/financial-data-platform/venv/lib/python3.12/site-packages/airflow/example_dags/example_python_decorator.py
[2026-03-13T22:59:55.854+0100] {processor.py:830} INFO - Processing file /Users/harshasogala/financial-data-platform/venv/lib/python3.12/site-packages/airflow/example_dags/example_python_decorator.py for tasks to queue
[2026-03-13T22:59:55.854+0100] {logging_mixin.py:188} INFO - [2026-03-13T22:59:55.854+0100] {dagbag.py:545} INFO - Filling up the DagBag from /Users/harshasogala/financial-data-platform/venv/lib/python3.12/site-packages/airflow/example_dags/example_python_decorator.py
[2026-03-13T22:59:55.877+0100] {logging_mixin.py:188} INFO - [2026-03-13T22:59:55.877+0100] {example_python_decorator.py:80} WARNING - The virtalenv_python example task requires virtualenv, please install it.
[2026-03-13T22:59:55.878+0100] {processor.py:840} INFO - DAG(s) 'example_python_decorator' retrieved from /Users/harshasogala/financial-data-platform/venv/lib/python3.12/site-packages/airflow/example_dags/example_python_decorator.py
[2026-03-13T22:59:55.965+0100] {logging_mixin.py:188} INFO - [2026-03-13T22:59:55.932+0100] {dag.py:3089} INFO - Sync 1 DAGs
[2026-03-13T22:59:55.971+0100] {logging_mixin.py:188} INFO - [2026-03-13T22:59:55.970+0100] {dag.py:3947} INFO - Setting next_dagrun for example_python_decorator to None, run_after=None
[2026-03-13T22:59:55.981+0100] {processor.py:183} INFO - Processing /Users/harshasogala/financial-data-platform/venv/lib/python3.12/site-packages/airflow/example_dags/example_python_decorator.py took 0.130 seconds
[2026-03-13T23:01:15.955+0100] {processor.py:161} INFO - Started process (PID=72863) to work on /Users/harshasogala/financial-data-platform/venv/lib/python3.12/site-packages/airflow/example_dags/example_python_decorator.py
[2026-03-13T23:01:15.956+0100] {processor.py:830} INFO - Processing file /Users/harshasogala/financial-data-platform/venv/lib/python3.12/site-packages/airflow/example_dags/example_python_decorator.py for tasks to queue
[2026-03-13T23:01:15.957+0100] {logging_mixin.py:188} INFO - [2026-03-13T23:01:15.956+0100] {dagbag.py:545} INFO - Filling up the DagBag from /Users/harshasogala/financial-data-platform/venv/lib/python3.12/site-packages/airflow/example_dags/example_python_decorator.py
[2026-03-13T23:01:15.979+0100] {logging_mixin.py:188} INFO - [2026-03-13T23:01:15.979+0100] {example_python_decorator.py:80} WARNING - The virtalenv_python example task requires virtualenv, please install it.
[2026-03-13T23:01:15.980+0100] {processor.py:840} INFO - DAG(s) 'example_python_decorator' retrieved from /Users/harshasogala/financial-data-platform/venv/lib/python3.12/site-packages/airflow/example_dags/example_python_decorator.py
[2026-03-13T23:01:16.068+0100] {logging_mixin.py:188} INFO - [2026-03-13T23:01:16.033+0100] {dag.py:3089} INFO - Sync 1 DAGs
[2026-03-13T23:01:16.073+0100] {logging_mixin.py:188} INFO - [2026-03-13T23:01:16.073+0100] {dag.py:3947} INFO - Setting next_dagrun for example_python_decorator to None, run_after=None
[2026-03-13T23:01:16.084+0100] {processor.py:183} INFO - Processing /Users/harshasogala/financial-data-platform/venv/lib/python3.12/site-packages/airflow/example_dags/example_python_decorator.py took 0.131 seconds
[2026-03-13T23:02:34.417+0100] {processor.py:161} INFO - Started process (PID=72923) to work on /Users/harshasogala/financial-data-platform/venv/lib/python3.12/site-packages/airflow/example_dags/example_python_decorator.py
[2026-03-13T23:02:34.418+0100] {processor.py:830} INFO - Processing file /Users/harshasogala/financial-data-platform/venv/lib/python3.12/site-packages/airflow/example_dags/example_python_decorator.py for tasks to queue
[2026-03-13T23:02:34.418+0100] {logging_mixin.py:188} INFO - [2026-03-13T23:02:34.418+0100] {dagbag.py:545} INFO - Filling up the DagBag from /Users/harshasogala/financial-data-platform/venv/lib/python3.12/site-packages/airflow/example_dags/example_python_decorator.py
[2026-03-13T23:02:34.442+0100] {logging_mixin.py:188} INFO - [2026-03-13T23:02:34.442+0100] {example_python_decorator.py:80} WARNING - The virtalenv_python example task requires virtualenv, please install it.
[2026-03-13T23:02:34.443+0100] {processor.py:840} INFO - DAG(s) 'example_python_decorator' retrieved from /Users/harshasogala/financial-data-platform/venv/lib/python3.12/site-packages/airflow/example_dags/example_python_decorator.py
[2026-03-13T23:02:34.533+0100] {logging_mixin.py:188} INFO - [2026-03-13T23:02:34.498+0100] {dag.py:3089} INFO - Sync 1 DAGs
[2026-03-13T23:02:34.538+0100] {logging_mixin.py:188} INFO - [2026-03-13T23:02:34.538+0100] {dag.py:3947} INFO - Setting next_dagrun for example_python_decorator to None, run_after=None
[2026-03-13T23:02:34.549+0100] {processor.py:183} INFO - Processing /Users/harshasogala/financial-data-platform/venv/lib/python3.12/site-packages/airflow/example_dags/example_python_decorator.py took 0.134 seconds
[2026-03-13T23:03:54.021+0100] {processor.py:161} INFO - Started process (PID=72984) to work on /Users/harshasogala/financial-data-platform/venv/lib/python3.12/site-packages/airflow/example_dags/example_python_decorator.py
[2026-03-13T23:03:54.023+0100] {processor.py:830} INFO - Processing file /Users/harshasogala/financial-data-platform/venv/lib/python3.12/site-packages/airflow/example_dags/example_python_decorator.py for tasks to queue
[2026-03-13T23:03:54.023+0100] {logging_mixin.py:188} INFO - [2026-03-13T23:03:54.023+0100] {dagbag.py:545} INFO - Filling up the DagBag from /Users/harshasogala/financial-data-platform/venv/lib/python3.12/site-packages/airflow/example_dags/example_python_decorator.py
[2026-03-13T23:03:54.045+0100] {logging_mixin.py:188} INFO - [2026-03-13T23:03:54.045+0100] {example_python_decorator.py:80} WARNING - The virtalenv_python example task requires virtualenv, please install it.
[2026-03-13T23:03:54.047+0100] {processor.py:840} INFO - DAG(s) 'example_python_decorator' retrieved from /Users/harshasogala/financial-data-platform/venv/lib/python3.12/site-packages/airflow/example_dags/example_python_decorator.py
[2026-03-13T23:03:54.133+0100] {logging_mixin.py:188} INFO - [2026-03-13T23:03:54.100+0100] {dag.py:3089} INFO - Sync 1 DAGs
[2026-03-13T23:03:54.139+0100] {logging_mixin.py:188} INFO - [2026-03-13T23:03:54.139+0100] {dag.py:3947} INFO - Setting next_dagrun for example_python_decorator to None, run_after=None
[2026-03-13T23:03:54.149+0100] {processor.py:183} INFO - Processing /Users/harshasogala/financial-data-platform/venv/lib/python3.12/site-packages/airflow/example_dags/example_python_decorator.py took 0.130 seconds
[2026-03-13T23:05:11.250+0100] {processor.py:161} INFO - Started process (PID=73042) to work on /Users/harshasogala/financial-data-platform/venv/lib/python3.12/site-packages/airflow/example_dags/example_python_decorator.py
[2026-03-13T23:05:11.251+0100] {processor.py:830} INFO - Processing file /Users/harshasogala/financial-data-platform/venv/lib/python3.12/site-packages/airflow/example_dags/example_python_decorator.py for tasks to queue
[2026-03-13T23:05:11.251+0100] {logging_mixin.py:188} INFO - [2026-03-13T23:05:11.251+0100] {dagbag.py:545} INFO - Filling up the DagBag from /Users/harshasogala/financial-data-platform/venv/lib/python3.12/site-packages/airflow/example_dags/example_python_decorator.py
[2026-03-13T23:05:11.274+0100] {logging_mixin.py:188} INFO - [2026-03-13T23:05:11.274+0100] {example_python_decorator.py:80} WARNING - The virtalenv_python example task requires virtualenv, please install it.
[2026-03-13T23:05:11.275+0100] {processor.py:840} INFO - DAG(s) 'example_python_decorator' retrieved from /Users/harshasogala/financial-data-platform/venv/lib/python3.12/site-packages/airflow/example_dags/example_python_decorator.py
[2026-03-13T23:05:11.362+0100] {logging_mixin.py:188} INFO - [2026-03-13T23:05:11.328+0100] {dag.py:3089} INFO - Sync 1 DAGs
[2026-03-13T23:05:11.368+0100] {logging_mixin.py:188} INFO - [2026-03-13T23:05:11.367+0100] {dag.py:3947} INFO - Setting next_dagrun for example_python_decorator to None, run_after=None
[2026-03-13T23:05:11.378+0100] {processor.py:183} INFO - Processing /Users/harshasogala/financial-data-platform/venv/lib/python3.12/site-packages/airflow/example_dags/example_python_decorator.py took 0.130 seconds
[2026-03-13T23:06:28.502+0100] {processor.py:161} INFO - Started process (PID=73112) to work on /Users/harshasogala/financial-data-platform/venv/lib/python3.12/site-packages/airflow/example_dags/example_python_decorator.py
[2026-03-13T23:06:28.502+0100] {processor.py:830} INFO - Processing file /Users/harshasogala/financial-data-platform/venv/lib/python3.12/site-packages/airflow/example_dags/example_python_decorator.py for tasks to queue
[2026-03-13T23:06:28.503+0100] {logging_mixin.py:188} INFO - [2026-03-13T23:06:28.503+0100] {dagbag.py:545} INFO - Filling up the DagBag from /Users/harshasogala/financial-data-platform/venv/lib/python3.12/site-packages/airflow/example_dags/example_python_decorator.py
[2026-03-13T23:06:28.526+0100] {logging_mixin.py:188} INFO - [2026-03-13T23:06:28.525+0100] {example_python_decorator.py:80} WARNING - The virtalenv_python example task requires virtualenv, please install it.
[2026-03-13T23:06:28.527+0100] {processor.py:840} INFO - DAG(s) 'example_python_decorator' retrieved from /Users/harshasogala/financial-data-platform/venv/lib/python3.12/site-packages/airflow/example_dags/example_python_decorator.py
[2026-03-13T23:06:28.620+0100] {logging_mixin.py:188} INFO - [2026-03-13T23:06:28.582+0100] {dag.py:3089} INFO - Sync 1 DAGs
[2026-03-13T23:06:28.626+0100] {logging_mixin.py:188} INFO - [2026-03-13T23:06:28.626+0100] {dag.py:3947} INFO - Setting next_dagrun for example_python_decorator to None, run_after=None
[2026-03-13T23:06:28.638+0100] {processor.py:183} INFO - Processing /Users/harshasogala/financial-data-platform/venv/lib/python3.12/site-packages/airflow/example_dags/example_python_decorator.py took 0.138 seconds
[2026-03-13T23:07:51.860+0100] {processor.py:161} INFO - Started process (PID=73177) to work on /Users/harshasogala/financial-data-platform/venv/lib/python3.12/site-packages/airflow/example_dags/example_python_decorator.py
[2026-03-13T23:07:51.861+0100] {processor.py:830} INFO - Processing file /Users/harshasogala/financial-data-platform/venv/lib/python3.12/site-packages/airflow/example_dags/example_python_decorator.py for tasks to queue
[2026-03-13T23:07:51.861+0100] {logging_mixin.py:188} INFO - [2026-03-13T23:07:51.861+0100] {dagbag.py:545} INFO - Filling up the DagBag from /Users/harshasogala/financial-data-platform/venv/lib/python3.12/site-packages/airflow/example_dags/example_python_decorator.py
[2026-03-13T23:07:51.883+0100] {logging_mixin.py:188} INFO - [2026-03-13T23:07:51.883+0100] {example_python_decorator.py:80} WARNING - The virtalenv_python example task requires virtualenv, please install it.
[2026-03-13T23:07:51.884+0100] {processor.py:840} INFO - DAG(s) 'example_python_decorator' retrieved from /Users/harshasogala/financial-data-platform/venv/lib/python3.12/site-packages/airflow/example_dags/example_python_decorator.py
[2026-03-13T23:07:51.986+0100] {logging_mixin.py:188} INFO - [2026-03-13T23:07:51.939+0100] {dag.py:3089} INFO - Sync 1 DAGs
[2026-03-13T23:07:51.996+0100] {logging_mixin.py:188} INFO - [2026-03-13T23:07:51.996+0100] {dag.py:3947} INFO - Setting next_dagrun for example_python_decorator to None, run_after=None
[2026-03-13T23:07:52.012+0100] {processor.py:183} INFO - Processing /Users/harshasogala/financial-data-platform/venv/lib/python3.12/site-packages/airflow/example_dags/example_python_decorator.py took 0.154 seconds
[2026-03-13T23:09:05.748+0100] {processor.py:161} INFO - Started process (PID=73237) to work on /Users/harshasogala/financial-data-platform/venv/lib/python3.12/site-packages/airflow/example_dags/example_python_decorator.py
[2026-03-13T23:09:05.750+0100] {processor.py:830} INFO - Processing file /Users/harshasogala/financial-data-platform/venv/lib/python3.12/site-packages/airflow/example_dags/example_python_decorator.py for tasks to queue
[2026-03-13T23:09:05.750+0100] {logging_mixin.py:188} INFO - [2026-03-13T23:09:05.750+0100] {dagbag.py:545} INFO - Filling up the DagBag from /Users/harshasogala/financial-data-platform/venv/lib/python3.12/site-packages/airflow/example_dags/example_python_decorator.py
[2026-03-13T23:09:05.773+0100] {logging_mixin.py:188} INFO - [2026-03-13T23:09:05.773+0100] {example_python_decorator.py:80} WARNING - The virtalenv_python example task requires virtualenv, please install it.
[2026-03-13T23:09:05.774+0100] {processor.py:840} INFO - DAG(s) 'example_python_decorator' retrieved from /Users/harshasogala/financial-data-platform/venv/lib/python3.12/site-packages/airflow/example_dags/example_python_decorator.py
[2026-03-13T23:09:05.873+0100] {logging_mixin.py:188} INFO - [2026-03-13T23:09:05.836+0100] {dag.py:3089} INFO - Sync 1 DAGs
[2026-03-13T23:09:05.879+0100] {logging_mixin.py:188} INFO - [2026-03-13T23:09:05.879+0100] {dag.py:3947} INFO - Setting next_dagrun for example_python_decorator to None, run_after=None
[2026-03-13T23:09:05.893+0100] {processor.py:183} INFO - Processing /Users/harshasogala/financial-data-platform/venv/lib/python3.12/site-packages/airflow/example_dags/example_python_decorator.py took 0.146 seconds
[2026-03-13T23:10:17.572+0100] {processor.py:161} INFO - Started process (PID=73293) to work on /Users/harshasogala/financial-data-platform/venv/lib/python3.12/site-packages/airflow/example_dags/example_python_decorator.py
[2026-03-13T23:10:17.573+0100] {processor.py:830} INFO - Processing file /Users/harshasogala/financial-data-platform/venv/lib/python3.12/site-packages/airflow/example_dags/example_python_decorator.py for tasks to queue
[2026-03-13T23:10:17.573+0100] {logging_mixin.py:188} INFO - [2026-03-13T23:10:17.573+0100] {dagbag.py:545} INFO - Filling up the DagBag from /Users/harshasogala/financial-data-platform/venv/lib/python3.12/site-packages/airflow/example_dags/example_python_decorator.py
[2026-03-13T23:10:17.596+0100] {logging_mixin.py:188} INFO - [2026-03-13T23:10:17.596+0100] {example_python_decorator.py:80} WARNING - The virtalenv_python example task requires virtualenv, please install it.
[2026-03-13T23:10:17.597+0100] {processor.py:840} INFO - DAG(s) 'example_python_decorator' retrieved from /Users/harshasogala/financial-data-platform/venv/lib/python3.12/site-packages/airflow/example_dags/example_python_decorator.py
[2026-03-13T23:10:17.685+0100] {logging_mixin.py:188} INFO - [2026-03-13T23:10:17.651+0100] {dag.py:3089} INFO - Sync 1 DAGs
[2026-03-13T23:10:17.691+0100] {logging_mixin.py:188} INFO - [2026-03-13T23:10:17.691+0100] {dag.py:3947} INFO - Setting next_dagrun for example_python_decorator to None, run_after=None
[2026-03-13T23:10:17.701+0100] {processor.py:183} INFO - Processing /Users/harshasogala/financial-data-platform/venv/lib/python3.12/site-packages/airflow/example_dags/example_python_decorator.py took 0.131 seconds
[2026-03-13T23:11:31.158+0100] {processor.py:161} INFO - Started process (PID=73362) to work on /Users/harshasogala/financial-data-platform/venv/lib/python3.12/site-packages/airflow/example_dags/example_python_decorator.py
[2026-03-13T23:11:31.159+0100] {processor.py:830} INFO - Processing file /Users/harshasogala/financial-data-platform/venv/lib/python3.12/site-packages/airflow/example_dags/example_python_decorator.py for tasks to queue
[2026-03-13T23:11:31.159+0100] {logging_mixin.py:188} INFO - [2026-03-13T23:11:31.159+0100] {dagbag.py:545} INFO - Filling up the DagBag from /Users/harshasogala/financial-data-platform/venv/lib/python3.12/site-packages/airflow/example_dags/example_python_decorator.py
[2026-03-13T23:11:31.182+0100] {logging_mixin.py:188} INFO - [2026-03-13T23:11:31.182+0100] {example_python_decorator.py:80} WARNING - The virtalenv_python example task requires virtualenv, please install it.
[2026-03-13T23:11:31.183+0100] {processor.py:840} INFO - DAG(s) 'example_python_decorator' retrieved from /Users/harshasogala/financial-data-platform/venv/lib/python3.12/site-packages/airflow/example_dags/example_python_decorator.py
[2026-03-13T23:11:31.271+0100] {logging_mixin.py:188} INFO - [2026-03-13T23:11:31.237+0100] {dag.py:3089} INFO - Sync 1 DAGs
[2026-03-13T23:11:31.276+0100] {logging_mixin.py:188} INFO - [2026-03-13T23:11:31.276+0100] {dag.py:3947} INFO - Setting next_dagrun for example_python_decorator to None, run_after=None
[2026-03-13T23:11:31.287+0100] {processor.py:183} INFO - Processing /Users/harshasogala/financial-data-platform/venv/lib/python3.12/site-packages/airflow/example_dags/example_python_decorator.py took 0.131 seconds
[2026-03-13T23:12:45.034+0100] {processor.py:161} INFO - Started process (PID=73420) to work on /Users/harshasogala/financial-data-platform/venv/lib/python3.12/site-packages/airflow/example_dags/example_python_decorator.py
[2026-03-13T23:12:45.035+0100] {processor.py:830} INFO - Processing file /Users/harshasogala/financial-data-platform/venv/lib/python3.12/site-packages/airflow/example_dags/example_python_decorator.py for tasks to queue
[2026-03-13T23:12:45.035+0100] {logging_mixin.py:188} INFO - [2026-03-13T23:12:45.035+0100] {dagbag.py:545} INFO - Filling up the DagBag from /Users/harshasogala/financial-data-platform/venv/lib/python3.12/site-packages/airflow/example_dags/example_python_decorator.py
[2026-03-13T23:12:45.059+0100] {logging_mixin.py:188} INFO - [2026-03-13T23:12:45.059+0100] {example_python_decorator.py:80} WARNING - The virtalenv_python example task requires virtualenv, please install it.
[2026-03-13T23:12:45.061+0100] {processor.py:840} INFO - DAG(s) 'example_python_decorator' retrieved from /Users/harshasogala/financial-data-platform/venv/lib/python3.12/site-packages/airflow/example_dags/example_python_decorator.py
[2026-03-13T23:12:45.177+0100] {logging_mixin.py:188} INFO - [2026-03-13T23:12:45.119+0100] {dag.py:3089} INFO - Sync 1 DAGs
[2026-03-13T23:12:45.194+0100] {logging_mixin.py:188} INFO - [2026-03-13T23:12:45.193+0100] {dag.py:3947} INFO - Setting next_dagrun for example_python_decorator to None, run_after=None
[2026-03-13T23:12:45.251+0100] {processor.py:183} INFO - Processing /Users/harshasogala/financial-data-platform/venv/lib/python3.12/site-packages/airflow/example_dags/example_python_decorator.py took 0.218 seconds
[2026-03-13T23:14:00.996+0100] {processor.py:161} INFO - Started process (PID=73481) to work on /Users/harshasogala/financial-data-platform/venv/lib/python3.12/site-packages/airflow/example_dags/example_python_decorator.py
[2026-03-13T23:14:00.997+0100] {processor.py:830} INFO - Processing file /Users/harshasogala/financial-data-platform/venv/lib/python3.12/site-packages/airflow/example_dags/example_python_decorator.py for tasks to queue
[2026-03-13T23:14:00.997+0100] {logging_mixin.py:188} INFO - [2026-03-13T23:14:00.997+0100] {dagbag.py:545} INFO - Filling up the DagBag from /Users/harshasogala/financial-data-platform/venv/lib/python3.12/site-packages/airflow/example_dags/example_python_decorator.py
[2026-03-13T23:14:01.020+0100] {logging_mixin.py:188} INFO - [2026-03-13T23:14:01.020+0100] {example_python_decorator.py:80} WARNING - The virtalenv_python example task requires virtualenv, please install it.
[2026-03-13T23:14:01.022+0100] {processor.py:840} INFO - DAG(s) 'example_python_decorator' retrieved from /Users/harshasogala/financial-data-platform/venv/lib/python3.12/site-packages/airflow/example_dags/example_python_decorator.py
[2026-03-13T23:14:01.111+0100] {logging_mixin.py:188} INFO - [2026-03-13T23:14:01.076+0100] {dag.py:3089} INFO - Sync 1 DAGs
[2026-03-13T23:14:01.116+0100] {logging_mixin.py:188} INFO - [2026-03-13T23:14:01.116+0100] {dag.py:3947} INFO - Setting next_dagrun for example_python_decorator to None, run_after=None
[2026-03-13T23:14:01.127+0100] {processor.py:183} INFO - Processing /Users/harshasogala/financial-data-platform/venv/lib/python3.12/site-packages/airflow/example_dags/example_python_decorator.py took 0.134 seconds
[2026-03-13T23:15:15.146+0100] {processor.py:161} INFO - Started process (PID=73542) to work on /Users/harshasogala/financial-data-platform/venv/lib/python3.12/site-packages/airflow/example_dags/example_python_decorator.py
[2026-03-13T23:15:15.147+0100] {processor.py:830} INFO - Processing file /Users/harshasogala/financial-data-platform/venv/lib/python3.12/site-packages/airflow/example_dags/example_python_decorator.py for tasks to queue
[2026-03-13T23:15:15.147+0100] {logging_mixin.py:188} INFO - [2026-03-13T23:15:15.147+0100] {dagbag.py:545} INFO - Filling up the DagBag from /Users/harshasogala/financial-data-platform/venv/lib/python3.12/site-packages/airflow/example_dags/example_python_decorator.py
[2026-03-13T23:15:15.169+0100] {logging_mixin.py:188} INFO - [2026-03-13T23:15:15.169+0100] {example_python_decorator.py:80} WARNING - The virtalenv_python example task requires virtualenv, please install it.
[2026-03-13T23:15:15.170+0100] {processor.py:840} INFO - DAG(s) 'example_python_decorator' retrieved from /Users/harshasogala/financial-data-platform/venv/lib/python3.12/site-packages/airflow/example_dags/example_python_decorator.py
[2026-03-13T23:15:15.258+0100] {logging_mixin.py:188} INFO - [2026-03-13T23:15:15.224+0100] {dag.py:3089} INFO - Sync 1 DAGs
[2026-03-13T23:15:15.263+0100] {logging_mixin.py:188} INFO - [2026-03-13T23:15:15.263+0100] {dag.py:3947} INFO - Setting next_dagrun for example_python_decorator to None, run_after=None
[2026-03-13T23:15:15.274+0100] {processor.py:183} INFO - Processing /Users/harshasogala/financial-data-platform/venv/lib/python3.12/site-packages/airflow/example_dags/example_python_decorator.py took 0.130 seconds
[2026-03-13T23:16:28.922+0100] {processor.py:161} INFO - Started process (PID=73605) to work on /Users/harshasogala/financial-data-platform/venv/lib/python3.12/site-packages/airflow/example_dags/example_python_decorator.py
[2026-03-13T23:16:28.923+0100] {processor.py:830} INFO - Processing file /Users/harshasogala/financial-data-platform/venv/lib/python3.12/site-packages/airflow/example_dags/example_python_decorator.py for tasks to queue
[2026-03-13T23:16:28.923+0100] {logging_mixin.py:188} INFO - [2026-03-13T23:16:28.923+0100] {dagbag.py:545} INFO - Filling up the DagBag from /Users/harshasogala/financial-data-platform/venv/lib/python3.12/site-packages/airflow/example_dags/example_python_decorator.py
[2026-03-13T23:16:28.946+0100] {logging_mixin.py:188} INFO - [2026-03-13T23:16:28.946+0100] {example_python_decorator.py:80} WARNING - The virtalenv_python example task requires virtualenv, please install it.
[2026-03-13T23:16:28.947+0100] {processor.py:840} INFO - DAG(s) 'example_python_decorator' retrieved from /Users/harshasogala/financial-data-platform/venv/lib/python3.12/site-packages/airflow/example_dags/example_python_decorator.py
[2026-03-13T23:16:29.037+0100] {logging_mixin.py:188} INFO - [2026-03-13T23:16:29.003+0100] {dag.py:3089} INFO - Sync 1 DAGs
[2026-03-13T23:16:29.042+0100] {logging_mixin.py:188} INFO - [2026-03-13T23:16:29.042+0100] {dag.py:3947} INFO - Setting next_dagrun for example_python_decorator to None, run_after=None
[2026-03-13T23:16:29.053+0100] {processor.py:183} INFO - Processing /Users/harshasogala/financial-data-platform/venv/lib/python3.12/site-packages/airflow/example_dags/example_python_decorator.py took 0.132 seconds
[2026-03-13T23:17:46.589+0100] {processor.py:161} INFO - Started process (PID=73671) to work on /Users/harshasogala/financial-data-platform/venv/lib/python3.12/site-packages/airflow/example_dags/example_python_decorator.py
[2026-03-13T23:17:46.590+0100] {processor.py:830} INFO - Processing file /Users/harshasogala/financial-data-platform/venv/lib/python3.12/site-packages/airflow/example_dags/example_python_decorator.py for tasks to queue
[2026-03-13T23:17:46.590+0100] {logging_mixin.py:188} INFO - [2026-03-13T23:17:46.590+0100] {dagbag.py:545} INFO - Filling up the DagBag from /Users/harshasogala/financial-data-platform/venv/lib/python3.12/site-packages/airflow/example_dags/example_python_decorator.py
[2026-03-13T23:17:46.613+0100] {logging_mixin.py:188} INFO - [2026-03-13T23:17:46.613+0100] {example_python_decorator.py:80} WARNING - The virtalenv_python example task requires virtualenv, please install it.
[2026-03-13T23:17:46.614+0100] {processor.py:840} INFO - DAG(s) 'example_python_decorator' retrieved from /Users/harshasogala/financial-data-platform/venv/lib/python3.12/site-packages/airflow/example_dags/example_python_decorator.py
[2026-03-13T23:17:46.706+0100] {logging_mixin.py:188} INFO - [2026-03-13T23:17:46.669+0100] {dag.py:3089} INFO - Sync 1 DAGs
[2026-03-13T23:17:46.712+0100] {logging_mixin.py:188} INFO - [2026-03-13T23:17:46.712+0100] {dag.py:3947} INFO - Setting next_dagrun for example_python_decorator to None, run_after=None
[2026-03-13T23:17:46.723+0100] {processor.py:183} INFO - Processing /Users/harshasogala/financial-data-platform/venv/lib/python3.12/site-packages/airflow/example_dags/example_python_decorator.py took 0.136 seconds
[2026-03-13T23:19:02.642+0100] {processor.py:161} INFO - Started process (PID=73732) to work on /Users/harshasogala/financial-data-platform/venv/lib/python3.12/site-packages/airflow/example_dags/example_python_decorator.py
[2026-03-13T23:19:02.643+0100] {processor.py:830} INFO - Processing file /Users/harshasogala/financial-data-platform/venv/lib/python3.12/site-packages/airflow/example_dags/example_python_decorator.py for tasks to queue
[2026-03-13T23:19:02.644+0100] {logging_mixin.py:188} INFO - [2026-03-13T23:19:02.644+0100] {dagbag.py:545} INFO - Filling up the DagBag from /Users/harshasogala/financial-data-platform/venv/lib/python3.12/site-packages/airflow/example_dags/example_python_decorator.py
[2026-03-13T23:19:02.667+0100] {logging_mixin.py:188} INFO - [2026-03-13T23:19:02.667+0100] {example_python_decorator.py:80} WARNING - The virtalenv_python example task requires virtualenv, please install it.
[2026-03-13T23:19:02.669+0100] {processor.py:840} INFO - DAG(s) 'example_python_decorator' retrieved from /Users/harshasogala/financial-data-platform/venv/lib/python3.12/site-packages/airflow/example_dags/example_python_decorator.py
[2026-03-13T23:19:02.759+0100] {logging_mixin.py:188} INFO - [2026-03-13T23:19:02.724+0100] {dag.py:3089} INFO - Sync 1 DAGs
[2026-03-13T23:19:02.764+0100] {logging_mixin.py:188} INFO - [2026-03-13T23:19:02.764+0100] {dag.py:3947} INFO - Setting next_dagrun for example_python_decorator to None, run_after=None
[2026-03-13T23:19:02.775+0100] {processor.py:183} INFO - Processing /Users/harshasogala/financial-data-platform/venv/lib/python3.12/site-packages/airflow/example_dags/example_python_decorator.py took 0.135 seconds
[2026-03-13T23:20:20.066+0100] {processor.py:161} INFO - Started process (PID=73797) to work on /Users/harshasogala/financial-data-platform/venv/lib/python3.12/site-packages/airflow/example_dags/example_python_decorator.py
[2026-03-13T23:20:20.067+0100] {processor.py:830} INFO - Processing file /Users/harshasogala/financial-data-platform/venv/lib/python3.12/site-packages/airflow/example_dags/example_python_decorator.py for tasks to queue
[2026-03-13T23:20:20.067+0100] {logging_mixin.py:188} INFO - [2026-03-13T23:20:20.067+0100] {dagbag.py:545} INFO - Filling up the DagBag from /Users/harshasogala/financial-data-platform/venv/lib/python3.12/site-packages/airflow/example_dags/example_python_decorator.py
[2026-03-13T23:20:20.090+0100] {logging_mixin.py:188} INFO - [2026-03-13T23:20:20.089+0100] {example_python_decorator.py:80} WARNING - The virtalenv_python example task requires virtualenv, please install it.
[2026-03-13T23:20:20.091+0100] {processor.py:840} INFO - DAG(s) 'example_python_decorator' retrieved from /Users/harshasogala/financial-data-platform/venv/lib/python3.12/site-packages/airflow/example_dags/example_python_decorator.py
[2026-03-13T23:20:20.182+0100] {logging_mixin.py:188} INFO - [2026-03-13T23:20:20.146+0100] {dag.py:3089} INFO - Sync 1 DAGs
[2026-03-13T23:20:20.188+0100] {logging_mixin.py:188} INFO - [2026-03-13T23:20:20.188+0100] {dag.py:3947} INFO - Setting next_dagrun for example_python_decorator to None, run_after=None
[2026-03-13T23:20:20.199+0100] {processor.py:183} INFO - Processing /Users/harshasogala/financial-data-platform/venv/lib/python3.12/site-packages/airflow/example_dags/example_python_decorator.py took 0.135 seconds
[2026-03-13T23:21:35.282+0100] {processor.py:161} INFO - Started process (PID=73881) to work on /Users/harshasogala/financial-data-platform/venv/lib/python3.12/site-packages/airflow/example_dags/example_python_decorator.py
[2026-03-13T23:21:35.283+0100] {processor.py:830} INFO - Processing file /Users/harshasogala/financial-data-platform/venv/lib/python3.12/site-packages/airflow/example_dags/example_python_decorator.py for tasks to queue
[2026-03-13T23:21:35.284+0100] {logging_mixin.py:188} INFO - [2026-03-13T23:21:35.284+0100] {dagbag.py:545} INFO - Filling up the DagBag from /Users/harshasogala/financial-data-platform/venv/lib/python3.12/site-packages/airflow/example_dags/example_python_decorator.py
[2026-03-13T23:21:35.307+0100] {logging_mixin.py:188} INFO - [2026-03-13T23:21:35.306+0100] {example_python_decorator.py:80} WARNING - The virtalenv_python example task requires virtualenv, please install it.
[2026-03-13T23:21:35.308+0100] {processor.py:840} INFO - DAG(s) 'example_python_decorator' retrieved from /Users/harshasogala/financial-data-platform/venv/lib/python3.12/site-packages/airflow/example_dags/example_python_decorator.py
[2026-03-13T23:21:35.395+0100] {logging_mixin.py:188} INFO - [2026-03-13T23:21:35.361+0100] {dag.py:3089} INFO - Sync 1 DAGs
[2026-03-13T23:21:35.400+0100] {logging_mixin.py:188} INFO - [2026-03-13T23:21:35.400+0100] {dag.py:3947} INFO - Setting next_dagrun for example_python_decorator to None, run_after=None
[2026-03-13T23:21:35.411+0100] {processor.py:183} INFO - Processing /Users/harshasogala/financial-data-platform/venv/lib/python3.12/site-packages/airflow/example_dags/example_python_decorator.py took 0.131 seconds
[2026-03-13T23:22:48.336+0100] {processor.py:161} INFO - Started process (PID=73943) to work on /Users/harshasogala/financial-data-platform/venv/lib/python3.12/site-packages/airflow/example_dags/example_python_decorator.py
[2026-03-13T23:22:48.337+0100] {processor.py:830} INFO - Processing file /Users/harshasogala/financial-data-platform/venv/lib/python3.12/site-packages/airflow/example_dags/example_python_decorator.py for tasks to queue
[2026-03-13T23:22:48.338+0100] {logging_mixin.py:188} INFO - [2026-03-13T23:22:48.338+0100] {dagbag.py:545} INFO - Filling up the DagBag from /Users/harshasogala/financial-data-platform/venv/lib/python3.12/site-packages/airflow/example_dags/example_python_decorator.py
[2026-03-13T23:22:48.360+0100] {logging_mixin.py:188} INFO - [2026-03-13T23:22:48.360+0100] {example_python_decorator.py:80} WARNING - The virtalenv_python example task requires virtualenv, please install it.
[2026-03-13T23:22:48.362+0100] {processor.py:840} INFO - DAG(s) 'example_python_decorator' retrieved from /Users/harshasogala/financial-data-platform/venv/lib/python3.12/site-packages/airflow/example_dags/example_python_decorator.py
[2026-03-13T23:22:48.449+0100] {logging_mixin.py:188} INFO - [2026-03-13T23:22:48.416+0100] {dag.py:3089} INFO - Sync 1 DAGs
[2026-03-13T23:22:48.455+0100] {logging_mixin.py:188} INFO - [2026-03-13T23:22:48.455+0100] {dag.py:3947} INFO - Setting next_dagrun for example_python_decorator to None, run_after=None
[2026-03-13T23:22:48.466+0100] {processor.py:183} INFO - Processing /Users/harshasogala/financial-data-platform/venv/lib/python3.12/site-packages/airflow/example_dags/example_python_decorator.py took 0.131 seconds
[2026-03-13T23:24:03.240+0100] {processor.py:161} INFO - Started process (PID=74002) to work on /Users/harshasogala/financial-data-platform/venv/lib/python3.12/site-packages/airflow/example_dags/example_python_decorator.py
[2026-03-13T23:24:03.242+0100] {processor.py:830} INFO - Processing file /Users/harshasogala/financial-data-platform/venv/lib/python3.12/site-packages/airflow/example_dags/example_python_decorator.py for tasks to queue
[2026-03-13T23:24:03.242+0100] {logging_mixin.py:188} INFO - [2026-03-13T23:24:03.242+0100] {dagbag.py:545} INFO - Filling up the DagBag from /Users/harshasogala/financial-data-platform/venv/lib/python3.12/site-packages/airflow/example_dags/example_python_decorator.py
[2026-03-13T23:24:03.265+0100] {logging_mixin.py:188} INFO - [2026-03-13T23:24:03.264+0100] {example_python_decorator.py:80} WARNING - The virtalenv_python example task requires virtualenv, please install it.
[2026-03-13T23:24:03.266+0100] {processor.py:840} INFO - DAG(s) 'example_python_decorator' retrieved from /Users/harshasogala/financial-data-platform/venv/lib/python3.12/site-packages/airflow/example_dags/example_python_decorator.py
[2026-03-13T23:24:03.352+0100] {logging_mixin.py:188} INFO - [2026-03-13T23:24:03.319+0100] {dag.py:3089} INFO - Sync 1 DAGs
[2026-03-13T23:24:03.358+0100] {logging_mixin.py:188} INFO - [2026-03-13T23:24:03.358+0100] {dag.py:3947} INFO - Setting next_dagrun for example_python_decorator to None, run_after=None
[2026-03-13T23:24:03.369+0100] {processor.py:183} INFO - Processing /Users/harshasogala/financial-data-platform/venv/lib/python3.12/site-packages/airflow/example_dags/example_python_decorator.py took 0.130 seconds
[2026-03-13T23:25:20.862+0100] {processor.py:161} INFO - Started process (PID=74062) to work on /Users/harshasogala/financial-data-platform/venv/lib/python3.12/site-packages/airflow/example_dags/example_python_decorator.py
[2026-03-13T23:25:20.864+0100] {processor.py:830} INFO - Processing file /Users/harshasogala/financial-data-platform/venv/lib/python3.12/site-packages/airflow/example_dags/example_python_decorator.py for tasks to queue
[2026-03-13T23:25:20.864+0100] {logging_mixin.py:188} INFO - [2026-03-13T23:25:20.864+0100] {dagbag.py:545} INFO - Filling up the DagBag from /Users/harshasogala/financial-data-platform/venv/lib/python3.12/site-packages/airflow/example_dags/example_python_decorator.py
[2026-03-13T23:25:20.910+0100] {logging_mixin.py:188} INFO - [2026-03-13T23:25:20.909+0100] {example_python_decorator.py:80} WARNING - The virtalenv_python example task requires virtualenv, please install it.
[2026-03-13T23:25:20.915+0100] {processor.py:840} INFO - DAG(s) 'example_python_decorator' retrieved from /Users/harshasogala/financial-data-platform/venv/lib/python3.12/site-packages/airflow/example_dags/example_python_decorator.py
[2026-03-13T23:25:21.068+0100] {logging_mixin.py:188} INFO - [2026-03-13T23:25:21.019+0100] {dag.py:3089} INFO - Sync 1 DAGs
[2026-03-13T23:25:21.075+0100] {logging_mixin.py:188} INFO - [2026-03-13T23:25:21.074+0100] {dag.py:3947} INFO - Setting next_dagrun for example_python_decorator to None, run_after=None
[2026-03-13T23:25:21.087+0100] {processor.py:183} INFO - Processing /Users/harshasogala/financial-data-platform/venv/lib/python3.12/site-packages/airflow/example_dags/example_python_decorator.py took 0.228 seconds
[2026-03-13T23:26:36.622+0100] {processor.py:161} INFO - Started process (PID=74120) to work on /Users/harshasogala/financial-data-platform/venv/lib/python3.12/site-packages/airflow/example_dags/example_python_decorator.py
[2026-03-13T23:26:36.623+0100] {processor.py:830} INFO - Processing file /Users/harshasogala/financial-data-platform/venv/lib/python3.12/site-packages/airflow/example_dags/example_python_decorator.py for tasks to queue
[2026-03-13T23:26:36.623+0100] {logging_mixin.py:188} INFO - [2026-03-13T23:26:36.623+0100] {dagbag.py:545} INFO - Filling up the DagBag from /Users/harshasogala/financial-data-platform/venv/lib/python3.12/site-packages/airflow/example_dags/example_python_decorator.py
[2026-03-13T23:26:36.645+0100] {logging_mixin.py:188} INFO - [2026-03-13T23:26:36.645+0100] {example_python_decorator.py:80} WARNING - The virtalenv_python example task requires virtualenv, please install it.
[2026-03-13T23:26:36.646+0100] {processor.py:840} INFO - DAG(s) 'example_python_decorator' retrieved from /Users/harshasogala/financial-data-platform/venv/lib/python3.12/site-packages/airflow/example_dags/example_python_decorator.py
[2026-03-13T23:26:36.733+0100] {logging_mixin.py:188} INFO - [2026-03-13T23:26:36.699+0100] {dag.py:3089} INFO - Sync 1 DAGs
[2026-03-13T23:26:36.738+0100] {logging_mixin.py:188} INFO - [2026-03-13T23:26:36.738+0100] {dag.py:3947} INFO - Setting next_dagrun for example_python_decorator to None, run_after=None
[2026-03-13T23:26:36.748+0100] {processor.py:183} INFO - Processing /Users/harshasogala/financial-data-platform/venv/lib/python3.12/site-packages/airflow/example_dags/example_python_decorator.py took 0.129 seconds
[2026-03-13T23:27:56.185+0100] {processor.py:161} INFO - Started process (PID=74220) to work on /Users/harshasogala/financial-data-platform/venv/lib/python3.12/site-packages/airflow/example_dags/example_python_decorator.py
[2026-03-13T23:27:56.186+0100] {processor.py:830} INFO - Processing file /Users/harshasogala/financial-data-platform/venv/lib/python3.12/site-packages/airflow/example_dags/example_python_decorator.py for tasks to queue
[2026-03-13T23:27:56.187+0100] {logging_mixin.py:188} INFO - [2026-03-13T23:27:56.187+0100] {dagbag.py:545} INFO - Filling up the DagBag from /Users/harshasogala/financial-data-platform/venv/lib/python3.12/site-packages/airflow/example_dags/example_python_decorator.py
[2026-03-13T23:27:56.220+0100] {logging_mixin.py:188} INFO - [2026-03-13T23:27:56.220+0100] {example_python_decorator.py:80} WARNING - The virtalenv_python example task requires virtualenv, please install it.
[2026-03-13T23:27:56.222+0100] {processor.py:840} INFO - DAG(s) 'example_python_decorator' retrieved from /Users/harshasogala/financial-data-platform/venv/lib/python3.12/site-packages/airflow/example_dags/example_python_decorator.py
[2026-03-13T23:27:56.324+0100] {logging_mixin.py:188} INFO - [2026-03-13T23:27:56.287+0100] {dag.py:3089} INFO - Sync 1 DAGs
[2026-03-13T23:27:56.331+0100] {logging_mixin.py:188} INFO - [2026-03-13T23:27:56.331+0100] {dag.py:3947} INFO - Setting next_dagrun for example_python_decorator to None, run_after=None
[2026-03-13T23:27:56.344+0100] {processor.py:183} INFO - Processing /Users/harshasogala/financial-data-platform/venv/lib/python3.12/site-packages/airflow/example_dags/example_python_decorator.py took 0.162 seconds
[2026-03-13T23:29:12.633+0100] {processor.py:161} INFO - Started process (PID=74284) to work on /Users/harshasogala/financial-data-platform/venv/lib/python3.12/site-packages/airflow/example_dags/example_python_decorator.py
[2026-03-13T23:29:12.634+0100] {processor.py:830} INFO - Processing file /Users/harshasogala/financial-data-platform/venv/lib/python3.12/site-packages/airflow/example_dags/example_python_decorator.py for tasks to queue
[2026-03-13T23:29:12.635+0100] {logging_mixin.py:188} INFO - [2026-03-13T23:29:12.635+0100] {dagbag.py:545} INFO - Filling up the DagBag from /Users/harshasogala/financial-data-platform/venv/lib/python3.12/site-packages/airflow/example_dags/example_python_decorator.py
[2026-03-13T23:29:12.657+0100] {logging_mixin.py:188} INFO - [2026-03-13T23:29:12.657+0100] {example_python_decorator.py:80} WARNING - The virtalenv_python example task requires virtualenv, please install it.
[2026-03-13T23:29:12.658+0100] {processor.py:840} INFO - DAG(s) 'example_python_decorator' retrieved from /Users/harshasogala/financial-data-platform/venv/lib/python3.12/site-packages/airflow/example_dags/example_python_decorator.py
[2026-03-13T23:29:12.745+0100] {logging_mixin.py:188} INFO - [2026-03-13T23:29:12.712+0100] {dag.py:3089} INFO - Sync 1 DAGs
[2026-03-13T23:29:12.750+0100] {logging_mixin.py:188} INFO - [2026-03-13T23:29:12.750+0100] {dag.py:3947} INFO - Setting next_dagrun for example_python_decorator to None, run_after=None
[2026-03-13T23:29:12.761+0100] {processor.py:183} INFO - Processing /Users/harshasogala/financial-data-platform/venv/lib/python3.12/site-packages/airflow/example_dags/example_python_decorator.py took 0.130 seconds
[2026-03-13T23:30:27.957+0100] {processor.py:161} INFO - Started process (PID=74374) to work on /Users/harshasogala/financial-data-platform/venv/lib/python3.12/site-packages/airflow/example_dags/example_python_decorator.py
[2026-03-13T23:30:27.958+0100] {processor.py:830} INFO - Processing file /Users/harshasogala/financial-data-platform/venv/lib/python3.12/site-packages/airflow/example_dags/example_python_decorator.py for tasks to queue
[2026-03-13T23:30:27.959+0100] {logging_mixin.py:188} INFO - [2026-03-13T23:30:27.959+0100] {dagbag.py:545} INFO - Filling up the DagBag from /Users/harshasogala/financial-data-platform/venv/lib/python3.12/site-packages/airflow/example_dags/example_python_decorator.py
[2026-03-13T23:30:27.983+0100] {logging_mixin.py:188} INFO - [2026-03-13T23:30:27.983+0100] {example_python_decorator.py:80} WARNING - The virtalenv_python example task requires virtualenv, please install it.
[2026-03-13T23:30:27.984+0100] {processor.py:840} INFO - DAG(s) 'example_python_decorator' retrieved from /Users/harshasogala/financial-data-platform/venv/lib/python3.12/site-packages/airflow/example_dags/example_python_decorator.py
[2026-03-13T23:30:28.072+0100] {logging_mixin.py:188} INFO - [2026-03-13T23:30:28.038+0100] {dag.py:3089} INFO - Sync 1 DAGs
[2026-03-13T23:30:28.077+0100] {logging_mixin.py:188} INFO - [2026-03-13T23:30:28.077+0100] {dag.py:3947} INFO - Setting next_dagrun for example_python_decorator to None, run_after=None
[2026-03-13T23:30:28.089+0100] {processor.py:183} INFO - Processing /Users/harshasogala/financial-data-platform/venv/lib/python3.12/site-packages/airflow/example_dags/example_python_decorator.py took 0.133 seconds
[2026-03-13T23:31:46.086+0100] {processor.py:161} INFO - Started process (PID=74805) to work on /Users/harshasogala/financial-data-platform/venv/lib/python3.12/site-packages/airflow/example_dags/example_python_decorator.py
[2026-03-13T23:31:46.087+0100] {processor.py:830} INFO - Processing file /Users/harshasogala/financial-data-platform/venv/lib/python3.12/site-packages/airflow/example_dags/example_python_decorator.py for tasks to queue
[2026-03-13T23:31:46.088+0100] {logging_mixin.py:188} INFO - [2026-03-13T23:31:46.088+0100] {dagbag.py:545} INFO - Filling up the DagBag from /Users/harshasogala/financial-data-platform/venv/lib/python3.12/site-packages/airflow/example_dags/example_python_decorator.py
[2026-03-13T23:31:46.111+0100] {logging_mixin.py:188} INFO - [2026-03-13T23:31:46.111+0100] {example_python_decorator.py:80} WARNING - The virtalenv_python example task requires virtualenv, please install it.
[2026-03-13T23:31:46.113+0100] {processor.py:840} INFO - DAG(s) 'example_python_decorator' retrieved from /Users/harshasogala/financial-data-platform/venv/lib/python3.12/site-packages/airflow/example_dags/example_python_decorator.py
[2026-03-13T23:31:46.202+0100] {logging_mixin.py:188} INFO - [2026-03-13T23:31:46.167+0100] {dag.py:3089} INFO - Sync 1 DAGs
[2026-03-13T23:31:46.207+0100] {logging_mixin.py:188} INFO - [2026-03-13T23:31:46.207+0100] {dag.py:3947} INFO - Setting next_dagrun for example_python_decorator to None, run_after=None
[2026-03-13T23:31:46.219+0100] {processor.py:183} INFO - Processing /Users/harshasogala/financial-data-platform/venv/lib/python3.12/site-packages/airflow/example_dags/example_python_decorator.py took 0.135 seconds
[2026-03-13T23:33:03.293+0100] {processor.py:161} INFO - Started process (PID=74986) to work on /Users/harshasogala/financial-data-platform/venv/lib/python3.12/site-packages/airflow/example_dags/example_python_decorator.py
[2026-03-13T23:33:03.294+0100] {processor.py:830} INFO - Processing file /Users/harshasogala/financial-data-platform/venv/lib/python3.12/site-packages/airflow/example_dags/example_python_decorator.py for tasks to queue
[2026-03-13T23:33:03.295+0100] {logging_mixin.py:188} INFO - [2026-03-13T23:33:03.294+0100] {dagbag.py:545} INFO - Filling up the DagBag from /Users/harshasogala/financial-data-platform/venv/lib/python3.12/site-packages/airflow/example_dags/example_python_decorator.py
[2026-03-13T23:33:03.318+0100] {logging_mixin.py:188} INFO - [2026-03-13T23:33:03.318+0100] {example_python_decorator.py:80} WARNING - The virtalenv_python example task requires virtualenv, please install it.
[2026-03-13T23:33:03.319+0100] {processor.py:840} INFO - DAG(s) 'example_python_decorator' retrieved from /Users/harshasogala/financial-data-platform/venv/lib/python3.12/site-packages/airflow/example_dags/example_python_decorator.py
[2026-03-13T23:33:03.412+0100] {logging_mixin.py:188} INFO - [2026-03-13T23:33:03.373+0100] {dag.py:3089} INFO - Sync 1 DAGs
[2026-03-13T23:33:03.417+0100] {logging_mixin.py:188} INFO - [2026-03-13T23:33:03.417+0100] {dag.py:3947} INFO - Setting next_dagrun for example_python_decorator to None, run_after=None
[2026-03-13T23:33:03.429+0100] {processor.py:183} INFO - Processing /Users/harshasogala/financial-data-platform/venv/lib/python3.12/site-packages/airflow/example_dags/example_python_decorator.py took 0.138 seconds
