[2026-03-13T22:18:43.779+0100] {processor.py:161} INFO - Started process (PID=66023) to work on /Users/harshasogala/financial-data-platform/venv/lib/python3.12/site-packages/airflow/example_dags/example_params_trigger_ui.py
[2026-03-13T22:18:43.780+0100] {processor.py:830} INFO - Processing file /Users/harshasogala/financial-data-platform/venv/lib/python3.12/site-packages/airflow/example_dags/example_params_trigger_ui.py for tasks to queue
[2026-03-13T22:18:43.780+0100] {logging_mixin.py:188} INFO - [2026-03-13T22:18:43.780+0100] {dagbag.py:545} INFO - Filling up the DagBag from /Users/harshasogala/financial-data-platform/venv/lib/python3.12/site-packages/airflow/example_dags/example_params_trigger_ui.py
[2026-03-13T22:18:43.805+0100] {processor.py:840} INFO - DAG(s) 'example_params_trigger_ui' retrieved from /Users/harshasogala/financial-data-platform/venv/lib/python3.12/site-packages/airflow/example_dags/example_params_trigger_ui.py
[2026-03-13T22:18:43.916+0100] {logging_mixin.py:188} INFO - [2026-03-13T22:18:43.916+0100] {override.py:1858} INFO - Created Permission View: can edit on DAG:example_params_trigger_ui
[2026-03-13T22:18:43.921+0100] {logging_mixin.py:188} INFO - [2026-03-13T22:18:43.921+0100] {override.py:1858} INFO - Created Permission View: can delete on DAG:example_params_trigger_ui
[2026-03-13T22:18:43.924+0100] {logging_mixin.py:188} INFO - [2026-03-13T22:18:43.924+0100] {override.py:1858} INFO - Created Permission View: can read on DAG:example_params_trigger_ui
[2026-03-13T22:18:43.924+0100] {logging_mixin.py:188} INFO - [2026-03-13T22:18:43.924+0100] {dag.py:3089} INFO - Sync 1 DAGs
[2026-03-13T22:18:43.930+0100] {logging_mixin.py:188} INFO - [2026-03-13T22:18:43.930+0100] {dag.py:3111} INFO - Creating ORM DAG for example_params_trigger_ui
[2026-03-13T22:18:43.930+0100] {logging_mixin.py:188} INFO - [2026-03-13T22:18:43.930+0100] {dag.py:3947} INFO - Setting next_dagrun for example_params_trigger_ui to None, run_after=None
[2026-03-13T22:18:43.982+0100] {processor.py:183} INFO - Processing /Users/harshasogala/financial-data-platform/venv/lib/python3.12/site-packages/airflow/example_dags/example_params_trigger_ui.py took 0.204 seconds
[2026-03-13T22:20:31.504+0100] {processor.py:161} INFO - Started process (PID=66094) to work on /Users/harshasogala/financial-data-platform/venv/lib/python3.12/site-packages/airflow/example_dags/example_params_trigger_ui.py
[2026-03-13T22:20:31.505+0100] {processor.py:830} INFO - Processing file /Users/harshasogala/financial-data-platform/venv/lib/python3.12/site-packages/airflow/example_dags/example_params_trigger_ui.py for tasks to queue
[2026-03-13T22:20:31.506+0100] {logging_mixin.py:188} INFO - [2026-03-13T22:20:31.506+0100] {dagbag.py:545} INFO - Filling up the DagBag from /Users/harshasogala/financial-data-platform/venv/lib/python3.12/site-packages/airflow/example_dags/example_params_trigger_ui.py
[2026-03-13T22:20:31.530+0100] {processor.py:840} INFO - DAG(s) 'example_params_trigger_ui' retrieved from /Users/harshasogala/financial-data-platform/venv/lib/python3.12/site-packages/airflow/example_dags/example_params_trigger_ui.py
[2026-03-13T22:20:31.595+0100] {logging_mixin.py:188} INFO - [2026-03-13T22:20:31.595+0100] {dag.py:3089} INFO - Sync 1 DAGs
[2026-03-13T22:20:31.601+0100] {logging_mixin.py:188} INFO - [2026-03-13T22:20:31.600+0100] {dag.py:3947} INFO - Setting next_dagrun for example_params_trigger_ui to None, run_after=None
[2026-03-13T22:20:31.611+0100] {processor.py:183} INFO - Processing /Users/harshasogala/financial-data-platform/venv/lib/python3.12/site-packages/airflow/example_dags/example_params_trigger_ui.py took 0.109 seconds
[2026-03-13T22:28:32.573+0100] {processor.py:161} INFO - Started process (PID=67336) to work on /Users/harshasogala/financial-data-platform/venv/lib/python3.12/site-packages/airflow/example_dags/example_params_trigger_ui.py
[2026-03-13T22:28:32.574+0100] {processor.py:830} INFO - Processing file /Users/harshasogala/financial-data-platform/venv/lib/python3.12/site-packages/airflow/example_dags/example_params_trigger_ui.py for tasks to queue
[2026-03-13T22:28:32.575+0100] {logging_mixin.py:188} INFO - [2026-03-13T22:28:32.575+0100] {dagbag.py:545} INFO - Filling up the DagBag from /Users/harshasogala/financial-data-platform/venv/lib/python3.12/site-packages/airflow/example_dags/example_params_trigger_ui.py
[2026-03-13T22:28:32.598+0100] {processor.py:840} INFO - DAG(s) 'example_params_trigger_ui' retrieved from /Users/harshasogala/financial-data-platform/venv/lib/python3.12/site-packages/airflow/example_dags/example_params_trigger_ui.py
[2026-03-13T22:28:32.666+0100] {logging_mixin.py:188} INFO - [2026-03-13T22:28:32.666+0100] {dag.py:3089} INFO - Sync 1 DAGs
[2026-03-13T22:28:32.672+0100] {logging_mixin.py:188} INFO - [2026-03-13T22:28:32.672+0100] {dag.py:3947} INFO - Setting next_dagrun for example_params_trigger_ui to None, run_after=None
[2026-03-13T22:28:32.683+0100] {processor.py:183} INFO - Processing /Users/harshasogala/financial-data-platform/venv/lib/python3.12/site-packages/airflow/example_dags/example_params_trigger_ui.py took 0.111 seconds
[2026-03-13T22:29:38.269+0100] {processor.py:161} INFO - Started process (PID=67459) to work on /Users/harshasogala/financial-data-platform/venv/lib/python3.12/site-packages/airflow/example_dags/example_params_trigger_ui.py
[2026-03-13T22:29:38.269+0100] {processor.py:830} INFO - Processing file /Users/harshasogala/financial-data-platform/venv/lib/python3.12/site-packages/airflow/example_dags/example_params_trigger_ui.py for tasks to queue
[2026-03-13T22:29:38.270+0100] {logging_mixin.py:188} INFO - [2026-03-13T22:29:38.270+0100] {dagbag.py:545} INFO - Filling up the DagBag from /Users/harshasogala/financial-data-platform/venv/lib/python3.12/site-packages/airflow/example_dags/example_params_trigger_ui.py
[2026-03-13T22:29:38.294+0100] {processor.py:840} INFO - DAG(s) 'example_params_trigger_ui' retrieved from /Users/harshasogala/financial-data-platform/venv/lib/python3.12/site-packages/airflow/example_dags/example_params_trigger_ui.py
[2026-03-13T22:29:38.360+0100] {logging_mixin.py:188} INFO - [2026-03-13T22:29:38.360+0100] {dag.py:3089} INFO - Sync 1 DAGs
[2026-03-13T22:29:38.366+0100] {logging_mixin.py:188} INFO - [2026-03-13T22:29:38.366+0100] {dag.py:3947} INFO - Setting next_dagrun for example_params_trigger_ui to None, run_after=None
[2026-03-13T22:29:38.376+0100] {processor.py:183} INFO - Processing /Users/harshasogala/financial-data-platform/venv/lib/python3.12/site-packages/airflow/example_dags/example_params_trigger_ui.py took 0.109 seconds
[2026-03-13T22:30:45.401+0100] {processor.py:161} INFO - Started process (PID=67529) to work on /Users/harshasogala/financial-data-platform/venv/lib/python3.12/site-packages/airflow/example_dags/example_params_trigger_ui.py
[2026-03-13T22:30:45.401+0100] {processor.py:830} INFO - Processing file /Users/harshasogala/financial-data-platform/venv/lib/python3.12/site-packages/airflow/example_dags/example_params_trigger_ui.py for tasks to queue
[2026-03-13T22:30:45.402+0100] {logging_mixin.py:188} INFO - [2026-03-13T22:30:45.402+0100] {dagbag.py:545} INFO - Filling up the DagBag from /Users/harshasogala/financial-data-platform/venv/lib/python3.12/site-packages/airflow/example_dags/example_params_trigger_ui.py
[2026-03-13T22:30:45.426+0100] {processor.py:840} INFO - DAG(s) 'example_params_trigger_ui' retrieved from /Users/harshasogala/financial-data-platform/venv/lib/python3.12/site-packages/airflow/example_dags/example_params_trigger_ui.py
[2026-03-13T22:30:45.492+0100] {logging_mixin.py:188} INFO - [2026-03-13T22:30:45.492+0100] {dag.py:3089} INFO - Sync 1 DAGs
[2026-03-13T22:30:45.497+0100] {logging_mixin.py:188} INFO - [2026-03-13T22:30:45.497+0100] {dag.py:3947} INFO - Setting next_dagrun for example_params_trigger_ui to None, run_after=None
[2026-03-13T22:30:45.509+0100] {processor.py:183} INFO - Processing /Users/harshasogala/financial-data-platform/venv/lib/python3.12/site-packages/airflow/example_dags/example_params_trigger_ui.py took 0.110 seconds
[2026-03-13T22:32:07.136+0100] {processor.py:161} INFO - Started process (PID=68423) to work on /Users/harshasogala/financial-data-platform/venv/lib/python3.12/site-packages/airflow/example_dags/example_params_trigger_ui.py
[2026-03-13T22:32:07.138+0100] {processor.py:830} INFO - Processing file /Users/harshasogala/financial-data-platform/venv/lib/python3.12/site-packages/airflow/example_dags/example_params_trigger_ui.py for tasks to queue
[2026-03-13T22:32:07.138+0100] {logging_mixin.py:188} INFO - [2026-03-13T22:32:07.138+0100] {dagbag.py:545} INFO - Filling up the DagBag from /Users/harshasogala/financial-data-platform/venv/lib/python3.12/site-packages/airflow/example_dags/example_params_trigger_ui.py
[2026-03-13T22:32:07.162+0100] {processor.py:840} INFO - DAG(s) 'example_params_trigger_ui' retrieved from /Users/harshasogala/financial-data-platform/venv/lib/python3.12/site-packages/airflow/example_dags/example_params_trigger_ui.py
[2026-03-13T22:32:07.260+0100] {logging_mixin.py:188} INFO - [2026-03-13T22:32:07.260+0100] {dag.py:3089} INFO - Sync 1 DAGs
[2026-03-13T22:32:07.265+0100] {logging_mixin.py:188} INFO - [2026-03-13T22:32:07.265+0100] {dag.py:3947} INFO - Setting next_dagrun for example_params_trigger_ui to None, run_after=None
[2026-03-13T22:32:07.276+0100] {processor.py:183} INFO - Processing /Users/harshasogala/financial-data-platform/venv/lib/python3.12/site-packages/airflow/example_dags/example_params_trigger_ui.py took 0.142 seconds
[2026-03-13T22:33:30.438+0100] {processor.py:161} INFO - Started process (PID=69139) to work on /Users/harshasogala/financial-data-platform/venv/lib/python3.12/site-packages/airflow/example_dags/example_params_trigger_ui.py
[2026-03-13T22:33:30.439+0100] {processor.py:830} INFO - Processing file /Users/harshasogala/financial-data-platform/venv/lib/python3.12/site-packages/airflow/example_dags/example_params_trigger_ui.py for tasks to queue
[2026-03-13T22:33:30.440+0100] {logging_mixin.py:188} INFO - [2026-03-13T22:33:30.439+0100] {dagbag.py:545} INFO - Filling up the DagBag from /Users/harshasogala/financial-data-platform/venv/lib/python3.12/site-packages/airflow/example_dags/example_params_trigger_ui.py
[2026-03-13T22:33:30.472+0100] {processor.py:840} INFO - DAG(s) 'example_params_trigger_ui' retrieved from /Users/harshasogala/financial-data-platform/venv/lib/python3.12/site-packages/airflow/example_dags/example_params_trigger_ui.py
[2026-03-13T22:33:30.603+0100] {logging_mixin.py:188} INFO - [2026-03-13T22:33:30.603+0100] {dag.py:3089} INFO - Sync 1 DAGs
[2026-03-13T22:33:30.610+0100] {logging_mixin.py:188} INFO - [2026-03-13T22:33:30.610+0100] {dag.py:3947} INFO - Setting next_dagrun for example_params_trigger_ui to None, run_after=None
[2026-03-13T22:33:30.624+0100] {processor.py:183} INFO - Processing /Users/harshasogala/financial-data-platform/venv/lib/python3.12/site-packages/airflow/example_dags/example_params_trigger_ui.py took 0.190 seconds
[2026-03-13T22:34:49.183+0100] {processor.py:161} INFO - Started process (PID=69207) to work on /Users/harshasogala/financial-data-platform/venv/lib/python3.12/site-packages/airflow/example_dags/example_params_trigger_ui.py
[2026-03-13T22:34:49.185+0100] {processor.py:830} INFO - Processing file /Users/harshasogala/financial-data-platform/venv/lib/python3.12/site-packages/airflow/example_dags/example_params_trigger_ui.py for tasks to queue
[2026-03-13T22:34:49.185+0100] {logging_mixin.py:188} INFO - [2026-03-13T22:34:49.185+0100] {dagbag.py:545} INFO - Filling up the DagBag from /Users/harshasogala/financial-data-platform/venv/lib/python3.12/site-packages/airflow/example_dags/example_params_trigger_ui.py
[2026-03-13T22:34:49.211+0100] {processor.py:840} INFO - DAG(s) 'example_params_trigger_ui' retrieved from /Users/harshasogala/financial-data-platform/venv/lib/python3.12/site-packages/airflow/example_dags/example_params_trigger_ui.py
[2026-03-13T22:34:49.317+0100] {logging_mixin.py:188} INFO - [2026-03-13T22:34:49.317+0100] {dag.py:3089} INFO - Sync 1 DAGs
[2026-03-13T22:34:49.323+0100] {logging_mixin.py:188} INFO - [2026-03-13T22:34:49.323+0100] {dag.py:3947} INFO - Setting next_dagrun for example_params_trigger_ui to None, run_after=None
[2026-03-13T22:34:49.336+0100] {processor.py:183} INFO - Processing /Users/harshasogala/financial-data-platform/venv/lib/python3.12/site-packages/airflow/example_dags/example_params_trigger_ui.py took 0.155 seconds
[2026-03-13T22:36:04.839+0100] {processor.py:161} INFO - Started process (PID=69286) to work on /Users/harshasogala/financial-data-platform/venv/lib/python3.12/site-packages/airflow/example_dags/example_params_trigger_ui.py
[2026-03-13T22:36:04.840+0100] {processor.py:830} INFO - Processing file /Users/harshasogala/financial-data-platform/venv/lib/python3.12/site-packages/airflow/example_dags/example_params_trigger_ui.py for tasks to queue
[2026-03-13T22:36:04.841+0100] {logging_mixin.py:188} INFO - [2026-03-13T22:36:04.841+0100] {dagbag.py:545} INFO - Filling up the DagBag from /Users/harshasogala/financial-data-platform/venv/lib/python3.12/site-packages/airflow/example_dags/example_params_trigger_ui.py
[2026-03-13T22:36:04.866+0100] {processor.py:840} INFO - DAG(s) 'example_params_trigger_ui' retrieved from /Users/harshasogala/financial-data-platform/venv/lib/python3.12/site-packages/airflow/example_dags/example_params_trigger_ui.py
[2026-03-13T22:36:04.966+0100] {logging_mixin.py:188} INFO - [2026-03-13T22:36:04.966+0100] {dag.py:3089} INFO - Sync 1 DAGs
[2026-03-13T22:36:04.971+0100] {logging_mixin.py:188} INFO - [2026-03-13T22:36:04.971+0100] {dag.py:3947} INFO - Setting next_dagrun for example_params_trigger_ui to None, run_after=None
[2026-03-13T22:36:04.982+0100] {processor.py:183} INFO - Processing /Users/harshasogala/financial-data-platform/venv/lib/python3.12/site-packages/airflow/example_dags/example_params_trigger_ui.py took 0.144 seconds
[2026-03-13T22:37:18.553+0100] {processor.py:161} INFO - Started process (PID=69344) to work on /Users/harshasogala/financial-data-platform/venv/lib/python3.12/site-packages/airflow/example_dags/example_params_trigger_ui.py
[2026-03-13T22:37:18.554+0100] {processor.py:830} INFO - Processing file /Users/harshasogala/financial-data-platform/venv/lib/python3.12/site-packages/airflow/example_dags/example_params_trigger_ui.py for tasks to queue
[2026-03-13T22:37:18.555+0100] {logging_mixin.py:188} INFO - [2026-03-13T22:37:18.554+0100] {dagbag.py:545} INFO - Filling up the DagBag from /Users/harshasogala/financial-data-platform/venv/lib/python3.12/site-packages/airflow/example_dags/example_params_trigger_ui.py
[2026-03-13T22:37:18.578+0100] {processor.py:840} INFO - DAG(s) 'example_params_trigger_ui' retrieved from /Users/harshasogala/financial-data-platform/venv/lib/python3.12/site-packages/airflow/example_dags/example_params_trigger_ui.py
[2026-03-13T22:37:18.676+0100] {logging_mixin.py:188} INFO - [2026-03-13T22:37:18.676+0100] {dag.py:3089} INFO - Sync 1 DAGs
[2026-03-13T22:37:18.682+0100] {logging_mixin.py:188} INFO - [2026-03-13T22:37:18.682+0100] {dag.py:3947} INFO - Setting next_dagrun for example_params_trigger_ui to None, run_after=None
[2026-03-13T22:37:18.692+0100] {processor.py:183} INFO - Processing /Users/harshasogala/financial-data-platform/venv/lib/python3.12/site-packages/airflow/example_dags/example_params_trigger_ui.py took 0.141 seconds
[2026-03-13T22:38:33.017+0100] {processor.py:161} INFO - Started process (PID=69405) to work on /Users/harshasogala/financial-data-platform/venv/lib/python3.12/site-packages/airflow/example_dags/example_params_trigger_ui.py
[2026-03-13T22:38:33.019+0100] {processor.py:830} INFO - Processing file /Users/harshasogala/financial-data-platform/venv/lib/python3.12/site-packages/airflow/example_dags/example_params_trigger_ui.py for tasks to queue
[2026-03-13T22:38:33.019+0100] {logging_mixin.py:188} INFO - [2026-03-13T22:38:33.019+0100] {dagbag.py:545} INFO - Filling up the DagBag from /Users/harshasogala/financial-data-platform/venv/lib/python3.12/site-packages/airflow/example_dags/example_params_trigger_ui.py
[2026-03-13T22:38:33.045+0100] {processor.py:840} INFO - DAG(s) 'example_params_trigger_ui' retrieved from /Users/harshasogala/financial-data-platform/venv/lib/python3.12/site-packages/airflow/example_dags/example_params_trigger_ui.py
[2026-03-13T22:38:33.146+0100] {logging_mixin.py:188} INFO - [2026-03-13T22:38:33.146+0100] {dag.py:3089} INFO - Sync 1 DAGs
[2026-03-13T22:38:33.152+0100] {logging_mixin.py:188} INFO - [2026-03-13T22:38:33.152+0100] {dag.py:3947} INFO - Setting next_dagrun for example_params_trigger_ui to None, run_after=None
[2026-03-13T22:38:33.163+0100] {processor.py:183} INFO - Processing /Users/harshasogala/financial-data-platform/venv/lib/python3.12/site-packages/airflow/example_dags/example_params_trigger_ui.py took 0.148 seconds
[2026-03-13T22:39:46.600+0100] {processor.py:161} INFO - Started process (PID=69472) to work on /Users/harshasogala/financial-data-platform/venv/lib/python3.12/site-packages/airflow/example_dags/example_params_trigger_ui.py
[2026-03-13T22:39:46.601+0100] {processor.py:830} INFO - Processing file /Users/harshasogala/financial-data-platform/venv/lib/python3.12/site-packages/airflow/example_dags/example_params_trigger_ui.py for tasks to queue
[2026-03-13T22:39:46.601+0100] {logging_mixin.py:188} INFO - [2026-03-13T22:39:46.601+0100] {dagbag.py:545} INFO - Filling up the DagBag from /Users/harshasogala/financial-data-platform/venv/lib/python3.12/site-packages/airflow/example_dags/example_params_trigger_ui.py
[2026-03-13T22:39:46.634+0100] {processor.py:840} INFO - DAG(s) 'example_params_trigger_ui' retrieved from /Users/harshasogala/financial-data-platform/venv/lib/python3.12/site-packages/airflow/example_dags/example_params_trigger_ui.py
[2026-03-13T22:39:46.770+0100] {logging_mixin.py:188} INFO - [2026-03-13T22:39:46.770+0100] {dag.py:3089} INFO - Sync 1 DAGs
[2026-03-13T22:39:46.777+0100] {logging_mixin.py:188} INFO - [2026-03-13T22:39:46.777+0100] {dag.py:3947} INFO - Setting next_dagrun for example_params_trigger_ui to None, run_after=None
[2026-03-13T22:39:46.793+0100] {processor.py:183} INFO - Processing /Users/harshasogala/financial-data-platform/venv/lib/python3.12/site-packages/airflow/example_dags/example_params_trigger_ui.py took 0.195 seconds
[2026-03-13T22:41:10.765+0100] {processor.py:161} INFO - Started process (PID=69692) to work on /Users/harshasogala/financial-data-platform/venv/lib/python3.12/site-packages/airflow/example_dags/example_params_trigger_ui.py
[2026-03-13T22:41:10.766+0100] {processor.py:830} INFO - Processing file /Users/harshasogala/financial-data-platform/venv/lib/python3.12/site-packages/airflow/example_dags/example_params_trigger_ui.py for tasks to queue
[2026-03-13T22:41:10.767+0100] {logging_mixin.py:188} INFO - [2026-03-13T22:41:10.767+0100] {dagbag.py:545} INFO - Filling up the DagBag from /Users/harshasogala/financial-data-platform/venv/lib/python3.12/site-packages/airflow/example_dags/example_params_trigger_ui.py
[2026-03-13T22:41:10.792+0100] {processor.py:840} INFO - DAG(s) 'example_params_trigger_ui' retrieved from /Users/harshasogala/financial-data-platform/venv/lib/python3.12/site-packages/airflow/example_dags/example_params_trigger_ui.py
[2026-03-13T22:41:10.893+0100] {logging_mixin.py:188} INFO - [2026-03-13T22:41:10.893+0100] {dag.py:3089} INFO - Sync 1 DAGs
[2026-03-13T22:41:10.899+0100] {logging_mixin.py:188} INFO - [2026-03-13T22:41:10.899+0100] {dag.py:3947} INFO - Setting next_dagrun for example_params_trigger_ui to None, run_after=None
[2026-03-13T22:41:10.910+0100] {processor.py:183} INFO - Processing /Users/harshasogala/financial-data-platform/venv/lib/python3.12/site-packages/airflow/example_dags/example_params_trigger_ui.py took 0.146 seconds
[2026-03-13T22:42:28.588+0100] {processor.py:161} INFO - Started process (PID=69751) to work on /Users/harshasogala/financial-data-platform/venv/lib/python3.12/site-packages/airflow/example_dags/example_params_trigger_ui.py
[2026-03-13T22:42:28.589+0100] {processor.py:830} INFO - Processing file /Users/harshasogala/financial-data-platform/venv/lib/python3.12/site-packages/airflow/example_dags/example_params_trigger_ui.py for tasks to queue
[2026-03-13T22:42:28.589+0100] {logging_mixin.py:188} INFO - [2026-03-13T22:42:28.589+0100] {dagbag.py:545} INFO - Filling up the DagBag from /Users/harshasogala/financial-data-platform/venv/lib/python3.12/site-packages/airflow/example_dags/example_params_trigger_ui.py
[2026-03-13T22:42:28.614+0100] {processor.py:840} INFO - DAG(s) 'example_params_trigger_ui' retrieved from /Users/harshasogala/financial-data-platform/venv/lib/python3.12/site-packages/airflow/example_dags/example_params_trigger_ui.py
[2026-03-13T22:42:28.714+0100] {logging_mixin.py:188} INFO - [2026-03-13T22:42:28.713+0100] {dag.py:3089} INFO - Sync 1 DAGs
[2026-03-13T22:42:28.719+0100] {logging_mixin.py:188} INFO - [2026-03-13T22:42:28.719+0100] {dag.py:3947} INFO - Setting next_dagrun for example_params_trigger_ui to None, run_after=None
[2026-03-13T22:42:28.730+0100] {processor.py:183} INFO - Processing /Users/harshasogala/financial-data-platform/venv/lib/python3.12/site-packages/airflow/example_dags/example_params_trigger_ui.py took 0.144 seconds
[2026-03-13T22:43:48.175+0100] {processor.py:161} INFO - Started process (PID=69829) to work on /Users/harshasogala/financial-data-platform/venv/lib/python3.12/site-packages/airflow/example_dags/example_params_trigger_ui.py
[2026-03-13T22:43:48.176+0100] {processor.py:830} INFO - Processing file /Users/harshasogala/financial-data-platform/venv/lib/python3.12/site-packages/airflow/example_dags/example_params_trigger_ui.py for tasks to queue
[2026-03-13T22:43:48.177+0100] {logging_mixin.py:188} INFO - [2026-03-13T22:43:48.176+0100] {dagbag.py:545} INFO - Filling up the DagBag from /Users/harshasogala/financial-data-platform/venv/lib/python3.12/site-packages/airflow/example_dags/example_params_trigger_ui.py
[2026-03-13T22:43:48.200+0100] {processor.py:840} INFO - DAG(s) 'example_params_trigger_ui' retrieved from /Users/harshasogala/financial-data-platform/venv/lib/python3.12/site-packages/airflow/example_dags/example_params_trigger_ui.py
[2026-03-13T22:43:48.300+0100] {logging_mixin.py:188} INFO - [2026-03-13T22:43:48.300+0100] {dag.py:3089} INFO - Sync 1 DAGs
[2026-03-13T22:43:48.305+0100] {logging_mixin.py:188} INFO - [2026-03-13T22:43:48.305+0100] {dag.py:3947} INFO - Setting next_dagrun for example_params_trigger_ui to None, run_after=None
[2026-03-13T22:43:48.316+0100] {processor.py:183} INFO - Processing /Users/harshasogala/financial-data-platform/venv/lib/python3.12/site-packages/airflow/example_dags/example_params_trigger_ui.py took 0.142 seconds
[2026-03-13T22:45:13.117+0100] {processor.py:161} INFO - Started process (PID=70202) to work on /Users/harshasogala/financial-data-platform/venv/lib/python3.12/site-packages/airflow/example_dags/example_params_trigger_ui.py
[2026-03-13T22:45:13.119+0100] {processor.py:830} INFO - Processing file /Users/harshasogala/financial-data-platform/venv/lib/python3.12/site-packages/airflow/example_dags/example_params_trigger_ui.py for tasks to queue
[2026-03-13T22:45:13.119+0100] {logging_mixin.py:188} INFO - [2026-03-13T22:45:13.119+0100] {dagbag.py:545} INFO - Filling up the DagBag from /Users/harshasogala/financial-data-platform/venv/lib/python3.12/site-packages/airflow/example_dags/example_params_trigger_ui.py
[2026-03-13T22:45:13.155+0100] {processor.py:840} INFO - DAG(s) 'example_params_trigger_ui' retrieved from /Users/harshasogala/financial-data-platform/venv/lib/python3.12/site-packages/airflow/example_dags/example_params_trigger_ui.py
[2026-03-13T22:45:13.304+0100] {logging_mixin.py:188} INFO - [2026-03-13T22:45:13.304+0100] {dag.py:3089} INFO - Sync 1 DAGs
[2026-03-13T22:45:13.313+0100] {logging_mixin.py:188} INFO - [2026-03-13T22:45:13.313+0100] {dag.py:3947} INFO - Setting next_dagrun for example_params_trigger_ui to None, run_after=None
[2026-03-13T22:45:13.330+0100] {processor.py:183} INFO - Processing /Users/harshasogala/financial-data-platform/venv/lib/python3.12/site-packages/airflow/example_dags/example_params_trigger_ui.py took 0.215 seconds
[2026-03-13T22:46:44.057+0100] {processor.py:161} INFO - Started process (PID=70601) to work on /Users/harshasogala/financial-data-platform/venv/lib/python3.12/site-packages/airflow/example_dags/example_params_trigger_ui.py
[2026-03-13T22:46:44.058+0100] {processor.py:830} INFO - Processing file /Users/harshasogala/financial-data-platform/venv/lib/python3.12/site-packages/airflow/example_dags/example_params_trigger_ui.py for tasks to queue
[2026-03-13T22:46:44.058+0100] {logging_mixin.py:188} INFO - [2026-03-13T22:46:44.058+0100] {dagbag.py:545} INFO - Filling up the DagBag from /Users/harshasogala/financial-data-platform/venv/lib/python3.12/site-packages/airflow/example_dags/example_params_trigger_ui.py
[2026-03-13T22:46:44.082+0100] {processor.py:840} INFO - DAG(s) 'example_params_trigger_ui' retrieved from /Users/harshasogala/financial-data-platform/venv/lib/python3.12/site-packages/airflow/example_dags/example_params_trigger_ui.py
[2026-03-13T22:46:44.180+0100] {logging_mixin.py:188} INFO - [2026-03-13T22:46:44.179+0100] {dag.py:3089} INFO - Sync 1 DAGs
[2026-03-13T22:46:44.185+0100] {logging_mixin.py:188} INFO - [2026-03-13T22:46:44.185+0100] {dag.py:3947} INFO - Setting next_dagrun for example_params_trigger_ui to None, run_after=None
[2026-03-13T22:46:44.196+0100] {processor.py:183} INFO - Processing /Users/harshasogala/financial-data-platform/venv/lib/python3.12/site-packages/airflow/example_dags/example_params_trigger_ui.py took 0.140 seconds
[2026-03-13T22:48:08.106+0100] {processor.py:161} INFO - Started process (PID=71404) to work on /Users/harshasogala/financial-data-platform/venv/lib/python3.12/site-packages/airflow/example_dags/example_params_trigger_ui.py
[2026-03-13T22:48:08.107+0100] {processor.py:830} INFO - Processing file /Users/harshasogala/financial-data-platform/venv/lib/python3.12/site-packages/airflow/example_dags/example_params_trigger_ui.py for tasks to queue
[2026-03-13T22:48:08.108+0100] {logging_mixin.py:188} INFO - [2026-03-13T22:48:08.108+0100] {dagbag.py:545} INFO - Filling up the DagBag from /Users/harshasogala/financial-data-platform/venv/lib/python3.12/site-packages/airflow/example_dags/example_params_trigger_ui.py
[2026-03-13T22:48:08.133+0100] {processor.py:840} INFO - DAG(s) 'example_params_trigger_ui' retrieved from /Users/harshasogala/financial-data-platform/venv/lib/python3.12/site-packages/airflow/example_dags/example_params_trigger_ui.py
[2026-03-13T22:48:08.234+0100] {logging_mixin.py:188} INFO - [2026-03-13T22:48:08.234+0100] {dag.py:3089} INFO - Sync 1 DAGs
[2026-03-13T22:48:08.240+0100] {logging_mixin.py:188} INFO - [2026-03-13T22:48:08.239+0100] {dag.py:3947} INFO - Setting next_dagrun for example_params_trigger_ui to None, run_after=None
[2026-03-13T22:48:08.251+0100] {processor.py:183} INFO - Processing /Users/harshasogala/financial-data-platform/venv/lib/python3.12/site-packages/airflow/example_dags/example_params_trigger_ui.py took 0.146 seconds
[2026-03-13T22:49:28.153+0100] {processor.py:161} INFO - Started process (PID=71480) to work on /Users/harshasogala/financial-data-platform/venv/lib/python3.12/site-packages/airflow/example_dags/example_params_trigger_ui.py
[2026-03-13T22:49:28.155+0100] {processor.py:830} INFO - Processing file /Users/harshasogala/financial-data-platform/venv/lib/python3.12/site-packages/airflow/example_dags/example_params_trigger_ui.py for tasks to queue
[2026-03-13T22:49:28.155+0100] {logging_mixin.py:188} INFO - [2026-03-13T22:49:28.155+0100] {dagbag.py:545} INFO - Filling up the DagBag from /Users/harshasogala/financial-data-platform/venv/lib/python3.12/site-packages/airflow/example_dags/example_params_trigger_ui.py
[2026-03-13T22:49:28.180+0100] {processor.py:840} INFO - DAG(s) 'example_params_trigger_ui' retrieved from /Users/harshasogala/financial-data-platform/venv/lib/python3.12/site-packages/airflow/example_dags/example_params_trigger_ui.py
[2026-03-13T22:49:28.277+0100] {logging_mixin.py:188} INFO - [2026-03-13T22:49:28.277+0100] {dag.py:3089} INFO - Sync 1 DAGs
[2026-03-13T22:49:28.282+0100] {logging_mixin.py:188} INFO - [2026-03-13T22:49:28.282+0100] {dag.py:3947} INFO - Setting next_dagrun for example_params_trigger_ui to None, run_after=None
[2026-03-13T22:49:28.293+0100] {processor.py:183} INFO - Processing /Users/harshasogala/financial-data-platform/venv/lib/python3.12/site-packages/airflow/example_dags/example_params_trigger_ui.py took 0.142 seconds
[2026-03-13T22:50:58.719+0100] {processor.py:161} INFO - Started process (PID=72020) to work on /Users/harshasogala/financial-data-platform/venv/lib/python3.12/site-packages/airflow/example_dags/example_params_trigger_ui.py
[2026-03-13T22:50:58.720+0100] {processor.py:830} INFO - Processing file /Users/harshasogala/financial-data-platform/venv/lib/python3.12/site-packages/airflow/example_dags/example_params_trigger_ui.py for tasks to queue
[2026-03-13T22:50:58.720+0100] {logging_mixin.py:188} INFO - [2026-03-13T22:50:58.720+0100] {dagbag.py:545} INFO - Filling up the DagBag from /Users/harshasogala/financial-data-platform/venv/lib/python3.12/site-packages/airflow/example_dags/example_params_trigger_ui.py
[2026-03-13T22:50:58.745+0100] {processor.py:840} INFO - DAG(s) 'example_params_trigger_ui' retrieved from /Users/harshasogala/financial-data-platform/venv/lib/python3.12/site-packages/airflow/example_dags/example_params_trigger_ui.py
[2026-03-13T22:50:58.843+0100] {logging_mixin.py:188} INFO - [2026-03-13T22:50:58.843+0100] {dag.py:3089} INFO - Sync 1 DAGs
[2026-03-13T22:50:58.849+0100] {logging_mixin.py:188} INFO - [2026-03-13T22:50:58.849+0100] {dag.py:3947} INFO - Setting next_dagrun for example_params_trigger_ui to None, run_after=None
[2026-03-13T22:50:58.859+0100] {processor.py:183} INFO - Processing /Users/harshasogala/financial-data-platform/venv/lib/python3.12/site-packages/airflow/example_dags/example_params_trigger_ui.py took 0.142 seconds
[2026-03-13T22:52:14.532+0100] {processor.py:161} INFO - Started process (PID=72223) to work on /Users/harshasogala/financial-data-platform/venv/lib/python3.12/site-packages/airflow/example_dags/example_params_trigger_ui.py
[2026-03-13T22:52:14.533+0100] {processor.py:830} INFO - Processing file /Users/harshasogala/financial-data-platform/venv/lib/python3.12/site-packages/airflow/example_dags/example_params_trigger_ui.py for tasks to queue
[2026-03-13T22:52:14.534+0100] {logging_mixin.py:188} INFO - [2026-03-13T22:52:14.533+0100] {dagbag.py:545} INFO - Filling up the DagBag from /Users/harshasogala/financial-data-platform/venv/lib/python3.12/site-packages/airflow/example_dags/example_params_trigger_ui.py
[2026-03-13T22:52:14.567+0100] {processor.py:840} INFO - DAG(s) 'example_params_trigger_ui' retrieved from /Users/harshasogala/financial-data-platform/venv/lib/python3.12/site-packages/airflow/example_dags/example_params_trigger_ui.py
[2026-03-13T22:52:14.690+0100] {logging_mixin.py:188} INFO - [2026-03-13T22:52:14.689+0100] {dag.py:3089} INFO - Sync 1 DAGs
[2026-03-13T22:52:14.698+0100] {logging_mixin.py:188} INFO - [2026-03-13T22:52:14.697+0100] {dag.py:3947} INFO - Setting next_dagrun for example_params_trigger_ui to None, run_after=None
[2026-03-13T22:52:14.711+0100] {processor.py:183} INFO - Processing /Users/harshasogala/financial-data-platform/venv/lib/python3.12/site-packages/airflow/example_dags/example_params_trigger_ui.py took 0.181 seconds
[2026-03-13T22:53:31.500+0100] {processor.py:161} INFO - Started process (PID=72416) to work on /Users/harshasogala/financial-data-platform/venv/lib/python3.12/site-packages/airflow/example_dags/example_params_trigger_ui.py
[2026-03-13T22:53:31.502+0100] {processor.py:830} INFO - Processing file /Users/harshasogala/financial-data-platform/venv/lib/python3.12/site-packages/airflow/example_dags/example_params_trigger_ui.py for tasks to queue
[2026-03-13T22:53:31.503+0100] {logging_mixin.py:188} INFO - [2026-03-13T22:53:31.502+0100] {dagbag.py:545} INFO - Filling up the DagBag from /Users/harshasogala/financial-data-platform/venv/lib/python3.12/site-packages/airflow/example_dags/example_params_trigger_ui.py
[2026-03-13T22:53:31.527+0100] {processor.py:840} INFO - DAG(s) 'example_params_trigger_ui' retrieved from /Users/harshasogala/financial-data-platform/venv/lib/python3.12/site-packages/airflow/example_dags/example_params_trigger_ui.py
[2026-03-13T22:53:31.626+0100] {logging_mixin.py:188} INFO - [2026-03-13T22:53:31.625+0100] {dag.py:3089} INFO - Sync 1 DAGs
[2026-03-13T22:53:31.632+0100] {logging_mixin.py:188} INFO - [2026-03-13T22:53:31.632+0100] {dag.py:3947} INFO - Setting next_dagrun for example_params_trigger_ui to None, run_after=None
[2026-03-13T22:53:31.643+0100] {processor.py:183} INFO - Processing /Users/harshasogala/financial-data-platform/venv/lib/python3.12/site-packages/airflow/example_dags/example_params_trigger_ui.py took 0.144 seconds
[2026-03-13T22:55:01.120+0100] {processor.py:161} INFO - Started process (PID=72520) to work on /Users/harshasogala/financial-data-platform/venv/lib/python3.12/site-packages/airflow/example_dags/example_params_trigger_ui.py
[2026-03-13T22:55:01.121+0100] {processor.py:830} INFO - Processing file /Users/harshasogala/financial-data-platform/venv/lib/python3.12/site-packages/airflow/example_dags/example_params_trigger_ui.py for tasks to queue
[2026-03-13T22:55:01.121+0100] {logging_mixin.py:188} INFO - [2026-03-13T22:55:01.121+0100] {dagbag.py:545} INFO - Filling up the DagBag from /Users/harshasogala/financial-data-platform/venv/lib/python3.12/site-packages/airflow/example_dags/example_params_trigger_ui.py
[2026-03-13T22:55:01.146+0100] {processor.py:840} INFO - DAG(s) 'example_params_trigger_ui' retrieved from /Users/harshasogala/financial-data-platform/venv/lib/python3.12/site-packages/airflow/example_dags/example_params_trigger_ui.py
[2026-03-13T22:55:01.246+0100] {logging_mixin.py:188} INFO - [2026-03-13T22:55:01.246+0100] {dag.py:3089} INFO - Sync 1 DAGs
[2026-03-13T22:55:01.253+0100] {logging_mixin.py:188} INFO - [2026-03-13T22:55:01.253+0100] {dag.py:3947} INFO - Setting next_dagrun for example_params_trigger_ui to None, run_after=None
[2026-03-13T22:55:01.263+0100] {processor.py:183} INFO - Processing /Users/harshasogala/financial-data-platform/venv/lib/python3.12/site-packages/airflow/example_dags/example_params_trigger_ui.py took 0.145 seconds
[2026-03-13T22:56:19.258+0100] {processor.py:161} INFO - Started process (PID=72614) to work on /Users/harshasogala/financial-data-platform/venv/lib/python3.12/site-packages/airflow/example_dags/example_params_trigger_ui.py
[2026-03-13T22:56:19.259+0100] {processor.py:830} INFO - Processing file /Users/harshasogala/financial-data-platform/venv/lib/python3.12/site-packages/airflow/example_dags/example_params_trigger_ui.py for tasks to queue
[2026-03-13T22:56:19.260+0100] {logging_mixin.py:188} INFO - [2026-03-13T22:56:19.259+0100] {dagbag.py:545} INFO - Filling up the DagBag from /Users/harshasogala/financial-data-platform/venv/lib/python3.12/site-packages/airflow/example_dags/example_params_trigger_ui.py
[2026-03-13T22:56:19.286+0100] {processor.py:840} INFO - DAG(s) 'example_params_trigger_ui' retrieved from /Users/harshasogala/financial-data-platform/venv/lib/python3.12/site-packages/airflow/example_dags/example_params_trigger_ui.py
[2026-03-13T22:56:19.394+0100] {logging_mixin.py:188} INFO - [2026-03-13T22:56:19.394+0100] {dag.py:3089} INFO - Sync 1 DAGs
[2026-03-13T22:56:19.402+0100] {logging_mixin.py:188} INFO - [2026-03-13T22:56:19.402+0100] {dag.py:3947} INFO - Setting next_dagrun for example_params_trigger_ui to None, run_after=None
[2026-03-13T22:56:19.415+0100] {processor.py:183} INFO - Processing /Users/harshasogala/financial-data-platform/venv/lib/python3.12/site-packages/airflow/example_dags/example_params_trigger_ui.py took 0.159 seconds
[2026-03-13T22:57:38.269+0100] {processor.py:161} INFO - Started process (PID=72674) to work on /Users/harshasogala/financial-data-platform/venv/lib/python3.12/site-packages/airflow/example_dags/example_params_trigger_ui.py
[2026-03-13T22:57:38.270+0100] {processor.py:830} INFO - Processing file /Users/harshasogala/financial-data-platform/venv/lib/python3.12/site-packages/airflow/example_dags/example_params_trigger_ui.py for tasks to queue
[2026-03-13T22:57:38.271+0100] {logging_mixin.py:188} INFO - [2026-03-13T22:57:38.271+0100] {dagbag.py:545} INFO - Filling up the DagBag from /Users/harshasogala/financial-data-platform/venv/lib/python3.12/site-packages/airflow/example_dags/example_params_trigger_ui.py
[2026-03-13T22:57:38.296+0100] {processor.py:840} INFO - DAG(s) 'example_params_trigger_ui' retrieved from /Users/harshasogala/financial-data-platform/venv/lib/python3.12/site-packages/airflow/example_dags/example_params_trigger_ui.py
[2026-03-13T22:57:38.399+0100] {logging_mixin.py:188} INFO - [2026-03-13T22:57:38.399+0100] {dag.py:3089} INFO - Sync 1 DAGs
[2026-03-13T22:57:38.404+0100] {logging_mixin.py:188} INFO - [2026-03-13T22:57:38.404+0100] {dag.py:3947} INFO - Setting next_dagrun for example_params_trigger_ui to None, run_after=None
[2026-03-13T22:57:38.415+0100] {processor.py:183} INFO - Processing /Users/harshasogala/financial-data-platform/venv/lib/python3.12/site-packages/airflow/example_dags/example_params_trigger_ui.py took 0.148 seconds
[2026-03-13T22:59:02.211+0100] {processor.py:161} INFO - Started process (PID=72750) to work on /Users/harshasogala/financial-data-platform/venv/lib/python3.12/site-packages/airflow/example_dags/example_params_trigger_ui.py
[2026-03-13T22:59:02.214+0100] {processor.py:830} INFO - Processing file /Users/harshasogala/financial-data-platform/venv/lib/python3.12/site-packages/airflow/example_dags/example_params_trigger_ui.py for tasks to queue
[2026-03-13T22:59:02.214+0100] {logging_mixin.py:188} INFO - [2026-03-13T22:59:02.214+0100] {dagbag.py:545} INFO - Filling up the DagBag from /Users/harshasogala/financial-data-platform/venv/lib/python3.12/site-packages/airflow/example_dags/example_params_trigger_ui.py
[2026-03-13T22:59:02.247+0100] {processor.py:840} INFO - DAG(s) 'example_params_trigger_ui' retrieved from /Users/harshasogala/financial-data-platform/venv/lib/python3.12/site-packages/airflow/example_dags/example_params_trigger_ui.py
[2026-03-13T22:59:02.354+0100] {logging_mixin.py:188} INFO - [2026-03-13T22:59:02.354+0100] {dag.py:3089} INFO - Sync 1 DAGs
[2026-03-13T22:59:02.361+0100] {logging_mixin.py:188} INFO - [2026-03-13T22:59:02.361+0100] {dag.py:3947} INFO - Setting next_dagrun for example_params_trigger_ui to None, run_after=None
[2026-03-13T22:59:02.371+0100] {processor.py:183} INFO - Processing /Users/harshasogala/financial-data-platform/venv/lib/python3.12/site-packages/airflow/example_dags/example_params_trigger_ui.py took 0.164 seconds
[2026-03-13T23:00:18.518+0100] {processor.py:161} INFO - Started process (PID=72815) to work on /Users/harshasogala/financial-data-platform/venv/lib/python3.12/site-packages/airflow/example_dags/example_params_trigger_ui.py
[2026-03-13T23:00:18.519+0100] {processor.py:830} INFO - Processing file /Users/harshasogala/financial-data-platform/venv/lib/python3.12/site-packages/airflow/example_dags/example_params_trigger_ui.py for tasks to queue
[2026-03-13T23:00:18.519+0100] {logging_mixin.py:188} INFO - [2026-03-13T23:00:18.519+0100] {dagbag.py:545} INFO - Filling up the DagBag from /Users/harshasogala/financial-data-platform/venv/lib/python3.12/site-packages/airflow/example_dags/example_params_trigger_ui.py
[2026-03-13T23:00:18.544+0100] {processor.py:840} INFO - DAG(s) 'example_params_trigger_ui' retrieved from /Users/harshasogala/financial-data-platform/venv/lib/python3.12/site-packages/airflow/example_dags/example_params_trigger_ui.py
[2026-03-13T23:00:18.645+0100] {logging_mixin.py:188} INFO - [2026-03-13T23:00:18.644+0100] {dag.py:3089} INFO - Sync 1 DAGs
[2026-03-13T23:00:18.650+0100] {logging_mixin.py:188} INFO - [2026-03-13T23:00:18.650+0100] {dag.py:3947} INFO - Setting next_dagrun for example_params_trigger_ui to None, run_after=None
[2026-03-13T23:00:18.661+0100] {processor.py:183} INFO - Processing /Users/harshasogala/financial-data-platform/venv/lib/python3.12/site-packages/airflow/example_dags/example_params_trigger_ui.py took 0.145 seconds
[2026-03-13T23:01:40.513+0100] {processor.py:161} INFO - Started process (PID=72882) to work on /Users/harshasogala/financial-data-platform/venv/lib/python3.12/site-packages/airflow/example_dags/example_params_trigger_ui.py
[2026-03-13T23:01:40.513+0100] {processor.py:830} INFO - Processing file /Users/harshasogala/financial-data-platform/venv/lib/python3.12/site-packages/airflow/example_dags/example_params_trigger_ui.py for tasks to queue
[2026-03-13T23:01:40.514+0100] {logging_mixin.py:188} INFO - [2026-03-13T23:01:40.514+0100] {dagbag.py:545} INFO - Filling up the DagBag from /Users/harshasogala/financial-data-platform/venv/lib/python3.12/site-packages/airflow/example_dags/example_params_trigger_ui.py
[2026-03-13T23:01:40.539+0100] {processor.py:840} INFO - DAG(s) 'example_params_trigger_ui' retrieved from /Users/harshasogala/financial-data-platform/venv/lib/python3.12/site-packages/airflow/example_dags/example_params_trigger_ui.py
[2026-03-13T23:01:40.642+0100] {logging_mixin.py:188} INFO - [2026-03-13T23:01:40.642+0100] {dag.py:3089} INFO - Sync 1 DAGs
[2026-03-13T23:01:40.647+0100] {logging_mixin.py:188} INFO - [2026-03-13T23:01:40.647+0100] {dag.py:3947} INFO - Setting next_dagrun for example_params_trigger_ui to None, run_after=None
[2026-03-13T23:01:40.659+0100] {processor.py:183} INFO - Processing /Users/harshasogala/financial-data-platform/venv/lib/python3.12/site-packages/airflow/example_dags/example_params_trigger_ui.py took 0.148 seconds
[2026-03-13T23:02:57.162+0100] {processor.py:161} INFO - Started process (PID=72940) to work on /Users/harshasogala/financial-data-platform/venv/lib/python3.12/site-packages/airflow/example_dags/example_params_trigger_ui.py
[2026-03-13T23:02:57.164+0100] {processor.py:830} INFO - Processing file /Users/harshasogala/financial-data-platform/venv/lib/python3.12/site-packages/airflow/example_dags/example_params_trigger_ui.py for tasks to queue
[2026-03-13T23:02:57.164+0100] {logging_mixin.py:188} INFO - [2026-03-13T23:02:57.164+0100] {dagbag.py:545} INFO - Filling up the DagBag from /Users/harshasogala/financial-data-platform/venv/lib/python3.12/site-packages/airflow/example_dags/example_params_trigger_ui.py
[2026-03-13T23:02:57.188+0100] {processor.py:840} INFO - DAG(s) 'example_params_trigger_ui' retrieved from /Users/harshasogala/financial-data-platform/venv/lib/python3.12/site-packages/airflow/example_dags/example_params_trigger_ui.py
[2026-03-13T23:02:57.287+0100] {logging_mixin.py:188} INFO - [2026-03-13T23:02:57.287+0100] {dag.py:3089} INFO - Sync 1 DAGs
[2026-03-13T23:02:57.292+0100] {logging_mixin.py:188} INFO - [2026-03-13T23:02:57.292+0100] {dag.py:3947} INFO - Setting next_dagrun for example_params_trigger_ui to None, run_after=None
[2026-03-13T23:02:57.303+0100] {processor.py:183} INFO - Processing /Users/harshasogala/financial-data-platform/venv/lib/python3.12/site-packages/airflow/example_dags/example_params_trigger_ui.py took 0.142 seconds
[2026-03-13T23:04:16.195+0100] {processor.py:161} INFO - Started process (PID=73001) to work on /Users/harshasogala/financial-data-platform/venv/lib/python3.12/site-packages/airflow/example_dags/example_params_trigger_ui.py
[2026-03-13T23:04:16.197+0100] {processor.py:830} INFO - Processing file /Users/harshasogala/financial-data-platform/venv/lib/python3.12/site-packages/airflow/example_dags/example_params_trigger_ui.py for tasks to queue
[2026-03-13T23:04:16.197+0100] {logging_mixin.py:188} INFO - [2026-03-13T23:04:16.197+0100] {dagbag.py:545} INFO - Filling up the DagBag from /Users/harshasogala/financial-data-platform/venv/lib/python3.12/site-packages/airflow/example_dags/example_params_trigger_ui.py
[2026-03-13T23:04:16.222+0100] {processor.py:840} INFO - DAG(s) 'example_params_trigger_ui' retrieved from /Users/harshasogala/financial-data-platform/venv/lib/python3.12/site-packages/airflow/example_dags/example_params_trigger_ui.py
[2026-03-13T23:04:16.320+0100] {logging_mixin.py:188} INFO - [2026-03-13T23:04:16.319+0100] {dag.py:3089} INFO - Sync 1 DAGs
[2026-03-13T23:04:16.325+0100] {logging_mixin.py:188} INFO - [2026-03-13T23:04:16.325+0100] {dag.py:3947} INFO - Setting next_dagrun for example_params_trigger_ui to None, run_after=None
[2026-03-13T23:04:16.335+0100] {processor.py:183} INFO - Processing /Users/harshasogala/financial-data-platform/venv/lib/python3.12/site-packages/airflow/example_dags/example_params_trigger_ui.py took 0.142 seconds
[2026-03-13T23:05:33.351+0100] {processor.py:161} INFO - Started process (PID=73065) to work on /Users/harshasogala/financial-data-platform/venv/lib/python3.12/site-packages/airflow/example_dags/example_params_trigger_ui.py
[2026-03-13T23:05:33.352+0100] {processor.py:830} INFO - Processing file /Users/harshasogala/financial-data-platform/venv/lib/python3.12/site-packages/airflow/example_dags/example_params_trigger_ui.py for tasks to queue
[2026-03-13T23:05:33.352+0100] {logging_mixin.py:188} INFO - [2026-03-13T23:05:33.352+0100] {dagbag.py:545} INFO - Filling up the DagBag from /Users/harshasogala/financial-data-platform/venv/lib/python3.12/site-packages/airflow/example_dags/example_params_trigger_ui.py
[2026-03-13T23:05:33.377+0100] {processor.py:840} INFO - DAG(s) 'example_params_trigger_ui' retrieved from /Users/harshasogala/financial-data-platform/venv/lib/python3.12/site-packages/airflow/example_dags/example_params_trigger_ui.py
[2026-03-13T23:05:33.479+0100] {logging_mixin.py:188} INFO - [2026-03-13T23:05:33.478+0100] {dag.py:3089} INFO - Sync 1 DAGs
[2026-03-13T23:05:33.485+0100] {logging_mixin.py:188} INFO - [2026-03-13T23:05:33.484+0100] {dag.py:3947} INFO - Setting next_dagrun for example_params_trigger_ui to None, run_after=None
[2026-03-13T23:05:33.496+0100] {processor.py:183} INFO - Processing /Users/harshasogala/financial-data-platform/venv/lib/python3.12/site-packages/airflow/example_dags/example_params_trigger_ui.py took 0.148 seconds
[2026-03-13T23:06:54.588+0100] {processor.py:161} INFO - Started process (PID=73132) to work on /Users/harshasogala/financial-data-platform/venv/lib/python3.12/site-packages/airflow/example_dags/example_params_trigger_ui.py
[2026-03-13T23:06:54.589+0100] {processor.py:830} INFO - Processing file /Users/harshasogala/financial-data-platform/venv/lib/python3.12/site-packages/airflow/example_dags/example_params_trigger_ui.py for tasks to queue
[2026-03-13T23:06:54.589+0100] {logging_mixin.py:188} INFO - [2026-03-13T23:06:54.589+0100] {dagbag.py:545} INFO - Filling up the DagBag from /Users/harshasogala/financial-data-platform/venv/lib/python3.12/site-packages/airflow/example_dags/example_params_trigger_ui.py
[2026-03-13T23:06:54.614+0100] {processor.py:840} INFO - DAG(s) 'example_params_trigger_ui' retrieved from /Users/harshasogala/financial-data-platform/venv/lib/python3.12/site-packages/airflow/example_dags/example_params_trigger_ui.py
[2026-03-13T23:06:54.722+0100] {logging_mixin.py:188} INFO - [2026-03-13T23:06:54.722+0100] {dag.py:3089} INFO - Sync 1 DAGs
[2026-03-13T23:06:54.728+0100] {logging_mixin.py:188} INFO - [2026-03-13T23:06:54.728+0100] {dag.py:3947} INFO - Setting next_dagrun for example_params_trigger_ui to None, run_after=None
[2026-03-13T23:06:54.740+0100] {processor.py:183} INFO - Processing /Users/harshasogala/financial-data-platform/venv/lib/python3.12/site-packages/airflow/example_dags/example_params_trigger_ui.py took 0.154 seconds
[2026-03-13T23:08:13.883+0100] {processor.py:161} INFO - Started process (PID=73194) to work on /Users/harshasogala/financial-data-platform/venv/lib/python3.12/site-packages/airflow/example_dags/example_params_trigger_ui.py
[2026-03-13T23:08:13.884+0100] {processor.py:830} INFO - Processing file /Users/harshasogala/financial-data-platform/venv/lib/python3.12/site-packages/airflow/example_dags/example_params_trigger_ui.py for tasks to queue
[2026-03-13T23:08:13.885+0100] {logging_mixin.py:188} INFO - [2026-03-13T23:08:13.885+0100] {dagbag.py:545} INFO - Filling up the DagBag from /Users/harshasogala/financial-data-platform/venv/lib/python3.12/site-packages/airflow/example_dags/example_params_trigger_ui.py
[2026-03-13T23:08:13.911+0100] {processor.py:840} INFO - DAG(s) 'example_params_trigger_ui' retrieved from /Users/harshasogala/financial-data-platform/venv/lib/python3.12/site-packages/airflow/example_dags/example_params_trigger_ui.py
[2026-03-13T23:08:14.011+0100] {logging_mixin.py:188} INFO - [2026-03-13T23:08:14.011+0100] {dag.py:3089} INFO - Sync 1 DAGs
[2026-03-13T23:08:14.016+0100] {logging_mixin.py:188} INFO - [2026-03-13T23:08:14.016+0100] {dag.py:3947} INFO - Setting next_dagrun for example_params_trigger_ui to None, run_after=None
[2026-03-13T23:08:14.027+0100] {processor.py:183} INFO - Processing /Users/harshasogala/financial-data-platform/venv/lib/python3.12/site-packages/airflow/example_dags/example_params_trigger_ui.py took 0.145 seconds
[2026-03-13T23:09:26.247+0100] {processor.py:161} INFO - Started process (PID=73253) to work on /Users/harshasogala/financial-data-platform/venv/lib/python3.12/site-packages/airflow/example_dags/example_params_trigger_ui.py
[2026-03-13T23:09:26.248+0100] {processor.py:830} INFO - Processing file /Users/harshasogala/financial-data-platform/venv/lib/python3.12/site-packages/airflow/example_dags/example_params_trigger_ui.py for tasks to queue
[2026-03-13T23:09:26.248+0100] {logging_mixin.py:188} INFO - [2026-03-13T23:09:26.248+0100] {dagbag.py:545} INFO - Filling up the DagBag from /Users/harshasogala/financial-data-platform/venv/lib/python3.12/site-packages/airflow/example_dags/example_params_trigger_ui.py
[2026-03-13T23:09:26.273+0100] {processor.py:840} INFO - DAG(s) 'example_params_trigger_ui' retrieved from /Users/harshasogala/financial-data-platform/venv/lib/python3.12/site-packages/airflow/example_dags/example_params_trigger_ui.py
[2026-03-13T23:09:26.374+0100] {logging_mixin.py:188} INFO - [2026-03-13T23:09:26.374+0100] {dag.py:3089} INFO - Sync 1 DAGs
[2026-03-13T23:09:26.379+0100] {logging_mixin.py:188} INFO - [2026-03-13T23:09:26.379+0100] {dag.py:3947} INFO - Setting next_dagrun for example_params_trigger_ui to None, run_after=None
[2026-03-13T23:09:26.390+0100] {processor.py:183} INFO - Processing /Users/harshasogala/financial-data-platform/venv/lib/python3.12/site-packages/airflow/example_dags/example_params_trigger_ui.py took 0.145 seconds
[2026-03-13T23:10:39.295+0100] {processor.py:161} INFO - Started process (PID=73310) to work on /Users/harshasogala/financial-data-platform/venv/lib/python3.12/site-packages/airflow/example_dags/example_params_trigger_ui.py
[2026-03-13T23:10:39.296+0100] {processor.py:830} INFO - Processing file /Users/harshasogala/financial-data-platform/venv/lib/python3.12/site-packages/airflow/example_dags/example_params_trigger_ui.py for tasks to queue
[2026-03-13T23:10:39.296+0100] {logging_mixin.py:188} INFO - [2026-03-13T23:10:39.296+0100] {dagbag.py:545} INFO - Filling up the DagBag from /Users/harshasogala/financial-data-platform/venv/lib/python3.12/site-packages/airflow/example_dags/example_params_trigger_ui.py
[2026-03-13T23:10:39.320+0100] {processor.py:840} INFO - DAG(s) 'example_params_trigger_ui' retrieved from /Users/harshasogala/financial-data-platform/venv/lib/python3.12/site-packages/airflow/example_dags/example_params_trigger_ui.py
[2026-03-13T23:10:39.419+0100] {logging_mixin.py:188} INFO - [2026-03-13T23:10:39.419+0100] {dag.py:3089} INFO - Sync 1 DAGs
[2026-03-13T23:10:39.424+0100] {logging_mixin.py:188} INFO - [2026-03-13T23:10:39.424+0100] {dag.py:3947} INFO - Setting next_dagrun for example_params_trigger_ui to None, run_after=None
[2026-03-13T23:10:39.434+0100] {processor.py:183} INFO - Processing /Users/harshasogala/financial-data-platform/venv/lib/python3.12/site-packages/airflow/example_dags/example_params_trigger_ui.py took 0.141 seconds
[2026-03-13T23:11:52.650+0100] {processor.py:161} INFO - Started process (PID=73379) to work on /Users/harshasogala/financial-data-platform/venv/lib/python3.12/site-packages/airflow/example_dags/example_params_trigger_ui.py
[2026-03-13T23:11:52.651+0100] {processor.py:830} INFO - Processing file /Users/harshasogala/financial-data-platform/venv/lib/python3.12/site-packages/airflow/example_dags/example_params_trigger_ui.py for tasks to queue
[2026-03-13T23:11:52.651+0100] {logging_mixin.py:188} INFO - [2026-03-13T23:11:52.651+0100] {dagbag.py:545} INFO - Filling up the DagBag from /Users/harshasogala/financial-data-platform/venv/lib/python3.12/site-packages/airflow/example_dags/example_params_trigger_ui.py
[2026-03-13T23:11:52.675+0100] {processor.py:840} INFO - DAG(s) 'example_params_trigger_ui' retrieved from /Users/harshasogala/financial-data-platform/venv/lib/python3.12/site-packages/airflow/example_dags/example_params_trigger_ui.py
[2026-03-13T23:11:52.773+0100] {logging_mixin.py:188} INFO - [2026-03-13T23:11:52.773+0100] {dag.py:3089} INFO - Sync 1 DAGs
[2026-03-13T23:11:52.779+0100] {logging_mixin.py:188} INFO - [2026-03-13T23:11:52.779+0100] {dag.py:3947} INFO - Setting next_dagrun for example_params_trigger_ui to None, run_after=None
[2026-03-13T23:11:52.789+0100] {processor.py:183} INFO - Processing /Users/harshasogala/financial-data-platform/venv/lib/python3.12/site-packages/airflow/example_dags/example_params_trigger_ui.py took 0.141 seconds
[2026-03-13T23:13:07.472+0100] {processor.py:161} INFO - Started process (PID=73437) to work on /Users/harshasogala/financial-data-platform/venv/lib/python3.12/site-packages/airflow/example_dags/example_params_trigger_ui.py
[2026-03-13T23:13:07.473+0100] {processor.py:830} INFO - Processing file /Users/harshasogala/financial-data-platform/venv/lib/python3.12/site-packages/airflow/example_dags/example_params_trigger_ui.py for tasks to queue
[2026-03-13T23:13:07.474+0100] {logging_mixin.py:188} INFO - [2026-03-13T23:13:07.474+0100] {dagbag.py:545} INFO - Filling up the DagBag from /Users/harshasogala/financial-data-platform/venv/lib/python3.12/site-packages/airflow/example_dags/example_params_trigger_ui.py
[2026-03-13T23:13:07.498+0100] {processor.py:840} INFO - DAG(s) 'example_params_trigger_ui' retrieved from /Users/harshasogala/financial-data-platform/venv/lib/python3.12/site-packages/airflow/example_dags/example_params_trigger_ui.py
[2026-03-13T23:13:07.596+0100] {logging_mixin.py:188} INFO - [2026-03-13T23:13:07.596+0100] {dag.py:3089} INFO - Sync 1 DAGs
[2026-03-13T23:13:07.602+0100] {logging_mixin.py:188} INFO - [2026-03-13T23:13:07.601+0100] {dag.py:3947} INFO - Setting next_dagrun for example_params_trigger_ui to None, run_after=None
[2026-03-13T23:13:07.612+0100] {processor.py:183} INFO - Processing /Users/harshasogala/financial-data-platform/venv/lib/python3.12/site-packages/airflow/example_dags/example_params_trigger_ui.py took 0.142 seconds
[2026-03-13T23:14:21.218+0100] {processor.py:161} INFO - Started process (PID=73499) to work on /Users/harshasogala/financial-data-platform/venv/lib/python3.12/site-packages/airflow/example_dags/example_params_trigger_ui.py
[2026-03-13T23:14:21.219+0100] {processor.py:830} INFO - Processing file /Users/harshasogala/financial-data-platform/venv/lib/python3.12/site-packages/airflow/example_dags/example_params_trigger_ui.py for tasks to queue
[2026-03-13T23:14:21.220+0100] {logging_mixin.py:188} INFO - [2026-03-13T23:14:21.220+0100] {dagbag.py:545} INFO - Filling up the DagBag from /Users/harshasogala/financial-data-platform/venv/lib/python3.12/site-packages/airflow/example_dags/example_params_trigger_ui.py
[2026-03-13T23:14:21.244+0100] {processor.py:840} INFO - DAG(s) 'example_params_trigger_ui' retrieved from /Users/harshasogala/financial-data-platform/venv/lib/python3.12/site-packages/airflow/example_dags/example_params_trigger_ui.py
[2026-03-13T23:14:21.345+0100] {logging_mixin.py:188} INFO - [2026-03-13T23:14:21.345+0100] {dag.py:3089} INFO - Sync 1 DAGs
[2026-03-13T23:14:21.350+0100] {logging_mixin.py:188} INFO - [2026-03-13T23:14:21.350+0100] {dag.py:3947} INFO - Setting next_dagrun for example_params_trigger_ui to None, run_after=None
[2026-03-13T23:14:21.361+0100] {processor.py:183} INFO - Processing /Users/harshasogala/financial-data-platform/venv/lib/python3.12/site-packages/airflow/example_dags/example_params_trigger_ui.py took 0.145 seconds
[2026-03-13T23:15:37.158+0100] {processor.py:161} INFO - Started process (PID=73559) to work on /Users/harshasogala/financial-data-platform/venv/lib/python3.12/site-packages/airflow/example_dags/example_params_trigger_ui.py
[2026-03-13T23:15:37.159+0100] {processor.py:830} INFO - Processing file /Users/harshasogala/financial-data-platform/venv/lib/python3.12/site-packages/airflow/example_dags/example_params_trigger_ui.py for tasks to queue
[2026-03-13T23:15:37.160+0100] {logging_mixin.py:188} INFO - [2026-03-13T23:15:37.160+0100] {dagbag.py:545} INFO - Filling up the DagBag from /Users/harshasogala/financial-data-platform/venv/lib/python3.12/site-packages/airflow/example_dags/example_params_trigger_ui.py
[2026-03-13T23:15:37.184+0100] {processor.py:840} INFO - DAG(s) 'example_params_trigger_ui' retrieved from /Users/harshasogala/financial-data-platform/venv/lib/python3.12/site-packages/airflow/example_dags/example_params_trigger_ui.py
[2026-03-13T23:15:37.284+0100] {logging_mixin.py:188} INFO - [2026-03-13T23:15:37.284+0100] {dag.py:3089} INFO - Sync 1 DAGs
[2026-03-13T23:15:37.289+0100] {logging_mixin.py:188} INFO - [2026-03-13T23:15:37.289+0100] {dag.py:3947} INFO - Setting next_dagrun for example_params_trigger_ui to None, run_after=None
[2026-03-13T23:15:37.299+0100] {processor.py:183} INFO - Processing /Users/harshasogala/financial-data-platform/venv/lib/python3.12/site-packages/airflow/example_dags/example_params_trigger_ui.py took 0.143 seconds
[2026-03-13T23:16:51.878+0100] {processor.py:161} INFO - Started process (PID=73622) to work on /Users/harshasogala/financial-data-platform/venv/lib/python3.12/site-packages/airflow/example_dags/example_params_trigger_ui.py
[2026-03-13T23:16:51.879+0100] {processor.py:830} INFO - Processing file /Users/harshasogala/financial-data-platform/venv/lib/python3.12/site-packages/airflow/example_dags/example_params_trigger_ui.py for tasks to queue
[2026-03-13T23:16:51.880+0100] {logging_mixin.py:188} INFO - [2026-03-13T23:16:51.880+0100] {dagbag.py:545} INFO - Filling up the DagBag from /Users/harshasogala/financial-data-platform/venv/lib/python3.12/site-packages/airflow/example_dags/example_params_trigger_ui.py
[2026-03-13T23:16:51.904+0100] {processor.py:840} INFO - DAG(s) 'example_params_trigger_ui' retrieved from /Users/harshasogala/financial-data-platform/venv/lib/python3.12/site-packages/airflow/example_dags/example_params_trigger_ui.py
[2026-03-13T23:16:52.004+0100] {logging_mixin.py:188} INFO - [2026-03-13T23:16:52.004+0100] {dag.py:3089} INFO - Sync 1 DAGs
[2026-03-13T23:16:52.009+0100] {logging_mixin.py:188} INFO - [2026-03-13T23:16:52.009+0100] {dag.py:3947} INFO - Setting next_dagrun for example_params_trigger_ui to None, run_after=None
[2026-03-13T23:16:52.020+0100] {processor.py:183} INFO - Processing /Users/harshasogala/financial-data-platform/venv/lib/python3.12/site-packages/airflow/example_dags/example_params_trigger_ui.py took 0.143 seconds
[2026-03-13T23:18:09.670+0100] {processor.py:161} INFO - Started process (PID=73689) to work on /Users/harshasogala/financial-data-platform/venv/lib/python3.12/site-packages/airflow/example_dags/example_params_trigger_ui.py
[2026-03-13T23:18:09.672+0100] {processor.py:830} INFO - Processing file /Users/harshasogala/financial-data-platform/venv/lib/python3.12/site-packages/airflow/example_dags/example_params_trigger_ui.py for tasks to queue
[2026-03-13T23:18:09.672+0100] {logging_mixin.py:188} INFO - [2026-03-13T23:18:09.672+0100] {dagbag.py:545} INFO - Filling up the DagBag from /Users/harshasogala/financial-data-platform/venv/lib/python3.12/site-packages/airflow/example_dags/example_params_trigger_ui.py
[2026-03-13T23:18:09.696+0100] {processor.py:840} INFO - DAG(s) 'example_params_trigger_ui' retrieved from /Users/harshasogala/financial-data-platform/venv/lib/python3.12/site-packages/airflow/example_dags/example_params_trigger_ui.py
[2026-03-13T23:18:09.795+0100] {logging_mixin.py:188} INFO - [2026-03-13T23:18:09.795+0100] {dag.py:3089} INFO - Sync 1 DAGs
[2026-03-13T23:18:09.800+0100] {logging_mixin.py:188} INFO - [2026-03-13T23:18:09.800+0100] {dag.py:3947} INFO - Setting next_dagrun for example_params_trigger_ui to None, run_after=None
[2026-03-13T23:18:09.813+0100] {processor.py:183} INFO - Processing /Users/harshasogala/financial-data-platform/venv/lib/python3.12/site-packages/airflow/example_dags/example_params_trigger_ui.py took 0.145 seconds
[2026-03-13T23:19:24.768+0100] {processor.py:161} INFO - Started process (PID=73749) to work on /Users/harshasogala/financial-data-platform/venv/lib/python3.12/site-packages/airflow/example_dags/example_params_trigger_ui.py
[2026-03-13T23:19:24.770+0100] {processor.py:830} INFO - Processing file /Users/harshasogala/financial-data-platform/venv/lib/python3.12/site-packages/airflow/example_dags/example_params_trigger_ui.py for tasks to queue
[2026-03-13T23:19:24.770+0100] {logging_mixin.py:188} INFO - [2026-03-13T23:19:24.770+0100] {dagbag.py:545} INFO - Filling up the DagBag from /Users/harshasogala/financial-data-platform/venv/lib/python3.12/site-packages/airflow/example_dags/example_params_trigger_ui.py
[2026-03-13T23:19:24.797+0100] {processor.py:840} INFO - DAG(s) 'example_params_trigger_ui' retrieved from /Users/harshasogala/financial-data-platform/venv/lib/python3.12/site-packages/airflow/example_dags/example_params_trigger_ui.py
[2026-03-13T23:19:24.904+0100] {logging_mixin.py:188} INFO - [2026-03-13T23:19:24.904+0100] {dag.py:3089} INFO - Sync 1 DAGs
[2026-03-13T23:19:24.909+0100] {logging_mixin.py:188} INFO - [2026-03-13T23:19:24.909+0100] {dag.py:3947} INFO - Setting next_dagrun for example_params_trigger_ui to None, run_after=None
[2026-03-13T23:19:24.922+0100] {processor.py:183} INFO - Processing /Users/harshasogala/financial-data-platform/venv/lib/python3.12/site-packages/airflow/example_dags/example_params_trigger_ui.py took 0.158 seconds
[2026-03-13T23:20:43.753+0100] {processor.py:161} INFO - Started process (PID=73815) to work on /Users/harshasogala/financial-data-platform/venv/lib/python3.12/site-packages/airflow/example_dags/example_params_trigger_ui.py
[2026-03-13T23:20:43.754+0100] {processor.py:830} INFO - Processing file /Users/harshasogala/financial-data-platform/venv/lib/python3.12/site-packages/airflow/example_dags/example_params_trigger_ui.py for tasks to queue
[2026-03-13T23:20:43.754+0100] {logging_mixin.py:188} INFO - [2026-03-13T23:20:43.754+0100] {dagbag.py:545} INFO - Filling up the DagBag from /Users/harshasogala/financial-data-platform/venv/lib/python3.12/site-packages/airflow/example_dags/example_params_trigger_ui.py
[2026-03-13T23:20:43.778+0100] {processor.py:840} INFO - DAG(s) 'example_params_trigger_ui' retrieved from /Users/harshasogala/financial-data-platform/venv/lib/python3.12/site-packages/airflow/example_dags/example_params_trigger_ui.py
[2026-03-13T23:20:43.877+0100] {logging_mixin.py:188} INFO - [2026-03-13T23:20:43.877+0100] {dag.py:3089} INFO - Sync 1 DAGs
[2026-03-13T23:20:43.882+0100] {logging_mixin.py:188} INFO - [2026-03-13T23:20:43.882+0100] {dag.py:3947} INFO - Setting next_dagrun for example_params_trigger_ui to None, run_after=None
[2026-03-13T23:20:43.893+0100] {processor.py:183} INFO - Processing /Users/harshasogala/financial-data-platform/venv/lib/python3.12/site-packages/airflow/example_dags/example_params_trigger_ui.py took 0.142 seconds
[2026-03-13T23:21:57.125+0100] {processor.py:161} INFO - Started process (PID=73898) to work on /Users/harshasogala/financial-data-platform/venv/lib/python3.12/site-packages/airflow/example_dags/example_params_trigger_ui.py
[2026-03-13T23:21:57.126+0100] {processor.py:830} INFO - Processing file /Users/harshasogala/financial-data-platform/venv/lib/python3.12/site-packages/airflow/example_dags/example_params_trigger_ui.py for tasks to queue
[2026-03-13T23:21:57.126+0100] {logging_mixin.py:188} INFO - [2026-03-13T23:21:57.126+0100] {dagbag.py:545} INFO - Filling up the DagBag from /Users/harshasogala/financial-data-platform/venv/lib/python3.12/site-packages/airflow/example_dags/example_params_trigger_ui.py
[2026-03-13T23:21:57.150+0100] {processor.py:840} INFO - DAG(s) 'example_params_trigger_ui' retrieved from /Users/harshasogala/financial-data-platform/venv/lib/python3.12/site-packages/airflow/example_dags/example_params_trigger_ui.py
[2026-03-13T23:21:57.250+0100] {logging_mixin.py:188} INFO - [2026-03-13T23:21:57.250+0100] {dag.py:3089} INFO - Sync 1 DAGs
[2026-03-13T23:21:57.256+0100] {logging_mixin.py:188} INFO - [2026-03-13T23:21:57.256+0100] {dag.py:3947} INFO - Setting next_dagrun for example_params_trigger_ui to None, run_after=None
[2026-03-13T23:21:57.267+0100] {processor.py:183} INFO - Processing /Users/harshasogala/financial-data-platform/venv/lib/python3.12/site-packages/airflow/example_dags/example_params_trigger_ui.py took 0.144 seconds
[2026-03-13T23:23:11.913+0100] {processor.py:161} INFO - Started process (PID=73960) to work on /Users/harshasogala/financial-data-platform/venv/lib/python3.12/site-packages/airflow/example_dags/example_params_trigger_ui.py
[2026-03-13T23:23:11.914+0100] {processor.py:830} INFO - Processing file /Users/harshasogala/financial-data-platform/venv/lib/python3.12/site-packages/airflow/example_dags/example_params_trigger_ui.py for tasks to queue
[2026-03-13T23:23:11.914+0100] {logging_mixin.py:188} INFO - [2026-03-13T23:23:11.914+0100] {dagbag.py:545} INFO - Filling up the DagBag from /Users/harshasogala/financial-data-platform/venv/lib/python3.12/site-packages/airflow/example_dags/example_params_trigger_ui.py
[2026-03-13T23:23:11.939+0100] {processor.py:840} INFO - DAG(s) 'example_params_trigger_ui' retrieved from /Users/harshasogala/financial-data-platform/venv/lib/python3.12/site-packages/airflow/example_dags/example_params_trigger_ui.py
[2026-03-13T23:23:12.037+0100] {logging_mixin.py:188} INFO - [2026-03-13T23:23:12.037+0100] {dag.py:3089} INFO - Sync 1 DAGs
[2026-03-13T23:23:12.043+0100] {logging_mixin.py:188} INFO - [2026-03-13T23:23:12.042+0100] {dag.py:3947} INFO - Setting next_dagrun for example_params_trigger_ui to None, run_after=None
[2026-03-13T23:23:12.055+0100] {processor.py:183} INFO - Processing /Users/harshasogala/financial-data-platform/venv/lib/python3.12/site-packages/airflow/example_dags/example_params_trigger_ui.py took 0.144 seconds
[2026-03-13T23:24:23.515+0100] {processor.py:161} INFO - Started process (PID=74020) to work on /Users/harshasogala/financial-data-platform/venv/lib/python3.12/site-packages/airflow/example_dags/example_params_trigger_ui.py
[2026-03-13T23:24:23.515+0100] {processor.py:830} INFO - Processing file /Users/harshasogala/financial-data-platform/venv/lib/python3.12/site-packages/airflow/example_dags/example_params_trigger_ui.py for tasks to queue
[2026-03-13T23:24:23.516+0100] {logging_mixin.py:188} INFO - [2026-03-13T23:24:23.516+0100] {dagbag.py:545} INFO - Filling up the DagBag from /Users/harshasogala/financial-data-platform/venv/lib/python3.12/site-packages/airflow/example_dags/example_params_trigger_ui.py
[2026-03-13T23:24:23.540+0100] {processor.py:840} INFO - DAG(s) 'example_params_trigger_ui' retrieved from /Users/harshasogala/financial-data-platform/venv/lib/python3.12/site-packages/airflow/example_dags/example_params_trigger_ui.py
[2026-03-13T23:24:23.639+0100] {logging_mixin.py:188} INFO - [2026-03-13T23:24:23.638+0100] {dag.py:3089} INFO - Sync 1 DAGs
[2026-03-13T23:24:23.644+0100] {logging_mixin.py:188} INFO - [2026-03-13T23:24:23.644+0100] {dag.py:3947} INFO - Setting next_dagrun for example_params_trigger_ui to None, run_after=None
[2026-03-13T23:24:23.656+0100] {processor.py:183} INFO - Processing /Users/harshasogala/financial-data-platform/venv/lib/python3.12/site-packages/airflow/example_dags/example_params_trigger_ui.py took 0.143 seconds
[2026-03-13T23:25:45.239+0100] {processor.py:161} INFO - Started process (PID=74080) to work on /Users/harshasogala/financial-data-platform/venv/lib/python3.12/site-packages/airflow/example_dags/example_params_trigger_ui.py
[2026-03-13T23:25:45.240+0100] {processor.py:830} INFO - Processing file /Users/harshasogala/financial-data-platform/venv/lib/python3.12/site-packages/airflow/example_dags/example_params_trigger_ui.py for tasks to queue
[2026-03-13T23:25:45.241+0100] {logging_mixin.py:188} INFO - [2026-03-13T23:25:45.241+0100] {dagbag.py:545} INFO - Filling up the DagBag from /Users/harshasogala/financial-data-platform/venv/lib/python3.12/site-packages/airflow/example_dags/example_params_trigger_ui.py
[2026-03-13T23:25:45.265+0100] {processor.py:840} INFO - DAG(s) 'example_params_trigger_ui' retrieved from /Users/harshasogala/financial-data-platform/venv/lib/python3.12/site-packages/airflow/example_dags/example_params_trigger_ui.py
[2026-03-13T23:25:45.366+0100] {logging_mixin.py:188} INFO - [2026-03-13T23:25:45.366+0100] {dag.py:3089} INFO - Sync 1 DAGs
[2026-03-13T23:25:45.371+0100] {logging_mixin.py:188} INFO - [2026-03-13T23:25:45.371+0100] {dag.py:3947} INFO - Setting next_dagrun for example_params_trigger_ui to None, run_after=None
[2026-03-13T23:25:45.384+0100] {processor.py:183} INFO - Processing /Users/harshasogala/financial-data-platform/venv/lib/python3.12/site-packages/airflow/example_dags/example_params_trigger_ui.py took 0.147 seconds
[2026-03-13T23:26:57.586+0100] {processor.py:161} INFO - Started process (PID=74144) to work on /Users/harshasogala/financial-data-platform/venv/lib/python3.12/site-packages/airflow/example_dags/example_params_trigger_ui.py
[2026-03-13T23:26:57.588+0100] {processor.py:830} INFO - Processing file /Users/harshasogala/financial-data-platform/venv/lib/python3.12/site-packages/airflow/example_dags/example_params_trigger_ui.py for tasks to queue
[2026-03-13T23:26:57.589+0100] {logging_mixin.py:188} INFO - [2026-03-13T23:26:57.588+0100] {dagbag.py:545} INFO - Filling up the DagBag from /Users/harshasogala/financial-data-platform/venv/lib/python3.12/site-packages/airflow/example_dags/example_params_trigger_ui.py
[2026-03-13T23:26:57.633+0100] {processor.py:840} INFO - DAG(s) 'example_params_trigger_ui' retrieved from /Users/harshasogala/financial-data-platform/venv/lib/python3.12/site-packages/airflow/example_dags/example_params_trigger_ui.py
[2026-03-13T23:26:57.785+0100] {logging_mixin.py:188} INFO - [2026-03-13T23:26:57.784+0100] {dag.py:3089} INFO - Sync 1 DAGs
[2026-03-13T23:26:57.793+0100] {logging_mixin.py:188} INFO - [2026-03-13T23:26:57.793+0100] {dag.py:3947} INFO - Setting next_dagrun for example_params_trigger_ui to None, run_after=None
[2026-03-13T23:26:57.811+0100] {processor.py:183} INFO - Processing /Users/harshasogala/financial-data-platform/venv/lib/python3.12/site-packages/airflow/example_dags/example_params_trigger_ui.py took 0.228 seconds
[2026-03-13T23:28:19.353+0100] {processor.py:161} INFO - Started process (PID=74239) to work on /Users/harshasogala/financial-data-platform/venv/lib/python3.12/site-packages/airflow/example_dags/example_params_trigger_ui.py
[2026-03-13T23:28:19.354+0100] {processor.py:830} INFO - Processing file /Users/harshasogala/financial-data-platform/venv/lib/python3.12/site-packages/airflow/example_dags/example_params_trigger_ui.py for tasks to queue
[2026-03-13T23:28:19.355+0100] {logging_mixin.py:188} INFO - [2026-03-13T23:28:19.355+0100] {dagbag.py:545} INFO - Filling up the DagBag from /Users/harshasogala/financial-data-platform/venv/lib/python3.12/site-packages/airflow/example_dags/example_params_trigger_ui.py
[2026-03-13T23:28:19.379+0100] {processor.py:840} INFO - DAG(s) 'example_params_trigger_ui' retrieved from /Users/harshasogala/financial-data-platform/venv/lib/python3.12/site-packages/airflow/example_dags/example_params_trigger_ui.py
[2026-03-13T23:28:19.479+0100] {logging_mixin.py:188} INFO - [2026-03-13T23:28:19.479+0100] {dag.py:3089} INFO - Sync 1 DAGs
[2026-03-13T23:28:19.485+0100] {logging_mixin.py:188} INFO - [2026-03-13T23:28:19.485+0100] {dag.py:3947} INFO - Setting next_dagrun for example_params_trigger_ui to None, run_after=None
[2026-03-13T23:28:19.495+0100] {processor.py:183} INFO - Processing /Users/harshasogala/financial-data-platform/venv/lib/python3.12/site-packages/airflow/example_dags/example_params_trigger_ui.py took 0.144 seconds
[2026-03-13T23:29:33.681+0100] {processor.py:161} INFO - Started process (PID=74300) to work on /Users/harshasogala/financial-data-platform/venv/lib/python3.12/site-packages/airflow/example_dags/example_params_trigger_ui.py
[2026-03-13T23:29:33.682+0100] {processor.py:830} INFO - Processing file /Users/harshasogala/financial-data-platform/venv/lib/python3.12/site-packages/airflow/example_dags/example_params_trigger_ui.py for tasks to queue
[2026-03-13T23:29:33.683+0100] {logging_mixin.py:188} INFO - [2026-03-13T23:29:33.683+0100] {dagbag.py:545} INFO - Filling up the DagBag from /Users/harshasogala/financial-data-platform/venv/lib/python3.12/site-packages/airflow/example_dags/example_params_trigger_ui.py
[2026-03-13T23:29:33.710+0100] {processor.py:840} INFO - DAG(s) 'example_params_trigger_ui' retrieved from /Users/harshasogala/financial-data-platform/venv/lib/python3.12/site-packages/airflow/example_dags/example_params_trigger_ui.py
[2026-03-13T23:29:33.811+0100] {logging_mixin.py:188} INFO - [2026-03-13T23:29:33.811+0100] {dag.py:3089} INFO - Sync 1 DAGs
[2026-03-13T23:29:33.816+0100] {logging_mixin.py:188} INFO - [2026-03-13T23:29:33.816+0100] {dag.py:3947} INFO - Setting next_dagrun for example_params_trigger_ui to None, run_after=None
[2026-03-13T23:29:33.828+0100] {processor.py:183} INFO - Processing /Users/harshasogala/financial-data-platform/venv/lib/python3.12/site-packages/airflow/example_dags/example_params_trigger_ui.py took 0.148 seconds
[2026-03-13T23:30:52.677+0100] {processor.py:161} INFO - Started process (PID=74394) to work on /Users/harshasogala/financial-data-platform/venv/lib/python3.12/site-packages/airflow/example_dags/example_params_trigger_ui.py
[2026-03-13T23:30:52.678+0100] {processor.py:830} INFO - Processing file /Users/harshasogala/financial-data-platform/venv/lib/python3.12/site-packages/airflow/example_dags/example_params_trigger_ui.py for tasks to queue
[2026-03-13T23:30:52.679+0100] {logging_mixin.py:188} INFO - [2026-03-13T23:30:52.679+0100] {dagbag.py:545} INFO - Filling up the DagBag from /Users/harshasogala/financial-data-platform/venv/lib/python3.12/site-packages/airflow/example_dags/example_params_trigger_ui.py
[2026-03-13T23:30:52.703+0100] {processor.py:840} INFO - DAG(s) 'example_params_trigger_ui' retrieved from /Users/harshasogala/financial-data-platform/venv/lib/python3.12/site-packages/airflow/example_dags/example_params_trigger_ui.py
[2026-03-13T23:30:52.809+0100] {logging_mixin.py:188} INFO - [2026-03-13T23:30:52.809+0100] {dag.py:3089} INFO - Sync 1 DAGs
[2026-03-13T23:30:52.815+0100] {logging_mixin.py:188} INFO - [2026-03-13T23:30:52.815+0100] {dag.py:3947} INFO - Setting next_dagrun for example_params_trigger_ui to None, run_after=None
[2026-03-13T23:30:52.826+0100] {processor.py:183} INFO - Processing /Users/harshasogala/financial-data-platform/venv/lib/python3.12/site-packages/airflow/example_dags/example_params_trigger_ui.py took 0.151 seconds
[2026-03-13T23:32:08.693+0100] {processor.py:161} INFO - Started process (PID=74827) to work on /Users/harshasogala/financial-data-platform/venv/lib/python3.12/site-packages/airflow/example_dags/example_params_trigger_ui.py
[2026-03-13T23:32:08.694+0100] {processor.py:830} INFO - Processing file /Users/harshasogala/financial-data-platform/venv/lib/python3.12/site-packages/airflow/example_dags/example_params_trigger_ui.py for tasks to queue
[2026-03-13T23:32:08.694+0100] {logging_mixin.py:188} INFO - [2026-03-13T23:32:08.694+0100] {dagbag.py:545} INFO - Filling up the DagBag from /Users/harshasogala/financial-data-platform/venv/lib/python3.12/site-packages/airflow/example_dags/example_params_trigger_ui.py
[2026-03-13T23:32:08.719+0100] {processor.py:840} INFO - DAG(s) 'example_params_trigger_ui' retrieved from /Users/harshasogala/financial-data-platform/venv/lib/python3.12/site-packages/airflow/example_dags/example_params_trigger_ui.py
[2026-03-13T23:32:08.819+0100] {logging_mixin.py:188} INFO - [2026-03-13T23:32:08.819+0100] {dag.py:3089} INFO - Sync 1 DAGs
[2026-03-13T23:32:08.825+0100] {logging_mixin.py:188} INFO - [2026-03-13T23:32:08.824+0100] {dag.py:3947} INFO - Setting next_dagrun for example_params_trigger_ui to None, run_after=None
[2026-03-13T23:32:08.835+0100] {processor.py:183} INFO - Processing /Users/harshasogala/financial-data-platform/venv/lib/python3.12/site-packages/airflow/example_dags/example_params_trigger_ui.py took 0.144 seconds
[2026-03-13T23:33:28.062+0100] {processor.py:161} INFO - Started process (PID=75018) to work on /Users/harshasogala/financial-data-platform/venv/lib/python3.12/site-packages/airflow/example_dags/example_params_trigger_ui.py
[2026-03-13T23:33:28.063+0100] {processor.py:830} INFO - Processing file /Users/harshasogala/financial-data-platform/venv/lib/python3.12/site-packages/airflow/example_dags/example_params_trigger_ui.py for tasks to queue
[2026-03-13T23:33:28.064+0100] {logging_mixin.py:188} INFO - [2026-03-13T23:33:28.064+0100] {dagbag.py:545} INFO - Filling up the DagBag from /Users/harshasogala/financial-data-platform/venv/lib/python3.12/site-packages/airflow/example_dags/example_params_trigger_ui.py
[2026-03-13T23:33:28.088+0100] {processor.py:840} INFO - DAG(s) 'example_params_trigger_ui' retrieved from /Users/harshasogala/financial-data-platform/venv/lib/python3.12/site-packages/airflow/example_dags/example_params_trigger_ui.py
[2026-03-13T23:33:28.190+0100] {logging_mixin.py:188} INFO - [2026-03-13T23:33:28.189+0100] {dag.py:3089} INFO - Sync 1 DAGs
[2026-03-13T23:33:28.197+0100] {logging_mixin.py:188} INFO - [2026-03-13T23:33:28.196+0100] {dag.py:3947} INFO - Setting next_dagrun for example_params_trigger_ui to None, run_after=None
[2026-03-13T23:33:28.208+0100] {processor.py:183} INFO - Processing /Users/harshasogala/financial-data-platform/venv/lib/python3.12/site-packages/airflow/example_dags/example_params_trigger_ui.py took 0.148 seconds
