[2026-03-13T22:18:41.443+0100] {processor.py:161} INFO - Started process (PID=66019) to work on /Users/harshasogala/financial-data-platform/venv/lib/python3.12/site-packages/airflow/example_dags/example_params_ui_tutorial.py
[2026-03-13T22:18:41.443+0100] {processor.py:830} INFO - Processing file /Users/harshasogala/financial-data-platform/venv/lib/python3.12/site-packages/airflow/example_dags/example_params_ui_tutorial.py for tasks to queue
[2026-03-13T22:18:41.444+0100] {logging_mixin.py:188} INFO - [2026-03-13T22:18:41.444+0100] {dagbag.py:545} INFO - Filling up the DagBag from /Users/harshasogala/financial-data-platform/venv/lib/python3.12/site-packages/airflow/example_dags/example_params_ui_tutorial.py
[2026-03-13T22:18:41.469+0100] {processor.py:840} INFO - DAG(s) 'example_params_ui_tutorial' retrieved from /Users/harshasogala/financial-data-platform/venv/lib/python3.12/site-packages/airflow/example_dags/example_params_ui_tutorial.py
[2026-03-13T22:18:41.584+0100] {logging_mixin.py:188} INFO - [2026-03-13T22:18:41.584+0100] {override.py:1858} INFO - Created Permission View: can read on DAG:example_params_ui_tutorial
[2026-03-13T22:18:41.589+0100] {logging_mixin.py:188} INFO - [2026-03-13T22:18:41.589+0100] {override.py:1858} INFO - Created Permission View: can delete on DAG:example_params_ui_tutorial
[2026-03-13T22:18:41.592+0100] {logging_mixin.py:188} INFO - [2026-03-13T22:18:41.592+0100] {override.py:1858} INFO - Created Permission View: can edit on DAG:example_params_ui_tutorial
[2026-03-13T22:18:41.592+0100] {logging_mixin.py:188} INFO - [2026-03-13T22:18:41.592+0100] {dag.py:3089} INFO - Sync 1 DAGs
[2026-03-13T22:18:41.598+0100] {logging_mixin.py:188} INFO - [2026-03-13T22:18:41.598+0100] {dag.py:3111} INFO - Creating ORM DAG for example_params_ui_tutorial
[2026-03-13T22:18:41.598+0100] {logging_mixin.py:188} INFO - [2026-03-13T22:18:41.598+0100] {dag.py:3947} INFO - Setting next_dagrun for example_params_ui_tutorial to None, run_after=None
[2026-03-13T22:18:41.609+0100] {processor.py:183} INFO - Processing /Users/harshasogala/financial-data-platform/venv/lib/python3.12/site-packages/airflow/example_dags/example_params_ui_tutorial.py took 0.168 seconds
[2026-03-13T22:20:30.034+0100] {processor.py:161} INFO - Started process (PID=66093) to work on /Users/harshasogala/financial-data-platform/venv/lib/python3.12/site-packages/airflow/example_dags/example_params_ui_tutorial.py
[2026-03-13T22:20:30.035+0100] {processor.py:830} INFO - Processing file /Users/harshasogala/financial-data-platform/venv/lib/python3.12/site-packages/airflow/example_dags/example_params_ui_tutorial.py for tasks to queue
[2026-03-13T22:20:30.035+0100] {logging_mixin.py:188} INFO - [2026-03-13T22:20:30.035+0100] {dagbag.py:545} INFO - Filling up the DagBag from /Users/harshasogala/financial-data-platform/venv/lib/python3.12/site-packages/airflow/example_dags/example_params_ui_tutorial.py
[2026-03-13T22:20:30.064+0100] {processor.py:840} INFO - DAG(s) 'example_params_ui_tutorial' retrieved from /Users/harshasogala/financial-data-platform/venv/lib/python3.12/site-packages/airflow/example_dags/example_params_ui_tutorial.py
[2026-03-13T22:20:30.131+0100] {logging_mixin.py:188} INFO - [2026-03-13T22:20:30.130+0100] {dag.py:3089} INFO - Sync 1 DAGs
[2026-03-13T22:20:30.136+0100] {logging_mixin.py:188} INFO - [2026-03-13T22:20:30.136+0100] {dag.py:3947} INFO - Setting next_dagrun for example_params_ui_tutorial to None, run_after=None
[2026-03-13T22:20:30.146+0100] {processor.py:183} INFO - Processing /Users/harshasogala/financial-data-platform/venv/lib/python3.12/site-packages/airflow/example_dags/example_params_ui_tutorial.py took 0.114 seconds
[2026-03-13T22:28:31.324+0100] {processor.py:161} INFO - Started process (PID=67335) to work on /Users/harshasogala/financial-data-platform/venv/lib/python3.12/site-packages/airflow/example_dags/example_params_ui_tutorial.py
[2026-03-13T22:28:31.324+0100] {processor.py:830} INFO - Processing file /Users/harshasogala/financial-data-platform/venv/lib/python3.12/site-packages/airflow/example_dags/example_params_ui_tutorial.py for tasks to queue
[2026-03-13T22:28:31.325+0100] {logging_mixin.py:188} INFO - [2026-03-13T22:28:31.325+0100] {dagbag.py:545} INFO - Filling up the DagBag from /Users/harshasogala/financial-data-platform/venv/lib/python3.12/site-packages/airflow/example_dags/example_params_ui_tutorial.py
[2026-03-13T22:28:31.349+0100] {processor.py:840} INFO - DAG(s) 'example_params_ui_tutorial' retrieved from /Users/harshasogala/financial-data-platform/venv/lib/python3.12/site-packages/airflow/example_dags/example_params_ui_tutorial.py
[2026-03-13T22:28:31.417+0100] {logging_mixin.py:188} INFO - [2026-03-13T22:28:31.417+0100] {dag.py:3089} INFO - Sync 1 DAGs
[2026-03-13T22:28:31.423+0100] {logging_mixin.py:188} INFO - [2026-03-13T22:28:31.423+0100] {dag.py:3947} INFO - Setting next_dagrun for example_params_ui_tutorial to None, run_after=None
[2026-03-13T22:28:31.434+0100] {processor.py:183} INFO - Processing /Users/harshasogala/financial-data-platform/venv/lib/python3.12/site-packages/airflow/example_dags/example_params_ui_tutorial.py took 0.113 seconds
[2026-03-13T22:29:37.096+0100] {processor.py:161} INFO - Started process (PID=67458) to work on /Users/harshasogala/financial-data-platform/venv/lib/python3.12/site-packages/airflow/example_dags/example_params_ui_tutorial.py
[2026-03-13T22:29:37.097+0100] {processor.py:830} INFO - Processing file /Users/harshasogala/financial-data-platform/venv/lib/python3.12/site-packages/airflow/example_dags/example_params_ui_tutorial.py for tasks to queue
[2026-03-13T22:29:37.097+0100] {logging_mixin.py:188} INFO - [2026-03-13T22:29:37.097+0100] {dagbag.py:545} INFO - Filling up the DagBag from /Users/harshasogala/financial-data-platform/venv/lib/python3.12/site-packages/airflow/example_dags/example_params_ui_tutorial.py
[2026-03-13T22:29:37.121+0100] {processor.py:840} INFO - DAG(s) 'example_params_ui_tutorial' retrieved from /Users/harshasogala/financial-data-platform/venv/lib/python3.12/site-packages/airflow/example_dags/example_params_ui_tutorial.py
[2026-03-13T22:29:37.187+0100] {logging_mixin.py:188} INFO - [2026-03-13T22:29:37.187+0100] {dag.py:3089} INFO - Sync 1 DAGs
[2026-03-13T22:29:37.192+0100] {logging_mixin.py:188} INFO - [2026-03-13T22:29:37.192+0100] {dag.py:3947} INFO - Setting next_dagrun for example_params_ui_tutorial to None, run_after=None
[2026-03-13T22:29:37.202+0100] {processor.py:183} INFO - Processing /Users/harshasogala/financial-data-platform/venv/lib/python3.12/site-packages/airflow/example_dags/example_params_ui_tutorial.py took 0.108 seconds
[2026-03-13T22:30:44.202+0100] {processor.py:161} INFO - Started process (PID=67528) to work on /Users/harshasogala/financial-data-platform/venv/lib/python3.12/site-packages/airflow/example_dags/example_params_ui_tutorial.py
[2026-03-13T22:30:44.203+0100] {processor.py:830} INFO - Processing file /Users/harshasogala/financial-data-platform/venv/lib/python3.12/site-packages/airflow/example_dags/example_params_ui_tutorial.py for tasks to queue
[2026-03-13T22:30:44.203+0100] {logging_mixin.py:188} INFO - [2026-03-13T22:30:44.203+0100] {dagbag.py:545} INFO - Filling up the DagBag from /Users/harshasogala/financial-data-platform/venv/lib/python3.12/site-packages/airflow/example_dags/example_params_ui_tutorial.py
[2026-03-13T22:30:44.227+0100] {processor.py:840} INFO - DAG(s) 'example_params_ui_tutorial' retrieved from /Users/harshasogala/financial-data-platform/venv/lib/python3.12/site-packages/airflow/example_dags/example_params_ui_tutorial.py
[2026-03-13T22:30:44.295+0100] {logging_mixin.py:188} INFO - [2026-03-13T22:30:44.294+0100] {dag.py:3089} INFO - Sync 1 DAGs
[2026-03-13T22:30:44.300+0100] {logging_mixin.py:188} INFO - [2026-03-13T22:30:44.300+0100] {dag.py:3947} INFO - Setting next_dagrun for example_params_ui_tutorial to None, run_after=None
[2026-03-13T22:30:44.310+0100] {processor.py:183} INFO - Processing /Users/harshasogala/financial-data-platform/venv/lib/python3.12/site-packages/airflow/example_dags/example_params_ui_tutorial.py took 0.110 seconds
[2026-03-13T22:32:05.844+0100] {processor.py:161} INFO - Started process (PID=68422) to work on /Users/harshasogala/financial-data-platform/venv/lib/python3.12/site-packages/airflow/example_dags/example_params_ui_tutorial.py
[2026-03-13T22:32:05.845+0100] {processor.py:830} INFO - Processing file /Users/harshasogala/financial-data-platform/venv/lib/python3.12/site-packages/airflow/example_dags/example_params_ui_tutorial.py for tasks to queue
[2026-03-13T22:32:05.845+0100] {logging_mixin.py:188} INFO - [2026-03-13T22:32:05.845+0100] {dagbag.py:545} INFO - Filling up the DagBag from /Users/harshasogala/financial-data-platform/venv/lib/python3.12/site-packages/airflow/example_dags/example_params_ui_tutorial.py
[2026-03-13T22:32:05.869+0100] {processor.py:840} INFO - DAG(s) 'example_params_ui_tutorial' retrieved from /Users/harshasogala/financial-data-platform/venv/lib/python3.12/site-packages/airflow/example_dags/example_params_ui_tutorial.py
[2026-03-13T22:32:05.969+0100] {logging_mixin.py:188} INFO - [2026-03-13T22:32:05.968+0100] {dag.py:3089} INFO - Sync 1 DAGs
[2026-03-13T22:32:05.974+0100] {logging_mixin.py:188} INFO - [2026-03-13T22:32:05.974+0100] {dag.py:3947} INFO - Setting next_dagrun for example_params_ui_tutorial to None, run_after=None
[2026-03-13T22:32:05.986+0100] {processor.py:183} INFO - Processing /Users/harshasogala/financial-data-platform/venv/lib/python3.12/site-packages/airflow/example_dags/example_params_ui_tutorial.py took 0.143 seconds
[2026-03-13T22:33:28.519+0100] {processor.py:161} INFO - Started process (PID=69027) to work on /Users/harshasogala/financial-data-platform/venv/lib/python3.12/site-packages/airflow/example_dags/example_params_ui_tutorial.py
[2026-03-13T22:33:28.520+0100] {processor.py:830} INFO - Processing file /Users/harshasogala/financial-data-platform/venv/lib/python3.12/site-packages/airflow/example_dags/example_params_ui_tutorial.py for tasks to queue
[2026-03-13T22:33:28.521+0100] {logging_mixin.py:188} INFO - [2026-03-13T22:33:28.521+0100] {dagbag.py:545} INFO - Filling up the DagBag from /Users/harshasogala/financial-data-platform/venv/lib/python3.12/site-packages/airflow/example_dags/example_params_ui_tutorial.py
[2026-03-13T22:33:28.550+0100] {processor.py:840} INFO - DAG(s) 'example_params_ui_tutorial' retrieved from /Users/harshasogala/financial-data-platform/venv/lib/python3.12/site-packages/airflow/example_dags/example_params_ui_tutorial.py
[2026-03-13T22:33:28.697+0100] {logging_mixin.py:188} INFO - [2026-03-13T22:33:28.697+0100] {dag.py:3089} INFO - Sync 1 DAGs
[2026-03-13T22:33:28.703+0100] {logging_mixin.py:188} INFO - [2026-03-13T22:33:28.703+0100] {dag.py:3947} INFO - Setting next_dagrun for example_params_ui_tutorial to None, run_after=None
[2026-03-13T22:33:28.726+0100] {processor.py:183} INFO - Processing /Users/harshasogala/financial-data-platform/venv/lib/python3.12/site-packages/airflow/example_dags/example_params_ui_tutorial.py took 0.209 seconds
[2026-03-13T22:34:47.796+0100] {processor.py:161} INFO - Started process (PID=69206) to work on /Users/harshasogala/financial-data-platform/venv/lib/python3.12/site-packages/airflow/example_dags/example_params_ui_tutorial.py
[2026-03-13T22:34:47.797+0100] {processor.py:830} INFO - Processing file /Users/harshasogala/financial-data-platform/venv/lib/python3.12/site-packages/airflow/example_dags/example_params_ui_tutorial.py for tasks to queue
[2026-03-13T22:34:47.798+0100] {logging_mixin.py:188} INFO - [2026-03-13T22:34:47.798+0100] {dagbag.py:545} INFO - Filling up the DagBag from /Users/harshasogala/financial-data-platform/venv/lib/python3.12/site-packages/airflow/example_dags/example_params_ui_tutorial.py
[2026-03-13T22:34:47.826+0100] {processor.py:840} INFO - DAG(s) 'example_params_ui_tutorial' retrieved from /Users/harshasogala/financial-data-platform/venv/lib/python3.12/site-packages/airflow/example_dags/example_params_ui_tutorial.py
[2026-03-13T22:34:47.934+0100] {logging_mixin.py:188} INFO - [2026-03-13T22:34:47.934+0100] {dag.py:3089} INFO - Sync 1 DAGs
[2026-03-13T22:34:47.940+0100] {logging_mixin.py:188} INFO - [2026-03-13T22:34:47.939+0100] {dag.py:3947} INFO - Setting next_dagrun for example_params_ui_tutorial to None, run_after=None
[2026-03-13T22:34:47.950+0100] {processor.py:183} INFO - Processing /Users/harshasogala/financial-data-platform/venv/lib/python3.12/site-packages/airflow/example_dags/example_params_ui_tutorial.py took 0.157 seconds
[2026-03-13T22:36:03.536+0100] {processor.py:161} INFO - Started process (PID=69285) to work on /Users/harshasogala/financial-data-platform/venv/lib/python3.12/site-packages/airflow/example_dags/example_params_ui_tutorial.py
[2026-03-13T22:36:03.536+0100] {processor.py:830} INFO - Processing file /Users/harshasogala/financial-data-platform/venv/lib/python3.12/site-packages/airflow/example_dags/example_params_ui_tutorial.py for tasks to queue
[2026-03-13T22:36:03.537+0100] {logging_mixin.py:188} INFO - [2026-03-13T22:36:03.537+0100] {dagbag.py:545} INFO - Filling up the DagBag from /Users/harshasogala/financial-data-platform/venv/lib/python3.12/site-packages/airflow/example_dags/example_params_ui_tutorial.py
[2026-03-13T22:36:03.561+0100] {processor.py:840} INFO - DAG(s) 'example_params_ui_tutorial' retrieved from /Users/harshasogala/financial-data-platform/venv/lib/python3.12/site-packages/airflow/example_dags/example_params_ui_tutorial.py
[2026-03-13T22:36:03.661+0100] {logging_mixin.py:188} INFO - [2026-03-13T22:36:03.661+0100] {dag.py:3089} INFO - Sync 1 DAGs
[2026-03-13T22:36:03.666+0100] {logging_mixin.py:188} INFO - [2026-03-13T22:36:03.666+0100] {dag.py:3947} INFO - Setting next_dagrun for example_params_ui_tutorial to None, run_after=None
[2026-03-13T22:36:03.676+0100] {processor.py:183} INFO - Processing /Users/harshasogala/financial-data-platform/venv/lib/python3.12/site-packages/airflow/example_dags/example_params_ui_tutorial.py took 0.143 seconds
[2026-03-13T22:37:17.236+0100] {processor.py:161} INFO - Started process (PID=69343) to work on /Users/harshasogala/financial-data-platform/venv/lib/python3.12/site-packages/airflow/example_dags/example_params_ui_tutorial.py
[2026-03-13T22:37:17.237+0100] {processor.py:830} INFO - Processing file /Users/harshasogala/financial-data-platform/venv/lib/python3.12/site-packages/airflow/example_dags/example_params_ui_tutorial.py for tasks to queue
[2026-03-13T22:37:17.237+0100] {logging_mixin.py:188} INFO - [2026-03-13T22:37:17.237+0100] {dagbag.py:545} INFO - Filling up the DagBag from /Users/harshasogala/financial-data-platform/venv/lib/python3.12/site-packages/airflow/example_dags/example_params_ui_tutorial.py
[2026-03-13T22:37:17.262+0100] {processor.py:840} INFO - DAG(s) 'example_params_ui_tutorial' retrieved from /Users/harshasogala/financial-data-platform/venv/lib/python3.12/site-packages/airflow/example_dags/example_params_ui_tutorial.py
[2026-03-13T22:37:17.363+0100] {logging_mixin.py:188} INFO - [2026-03-13T22:37:17.362+0100] {dag.py:3089} INFO - Sync 1 DAGs
[2026-03-13T22:37:17.368+0100] {logging_mixin.py:188} INFO - [2026-03-13T22:37:17.368+0100] {dag.py:3947} INFO - Setting next_dagrun for example_params_ui_tutorial to None, run_after=None
[2026-03-13T22:37:17.379+0100] {processor.py:183} INFO - Processing /Users/harshasogala/financial-data-platform/venv/lib/python3.12/site-packages/airflow/example_dags/example_params_ui_tutorial.py took 0.145 seconds
[2026-03-13T22:38:31.609+0100] {processor.py:161} INFO - Started process (PID=69404) to work on /Users/harshasogala/financial-data-platform/venv/lib/python3.12/site-packages/airflow/example_dags/example_params_ui_tutorial.py
[2026-03-13T22:38:31.610+0100] {processor.py:830} INFO - Processing file /Users/harshasogala/financial-data-platform/venv/lib/python3.12/site-packages/airflow/example_dags/example_params_ui_tutorial.py for tasks to queue
[2026-03-13T22:38:31.610+0100] {logging_mixin.py:188} INFO - [2026-03-13T22:38:31.610+0100] {dagbag.py:545} INFO - Filling up the DagBag from /Users/harshasogala/financial-data-platform/venv/lib/python3.12/site-packages/airflow/example_dags/example_params_ui_tutorial.py
[2026-03-13T22:38:31.636+0100] {processor.py:840} INFO - DAG(s) 'example_params_ui_tutorial' retrieved from /Users/harshasogala/financial-data-platform/venv/lib/python3.12/site-packages/airflow/example_dags/example_params_ui_tutorial.py
[2026-03-13T22:38:31.743+0100] {logging_mixin.py:188} INFO - [2026-03-13T22:38:31.743+0100] {dag.py:3089} INFO - Sync 1 DAGs
[2026-03-13T22:38:31.748+0100] {logging_mixin.py:188} INFO - [2026-03-13T22:38:31.748+0100] {dag.py:3947} INFO - Setting next_dagrun for example_params_ui_tutorial to None, run_after=None
[2026-03-13T22:38:31.760+0100] {processor.py:183} INFO - Processing /Users/harshasogala/financial-data-platform/venv/lib/python3.12/site-packages/airflow/example_dags/example_params_ui_tutorial.py took 0.153 seconds
[2026-03-13T22:39:45.278+0100] {processor.py:161} INFO - Started process (PID=69471) to work on /Users/harshasogala/financial-data-platform/venv/lib/python3.12/site-packages/airflow/example_dags/example_params_ui_tutorial.py
[2026-03-13T22:39:45.279+0100] {processor.py:830} INFO - Processing file /Users/harshasogala/financial-data-platform/venv/lib/python3.12/site-packages/airflow/example_dags/example_params_ui_tutorial.py for tasks to queue
[2026-03-13T22:39:45.279+0100] {logging_mixin.py:188} INFO - [2026-03-13T22:39:45.279+0100] {dagbag.py:545} INFO - Filling up the DagBag from /Users/harshasogala/financial-data-platform/venv/lib/python3.12/site-packages/airflow/example_dags/example_params_ui_tutorial.py
[2026-03-13T22:39:45.303+0100] {processor.py:840} INFO - DAG(s) 'example_params_ui_tutorial' retrieved from /Users/harshasogala/financial-data-platform/venv/lib/python3.12/site-packages/airflow/example_dags/example_params_ui_tutorial.py
[2026-03-13T22:39:45.403+0100] {logging_mixin.py:188} INFO - [2026-03-13T22:39:45.403+0100] {dag.py:3089} INFO - Sync 1 DAGs
[2026-03-13T22:39:45.408+0100] {logging_mixin.py:188} INFO - [2026-03-13T22:39:45.408+0100] {dag.py:3947} INFO - Setting next_dagrun for example_params_ui_tutorial to None, run_after=None
[2026-03-13T22:39:45.419+0100] {processor.py:183} INFO - Processing /Users/harshasogala/financial-data-platform/venv/lib/python3.12/site-packages/airflow/example_dags/example_params_ui_tutorial.py took 0.143 seconds
[2026-03-13T22:41:09.403+0100] {processor.py:161} INFO - Started process (PID=69691) to work on /Users/harshasogala/financial-data-platform/venv/lib/python3.12/site-packages/airflow/example_dags/example_params_ui_tutorial.py
[2026-03-13T22:41:09.404+0100] {processor.py:830} INFO - Processing file /Users/harshasogala/financial-data-platform/venv/lib/python3.12/site-packages/airflow/example_dags/example_params_ui_tutorial.py for tasks to queue
[2026-03-13T22:41:09.404+0100] {logging_mixin.py:188} INFO - [2026-03-13T22:41:09.404+0100] {dagbag.py:545} INFO - Filling up the DagBag from /Users/harshasogala/financial-data-platform/venv/lib/python3.12/site-packages/airflow/example_dags/example_params_ui_tutorial.py
[2026-03-13T22:41:09.429+0100] {processor.py:840} INFO - DAG(s) 'example_params_ui_tutorial' retrieved from /Users/harshasogala/financial-data-platform/venv/lib/python3.12/site-packages/airflow/example_dags/example_params_ui_tutorial.py
[2026-03-13T22:41:09.532+0100] {logging_mixin.py:188} INFO - [2026-03-13T22:41:09.532+0100] {dag.py:3089} INFO - Sync 1 DAGs
[2026-03-13T22:41:09.537+0100] {logging_mixin.py:188} INFO - [2026-03-13T22:41:09.537+0100] {dag.py:3947} INFO - Setting next_dagrun for example_params_ui_tutorial to None, run_after=None
[2026-03-13T22:41:09.549+0100] {processor.py:183} INFO - Processing /Users/harshasogala/financial-data-platform/venv/lib/python3.12/site-packages/airflow/example_dags/example_params_ui_tutorial.py took 0.148 seconds
[2026-03-13T22:42:27.291+0100] {processor.py:161} INFO - Started process (PID=69750) to work on /Users/harshasogala/financial-data-platform/venv/lib/python3.12/site-packages/airflow/example_dags/example_params_ui_tutorial.py
[2026-03-13T22:42:27.292+0100] {processor.py:830} INFO - Processing file /Users/harshasogala/financial-data-platform/venv/lib/python3.12/site-packages/airflow/example_dags/example_params_ui_tutorial.py for tasks to queue
[2026-03-13T22:42:27.292+0100] {logging_mixin.py:188} INFO - [2026-03-13T22:42:27.292+0100] {dagbag.py:545} INFO - Filling up the DagBag from /Users/harshasogala/financial-data-platform/venv/lib/python3.12/site-packages/airflow/example_dags/example_params_ui_tutorial.py
[2026-03-13T22:42:27.317+0100] {processor.py:840} INFO - DAG(s) 'example_params_ui_tutorial' retrieved from /Users/harshasogala/financial-data-platform/venv/lib/python3.12/site-packages/airflow/example_dags/example_params_ui_tutorial.py
[2026-03-13T22:42:27.417+0100] {logging_mixin.py:188} INFO - [2026-03-13T22:42:27.417+0100] {dag.py:3089} INFO - Sync 1 DAGs
[2026-03-13T22:42:27.422+0100] {logging_mixin.py:188} INFO - [2026-03-13T22:42:27.422+0100] {dag.py:3947} INFO - Setting next_dagrun for example_params_ui_tutorial to None, run_after=None
[2026-03-13T22:42:27.433+0100] {processor.py:183} INFO - Processing /Users/harshasogala/financial-data-platform/venv/lib/python3.12/site-packages/airflow/example_dags/example_params_ui_tutorial.py took 0.143 seconds
[2026-03-13T22:43:46.863+0100] {processor.py:161} INFO - Started process (PID=69828) to work on /Users/harshasogala/financial-data-platform/venv/lib/python3.12/site-packages/airflow/example_dags/example_params_ui_tutorial.py
[2026-03-13T22:43:46.865+0100] {processor.py:830} INFO - Processing file /Users/harshasogala/financial-data-platform/venv/lib/python3.12/site-packages/airflow/example_dags/example_params_ui_tutorial.py for tasks to queue
[2026-03-13T22:43:46.865+0100] {logging_mixin.py:188} INFO - [2026-03-13T22:43:46.865+0100] {dagbag.py:545} INFO - Filling up the DagBag from /Users/harshasogala/financial-data-platform/venv/lib/python3.12/site-packages/airflow/example_dags/example_params_ui_tutorial.py
[2026-03-13T22:43:46.888+0100] {processor.py:840} INFO - DAG(s) 'example_params_ui_tutorial' retrieved from /Users/harshasogala/financial-data-platform/venv/lib/python3.12/site-packages/airflow/example_dags/example_params_ui_tutorial.py
[2026-03-13T22:43:46.989+0100] {logging_mixin.py:188} INFO - [2026-03-13T22:43:46.989+0100] {dag.py:3089} INFO - Sync 1 DAGs
[2026-03-13T22:43:46.995+0100] {logging_mixin.py:188} INFO - [2026-03-13T22:43:46.994+0100] {dag.py:3947} INFO - Setting next_dagrun for example_params_ui_tutorial to None, run_after=None
[2026-03-13T22:43:47.007+0100] {processor.py:183} INFO - Processing /Users/harshasogala/financial-data-platform/venv/lib/python3.12/site-packages/airflow/example_dags/example_params_ui_tutorial.py took 0.146 seconds
[2026-03-13T22:45:11.017+0100] {processor.py:161} INFO - Started process (PID=70201) to work on /Users/harshasogala/financial-data-platform/venv/lib/python3.12/site-packages/airflow/example_dags/example_params_ui_tutorial.py
[2026-03-13T22:45:11.018+0100] {processor.py:830} INFO - Processing file /Users/harshasogala/financial-data-platform/venv/lib/python3.12/site-packages/airflow/example_dags/example_params_ui_tutorial.py for tasks to queue
[2026-03-13T22:45:11.019+0100] {logging_mixin.py:188} INFO - [2026-03-13T22:45:11.019+0100] {dagbag.py:545} INFO - Filling up the DagBag from /Users/harshasogala/financial-data-platform/venv/lib/python3.12/site-packages/airflow/example_dags/example_params_ui_tutorial.py
[2026-03-13T22:45:11.051+0100] {processor.py:840} INFO - DAG(s) 'example_params_ui_tutorial' retrieved from /Users/harshasogala/financial-data-platform/venv/lib/python3.12/site-packages/airflow/example_dags/example_params_ui_tutorial.py
[2026-03-13T22:45:11.196+0100] {logging_mixin.py:188} INFO - [2026-03-13T22:45:11.196+0100] {dag.py:3089} INFO - Sync 1 DAGs
[2026-03-13T22:45:11.205+0100] {logging_mixin.py:188} INFO - [2026-03-13T22:45:11.204+0100] {dag.py:3947} INFO - Setting next_dagrun for example_params_ui_tutorial to None, run_after=None
[2026-03-13T22:45:11.222+0100] {processor.py:183} INFO - Processing /Users/harshasogala/financial-data-platform/venv/lib/python3.12/site-packages/airflow/example_dags/example_params_ui_tutorial.py took 0.207 seconds
[2026-03-13T22:46:24.426+0100] {processor.py:161} INFO - Started process (PID=70584) to work on /Users/harshasogala/financial-data-platform/venv/lib/python3.12/site-packages/airflow/example_dags/example_params_ui_tutorial.py
[2026-03-13T22:46:24.426+0100] {processor.py:830} INFO - Processing file /Users/harshasogala/financial-data-platform/venv/lib/python3.12/site-packages/airflow/example_dags/example_params_ui_tutorial.py for tasks to queue
[2026-03-13T22:46:24.427+0100] {logging_mixin.py:188} INFO - [2026-03-13T22:46:24.427+0100] {dagbag.py:545} INFO - Filling up the DagBag from /Users/harshasogala/financial-data-platform/venv/lib/python3.12/site-packages/airflow/example_dags/example_params_ui_tutorial.py
[2026-03-13T22:46:24.452+0100] {processor.py:840} INFO - DAG(s) 'example_params_ui_tutorial' retrieved from /Users/harshasogala/financial-data-platform/venv/lib/python3.12/site-packages/airflow/example_dags/example_params_ui_tutorial.py
[2026-03-13T22:46:24.556+0100] {logging_mixin.py:188} INFO - [2026-03-13T22:46:24.555+0100] {dag.py:3089} INFO - Sync 1 DAGs
[2026-03-13T22:46:24.561+0100] {logging_mixin.py:188} INFO - [2026-03-13T22:46:24.561+0100] {dag.py:3947} INFO - Setting next_dagrun for example_params_ui_tutorial to None, run_after=None
[2026-03-13T22:46:24.572+0100] {processor.py:183} INFO - Processing /Users/harshasogala/financial-data-platform/venv/lib/python3.12/site-packages/airflow/example_dags/example_params_ui_tutorial.py took 0.148 seconds
[2026-03-13T22:47:48.965+0100] {processor.py:161} INFO - Started process (PID=71389) to work on /Users/harshasogala/financial-data-platform/venv/lib/python3.12/site-packages/airflow/example_dags/example_params_ui_tutorial.py
[2026-03-13T22:47:48.966+0100] {processor.py:830} INFO - Processing file /Users/harshasogala/financial-data-platform/venv/lib/python3.12/site-packages/airflow/example_dags/example_params_ui_tutorial.py for tasks to queue
[2026-03-13T22:47:48.967+0100] {logging_mixin.py:188} INFO - [2026-03-13T22:47:48.967+0100] {dagbag.py:545} INFO - Filling up the DagBag from /Users/harshasogala/financial-data-platform/venv/lib/python3.12/site-packages/airflow/example_dags/example_params_ui_tutorial.py
[2026-03-13T22:47:48.991+0100] {processor.py:840} INFO - DAG(s) 'example_params_ui_tutorial' retrieved from /Users/harshasogala/financial-data-platform/venv/lib/python3.12/site-packages/airflow/example_dags/example_params_ui_tutorial.py
[2026-03-13T22:47:49.092+0100] {logging_mixin.py:188} INFO - [2026-03-13T22:47:49.091+0100] {dag.py:3089} INFO - Sync 1 DAGs
[2026-03-13T22:47:49.097+0100] {logging_mixin.py:188} INFO - [2026-03-13T22:47:49.097+0100] {dag.py:3947} INFO - Setting next_dagrun for example_params_ui_tutorial to None, run_after=None
[2026-03-13T22:47:49.108+0100] {processor.py:183} INFO - Processing /Users/harshasogala/financial-data-platform/venv/lib/python3.12/site-packages/airflow/example_dags/example_params_ui_tutorial.py took 0.144 seconds
[2026-03-13T22:49:06.908+0100] {processor.py:161} INFO - Started process (PID=71461) to work on /Users/harshasogala/financial-data-platform/venv/lib/python3.12/site-packages/airflow/example_dags/example_params_ui_tutorial.py
[2026-03-13T22:49:06.909+0100] {processor.py:830} INFO - Processing file /Users/harshasogala/financial-data-platform/venv/lib/python3.12/site-packages/airflow/example_dags/example_params_ui_tutorial.py for tasks to queue
[2026-03-13T22:49:06.910+0100] {logging_mixin.py:188} INFO - [2026-03-13T22:49:06.910+0100] {dagbag.py:545} INFO - Filling up the DagBag from /Users/harshasogala/financial-data-platform/venv/lib/python3.12/site-packages/airflow/example_dags/example_params_ui_tutorial.py
[2026-03-13T22:49:06.934+0100] {processor.py:840} INFO - DAG(s) 'example_params_ui_tutorial' retrieved from /Users/harshasogala/financial-data-platform/venv/lib/python3.12/site-packages/airflow/example_dags/example_params_ui_tutorial.py
[2026-03-13T22:49:07.035+0100] {logging_mixin.py:188} INFO - [2026-03-13T22:49:07.035+0100] {dag.py:3089} INFO - Sync 1 DAGs
[2026-03-13T22:49:07.041+0100] {logging_mixin.py:188} INFO - [2026-03-13T22:49:07.041+0100] {dag.py:3947} INFO - Setting next_dagrun for example_params_ui_tutorial to None, run_after=None
[2026-03-13T22:49:07.052+0100] {processor.py:183} INFO - Processing /Users/harshasogala/financial-data-platform/venv/lib/python3.12/site-packages/airflow/example_dags/example_params_ui_tutorial.py took 0.145 seconds
[2026-03-13T22:50:28.379+0100] {processor.py:161} INFO - Started process (PID=71712) to work on /Users/harshasogala/financial-data-platform/venv/lib/python3.12/site-packages/airflow/example_dags/example_params_ui_tutorial.py
[2026-03-13T22:50:28.380+0100] {processor.py:830} INFO - Processing file /Users/harshasogala/financial-data-platform/venv/lib/python3.12/site-packages/airflow/example_dags/example_params_ui_tutorial.py for tasks to queue
[2026-03-13T22:50:28.381+0100] {logging_mixin.py:188} INFO - [2026-03-13T22:50:28.380+0100] {dagbag.py:545} INFO - Filling up the DagBag from /Users/harshasogala/financial-data-platform/venv/lib/python3.12/site-packages/airflow/example_dags/example_params_ui_tutorial.py
[2026-03-13T22:50:28.414+0100] {processor.py:840} INFO - DAG(s) 'example_params_ui_tutorial' retrieved from /Users/harshasogala/financial-data-platform/venv/lib/python3.12/site-packages/airflow/example_dags/example_params_ui_tutorial.py
[2026-03-13T22:50:28.546+0100] {logging_mixin.py:188} INFO - [2026-03-13T22:50:28.546+0100] {dag.py:3089} INFO - Sync 1 DAGs
[2026-03-13T22:50:28.553+0100] {logging_mixin.py:188} INFO - [2026-03-13T22:50:28.552+0100] {dag.py:3947} INFO - Setting next_dagrun for example_params_ui_tutorial to None, run_after=None
[2026-03-13T22:50:28.567+0100] {processor.py:183} INFO - Processing /Users/harshasogala/financial-data-platform/venv/lib/python3.12/site-packages/airflow/example_dags/example_params_ui_tutorial.py took 0.191 seconds
[2026-03-13T22:51:55.540+0100] {processor.py:161} INFO - Started process (PID=72074) to work on /Users/harshasogala/financial-data-platform/venv/lib/python3.12/site-packages/airflow/example_dags/example_params_ui_tutorial.py
[2026-03-13T22:51:55.541+0100] {processor.py:830} INFO - Processing file /Users/harshasogala/financial-data-platform/venv/lib/python3.12/site-packages/airflow/example_dags/example_params_ui_tutorial.py for tasks to queue
[2026-03-13T22:51:55.541+0100] {logging_mixin.py:188} INFO - [2026-03-13T22:51:55.541+0100] {dagbag.py:545} INFO - Filling up the DagBag from /Users/harshasogala/financial-data-platform/venv/lib/python3.12/site-packages/airflow/example_dags/example_params_ui_tutorial.py
[2026-03-13T22:51:55.565+0100] {processor.py:840} INFO - DAG(s) 'example_params_ui_tutorial' retrieved from /Users/harshasogala/financial-data-platform/venv/lib/python3.12/site-packages/airflow/example_dags/example_params_ui_tutorial.py
[2026-03-13T22:51:55.665+0100] {logging_mixin.py:188} INFO - [2026-03-13T22:51:55.664+0100] {dag.py:3089} INFO - Sync 1 DAGs
[2026-03-13T22:51:55.670+0100] {logging_mixin.py:188} INFO - [2026-03-13T22:51:55.670+0100] {dag.py:3947} INFO - Setting next_dagrun for example_params_ui_tutorial to None, run_after=None
[2026-03-13T22:51:55.681+0100] {processor.py:183} INFO - Processing /Users/harshasogala/financial-data-platform/venv/lib/python3.12/site-packages/airflow/example_dags/example_params_ui_tutorial.py took 0.143 seconds
[2026-03-13T22:53:10.976+0100] {processor.py:161} INFO - Started process (PID=72399) to work on /Users/harshasogala/financial-data-platform/venv/lib/python3.12/site-packages/airflow/example_dags/example_params_ui_tutorial.py
[2026-03-13T22:53:10.977+0100] {processor.py:830} INFO - Processing file /Users/harshasogala/financial-data-platform/venv/lib/python3.12/site-packages/airflow/example_dags/example_params_ui_tutorial.py for tasks to queue
[2026-03-13T22:53:10.977+0100] {logging_mixin.py:188} INFO - [2026-03-13T22:53:10.977+0100] {dagbag.py:545} INFO - Filling up the DagBag from /Users/harshasogala/financial-data-platform/venv/lib/python3.12/site-packages/airflow/example_dags/example_params_ui_tutorial.py
[2026-03-13T22:53:11.001+0100] {processor.py:840} INFO - DAG(s) 'example_params_ui_tutorial' retrieved from /Users/harshasogala/financial-data-platform/venv/lib/python3.12/site-packages/airflow/example_dags/example_params_ui_tutorial.py
[2026-03-13T22:53:11.100+0100] {logging_mixin.py:188} INFO - [2026-03-13T22:53:11.100+0100] {dag.py:3089} INFO - Sync 1 DAGs
[2026-03-13T22:53:11.105+0100] {logging_mixin.py:188} INFO - [2026-03-13T22:53:11.105+0100] {dag.py:3947} INFO - Setting next_dagrun for example_params_ui_tutorial to None, run_after=None
[2026-03-13T22:53:11.117+0100] {processor.py:183} INFO - Processing /Users/harshasogala/financial-data-platform/venv/lib/python3.12/site-packages/airflow/example_dags/example_params_ui_tutorial.py took 0.143 seconds
[2026-03-13T22:54:34.679+0100] {processor.py:161} INFO - Started process (PID=72499) to work on /Users/harshasogala/financial-data-platform/venv/lib/python3.12/site-packages/airflow/example_dags/example_params_ui_tutorial.py
[2026-03-13T22:54:34.680+0100] {processor.py:830} INFO - Processing file /Users/harshasogala/financial-data-platform/venv/lib/python3.12/site-packages/airflow/example_dags/example_params_ui_tutorial.py for tasks to queue
[2026-03-13T22:54:34.681+0100] {logging_mixin.py:188} INFO - [2026-03-13T22:54:34.681+0100] {dagbag.py:545} INFO - Filling up the DagBag from /Users/harshasogala/financial-data-platform/venv/lib/python3.12/site-packages/airflow/example_dags/example_params_ui_tutorial.py
[2026-03-13T22:54:34.716+0100] {processor.py:840} INFO - DAG(s) 'example_params_ui_tutorial' retrieved from /Users/harshasogala/financial-data-platform/venv/lib/python3.12/site-packages/airflow/example_dags/example_params_ui_tutorial.py
[2026-03-13T22:54:34.931+0100] {logging_mixin.py:188} INFO - [2026-03-13T22:54:34.931+0100] {dag.py:3089} INFO - Sync 1 DAGs
[2026-03-13T22:54:34.942+0100] {logging_mixin.py:188} INFO - [2026-03-13T22:54:34.942+0100] {dag.py:3947} INFO - Setting next_dagrun for example_params_ui_tutorial to None, run_after=None
[2026-03-13T22:54:34.964+0100] {processor.py:183} INFO - Processing /Users/harshasogala/financial-data-platform/venv/lib/python3.12/site-packages/airflow/example_dags/example_params_ui_tutorial.py took 0.288 seconds
[2026-03-13T22:55:57.201+0100] {processor.py:161} INFO - Started process (PID=72584) to work on /Users/harshasogala/financial-data-platform/venv/lib/python3.12/site-packages/airflow/example_dags/example_params_ui_tutorial.py
[2026-03-13T22:55:57.202+0100] {processor.py:830} INFO - Processing file /Users/harshasogala/financial-data-platform/venv/lib/python3.12/site-packages/airflow/example_dags/example_params_ui_tutorial.py for tasks to queue
[2026-03-13T22:55:57.203+0100] {logging_mixin.py:188} INFO - [2026-03-13T22:55:57.203+0100] {dagbag.py:545} INFO - Filling up the DagBag from /Users/harshasogala/financial-data-platform/venv/lib/python3.12/site-packages/airflow/example_dags/example_params_ui_tutorial.py
[2026-03-13T22:55:57.228+0100] {processor.py:840} INFO - DAG(s) 'example_params_ui_tutorial' retrieved from /Users/harshasogala/financial-data-platform/venv/lib/python3.12/site-packages/airflow/example_dags/example_params_ui_tutorial.py
[2026-03-13T22:55:57.344+0100] {logging_mixin.py:188} INFO - [2026-03-13T22:55:57.343+0100] {dag.py:3089} INFO - Sync 1 DAGs
[2026-03-13T22:55:57.349+0100] {logging_mixin.py:188} INFO - [2026-03-13T22:55:57.349+0100] {dag.py:3947} INFO - Setting next_dagrun for example_params_ui_tutorial to None, run_after=None
[2026-03-13T22:55:57.362+0100] {processor.py:183} INFO - Processing /Users/harshasogala/financial-data-platform/venv/lib/python3.12/site-packages/airflow/example_dags/example_params_ui_tutorial.py took 0.162 seconds
[2026-03-13T22:57:18.402+0100] {processor.py:161} INFO - Started process (PID=72659) to work on /Users/harshasogala/financial-data-platform/venv/lib/python3.12/site-packages/airflow/example_dags/example_params_ui_tutorial.py
[2026-03-13T22:57:18.403+0100] {processor.py:830} INFO - Processing file /Users/harshasogala/financial-data-platform/venv/lib/python3.12/site-packages/airflow/example_dags/example_params_ui_tutorial.py for tasks to queue
[2026-03-13T22:57:18.403+0100] {logging_mixin.py:188} INFO - [2026-03-13T22:57:18.403+0100] {dagbag.py:545} INFO - Filling up the DagBag from /Users/harshasogala/financial-data-platform/venv/lib/python3.12/site-packages/airflow/example_dags/example_params_ui_tutorial.py
[2026-03-13T22:57:18.429+0100] {processor.py:840} INFO - DAG(s) 'example_params_ui_tutorial' retrieved from /Users/harshasogala/financial-data-platform/venv/lib/python3.12/site-packages/airflow/example_dags/example_params_ui_tutorial.py
[2026-03-13T22:57:18.529+0100] {logging_mixin.py:188} INFO - [2026-03-13T22:57:18.529+0100] {dag.py:3089} INFO - Sync 1 DAGs
[2026-03-13T22:57:18.534+0100] {logging_mixin.py:188} INFO - [2026-03-13T22:57:18.534+0100] {dag.py:3947} INFO - Setting next_dagrun for example_params_ui_tutorial to None, run_after=None
[2026-03-13T22:57:18.547+0100] {processor.py:183} INFO - Processing /Users/harshasogala/financial-data-platform/venv/lib/python3.12/site-packages/airflow/example_dags/example_params_ui_tutorial.py took 0.149 seconds
[2026-03-13T22:58:38.567+0100] {processor.py:161} INFO - Started process (PID=72726) to work on /Users/harshasogala/financial-data-platform/venv/lib/python3.12/site-packages/airflow/example_dags/example_params_ui_tutorial.py
[2026-03-13T22:58:38.568+0100] {processor.py:830} INFO - Processing file /Users/harshasogala/financial-data-platform/venv/lib/python3.12/site-packages/airflow/example_dags/example_params_ui_tutorial.py for tasks to queue
[2026-03-13T22:58:38.568+0100] {logging_mixin.py:188} INFO - [2026-03-13T22:58:38.568+0100] {dagbag.py:545} INFO - Filling up the DagBag from /Users/harshasogala/financial-data-platform/venv/lib/python3.12/site-packages/airflow/example_dags/example_params_ui_tutorial.py
[2026-03-13T22:58:38.592+0100] {processor.py:840} INFO - DAG(s) 'example_params_ui_tutorial' retrieved from /Users/harshasogala/financial-data-platform/venv/lib/python3.12/site-packages/airflow/example_dags/example_params_ui_tutorial.py
[2026-03-13T22:58:38.692+0100] {logging_mixin.py:188} INFO - [2026-03-13T22:58:38.692+0100] {dag.py:3089} INFO - Sync 1 DAGs
[2026-03-13T22:58:38.697+0100] {logging_mixin.py:188} INFO - [2026-03-13T22:58:38.697+0100] {dag.py:3947} INFO - Setting next_dagrun for example_params_ui_tutorial to None, run_after=None
[2026-03-13T22:58:38.708+0100] {processor.py:183} INFO - Processing /Users/harshasogala/financial-data-platform/venv/lib/python3.12/site-packages/airflow/example_dags/example_params_ui_tutorial.py took 0.143 seconds
[2026-03-13T22:59:58.639+0100] {processor.py:161} INFO - Started process (PID=72798) to work on /Users/harshasogala/financial-data-platform/venv/lib/python3.12/site-packages/airflow/example_dags/example_params_ui_tutorial.py
[2026-03-13T22:59:58.640+0100] {processor.py:830} INFO - Processing file /Users/harshasogala/financial-data-platform/venv/lib/python3.12/site-packages/airflow/example_dags/example_params_ui_tutorial.py for tasks to queue
[2026-03-13T22:59:58.640+0100] {logging_mixin.py:188} INFO - [2026-03-13T22:59:58.640+0100] {dagbag.py:545} INFO - Filling up the DagBag from /Users/harshasogala/financial-data-platform/venv/lib/python3.12/site-packages/airflow/example_dags/example_params_ui_tutorial.py
[2026-03-13T22:59:58.664+0100] {processor.py:840} INFO - DAG(s) 'example_params_ui_tutorial' retrieved from /Users/harshasogala/financial-data-platform/venv/lib/python3.12/site-packages/airflow/example_dags/example_params_ui_tutorial.py
[2026-03-13T22:59:58.762+0100] {logging_mixin.py:188} INFO - [2026-03-13T22:59:58.762+0100] {dag.py:3089} INFO - Sync 1 DAGs
[2026-03-13T22:59:58.767+0100] {logging_mixin.py:188} INFO - [2026-03-13T22:59:58.767+0100] {dag.py:3947} INFO - Setting next_dagrun for example_params_ui_tutorial to None, run_after=None
[2026-03-13T22:59:58.778+0100] {processor.py:183} INFO - Processing /Users/harshasogala/financial-data-platform/venv/lib/python3.12/site-packages/airflow/example_dags/example_params_ui_tutorial.py took 0.141 seconds
[2026-03-13T23:01:18.552+0100] {processor.py:161} INFO - Started process (PID=72865) to work on /Users/harshasogala/financial-data-platform/venv/lib/python3.12/site-packages/airflow/example_dags/example_params_ui_tutorial.py
[2026-03-13T23:01:18.553+0100] {processor.py:830} INFO - Processing file /Users/harshasogala/financial-data-platform/venv/lib/python3.12/site-packages/airflow/example_dags/example_params_ui_tutorial.py for tasks to queue
[2026-03-13T23:01:18.554+0100] {logging_mixin.py:188} INFO - [2026-03-13T23:01:18.554+0100] {dagbag.py:545} INFO - Filling up the DagBag from /Users/harshasogala/financial-data-platform/venv/lib/python3.12/site-packages/airflow/example_dags/example_params_ui_tutorial.py
[2026-03-13T23:01:18.577+0100] {processor.py:840} INFO - DAG(s) 'example_params_ui_tutorial' retrieved from /Users/harshasogala/financial-data-platform/venv/lib/python3.12/site-packages/airflow/example_dags/example_params_ui_tutorial.py
[2026-03-13T23:01:18.676+0100] {logging_mixin.py:188} INFO - [2026-03-13T23:01:18.676+0100] {dag.py:3089} INFO - Sync 1 DAGs
[2026-03-13T23:01:18.682+0100] {logging_mixin.py:188} INFO - [2026-03-13T23:01:18.681+0100] {dag.py:3947} INFO - Setting next_dagrun for example_params_ui_tutorial to None, run_after=None
[2026-03-13T23:01:18.692+0100] {processor.py:183} INFO - Processing /Users/harshasogala/financial-data-platform/venv/lib/python3.12/site-packages/airflow/example_dags/example_params_ui_tutorial.py took 0.142 seconds
[2026-03-13T23:02:37.001+0100] {processor.py:161} INFO - Started process (PID=72925) to work on /Users/harshasogala/financial-data-platform/venv/lib/python3.12/site-packages/airflow/example_dags/example_params_ui_tutorial.py
[2026-03-13T23:02:37.001+0100] {processor.py:830} INFO - Processing file /Users/harshasogala/financial-data-platform/venv/lib/python3.12/site-packages/airflow/example_dags/example_params_ui_tutorial.py for tasks to queue
[2026-03-13T23:02:37.002+0100] {logging_mixin.py:188} INFO - [2026-03-13T23:02:37.002+0100] {dagbag.py:545} INFO - Filling up the DagBag from /Users/harshasogala/financial-data-platform/venv/lib/python3.12/site-packages/airflow/example_dags/example_params_ui_tutorial.py
[2026-03-13T23:02:37.025+0100] {processor.py:840} INFO - DAG(s) 'example_params_ui_tutorial' retrieved from /Users/harshasogala/financial-data-platform/venv/lib/python3.12/site-packages/airflow/example_dags/example_params_ui_tutorial.py
[2026-03-13T23:02:37.123+0100] {logging_mixin.py:188} INFO - [2026-03-13T23:02:37.123+0100] {dag.py:3089} INFO - Sync 1 DAGs
[2026-03-13T23:02:37.128+0100] {logging_mixin.py:188} INFO - [2026-03-13T23:02:37.128+0100] {dag.py:3947} INFO - Setting next_dagrun for example_params_ui_tutorial to None, run_after=None
[2026-03-13T23:02:37.139+0100] {processor.py:183} INFO - Processing /Users/harshasogala/financial-data-platform/venv/lib/python3.12/site-packages/airflow/example_dags/example_params_ui_tutorial.py took 0.141 seconds
[2026-03-13T23:03:56.601+0100] {processor.py:161} INFO - Started process (PID=72986) to work on /Users/harshasogala/financial-data-platform/venv/lib/python3.12/site-packages/airflow/example_dags/example_params_ui_tutorial.py
[2026-03-13T23:03:56.602+0100] {processor.py:830} INFO - Processing file /Users/harshasogala/financial-data-platform/venv/lib/python3.12/site-packages/airflow/example_dags/example_params_ui_tutorial.py for tasks to queue
[2026-03-13T23:03:56.602+0100] {logging_mixin.py:188} INFO - [2026-03-13T23:03:56.602+0100] {dagbag.py:545} INFO - Filling up the DagBag from /Users/harshasogala/financial-data-platform/venv/lib/python3.12/site-packages/airflow/example_dags/example_params_ui_tutorial.py
[2026-03-13T23:03:56.626+0100] {processor.py:840} INFO - DAG(s) 'example_params_ui_tutorial' retrieved from /Users/harshasogala/financial-data-platform/venv/lib/python3.12/site-packages/airflow/example_dags/example_params_ui_tutorial.py
[2026-03-13T23:03:56.726+0100] {logging_mixin.py:188} INFO - [2026-03-13T23:03:56.726+0100] {dag.py:3089} INFO - Sync 1 DAGs
[2026-03-13T23:03:56.732+0100] {logging_mixin.py:188} INFO - [2026-03-13T23:03:56.732+0100] {dag.py:3947} INFO - Setting next_dagrun for example_params_ui_tutorial to None, run_after=None
[2026-03-13T23:03:56.742+0100] {processor.py:183} INFO - Processing /Users/harshasogala/financial-data-platform/venv/lib/python3.12/site-packages/airflow/example_dags/example_params_ui_tutorial.py took 0.143 seconds
[2026-03-13T23:05:14.047+0100] {processor.py:161} INFO - Started process (PID=73044) to work on /Users/harshasogala/financial-data-platform/venv/lib/python3.12/site-packages/airflow/example_dags/example_params_ui_tutorial.py
[2026-03-13T23:05:14.048+0100] {processor.py:830} INFO - Processing file /Users/harshasogala/financial-data-platform/venv/lib/python3.12/site-packages/airflow/example_dags/example_params_ui_tutorial.py for tasks to queue
[2026-03-13T23:05:14.049+0100] {logging_mixin.py:188} INFO - [2026-03-13T23:05:14.049+0100] {dagbag.py:545} INFO - Filling up the DagBag from /Users/harshasogala/financial-data-platform/venv/lib/python3.12/site-packages/airflow/example_dags/example_params_ui_tutorial.py
[2026-03-13T23:05:14.072+0100] {processor.py:840} INFO - DAG(s) 'example_params_ui_tutorial' retrieved from /Users/harshasogala/financial-data-platform/venv/lib/python3.12/site-packages/airflow/example_dags/example_params_ui_tutorial.py
[2026-03-13T23:05:14.171+0100] {logging_mixin.py:188} INFO - [2026-03-13T23:05:14.171+0100] {dag.py:3089} INFO - Sync 1 DAGs
[2026-03-13T23:05:14.176+0100] {logging_mixin.py:188} INFO - [2026-03-13T23:05:14.176+0100] {dag.py:3947} INFO - Setting next_dagrun for example_params_ui_tutorial to None, run_after=None
[2026-03-13T23:05:14.188+0100] {processor.py:183} INFO - Processing /Users/harshasogala/financial-data-platform/venv/lib/python3.12/site-packages/airflow/example_dags/example_params_ui_tutorial.py took 0.143 seconds
[2026-03-13T23:06:31.187+0100] {processor.py:161} INFO - Started process (PID=73114) to work on /Users/harshasogala/financial-data-platform/venv/lib/python3.12/site-packages/airflow/example_dags/example_params_ui_tutorial.py
[2026-03-13T23:06:31.188+0100] {processor.py:830} INFO - Processing file /Users/harshasogala/financial-data-platform/venv/lib/python3.12/site-packages/airflow/example_dags/example_params_ui_tutorial.py for tasks to queue
[2026-03-13T23:06:31.189+0100] {logging_mixin.py:188} INFO - [2026-03-13T23:06:31.188+0100] {dagbag.py:545} INFO - Filling up the DagBag from /Users/harshasogala/financial-data-platform/venv/lib/python3.12/site-packages/airflow/example_dags/example_params_ui_tutorial.py
[2026-03-13T23:06:31.212+0100] {processor.py:840} INFO - DAG(s) 'example_params_ui_tutorial' retrieved from /Users/harshasogala/financial-data-platform/venv/lib/python3.12/site-packages/airflow/example_dags/example_params_ui_tutorial.py
[2026-03-13T23:06:31.316+0100] {logging_mixin.py:188} INFO - [2026-03-13T23:06:31.316+0100] {dag.py:3089} INFO - Sync 1 DAGs
[2026-03-13T23:06:31.322+0100] {logging_mixin.py:188} INFO - [2026-03-13T23:06:31.321+0100] {dag.py:3947} INFO - Setting next_dagrun for example_params_ui_tutorial to None, run_after=None
[2026-03-13T23:06:31.332+0100] {processor.py:183} INFO - Processing /Users/harshasogala/financial-data-platform/venv/lib/python3.12/site-packages/airflow/example_dags/example_params_ui_tutorial.py took 0.147 seconds
[2026-03-13T23:07:54.720+0100] {processor.py:161} INFO - Started process (PID=73179) to work on /Users/harshasogala/financial-data-platform/venv/lib/python3.12/site-packages/airflow/example_dags/example_params_ui_tutorial.py
[2026-03-13T23:07:54.721+0100] {processor.py:830} INFO - Processing file /Users/harshasogala/financial-data-platform/venv/lib/python3.12/site-packages/airflow/example_dags/example_params_ui_tutorial.py for tasks to queue
[2026-03-13T23:07:54.721+0100] {logging_mixin.py:188} INFO - [2026-03-13T23:07:54.721+0100] {dagbag.py:545} INFO - Filling up the DagBag from /Users/harshasogala/financial-data-platform/venv/lib/python3.12/site-packages/airflow/example_dags/example_params_ui_tutorial.py
[2026-03-13T23:07:54.745+0100] {processor.py:840} INFO - DAG(s) 'example_params_ui_tutorial' retrieved from /Users/harshasogala/financial-data-platform/venv/lib/python3.12/site-packages/airflow/example_dags/example_params_ui_tutorial.py
[2026-03-13T23:07:54.844+0100] {logging_mixin.py:188} INFO - [2026-03-13T23:07:54.844+0100] {dag.py:3089} INFO - Sync 1 DAGs
[2026-03-13T23:07:54.850+0100] {logging_mixin.py:188} INFO - [2026-03-13T23:07:54.849+0100] {dag.py:3947} INFO - Setting next_dagrun for example_params_ui_tutorial to None, run_after=None
[2026-03-13T23:07:54.861+0100] {processor.py:183} INFO - Processing /Users/harshasogala/financial-data-platform/venv/lib/python3.12/site-packages/airflow/example_dags/example_params_ui_tutorial.py took 0.142 seconds
[2026-03-13T23:09:08.364+0100] {processor.py:161} INFO - Started process (PID=73239) to work on /Users/harshasogala/financial-data-platform/venv/lib/python3.12/site-packages/airflow/example_dags/example_params_ui_tutorial.py
[2026-03-13T23:09:08.366+0100] {processor.py:830} INFO - Processing file /Users/harshasogala/financial-data-platform/venv/lib/python3.12/site-packages/airflow/example_dags/example_params_ui_tutorial.py for tasks to queue
[2026-03-13T23:09:08.366+0100] {logging_mixin.py:188} INFO - [2026-03-13T23:09:08.366+0100] {dagbag.py:545} INFO - Filling up the DagBag from /Users/harshasogala/financial-data-platform/venv/lib/python3.12/site-packages/airflow/example_dags/example_params_ui_tutorial.py
[2026-03-13T23:09:08.390+0100] {processor.py:840} INFO - DAG(s) 'example_params_ui_tutorial' retrieved from /Users/harshasogala/financial-data-platform/venv/lib/python3.12/site-packages/airflow/example_dags/example_params_ui_tutorial.py
[2026-03-13T23:09:08.491+0100] {logging_mixin.py:188} INFO - [2026-03-13T23:09:08.490+0100] {dag.py:3089} INFO - Sync 1 DAGs
[2026-03-13T23:09:08.496+0100] {logging_mixin.py:188} INFO - [2026-03-13T23:09:08.496+0100] {dag.py:3947} INFO - Setting next_dagrun for example_params_ui_tutorial to None, run_after=None
[2026-03-13T23:09:08.506+0100] {processor.py:183} INFO - Processing /Users/harshasogala/financial-data-platform/venv/lib/python3.12/site-packages/airflow/example_dags/example_params_ui_tutorial.py took 0.144 seconds
[2026-03-13T23:10:20.141+0100] {processor.py:161} INFO - Started process (PID=73295) to work on /Users/harshasogala/financial-data-platform/venv/lib/python3.12/site-packages/airflow/example_dags/example_params_ui_tutorial.py
[2026-03-13T23:10:20.142+0100] {processor.py:830} INFO - Processing file /Users/harshasogala/financial-data-platform/venv/lib/python3.12/site-packages/airflow/example_dags/example_params_ui_tutorial.py for tasks to queue
[2026-03-13T23:10:20.143+0100] {logging_mixin.py:188} INFO - [2026-03-13T23:10:20.142+0100] {dagbag.py:545} INFO - Filling up the DagBag from /Users/harshasogala/financial-data-platform/venv/lib/python3.12/site-packages/airflow/example_dags/example_params_ui_tutorial.py
[2026-03-13T23:10:20.166+0100] {processor.py:840} INFO - DAG(s) 'example_params_ui_tutorial' retrieved from /Users/harshasogala/financial-data-platform/venv/lib/python3.12/site-packages/airflow/example_dags/example_params_ui_tutorial.py
[2026-03-13T23:10:20.267+0100] {logging_mixin.py:188} INFO - [2026-03-13T23:10:20.267+0100] {dag.py:3089} INFO - Sync 1 DAGs
[2026-03-13T23:10:20.272+0100] {logging_mixin.py:188} INFO - [2026-03-13T23:10:20.272+0100] {dag.py:3947} INFO - Setting next_dagrun for example_params_ui_tutorial to None, run_after=None
[2026-03-13T23:10:20.283+0100] {processor.py:183} INFO - Processing /Users/harshasogala/financial-data-platform/venv/lib/python3.12/site-packages/airflow/example_dags/example_params_ui_tutorial.py took 0.143 seconds
[2026-03-13T23:11:33.820+0100] {processor.py:161} INFO - Started process (PID=73364) to work on /Users/harshasogala/financial-data-platform/venv/lib/python3.12/site-packages/airflow/example_dags/example_params_ui_tutorial.py
[2026-03-13T23:11:33.822+0100] {processor.py:830} INFO - Processing file /Users/harshasogala/financial-data-platform/venv/lib/python3.12/site-packages/airflow/example_dags/example_params_ui_tutorial.py for tasks to queue
[2026-03-13T23:11:33.822+0100] {logging_mixin.py:188} INFO - [2026-03-13T23:11:33.822+0100] {dagbag.py:545} INFO - Filling up the DagBag from /Users/harshasogala/financial-data-platform/venv/lib/python3.12/site-packages/airflow/example_dags/example_params_ui_tutorial.py
[2026-03-13T23:11:33.848+0100] {processor.py:840} INFO - DAG(s) 'example_params_ui_tutorial' retrieved from /Users/harshasogala/financial-data-platform/venv/lib/python3.12/site-packages/airflow/example_dags/example_params_ui_tutorial.py
[2026-03-13T23:11:33.951+0100] {logging_mixin.py:188} INFO - [2026-03-13T23:11:33.950+0100] {dag.py:3089} INFO - Sync 1 DAGs
[2026-03-13T23:11:33.956+0100] {logging_mixin.py:188} INFO - [2026-03-13T23:11:33.956+0100] {dag.py:3947} INFO - Setting next_dagrun for example_params_ui_tutorial to None, run_after=None
[2026-03-13T23:11:33.967+0100] {processor.py:183} INFO - Processing /Users/harshasogala/financial-data-platform/venv/lib/python3.12/site-packages/airflow/example_dags/example_params_ui_tutorial.py took 0.148 seconds
[2026-03-13T23:12:47.785+0100] {processor.py:161} INFO - Started process (PID=73422) to work on /Users/harshasogala/financial-data-platform/venv/lib/python3.12/site-packages/airflow/example_dags/example_params_ui_tutorial.py
[2026-03-13T23:12:47.785+0100] {processor.py:830} INFO - Processing file /Users/harshasogala/financial-data-platform/venv/lib/python3.12/site-packages/airflow/example_dags/example_params_ui_tutorial.py for tasks to queue
[2026-03-13T23:12:47.786+0100] {logging_mixin.py:188} INFO - [2026-03-13T23:12:47.786+0100] {dagbag.py:545} INFO - Filling up the DagBag from /Users/harshasogala/financial-data-platform/venv/lib/python3.12/site-packages/airflow/example_dags/example_params_ui_tutorial.py
[2026-03-13T23:12:47.809+0100] {processor.py:840} INFO - DAG(s) 'example_params_ui_tutorial' retrieved from /Users/harshasogala/financial-data-platform/venv/lib/python3.12/site-packages/airflow/example_dags/example_params_ui_tutorial.py
[2026-03-13T23:12:47.910+0100] {logging_mixin.py:188} INFO - [2026-03-13T23:12:47.910+0100] {dag.py:3089} INFO - Sync 1 DAGs
[2026-03-13T23:12:47.916+0100] {logging_mixin.py:188} INFO - [2026-03-13T23:12:47.915+0100] {dag.py:3947} INFO - Setting next_dagrun for example_params_ui_tutorial to None, run_after=None
[2026-03-13T23:12:47.926+0100] {processor.py:183} INFO - Processing /Users/harshasogala/financial-data-platform/venv/lib/python3.12/site-packages/airflow/example_dags/example_params_ui_tutorial.py took 0.143 seconds
[2026-03-13T23:14:03.585+0100] {processor.py:161} INFO - Started process (PID=73483) to work on /Users/harshasogala/financial-data-platform/venv/lib/python3.12/site-packages/airflow/example_dags/example_params_ui_tutorial.py
[2026-03-13T23:14:03.587+0100] {processor.py:830} INFO - Processing file /Users/harshasogala/financial-data-platform/venv/lib/python3.12/site-packages/airflow/example_dags/example_params_ui_tutorial.py for tasks to queue
[2026-03-13T23:14:03.587+0100] {logging_mixin.py:188} INFO - [2026-03-13T23:14:03.587+0100] {dagbag.py:545} INFO - Filling up the DagBag from /Users/harshasogala/financial-data-platform/venv/lib/python3.12/site-packages/airflow/example_dags/example_params_ui_tutorial.py
[2026-03-13T23:14:03.610+0100] {processor.py:840} INFO - DAG(s) 'example_params_ui_tutorial' retrieved from /Users/harshasogala/financial-data-platform/venv/lib/python3.12/site-packages/airflow/example_dags/example_params_ui_tutorial.py
[2026-03-13T23:14:03.716+0100] {logging_mixin.py:188} INFO - [2026-03-13T23:14:03.716+0100] {dag.py:3089} INFO - Sync 1 DAGs
[2026-03-13T23:14:03.722+0100] {logging_mixin.py:188} INFO - [2026-03-13T23:14:03.722+0100] {dag.py:3947} INFO - Setting next_dagrun for example_params_ui_tutorial to None, run_after=None
[2026-03-13T23:14:03.734+0100] {processor.py:183} INFO - Processing /Users/harshasogala/financial-data-platform/venv/lib/python3.12/site-packages/airflow/example_dags/example_params_ui_tutorial.py took 0.151 seconds
[2026-03-13T23:15:17.730+0100] {processor.py:161} INFO - Started process (PID=73544) to work on /Users/harshasogala/financial-data-platform/venv/lib/python3.12/site-packages/airflow/example_dags/example_params_ui_tutorial.py
[2026-03-13T23:15:17.731+0100] {processor.py:830} INFO - Processing file /Users/harshasogala/financial-data-platform/venv/lib/python3.12/site-packages/airflow/example_dags/example_params_ui_tutorial.py for tasks to queue
[2026-03-13T23:15:17.731+0100] {logging_mixin.py:188} INFO - [2026-03-13T23:15:17.731+0100] {dagbag.py:545} INFO - Filling up the DagBag from /Users/harshasogala/financial-data-platform/venv/lib/python3.12/site-packages/airflow/example_dags/example_params_ui_tutorial.py
[2026-03-13T23:15:17.755+0100] {processor.py:840} INFO - DAG(s) 'example_params_ui_tutorial' retrieved from /Users/harshasogala/financial-data-platform/venv/lib/python3.12/site-packages/airflow/example_dags/example_params_ui_tutorial.py
[2026-03-13T23:15:17.855+0100] {logging_mixin.py:188} INFO - [2026-03-13T23:15:17.855+0100] {dag.py:3089} INFO - Sync 1 DAGs
[2026-03-13T23:15:17.860+0100] {logging_mixin.py:188} INFO - [2026-03-13T23:15:17.860+0100] {dag.py:3947} INFO - Setting next_dagrun for example_params_ui_tutorial to None, run_after=None
[2026-03-13T23:15:17.871+0100] {processor.py:183} INFO - Processing /Users/harshasogala/financial-data-platform/venv/lib/python3.12/site-packages/airflow/example_dags/example_params_ui_tutorial.py took 0.143 seconds
[2026-03-13T23:16:31.621+0100] {processor.py:161} INFO - Started process (PID=73607) to work on /Users/harshasogala/financial-data-platform/venv/lib/python3.12/site-packages/airflow/example_dags/example_params_ui_tutorial.py
[2026-03-13T23:16:31.622+0100] {processor.py:830} INFO - Processing file /Users/harshasogala/financial-data-platform/venv/lib/python3.12/site-packages/airflow/example_dags/example_params_ui_tutorial.py for tasks to queue
[2026-03-13T23:16:31.623+0100] {logging_mixin.py:188} INFO - [2026-03-13T23:16:31.622+0100] {dagbag.py:545} INFO - Filling up the DagBag from /Users/harshasogala/financial-data-platform/venv/lib/python3.12/site-packages/airflow/example_dags/example_params_ui_tutorial.py
[2026-03-13T23:16:31.650+0100] {processor.py:840} INFO - DAG(s) 'example_params_ui_tutorial' retrieved from /Users/harshasogala/financial-data-platform/venv/lib/python3.12/site-packages/airflow/example_dags/example_params_ui_tutorial.py
[2026-03-13T23:16:31.754+0100] {logging_mixin.py:188} INFO - [2026-03-13T23:16:31.754+0100] {dag.py:3089} INFO - Sync 1 DAGs
[2026-03-13T23:16:31.759+0100] {logging_mixin.py:188} INFO - [2026-03-13T23:16:31.759+0100] {dag.py:3947} INFO - Setting next_dagrun for example_params_ui_tutorial to None, run_after=None
[2026-03-13T23:16:31.770+0100] {processor.py:183} INFO - Processing /Users/harshasogala/financial-data-platform/venv/lib/python3.12/site-packages/airflow/example_dags/example_params_ui_tutorial.py took 0.151 seconds
[2026-03-13T23:17:49.242+0100] {processor.py:161} INFO - Started process (PID=73673) to work on /Users/harshasogala/financial-data-platform/venv/lib/python3.12/site-packages/airflow/example_dags/example_params_ui_tutorial.py
[2026-03-13T23:17:49.243+0100] {processor.py:830} INFO - Processing file /Users/harshasogala/financial-data-platform/venv/lib/python3.12/site-packages/airflow/example_dags/example_params_ui_tutorial.py for tasks to queue
[2026-03-13T23:17:49.243+0100] {logging_mixin.py:188} INFO - [2026-03-13T23:17:49.243+0100] {dagbag.py:545} INFO - Filling up the DagBag from /Users/harshasogala/financial-data-platform/venv/lib/python3.12/site-packages/airflow/example_dags/example_params_ui_tutorial.py
[2026-03-13T23:17:49.267+0100] {processor.py:840} INFO - DAG(s) 'example_params_ui_tutorial' retrieved from /Users/harshasogala/financial-data-platform/venv/lib/python3.12/site-packages/airflow/example_dags/example_params_ui_tutorial.py
[2026-03-13T23:17:49.367+0100] {logging_mixin.py:188} INFO - [2026-03-13T23:17:49.367+0100] {dag.py:3089} INFO - Sync 1 DAGs
[2026-03-13T23:17:49.372+0100] {logging_mixin.py:188} INFO - [2026-03-13T23:17:49.372+0100] {dag.py:3947} INFO - Setting next_dagrun for example_params_ui_tutorial to None, run_after=None
[2026-03-13T23:17:49.383+0100] {processor.py:183} INFO - Processing /Users/harshasogala/financial-data-platform/venv/lib/python3.12/site-packages/airflow/example_dags/example_params_ui_tutorial.py took 0.142 seconds
[2026-03-13T23:19:05.244+0100] {processor.py:161} INFO - Started process (PID=73734) to work on /Users/harshasogala/financial-data-platform/venv/lib/python3.12/site-packages/airflow/example_dags/example_params_ui_tutorial.py
[2026-03-13T23:19:05.245+0100] {processor.py:830} INFO - Processing file /Users/harshasogala/financial-data-platform/venv/lib/python3.12/site-packages/airflow/example_dags/example_params_ui_tutorial.py for tasks to queue
[2026-03-13T23:19:05.245+0100] {logging_mixin.py:188} INFO - [2026-03-13T23:19:05.245+0100] {dagbag.py:545} INFO - Filling up the DagBag from /Users/harshasogala/financial-data-platform/venv/lib/python3.12/site-packages/airflow/example_dags/example_params_ui_tutorial.py
[2026-03-13T23:19:05.270+0100] {processor.py:840} INFO - DAG(s) 'example_params_ui_tutorial' retrieved from /Users/harshasogala/financial-data-platform/venv/lib/python3.12/site-packages/airflow/example_dags/example_params_ui_tutorial.py
[2026-03-13T23:19:05.383+0100] {logging_mixin.py:188} INFO - [2026-03-13T23:19:05.383+0100] {dag.py:3089} INFO - Sync 1 DAGs
[2026-03-13T23:19:05.389+0100] {logging_mixin.py:188} INFO - [2026-03-13T23:19:05.389+0100] {dag.py:3947} INFO - Setting next_dagrun for example_params_ui_tutorial to None, run_after=None
[2026-03-13T23:19:05.402+0100] {processor.py:183} INFO - Processing /Users/harshasogala/financial-data-platform/venv/lib/python3.12/site-packages/airflow/example_dags/example_params_ui_tutorial.py took 0.160 seconds
[2026-03-13T23:20:22.841+0100] {processor.py:161} INFO - Started process (PID=73799) to work on /Users/harshasogala/financial-data-platform/venv/lib/python3.12/site-packages/airflow/example_dags/example_params_ui_tutorial.py
[2026-03-13T23:20:22.842+0100] {processor.py:830} INFO - Processing file /Users/harshasogala/financial-data-platform/venv/lib/python3.12/site-packages/airflow/example_dags/example_params_ui_tutorial.py for tasks to queue
[2026-03-13T23:20:22.843+0100] {logging_mixin.py:188} INFO - [2026-03-13T23:20:22.843+0100] {dagbag.py:545} INFO - Filling up the DagBag from /Users/harshasogala/financial-data-platform/venv/lib/python3.12/site-packages/airflow/example_dags/example_params_ui_tutorial.py
[2026-03-13T23:20:22.868+0100] {processor.py:840} INFO - DAG(s) 'example_params_ui_tutorial' retrieved from /Users/harshasogala/financial-data-platform/venv/lib/python3.12/site-packages/airflow/example_dags/example_params_ui_tutorial.py
[2026-03-13T23:20:23.062+0100] {logging_mixin.py:188} INFO - [2026-03-13T23:20:23.062+0100] {dag.py:3089} INFO - Sync 1 DAGs
[2026-03-13T23:20:23.069+0100] {logging_mixin.py:188} INFO - [2026-03-13T23:20:23.069+0100] {dag.py:3947} INFO - Setting next_dagrun for example_params_ui_tutorial to None, run_after=None
[2026-03-13T23:20:23.081+0100] {processor.py:183} INFO - Processing /Users/harshasogala/financial-data-platform/venv/lib/python3.12/site-packages/airflow/example_dags/example_params_ui_tutorial.py took 0.242 seconds
[2026-03-13T23:21:37.871+0100] {processor.py:161} INFO - Started process (PID=73883) to work on /Users/harshasogala/financial-data-platform/venv/lib/python3.12/site-packages/airflow/example_dags/example_params_ui_tutorial.py
[2026-03-13T23:21:37.872+0100] {processor.py:830} INFO - Processing file /Users/harshasogala/financial-data-platform/venv/lib/python3.12/site-packages/airflow/example_dags/example_params_ui_tutorial.py for tasks to queue
[2026-03-13T23:21:37.873+0100] {logging_mixin.py:188} INFO - [2026-03-13T23:21:37.873+0100] {dagbag.py:545} INFO - Filling up the DagBag from /Users/harshasogala/financial-data-platform/venv/lib/python3.12/site-packages/airflow/example_dags/example_params_ui_tutorial.py
[2026-03-13T23:21:37.896+0100] {processor.py:840} INFO - DAG(s) 'example_params_ui_tutorial' retrieved from /Users/harshasogala/financial-data-platform/venv/lib/python3.12/site-packages/airflow/example_dags/example_params_ui_tutorial.py
[2026-03-13T23:21:37.996+0100] {logging_mixin.py:188} INFO - [2026-03-13T23:21:37.996+0100] {dag.py:3089} INFO - Sync 1 DAGs
[2026-03-13T23:21:38.001+0100] {logging_mixin.py:188} INFO - [2026-03-13T23:21:38.001+0100] {dag.py:3947} INFO - Setting next_dagrun for example_params_ui_tutorial to None, run_after=None
[2026-03-13T23:21:38.013+0100] {processor.py:183} INFO - Processing /Users/harshasogala/financial-data-platform/venv/lib/python3.12/site-packages/airflow/example_dags/example_params_ui_tutorial.py took 0.144 seconds
[2026-03-13T23:22:51.195+0100] {processor.py:161} INFO - Started process (PID=73945) to work on /Users/harshasogala/financial-data-platform/venv/lib/python3.12/site-packages/airflow/example_dags/example_params_ui_tutorial.py
[2026-03-13T23:22:51.196+0100] {processor.py:830} INFO - Processing file /Users/harshasogala/financial-data-platform/venv/lib/python3.12/site-packages/airflow/example_dags/example_params_ui_tutorial.py for tasks to queue
[2026-03-13T23:22:51.196+0100] {logging_mixin.py:188} INFO - [2026-03-13T23:22:51.196+0100] {dagbag.py:545} INFO - Filling up the DagBag from /Users/harshasogala/financial-data-platform/venv/lib/python3.12/site-packages/airflow/example_dags/example_params_ui_tutorial.py
[2026-03-13T23:22:51.220+0100] {processor.py:840} INFO - DAG(s) 'example_params_ui_tutorial' retrieved from /Users/harshasogala/financial-data-platform/venv/lib/python3.12/site-packages/airflow/example_dags/example_params_ui_tutorial.py
[2026-03-13T23:22:51.320+0100] {logging_mixin.py:188} INFO - [2026-03-13T23:22:51.320+0100] {dag.py:3089} INFO - Sync 1 DAGs
[2026-03-13T23:22:51.326+0100] {logging_mixin.py:188} INFO - [2026-03-13T23:22:51.325+0100] {dag.py:3947} INFO - Setting next_dagrun for example_params_ui_tutorial to None, run_after=None
[2026-03-13T23:22:51.336+0100] {processor.py:183} INFO - Processing /Users/harshasogala/financial-data-platform/venv/lib/python3.12/site-packages/airflow/example_dags/example_params_ui_tutorial.py took 0.143 seconds
[2026-03-13T23:24:05.805+0100] {processor.py:161} INFO - Started process (PID=74004) to work on /Users/harshasogala/financial-data-platform/venv/lib/python3.12/site-packages/airflow/example_dags/example_params_ui_tutorial.py
[2026-03-13T23:24:05.806+0100] {processor.py:830} INFO - Processing file /Users/harshasogala/financial-data-platform/venv/lib/python3.12/site-packages/airflow/example_dags/example_params_ui_tutorial.py for tasks to queue
[2026-03-13T23:24:05.807+0100] {logging_mixin.py:188} INFO - [2026-03-13T23:24:05.807+0100] {dagbag.py:545} INFO - Filling up the DagBag from /Users/harshasogala/financial-data-platform/venv/lib/python3.12/site-packages/airflow/example_dags/example_params_ui_tutorial.py
[2026-03-13T23:24:05.830+0100] {processor.py:840} INFO - DAG(s) 'example_params_ui_tutorial' retrieved from /Users/harshasogala/financial-data-platform/venv/lib/python3.12/site-packages/airflow/example_dags/example_params_ui_tutorial.py
[2026-03-13T23:24:05.930+0100] {logging_mixin.py:188} INFO - [2026-03-13T23:24:05.929+0100] {dag.py:3089} INFO - Sync 1 DAGs
[2026-03-13T23:24:05.935+0100] {logging_mixin.py:188} INFO - [2026-03-13T23:24:05.935+0100] {dag.py:3947} INFO - Setting next_dagrun for example_params_ui_tutorial to None, run_after=None
[2026-03-13T23:24:05.946+0100] {processor.py:183} INFO - Processing /Users/harshasogala/financial-data-platform/venv/lib/python3.12/site-packages/airflow/example_dags/example_params_ui_tutorial.py took 0.142 seconds
[2026-03-13T23:25:24.830+0100] {processor.py:161} INFO - Started process (PID=74064) to work on /Users/harshasogala/financial-data-platform/venv/lib/python3.12/site-packages/airflow/example_dags/example_params_ui_tutorial.py
[2026-03-13T23:25:24.831+0100] {processor.py:830} INFO - Processing file /Users/harshasogala/financial-data-platform/venv/lib/python3.12/site-packages/airflow/example_dags/example_params_ui_tutorial.py for tasks to queue
[2026-03-13T23:25:24.831+0100] {logging_mixin.py:188} INFO - [2026-03-13T23:25:24.831+0100] {dagbag.py:545} INFO - Filling up the DagBag from /Users/harshasogala/financial-data-platform/venv/lib/python3.12/site-packages/airflow/example_dags/example_params_ui_tutorial.py
[2026-03-13T23:25:24.857+0100] {processor.py:840} INFO - DAG(s) 'example_params_ui_tutorial' retrieved from /Users/harshasogala/financial-data-platform/venv/lib/python3.12/site-packages/airflow/example_dags/example_params_ui_tutorial.py
[2026-03-13T23:25:24.961+0100] {logging_mixin.py:188} INFO - [2026-03-13T23:25:24.961+0100] {dag.py:3089} INFO - Sync 1 DAGs
[2026-03-13T23:25:24.967+0100] {logging_mixin.py:188} INFO - [2026-03-13T23:25:24.967+0100] {dag.py:3947} INFO - Setting next_dagrun for example_params_ui_tutorial to None, run_after=None
[2026-03-13T23:25:24.978+0100] {processor.py:183} INFO - Processing /Users/harshasogala/financial-data-platform/venv/lib/python3.12/site-packages/airflow/example_dags/example_params_ui_tutorial.py took 0.150 seconds
[2026-03-13T23:26:39.245+0100] {processor.py:161} INFO - Started process (PID=74123) to work on /Users/harshasogala/financial-data-platform/venv/lib/python3.12/site-packages/airflow/example_dags/example_params_ui_tutorial.py
[2026-03-13T23:26:39.246+0100] {processor.py:830} INFO - Processing file /Users/harshasogala/financial-data-platform/venv/lib/python3.12/site-packages/airflow/example_dags/example_params_ui_tutorial.py for tasks to queue
[2026-03-13T23:26:39.247+0100] {logging_mixin.py:188} INFO - [2026-03-13T23:26:39.247+0100] {dagbag.py:545} INFO - Filling up the DagBag from /Users/harshasogala/financial-data-platform/venv/lib/python3.12/site-packages/airflow/example_dags/example_params_ui_tutorial.py
[2026-03-13T23:26:39.270+0100] {processor.py:840} INFO - DAG(s) 'example_params_ui_tutorial' retrieved from /Users/harshasogala/financial-data-platform/venv/lib/python3.12/site-packages/airflow/example_dags/example_params_ui_tutorial.py
[2026-03-13T23:26:39.371+0100] {logging_mixin.py:188} INFO - [2026-03-13T23:26:39.371+0100] {dag.py:3089} INFO - Sync 1 DAGs
[2026-03-13T23:26:39.376+0100] {logging_mixin.py:188} INFO - [2026-03-13T23:26:39.376+0100] {dag.py:3947} INFO - Setting next_dagrun for example_params_ui_tutorial to None, run_after=None
[2026-03-13T23:26:39.387+0100] {processor.py:183} INFO - Processing /Users/harshasogala/financial-data-platform/venv/lib/python3.12/site-packages/airflow/example_dags/example_params_ui_tutorial.py took 0.144 seconds
[2026-03-13T23:27:58.918+0100] {processor.py:161} INFO - Started process (PID=74222) to work on /Users/harshasogala/financial-data-platform/venv/lib/python3.12/site-packages/airflow/example_dags/example_params_ui_tutorial.py
[2026-03-13T23:27:58.919+0100] {processor.py:830} INFO - Processing file /Users/harshasogala/financial-data-platform/venv/lib/python3.12/site-packages/airflow/example_dags/example_params_ui_tutorial.py for tasks to queue
[2026-03-13T23:27:58.919+0100] {logging_mixin.py:188} INFO - [2026-03-13T23:27:58.919+0100] {dagbag.py:545} INFO - Filling up the DagBag from /Users/harshasogala/financial-data-platform/venv/lib/python3.12/site-packages/airflow/example_dags/example_params_ui_tutorial.py
[2026-03-13T23:27:58.944+0100] {processor.py:840} INFO - DAG(s) 'example_params_ui_tutorial' retrieved from /Users/harshasogala/financial-data-platform/venv/lib/python3.12/site-packages/airflow/example_dags/example_params_ui_tutorial.py
[2026-03-13T23:27:59.049+0100] {logging_mixin.py:188} INFO - [2026-03-13T23:27:59.049+0100] {dag.py:3089} INFO - Sync 1 DAGs
[2026-03-13T23:27:59.054+0100] {logging_mixin.py:188} INFO - [2026-03-13T23:27:59.054+0100] {dag.py:3947} INFO - Setting next_dagrun for example_params_ui_tutorial to None, run_after=None
[2026-03-13T23:27:59.065+0100] {processor.py:183} INFO - Processing /Users/harshasogala/financial-data-platform/venv/lib/python3.12/site-packages/airflow/example_dags/example_params_ui_tutorial.py took 0.149 seconds
[2026-03-13T23:29:15.194+0100] {processor.py:161} INFO - Started process (PID=74286) to work on /Users/harshasogala/financial-data-platform/venv/lib/python3.12/site-packages/airflow/example_dags/example_params_ui_tutorial.py
[2026-03-13T23:29:15.195+0100] {processor.py:830} INFO - Processing file /Users/harshasogala/financial-data-platform/venv/lib/python3.12/site-packages/airflow/example_dags/example_params_ui_tutorial.py for tasks to queue
[2026-03-13T23:29:15.195+0100] {logging_mixin.py:188} INFO - [2026-03-13T23:29:15.195+0100] {dagbag.py:545} INFO - Filling up the DagBag from /Users/harshasogala/financial-data-platform/venv/lib/python3.12/site-packages/airflow/example_dags/example_params_ui_tutorial.py
[2026-03-13T23:29:15.220+0100] {processor.py:840} INFO - DAG(s) 'example_params_ui_tutorial' retrieved from /Users/harshasogala/financial-data-platform/venv/lib/python3.12/site-packages/airflow/example_dags/example_params_ui_tutorial.py
[2026-03-13T23:29:15.324+0100] {logging_mixin.py:188} INFO - [2026-03-13T23:29:15.323+0100] {dag.py:3089} INFO - Sync 1 DAGs
[2026-03-13T23:29:15.329+0100] {logging_mixin.py:188} INFO - [2026-03-13T23:29:15.329+0100] {dag.py:3947} INFO - Setting next_dagrun for example_params_ui_tutorial to None, run_after=None
[2026-03-13T23:29:15.340+0100] {processor.py:183} INFO - Processing /Users/harshasogala/financial-data-platform/venv/lib/python3.12/site-packages/airflow/example_dags/example_params_ui_tutorial.py took 0.148 seconds
[2026-03-13T23:30:30.723+0100] {processor.py:161} INFO - Started process (PID=74376) to work on /Users/harshasogala/financial-data-platform/venv/lib/python3.12/site-packages/airflow/example_dags/example_params_ui_tutorial.py
[2026-03-13T23:30:30.724+0100] {processor.py:830} INFO - Processing file /Users/harshasogala/financial-data-platform/venv/lib/python3.12/site-packages/airflow/example_dags/example_params_ui_tutorial.py for tasks to queue
[2026-03-13T23:30:30.724+0100] {logging_mixin.py:188} INFO - [2026-03-13T23:30:30.724+0100] {dagbag.py:545} INFO - Filling up the DagBag from /Users/harshasogala/financial-data-platform/venv/lib/python3.12/site-packages/airflow/example_dags/example_params_ui_tutorial.py
[2026-03-13T23:30:30.806+0100] {processor.py:840} INFO - DAG(s) 'example_params_ui_tutorial' retrieved from /Users/harshasogala/financial-data-platform/venv/lib/python3.12/site-packages/airflow/example_dags/example_params_ui_tutorial.py
[2026-03-13T23:30:30.941+0100] {logging_mixin.py:188} INFO - [2026-03-13T23:30:30.940+0100] {dag.py:3089} INFO - Sync 1 DAGs
[2026-03-13T23:30:30.947+0100] {logging_mixin.py:188} INFO - [2026-03-13T23:30:30.947+0100] {dag.py:3947} INFO - Setting next_dagrun for example_params_ui_tutorial to None, run_after=None
[2026-03-13T23:30:30.959+0100] {processor.py:183} INFO - Processing /Users/harshasogala/financial-data-platform/venv/lib/python3.12/site-packages/airflow/example_dags/example_params_ui_tutorial.py took 0.239 seconds
[2026-03-13T23:31:48.894+0100] {processor.py:161} INFO - Started process (PID=74807) to work on /Users/harshasogala/financial-data-platform/venv/lib/python3.12/site-packages/airflow/example_dags/example_params_ui_tutorial.py
[2026-03-13T23:31:48.895+0100] {processor.py:830} INFO - Processing file /Users/harshasogala/financial-data-platform/venv/lib/python3.12/site-packages/airflow/example_dags/example_params_ui_tutorial.py for tasks to queue
[2026-03-13T23:31:48.895+0100] {logging_mixin.py:188} INFO - [2026-03-13T23:31:48.895+0100] {dagbag.py:545} INFO - Filling up the DagBag from /Users/harshasogala/financial-data-platform/venv/lib/python3.12/site-packages/airflow/example_dags/example_params_ui_tutorial.py
[2026-03-13T23:31:48.919+0100] {processor.py:840} INFO - DAG(s) 'example_params_ui_tutorial' retrieved from /Users/harshasogala/financial-data-platform/venv/lib/python3.12/site-packages/airflow/example_dags/example_params_ui_tutorial.py
[2026-03-13T23:31:49.025+0100] {logging_mixin.py:188} INFO - [2026-03-13T23:31:49.024+0100] {dag.py:3089} INFO - Sync 1 DAGs
[2026-03-13T23:31:49.030+0100] {logging_mixin.py:188} INFO - [2026-03-13T23:31:49.030+0100] {dag.py:3947} INFO - Setting next_dagrun for example_params_ui_tutorial to None, run_after=None
[2026-03-13T23:31:49.042+0100] {processor.py:183} INFO - Processing /Users/harshasogala/financial-data-platform/venv/lib/python3.12/site-packages/airflow/example_dags/example_params_ui_tutorial.py took 0.150 seconds
[2026-03-13T23:33:06.184+0100] {processor.py:161} INFO - Started process (PID=74990) to work on /Users/harshasogala/financial-data-platform/venv/lib/python3.12/site-packages/airflow/example_dags/example_params_ui_tutorial.py
[2026-03-13T23:33:06.184+0100] {processor.py:830} INFO - Processing file /Users/harshasogala/financial-data-platform/venv/lib/python3.12/site-packages/airflow/example_dags/example_params_ui_tutorial.py for tasks to queue
[2026-03-13T23:33:06.185+0100] {logging_mixin.py:188} INFO - [2026-03-13T23:33:06.185+0100] {dagbag.py:545} INFO - Filling up the DagBag from /Users/harshasogala/financial-data-platform/venv/lib/python3.12/site-packages/airflow/example_dags/example_params_ui_tutorial.py
[2026-03-13T23:33:06.212+0100] {processor.py:840} INFO - DAG(s) 'example_params_ui_tutorial' retrieved from /Users/harshasogala/financial-data-platform/venv/lib/python3.12/site-packages/airflow/example_dags/example_params_ui_tutorial.py
[2026-03-13T23:33:06.329+0100] {logging_mixin.py:188} INFO - [2026-03-13T23:33:06.329+0100] {dag.py:3089} INFO - Sync 1 DAGs
[2026-03-13T23:33:06.334+0100] {logging_mixin.py:188} INFO - [2026-03-13T23:33:06.334+0100] {dag.py:3947} INFO - Setting next_dagrun for example_params_ui_tutorial to None, run_after=None
[2026-03-13T23:33:06.348+0100] {processor.py:183} INFO - Processing /Users/harshasogala/financial-data-platform/venv/lib/python3.12/site-packages/airflow/example_dags/example_params_ui_tutorial.py took 0.167 seconds
