[2026-03-13T22:18:29.126+0100] {processor.py:161} INFO - Started process (PID=66013) to work on /Users/harshasogala/financial-data-platform/venv/lib/python3.12/site-packages/airflow/example_dags/example_setup_teardown.py
[2026-03-13T22:18:29.127+0100] {processor.py:830} INFO - Processing file /Users/harshasogala/financial-data-platform/venv/lib/python3.12/site-packages/airflow/example_dags/example_setup_teardown.py for tasks to queue
[2026-03-13T22:18:29.127+0100] {logging_mixin.py:188} INFO - [2026-03-13T22:18:29.127+0100] {dagbag.py:545} INFO - Filling up the DagBag from /Users/harshasogala/financial-data-platform/venv/lib/python3.12/site-packages/airflow/example_dags/example_setup_teardown.py
[2026-03-13T22:18:29.133+0100] {processor.py:840} INFO - DAG(s) 'example_setup_teardown' retrieved from /Users/harshasogala/financial-data-platform/venv/lib/python3.12/site-packages/airflow/example_dags/example_setup_teardown.py
[2026-03-13T22:18:29.233+0100] {logging_mixin.py:188} INFO - [2026-03-13T22:18:29.233+0100] {override.py:1858} INFO - Created Permission View: can edit on DAG:example_setup_teardown
[2026-03-13T22:18:29.238+0100] {logging_mixin.py:188} INFO - [2026-03-13T22:18:29.238+0100] {override.py:1858} INFO - Created Permission View: can read on DAG:example_setup_teardown
[2026-03-13T22:18:29.242+0100] {logging_mixin.py:188} INFO - [2026-03-13T22:18:29.242+0100] {override.py:1858} INFO - Created Permission View: can delete on DAG:example_setup_teardown
[2026-03-13T22:18:29.242+0100] {logging_mixin.py:188} INFO - [2026-03-13T22:18:29.242+0100] {dag.py:3089} INFO - Sync 1 DAGs
[2026-03-13T22:18:29.248+0100] {logging_mixin.py:188} INFO - [2026-03-13T22:18:29.248+0100] {dag.py:3111} INFO - Creating ORM DAG for example_setup_teardown
[2026-03-13T22:18:29.252+0100] {logging_mixin.py:188} INFO - [2026-03-13T22:18:29.252+0100] {dag.py:3947} INFO - Setting next_dagrun for example_setup_teardown to 2026-03-12 00:00:00+00:00, run_after=2026-03-13 00:00:00+00:00
[2026-03-13T22:18:29.262+0100] {processor.py:183} INFO - Processing /Users/harshasogala/financial-data-platform/venv/lib/python3.12/site-packages/airflow/example_dags/example_setup_teardown.py took 0.137 seconds
[2026-03-13T22:20:17.587+0100] {processor.py:161} INFO - Started process (PID=66087) to work on /Users/harshasogala/financial-data-platform/venv/lib/python3.12/site-packages/airflow/example_dags/example_setup_teardown.py
[2026-03-13T22:20:17.588+0100] {processor.py:830} INFO - Processing file /Users/harshasogala/financial-data-platform/venv/lib/python3.12/site-packages/airflow/example_dags/example_setup_teardown.py for tasks to queue
[2026-03-13T22:20:17.588+0100] {logging_mixin.py:188} INFO - [2026-03-13T22:20:17.588+0100] {dagbag.py:545} INFO - Filling up the DagBag from /Users/harshasogala/financial-data-platform/venv/lib/python3.12/site-packages/airflow/example_dags/example_setup_teardown.py
[2026-03-13T22:20:17.594+0100] {processor.py:840} INFO - DAG(s) 'example_setup_teardown' retrieved from /Users/harshasogala/financial-data-platform/venv/lib/python3.12/site-packages/airflow/example_dags/example_setup_teardown.py
[2026-03-13T22:20:17.654+0100] {logging_mixin.py:188} INFO - [2026-03-13T22:20:17.654+0100] {dag.py:3089} INFO - Sync 1 DAGs
[2026-03-13T22:20:17.666+0100] {logging_mixin.py:188} INFO - [2026-03-13T22:20:17.666+0100] {dag.py:3947} INFO - Setting next_dagrun for example_setup_teardown to 2026-03-12 00:00:00+00:00, run_after=2026-03-13 00:00:00+00:00
[2026-03-13T22:20:17.677+0100] {processor.py:183} INFO - Processing /Users/harshasogala/financial-data-platform/venv/lib/python3.12/site-packages/airflow/example_dags/example_setup_teardown.py took 0.091 seconds
[2026-03-13T22:28:24.219+0100] {processor.py:161} INFO - Started process (PID=67325) to work on /Users/harshasogala/financial-data-platform/venv/lib/python3.12/site-packages/airflow/example_dags/example_setup_teardown.py
[2026-03-13T22:28:24.221+0100] {processor.py:830} INFO - Processing file /Users/harshasogala/financial-data-platform/venv/lib/python3.12/site-packages/airflow/example_dags/example_setup_teardown.py for tasks to queue
[2026-03-13T22:28:24.221+0100] {logging_mixin.py:188} INFO - [2026-03-13T22:28:24.221+0100] {dagbag.py:545} INFO - Filling up the DagBag from /Users/harshasogala/financial-data-platform/venv/lib/python3.12/site-packages/airflow/example_dags/example_setup_teardown.py
[2026-03-13T22:28:24.225+0100] {processor.py:840} INFO - DAG(s) 'example_setup_teardown' retrieved from /Users/harshasogala/financial-data-platform/venv/lib/python3.12/site-packages/airflow/example_dags/example_setup_teardown.py
[2026-03-13T22:28:24.282+0100] {logging_mixin.py:188} INFO - [2026-03-13T22:28:24.282+0100] {dag.py:3089} INFO - Sync 1 DAGs
[2026-03-13T22:28:24.292+0100] {logging_mixin.py:188} INFO - [2026-03-13T22:28:24.292+0100] {dag.py:3947} INFO - Setting next_dagrun for example_setup_teardown to 2026-03-12 00:00:00+00:00, run_after=2026-03-13 00:00:00+00:00
[2026-03-13T22:28:24.303+0100] {processor.py:183} INFO - Processing /Users/harshasogala/financial-data-platform/venv/lib/python3.12/site-packages/airflow/example_dags/example_setup_teardown.py took 0.085 seconds
[2026-03-13T22:29:29.405+0100] {processor.py:161} INFO - Started process (PID=67384) to work on /Users/harshasogala/financial-data-platform/venv/lib/python3.12/site-packages/airflow/example_dags/example_setup_teardown.py
[2026-03-13T22:29:29.406+0100] {processor.py:830} INFO - Processing file /Users/harshasogala/financial-data-platform/venv/lib/python3.12/site-packages/airflow/example_dags/example_setup_teardown.py for tasks to queue
[2026-03-13T22:29:29.407+0100] {logging_mixin.py:188} INFO - [2026-03-13T22:29:29.407+0100] {dagbag.py:545} INFO - Filling up the DagBag from /Users/harshasogala/financial-data-platform/venv/lib/python3.12/site-packages/airflow/example_dags/example_setup_teardown.py
[2026-03-13T22:29:29.411+0100] {processor.py:840} INFO - DAG(s) 'example_setup_teardown' retrieved from /Users/harshasogala/financial-data-platform/venv/lib/python3.12/site-packages/airflow/example_dags/example_setup_teardown.py
[2026-03-13T22:29:29.466+0100] {logging_mixin.py:188} INFO - [2026-03-13T22:29:29.466+0100] {dag.py:3089} INFO - Sync 1 DAGs
[2026-03-13T22:29:29.476+0100] {logging_mixin.py:188} INFO - [2026-03-13T22:29:29.476+0100] {dag.py:3947} INFO - Setting next_dagrun for example_setup_teardown to 2026-03-12 00:00:00+00:00, run_after=2026-03-13 00:00:00+00:00
[2026-03-13T22:29:29.486+0100] {processor.py:183} INFO - Processing /Users/harshasogala/financial-data-platform/venv/lib/python3.12/site-packages/airflow/example_dags/example_setup_teardown.py took 0.083 seconds
[2026-03-13T22:30:37.175+0100] {processor.py:161} INFO - Started process (PID=67522) to work on /Users/harshasogala/financial-data-platform/venv/lib/python3.12/site-packages/airflow/example_dags/example_setup_teardown.py
[2026-03-13T22:30:37.175+0100] {processor.py:830} INFO - Processing file /Users/harshasogala/financial-data-platform/venv/lib/python3.12/site-packages/airflow/example_dags/example_setup_teardown.py for tasks to queue
[2026-03-13T22:30:37.176+0100] {logging_mixin.py:188} INFO - [2026-03-13T22:30:37.176+0100] {dagbag.py:545} INFO - Filling up the DagBag from /Users/harshasogala/financial-data-platform/venv/lib/python3.12/site-packages/airflow/example_dags/example_setup_teardown.py
[2026-03-13T22:30:37.181+0100] {processor.py:840} INFO - DAG(s) 'example_setup_teardown' retrieved from /Users/harshasogala/financial-data-platform/venv/lib/python3.12/site-packages/airflow/example_dags/example_setup_teardown.py
[2026-03-13T22:30:37.237+0100] {logging_mixin.py:188} INFO - [2026-03-13T22:30:37.237+0100] {dag.py:3089} INFO - Sync 1 DAGs
[2026-03-13T22:30:37.247+0100] {logging_mixin.py:188} INFO - [2026-03-13T22:30:37.247+0100] {dag.py:3947} INFO - Setting next_dagrun for example_setup_teardown to 2026-03-12 00:00:00+00:00, run_after=2026-03-13 00:00:00+00:00
[2026-03-13T22:30:37.258+0100] {processor.py:183} INFO - Processing /Users/harshasogala/financial-data-platform/venv/lib/python3.12/site-packages/airflow/example_dags/example_setup_teardown.py took 0.085 seconds
[2026-03-13T22:31:57.950+0100] {processor.py:161} INFO - Started process (PID=68347) to work on /Users/harshasogala/financial-data-platform/venv/lib/python3.12/site-packages/airflow/example_dags/example_setup_teardown.py
[2026-03-13T22:31:57.951+0100] {processor.py:830} INFO - Processing file /Users/harshasogala/financial-data-platform/venv/lib/python3.12/site-packages/airflow/example_dags/example_setup_teardown.py for tasks to queue
[2026-03-13T22:31:57.951+0100] {logging_mixin.py:188} INFO - [2026-03-13T22:31:57.951+0100] {dagbag.py:545} INFO - Filling up the DagBag from /Users/harshasogala/financial-data-platform/venv/lib/python3.12/site-packages/airflow/example_dags/example_setup_teardown.py
[2026-03-13T22:31:57.956+0100] {processor.py:840} INFO - DAG(s) 'example_setup_teardown' retrieved from /Users/harshasogala/financial-data-platform/venv/lib/python3.12/site-packages/airflow/example_dags/example_setup_teardown.py
[2026-03-13T22:31:58.011+0100] {logging_mixin.py:188} INFO - [2026-03-13T22:31:58.011+0100] {dag.py:3089} INFO - Sync 1 DAGs
[2026-03-13T22:31:58.020+0100] {logging_mixin.py:188} INFO - [2026-03-13T22:31:58.020+0100] {dag.py:3947} INFO - Setting next_dagrun for example_setup_teardown to 2026-03-12 00:00:00+00:00, run_after=2026-03-13 00:00:00+00:00
[2026-03-13T22:31:58.031+0100] {processor.py:183} INFO - Processing /Users/harshasogala/financial-data-platform/venv/lib/python3.12/site-packages/airflow/example_dags/example_setup_teardown.py took 0.083 seconds
[2026-03-13T22:33:04.738+0100] {processor.py:161} INFO - Started process (PID=68844) to work on /Users/harshasogala/financial-data-platform/venv/lib/python3.12/site-packages/airflow/example_dags/example_setup_teardown.py
[2026-03-13T22:33:04.739+0100] {processor.py:830} INFO - Processing file /Users/harshasogala/financial-data-platform/venv/lib/python3.12/site-packages/airflow/example_dags/example_setup_teardown.py for tasks to queue
[2026-03-13T22:33:04.739+0100] {logging_mixin.py:188} INFO - [2026-03-13T22:33:04.739+0100] {dagbag.py:545} INFO - Filling up the DagBag from /Users/harshasogala/financial-data-platform/venv/lib/python3.12/site-packages/airflow/example_dags/example_setup_teardown.py
[2026-03-13T22:33:04.744+0100] {processor.py:840} INFO - DAG(s) 'example_setup_teardown' retrieved from /Users/harshasogala/financial-data-platform/venv/lib/python3.12/site-packages/airflow/example_dags/example_setup_teardown.py
[2026-03-13T22:33:04.799+0100] {logging_mixin.py:188} INFO - [2026-03-13T22:33:04.799+0100] {dag.py:3089} INFO - Sync 1 DAGs
[2026-03-13T22:33:04.808+0100] {logging_mixin.py:188} INFO - [2026-03-13T22:33:04.808+0100] {dag.py:3947} INFO - Setting next_dagrun for example_setup_teardown to 2026-03-12 00:00:00+00:00, run_after=2026-03-13 00:00:00+00:00
[2026-03-13T22:33:04.820+0100] {processor.py:183} INFO - Processing /Users/harshasogala/financial-data-platform/venv/lib/python3.12/site-packages/airflow/example_dags/example_setup_teardown.py took 0.084 seconds
[2026-03-13T22:34:25.639+0100] {processor.py:161} INFO - Started process (PID=69186) to work on /Users/harshasogala/financial-data-platform/venv/lib/python3.12/site-packages/airflow/example_dags/example_setup_teardown.py
[2026-03-13T22:34:25.640+0100] {processor.py:830} INFO - Processing file /Users/harshasogala/financial-data-platform/venv/lib/python3.12/site-packages/airflow/example_dags/example_setup_teardown.py for tasks to queue
[2026-03-13T22:34:25.640+0100] {logging_mixin.py:188} INFO - [2026-03-13T22:34:25.640+0100] {dagbag.py:545} INFO - Filling up the DagBag from /Users/harshasogala/financial-data-platform/venv/lib/python3.12/site-packages/airflow/example_dags/example_setup_teardown.py
[2026-03-13T22:34:25.645+0100] {processor.py:840} INFO - DAG(s) 'example_setup_teardown' retrieved from /Users/harshasogala/financial-data-platform/venv/lib/python3.12/site-packages/airflow/example_dags/example_setup_teardown.py
[2026-03-13T22:34:25.702+0100] {logging_mixin.py:188} INFO - [2026-03-13T22:34:25.702+0100] {dag.py:3089} INFO - Sync 1 DAGs
[2026-03-13T22:34:25.711+0100] {logging_mixin.py:188} INFO - [2026-03-13T22:34:25.710+0100] {dag.py:3947} INFO - Setting next_dagrun for example_setup_teardown to 2026-03-12 00:00:00+00:00, run_after=2026-03-13 00:00:00+00:00
[2026-03-13T22:34:25.723+0100] {processor.py:183} INFO - Processing /Users/harshasogala/financial-data-platform/venv/lib/python3.12/site-packages/airflow/example_dags/example_setup_teardown.py took 0.086 seconds
[2026-03-13T22:35:41.234+0100] {processor.py:161} INFO - Started process (PID=69247) to work on /Users/harshasogala/financial-data-platform/venv/lib/python3.12/site-packages/airflow/example_dags/example_setup_teardown.py
[2026-03-13T22:35:41.235+0100] {processor.py:830} INFO - Processing file /Users/harshasogala/financial-data-platform/venv/lib/python3.12/site-packages/airflow/example_dags/example_setup_teardown.py for tasks to queue
[2026-03-13T22:35:41.236+0100] {logging_mixin.py:188} INFO - [2026-03-13T22:35:41.236+0100] {dagbag.py:545} INFO - Filling up the DagBag from /Users/harshasogala/financial-data-platform/venv/lib/python3.12/site-packages/airflow/example_dags/example_setup_teardown.py
[2026-03-13T22:35:41.241+0100] {processor.py:840} INFO - DAG(s) 'example_setup_teardown' retrieved from /Users/harshasogala/financial-data-platform/venv/lib/python3.12/site-packages/airflow/example_dags/example_setup_teardown.py
[2026-03-13T22:35:41.297+0100] {logging_mixin.py:188} INFO - [2026-03-13T22:35:41.296+0100] {dag.py:3089} INFO - Sync 1 DAGs
[2026-03-13T22:35:41.305+0100] {logging_mixin.py:188} INFO - [2026-03-13T22:35:41.305+0100] {dag.py:3947} INFO - Setting next_dagrun for example_setup_teardown to 2026-03-12 00:00:00+00:00, run_after=2026-03-13 00:00:00+00:00
[2026-03-13T22:35:41.317+0100] {processor.py:183} INFO - Processing /Users/harshasogala/financial-data-platform/venv/lib/python3.12/site-packages/airflow/example_dags/example_setup_teardown.py took 0.085 seconds
[2026-03-13T22:36:55.034+0100] {processor.py:161} INFO - Started process (PID=69325) to work on /Users/harshasogala/financial-data-platform/venv/lib/python3.12/site-packages/airflow/example_dags/example_setup_teardown.py
[2026-03-13T22:36:55.036+0100] {processor.py:830} INFO - Processing file /Users/harshasogala/financial-data-platform/venv/lib/python3.12/site-packages/airflow/example_dags/example_setup_teardown.py for tasks to queue
[2026-03-13T22:36:55.036+0100] {logging_mixin.py:188} INFO - [2026-03-13T22:36:55.036+0100] {dagbag.py:545} INFO - Filling up the DagBag from /Users/harshasogala/financial-data-platform/venv/lib/python3.12/site-packages/airflow/example_dags/example_setup_teardown.py
[2026-03-13T22:36:55.041+0100] {processor.py:840} INFO - DAG(s) 'example_setup_teardown' retrieved from /Users/harshasogala/financial-data-platform/venv/lib/python3.12/site-packages/airflow/example_dags/example_setup_teardown.py
[2026-03-13T22:36:55.096+0100] {logging_mixin.py:188} INFO - [2026-03-13T22:36:55.096+0100] {dag.py:3089} INFO - Sync 1 DAGs
[2026-03-13T22:36:55.104+0100] {logging_mixin.py:188} INFO - [2026-03-13T22:36:55.104+0100] {dag.py:3947} INFO - Setting next_dagrun for example_setup_teardown to 2026-03-12 00:00:00+00:00, run_after=2026-03-13 00:00:00+00:00
[2026-03-13T22:36:55.116+0100] {processor.py:183} INFO - Processing /Users/harshasogala/financial-data-platform/venv/lib/python3.12/site-packages/airflow/example_dags/example_setup_teardown.py took 0.083 seconds
[2026-03-13T22:38:08.768+0100] {processor.py:161} INFO - Started process (PID=69383) to work on /Users/harshasogala/financial-data-platform/venv/lib/python3.12/site-packages/airflow/example_dags/example_setup_teardown.py
[2026-03-13T22:38:08.769+0100] {processor.py:830} INFO - Processing file /Users/harshasogala/financial-data-platform/venv/lib/python3.12/site-packages/airflow/example_dags/example_setup_teardown.py for tasks to queue
[2026-03-13T22:38:08.769+0100] {logging_mixin.py:188} INFO - [2026-03-13T22:38:08.769+0100] {dagbag.py:545} INFO - Filling up the DagBag from /Users/harshasogala/financial-data-platform/venv/lib/python3.12/site-packages/airflow/example_dags/example_setup_teardown.py
[2026-03-13T22:38:08.774+0100] {processor.py:840} INFO - DAG(s) 'example_setup_teardown' retrieved from /Users/harshasogala/financial-data-platform/venv/lib/python3.12/site-packages/airflow/example_dags/example_setup_teardown.py
[2026-03-13T22:38:08.827+0100] {logging_mixin.py:188} INFO - [2026-03-13T22:38:08.827+0100] {dag.py:3089} INFO - Sync 1 DAGs
[2026-03-13T22:38:08.835+0100] {logging_mixin.py:188} INFO - [2026-03-13T22:38:08.835+0100] {dag.py:3947} INFO - Setting next_dagrun for example_setup_teardown to 2026-03-12 00:00:00+00:00, run_after=2026-03-13 00:00:00+00:00
[2026-03-13T22:38:08.847+0100] {processor.py:183} INFO - Processing /Users/harshasogala/financial-data-platform/venv/lib/python3.12/site-packages/airflow/example_dags/example_setup_teardown.py took 0.081 seconds
[2026-03-13T22:39:23.247+0100] {processor.py:161} INFO - Started process (PID=69452) to work on /Users/harshasogala/financial-data-platform/venv/lib/python3.12/site-packages/airflow/example_dags/example_setup_teardown.py
[2026-03-13T22:39:23.247+0100] {processor.py:830} INFO - Processing file /Users/harshasogala/financial-data-platform/venv/lib/python3.12/site-packages/airflow/example_dags/example_setup_teardown.py for tasks to queue
[2026-03-13T22:39:23.248+0100] {logging_mixin.py:188} INFO - [2026-03-13T22:39:23.248+0100] {dagbag.py:545} INFO - Filling up the DagBag from /Users/harshasogala/financial-data-platform/venv/lib/python3.12/site-packages/airflow/example_dags/example_setup_teardown.py
[2026-03-13T22:39:23.253+0100] {processor.py:840} INFO - DAG(s) 'example_setup_teardown' retrieved from /Users/harshasogala/financial-data-platform/venv/lib/python3.12/site-packages/airflow/example_dags/example_setup_teardown.py
[2026-03-13T22:39:23.307+0100] {logging_mixin.py:188} INFO - [2026-03-13T22:39:23.307+0100] {dag.py:3089} INFO - Sync 1 DAGs
[2026-03-13T22:39:23.316+0100] {logging_mixin.py:188} INFO - [2026-03-13T22:39:23.316+0100] {dag.py:3947} INFO - Setting next_dagrun for example_setup_teardown to 2026-03-12 00:00:00+00:00, run_after=2026-03-13 00:00:00+00:00
[2026-03-13T22:39:23.328+0100] {processor.py:183} INFO - Processing /Users/harshasogala/financial-data-platform/venv/lib/python3.12/site-packages/airflow/example_dags/example_setup_teardown.py took 0.082 seconds
[2026-03-13T22:40:45.834+0100] {processor.py:161} INFO - Started process (PID=69673) to work on /Users/harshasogala/financial-data-platform/venv/lib/python3.12/site-packages/airflow/example_dags/example_setup_teardown.py
[2026-03-13T22:40:45.835+0100] {processor.py:830} INFO - Processing file /Users/harshasogala/financial-data-platform/venv/lib/python3.12/site-packages/airflow/example_dags/example_setup_teardown.py for tasks to queue
[2026-03-13T22:40:45.836+0100] {logging_mixin.py:188} INFO - [2026-03-13T22:40:45.835+0100] {dagbag.py:545} INFO - Filling up the DagBag from /Users/harshasogala/financial-data-platform/venv/lib/python3.12/site-packages/airflow/example_dags/example_setup_teardown.py
[2026-03-13T22:40:45.840+0100] {processor.py:840} INFO - DAG(s) 'example_setup_teardown' retrieved from /Users/harshasogala/financial-data-platform/venv/lib/python3.12/site-packages/airflow/example_dags/example_setup_teardown.py
[2026-03-13T22:40:45.895+0100] {logging_mixin.py:188} INFO - [2026-03-13T22:40:45.895+0100] {dag.py:3089} INFO - Sync 1 DAGs
[2026-03-13T22:40:45.904+0100] {logging_mixin.py:188} INFO - [2026-03-13T22:40:45.904+0100] {dag.py:3947} INFO - Setting next_dagrun for example_setup_teardown to 2026-03-12 00:00:00+00:00, run_after=2026-03-13 00:00:00+00:00
[2026-03-13T22:40:45.915+0100] {processor.py:183} INFO - Processing /Users/harshasogala/financial-data-platform/venv/lib/python3.12/site-packages/airflow/example_dags/example_setup_teardown.py took 0.083 seconds
[2026-03-13T22:42:04.067+0100] {processor.py:161} INFO - Started process (PID=69732) to work on /Users/harshasogala/financial-data-platform/venv/lib/python3.12/site-packages/airflow/example_dags/example_setup_teardown.py
[2026-03-13T22:42:04.068+0100] {processor.py:830} INFO - Processing file /Users/harshasogala/financial-data-platform/venv/lib/python3.12/site-packages/airflow/example_dags/example_setup_teardown.py for tasks to queue
[2026-03-13T22:42:04.068+0100] {logging_mixin.py:188} INFO - [2026-03-13T22:42:04.068+0100] {dagbag.py:545} INFO - Filling up the DagBag from /Users/harshasogala/financial-data-platform/venv/lib/python3.12/site-packages/airflow/example_dags/example_setup_teardown.py
[2026-03-13T22:42:04.074+0100] {processor.py:840} INFO - DAG(s) 'example_setup_teardown' retrieved from /Users/harshasogala/financial-data-platform/venv/lib/python3.12/site-packages/airflow/example_dags/example_setup_teardown.py
[2026-03-13T22:42:04.129+0100] {logging_mixin.py:188} INFO - [2026-03-13T22:42:04.128+0100] {dag.py:3089} INFO - Sync 1 DAGs
[2026-03-13T22:42:04.137+0100] {logging_mixin.py:188} INFO - [2026-03-13T22:42:04.137+0100] {dag.py:3947} INFO - Setting next_dagrun for example_setup_teardown to 2026-03-12 00:00:00+00:00, run_after=2026-03-13 00:00:00+00:00
[2026-03-13T22:42:04.149+0100] {processor.py:183} INFO - Processing /Users/harshasogala/financial-data-platform/venv/lib/python3.12/site-packages/airflow/example_dags/example_setup_teardown.py took 0.083 seconds
[2026-03-13T22:43:21.610+0100] {processor.py:161} INFO - Started process (PID=69804) to work on /Users/harshasogala/financial-data-platform/venv/lib/python3.12/site-packages/airflow/example_dags/example_setup_teardown.py
[2026-03-13T22:43:21.611+0100] {processor.py:830} INFO - Processing file /Users/harshasogala/financial-data-platform/venv/lib/python3.12/site-packages/airflow/example_dags/example_setup_teardown.py for tasks to queue
[2026-03-13T22:43:21.612+0100] {logging_mixin.py:188} INFO - [2026-03-13T22:43:21.611+0100] {dagbag.py:545} INFO - Filling up the DagBag from /Users/harshasogala/financial-data-platform/venv/lib/python3.12/site-packages/airflow/example_dags/example_setup_teardown.py
[2026-03-13T22:43:21.617+0100] {processor.py:840} INFO - DAG(s) 'example_setup_teardown' retrieved from /Users/harshasogala/financial-data-platform/venv/lib/python3.12/site-packages/airflow/example_dags/example_setup_teardown.py
[2026-03-13T22:43:21.698+0100] {logging_mixin.py:188} INFO - [2026-03-13T22:43:21.698+0100] {dag.py:3089} INFO - Sync 1 DAGs
[2026-03-13T22:43:21.708+0100] {logging_mixin.py:188} INFO - [2026-03-13T22:43:21.708+0100] {dag.py:3947} INFO - Setting next_dagrun for example_setup_teardown to 2026-03-12 00:00:00+00:00, run_after=2026-03-13 00:00:00+00:00
[2026-03-13T22:43:21.809+0100] {processor.py:183} INFO - Processing /Users/harshasogala/financial-data-platform/venv/lib/python3.12/site-packages/airflow/example_dags/example_setup_teardown.py took 0.201 seconds
[2026-03-13T22:44:43.904+0100] {processor.py:161} INFO - Started process (PID=70051) to work on /Users/harshasogala/financial-data-platform/venv/lib/python3.12/site-packages/airflow/example_dags/example_setup_teardown.py
[2026-03-13T22:44:43.905+0100] {processor.py:830} INFO - Processing file /Users/harshasogala/financial-data-platform/venv/lib/python3.12/site-packages/airflow/example_dags/example_setup_teardown.py for tasks to queue
[2026-03-13T22:44:43.906+0100] {logging_mixin.py:188} INFO - [2026-03-13T22:44:43.906+0100] {dagbag.py:545} INFO - Filling up the DagBag from /Users/harshasogala/financial-data-platform/venv/lib/python3.12/site-packages/airflow/example_dags/example_setup_teardown.py
[2026-03-13T22:44:43.911+0100] {processor.py:840} INFO - DAG(s) 'example_setup_teardown' retrieved from /Users/harshasogala/financial-data-platform/venv/lib/python3.12/site-packages/airflow/example_dags/example_setup_teardown.py
[2026-03-13T22:44:43.965+0100] {logging_mixin.py:188} INFO - [2026-03-13T22:44:43.965+0100] {dag.py:3089} INFO - Sync 1 DAGs
[2026-03-13T22:44:43.974+0100] {logging_mixin.py:188} INFO - [2026-03-13T22:44:43.974+0100] {dag.py:3947} INFO - Setting next_dagrun for example_setup_teardown to 2026-03-12 00:00:00+00:00, run_after=2026-03-13 00:00:00+00:00
[2026-03-13T22:44:43.985+0100] {processor.py:183} INFO - Processing /Users/harshasogala/financial-data-platform/venv/lib/python3.12/site-packages/airflow/example_dags/example_setup_teardown.py took 0.083 seconds
[2026-03-13T22:46:16.391+0100] {processor.py:161} INFO - Started process (PID=70373) to work on /Users/harshasogala/financial-data-platform/venv/lib/python3.12/site-packages/airflow/example_dags/example_setup_teardown.py
[2026-03-13T22:46:16.393+0100] {processor.py:830} INFO - Processing file /Users/harshasogala/financial-data-platform/venv/lib/python3.12/site-packages/airflow/example_dags/example_setup_teardown.py for tasks to queue
[2026-03-13T22:46:16.393+0100] {logging_mixin.py:188} INFO - [2026-03-13T22:46:16.393+0100] {dagbag.py:545} INFO - Filling up the DagBag from /Users/harshasogala/financial-data-platform/venv/lib/python3.12/site-packages/airflow/example_dags/example_setup_teardown.py
[2026-03-13T22:46:16.398+0100] {processor.py:840} INFO - DAG(s) 'example_setup_teardown' retrieved from /Users/harshasogala/financial-data-platform/venv/lib/python3.12/site-packages/airflow/example_dags/example_setup_teardown.py
[2026-03-13T22:46:16.453+0100] {logging_mixin.py:188} INFO - [2026-03-13T22:46:16.453+0100] {dag.py:3089} INFO - Sync 1 DAGs
[2026-03-13T22:46:16.462+0100] {logging_mixin.py:188} INFO - [2026-03-13T22:46:16.461+0100] {dag.py:3947} INFO - Setting next_dagrun for example_setup_teardown to 2026-03-12 00:00:00+00:00, run_after=2026-03-13 00:00:00+00:00
[2026-03-13T22:46:16.473+0100] {processor.py:183} INFO - Processing /Users/harshasogala/financial-data-platform/venv/lib/python3.12/site-packages/airflow/example_dags/example_setup_teardown.py took 0.084 seconds
[2026-03-13T22:47:41.095+0100] {processor.py:161} INFO - Started process (PID=71383) to work on /Users/harshasogala/financial-data-platform/venv/lib/python3.12/site-packages/airflow/example_dags/example_setup_teardown.py
[2026-03-13T22:47:41.096+0100] {processor.py:830} INFO - Processing file /Users/harshasogala/financial-data-platform/venv/lib/python3.12/site-packages/airflow/example_dags/example_setup_teardown.py for tasks to queue
[2026-03-13T22:47:41.096+0100] {logging_mixin.py:188} INFO - [2026-03-13T22:47:41.096+0100] {dagbag.py:545} INFO - Filling up the DagBag from /Users/harshasogala/financial-data-platform/venv/lib/python3.12/site-packages/airflow/example_dags/example_setup_teardown.py
[2026-03-13T22:47:41.101+0100] {processor.py:840} INFO - DAG(s) 'example_setup_teardown' retrieved from /Users/harshasogala/financial-data-platform/venv/lib/python3.12/site-packages/airflow/example_dags/example_setup_teardown.py
[2026-03-13T22:47:41.156+0100] {logging_mixin.py:188} INFO - [2026-03-13T22:47:41.155+0100] {dag.py:3089} INFO - Sync 1 DAGs
[2026-03-13T22:47:41.165+0100] {logging_mixin.py:188} INFO - [2026-03-13T22:47:41.165+0100] {dag.py:3947} INFO - Setting next_dagrun for example_setup_teardown to 2026-03-12 00:00:00+00:00, run_after=2026-03-13 00:00:00+00:00
[2026-03-13T22:47:41.176+0100] {processor.py:183} INFO - Processing /Users/harshasogala/financial-data-platform/venv/lib/python3.12/site-packages/airflow/example_dags/example_setup_teardown.py took 0.083 seconds
[2026-03-13T22:48:58.344+0100] {processor.py:161} INFO - Started process (PID=71455) to work on /Users/harshasogala/financial-data-platform/venv/lib/python3.12/site-packages/airflow/example_dags/example_setup_teardown.py
[2026-03-13T22:48:58.345+0100] {processor.py:830} INFO - Processing file /Users/harshasogala/financial-data-platform/venv/lib/python3.12/site-packages/airflow/example_dags/example_setup_teardown.py for tasks to queue
[2026-03-13T22:48:58.346+0100] {logging_mixin.py:188} INFO - [2026-03-13T22:48:58.346+0100] {dagbag.py:545} INFO - Filling up the DagBag from /Users/harshasogala/financial-data-platform/venv/lib/python3.12/site-packages/airflow/example_dags/example_setup_teardown.py
[2026-03-13T22:48:58.351+0100] {processor.py:840} INFO - DAG(s) 'example_setup_teardown' retrieved from /Users/harshasogala/financial-data-platform/venv/lib/python3.12/site-packages/airflow/example_dags/example_setup_teardown.py
[2026-03-13T22:48:58.406+0100] {logging_mixin.py:188} INFO - [2026-03-13T22:48:58.406+0100] {dag.py:3089} INFO - Sync 1 DAGs
[2026-03-13T22:48:58.415+0100] {logging_mixin.py:188} INFO - [2026-03-13T22:48:58.415+0100] {dag.py:3947} INFO - Setting next_dagrun for example_setup_teardown to 2026-03-12 00:00:00+00:00, run_after=2026-03-13 00:00:00+00:00
[2026-03-13T22:48:58.427+0100] {processor.py:183} INFO - Processing /Users/harshasogala/financial-data-platform/venv/lib/python3.12/site-packages/airflow/example_dags/example_setup_teardown.py took 0.085 seconds
[2026-03-13T22:50:18.548+0100] {processor.py:161} INFO - Started process (PID=71705) to work on /Users/harshasogala/financial-data-platform/venv/lib/python3.12/site-packages/airflow/example_dags/example_setup_teardown.py
[2026-03-13T22:50:18.549+0100] {processor.py:830} INFO - Processing file /Users/harshasogala/financial-data-platform/venv/lib/python3.12/site-packages/airflow/example_dags/example_setup_teardown.py for tasks to queue
[2026-03-13T22:50:18.549+0100] {logging_mixin.py:188} INFO - [2026-03-13T22:50:18.549+0100] {dagbag.py:545} INFO - Filling up the DagBag from /Users/harshasogala/financial-data-platform/venv/lib/python3.12/site-packages/airflow/example_dags/example_setup_teardown.py
[2026-03-13T22:50:18.554+0100] {processor.py:840} INFO - DAG(s) 'example_setup_teardown' retrieved from /Users/harshasogala/financial-data-platform/venv/lib/python3.12/site-packages/airflow/example_dags/example_setup_teardown.py
[2026-03-13T22:50:18.611+0100] {logging_mixin.py:188} INFO - [2026-03-13T22:50:18.610+0100] {dag.py:3089} INFO - Sync 1 DAGs
[2026-03-13T22:50:18.619+0100] {logging_mixin.py:188} INFO - [2026-03-13T22:50:18.619+0100] {dag.py:3947} INFO - Setting next_dagrun for example_setup_teardown to 2026-03-12 00:00:00+00:00, run_after=2026-03-13 00:00:00+00:00
[2026-03-13T22:50:18.631+0100] {processor.py:183} INFO - Processing /Users/harshasogala/financial-data-platform/venv/lib/python3.12/site-packages/airflow/example_dags/example_setup_teardown.py took 0.086 seconds
[2026-03-13T22:51:47.792+0100] {processor.py:161} INFO - Started process (PID=72068) to work on /Users/harshasogala/financial-data-platform/venv/lib/python3.12/site-packages/airflow/example_dags/example_setup_teardown.py
[2026-03-13T22:51:47.793+0100] {processor.py:830} INFO - Processing file /Users/harshasogala/financial-data-platform/venv/lib/python3.12/site-packages/airflow/example_dags/example_setup_teardown.py for tasks to queue
[2026-03-13T22:51:47.794+0100] {logging_mixin.py:188} INFO - [2026-03-13T22:51:47.794+0100] {dagbag.py:545} INFO - Filling up the DagBag from /Users/harshasogala/financial-data-platform/venv/lib/python3.12/site-packages/airflow/example_dags/example_setup_teardown.py
[2026-03-13T22:51:47.798+0100] {processor.py:840} INFO - DAG(s) 'example_setup_teardown' retrieved from /Users/harshasogala/financial-data-platform/venv/lib/python3.12/site-packages/airflow/example_dags/example_setup_teardown.py
[2026-03-13T22:51:47.853+0100] {logging_mixin.py:188} INFO - [2026-03-13T22:51:47.852+0100] {dag.py:3089} INFO - Sync 1 DAGs
[2026-03-13T22:51:47.861+0100] {logging_mixin.py:188} INFO - [2026-03-13T22:51:47.861+0100] {dag.py:3947} INFO - Setting next_dagrun for example_setup_teardown to 2026-03-12 00:00:00+00:00, run_after=2026-03-13 00:00:00+00:00
[2026-03-13T22:51:47.872+0100] {processor.py:183} INFO - Processing /Users/harshasogala/financial-data-platform/venv/lib/python3.12/site-packages/airflow/example_dags/example_setup_teardown.py took 0.082 seconds
[2026-03-13T22:53:03.121+0100] {processor.py:161} INFO - Started process (PID=72393) to work on /Users/harshasogala/financial-data-platform/venv/lib/python3.12/site-packages/airflow/example_dags/example_setup_teardown.py
[2026-03-13T22:53:03.123+0100] {processor.py:830} INFO - Processing file /Users/harshasogala/financial-data-platform/venv/lib/python3.12/site-packages/airflow/example_dags/example_setup_teardown.py for tasks to queue
[2026-03-13T22:53:03.123+0100] {logging_mixin.py:188} INFO - [2026-03-13T22:53:03.123+0100] {dagbag.py:545} INFO - Filling up the DagBag from /Users/harshasogala/financial-data-platform/venv/lib/python3.12/site-packages/airflow/example_dags/example_setup_teardown.py
[2026-03-13T22:53:03.128+0100] {processor.py:840} INFO - DAG(s) 'example_setup_teardown' retrieved from /Users/harshasogala/financial-data-platform/venv/lib/python3.12/site-packages/airflow/example_dags/example_setup_teardown.py
[2026-03-13T22:53:03.184+0100] {logging_mixin.py:188} INFO - [2026-03-13T22:53:03.183+0100] {dag.py:3089} INFO - Sync 1 DAGs
[2026-03-13T22:53:03.193+0100] {logging_mixin.py:188} INFO - [2026-03-13T22:53:03.192+0100] {dag.py:3947} INFO - Setting next_dagrun for example_setup_teardown to 2026-03-12 00:00:00+00:00, run_after=2026-03-13 00:00:00+00:00
[2026-03-13T22:53:03.204+0100] {processor.py:183} INFO - Processing /Users/harshasogala/financial-data-platform/venv/lib/python3.12/site-packages/airflow/example_dags/example_setup_teardown.py took 0.085 seconds
[2026-03-13T22:54:24.901+0100] {processor.py:161} INFO - Started process (PID=72485) to work on /Users/harshasogala/financial-data-platform/venv/lib/python3.12/site-packages/airflow/example_dags/example_setup_teardown.py
[2026-03-13T22:54:24.902+0100] {processor.py:830} INFO - Processing file /Users/harshasogala/financial-data-platform/venv/lib/python3.12/site-packages/airflow/example_dags/example_setup_teardown.py for tasks to queue
[2026-03-13T22:54:24.902+0100] {logging_mixin.py:188} INFO - [2026-03-13T22:54:24.902+0100] {dagbag.py:545} INFO - Filling up the DagBag from /Users/harshasogala/financial-data-platform/venv/lib/python3.12/site-packages/airflow/example_dags/example_setup_teardown.py
[2026-03-13T22:54:24.907+0100] {processor.py:840} INFO - DAG(s) 'example_setup_teardown' retrieved from /Users/harshasogala/financial-data-platform/venv/lib/python3.12/site-packages/airflow/example_dags/example_setup_teardown.py
[2026-03-13T22:54:24.982+0100] {logging_mixin.py:188} INFO - [2026-03-13T22:54:24.982+0100] {dag.py:3089} INFO - Sync 1 DAGs
[2026-03-13T22:54:25.007+0100] {logging_mixin.py:188} INFO - [2026-03-13T22:54:25.006+0100] {dag.py:3947} INFO - Setting next_dagrun for example_setup_teardown to 2026-03-12 00:00:00+00:00, run_after=2026-03-13 00:00:00+00:00
[2026-03-13T22:54:25.045+0100] {processor.py:183} INFO - Processing /Users/harshasogala/financial-data-platform/venv/lib/python3.12/site-packages/airflow/example_dags/example_setup_teardown.py took 0.146 seconds
[2026-03-13T22:55:48.509+0100] {processor.py:161} INFO - Started process (PID=72562) to work on /Users/harshasogala/financial-data-platform/venv/lib/python3.12/site-packages/airflow/example_dags/example_setup_teardown.py
[2026-03-13T22:55:48.510+0100] {processor.py:830} INFO - Processing file /Users/harshasogala/financial-data-platform/venv/lib/python3.12/site-packages/airflow/example_dags/example_setup_teardown.py for tasks to queue
[2026-03-13T22:55:48.510+0100] {logging_mixin.py:188} INFO - [2026-03-13T22:55:48.510+0100] {dagbag.py:545} INFO - Filling up the DagBag from /Users/harshasogala/financial-data-platform/venv/lib/python3.12/site-packages/airflow/example_dags/example_setup_teardown.py
[2026-03-13T22:55:48.516+0100] {processor.py:840} INFO - DAG(s) 'example_setup_teardown' retrieved from /Users/harshasogala/financial-data-platform/venv/lib/python3.12/site-packages/airflow/example_dags/example_setup_teardown.py
[2026-03-13T22:55:48.581+0100] {logging_mixin.py:188} INFO - [2026-03-13T22:55:48.581+0100] {dag.py:3089} INFO - Sync 1 DAGs
[2026-03-13T22:55:48.591+0100] {logging_mixin.py:188} INFO - [2026-03-13T22:55:48.591+0100] {dag.py:3947} INFO - Setting next_dagrun for example_setup_teardown to 2026-03-12 00:00:00+00:00, run_after=2026-03-13 00:00:00+00:00
[2026-03-13T22:55:48.605+0100] {processor.py:183} INFO - Processing /Users/harshasogala/financial-data-platform/venv/lib/python3.12/site-packages/airflow/example_dags/example_setup_teardown.py took 0.098 seconds
[2026-03-13T22:57:10.376+0100] {processor.py:161} INFO - Started process (PID=72653) to work on /Users/harshasogala/financial-data-platform/venv/lib/python3.12/site-packages/airflow/example_dags/example_setup_teardown.py
[2026-03-13T22:57:10.377+0100] {processor.py:830} INFO - Processing file /Users/harshasogala/financial-data-platform/venv/lib/python3.12/site-packages/airflow/example_dags/example_setup_teardown.py for tasks to queue
[2026-03-13T22:57:10.378+0100] {logging_mixin.py:188} INFO - [2026-03-13T22:57:10.378+0100] {dagbag.py:545} INFO - Filling up the DagBag from /Users/harshasogala/financial-data-platform/venv/lib/python3.12/site-packages/airflow/example_dags/example_setup_teardown.py
[2026-03-13T22:57:10.383+0100] {processor.py:840} INFO - DAG(s) 'example_setup_teardown' retrieved from /Users/harshasogala/financial-data-platform/venv/lib/python3.12/site-packages/airflow/example_dags/example_setup_teardown.py
[2026-03-13T22:57:10.438+0100] {logging_mixin.py:188} INFO - [2026-03-13T22:57:10.438+0100] {dag.py:3089} INFO - Sync 1 DAGs
[2026-03-13T22:57:10.447+0100] {logging_mixin.py:188} INFO - [2026-03-13T22:57:10.447+0100] {dag.py:3947} INFO - Setting next_dagrun for example_setup_teardown to 2026-03-12 00:00:00+00:00, run_after=2026-03-13 00:00:00+00:00
[2026-03-13T22:57:10.459+0100] {processor.py:183} INFO - Processing /Users/harshasogala/financial-data-platform/venv/lib/python3.12/site-packages/airflow/example_dags/example_setup_teardown.py took 0.085 seconds
[2026-03-13T22:58:30.440+0100] {processor.py:161} INFO - Started process (PID=72718) to work on /Users/harshasogala/financial-data-platform/venv/lib/python3.12/site-packages/airflow/example_dags/example_setup_teardown.py
[2026-03-13T22:58:30.442+0100] {processor.py:830} INFO - Processing file /Users/harshasogala/financial-data-platform/venv/lib/python3.12/site-packages/airflow/example_dags/example_setup_teardown.py for tasks to queue
[2026-03-13T22:58:30.443+0100] {logging_mixin.py:188} INFO - [2026-03-13T22:58:30.443+0100] {dagbag.py:545} INFO - Filling up the DagBag from /Users/harshasogala/financial-data-platform/venv/lib/python3.12/site-packages/airflow/example_dags/example_setup_teardown.py
[2026-03-13T22:58:30.463+0100] {processor.py:840} INFO - DAG(s) 'example_setup_teardown' retrieved from /Users/harshasogala/financial-data-platform/venv/lib/python3.12/site-packages/airflow/example_dags/example_setup_teardown.py
[2026-03-13T22:58:30.575+0100] {logging_mixin.py:188} INFO - [2026-03-13T22:58:30.575+0100] {dag.py:3089} INFO - Sync 1 DAGs
[2026-03-13T22:58:30.588+0100] {logging_mixin.py:188} INFO - [2026-03-13T22:58:30.588+0100] {dag.py:3947} INFO - Setting next_dagrun for example_setup_teardown to 2026-03-12 00:00:00+00:00, run_after=2026-03-13 00:00:00+00:00
[2026-03-13T22:58:30.613+0100] {processor.py:183} INFO - Processing /Users/harshasogala/financial-data-platform/venv/lib/python3.12/site-packages/airflow/example_dags/example_setup_teardown.py took 0.182 seconds
[2026-03-13T22:59:50.437+0100] {processor.py:161} INFO - Started process (PID=72792) to work on /Users/harshasogala/financial-data-platform/venv/lib/python3.12/site-packages/airflow/example_dags/example_setup_teardown.py
[2026-03-13T22:59:50.438+0100] {processor.py:830} INFO - Processing file /Users/harshasogala/financial-data-platform/venv/lib/python3.12/site-packages/airflow/example_dags/example_setup_teardown.py for tasks to queue
[2026-03-13T22:59:50.438+0100] {logging_mixin.py:188} INFO - [2026-03-13T22:59:50.438+0100] {dagbag.py:545} INFO - Filling up the DagBag from /Users/harshasogala/financial-data-platform/venv/lib/python3.12/site-packages/airflow/example_dags/example_setup_teardown.py
[2026-03-13T22:59:50.443+0100] {processor.py:840} INFO - DAG(s) 'example_setup_teardown' retrieved from /Users/harshasogala/financial-data-platform/venv/lib/python3.12/site-packages/airflow/example_dags/example_setup_teardown.py
[2026-03-13T22:59:50.500+0100] {logging_mixin.py:188} INFO - [2026-03-13T22:59:50.500+0100] {dag.py:3089} INFO - Sync 1 DAGs
[2026-03-13T22:59:50.509+0100] {logging_mixin.py:188} INFO - [2026-03-13T22:59:50.509+0100] {dag.py:3947} INFO - Setting next_dagrun for example_setup_teardown to 2026-03-12 00:00:00+00:00, run_after=2026-03-13 00:00:00+00:00
[2026-03-13T22:59:50.520+0100] {processor.py:183} INFO - Processing /Users/harshasogala/financial-data-platform/venv/lib/python3.12/site-packages/airflow/example_dags/example_setup_teardown.py took 0.085 seconds
[2026-03-13T23:01:10.886+0100] {processor.py:161} INFO - Started process (PID=72859) to work on /Users/harshasogala/financial-data-platform/venv/lib/python3.12/site-packages/airflow/example_dags/example_setup_teardown.py
[2026-03-13T23:01:10.887+0100] {processor.py:830} INFO - Processing file /Users/harshasogala/financial-data-platform/venv/lib/python3.12/site-packages/airflow/example_dags/example_setup_teardown.py for tasks to queue
[2026-03-13T23:01:10.887+0100] {logging_mixin.py:188} INFO - [2026-03-13T23:01:10.887+0100] {dagbag.py:545} INFO - Filling up the DagBag from /Users/harshasogala/financial-data-platform/venv/lib/python3.12/site-packages/airflow/example_dags/example_setup_teardown.py
[2026-03-13T23:01:10.892+0100] {processor.py:840} INFO - DAG(s) 'example_setup_teardown' retrieved from /Users/harshasogala/financial-data-platform/venv/lib/python3.12/site-packages/airflow/example_dags/example_setup_teardown.py
[2026-03-13T23:01:10.946+0100] {logging_mixin.py:188} INFO - [2026-03-13T23:01:10.946+0100] {dag.py:3089} INFO - Sync 1 DAGs
[2026-03-13T23:01:10.956+0100] {logging_mixin.py:188} INFO - [2026-03-13T23:01:10.956+0100] {dag.py:3947} INFO - Setting next_dagrun for example_setup_teardown to 2026-03-12 00:00:00+00:00, run_after=2026-03-13 00:00:00+00:00
[2026-03-13T23:01:10.967+0100] {processor.py:183} INFO - Processing /Users/harshasogala/financial-data-platform/venv/lib/python3.12/site-packages/airflow/example_dags/example_setup_teardown.py took 0.083 seconds
[2026-03-13T23:02:29.182+0100] {processor.py:161} INFO - Started process (PID=72919) to work on /Users/harshasogala/financial-data-platform/venv/lib/python3.12/site-packages/airflow/example_dags/example_setup_teardown.py
[2026-03-13T23:02:29.183+0100] {processor.py:830} INFO - Processing file /Users/harshasogala/financial-data-platform/venv/lib/python3.12/site-packages/airflow/example_dags/example_setup_teardown.py for tasks to queue
[2026-03-13T23:02:29.184+0100] {logging_mixin.py:188} INFO - [2026-03-13T23:02:29.184+0100] {dagbag.py:545} INFO - Filling up the DagBag from /Users/harshasogala/financial-data-platform/venv/lib/python3.12/site-packages/airflow/example_dags/example_setup_teardown.py
[2026-03-13T23:02:29.188+0100] {processor.py:840} INFO - DAG(s) 'example_setup_teardown' retrieved from /Users/harshasogala/financial-data-platform/venv/lib/python3.12/site-packages/airflow/example_dags/example_setup_teardown.py
[2026-03-13T23:02:29.243+0100] {logging_mixin.py:188} INFO - [2026-03-13T23:02:29.243+0100] {dag.py:3089} INFO - Sync 1 DAGs
[2026-03-13T23:02:29.251+0100] {logging_mixin.py:188} INFO - [2026-03-13T23:02:29.251+0100] {dag.py:3947} INFO - Setting next_dagrun for example_setup_teardown to 2026-03-12 00:00:00+00:00, run_after=2026-03-13 00:00:00+00:00
[2026-03-13T23:02:29.262+0100] {processor.py:183} INFO - Processing /Users/harshasogala/financial-data-platform/venv/lib/python3.12/site-packages/airflow/example_dags/example_setup_teardown.py took 0.082 seconds
[2026-03-13T23:03:48.875+0100] {processor.py:161} INFO - Started process (PID=72980) to work on /Users/harshasogala/financial-data-platform/venv/lib/python3.12/site-packages/airflow/example_dags/example_setup_teardown.py
[2026-03-13T23:03:48.876+0100] {processor.py:830} INFO - Processing file /Users/harshasogala/financial-data-platform/venv/lib/python3.12/site-packages/airflow/example_dags/example_setup_teardown.py for tasks to queue
[2026-03-13T23:03:48.877+0100] {logging_mixin.py:188} INFO - [2026-03-13T23:03:48.876+0100] {dagbag.py:545} INFO - Filling up the DagBag from /Users/harshasogala/financial-data-platform/venv/lib/python3.12/site-packages/airflow/example_dags/example_setup_teardown.py
[2026-03-13T23:03:48.881+0100] {processor.py:840} INFO - DAG(s) 'example_setup_teardown' retrieved from /Users/harshasogala/financial-data-platform/venv/lib/python3.12/site-packages/airflow/example_dags/example_setup_teardown.py
[2026-03-13T23:03:48.937+0100] {logging_mixin.py:188} INFO - [2026-03-13T23:03:48.937+0100] {dag.py:3089} INFO - Sync 1 DAGs
[2026-03-13T23:03:48.946+0100] {logging_mixin.py:188} INFO - [2026-03-13T23:03:48.946+0100] {dag.py:3947} INFO - Setting next_dagrun for example_setup_teardown to 2026-03-12 00:00:00+00:00, run_after=2026-03-13 00:00:00+00:00
[2026-03-13T23:03:48.957+0100] {processor.py:183} INFO - Processing /Users/harshasogala/financial-data-platform/venv/lib/python3.12/site-packages/airflow/example_dags/example_setup_teardown.py took 0.084 seconds
[2026-03-13T23:05:05.759+0100] {processor.py:161} INFO - Started process (PID=73038) to work on /Users/harshasogala/financial-data-platform/venv/lib/python3.12/site-packages/airflow/example_dags/example_setup_teardown.py
[2026-03-13T23:05:05.761+0100] {processor.py:830} INFO - Processing file /Users/harshasogala/financial-data-platform/venv/lib/python3.12/site-packages/airflow/example_dags/example_setup_teardown.py for tasks to queue
[2026-03-13T23:05:05.761+0100] {logging_mixin.py:188} INFO - [2026-03-13T23:05:05.761+0100] {dagbag.py:545} INFO - Filling up the DagBag from /Users/harshasogala/financial-data-platform/venv/lib/python3.12/site-packages/airflow/example_dags/example_setup_teardown.py
[2026-03-13T23:05:05.766+0100] {processor.py:840} INFO - DAG(s) 'example_setup_teardown' retrieved from /Users/harshasogala/financial-data-platform/venv/lib/python3.12/site-packages/airflow/example_dags/example_setup_teardown.py
[2026-03-13T23:05:05.820+0100] {logging_mixin.py:188} INFO - [2026-03-13T23:05:05.820+0100] {dag.py:3089} INFO - Sync 1 DAGs
[2026-03-13T23:05:05.829+0100] {logging_mixin.py:188} INFO - [2026-03-13T23:05:05.829+0100] {dag.py:3947} INFO - Setting next_dagrun for example_setup_teardown to 2026-03-12 00:00:00+00:00, run_after=2026-03-13 00:00:00+00:00
[2026-03-13T23:05:05.841+0100] {processor.py:183} INFO - Processing /Users/harshasogala/financial-data-platform/venv/lib/python3.12/site-packages/airflow/example_dags/example_setup_teardown.py took 0.084 seconds
[2026-03-13T23:06:23.029+0100] {processor.py:161} INFO - Started process (PID=73108) to work on /Users/harshasogala/financial-data-platform/venv/lib/python3.12/site-packages/airflow/example_dags/example_setup_teardown.py
[2026-03-13T23:06:23.030+0100] {processor.py:830} INFO - Processing file /Users/harshasogala/financial-data-platform/venv/lib/python3.12/site-packages/airflow/example_dags/example_setup_teardown.py for tasks to queue
[2026-03-13T23:06:23.030+0100] {logging_mixin.py:188} INFO - [2026-03-13T23:06:23.030+0100] {dagbag.py:545} INFO - Filling up the DagBag from /Users/harshasogala/financial-data-platform/venv/lib/python3.12/site-packages/airflow/example_dags/example_setup_teardown.py
[2026-03-13T23:06:23.035+0100] {processor.py:840} INFO - DAG(s) 'example_setup_teardown' retrieved from /Users/harshasogala/financial-data-platform/venv/lib/python3.12/site-packages/airflow/example_dags/example_setup_teardown.py
[2026-03-13T23:06:23.091+0100] {logging_mixin.py:188} INFO - [2026-03-13T23:06:23.091+0100] {dag.py:3089} INFO - Sync 1 DAGs
[2026-03-13T23:06:23.100+0100] {logging_mixin.py:188} INFO - [2026-03-13T23:06:23.100+0100] {dag.py:3947} INFO - Setting next_dagrun for example_setup_teardown to 2026-03-12 00:00:00+00:00, run_after=2026-03-13 00:00:00+00:00
[2026-03-13T23:06:23.111+0100] {processor.py:183} INFO - Processing /Users/harshasogala/financial-data-platform/venv/lib/python3.12/site-packages/airflow/example_dags/example_setup_teardown.py took 0.085 seconds
[2026-03-13T23:07:46.675+0100] {processor.py:161} INFO - Started process (PID=73173) to work on /Users/harshasogala/financial-data-platform/venv/lib/python3.12/site-packages/airflow/example_dags/example_setup_teardown.py
[2026-03-13T23:07:46.676+0100] {processor.py:830} INFO - Processing file /Users/harshasogala/financial-data-platform/venv/lib/python3.12/site-packages/airflow/example_dags/example_setup_teardown.py for tasks to queue
[2026-03-13T23:07:46.677+0100] {logging_mixin.py:188} INFO - [2026-03-13T23:07:46.677+0100] {dagbag.py:545} INFO - Filling up the DagBag from /Users/harshasogala/financial-data-platform/venv/lib/python3.12/site-packages/airflow/example_dags/example_setup_teardown.py
[2026-03-13T23:07:46.682+0100] {processor.py:840} INFO - DAG(s) 'example_setup_teardown' retrieved from /Users/harshasogala/financial-data-platform/venv/lib/python3.12/site-packages/airflow/example_dags/example_setup_teardown.py
[2026-03-13T23:07:46.736+0100] {logging_mixin.py:188} INFO - [2026-03-13T23:07:46.736+0100] {dag.py:3089} INFO - Sync 1 DAGs
[2026-03-13T23:07:46.745+0100] {logging_mixin.py:188} INFO - [2026-03-13T23:07:46.745+0100] {dag.py:3947} INFO - Setting next_dagrun for example_setup_teardown to 2026-03-12 00:00:00+00:00, run_after=2026-03-13 00:00:00+00:00
[2026-03-13T23:07:46.756+0100] {processor.py:183} INFO - Processing /Users/harshasogala/financial-data-platform/venv/lib/python3.12/site-packages/airflow/example_dags/example_setup_teardown.py took 0.083 seconds
[2026-03-13T23:09:00.581+0100] {processor.py:161} INFO - Started process (PID=73233) to work on /Users/harshasogala/financial-data-platform/venv/lib/python3.12/site-packages/airflow/example_dags/example_setup_teardown.py
[2026-03-13T23:09:00.583+0100] {processor.py:830} INFO - Processing file /Users/harshasogala/financial-data-platform/venv/lib/python3.12/site-packages/airflow/example_dags/example_setup_teardown.py for tasks to queue
[2026-03-13T23:09:00.584+0100] {logging_mixin.py:188} INFO - [2026-03-13T23:09:00.583+0100] {dagbag.py:545} INFO - Filling up the DagBag from /Users/harshasogala/financial-data-platform/venv/lib/python3.12/site-packages/airflow/example_dags/example_setup_teardown.py
[2026-03-13T23:09:00.589+0100] {processor.py:840} INFO - DAG(s) 'example_setup_teardown' retrieved from /Users/harshasogala/financial-data-platform/venv/lib/python3.12/site-packages/airflow/example_dags/example_setup_teardown.py
[2026-03-13T23:09:00.662+0100] {logging_mixin.py:188} INFO - [2026-03-13T23:09:00.662+0100] {dag.py:3089} INFO - Sync 1 DAGs
[2026-03-13T23:09:00.672+0100] {logging_mixin.py:188} INFO - [2026-03-13T23:09:00.672+0100] {dag.py:3947} INFO - Setting next_dagrun for example_setup_teardown to 2026-03-12 00:00:00+00:00, run_after=2026-03-13 00:00:00+00:00
[2026-03-13T23:09:00.685+0100] {processor.py:183} INFO - Processing /Users/harshasogala/financial-data-platform/venv/lib/python3.12/site-packages/airflow/example_dags/example_setup_teardown.py took 0.106 seconds
[2026-03-13T23:10:12.199+0100] {processor.py:161} INFO - Started process (PID=73289) to work on /Users/harshasogala/financial-data-platform/venv/lib/python3.12/site-packages/airflow/example_dags/example_setup_teardown.py
[2026-03-13T23:10:12.199+0100] {processor.py:830} INFO - Processing file /Users/harshasogala/financial-data-platform/venv/lib/python3.12/site-packages/airflow/example_dags/example_setup_teardown.py for tasks to queue
[2026-03-13T23:10:12.200+0100] {logging_mixin.py:188} INFO - [2026-03-13T23:10:12.200+0100] {dagbag.py:545} INFO - Filling up the DagBag from /Users/harshasogala/financial-data-platform/venv/lib/python3.12/site-packages/airflow/example_dags/example_setup_teardown.py
[2026-03-13T23:10:12.205+0100] {processor.py:840} INFO - DAG(s) 'example_setup_teardown' retrieved from /Users/harshasogala/financial-data-platform/venv/lib/python3.12/site-packages/airflow/example_dags/example_setup_teardown.py
[2026-03-13T23:10:12.260+0100] {logging_mixin.py:188} INFO - [2026-03-13T23:10:12.259+0100] {dag.py:3089} INFO - Sync 1 DAGs
[2026-03-13T23:10:12.268+0100] {logging_mixin.py:188} INFO - [2026-03-13T23:10:12.268+0100] {dag.py:3947} INFO - Setting next_dagrun for example_setup_teardown to 2026-03-12 00:00:00+00:00, run_after=2026-03-13 00:00:00+00:00
[2026-03-13T23:10:12.281+0100] {processor.py:183} INFO - Processing /Users/harshasogala/financial-data-platform/venv/lib/python3.12/site-packages/airflow/example_dags/example_setup_teardown.py took 0.084 seconds
[2026-03-13T23:11:25.946+0100] {processor.py:161} INFO - Started process (PID=73354) to work on /Users/harshasogala/financial-data-platform/venv/lib/python3.12/site-packages/airflow/example_dags/example_setup_teardown.py
[2026-03-13T23:11:25.947+0100] {processor.py:830} INFO - Processing file /Users/harshasogala/financial-data-platform/venv/lib/python3.12/site-packages/airflow/example_dags/example_setup_teardown.py for tasks to queue
[2026-03-13T23:11:25.947+0100] {logging_mixin.py:188} INFO - [2026-03-13T23:11:25.947+0100] {dagbag.py:545} INFO - Filling up the DagBag from /Users/harshasogala/financial-data-platform/venv/lib/python3.12/site-packages/airflow/example_dags/example_setup_teardown.py
[2026-03-13T23:11:25.953+0100] {processor.py:840} INFO - DAG(s) 'example_setup_teardown' retrieved from /Users/harshasogala/financial-data-platform/venv/lib/python3.12/site-packages/airflow/example_dags/example_setup_teardown.py
[2026-03-13T23:11:26.010+0100] {logging_mixin.py:188} INFO - [2026-03-13T23:11:26.010+0100] {dag.py:3089} INFO - Sync 1 DAGs
[2026-03-13T23:11:26.022+0100] {logging_mixin.py:188} INFO - [2026-03-13T23:11:26.022+0100] {dag.py:3947} INFO - Setting next_dagrun for example_setup_teardown to 2026-03-12 00:00:00+00:00, run_after=2026-03-13 00:00:00+00:00
[2026-03-13T23:11:26.035+0100] {processor.py:183} INFO - Processing /Users/harshasogala/financial-data-platform/venv/lib/python3.12/site-packages/airflow/example_dags/example_setup_teardown.py took 0.091 seconds
[2026-03-13T23:12:39.922+0100] {processor.py:161} INFO - Started process (PID=73416) to work on /Users/harshasogala/financial-data-platform/venv/lib/python3.12/site-packages/airflow/example_dags/example_setup_teardown.py
[2026-03-13T23:12:39.924+0100] {processor.py:830} INFO - Processing file /Users/harshasogala/financial-data-platform/venv/lib/python3.12/site-packages/airflow/example_dags/example_setup_teardown.py for tasks to queue
[2026-03-13T23:12:39.924+0100] {logging_mixin.py:188} INFO - [2026-03-13T23:12:39.924+0100] {dagbag.py:545} INFO - Filling up the DagBag from /Users/harshasogala/financial-data-platform/venv/lib/python3.12/site-packages/airflow/example_dags/example_setup_teardown.py
[2026-03-13T23:12:39.929+0100] {processor.py:840} INFO - DAG(s) 'example_setup_teardown' retrieved from /Users/harshasogala/financial-data-platform/venv/lib/python3.12/site-packages/airflow/example_dags/example_setup_teardown.py
[2026-03-13T23:12:39.983+0100] {logging_mixin.py:188} INFO - [2026-03-13T23:12:39.983+0100] {dag.py:3089} INFO - Sync 1 DAGs
[2026-03-13T23:12:39.992+0100] {logging_mixin.py:188} INFO - [2026-03-13T23:12:39.992+0100] {dag.py:3947} INFO - Setting next_dagrun for example_setup_teardown to 2026-03-12 00:00:00+00:00, run_after=2026-03-13 00:00:00+00:00
[2026-03-13T23:12:40.004+0100] {processor.py:183} INFO - Processing /Users/harshasogala/financial-data-platform/venv/lib/python3.12/site-packages/airflow/example_dags/example_setup_teardown.py took 0.083 seconds
[2026-03-13T23:13:55.868+0100] {processor.py:161} INFO - Started process (PID=73477) to work on /Users/harshasogala/financial-data-platform/venv/lib/python3.12/site-packages/airflow/example_dags/example_setup_teardown.py
[2026-03-13T23:13:55.870+0100] {processor.py:830} INFO - Processing file /Users/harshasogala/financial-data-platform/venv/lib/python3.12/site-packages/airflow/example_dags/example_setup_teardown.py for tasks to queue
[2026-03-13T23:13:55.870+0100] {logging_mixin.py:188} INFO - [2026-03-13T23:13:55.870+0100] {dagbag.py:545} INFO - Filling up the DagBag from /Users/harshasogala/financial-data-platform/venv/lib/python3.12/site-packages/airflow/example_dags/example_setup_teardown.py
[2026-03-13T23:13:55.875+0100] {processor.py:840} INFO - DAG(s) 'example_setup_teardown' retrieved from /Users/harshasogala/financial-data-platform/venv/lib/python3.12/site-packages/airflow/example_dags/example_setup_teardown.py
[2026-03-13T23:13:55.931+0100] {logging_mixin.py:188} INFO - [2026-03-13T23:13:55.931+0100] {dag.py:3089} INFO - Sync 1 DAGs
[2026-03-13T23:13:55.942+0100] {logging_mixin.py:188} INFO - [2026-03-13T23:13:55.942+0100] {dag.py:3947} INFO - Setting next_dagrun for example_setup_teardown to 2026-03-12 00:00:00+00:00, run_after=2026-03-13 00:00:00+00:00
[2026-03-13T23:13:55.956+0100] {processor.py:183} INFO - Processing /Users/harshasogala/financial-data-platform/venv/lib/python3.12/site-packages/airflow/example_dags/example_setup_teardown.py took 0.089 seconds
[2026-03-13T23:15:10.021+0100] {processor.py:161} INFO - Started process (PID=73536) to work on /Users/harshasogala/financial-data-platform/venv/lib/python3.12/site-packages/airflow/example_dags/example_setup_teardown.py
[2026-03-13T23:15:10.022+0100] {processor.py:830} INFO - Processing file /Users/harshasogala/financial-data-platform/venv/lib/python3.12/site-packages/airflow/example_dags/example_setup_teardown.py for tasks to queue
[2026-03-13T23:15:10.023+0100] {logging_mixin.py:188} INFO - [2026-03-13T23:15:10.023+0100] {dagbag.py:545} INFO - Filling up the DagBag from /Users/harshasogala/financial-data-platform/venv/lib/python3.12/site-packages/airflow/example_dags/example_setup_teardown.py
[2026-03-13T23:15:10.027+0100] {processor.py:840} INFO - DAG(s) 'example_setup_teardown' retrieved from /Users/harshasogala/financial-data-platform/venv/lib/python3.12/site-packages/airflow/example_dags/example_setup_teardown.py
[2026-03-13T23:15:10.084+0100] {logging_mixin.py:188} INFO - [2026-03-13T23:15:10.084+0100] {dag.py:3089} INFO - Sync 1 DAGs
[2026-03-13T23:15:10.095+0100] {logging_mixin.py:188} INFO - [2026-03-13T23:15:10.095+0100] {dag.py:3947} INFO - Setting next_dagrun for example_setup_teardown to 2026-03-12 00:00:00+00:00, run_after=2026-03-13 00:00:00+00:00
[2026-03-13T23:15:10.106+0100] {processor.py:183} INFO - Processing /Users/harshasogala/financial-data-platform/venv/lib/python3.12/site-packages/airflow/example_dags/example_setup_teardown.py took 0.087 seconds
[2026-03-13T23:16:23.689+0100] {processor.py:161} INFO - Started process (PID=73601) to work on /Users/harshasogala/financial-data-platform/venv/lib/python3.12/site-packages/airflow/example_dags/example_setup_teardown.py
[2026-03-13T23:16:23.691+0100] {processor.py:830} INFO - Processing file /Users/harshasogala/financial-data-platform/venv/lib/python3.12/site-packages/airflow/example_dags/example_setup_teardown.py for tasks to queue
[2026-03-13T23:16:23.691+0100] {logging_mixin.py:188} INFO - [2026-03-13T23:16:23.691+0100] {dagbag.py:545} INFO - Filling up the DagBag from /Users/harshasogala/financial-data-platform/venv/lib/python3.12/site-packages/airflow/example_dags/example_setup_teardown.py
[2026-03-13T23:16:23.696+0100] {processor.py:840} INFO - DAG(s) 'example_setup_teardown' retrieved from /Users/harshasogala/financial-data-platform/venv/lib/python3.12/site-packages/airflow/example_dags/example_setup_teardown.py
[2026-03-13T23:16:23.752+0100] {logging_mixin.py:188} INFO - [2026-03-13T23:16:23.752+0100] {dag.py:3089} INFO - Sync 1 DAGs
[2026-03-13T23:16:23.761+0100] {logging_mixin.py:188} INFO - [2026-03-13T23:16:23.761+0100] {dag.py:3947} INFO - Setting next_dagrun for example_setup_teardown to 2026-03-12 00:00:00+00:00, run_after=2026-03-13 00:00:00+00:00
[2026-03-13T23:16:23.773+0100] {processor.py:183} INFO - Processing /Users/harshasogala/financial-data-platform/venv/lib/python3.12/site-packages/airflow/example_dags/example_setup_teardown.py took 0.085 seconds
[2026-03-13T23:17:41.231+0100] {processor.py:161} INFO - Started process (PID=73667) to work on /Users/harshasogala/financial-data-platform/venv/lib/python3.12/site-packages/airflow/example_dags/example_setup_teardown.py
[2026-03-13T23:17:41.232+0100] {processor.py:830} INFO - Processing file /Users/harshasogala/financial-data-platform/venv/lib/python3.12/site-packages/airflow/example_dags/example_setup_teardown.py for tasks to queue
[2026-03-13T23:17:41.233+0100] {logging_mixin.py:188} INFO - [2026-03-13T23:17:41.233+0100] {dagbag.py:545} INFO - Filling up the DagBag from /Users/harshasogala/financial-data-platform/venv/lib/python3.12/site-packages/airflow/example_dags/example_setup_teardown.py
[2026-03-13T23:17:41.238+0100] {processor.py:840} INFO - DAG(s) 'example_setup_teardown' retrieved from /Users/harshasogala/financial-data-platform/venv/lib/python3.12/site-packages/airflow/example_dags/example_setup_teardown.py
[2026-03-13T23:17:41.292+0100] {logging_mixin.py:188} INFO - [2026-03-13T23:17:41.292+0100] {dag.py:3089} INFO - Sync 1 DAGs
[2026-03-13T23:17:41.301+0100] {logging_mixin.py:188} INFO - [2026-03-13T23:17:41.301+0100] {dag.py:3947} INFO - Setting next_dagrun for example_setup_teardown to 2026-03-12 00:00:00+00:00, run_after=2026-03-13 00:00:00+00:00
[2026-03-13T23:17:41.313+0100] {processor.py:183} INFO - Processing /Users/harshasogala/financial-data-platform/venv/lib/python3.12/site-packages/airflow/example_dags/example_setup_teardown.py took 0.083 seconds
[2026-03-13T23:18:57.236+0100] {processor.py:161} INFO - Started process (PID=73728) to work on /Users/harshasogala/financial-data-platform/venv/lib/python3.12/site-packages/airflow/example_dags/example_setup_teardown.py
[2026-03-13T23:18:57.238+0100] {processor.py:830} INFO - Processing file /Users/harshasogala/financial-data-platform/venv/lib/python3.12/site-packages/airflow/example_dags/example_setup_teardown.py for tasks to queue
[2026-03-13T23:18:57.238+0100] {logging_mixin.py:188} INFO - [2026-03-13T23:18:57.238+0100] {dagbag.py:545} INFO - Filling up the DagBag from /Users/harshasogala/financial-data-platform/venv/lib/python3.12/site-packages/airflow/example_dags/example_setup_teardown.py
[2026-03-13T23:18:57.244+0100] {processor.py:840} INFO - DAG(s) 'example_setup_teardown' retrieved from /Users/harshasogala/financial-data-platform/venv/lib/python3.12/site-packages/airflow/example_dags/example_setup_teardown.py
[2026-03-13T23:18:57.298+0100] {logging_mixin.py:188} INFO - [2026-03-13T23:18:57.298+0100] {dag.py:3089} INFO - Sync 1 DAGs
[2026-03-13T23:18:57.307+0100] {logging_mixin.py:188} INFO - [2026-03-13T23:18:57.307+0100] {dag.py:3947} INFO - Setting next_dagrun for example_setup_teardown to 2026-03-12 00:00:00+00:00, run_after=2026-03-13 00:00:00+00:00
[2026-03-13T23:18:57.319+0100] {processor.py:183} INFO - Processing /Users/harshasogala/financial-data-platform/venv/lib/python3.12/site-packages/airflow/example_dags/example_setup_teardown.py took 0.085 seconds
[2026-03-13T23:20:14.872+0100] {processor.py:161} INFO - Started process (PID=73793) to work on /Users/harshasogala/financial-data-platform/venv/lib/python3.12/site-packages/airflow/example_dags/example_setup_teardown.py
[2026-03-13T23:20:14.874+0100] {processor.py:830} INFO - Processing file /Users/harshasogala/financial-data-platform/venv/lib/python3.12/site-packages/airflow/example_dags/example_setup_teardown.py for tasks to queue
[2026-03-13T23:20:14.874+0100] {logging_mixin.py:188} INFO - [2026-03-13T23:20:14.874+0100] {dagbag.py:545} INFO - Filling up the DagBag from /Users/harshasogala/financial-data-platform/venv/lib/python3.12/site-packages/airflow/example_dags/example_setup_teardown.py
[2026-03-13T23:20:14.879+0100] {processor.py:840} INFO - DAG(s) 'example_setup_teardown' retrieved from /Users/harshasogala/financial-data-platform/venv/lib/python3.12/site-packages/airflow/example_dags/example_setup_teardown.py
[2026-03-13T23:20:14.935+0100] {logging_mixin.py:188} INFO - [2026-03-13T23:20:14.934+0100] {dag.py:3089} INFO - Sync 1 DAGs
[2026-03-13T23:20:14.943+0100] {logging_mixin.py:188} INFO - [2026-03-13T23:20:14.943+0100] {dag.py:3947} INFO - Setting next_dagrun for example_setup_teardown to 2026-03-12 00:00:00+00:00, run_after=2026-03-13 00:00:00+00:00
[2026-03-13T23:20:14.954+0100] {processor.py:183} INFO - Processing /Users/harshasogala/financial-data-platform/venv/lib/python3.12/site-packages/airflow/example_dags/example_setup_teardown.py took 0.084 seconds
[2026-03-13T23:21:30.081+0100] {processor.py:161} INFO - Started process (PID=73877) to work on /Users/harshasogala/financial-data-platform/venv/lib/python3.12/site-packages/airflow/example_dags/example_setup_teardown.py
[2026-03-13T23:21:30.082+0100] {processor.py:830} INFO - Processing file /Users/harshasogala/financial-data-platform/venv/lib/python3.12/site-packages/airflow/example_dags/example_setup_teardown.py for tasks to queue
[2026-03-13T23:21:30.082+0100] {logging_mixin.py:188} INFO - [2026-03-13T23:21:30.082+0100] {dagbag.py:545} INFO - Filling up the DagBag from /Users/harshasogala/financial-data-platform/venv/lib/python3.12/site-packages/airflow/example_dags/example_setup_teardown.py
[2026-03-13T23:21:30.088+0100] {processor.py:840} INFO - DAG(s) 'example_setup_teardown' retrieved from /Users/harshasogala/financial-data-platform/venv/lib/python3.12/site-packages/airflow/example_dags/example_setup_teardown.py
[2026-03-13T23:21:30.152+0100] {logging_mixin.py:188} INFO - [2026-03-13T23:21:30.152+0100] {dag.py:3089} INFO - Sync 1 DAGs
[2026-03-13T23:21:30.163+0100] {logging_mixin.py:188} INFO - [2026-03-13T23:21:30.162+0100] {dag.py:3947} INFO - Setting next_dagrun for example_setup_teardown to 2026-03-12 00:00:00+00:00, run_after=2026-03-13 00:00:00+00:00
[2026-03-13T23:21:30.195+0100] {processor.py:183} INFO - Processing /Users/harshasogala/financial-data-platform/venv/lib/python3.12/site-packages/airflow/example_dags/example_setup_teardown.py took 0.116 seconds
[2026-03-13T23:22:43.177+0100] {processor.py:161} INFO - Started process (PID=73934) to work on /Users/harshasogala/financial-data-platform/venv/lib/python3.12/site-packages/airflow/example_dags/example_setup_teardown.py
[2026-03-13T23:22:43.178+0100] {processor.py:830} INFO - Processing file /Users/harshasogala/financial-data-platform/venv/lib/python3.12/site-packages/airflow/example_dags/example_setup_teardown.py for tasks to queue
[2026-03-13T23:22:43.178+0100] {logging_mixin.py:188} INFO - [2026-03-13T23:22:43.178+0100] {dagbag.py:545} INFO - Filling up the DagBag from /Users/harshasogala/financial-data-platform/venv/lib/python3.12/site-packages/airflow/example_dags/example_setup_teardown.py
[2026-03-13T23:22:43.183+0100] {processor.py:840} INFO - DAG(s) 'example_setup_teardown' retrieved from /Users/harshasogala/financial-data-platform/venv/lib/python3.12/site-packages/airflow/example_dags/example_setup_teardown.py
[2026-03-13T23:22:43.240+0100] {logging_mixin.py:188} INFO - [2026-03-13T23:22:43.240+0100] {dag.py:3089} INFO - Sync 1 DAGs
[2026-03-13T23:22:43.251+0100] {logging_mixin.py:188} INFO - [2026-03-13T23:22:43.251+0100] {dag.py:3947} INFO - Setting next_dagrun for example_setup_teardown to 2026-03-12 00:00:00+00:00, run_after=2026-03-13 00:00:00+00:00
[2026-03-13T23:22:43.266+0100] {processor.py:183} INFO - Processing /Users/harshasogala/financial-data-platform/venv/lib/python3.12/site-packages/airflow/example_dags/example_setup_teardown.py took 0.091 seconds
[2026-03-13T23:23:58.135+0100] {processor.py:161} INFO - Started process (PID=73998) to work on /Users/harshasogala/financial-data-platform/venv/lib/python3.12/site-packages/airflow/example_dags/example_setup_teardown.py
[2026-03-13T23:23:58.136+0100] {processor.py:830} INFO - Processing file /Users/harshasogala/financial-data-platform/venv/lib/python3.12/site-packages/airflow/example_dags/example_setup_teardown.py for tasks to queue
[2026-03-13T23:23:58.137+0100] {logging_mixin.py:188} INFO - [2026-03-13T23:23:58.136+0100] {dagbag.py:545} INFO - Filling up the DagBag from /Users/harshasogala/financial-data-platform/venv/lib/python3.12/site-packages/airflow/example_dags/example_setup_teardown.py
[2026-03-13T23:23:58.141+0100] {processor.py:840} INFO - DAG(s) 'example_setup_teardown' retrieved from /Users/harshasogala/financial-data-platform/venv/lib/python3.12/site-packages/airflow/example_dags/example_setup_teardown.py
[2026-03-13T23:23:58.198+0100] {logging_mixin.py:188} INFO - [2026-03-13T23:23:58.197+0100] {dag.py:3089} INFO - Sync 1 DAGs
[2026-03-13T23:23:58.206+0100] {logging_mixin.py:188} INFO - [2026-03-13T23:23:58.206+0100] {dag.py:3947} INFO - Setting next_dagrun for example_setup_teardown to 2026-03-12 00:00:00+00:00, run_after=2026-03-13 00:00:00+00:00
[2026-03-13T23:23:58.219+0100] {processor.py:183} INFO - Processing /Users/harshasogala/financial-data-platform/venv/lib/python3.12/site-packages/airflow/example_dags/example_setup_teardown.py took 0.085 seconds
[2026-03-13T23:25:14.769+0100] {processor.py:161} INFO - Started process (PID=74058) to work on /Users/harshasogala/financial-data-platform/venv/lib/python3.12/site-packages/airflow/example_dags/example_setup_teardown.py
[2026-03-13T23:25:14.771+0100] {processor.py:830} INFO - Processing file /Users/harshasogala/financial-data-platform/venv/lib/python3.12/site-packages/airflow/example_dags/example_setup_teardown.py for tasks to queue
[2026-03-13T23:25:14.771+0100] {logging_mixin.py:188} INFO - [2026-03-13T23:25:14.771+0100] {dagbag.py:545} INFO - Filling up the DagBag from /Users/harshasogala/financial-data-platform/venv/lib/python3.12/site-packages/airflow/example_dags/example_setup_teardown.py
[2026-03-13T23:25:14.776+0100] {processor.py:840} INFO - DAG(s) 'example_setup_teardown' retrieved from /Users/harshasogala/financial-data-platform/venv/lib/python3.12/site-packages/airflow/example_dags/example_setup_teardown.py
[2026-03-13T23:25:14.831+0100] {logging_mixin.py:188} INFO - [2026-03-13T23:25:14.831+0100] {dag.py:3089} INFO - Sync 1 DAGs
[2026-03-13T23:25:14.840+0100] {logging_mixin.py:188} INFO - [2026-03-13T23:25:14.840+0100] {dag.py:3947} INFO - Setting next_dagrun for example_setup_teardown to 2026-03-12 00:00:00+00:00, run_after=2026-03-13 00:00:00+00:00
[2026-03-13T23:25:14.851+0100] {processor.py:183} INFO - Processing /Users/harshasogala/financial-data-platform/venv/lib/python3.12/site-packages/airflow/example_dags/example_setup_teardown.py took 0.084 seconds
[2026-03-13T23:26:31.494+0100] {processor.py:161} INFO - Started process (PID=74116) to work on /Users/harshasogala/financial-data-platform/venv/lib/python3.12/site-packages/airflow/example_dags/example_setup_teardown.py
[2026-03-13T23:26:31.495+0100] {processor.py:830} INFO - Processing file /Users/harshasogala/financial-data-platform/venv/lib/python3.12/site-packages/airflow/example_dags/example_setup_teardown.py for tasks to queue
[2026-03-13T23:26:31.496+0100] {logging_mixin.py:188} INFO - [2026-03-13T23:26:31.495+0100] {dagbag.py:545} INFO - Filling up the DagBag from /Users/harshasogala/financial-data-platform/venv/lib/python3.12/site-packages/airflow/example_dags/example_setup_teardown.py
[2026-03-13T23:26:31.500+0100] {processor.py:840} INFO - DAG(s) 'example_setup_teardown' retrieved from /Users/harshasogala/financial-data-platform/venv/lib/python3.12/site-packages/airflow/example_dags/example_setup_teardown.py
[2026-03-13T23:26:31.555+0100] {logging_mixin.py:188} INFO - [2026-03-13T23:26:31.555+0100] {dag.py:3089} INFO - Sync 1 DAGs
[2026-03-13T23:26:31.563+0100] {logging_mixin.py:188} INFO - [2026-03-13T23:26:31.563+0100] {dag.py:3947} INFO - Setting next_dagrun for example_setup_teardown to 2026-03-12 00:00:00+00:00, run_after=2026-03-13 00:00:00+00:00
[2026-03-13T23:26:31.575+0100] {processor.py:183} INFO - Processing /Users/harshasogala/financial-data-platform/venv/lib/python3.12/site-packages/airflow/example_dags/example_setup_teardown.py took 0.082 seconds
[2026-03-13T23:27:49.800+0100] {processor.py:161} INFO - Started process (PID=74214) to work on /Users/harshasogala/financial-data-platform/venv/lib/python3.12/site-packages/airflow/example_dags/example_setup_teardown.py
[2026-03-13T23:27:49.801+0100] {processor.py:830} INFO - Processing file /Users/harshasogala/financial-data-platform/venv/lib/python3.12/site-packages/airflow/example_dags/example_setup_teardown.py for tasks to queue
[2026-03-13T23:27:49.801+0100] {logging_mixin.py:188} INFO - [2026-03-13T23:27:49.801+0100] {dagbag.py:545} INFO - Filling up the DagBag from /Users/harshasogala/financial-data-platform/venv/lib/python3.12/site-packages/airflow/example_dags/example_setup_teardown.py
[2026-03-13T23:27:49.806+0100] {processor.py:840} INFO - DAG(s) 'example_setup_teardown' retrieved from /Users/harshasogala/financial-data-platform/venv/lib/python3.12/site-packages/airflow/example_dags/example_setup_teardown.py
[2026-03-13T23:27:49.861+0100] {logging_mixin.py:188} INFO - [2026-03-13T23:27:49.861+0100] {dag.py:3089} INFO - Sync 1 DAGs
[2026-03-13T23:27:49.870+0100] {logging_mixin.py:188} INFO - [2026-03-13T23:27:49.870+0100] {dag.py:3947} INFO - Setting next_dagrun for example_setup_teardown to 2026-03-12 00:00:00+00:00, run_after=2026-03-13 00:00:00+00:00
[2026-03-13T23:27:49.882+0100] {processor.py:183} INFO - Processing /Users/harshasogala/financial-data-platform/venv/lib/python3.12/site-packages/airflow/example_dags/example_setup_teardown.py took 0.083 seconds
[2026-03-13T23:29:07.479+0100] {processor.py:161} INFO - Started process (PID=74280) to work on /Users/harshasogala/financial-data-platform/venv/lib/python3.12/site-packages/airflow/example_dags/example_setup_teardown.py
[2026-03-13T23:29:07.480+0100] {processor.py:830} INFO - Processing file /Users/harshasogala/financial-data-platform/venv/lib/python3.12/site-packages/airflow/example_dags/example_setup_teardown.py for tasks to queue
[2026-03-13T23:29:07.480+0100] {logging_mixin.py:188} INFO - [2026-03-13T23:29:07.480+0100] {dagbag.py:545} INFO - Filling up the DagBag from /Users/harshasogala/financial-data-platform/venv/lib/python3.12/site-packages/airflow/example_dags/example_setup_teardown.py
[2026-03-13T23:29:07.485+0100] {processor.py:840} INFO - DAG(s) 'example_setup_teardown' retrieved from /Users/harshasogala/financial-data-platform/venv/lib/python3.12/site-packages/airflow/example_dags/example_setup_teardown.py
[2026-03-13T23:29:07.540+0100] {logging_mixin.py:188} INFO - [2026-03-13T23:29:07.540+0100] {dag.py:3089} INFO - Sync 1 DAGs
[2026-03-13T23:29:07.549+0100] {logging_mixin.py:188} INFO - [2026-03-13T23:29:07.549+0100] {dag.py:3947} INFO - Setting next_dagrun for example_setup_teardown to 2026-03-12 00:00:00+00:00, run_after=2026-03-13 00:00:00+00:00
[2026-03-13T23:29:07.561+0100] {processor.py:183} INFO - Processing /Users/harshasogala/financial-data-platform/venv/lib/python3.12/site-packages/airflow/example_dags/example_setup_teardown.py took 0.084 seconds
[2026-03-13T23:30:22.695+0100] {processor.py:161} INFO - Started process (PID=74370) to work on /Users/harshasogala/financial-data-platform/venv/lib/python3.12/site-packages/airflow/example_dags/example_setup_teardown.py
[2026-03-13T23:30:22.696+0100] {processor.py:830} INFO - Processing file /Users/harshasogala/financial-data-platform/venv/lib/python3.12/site-packages/airflow/example_dags/example_setup_teardown.py for tasks to queue
[2026-03-13T23:30:22.697+0100] {logging_mixin.py:188} INFO - [2026-03-13T23:30:22.697+0100] {dagbag.py:545} INFO - Filling up the DagBag from /Users/harshasogala/financial-data-platform/venv/lib/python3.12/site-packages/airflow/example_dags/example_setup_teardown.py
[2026-03-13T23:30:22.702+0100] {processor.py:840} INFO - DAG(s) 'example_setup_teardown' retrieved from /Users/harshasogala/financial-data-platform/venv/lib/python3.12/site-packages/airflow/example_dags/example_setup_teardown.py
[2026-03-13T23:30:22.757+0100] {logging_mixin.py:188} INFO - [2026-03-13T23:30:22.756+0100] {dag.py:3089} INFO - Sync 1 DAGs
[2026-03-13T23:30:22.765+0100] {logging_mixin.py:188} INFO - [2026-03-13T23:30:22.765+0100] {dag.py:3947} INFO - Setting next_dagrun for example_setup_teardown to 2026-03-12 00:00:00+00:00, run_after=2026-03-13 00:00:00+00:00
[2026-03-13T23:30:22.776+0100] {processor.py:183} INFO - Processing /Users/harshasogala/financial-data-platform/venv/lib/python3.12/site-packages/airflow/example_dags/example_setup_teardown.py took 0.083 seconds
[2026-03-13T23:31:40.841+0100] {processor.py:161} INFO - Started process (PID=74801) to work on /Users/harshasogala/financial-data-platform/venv/lib/python3.12/site-packages/airflow/example_dags/example_setup_teardown.py
[2026-03-13T23:31:40.842+0100] {processor.py:830} INFO - Processing file /Users/harshasogala/financial-data-platform/venv/lib/python3.12/site-packages/airflow/example_dags/example_setup_teardown.py for tasks to queue
[2026-03-13T23:31:40.843+0100] {logging_mixin.py:188} INFO - [2026-03-13T23:31:40.843+0100] {dagbag.py:545} INFO - Filling up the DagBag from /Users/harshasogala/financial-data-platform/venv/lib/python3.12/site-packages/airflow/example_dags/example_setup_teardown.py
[2026-03-13T23:31:40.848+0100] {processor.py:840} INFO - DAG(s) 'example_setup_teardown' retrieved from /Users/harshasogala/financial-data-platform/venv/lib/python3.12/site-packages/airflow/example_dags/example_setup_teardown.py
[2026-03-13T23:31:40.905+0100] {logging_mixin.py:188} INFO - [2026-03-13T23:31:40.905+0100] {dag.py:3089} INFO - Sync 1 DAGs
[2026-03-13T23:31:40.914+0100] {logging_mixin.py:188} INFO - [2026-03-13T23:31:40.914+0100] {dag.py:3947} INFO - Setting next_dagrun for example_setup_teardown to 2026-03-12 00:00:00+00:00, run_after=2026-03-13 00:00:00+00:00
[2026-03-13T23:31:40.926+0100] {processor.py:183} INFO - Processing /Users/harshasogala/financial-data-platform/venv/lib/python3.12/site-packages/airflow/example_dags/example_setup_teardown.py took 0.087 seconds
[2026-03-13T23:32:57.956+0100] {processor.py:161} INFO - Started process (PID=74980) to work on /Users/harshasogala/financial-data-platform/venv/lib/python3.12/site-packages/airflow/example_dags/example_setup_teardown.py
[2026-03-13T23:32:57.957+0100] {processor.py:830} INFO - Processing file /Users/harshasogala/financial-data-platform/venv/lib/python3.12/site-packages/airflow/example_dags/example_setup_teardown.py for tasks to queue
[2026-03-13T23:32:57.958+0100] {logging_mixin.py:188} INFO - [2026-03-13T23:32:57.958+0100] {dagbag.py:545} INFO - Filling up the DagBag from /Users/harshasogala/financial-data-platform/venv/lib/python3.12/site-packages/airflow/example_dags/example_setup_teardown.py
[2026-03-13T23:32:57.963+0100] {processor.py:840} INFO - DAG(s) 'example_setup_teardown' retrieved from /Users/harshasogala/financial-data-platform/venv/lib/python3.12/site-packages/airflow/example_dags/example_setup_teardown.py
[2026-03-13T23:32:58.017+0100] {logging_mixin.py:188} INFO - [2026-03-13T23:32:58.017+0100] {dag.py:3089} INFO - Sync 1 DAGs
[2026-03-13T23:32:58.026+0100] {logging_mixin.py:188} INFO - [2026-03-13T23:32:58.026+0100] {dag.py:3947} INFO - Setting next_dagrun for example_setup_teardown to 2026-03-12 00:00:00+00:00, run_after=2026-03-13 00:00:00+00:00
[2026-03-13T23:32:58.037+0100] {processor.py:183} INFO - Processing /Users/harshasogala/financial-data-platform/venv/lib/python3.12/site-packages/airflow/example_dags/example_setup_teardown.py took 0.083 seconds
