[2026-03-13T22:18:35.520+0100] {processor.py:161} INFO - Started process (PID=66016) to work on /Users/harshasogala/financial-data-platform/venv/lib/python3.12/site-packages/airflow/example_dags/example_python_operator.py
[2026-03-13T22:18:35.520+0100] {processor.py:830} INFO - Processing file /Users/harshasogala/financial-data-platform/venv/lib/python3.12/site-packages/airflow/example_dags/example_python_operator.py for tasks to queue
[2026-03-13T22:18:35.521+0100] {logging_mixin.py:188} INFO - [2026-03-13T22:18:35.520+0100] {dagbag.py:545} INFO - Filling up the DagBag from /Users/harshasogala/financial-data-platform/venv/lib/python3.12/site-packages/airflow/example_dags/example_python_operator.py
[2026-03-13T22:18:35.535+0100] {logging_mixin.py:188} INFO - [2026-03-13T22:18:35.535+0100] {example_python_operator.py:93} WARNING - The virtalenv_python example task requires virtualenv, please install it.
[2026-03-13T22:18:35.537+0100] {processor.py:840} INFO - DAG(s) 'example_python_operator' retrieved from /Users/harshasogala/financial-data-platform/venv/lib/python3.12/site-packages/airflow/example_dags/example_python_operator.py
[2026-03-13T22:18:35.636+0100] {logging_mixin.py:188} INFO - [2026-03-13T22:18:35.636+0100] {override.py:1858} INFO - Created Permission View: can delete on DAG:example_python_operator
[2026-03-13T22:18:35.641+0100] {logging_mixin.py:188} INFO - [2026-03-13T22:18:35.641+0100] {override.py:1858} INFO - Created Permission View: can read on DAG:example_python_operator
[2026-03-13T22:18:35.644+0100] {logging_mixin.py:188} INFO - [2026-03-13T22:18:35.644+0100] {override.py:1858} INFO - Created Permission View: can edit on DAG:example_python_operator
[2026-03-13T22:18:35.644+0100] {logging_mixin.py:188} INFO - [2026-03-13T22:18:35.644+0100] {dag.py:3089} INFO - Sync 1 DAGs
[2026-03-13T22:18:35.650+0100] {logging_mixin.py:188} INFO - [2026-03-13T22:18:35.650+0100] {dag.py:3111} INFO - Creating ORM DAG for example_python_operator
[2026-03-13T22:18:35.650+0100] {logging_mixin.py:188} INFO - [2026-03-13T22:18:35.650+0100] {dag.py:3947} INFO - Setting next_dagrun for example_python_operator to None, run_after=None
[2026-03-13T22:18:35.660+0100] {processor.py:183} INFO - Processing /Users/harshasogala/financial-data-platform/venv/lib/python3.12/site-packages/airflow/example_dags/example_python_operator.py took 0.142 seconds
[2026-03-13T22:20:23.822+0100] {processor.py:161} INFO - Started process (PID=66090) to work on /Users/harshasogala/financial-data-platform/venv/lib/python3.12/site-packages/airflow/example_dags/example_python_operator.py
[2026-03-13T22:20:23.823+0100] {processor.py:830} INFO - Processing file /Users/harshasogala/financial-data-platform/venv/lib/python3.12/site-packages/airflow/example_dags/example_python_operator.py for tasks to queue
[2026-03-13T22:20:23.824+0100] {logging_mixin.py:188} INFO - [2026-03-13T22:20:23.824+0100] {dagbag.py:545} INFO - Filling up the DagBag from /Users/harshasogala/financial-data-platform/venv/lib/python3.12/site-packages/airflow/example_dags/example_python_operator.py
[2026-03-13T22:20:23.838+0100] {logging_mixin.py:188} INFO - [2026-03-13T22:20:23.838+0100] {example_python_operator.py:93} WARNING - The virtalenv_python example task requires virtualenv, please install it.
[2026-03-13T22:20:23.840+0100] {processor.py:840} INFO - DAG(s) 'example_python_operator' retrieved from /Users/harshasogala/financial-data-platform/venv/lib/python3.12/site-packages/airflow/example_dags/example_python_operator.py
[2026-03-13T22:20:23.895+0100] {logging_mixin.py:188} INFO - [2026-03-13T22:20:23.894+0100] {dag.py:3089} INFO - Sync 1 DAGs
[2026-03-13T22:20:23.900+0100] {logging_mixin.py:188} INFO - [2026-03-13T22:20:23.900+0100] {dag.py:3947} INFO - Setting next_dagrun for example_python_operator to None, run_after=None
[2026-03-13T22:20:23.910+0100] {processor.py:183} INFO - Processing /Users/harshasogala/financial-data-platform/venv/lib/python3.12/site-packages/airflow/example_dags/example_python_operator.py took 0.090 seconds
[2026-03-13T22:28:27.764+0100] {processor.py:161} INFO - Started process (PID=67332) to work on /Users/harshasogala/financial-data-platform/venv/lib/python3.12/site-packages/airflow/example_dags/example_python_operator.py
[2026-03-13T22:28:27.765+0100] {processor.py:830} INFO - Processing file /Users/harshasogala/financial-data-platform/venv/lib/python3.12/site-packages/airflow/example_dags/example_python_operator.py for tasks to queue
[2026-03-13T22:28:27.766+0100] {logging_mixin.py:188} INFO - [2026-03-13T22:28:27.766+0100] {dagbag.py:545} INFO - Filling up the DagBag from /Users/harshasogala/financial-data-platform/venv/lib/python3.12/site-packages/airflow/example_dags/example_python_operator.py
[2026-03-13T22:28:27.780+0100] {logging_mixin.py:188} INFO - [2026-03-13T22:28:27.780+0100] {example_python_operator.py:93} WARNING - The virtalenv_python example task requires virtualenv, please install it.
[2026-03-13T22:28:27.782+0100] {processor.py:840} INFO - DAG(s) 'example_python_operator' retrieved from /Users/harshasogala/financial-data-platform/venv/lib/python3.12/site-packages/airflow/example_dags/example_python_operator.py
[2026-03-13T22:28:27.837+0100] {logging_mixin.py:188} INFO - [2026-03-13T22:28:27.837+0100] {dag.py:3089} INFO - Sync 1 DAGs
[2026-03-13T22:28:27.842+0100] {logging_mixin.py:188} INFO - [2026-03-13T22:28:27.842+0100] {dag.py:3947} INFO - Setting next_dagrun for example_python_operator to None, run_after=None
[2026-03-13T22:28:27.853+0100] {processor.py:183} INFO - Processing /Users/harshasogala/financial-data-platform/venv/lib/python3.12/site-packages/airflow/example_dags/example_python_operator.py took 0.090 seconds
[2026-03-13T22:29:32.987+0100] {processor.py:161} INFO - Started process (PID=67387) to work on /Users/harshasogala/financial-data-platform/venv/lib/python3.12/site-packages/airflow/example_dags/example_python_operator.py
[2026-03-13T22:29:32.988+0100] {processor.py:830} INFO - Processing file /Users/harshasogala/financial-data-platform/venv/lib/python3.12/site-packages/airflow/example_dags/example_python_operator.py for tasks to queue
[2026-03-13T22:29:32.989+0100] {logging_mixin.py:188} INFO - [2026-03-13T22:29:32.989+0100] {dagbag.py:545} INFO - Filling up the DagBag from /Users/harshasogala/financial-data-platform/venv/lib/python3.12/site-packages/airflow/example_dags/example_python_operator.py
[2026-03-13T22:29:33.003+0100] {logging_mixin.py:188} INFO - [2026-03-13T22:29:33.003+0100] {example_python_operator.py:93} WARNING - The virtalenv_python example task requires virtualenv, please install it.
[2026-03-13T22:29:33.005+0100] {processor.py:840} INFO - DAG(s) 'example_python_operator' retrieved from /Users/harshasogala/financial-data-platform/venv/lib/python3.12/site-packages/airflow/example_dags/example_python_operator.py
[2026-03-13T22:29:33.058+0100] {logging_mixin.py:188} INFO - [2026-03-13T22:29:33.058+0100] {dag.py:3089} INFO - Sync 1 DAGs
[2026-03-13T22:29:33.063+0100] {logging_mixin.py:188} INFO - [2026-03-13T22:29:33.063+0100] {dag.py:3947} INFO - Setting next_dagrun for example_python_operator to None, run_after=None
[2026-03-13T22:29:33.074+0100] {processor.py:183} INFO - Processing /Users/harshasogala/financial-data-platform/venv/lib/python3.12/site-packages/airflow/example_dags/example_python_operator.py took 0.089 seconds
[2026-03-13T22:30:40.678+0100] {processor.py:161} INFO - Started process (PID=67525) to work on /Users/harshasogala/financial-data-platform/venv/lib/python3.12/site-packages/airflow/example_dags/example_python_operator.py
[2026-03-13T22:30:40.679+0100] {processor.py:830} INFO - Processing file /Users/harshasogala/financial-data-platform/venv/lib/python3.12/site-packages/airflow/example_dags/example_python_operator.py for tasks to queue
[2026-03-13T22:30:40.679+0100] {logging_mixin.py:188} INFO - [2026-03-13T22:30:40.679+0100] {dagbag.py:545} INFO - Filling up the DagBag from /Users/harshasogala/financial-data-platform/venv/lib/python3.12/site-packages/airflow/example_dags/example_python_operator.py
[2026-03-13T22:30:40.694+0100] {logging_mixin.py:188} INFO - [2026-03-13T22:30:40.694+0100] {example_python_operator.py:93} WARNING - The virtalenv_python example task requires virtualenv, please install it.
[2026-03-13T22:30:40.696+0100] {processor.py:840} INFO - DAG(s) 'example_python_operator' retrieved from /Users/harshasogala/financial-data-platform/venv/lib/python3.12/site-packages/airflow/example_dags/example_python_operator.py
[2026-03-13T22:30:40.750+0100] {logging_mixin.py:188} INFO - [2026-03-13T22:30:40.750+0100] {dag.py:3089} INFO - Sync 1 DAGs
[2026-03-13T22:30:40.756+0100] {logging_mixin.py:188} INFO - [2026-03-13T22:30:40.755+0100] {dag.py:3947} INFO - Setting next_dagrun for example_python_operator to None, run_after=None
[2026-03-13T22:30:40.766+0100] {processor.py:183} INFO - Processing /Users/harshasogala/financial-data-platform/venv/lib/python3.12/site-packages/airflow/example_dags/example_python_operator.py took 0.090 seconds
[2026-03-13T22:32:01.956+0100] {processor.py:161} INFO - Started process (PID=68354) to work on /Users/harshasogala/financial-data-platform/venv/lib/python3.12/site-packages/airflow/example_dags/example_python_operator.py
[2026-03-13T22:32:01.957+0100] {processor.py:830} INFO - Processing file /Users/harshasogala/financial-data-platform/venv/lib/python3.12/site-packages/airflow/example_dags/example_python_operator.py for tasks to queue
[2026-03-13T22:32:01.958+0100] {logging_mixin.py:188} INFO - [2026-03-13T22:32:01.957+0100] {dagbag.py:545} INFO - Filling up the DagBag from /Users/harshasogala/financial-data-platform/venv/lib/python3.12/site-packages/airflow/example_dags/example_python_operator.py
[2026-03-13T22:32:01.971+0100] {logging_mixin.py:188} INFO - [2026-03-13T22:32:01.971+0100] {example_python_operator.py:93} WARNING - The virtalenv_python example task requires virtualenv, please install it.
[2026-03-13T22:32:01.973+0100] {processor.py:840} INFO - DAG(s) 'example_python_operator' retrieved from /Users/harshasogala/financial-data-platform/venv/lib/python3.12/site-packages/airflow/example_dags/example_python_operator.py
[2026-03-13T22:32:02.027+0100] {logging_mixin.py:188} INFO - [2026-03-13T22:32:02.027+0100] {dag.py:3089} INFO - Sync 1 DAGs
[2026-03-13T22:32:02.066+0100] {logging_mixin.py:188} INFO - [2026-03-13T22:32:02.066+0100] {dag.py:3947} INFO - Setting next_dagrun for example_python_operator to None, run_after=None
[2026-03-13T22:32:02.077+0100] {processor.py:183} INFO - Processing /Users/harshasogala/financial-data-platform/venv/lib/python3.12/site-packages/airflow/example_dags/example_python_operator.py took 0.123 seconds
[2026-03-13T22:33:23.038+0100] {processor.py:161} INFO - Started process (PID=69022) to work on /Users/harshasogala/financial-data-platform/venv/lib/python3.12/site-packages/airflow/example_dags/example_python_operator.py
[2026-03-13T22:33:23.048+0100] {processor.py:830} INFO - Processing file /Users/harshasogala/financial-data-platform/venv/lib/python3.12/site-packages/airflow/example_dags/example_python_operator.py for tasks to queue
[2026-03-13T22:33:23.049+0100] {logging_mixin.py:188} INFO - [2026-03-13T22:33:23.049+0100] {dagbag.py:545} INFO - Filling up the DagBag from /Users/harshasogala/financial-data-platform/venv/lib/python3.12/site-packages/airflow/example_dags/example_python_operator.py
[2026-03-13T22:33:23.065+0100] {logging_mixin.py:188} INFO - [2026-03-13T22:33:23.065+0100] {example_python_operator.py:93} WARNING - The virtalenv_python example task requires virtualenv, please install it.
[2026-03-13T22:33:23.067+0100] {processor.py:840} INFO - DAG(s) 'example_python_operator' retrieved from /Users/harshasogala/financial-data-platform/venv/lib/python3.12/site-packages/airflow/example_dags/example_python_operator.py
[2026-03-13T22:33:23.124+0100] {logging_mixin.py:188} INFO - [2026-03-13T22:33:23.124+0100] {dag.py:3089} INFO - Sync 1 DAGs
[2026-03-13T22:33:23.168+0100] {logging_mixin.py:188} INFO - [2026-03-13T22:33:23.168+0100] {dag.py:3947} INFO - Setting next_dagrun for example_python_operator to None, run_after=None
[2026-03-13T22:33:23.181+0100] {processor.py:183} INFO - Processing /Users/harshasogala/financial-data-platform/venv/lib/python3.12/site-packages/airflow/example_dags/example_python_operator.py took 0.145 seconds
[2026-03-13T22:34:29.548+0100] {processor.py:161} INFO - Started process (PID=69189) to work on /Users/harshasogala/financial-data-platform/venv/lib/python3.12/site-packages/airflow/example_dags/example_python_operator.py
[2026-03-13T22:34:29.549+0100] {processor.py:830} INFO - Processing file /Users/harshasogala/financial-data-platform/venv/lib/python3.12/site-packages/airflow/example_dags/example_python_operator.py for tasks to queue
[2026-03-13T22:34:29.550+0100] {logging_mixin.py:188} INFO - [2026-03-13T22:34:29.550+0100] {dagbag.py:545} INFO - Filling up the DagBag from /Users/harshasogala/financial-data-platform/venv/lib/python3.12/site-packages/airflow/example_dags/example_python_operator.py
[2026-03-13T22:34:29.563+0100] {logging_mixin.py:188} INFO - [2026-03-13T22:34:29.563+0100] {example_python_operator.py:93} WARNING - The virtalenv_python example task requires virtualenv, please install it.
[2026-03-13T22:34:29.565+0100] {processor.py:840} INFO - DAG(s) 'example_python_operator' retrieved from /Users/harshasogala/financial-data-platform/venv/lib/python3.12/site-packages/airflow/example_dags/example_python_operator.py
[2026-03-13T22:34:29.619+0100] {logging_mixin.py:188} INFO - [2026-03-13T22:34:29.619+0100] {dag.py:3089} INFO - Sync 1 DAGs
[2026-03-13T22:34:29.660+0100] {logging_mixin.py:188} INFO - [2026-03-13T22:34:29.660+0100] {dag.py:3947} INFO - Setting next_dagrun for example_python_operator to None, run_after=None
[2026-03-13T22:34:29.671+0100] {processor.py:183} INFO - Processing /Users/harshasogala/financial-data-platform/venv/lib/python3.12/site-packages/airflow/example_dags/example_python_operator.py took 0.125 seconds
[2026-03-13T22:35:45.369+0100] {processor.py:161} INFO - Started process (PID=69271) to work on /Users/harshasogala/financial-data-platform/venv/lib/python3.12/site-packages/airflow/example_dags/example_python_operator.py
[2026-03-13T22:35:45.370+0100] {processor.py:830} INFO - Processing file /Users/harshasogala/financial-data-platform/venv/lib/python3.12/site-packages/airflow/example_dags/example_python_operator.py for tasks to queue
[2026-03-13T22:35:45.370+0100] {logging_mixin.py:188} INFO - [2026-03-13T22:35:45.370+0100] {dagbag.py:545} INFO - Filling up the DagBag from /Users/harshasogala/financial-data-platform/venv/lib/python3.12/site-packages/airflow/example_dags/example_python_operator.py
[2026-03-13T22:35:45.384+0100] {logging_mixin.py:188} INFO - [2026-03-13T22:35:45.384+0100] {example_python_operator.py:93} WARNING - The virtalenv_python example task requires virtualenv, please install it.
[2026-03-13T22:35:45.386+0100] {processor.py:840} INFO - DAG(s) 'example_python_operator' retrieved from /Users/harshasogala/financial-data-platform/venv/lib/python3.12/site-packages/airflow/example_dags/example_python_operator.py
[2026-03-13T22:35:45.441+0100] {logging_mixin.py:188} INFO - [2026-03-13T22:35:45.441+0100] {dag.py:3089} INFO - Sync 1 DAGs
[2026-03-13T22:35:45.483+0100] {logging_mixin.py:188} INFO - [2026-03-13T22:35:45.483+0100] {dag.py:3947} INFO - Setting next_dagrun for example_python_operator to None, run_after=None
[2026-03-13T22:35:45.495+0100] {processor.py:183} INFO - Processing /Users/harshasogala/financial-data-platform/venv/lib/python3.12/site-packages/airflow/example_dags/example_python_operator.py took 0.128 seconds
[2026-03-13T22:36:59.179+0100] {processor.py:161} INFO - Started process (PID=69329) to work on /Users/harshasogala/financial-data-platform/venv/lib/python3.12/site-packages/airflow/example_dags/example_python_operator.py
[2026-03-13T22:36:59.179+0100] {processor.py:830} INFO - Processing file /Users/harshasogala/financial-data-platform/venv/lib/python3.12/site-packages/airflow/example_dags/example_python_operator.py for tasks to queue
[2026-03-13T22:36:59.180+0100] {logging_mixin.py:188} INFO - [2026-03-13T22:36:59.180+0100] {dagbag.py:545} INFO - Filling up the DagBag from /Users/harshasogala/financial-data-platform/venv/lib/python3.12/site-packages/airflow/example_dags/example_python_operator.py
[2026-03-13T22:36:59.196+0100] {logging_mixin.py:188} INFO - [2026-03-13T22:36:59.196+0100] {example_python_operator.py:93} WARNING - The virtalenv_python example task requires virtualenv, please install it.
[2026-03-13T22:36:59.198+0100] {processor.py:840} INFO - DAG(s) 'example_python_operator' retrieved from /Users/harshasogala/financial-data-platform/venv/lib/python3.12/site-packages/airflow/example_dags/example_python_operator.py
[2026-03-13T22:36:59.257+0100] {logging_mixin.py:188} INFO - [2026-03-13T22:36:59.257+0100] {dag.py:3089} INFO - Sync 1 DAGs
[2026-03-13T22:36:59.299+0100] {logging_mixin.py:188} INFO - [2026-03-13T22:36:59.299+0100] {dag.py:3947} INFO - Setting next_dagrun for example_python_operator to None, run_after=None
[2026-03-13T22:36:59.312+0100] {processor.py:183} INFO - Processing /Users/harshasogala/financial-data-platform/venv/lib/python3.12/site-packages/airflow/example_dags/example_python_operator.py took 0.135 seconds
[2026-03-13T22:38:12.997+0100] {processor.py:161} INFO - Started process (PID=69387) to work on /Users/harshasogala/financial-data-platform/venv/lib/python3.12/site-packages/airflow/example_dags/example_python_operator.py
[2026-03-13T22:38:12.998+0100] {processor.py:830} INFO - Processing file /Users/harshasogala/financial-data-platform/venv/lib/python3.12/site-packages/airflow/example_dags/example_python_operator.py for tasks to queue
[2026-03-13T22:38:12.998+0100] {logging_mixin.py:188} INFO - [2026-03-13T22:38:12.998+0100] {dagbag.py:545} INFO - Filling up the DagBag from /Users/harshasogala/financial-data-platform/venv/lib/python3.12/site-packages/airflow/example_dags/example_python_operator.py
[2026-03-13T22:38:13.013+0100] {logging_mixin.py:188} INFO - [2026-03-13T22:38:13.012+0100] {example_python_operator.py:93} WARNING - The virtalenv_python example task requires virtualenv, please install it.
[2026-03-13T22:38:13.015+0100] {processor.py:840} INFO - DAG(s) 'example_python_operator' retrieved from /Users/harshasogala/financial-data-platform/venv/lib/python3.12/site-packages/airflow/example_dags/example_python_operator.py
[2026-03-13T22:38:13.071+0100] {logging_mixin.py:188} INFO - [2026-03-13T22:38:13.071+0100] {dag.py:3089} INFO - Sync 1 DAGs
[2026-03-13T22:38:13.112+0100] {logging_mixin.py:188} INFO - [2026-03-13T22:38:13.111+0100] {dag.py:3947} INFO - Setting next_dagrun for example_python_operator to None, run_after=None
[2026-03-13T22:38:13.123+0100] {processor.py:183} INFO - Processing /Users/harshasogala/financial-data-platform/venv/lib/python3.12/site-packages/airflow/example_dags/example_python_operator.py took 0.128 seconds
[2026-03-13T22:39:27.313+0100] {processor.py:161} INFO - Started process (PID=69455) to work on /Users/harshasogala/financial-data-platform/venv/lib/python3.12/site-packages/airflow/example_dags/example_python_operator.py
[2026-03-13T22:39:27.314+0100] {processor.py:830} INFO - Processing file /Users/harshasogala/financial-data-platform/venv/lib/python3.12/site-packages/airflow/example_dags/example_python_operator.py for tasks to queue
[2026-03-13T22:39:27.314+0100] {logging_mixin.py:188} INFO - [2026-03-13T22:39:27.314+0100] {dagbag.py:545} INFO - Filling up the DagBag from /Users/harshasogala/financial-data-platform/venv/lib/python3.12/site-packages/airflow/example_dags/example_python_operator.py
[2026-03-13T22:39:27.328+0100] {logging_mixin.py:188} INFO - [2026-03-13T22:39:27.328+0100] {example_python_operator.py:93} WARNING - The virtalenv_python example task requires virtualenv, please install it.
[2026-03-13T22:39:27.330+0100] {processor.py:840} INFO - DAG(s) 'example_python_operator' retrieved from /Users/harshasogala/financial-data-platform/venv/lib/python3.12/site-packages/airflow/example_dags/example_python_operator.py
[2026-03-13T22:39:27.384+0100] {logging_mixin.py:188} INFO - [2026-03-13T22:39:27.384+0100] {dag.py:3089} INFO - Sync 1 DAGs
[2026-03-13T22:39:27.427+0100] {logging_mixin.py:188} INFO - [2026-03-13T22:39:27.427+0100] {dag.py:3947} INFO - Setting next_dagrun for example_python_operator to None, run_after=None
[2026-03-13T22:39:27.439+0100] {processor.py:183} INFO - Processing /Users/harshasogala/financial-data-platform/venv/lib/python3.12/site-packages/airflow/example_dags/example_python_operator.py took 0.127 seconds
[2026-03-13T22:40:49.649+0100] {processor.py:161} INFO - Started process (PID=69676) to work on /Users/harshasogala/financial-data-platform/venv/lib/python3.12/site-packages/airflow/example_dags/example_python_operator.py
[2026-03-13T22:40:49.650+0100] {processor.py:830} INFO - Processing file /Users/harshasogala/financial-data-platform/venv/lib/python3.12/site-packages/airflow/example_dags/example_python_operator.py for tasks to queue
[2026-03-13T22:40:49.651+0100] {logging_mixin.py:188} INFO - [2026-03-13T22:40:49.651+0100] {dagbag.py:545} INFO - Filling up the DagBag from /Users/harshasogala/financial-data-platform/venv/lib/python3.12/site-packages/airflow/example_dags/example_python_operator.py
[2026-03-13T22:40:49.664+0100] {logging_mixin.py:188} INFO - [2026-03-13T22:40:49.664+0100] {example_python_operator.py:93} WARNING - The virtalenv_python example task requires virtualenv, please install it.
[2026-03-13T22:40:49.666+0100] {processor.py:840} INFO - DAG(s) 'example_python_operator' retrieved from /Users/harshasogala/financial-data-platform/venv/lib/python3.12/site-packages/airflow/example_dags/example_python_operator.py
[2026-03-13T22:40:49.720+0100] {logging_mixin.py:188} INFO - [2026-03-13T22:40:49.720+0100] {dag.py:3089} INFO - Sync 1 DAGs
[2026-03-13T22:40:49.759+0100] {logging_mixin.py:188} INFO - [2026-03-13T22:40:49.759+0100] {dag.py:3947} INFO - Setting next_dagrun for example_python_operator to None, run_after=None
[2026-03-13T22:40:49.770+0100] {processor.py:183} INFO - Processing /Users/harshasogala/financial-data-platform/venv/lib/python3.12/site-packages/airflow/example_dags/example_python_operator.py took 0.123 seconds
[2026-03-13T22:42:07.872+0100] {processor.py:161} INFO - Started process (PID=69735) to work on /Users/harshasogala/financial-data-platform/venv/lib/python3.12/site-packages/airflow/example_dags/example_python_operator.py
[2026-03-13T22:42:07.873+0100] {processor.py:830} INFO - Processing file /Users/harshasogala/financial-data-platform/venv/lib/python3.12/site-packages/airflow/example_dags/example_python_operator.py for tasks to queue
[2026-03-13T22:42:07.873+0100] {logging_mixin.py:188} INFO - [2026-03-13T22:42:07.873+0100] {dagbag.py:545} INFO - Filling up the DagBag from /Users/harshasogala/financial-data-platform/venv/lib/python3.12/site-packages/airflow/example_dags/example_python_operator.py
[2026-03-13T22:42:07.887+0100] {logging_mixin.py:188} INFO - [2026-03-13T22:42:07.887+0100] {example_python_operator.py:93} WARNING - The virtalenv_python example task requires virtualenv, please install it.
[2026-03-13T22:42:07.889+0100] {processor.py:840} INFO - DAG(s) 'example_python_operator' retrieved from /Users/harshasogala/financial-data-platform/venv/lib/python3.12/site-packages/airflow/example_dags/example_python_operator.py
[2026-03-13T22:42:07.944+0100] {logging_mixin.py:188} INFO - [2026-03-13T22:42:07.944+0100] {dag.py:3089} INFO - Sync 1 DAGs
[2026-03-13T22:42:07.983+0100] {logging_mixin.py:188} INFO - [2026-03-13T22:42:07.983+0100] {dag.py:3947} INFO - Setting next_dagrun for example_python_operator to None, run_after=None
[2026-03-13T22:42:07.994+0100] {processor.py:183} INFO - Processing /Users/harshasogala/financial-data-platform/venv/lib/python3.12/site-packages/airflow/example_dags/example_python_operator.py took 0.123 seconds
[2026-03-13T22:43:25.911+0100] {processor.py:161} INFO - Started process (PID=69813) to work on /Users/harshasogala/financial-data-platform/venv/lib/python3.12/site-packages/airflow/example_dags/example_python_operator.py
[2026-03-13T22:43:25.911+0100] {processor.py:830} INFO - Processing file /Users/harshasogala/financial-data-platform/venv/lib/python3.12/site-packages/airflow/example_dags/example_python_operator.py for tasks to queue
[2026-03-13T22:43:25.912+0100] {logging_mixin.py:188} INFO - [2026-03-13T22:43:25.912+0100] {dagbag.py:545} INFO - Filling up the DagBag from /Users/harshasogala/financial-data-platform/venv/lib/python3.12/site-packages/airflow/example_dags/example_python_operator.py
[2026-03-13T22:43:25.928+0100] {logging_mixin.py:188} INFO - [2026-03-13T22:43:25.928+0100] {example_python_operator.py:93} WARNING - The virtalenv_python example task requires virtualenv, please install it.
[2026-03-13T22:43:25.930+0100] {processor.py:840} INFO - DAG(s) 'example_python_operator' retrieved from /Users/harshasogala/financial-data-platform/venv/lib/python3.12/site-packages/airflow/example_dags/example_python_operator.py
[2026-03-13T22:43:25.986+0100] {logging_mixin.py:188} INFO - [2026-03-13T22:43:25.986+0100] {dag.py:3089} INFO - Sync 1 DAGs
[2026-03-13T22:43:26.028+0100] {logging_mixin.py:188} INFO - [2026-03-13T22:43:26.028+0100] {dag.py:3947} INFO - Setting next_dagrun for example_python_operator to None, run_after=None
[2026-03-13T22:43:26.039+0100] {processor.py:183} INFO - Processing /Users/harshasogala/financial-data-platform/venv/lib/python3.12/site-packages/airflow/example_dags/example_python_operator.py took 0.131 seconds
[2026-03-13T22:44:47.896+0100] {processor.py:161} INFO - Started process (PID=70054) to work on /Users/harshasogala/financial-data-platform/venv/lib/python3.12/site-packages/airflow/example_dags/example_python_operator.py
[2026-03-13T22:44:47.897+0100] {processor.py:830} INFO - Processing file /Users/harshasogala/financial-data-platform/venv/lib/python3.12/site-packages/airflow/example_dags/example_python_operator.py for tasks to queue
[2026-03-13T22:44:47.898+0100] {logging_mixin.py:188} INFO - [2026-03-13T22:44:47.898+0100] {dagbag.py:545} INFO - Filling up the DagBag from /Users/harshasogala/financial-data-platform/venv/lib/python3.12/site-packages/airflow/example_dags/example_python_operator.py
[2026-03-13T22:44:47.912+0100] {logging_mixin.py:188} INFO - [2026-03-13T22:44:47.912+0100] {example_python_operator.py:93} WARNING - The virtalenv_python example task requires virtualenv, please install it.
[2026-03-13T22:44:47.914+0100] {processor.py:840} INFO - DAG(s) 'example_python_operator' retrieved from /Users/harshasogala/financial-data-platform/venv/lib/python3.12/site-packages/airflow/example_dags/example_python_operator.py
[2026-03-13T22:44:47.969+0100] {logging_mixin.py:188} INFO - [2026-03-13T22:44:47.969+0100] {dag.py:3089} INFO - Sync 1 DAGs
[2026-03-13T22:44:48.009+0100] {logging_mixin.py:188} INFO - [2026-03-13T22:44:48.009+0100] {dag.py:3947} INFO - Setting next_dagrun for example_python_operator to None, run_after=None
[2026-03-13T22:44:48.020+0100] {processor.py:183} INFO - Processing /Users/harshasogala/financial-data-platform/venv/lib/python3.12/site-packages/airflow/example_dags/example_python_operator.py took 0.126 seconds
[2026-03-13T22:46:20.479+0100] {processor.py:161} INFO - Started process (PID=70491) to work on /Users/harshasogala/financial-data-platform/venv/lib/python3.12/site-packages/airflow/example_dags/example_python_operator.py
[2026-03-13T22:46:20.480+0100] {processor.py:830} INFO - Processing file /Users/harshasogala/financial-data-platform/venv/lib/python3.12/site-packages/airflow/example_dags/example_python_operator.py for tasks to queue
[2026-03-13T22:46:20.480+0100] {logging_mixin.py:188} INFO - [2026-03-13T22:46:20.480+0100] {dagbag.py:545} INFO - Filling up the DagBag from /Users/harshasogala/financial-data-platform/venv/lib/python3.12/site-packages/airflow/example_dags/example_python_operator.py
[2026-03-13T22:46:20.494+0100] {logging_mixin.py:188} INFO - [2026-03-13T22:46:20.494+0100] {example_python_operator.py:93} WARNING - The virtalenv_python example task requires virtualenv, please install it.
[2026-03-13T22:46:20.496+0100] {processor.py:840} INFO - DAG(s) 'example_python_operator' retrieved from /Users/harshasogala/financial-data-platform/venv/lib/python3.12/site-packages/airflow/example_dags/example_python_operator.py
[2026-03-13T22:46:20.551+0100] {logging_mixin.py:188} INFO - [2026-03-13T22:46:20.551+0100] {dag.py:3089} INFO - Sync 1 DAGs
[2026-03-13T22:46:20.592+0100] {logging_mixin.py:188} INFO - [2026-03-13T22:46:20.592+0100] {dag.py:3947} INFO - Setting next_dagrun for example_python_operator to None, run_after=None
[2026-03-13T22:46:20.603+0100] {processor.py:183} INFO - Processing /Users/harshasogala/financial-data-platform/venv/lib/python3.12/site-packages/airflow/example_dags/example_python_operator.py took 0.126 seconds
[2026-03-13T22:47:45.003+0100] {processor.py:161} INFO - Started process (PID=71386) to work on /Users/harshasogala/financial-data-platform/venv/lib/python3.12/site-packages/airflow/example_dags/example_python_operator.py
[2026-03-13T22:47:45.003+0100] {processor.py:830} INFO - Processing file /Users/harshasogala/financial-data-platform/venv/lib/python3.12/site-packages/airflow/example_dags/example_python_operator.py for tasks to queue
[2026-03-13T22:47:45.004+0100] {logging_mixin.py:188} INFO - [2026-03-13T22:47:45.004+0100] {dagbag.py:545} INFO - Filling up the DagBag from /Users/harshasogala/financial-data-platform/venv/lib/python3.12/site-packages/airflow/example_dags/example_python_operator.py
[2026-03-13T22:47:45.018+0100] {logging_mixin.py:188} INFO - [2026-03-13T22:47:45.018+0100] {example_python_operator.py:93} WARNING - The virtalenv_python example task requires virtualenv, please install it.
[2026-03-13T22:47:45.020+0100] {processor.py:840} INFO - DAG(s) 'example_python_operator' retrieved from /Users/harshasogala/financial-data-platform/venv/lib/python3.12/site-packages/airflow/example_dags/example_python_operator.py
[2026-03-13T22:47:45.075+0100] {logging_mixin.py:188} INFO - [2026-03-13T22:47:45.075+0100] {dag.py:3089} INFO - Sync 1 DAGs
[2026-03-13T22:47:45.115+0100] {logging_mixin.py:188} INFO - [2026-03-13T22:47:45.115+0100] {dag.py:3947} INFO - Setting next_dagrun for example_python_operator to None, run_after=None
[2026-03-13T22:47:45.126+0100] {processor.py:183} INFO - Processing /Users/harshasogala/financial-data-platform/venv/lib/python3.12/site-packages/airflow/example_dags/example_python_operator.py took 0.125 seconds
[2026-03-13T22:49:02.715+0100] {processor.py:161} INFO - Started process (PID=71458) to work on /Users/harshasogala/financial-data-platform/venv/lib/python3.12/site-packages/airflow/example_dags/example_python_operator.py
[2026-03-13T22:49:02.716+0100] {processor.py:830} INFO - Processing file /Users/harshasogala/financial-data-platform/venv/lib/python3.12/site-packages/airflow/example_dags/example_python_operator.py for tasks to queue
[2026-03-13T22:49:02.717+0100] {logging_mixin.py:188} INFO - [2026-03-13T22:49:02.717+0100] {dagbag.py:545} INFO - Filling up the DagBag from /Users/harshasogala/financial-data-platform/venv/lib/python3.12/site-packages/airflow/example_dags/example_python_operator.py
[2026-03-13T22:49:02.732+0100] {logging_mixin.py:188} INFO - [2026-03-13T22:49:02.731+0100] {example_python_operator.py:93} WARNING - The virtalenv_python example task requires virtualenv, please install it.
[2026-03-13T22:49:02.734+0100] {processor.py:840} INFO - DAG(s) 'example_python_operator' retrieved from /Users/harshasogala/financial-data-platform/venv/lib/python3.12/site-packages/airflow/example_dags/example_python_operator.py
[2026-03-13T22:49:02.791+0100] {logging_mixin.py:188} INFO - [2026-03-13T22:49:02.791+0100] {dag.py:3089} INFO - Sync 1 DAGs
[2026-03-13T22:49:02.834+0100] {logging_mixin.py:188} INFO - [2026-03-13T22:49:02.834+0100] {dag.py:3947} INFO - Setting next_dagrun for example_python_operator to None, run_after=None
[2026-03-13T22:49:02.845+0100] {processor.py:183} INFO - Processing /Users/harshasogala/financial-data-platform/venv/lib/python3.12/site-packages/airflow/example_dags/example_python_operator.py took 0.132 seconds
[2026-03-13T22:50:22.878+0100] {processor.py:161} INFO - Started process (PID=71708) to work on /Users/harshasogala/financial-data-platform/venv/lib/python3.12/site-packages/airflow/example_dags/example_python_operator.py
[2026-03-13T22:50:22.880+0100] {processor.py:830} INFO - Processing file /Users/harshasogala/financial-data-platform/venv/lib/python3.12/site-packages/airflow/example_dags/example_python_operator.py for tasks to queue
[2026-03-13T22:50:22.880+0100] {logging_mixin.py:188} INFO - [2026-03-13T22:50:22.880+0100] {dagbag.py:545} INFO - Filling up the DagBag from /Users/harshasogala/financial-data-platform/venv/lib/python3.12/site-packages/airflow/example_dags/example_python_operator.py
[2026-03-13T22:50:22.906+0100] {logging_mixin.py:188} INFO - [2026-03-13T22:50:22.906+0100] {example_python_operator.py:93} WARNING - The virtalenv_python example task requires virtualenv, please install it.
[2026-03-13T22:50:22.910+0100] {processor.py:840} INFO - DAG(s) 'example_python_operator' retrieved from /Users/harshasogala/financial-data-platform/venv/lib/python3.12/site-packages/airflow/example_dags/example_python_operator.py
[2026-03-13T22:50:23.012+0100] {logging_mixin.py:188} INFO - [2026-03-13T22:50:23.011+0100] {dag.py:3089} INFO - Sync 1 DAGs
[2026-03-13T22:50:23.069+0100] {logging_mixin.py:188} INFO - [2026-03-13T22:50:23.069+0100] {dag.py:3947} INFO - Setting next_dagrun for example_python_operator to None, run_after=None
[2026-03-13T22:50:23.085+0100] {processor.py:183} INFO - Processing /Users/harshasogala/financial-data-platform/venv/lib/python3.12/site-packages/airflow/example_dags/example_python_operator.py took 0.210 seconds
[2026-03-13T22:51:51.595+0100] {processor.py:161} INFO - Started process (PID=72071) to work on /Users/harshasogala/financial-data-platform/venv/lib/python3.12/site-packages/airflow/example_dags/example_python_operator.py
[2026-03-13T22:51:51.596+0100] {processor.py:830} INFO - Processing file /Users/harshasogala/financial-data-platform/venv/lib/python3.12/site-packages/airflow/example_dags/example_python_operator.py for tasks to queue
[2026-03-13T22:51:51.597+0100] {logging_mixin.py:188} INFO - [2026-03-13T22:51:51.597+0100] {dagbag.py:545} INFO - Filling up the DagBag from /Users/harshasogala/financial-data-platform/venv/lib/python3.12/site-packages/airflow/example_dags/example_python_operator.py
[2026-03-13T22:51:51.611+0100] {logging_mixin.py:188} INFO - [2026-03-13T22:51:51.611+0100] {example_python_operator.py:93} WARNING - The virtalenv_python example task requires virtualenv, please install it.
[2026-03-13T22:51:51.614+0100] {processor.py:840} INFO - DAG(s) 'example_python_operator' retrieved from /Users/harshasogala/financial-data-platform/venv/lib/python3.12/site-packages/airflow/example_dags/example_python_operator.py
[2026-03-13T22:51:51.669+0100] {logging_mixin.py:188} INFO - [2026-03-13T22:51:51.669+0100] {dag.py:3089} INFO - Sync 1 DAGs
[2026-03-13T22:51:51.712+0100] {logging_mixin.py:188} INFO - [2026-03-13T22:51:51.712+0100] {dag.py:3947} INFO - Setting next_dagrun for example_python_operator to None, run_after=None
[2026-03-13T22:51:51.723+0100] {processor.py:183} INFO - Processing /Users/harshasogala/financial-data-platform/venv/lib/python3.12/site-packages/airflow/example_dags/example_python_operator.py took 0.129 seconds
[2026-03-13T22:53:06.938+0100] {processor.py:161} INFO - Started process (PID=72396) to work on /Users/harshasogala/financial-data-platform/venv/lib/python3.12/site-packages/airflow/example_dags/example_python_operator.py
[2026-03-13T22:53:06.939+0100] {processor.py:830} INFO - Processing file /Users/harshasogala/financial-data-platform/venv/lib/python3.12/site-packages/airflow/example_dags/example_python_operator.py for tasks to queue
[2026-03-13T22:53:06.940+0100] {logging_mixin.py:188} INFO - [2026-03-13T22:53:06.939+0100] {dagbag.py:545} INFO - Filling up the DagBag from /Users/harshasogala/financial-data-platform/venv/lib/python3.12/site-packages/airflow/example_dags/example_python_operator.py
[2026-03-13T22:53:06.954+0100] {logging_mixin.py:188} INFO - [2026-03-13T22:53:06.954+0100] {example_python_operator.py:93} WARNING - The virtalenv_python example task requires virtualenv, please install it.
[2026-03-13T22:53:06.956+0100] {processor.py:840} INFO - DAG(s) 'example_python_operator' retrieved from /Users/harshasogala/financial-data-platform/venv/lib/python3.12/site-packages/airflow/example_dags/example_python_operator.py
[2026-03-13T22:53:07.011+0100] {logging_mixin.py:188} INFO - [2026-03-13T22:53:07.010+0100] {dag.py:3089} INFO - Sync 1 DAGs
[2026-03-13T22:53:07.051+0100] {logging_mixin.py:188} INFO - [2026-03-13T22:53:07.051+0100] {dag.py:3947} INFO - Setting next_dagrun for example_python_operator to None, run_after=None
[2026-03-13T22:53:07.063+0100] {processor.py:183} INFO - Processing /Users/harshasogala/financial-data-platform/venv/lib/python3.12/site-packages/airflow/example_dags/example_python_operator.py took 0.126 seconds
[2026-03-13T22:54:30.283+0100] {processor.py:161} INFO - Started process (PID=72494) to work on /Users/harshasogala/financial-data-platform/venv/lib/python3.12/site-packages/airflow/example_dags/example_python_operator.py
[2026-03-13T22:54:30.284+0100] {processor.py:830} INFO - Processing file /Users/harshasogala/financial-data-platform/venv/lib/python3.12/site-packages/airflow/example_dags/example_python_operator.py for tasks to queue
[2026-03-13T22:54:30.284+0100] {logging_mixin.py:188} INFO - [2026-03-13T22:54:30.284+0100] {dagbag.py:545} INFO - Filling up the DagBag from /Users/harshasogala/financial-data-platform/venv/lib/python3.12/site-packages/airflow/example_dags/example_python_operator.py
[2026-03-13T22:54:30.301+0100] {logging_mixin.py:188} INFO - [2026-03-13T22:54:30.301+0100] {example_python_operator.py:93} WARNING - The virtalenv_python example task requires virtualenv, please install it.
[2026-03-13T22:54:30.303+0100] {processor.py:840} INFO - DAG(s) 'example_python_operator' retrieved from /Users/harshasogala/financial-data-platform/venv/lib/python3.12/site-packages/airflow/example_dags/example_python_operator.py
[2026-03-13T22:54:30.371+0100] {logging_mixin.py:188} INFO - [2026-03-13T22:54:30.371+0100] {dag.py:3089} INFO - Sync 1 DAGs
[2026-03-13T22:54:30.417+0100] {logging_mixin.py:188} INFO - [2026-03-13T22:54:30.416+0100] {dag.py:3947} INFO - Setting next_dagrun for example_python_operator to None, run_after=None
[2026-03-13T22:54:30.432+0100] {processor.py:183} INFO - Processing /Users/harshasogala/financial-data-platform/venv/lib/python3.12/site-packages/airflow/example_dags/example_python_operator.py took 0.151 seconds
[2026-03-13T22:55:52.769+0100] {processor.py:161} INFO - Started process (PID=72579) to work on /Users/harshasogala/financial-data-platform/venv/lib/python3.12/site-packages/airflow/example_dags/example_python_operator.py
[2026-03-13T22:55:52.770+0100] {processor.py:830} INFO - Processing file /Users/harshasogala/financial-data-platform/venv/lib/python3.12/site-packages/airflow/example_dags/example_python_operator.py for tasks to queue
[2026-03-13T22:55:52.771+0100] {logging_mixin.py:188} INFO - [2026-03-13T22:55:52.770+0100] {dagbag.py:545} INFO - Filling up the DagBag from /Users/harshasogala/financial-data-platform/venv/lib/python3.12/site-packages/airflow/example_dags/example_python_operator.py
[2026-03-13T22:55:52.796+0100] {logging_mixin.py:188} INFO - [2026-03-13T22:55:52.796+0100] {example_python_operator.py:93} WARNING - The virtalenv_python example task requires virtualenv, please install it.
[2026-03-13T22:55:52.800+0100] {processor.py:840} INFO - DAG(s) 'example_python_operator' retrieved from /Users/harshasogala/financial-data-platform/venv/lib/python3.12/site-packages/airflow/example_dags/example_python_operator.py
[2026-03-13T22:55:52.890+0100] {logging_mixin.py:188} INFO - [2026-03-13T22:55:52.890+0100] {dag.py:3089} INFO - Sync 1 DAGs
[2026-03-13T22:55:52.956+0100] {logging_mixin.py:188} INFO - [2026-03-13T22:55:52.956+0100] {dag.py:3947} INFO - Setting next_dagrun for example_python_operator to None, run_after=None
[2026-03-13T22:55:52.976+0100] {processor.py:183} INFO - Processing /Users/harshasogala/financial-data-platform/venv/lib/python3.12/site-packages/airflow/example_dags/example_python_operator.py took 0.210 seconds
[2026-03-13T22:57:14.310+0100] {processor.py:161} INFO - Started process (PID=72656) to work on /Users/harshasogala/financial-data-platform/venv/lib/python3.12/site-packages/airflow/example_dags/example_python_operator.py
[2026-03-13T22:57:14.311+0100] {processor.py:830} INFO - Processing file /Users/harshasogala/financial-data-platform/venv/lib/python3.12/site-packages/airflow/example_dags/example_python_operator.py for tasks to queue
[2026-03-13T22:57:14.311+0100] {logging_mixin.py:188} INFO - [2026-03-13T22:57:14.311+0100] {dagbag.py:545} INFO - Filling up the DagBag from /Users/harshasogala/financial-data-platform/venv/lib/python3.12/site-packages/airflow/example_dags/example_python_operator.py
[2026-03-13T22:57:14.325+0100] {logging_mixin.py:188} INFO - [2026-03-13T22:57:14.325+0100] {example_python_operator.py:93} WARNING - The virtalenv_python example task requires virtualenv, please install it.
[2026-03-13T22:57:14.327+0100] {processor.py:840} INFO - DAG(s) 'example_python_operator' retrieved from /Users/harshasogala/financial-data-platform/venv/lib/python3.12/site-packages/airflow/example_dags/example_python_operator.py
[2026-03-13T22:57:14.387+0100] {logging_mixin.py:188} INFO - [2026-03-13T22:57:14.386+0100] {dag.py:3089} INFO - Sync 1 DAGs
[2026-03-13T22:57:14.427+0100] {logging_mixin.py:188} INFO - [2026-03-13T22:57:14.426+0100] {dag.py:3947} INFO - Setting next_dagrun for example_python_operator to None, run_after=None
[2026-03-13T22:57:14.438+0100] {processor.py:183} INFO - Processing /Users/harshasogala/financial-data-platform/venv/lib/python3.12/site-packages/airflow/example_dags/example_python_operator.py took 0.129 seconds
[2026-03-13T22:58:34.464+0100] {processor.py:161} INFO - Started process (PID=72721) to work on /Users/harshasogala/financial-data-platform/venv/lib/python3.12/site-packages/airflow/example_dags/example_python_operator.py
[2026-03-13T22:58:34.465+0100] {processor.py:830} INFO - Processing file /Users/harshasogala/financial-data-platform/venv/lib/python3.12/site-packages/airflow/example_dags/example_python_operator.py for tasks to queue
[2026-03-13T22:58:34.465+0100] {logging_mixin.py:188} INFO - [2026-03-13T22:58:34.465+0100] {dagbag.py:545} INFO - Filling up the DagBag from /Users/harshasogala/financial-data-platform/venv/lib/python3.12/site-packages/airflow/example_dags/example_python_operator.py
[2026-03-13T22:58:34.480+0100] {logging_mixin.py:188} INFO - [2026-03-13T22:58:34.479+0100] {example_python_operator.py:93} WARNING - The virtalenv_python example task requires virtualenv, please install it.
[2026-03-13T22:58:34.482+0100] {processor.py:840} INFO - DAG(s) 'example_python_operator' retrieved from /Users/harshasogala/financial-data-platform/venv/lib/python3.12/site-packages/airflow/example_dags/example_python_operator.py
[2026-03-13T22:58:34.539+0100] {logging_mixin.py:188} INFO - [2026-03-13T22:58:34.538+0100] {dag.py:3089} INFO - Sync 1 DAGs
[2026-03-13T22:58:34.580+0100] {logging_mixin.py:188} INFO - [2026-03-13T22:58:34.580+0100] {dag.py:3947} INFO - Setting next_dagrun for example_python_operator to None, run_after=None
[2026-03-13T22:58:34.592+0100] {processor.py:183} INFO - Processing /Users/harshasogala/financial-data-platform/venv/lib/python3.12/site-packages/airflow/example_dags/example_python_operator.py took 0.130 seconds
[2026-03-13T22:59:54.578+0100] {processor.py:161} INFO - Started process (PID=72795) to work on /Users/harshasogala/financial-data-platform/venv/lib/python3.12/site-packages/airflow/example_dags/example_python_operator.py
[2026-03-13T22:59:54.579+0100] {processor.py:830} INFO - Processing file /Users/harshasogala/financial-data-platform/venv/lib/python3.12/site-packages/airflow/example_dags/example_python_operator.py for tasks to queue
[2026-03-13T22:59:54.579+0100] {logging_mixin.py:188} INFO - [2026-03-13T22:59:54.579+0100] {dagbag.py:545} INFO - Filling up the DagBag from /Users/harshasogala/financial-data-platform/venv/lib/python3.12/site-packages/airflow/example_dags/example_python_operator.py
[2026-03-13T22:59:54.593+0100] {logging_mixin.py:188} INFO - [2026-03-13T22:59:54.593+0100] {example_python_operator.py:93} WARNING - The virtalenv_python example task requires virtualenv, please install it.
[2026-03-13T22:59:54.595+0100] {processor.py:840} INFO - DAG(s) 'example_python_operator' retrieved from /Users/harshasogala/financial-data-platform/venv/lib/python3.12/site-packages/airflow/example_dags/example_python_operator.py
[2026-03-13T22:59:54.649+0100] {logging_mixin.py:188} INFO - [2026-03-13T22:59:54.649+0100] {dag.py:3089} INFO - Sync 1 DAGs
[2026-03-13T22:59:54.689+0100] {logging_mixin.py:188} INFO - [2026-03-13T22:59:54.689+0100] {dag.py:3947} INFO - Setting next_dagrun for example_python_operator to None, run_after=None
[2026-03-13T22:59:54.700+0100] {processor.py:183} INFO - Processing /Users/harshasogala/financial-data-platform/venv/lib/python3.12/site-packages/airflow/example_dags/example_python_operator.py took 0.123 seconds
[2026-03-13T23:01:14.679+0100] {processor.py:161} INFO - Started process (PID=72862) to work on /Users/harshasogala/financial-data-platform/venv/lib/python3.12/site-packages/airflow/example_dags/example_python_operator.py
[2026-03-13T23:01:14.679+0100] {processor.py:830} INFO - Processing file /Users/harshasogala/financial-data-platform/venv/lib/python3.12/site-packages/airflow/example_dags/example_python_operator.py for tasks to queue
[2026-03-13T23:01:14.680+0100] {logging_mixin.py:188} INFO - [2026-03-13T23:01:14.680+0100] {dagbag.py:545} INFO - Filling up the DagBag from /Users/harshasogala/financial-data-platform/venv/lib/python3.12/site-packages/airflow/example_dags/example_python_operator.py
[2026-03-13T23:01:14.694+0100] {logging_mixin.py:188} INFO - [2026-03-13T23:01:14.694+0100] {example_python_operator.py:93} WARNING - The virtalenv_python example task requires virtualenv, please install it.
[2026-03-13T23:01:14.696+0100] {processor.py:840} INFO - DAG(s) 'example_python_operator' retrieved from /Users/harshasogala/financial-data-platform/venv/lib/python3.12/site-packages/airflow/example_dags/example_python_operator.py
[2026-03-13T23:01:14.749+0100] {logging_mixin.py:188} INFO - [2026-03-13T23:01:14.749+0100] {dag.py:3089} INFO - Sync 1 DAGs
[2026-03-13T23:01:14.789+0100] {logging_mixin.py:188} INFO - [2026-03-13T23:01:14.788+0100] {dag.py:3947} INFO - Setting next_dagrun for example_python_operator to None, run_after=None
[2026-03-13T23:01:14.800+0100] {processor.py:183} INFO - Processing /Users/harshasogala/financial-data-platform/venv/lib/python3.12/site-packages/airflow/example_dags/example_python_operator.py took 0.123 seconds
[2026-03-13T23:02:33.093+0100] {processor.py:161} INFO - Started process (PID=72922) to work on /Users/harshasogala/financial-data-platform/venv/lib/python3.12/site-packages/airflow/example_dags/example_python_operator.py
[2026-03-13T23:02:33.094+0100] {processor.py:830} INFO - Processing file /Users/harshasogala/financial-data-platform/venv/lib/python3.12/site-packages/airflow/example_dags/example_python_operator.py for tasks to queue
[2026-03-13T23:02:33.094+0100] {logging_mixin.py:188} INFO - [2026-03-13T23:02:33.094+0100] {dagbag.py:545} INFO - Filling up the DagBag from /Users/harshasogala/financial-data-platform/venv/lib/python3.12/site-packages/airflow/example_dags/example_python_operator.py
[2026-03-13T23:02:33.108+0100] {logging_mixin.py:188} INFO - [2026-03-13T23:02:33.108+0100] {example_python_operator.py:93} WARNING - The virtalenv_python example task requires virtualenv, please install it.
[2026-03-13T23:02:33.110+0100] {processor.py:840} INFO - DAG(s) 'example_python_operator' retrieved from /Users/harshasogala/financial-data-platform/venv/lib/python3.12/site-packages/airflow/example_dags/example_python_operator.py
[2026-03-13T23:02:33.164+0100] {logging_mixin.py:188} INFO - [2026-03-13T23:02:33.164+0100] {dag.py:3089} INFO - Sync 1 DAGs
[2026-03-13T23:02:33.203+0100] {logging_mixin.py:188} INFO - [2026-03-13T23:02:33.203+0100] {dag.py:3947} INFO - Setting next_dagrun for example_python_operator to None, run_after=None
[2026-03-13T23:02:33.214+0100] {processor.py:183} INFO - Processing /Users/harshasogala/financial-data-platform/venv/lib/python3.12/site-packages/airflow/example_dags/example_python_operator.py took 0.123 seconds
[2026-03-13T23:03:52.751+0100] {processor.py:161} INFO - Started process (PID=72983) to work on /Users/harshasogala/financial-data-platform/venv/lib/python3.12/site-packages/airflow/example_dags/example_python_operator.py
[2026-03-13T23:03:52.753+0100] {processor.py:830} INFO - Processing file /Users/harshasogala/financial-data-platform/venv/lib/python3.12/site-packages/airflow/example_dags/example_python_operator.py for tasks to queue
[2026-03-13T23:03:52.753+0100] {logging_mixin.py:188} INFO - [2026-03-13T23:03:52.753+0100] {dagbag.py:545} INFO - Filling up the DagBag from /Users/harshasogala/financial-data-platform/venv/lib/python3.12/site-packages/airflow/example_dags/example_python_operator.py
[2026-03-13T23:03:52.767+0100] {logging_mixin.py:188} INFO - [2026-03-13T23:03:52.766+0100] {example_python_operator.py:93} WARNING - The virtalenv_python example task requires virtualenv, please install it.
[2026-03-13T23:03:52.768+0100] {processor.py:840} INFO - DAG(s) 'example_python_operator' retrieved from /Users/harshasogala/financial-data-platform/venv/lib/python3.12/site-packages/airflow/example_dags/example_python_operator.py
[2026-03-13T23:03:52.822+0100] {logging_mixin.py:188} INFO - [2026-03-13T23:03:52.822+0100] {dag.py:3089} INFO - Sync 1 DAGs
[2026-03-13T23:03:52.864+0100] {logging_mixin.py:188} INFO - [2026-03-13T23:03:52.864+0100] {dag.py:3947} INFO - Setting next_dagrun for example_python_operator to None, run_after=None
[2026-03-13T23:03:52.874+0100] {processor.py:183} INFO - Processing /Users/harshasogala/financial-data-platform/venv/lib/python3.12/site-packages/airflow/example_dags/example_python_operator.py took 0.125 seconds
[2026-03-13T23:05:09.955+0100] {processor.py:161} INFO - Started process (PID=73041) to work on /Users/harshasogala/financial-data-platform/venv/lib/python3.12/site-packages/airflow/example_dags/example_python_operator.py
[2026-03-13T23:05:09.956+0100] {processor.py:830} INFO - Processing file /Users/harshasogala/financial-data-platform/venv/lib/python3.12/site-packages/airflow/example_dags/example_python_operator.py for tasks to queue
[2026-03-13T23:05:09.957+0100] {logging_mixin.py:188} INFO - [2026-03-13T23:05:09.956+0100] {dagbag.py:545} INFO - Filling up the DagBag from /Users/harshasogala/financial-data-platform/venv/lib/python3.12/site-packages/airflow/example_dags/example_python_operator.py
[2026-03-13T23:05:09.971+0100] {logging_mixin.py:188} INFO - [2026-03-13T23:05:09.971+0100] {example_python_operator.py:93} WARNING - The virtalenv_python example task requires virtualenv, please install it.
[2026-03-13T23:05:09.973+0100] {processor.py:840} INFO - DAG(s) 'example_python_operator' retrieved from /Users/harshasogala/financial-data-platform/venv/lib/python3.12/site-packages/airflow/example_dags/example_python_operator.py
[2026-03-13T23:05:10.029+0100] {logging_mixin.py:188} INFO - [2026-03-13T23:05:10.029+0100] {dag.py:3089} INFO - Sync 1 DAGs
[2026-03-13T23:05:10.069+0100] {logging_mixin.py:188} INFO - [2026-03-13T23:05:10.069+0100] {dag.py:3947} INFO - Setting next_dagrun for example_python_operator to None, run_after=None
[2026-03-13T23:05:10.080+0100] {processor.py:183} INFO - Processing /Users/harshasogala/financial-data-platform/venv/lib/python3.12/site-packages/airflow/example_dags/example_python_operator.py took 0.127 seconds
[2026-03-13T23:06:27.080+0100] {processor.py:161} INFO - Started process (PID=73111) to work on /Users/harshasogala/financial-data-platform/venv/lib/python3.12/site-packages/airflow/example_dags/example_python_operator.py
[2026-03-13T23:06:27.081+0100] {processor.py:830} INFO - Processing file /Users/harshasogala/financial-data-platform/venv/lib/python3.12/site-packages/airflow/example_dags/example_python_operator.py for tasks to queue
[2026-03-13T23:06:27.082+0100] {logging_mixin.py:188} INFO - [2026-03-13T23:06:27.082+0100] {dagbag.py:545} INFO - Filling up the DagBag from /Users/harshasogala/financial-data-platform/venv/lib/python3.12/site-packages/airflow/example_dags/example_python_operator.py
[2026-03-13T23:06:27.097+0100] {logging_mixin.py:188} INFO - [2026-03-13T23:06:27.097+0100] {example_python_operator.py:93} WARNING - The virtalenv_python example task requires virtualenv, please install it.
[2026-03-13T23:06:27.099+0100] {processor.py:840} INFO - DAG(s) 'example_python_operator' retrieved from /Users/harshasogala/financial-data-platform/venv/lib/python3.12/site-packages/airflow/example_dags/example_python_operator.py
[2026-03-13T23:06:27.157+0100] {logging_mixin.py:188} INFO - [2026-03-13T23:06:27.157+0100] {dag.py:3089} INFO - Sync 1 DAGs
[2026-03-13T23:06:27.197+0100] {logging_mixin.py:188} INFO - [2026-03-13T23:06:27.197+0100] {dag.py:3947} INFO - Setting next_dagrun for example_python_operator to None, run_after=None
[2026-03-13T23:06:27.208+0100] {processor.py:183} INFO - Processing /Users/harshasogala/financial-data-platform/venv/lib/python3.12/site-packages/airflow/example_dags/example_python_operator.py took 0.130 seconds
[2026-03-13T23:07:50.589+0100] {processor.py:161} INFO - Started process (PID=73176) to work on /Users/harshasogala/financial-data-platform/venv/lib/python3.12/site-packages/airflow/example_dags/example_python_operator.py
[2026-03-13T23:07:50.590+0100] {processor.py:830} INFO - Processing file /Users/harshasogala/financial-data-platform/venv/lib/python3.12/site-packages/airflow/example_dags/example_python_operator.py for tasks to queue
[2026-03-13T23:07:50.591+0100] {logging_mixin.py:188} INFO - [2026-03-13T23:07:50.590+0100] {dagbag.py:545} INFO - Filling up the DagBag from /Users/harshasogala/financial-data-platform/venv/lib/python3.12/site-packages/airflow/example_dags/example_python_operator.py
[2026-03-13T23:07:50.604+0100] {logging_mixin.py:188} INFO - [2026-03-13T23:07:50.604+0100] {example_python_operator.py:93} WARNING - The virtalenv_python example task requires virtualenv, please install it.
[2026-03-13T23:07:50.606+0100] {processor.py:840} INFO - DAG(s) 'example_python_operator' retrieved from /Users/harshasogala/financial-data-platform/venv/lib/python3.12/site-packages/airflow/example_dags/example_python_operator.py
[2026-03-13T23:07:50.660+0100] {logging_mixin.py:188} INFO - [2026-03-13T23:07:50.660+0100] {dag.py:3089} INFO - Sync 1 DAGs
[2026-03-13T23:07:50.699+0100] {logging_mixin.py:188} INFO - [2026-03-13T23:07:50.699+0100] {dag.py:3947} INFO - Setting next_dagrun for example_python_operator to None, run_after=None
[2026-03-13T23:07:50.711+0100] {processor.py:183} INFO - Processing /Users/harshasogala/financial-data-platform/venv/lib/python3.12/site-packages/airflow/example_dags/example_python_operator.py took 0.123 seconds
[2026-03-13T23:09:04.474+0100] {processor.py:161} INFO - Started process (PID=73236) to work on /Users/harshasogala/financial-data-platform/venv/lib/python3.12/site-packages/airflow/example_dags/example_python_operator.py
[2026-03-13T23:09:04.476+0100] {processor.py:830} INFO - Processing file /Users/harshasogala/financial-data-platform/venv/lib/python3.12/site-packages/airflow/example_dags/example_python_operator.py for tasks to queue
[2026-03-13T23:09:04.476+0100] {logging_mixin.py:188} INFO - [2026-03-13T23:09:04.476+0100] {dagbag.py:545} INFO - Filling up the DagBag from /Users/harshasogala/financial-data-platform/venv/lib/python3.12/site-packages/airflow/example_dags/example_python_operator.py
[2026-03-13T23:09:04.490+0100] {logging_mixin.py:188} INFO - [2026-03-13T23:09:04.489+0100] {example_python_operator.py:93} WARNING - The virtalenv_python example task requires virtualenv, please install it.
[2026-03-13T23:09:04.492+0100] {processor.py:840} INFO - DAG(s) 'example_python_operator' retrieved from /Users/harshasogala/financial-data-platform/venv/lib/python3.12/site-packages/airflow/example_dags/example_python_operator.py
[2026-03-13T23:09:04.545+0100] {logging_mixin.py:188} INFO - [2026-03-13T23:09:04.545+0100] {dag.py:3089} INFO - Sync 1 DAGs
[2026-03-13T23:09:04.585+0100] {logging_mixin.py:188} INFO - [2026-03-13T23:09:04.584+0100] {dag.py:3947} INFO - Setting next_dagrun for example_python_operator to None, run_after=None
[2026-03-13T23:09:04.596+0100] {processor.py:183} INFO - Processing /Users/harshasogala/financial-data-platform/venv/lib/python3.12/site-packages/airflow/example_dags/example_python_operator.py took 0.123 seconds
[2026-03-13T23:10:16.278+0100] {processor.py:161} INFO - Started process (PID=73292) to work on /Users/harshasogala/financial-data-platform/venv/lib/python3.12/site-packages/airflow/example_dags/example_python_operator.py
[2026-03-13T23:10:16.279+0100] {processor.py:830} INFO - Processing file /Users/harshasogala/financial-data-platform/venv/lib/python3.12/site-packages/airflow/example_dags/example_python_operator.py for tasks to queue
[2026-03-13T23:10:16.279+0100] {logging_mixin.py:188} INFO - [2026-03-13T23:10:16.279+0100] {dagbag.py:545} INFO - Filling up the DagBag from /Users/harshasogala/financial-data-platform/venv/lib/python3.12/site-packages/airflow/example_dags/example_python_operator.py
[2026-03-13T23:10:16.295+0100] {logging_mixin.py:188} INFO - [2026-03-13T23:10:16.295+0100] {example_python_operator.py:93} WARNING - The virtalenv_python example task requires virtualenv, please install it.
[2026-03-13T23:10:16.297+0100] {processor.py:840} INFO - DAG(s) 'example_python_operator' retrieved from /Users/harshasogala/financial-data-platform/venv/lib/python3.12/site-packages/airflow/example_dags/example_python_operator.py
[2026-03-13T23:10:16.351+0100] {logging_mixin.py:188} INFO - [2026-03-13T23:10:16.351+0100] {dag.py:3089} INFO - Sync 1 DAGs
[2026-03-13T23:10:16.391+0100] {logging_mixin.py:188} INFO - [2026-03-13T23:10:16.391+0100] {dag.py:3947} INFO - Setting next_dagrun for example_python_operator to None, run_after=None
[2026-03-13T23:10:16.402+0100] {processor.py:183} INFO - Processing /Users/harshasogala/financial-data-platform/venv/lib/python3.12/site-packages/airflow/example_dags/example_python_operator.py took 0.126 seconds
[2026-03-13T23:11:29.873+0100] {processor.py:161} INFO - Started process (PID=73361) to work on /Users/harshasogala/financial-data-platform/venv/lib/python3.12/site-packages/airflow/example_dags/example_python_operator.py
[2026-03-13T23:11:29.874+0100] {processor.py:830} INFO - Processing file /Users/harshasogala/financial-data-platform/venv/lib/python3.12/site-packages/airflow/example_dags/example_python_operator.py for tasks to queue
[2026-03-13T23:11:29.874+0100] {logging_mixin.py:188} INFO - [2026-03-13T23:11:29.874+0100] {dagbag.py:545} INFO - Filling up the DagBag from /Users/harshasogala/financial-data-platform/venv/lib/python3.12/site-packages/airflow/example_dags/example_python_operator.py
[2026-03-13T23:11:29.888+0100] {logging_mixin.py:188} INFO - [2026-03-13T23:11:29.888+0100] {example_python_operator.py:93} WARNING - The virtalenv_python example task requires virtualenv, please install it.
[2026-03-13T23:11:29.890+0100] {processor.py:840} INFO - DAG(s) 'example_python_operator' retrieved from /Users/harshasogala/financial-data-platform/venv/lib/python3.12/site-packages/airflow/example_dags/example_python_operator.py
[2026-03-13T23:11:29.946+0100] {logging_mixin.py:188} INFO - [2026-03-13T23:11:29.946+0100] {dag.py:3089} INFO - Sync 1 DAGs
[2026-03-13T23:11:29.985+0100] {logging_mixin.py:188} INFO - [2026-03-13T23:11:29.985+0100] {dag.py:3947} INFO - Setting next_dagrun for example_python_operator to None, run_after=None
[2026-03-13T23:11:29.996+0100] {processor.py:183} INFO - Processing /Users/harshasogala/financial-data-platform/venv/lib/python3.12/site-packages/airflow/example_dags/example_python_operator.py took 0.125 seconds
[2026-03-13T23:12:43.699+0100] {processor.py:161} INFO - Started process (PID=73419) to work on /Users/harshasogala/financial-data-platform/venv/lib/python3.12/site-packages/airflow/example_dags/example_python_operator.py
[2026-03-13T23:12:43.700+0100] {processor.py:830} INFO - Processing file /Users/harshasogala/financial-data-platform/venv/lib/python3.12/site-packages/airflow/example_dags/example_python_operator.py for tasks to queue
[2026-03-13T23:12:43.700+0100] {logging_mixin.py:188} INFO - [2026-03-13T23:12:43.700+0100] {dagbag.py:545} INFO - Filling up the DagBag from /Users/harshasogala/financial-data-platform/venv/lib/python3.12/site-packages/airflow/example_dags/example_python_operator.py
[2026-03-13T23:12:43.714+0100] {logging_mixin.py:188} INFO - [2026-03-13T23:12:43.714+0100] {example_python_operator.py:93} WARNING - The virtalenv_python example task requires virtualenv, please install it.
[2026-03-13T23:12:43.716+0100] {processor.py:840} INFO - DAG(s) 'example_python_operator' retrieved from /Users/harshasogala/financial-data-platform/venv/lib/python3.12/site-packages/airflow/example_dags/example_python_operator.py
[2026-03-13T23:12:43.771+0100] {logging_mixin.py:188} INFO - [2026-03-13T23:12:43.771+0100] {dag.py:3089} INFO - Sync 1 DAGs
[2026-03-13T23:12:43.810+0100] {logging_mixin.py:188} INFO - [2026-03-13T23:12:43.810+0100] {dag.py:3947} INFO - Setting next_dagrun for example_python_operator to None, run_after=None
[2026-03-13T23:12:43.823+0100] {processor.py:183} INFO - Processing /Users/harshasogala/financial-data-platform/venv/lib/python3.12/site-packages/airflow/example_dags/example_python_operator.py took 0.126 seconds
[2026-03-13T23:13:59.733+0100] {processor.py:161} INFO - Started process (PID=73480) to work on /Users/harshasogala/financial-data-platform/venv/lib/python3.12/site-packages/airflow/example_dags/example_python_operator.py
[2026-03-13T23:13:59.734+0100] {processor.py:830} INFO - Processing file /Users/harshasogala/financial-data-platform/venv/lib/python3.12/site-packages/airflow/example_dags/example_python_operator.py for tasks to queue
[2026-03-13T23:13:59.734+0100] {logging_mixin.py:188} INFO - [2026-03-13T23:13:59.734+0100] {dagbag.py:545} INFO - Filling up the DagBag from /Users/harshasogala/financial-data-platform/venv/lib/python3.12/site-packages/airflow/example_dags/example_python_operator.py
[2026-03-13T23:13:59.748+0100] {logging_mixin.py:188} INFO - [2026-03-13T23:13:59.748+0100] {example_python_operator.py:93} WARNING - The virtalenv_python example task requires virtualenv, please install it.
[2026-03-13T23:13:59.750+0100] {processor.py:840} INFO - DAG(s) 'example_python_operator' retrieved from /Users/harshasogala/financial-data-platform/venv/lib/python3.12/site-packages/airflow/example_dags/example_python_operator.py
[2026-03-13T23:13:59.804+0100] {logging_mixin.py:188} INFO - [2026-03-13T23:13:59.804+0100] {dag.py:3089} INFO - Sync 1 DAGs
[2026-03-13T23:13:59.843+0100] {logging_mixin.py:188} INFO - [2026-03-13T23:13:59.843+0100] {dag.py:3947} INFO - Setting next_dagrun for example_python_operator to None, run_after=None
[2026-03-13T23:13:59.854+0100] {processor.py:183} INFO - Processing /Users/harshasogala/financial-data-platform/venv/lib/python3.12/site-packages/airflow/example_dags/example_python_operator.py took 0.123 seconds
[2026-03-13T23:15:13.867+0100] {processor.py:161} INFO - Started process (PID=73541) to work on /Users/harshasogala/financial-data-platform/venv/lib/python3.12/site-packages/airflow/example_dags/example_python_operator.py
[2026-03-13T23:15:13.869+0100] {processor.py:830} INFO - Processing file /Users/harshasogala/financial-data-platform/venv/lib/python3.12/site-packages/airflow/example_dags/example_python_operator.py for tasks to queue
[2026-03-13T23:15:13.869+0100] {logging_mixin.py:188} INFO - [2026-03-13T23:15:13.869+0100] {dagbag.py:545} INFO - Filling up the DagBag from /Users/harshasogala/financial-data-platform/venv/lib/python3.12/site-packages/airflow/example_dags/example_python_operator.py
[2026-03-13T23:15:13.884+0100] {logging_mixin.py:188} INFO - [2026-03-13T23:15:13.884+0100] {example_python_operator.py:93} WARNING - The virtalenv_python example task requires virtualenv, please install it.
[2026-03-13T23:15:13.886+0100] {processor.py:840} INFO - DAG(s) 'example_python_operator' retrieved from /Users/harshasogala/financial-data-platform/venv/lib/python3.12/site-packages/airflow/example_dags/example_python_operator.py
[2026-03-13T23:15:13.939+0100] {logging_mixin.py:188} INFO - [2026-03-13T23:15:13.939+0100] {dag.py:3089} INFO - Sync 1 DAGs
[2026-03-13T23:15:13.979+0100] {logging_mixin.py:188} INFO - [2026-03-13T23:15:13.978+0100] {dag.py:3947} INFO - Setting next_dagrun for example_python_operator to None, run_after=None
[2026-03-13T23:15:13.990+0100] {processor.py:183} INFO - Processing /Users/harshasogala/financial-data-platform/venv/lib/python3.12/site-packages/airflow/example_dags/example_python_operator.py took 0.124 seconds
[2026-03-13T23:16:27.634+0100] {processor.py:161} INFO - Started process (PID=73604) to work on /Users/harshasogala/financial-data-platform/venv/lib/python3.12/site-packages/airflow/example_dags/example_python_operator.py
[2026-03-13T23:16:27.635+0100] {processor.py:830} INFO - Processing file /Users/harshasogala/financial-data-platform/venv/lib/python3.12/site-packages/airflow/example_dags/example_python_operator.py for tasks to queue
[2026-03-13T23:16:27.636+0100] {logging_mixin.py:188} INFO - [2026-03-13T23:16:27.635+0100] {dagbag.py:545} INFO - Filling up the DagBag from /Users/harshasogala/financial-data-platform/venv/lib/python3.12/site-packages/airflow/example_dags/example_python_operator.py
[2026-03-13T23:16:27.650+0100] {logging_mixin.py:188} INFO - [2026-03-13T23:16:27.649+0100] {example_python_operator.py:93} WARNING - The virtalenv_python example task requires virtualenv, please install it.
[2026-03-13T23:16:27.652+0100] {processor.py:840} INFO - DAG(s) 'example_python_operator' retrieved from /Users/harshasogala/financial-data-platform/venv/lib/python3.12/site-packages/airflow/example_dags/example_python_operator.py
[2026-03-13T23:16:27.706+0100] {logging_mixin.py:188} INFO - [2026-03-13T23:16:27.706+0100] {dag.py:3089} INFO - Sync 1 DAGs
[2026-03-13T23:16:27.745+0100] {logging_mixin.py:188} INFO - [2026-03-13T23:16:27.745+0100] {dag.py:3947} INFO - Setting next_dagrun for example_python_operator to None, run_after=None
[2026-03-13T23:16:27.756+0100] {processor.py:183} INFO - Processing /Users/harshasogala/financial-data-platform/venv/lib/python3.12/site-packages/airflow/example_dags/example_python_operator.py took 0.124 seconds
[2026-03-13T23:17:45.271+0100] {processor.py:161} INFO - Started process (PID=73670) to work on /Users/harshasogala/financial-data-platform/venv/lib/python3.12/site-packages/airflow/example_dags/example_python_operator.py
[2026-03-13T23:17:45.272+0100] {processor.py:830} INFO - Processing file /Users/harshasogala/financial-data-platform/venv/lib/python3.12/site-packages/airflow/example_dags/example_python_operator.py for tasks to queue
[2026-03-13T23:17:45.272+0100] {logging_mixin.py:188} INFO - [2026-03-13T23:17:45.272+0100] {dagbag.py:545} INFO - Filling up the DagBag from /Users/harshasogala/financial-data-platform/venv/lib/python3.12/site-packages/airflow/example_dags/example_python_operator.py
[2026-03-13T23:17:45.286+0100] {logging_mixin.py:188} INFO - [2026-03-13T23:17:45.286+0100] {example_python_operator.py:93} WARNING - The virtalenv_python example task requires virtualenv, please install it.
[2026-03-13T23:17:45.288+0100] {processor.py:840} INFO - DAG(s) 'example_python_operator' retrieved from /Users/harshasogala/financial-data-platform/venv/lib/python3.12/site-packages/airflow/example_dags/example_python_operator.py
[2026-03-13T23:17:45.342+0100] {logging_mixin.py:188} INFO - [2026-03-13T23:17:45.342+0100] {dag.py:3089} INFO - Sync 1 DAGs
[2026-03-13T23:17:45.382+0100] {logging_mixin.py:188} INFO - [2026-03-13T23:17:45.382+0100] {dag.py:3947} INFO - Setting next_dagrun for example_python_operator to None, run_after=None
[2026-03-13T23:17:45.395+0100] {processor.py:183} INFO - Processing /Users/harshasogala/financial-data-platform/venv/lib/python3.12/site-packages/airflow/example_dags/example_python_operator.py took 0.126 seconds
[2026-03-13T23:19:01.304+0100] {processor.py:161} INFO - Started process (PID=73731) to work on /Users/harshasogala/financial-data-platform/venv/lib/python3.12/site-packages/airflow/example_dags/example_python_operator.py
[2026-03-13T23:19:01.305+0100] {processor.py:830} INFO - Processing file /Users/harshasogala/financial-data-platform/venv/lib/python3.12/site-packages/airflow/example_dags/example_python_operator.py for tasks to queue
[2026-03-13T23:19:01.306+0100] {logging_mixin.py:188} INFO - [2026-03-13T23:19:01.305+0100] {dagbag.py:545} INFO - Filling up the DagBag from /Users/harshasogala/financial-data-platform/venv/lib/python3.12/site-packages/airflow/example_dags/example_python_operator.py
[2026-03-13T23:19:01.320+0100] {logging_mixin.py:188} INFO - [2026-03-13T23:19:01.319+0100] {example_python_operator.py:93} WARNING - The virtalenv_python example task requires virtualenv, please install it.
[2026-03-13T23:19:01.322+0100] {processor.py:840} INFO - DAG(s) 'example_python_operator' retrieved from /Users/harshasogala/financial-data-platform/venv/lib/python3.12/site-packages/airflow/example_dags/example_python_operator.py
[2026-03-13T23:19:01.377+0100] {logging_mixin.py:188} INFO - [2026-03-13T23:19:01.376+0100] {dag.py:3089} INFO - Sync 1 DAGs
[2026-03-13T23:19:01.417+0100] {logging_mixin.py:188} INFO - [2026-03-13T23:19:01.417+0100] {dag.py:3947} INFO - Setting next_dagrun for example_python_operator to None, run_after=None
[2026-03-13T23:19:01.429+0100] {processor.py:183} INFO - Processing /Users/harshasogala/financial-data-platform/venv/lib/python3.12/site-packages/airflow/example_dags/example_python_operator.py took 0.127 seconds
[2026-03-13T23:20:18.741+0100] {processor.py:161} INFO - Started process (PID=73796) to work on /Users/harshasogala/financial-data-platform/venv/lib/python3.12/site-packages/airflow/example_dags/example_python_operator.py
[2026-03-13T23:20:18.742+0100] {processor.py:830} INFO - Processing file /Users/harshasogala/financial-data-platform/venv/lib/python3.12/site-packages/airflow/example_dags/example_python_operator.py for tasks to queue
[2026-03-13T23:20:18.742+0100] {logging_mixin.py:188} INFO - [2026-03-13T23:20:18.742+0100] {dagbag.py:545} INFO - Filling up the DagBag from /Users/harshasogala/financial-data-platform/venv/lib/python3.12/site-packages/airflow/example_dags/example_python_operator.py
[2026-03-13T23:20:18.756+0100] {logging_mixin.py:188} INFO - [2026-03-13T23:20:18.756+0100] {example_python_operator.py:93} WARNING - The virtalenv_python example task requires virtualenv, please install it.
[2026-03-13T23:20:18.758+0100] {processor.py:840} INFO - DAG(s) 'example_python_operator' retrieved from /Users/harshasogala/financial-data-platform/venv/lib/python3.12/site-packages/airflow/example_dags/example_python_operator.py
[2026-03-13T23:20:18.813+0100] {logging_mixin.py:188} INFO - [2026-03-13T23:20:18.812+0100] {dag.py:3089} INFO - Sync 1 DAGs
[2026-03-13T23:20:18.854+0100] {logging_mixin.py:188} INFO - [2026-03-13T23:20:18.854+0100] {dag.py:3947} INFO - Setting next_dagrun for example_python_operator to None, run_after=None
[2026-03-13T23:20:18.868+0100] {processor.py:183} INFO - Processing /Users/harshasogala/financial-data-platform/venv/lib/python3.12/site-packages/airflow/example_dags/example_python_operator.py took 0.128 seconds
[2026-03-13T23:21:34.006+0100] {processor.py:161} INFO - Started process (PID=73880) to work on /Users/harshasogala/financial-data-platform/venv/lib/python3.12/site-packages/airflow/example_dags/example_python_operator.py
[2026-03-13T23:21:34.007+0100] {processor.py:830} INFO - Processing file /Users/harshasogala/financial-data-platform/venv/lib/python3.12/site-packages/airflow/example_dags/example_python_operator.py for tasks to queue
[2026-03-13T23:21:34.008+0100] {logging_mixin.py:188} INFO - [2026-03-13T23:21:34.008+0100] {dagbag.py:545} INFO - Filling up the DagBag from /Users/harshasogala/financial-data-platform/venv/lib/python3.12/site-packages/airflow/example_dags/example_python_operator.py
[2026-03-13T23:21:34.021+0100] {logging_mixin.py:188} INFO - [2026-03-13T23:21:34.021+0100] {example_python_operator.py:93} WARNING - The virtalenv_python example task requires virtualenv, please install it.
[2026-03-13T23:21:34.023+0100] {processor.py:840} INFO - DAG(s) 'example_python_operator' retrieved from /Users/harshasogala/financial-data-platform/venv/lib/python3.12/site-packages/airflow/example_dags/example_python_operator.py
[2026-03-13T23:21:34.077+0100] {logging_mixin.py:188} INFO - [2026-03-13T23:21:34.077+0100] {dag.py:3089} INFO - Sync 1 DAGs
[2026-03-13T23:21:34.116+0100] {logging_mixin.py:188} INFO - [2026-03-13T23:21:34.116+0100] {dag.py:3947} INFO - Setting next_dagrun for example_python_operator to None, run_after=None
[2026-03-13T23:21:34.127+0100] {processor.py:183} INFO - Processing /Users/harshasogala/financial-data-platform/venv/lib/python3.12/site-packages/airflow/example_dags/example_python_operator.py took 0.122 seconds
[2026-03-13T23:22:47.062+0100] {processor.py:161} INFO - Started process (PID=73942) to work on /Users/harshasogala/financial-data-platform/venv/lib/python3.12/site-packages/airflow/example_dags/example_python_operator.py
[2026-03-13T23:22:47.063+0100] {processor.py:830} INFO - Processing file /Users/harshasogala/financial-data-platform/venv/lib/python3.12/site-packages/airflow/example_dags/example_python_operator.py for tasks to queue
[2026-03-13T23:22:47.063+0100] {logging_mixin.py:188} INFO - [2026-03-13T23:22:47.063+0100] {dagbag.py:545} INFO - Filling up the DagBag from /Users/harshasogala/financial-data-platform/venv/lib/python3.12/site-packages/airflow/example_dags/example_python_operator.py
[2026-03-13T23:22:47.078+0100] {logging_mixin.py:188} INFO - [2026-03-13T23:22:47.077+0100] {example_python_operator.py:93} WARNING - The virtalenv_python example task requires virtualenv, please install it.
[2026-03-13T23:22:47.080+0100] {processor.py:840} INFO - DAG(s) 'example_python_operator' retrieved from /Users/harshasogala/financial-data-platform/venv/lib/python3.12/site-packages/airflow/example_dags/example_python_operator.py
[2026-03-13T23:22:47.134+0100] {logging_mixin.py:188} INFO - [2026-03-13T23:22:47.134+0100] {dag.py:3089} INFO - Sync 1 DAGs
[2026-03-13T23:22:47.173+0100] {logging_mixin.py:188} INFO - [2026-03-13T23:22:47.173+0100] {dag.py:3947} INFO - Setting next_dagrun for example_python_operator to None, run_after=None
[2026-03-13T23:22:47.184+0100] {processor.py:183} INFO - Processing /Users/harshasogala/financial-data-platform/venv/lib/python3.12/site-packages/airflow/example_dags/example_python_operator.py took 0.124 seconds
[2026-03-13T23:24:01.978+0100] {processor.py:161} INFO - Started process (PID=74001) to work on /Users/harshasogala/financial-data-platform/venv/lib/python3.12/site-packages/airflow/example_dags/example_python_operator.py
[2026-03-13T23:24:01.979+0100] {processor.py:830} INFO - Processing file /Users/harshasogala/financial-data-platform/venv/lib/python3.12/site-packages/airflow/example_dags/example_python_operator.py for tasks to queue
[2026-03-13T23:24:01.979+0100] {logging_mixin.py:188} INFO - [2026-03-13T23:24:01.979+0100] {dagbag.py:545} INFO - Filling up the DagBag from /Users/harshasogala/financial-data-platform/venv/lib/python3.12/site-packages/airflow/example_dags/example_python_operator.py
[2026-03-13T23:24:01.993+0100] {logging_mixin.py:188} INFO - [2026-03-13T23:24:01.992+0100] {example_python_operator.py:93} WARNING - The virtalenv_python example task requires virtualenv, please install it.
[2026-03-13T23:24:01.995+0100] {processor.py:840} INFO - DAG(s) 'example_python_operator' retrieved from /Users/harshasogala/financial-data-platform/venv/lib/python3.12/site-packages/airflow/example_dags/example_python_operator.py
[2026-03-13T23:24:02.049+0100] {logging_mixin.py:188} INFO - [2026-03-13T23:24:02.048+0100] {dag.py:3089} INFO - Sync 1 DAGs
[2026-03-13T23:24:02.088+0100] {logging_mixin.py:188} INFO - [2026-03-13T23:24:02.087+0100] {dag.py:3947} INFO - Setting next_dagrun for example_python_operator to None, run_after=None
[2026-03-13T23:24:02.099+0100] {processor.py:183} INFO - Processing /Users/harshasogala/financial-data-platform/venv/lib/python3.12/site-packages/airflow/example_dags/example_python_operator.py took 0.122 seconds
[2026-03-13T23:25:18.653+0100] {processor.py:161} INFO - Started process (PID=74061) to work on /Users/harshasogala/financial-data-platform/venv/lib/python3.12/site-packages/airflow/example_dags/example_python_operator.py
[2026-03-13T23:25:18.654+0100] {processor.py:830} INFO - Processing file /Users/harshasogala/financial-data-platform/venv/lib/python3.12/site-packages/airflow/example_dags/example_python_operator.py for tasks to queue
[2026-03-13T23:25:18.654+0100] {logging_mixin.py:188} INFO - [2026-03-13T23:25:18.654+0100] {dagbag.py:545} INFO - Filling up the DagBag from /Users/harshasogala/financial-data-platform/venv/lib/python3.12/site-packages/airflow/example_dags/example_python_operator.py
[2026-03-13T23:25:18.668+0100] {logging_mixin.py:188} INFO - [2026-03-13T23:25:18.668+0100] {example_python_operator.py:93} WARNING - The virtalenv_python example task requires virtualenv, please install it.
[2026-03-13T23:25:18.670+0100] {processor.py:840} INFO - DAG(s) 'example_python_operator' retrieved from /Users/harshasogala/financial-data-platform/venv/lib/python3.12/site-packages/airflow/example_dags/example_python_operator.py
[2026-03-13T23:25:18.724+0100] {logging_mixin.py:188} INFO - [2026-03-13T23:25:18.724+0100] {dag.py:3089} INFO - Sync 1 DAGs
[2026-03-13T23:25:18.764+0100] {logging_mixin.py:188} INFO - [2026-03-13T23:25:18.764+0100] {dag.py:3947} INFO - Setting next_dagrun for example_python_operator to None, run_after=None
[2026-03-13T23:25:18.775+0100] {processor.py:183} INFO - Processing /Users/harshasogala/financial-data-platform/venv/lib/python3.12/site-packages/airflow/example_dags/example_python_operator.py took 0.124 seconds
[2026-03-13T23:26:35.311+0100] {processor.py:161} INFO - Started process (PID=74119) to work on /Users/harshasogala/financial-data-platform/venv/lib/python3.12/site-packages/airflow/example_dags/example_python_operator.py
[2026-03-13T23:26:35.313+0100] {processor.py:830} INFO - Processing file /Users/harshasogala/financial-data-platform/venv/lib/python3.12/site-packages/airflow/example_dags/example_python_operator.py for tasks to queue
[2026-03-13T23:26:35.313+0100] {logging_mixin.py:188} INFO - [2026-03-13T23:26:35.313+0100] {dagbag.py:545} INFO - Filling up the DagBag from /Users/harshasogala/financial-data-platform/venv/lib/python3.12/site-packages/airflow/example_dags/example_python_operator.py
[2026-03-13T23:26:35.327+0100] {logging_mixin.py:188} INFO - [2026-03-13T23:26:35.327+0100] {example_python_operator.py:93} WARNING - The virtalenv_python example task requires virtualenv, please install it.
[2026-03-13T23:26:35.329+0100] {processor.py:840} INFO - DAG(s) 'example_python_operator' retrieved from /Users/harshasogala/financial-data-platform/venv/lib/python3.12/site-packages/airflow/example_dags/example_python_operator.py
[2026-03-13T23:26:35.383+0100] {logging_mixin.py:188} INFO - [2026-03-13T23:26:35.382+0100] {dag.py:3089} INFO - Sync 1 DAGs
[2026-03-13T23:26:35.424+0100] {logging_mixin.py:188} INFO - [2026-03-13T23:26:35.424+0100] {dag.py:3947} INFO - Setting next_dagrun for example_python_operator to None, run_after=None
[2026-03-13T23:26:35.435+0100] {processor.py:183} INFO - Processing /Users/harshasogala/financial-data-platform/venv/lib/python3.12/site-packages/airflow/example_dags/example_python_operator.py took 0.126 seconds
[2026-03-13T23:27:54.271+0100] {processor.py:161} INFO - Started process (PID=74219) to work on /Users/harshasogala/financial-data-platform/venv/lib/python3.12/site-packages/airflow/example_dags/example_python_operator.py
[2026-03-13T23:27:54.272+0100] {processor.py:830} INFO - Processing file /Users/harshasogala/financial-data-platform/venv/lib/python3.12/site-packages/airflow/example_dags/example_python_operator.py for tasks to queue
[2026-03-13T23:27:54.272+0100] {logging_mixin.py:188} INFO - [2026-03-13T23:27:54.272+0100] {dagbag.py:545} INFO - Filling up the DagBag from /Users/harshasogala/financial-data-platform/venv/lib/python3.12/site-packages/airflow/example_dags/example_python_operator.py
[2026-03-13T23:27:54.290+0100] {logging_mixin.py:188} INFO - [2026-03-13T23:27:54.290+0100] {example_python_operator.py:93} WARNING - The virtalenv_python example task requires virtualenv, please install it.
[2026-03-13T23:27:54.293+0100] {processor.py:840} INFO - DAG(s) 'example_python_operator' retrieved from /Users/harshasogala/financial-data-platform/venv/lib/python3.12/site-packages/airflow/example_dags/example_python_operator.py
[2026-03-13T23:27:54.374+0100] {logging_mixin.py:188} INFO - [2026-03-13T23:27:54.373+0100] {dag.py:3089} INFO - Sync 1 DAGs
[2026-03-13T23:27:54.430+0100] {logging_mixin.py:188} INFO - [2026-03-13T23:27:54.430+0100] {dag.py:3947} INFO - Setting next_dagrun for example_python_operator to None, run_after=None
[2026-03-13T23:27:54.524+0100] {processor.py:183} INFO - Processing /Users/harshasogala/financial-data-platform/venv/lib/python3.12/site-packages/airflow/example_dags/example_python_operator.py took 0.256 seconds
[2026-03-13T23:29:11.352+0100] {processor.py:161} INFO - Started process (PID=74283) to work on /Users/harshasogala/financial-data-platform/venv/lib/python3.12/site-packages/airflow/example_dags/example_python_operator.py
[2026-03-13T23:29:11.353+0100] {processor.py:830} INFO - Processing file /Users/harshasogala/financial-data-platform/venv/lib/python3.12/site-packages/airflow/example_dags/example_python_operator.py for tasks to queue
[2026-03-13T23:29:11.353+0100] {logging_mixin.py:188} INFO - [2026-03-13T23:29:11.353+0100] {dagbag.py:545} INFO - Filling up the DagBag from /Users/harshasogala/financial-data-platform/venv/lib/python3.12/site-packages/airflow/example_dags/example_python_operator.py
[2026-03-13T23:29:11.367+0100] {logging_mixin.py:188} INFO - [2026-03-13T23:29:11.367+0100] {example_python_operator.py:93} WARNING - The virtalenv_python example task requires virtualenv, please install it.
[2026-03-13T23:29:11.369+0100] {processor.py:840} INFO - DAG(s) 'example_python_operator' retrieved from /Users/harshasogala/financial-data-platform/venv/lib/python3.12/site-packages/airflow/example_dags/example_python_operator.py
[2026-03-13T23:29:11.424+0100] {logging_mixin.py:188} INFO - [2026-03-13T23:29:11.424+0100] {dag.py:3089} INFO - Sync 1 DAGs
[2026-03-13T23:29:11.464+0100] {logging_mixin.py:188} INFO - [2026-03-13T23:29:11.464+0100] {dag.py:3947} INFO - Setting next_dagrun for example_python_operator to None, run_after=None
[2026-03-13T23:29:11.476+0100] {processor.py:183} INFO - Processing /Users/harshasogala/financial-data-platform/venv/lib/python3.12/site-packages/airflow/example_dags/example_python_operator.py took 0.126 seconds
[2026-03-13T23:30:26.635+0100] {processor.py:161} INFO - Started process (PID=74373) to work on /Users/harshasogala/financial-data-platform/venv/lib/python3.12/site-packages/airflow/example_dags/example_python_operator.py
[2026-03-13T23:30:26.636+0100] {processor.py:830} INFO - Processing file /Users/harshasogala/financial-data-platform/venv/lib/python3.12/site-packages/airflow/example_dags/example_python_operator.py for tasks to queue
[2026-03-13T23:30:26.637+0100] {logging_mixin.py:188} INFO - [2026-03-13T23:30:26.637+0100] {dagbag.py:545} INFO - Filling up the DagBag from /Users/harshasogala/financial-data-platform/venv/lib/python3.12/site-packages/airflow/example_dags/example_python_operator.py
[2026-03-13T23:30:26.651+0100] {logging_mixin.py:188} INFO - [2026-03-13T23:30:26.651+0100] {example_python_operator.py:93} WARNING - The virtalenv_python example task requires virtualenv, please install it.
[2026-03-13T23:30:26.653+0100] {processor.py:840} INFO - DAG(s) 'example_python_operator' retrieved from /Users/harshasogala/financial-data-platform/venv/lib/python3.12/site-packages/airflow/example_dags/example_python_operator.py
[2026-03-13T23:30:26.707+0100] {logging_mixin.py:188} INFO - [2026-03-13T23:30:26.706+0100] {dag.py:3089} INFO - Sync 1 DAGs
[2026-03-13T23:30:26.747+0100] {logging_mixin.py:188} INFO - [2026-03-13T23:30:26.746+0100] {dag.py:3947} INFO - Setting next_dagrun for example_python_operator to None, run_after=None
[2026-03-13T23:30:26.758+0100] {processor.py:183} INFO - Processing /Users/harshasogala/financial-data-platform/venv/lib/python3.12/site-packages/airflow/example_dags/example_python_operator.py took 0.124 seconds
[2026-03-13T23:31:44.765+0100] {processor.py:161} INFO - Started process (PID=74804) to work on /Users/harshasogala/financial-data-platform/venv/lib/python3.12/site-packages/airflow/example_dags/example_python_operator.py
[2026-03-13T23:31:44.766+0100] {processor.py:830} INFO - Processing file /Users/harshasogala/financial-data-platform/venv/lib/python3.12/site-packages/airflow/example_dags/example_python_operator.py for tasks to queue
[2026-03-13T23:31:44.767+0100] {logging_mixin.py:188} INFO - [2026-03-13T23:31:44.767+0100] {dagbag.py:545} INFO - Filling up the DagBag from /Users/harshasogala/financial-data-platform/venv/lib/python3.12/site-packages/airflow/example_dags/example_python_operator.py
[2026-03-13T23:31:44.781+0100] {logging_mixin.py:188} INFO - [2026-03-13T23:31:44.781+0100] {example_python_operator.py:93} WARNING - The virtalenv_python example task requires virtualenv, please install it.
[2026-03-13T23:31:44.783+0100] {processor.py:840} INFO - DAG(s) 'example_python_operator' retrieved from /Users/harshasogala/financial-data-platform/venv/lib/python3.12/site-packages/airflow/example_dags/example_python_operator.py
[2026-03-13T23:31:44.837+0100] {logging_mixin.py:188} INFO - [2026-03-13T23:31:44.837+0100] {dag.py:3089} INFO - Sync 1 DAGs
[2026-03-13T23:31:44.878+0100] {logging_mixin.py:188} INFO - [2026-03-13T23:31:44.878+0100] {dag.py:3947} INFO - Setting next_dagrun for example_python_operator to None, run_after=None
[2026-03-13T23:31:44.890+0100] {processor.py:183} INFO - Processing /Users/harshasogala/financial-data-platform/venv/lib/python3.12/site-packages/airflow/example_dags/example_python_operator.py took 0.126 seconds
[2026-03-13T23:33:01.955+0100] {processor.py:161} INFO - Started process (PID=74983) to work on /Users/harshasogala/financial-data-platform/venv/lib/python3.12/site-packages/airflow/example_dags/example_python_operator.py
[2026-03-13T23:33:01.956+0100] {processor.py:830} INFO - Processing file /Users/harshasogala/financial-data-platform/venv/lib/python3.12/site-packages/airflow/example_dags/example_python_operator.py for tasks to queue
[2026-03-13T23:33:01.956+0100] {logging_mixin.py:188} INFO - [2026-03-13T23:33:01.956+0100] {dagbag.py:545} INFO - Filling up the DagBag from /Users/harshasogala/financial-data-platform/venv/lib/python3.12/site-packages/airflow/example_dags/example_python_operator.py
[2026-03-13T23:33:01.970+0100] {logging_mixin.py:188} INFO - [2026-03-13T23:33:01.970+0100] {example_python_operator.py:93} WARNING - The virtalenv_python example task requires virtualenv, please install it.
[2026-03-13T23:33:01.972+0100] {processor.py:840} INFO - DAG(s) 'example_python_operator' retrieved from /Users/harshasogala/financial-data-platform/venv/lib/python3.12/site-packages/airflow/example_dags/example_python_operator.py
[2026-03-13T23:33:02.026+0100] {logging_mixin.py:188} INFO - [2026-03-13T23:33:02.026+0100] {dag.py:3089} INFO - Sync 1 DAGs
[2026-03-13T23:33:02.066+0100] {logging_mixin.py:188} INFO - [2026-03-13T23:33:02.066+0100] {dag.py:3947} INFO - Setting next_dagrun for example_python_operator to None, run_after=None
[2026-03-13T23:33:02.077+0100] {processor.py:183} INFO - Processing /Users/harshasogala/financial-data-platform/venv/lib/python3.12/site-packages/airflow/example_dags/example_python_operator.py took 0.124 seconds
