[2026-03-13T22:18:33.135+0100] {processor.py:161} INFO - Started process (PID=66015) to work on /Users/harshasogala/financial-data-platform/venv/lib/python3.12/site-packages/airflow/example_dags/example_sensor_decorator.py
[2026-03-13T22:18:33.135+0100] {processor.py:830} INFO - Processing file /Users/harshasogala/financial-data-platform/venv/lib/python3.12/site-packages/airflow/example_dags/example_sensor_decorator.py for tasks to queue
[2026-03-13T22:18:33.136+0100] {logging_mixin.py:188} INFO - [2026-03-13T22:18:33.135+0100] {dagbag.py:545} INFO - Filling up the DagBag from /Users/harshasogala/financial-data-platform/venv/lib/python3.12/site-packages/airflow/example_dags/example_sensor_decorator.py
[2026-03-13T22:18:33.159+0100] {processor.py:840} INFO - DAG(s) 'example_sensor_decorator' retrieved from /Users/harshasogala/financial-data-platform/venv/lib/python3.12/site-packages/airflow/example_dags/example_sensor_decorator.py
[2026-03-13T22:18:33.262+0100] {logging_mixin.py:188} INFO - [2026-03-13T22:18:33.262+0100] {override.py:1858} INFO - Created Permission View: can read on DAG:example_sensor_decorator
[2026-03-13T22:18:33.267+0100] {logging_mixin.py:188} INFO - [2026-03-13T22:18:33.267+0100] {override.py:1858} INFO - Created Permission View: can delete on DAG:example_sensor_decorator
[2026-03-13T22:18:33.270+0100] {logging_mixin.py:188} INFO - [2026-03-13T22:18:33.270+0100] {override.py:1858} INFO - Created Permission View: can edit on DAG:example_sensor_decorator
[2026-03-13T22:18:33.270+0100] {logging_mixin.py:188} INFO - [2026-03-13T22:18:33.270+0100] {dag.py:3089} INFO - Sync 1 DAGs
[2026-03-13T22:18:33.275+0100] {logging_mixin.py:188} INFO - [2026-03-13T22:18:33.275+0100] {dag.py:3111} INFO - Creating ORM DAG for example_sensor_decorator
[2026-03-13T22:18:33.276+0100] {logging_mixin.py:188} INFO - [2026-03-13T22:18:33.276+0100] {dag.py:3947} INFO - Setting next_dagrun for example_sensor_decorator to None, run_after=None
[2026-03-13T22:18:33.320+0100] {processor.py:183} INFO - Processing /Users/harshasogala/financial-data-platform/venv/lib/python3.12/site-packages/airflow/example_dags/example_sensor_decorator.py took 0.187 seconds
[2026-03-13T22:20:22.262+0100] {processor.py:161} INFO - Started process (PID=66089) to work on /Users/harshasogala/financial-data-platform/venv/lib/python3.12/site-packages/airflow/example_dags/example_sensor_decorator.py
[2026-03-13T22:20:22.263+0100] {processor.py:830} INFO - Processing file /Users/harshasogala/financial-data-platform/venv/lib/python3.12/site-packages/airflow/example_dags/example_sensor_decorator.py for tasks to queue
[2026-03-13T22:20:22.264+0100] {logging_mixin.py:188} INFO - [2026-03-13T22:20:22.264+0100] {dagbag.py:545} INFO - Filling up the DagBag from /Users/harshasogala/financial-data-platform/venv/lib/python3.12/site-packages/airflow/example_dags/example_sensor_decorator.py
[2026-03-13T22:20:22.286+0100] {processor.py:840} INFO - DAG(s) 'example_sensor_decorator' retrieved from /Users/harshasogala/financial-data-platform/venv/lib/python3.12/site-packages/airflow/example_dags/example_sensor_decorator.py
[2026-03-13T22:20:22.344+0100] {logging_mixin.py:188} INFO - [2026-03-13T22:20:22.344+0100] {dag.py:3089} INFO - Sync 1 DAGs
[2026-03-13T22:20:22.349+0100] {logging_mixin.py:188} INFO - [2026-03-13T22:20:22.349+0100] {dag.py:3947} INFO - Setting next_dagrun for example_sensor_decorator to None, run_after=None
[2026-03-13T22:20:22.359+0100] {processor.py:183} INFO - Processing /Users/harshasogala/financial-data-platform/venv/lib/python3.12/site-packages/airflow/example_dags/example_sensor_decorator.py took 0.099 seconds
[2026-03-13T22:28:26.564+0100] {processor.py:161} INFO - Started process (PID=67329) to work on /Users/harshasogala/financial-data-platform/venv/lib/python3.12/site-packages/airflow/example_dags/example_sensor_decorator.py
[2026-03-13T22:28:26.565+0100] {processor.py:830} INFO - Processing file /Users/harshasogala/financial-data-platform/venv/lib/python3.12/site-packages/airflow/example_dags/example_sensor_decorator.py for tasks to queue
[2026-03-13T22:28:26.565+0100] {logging_mixin.py:188} INFO - [2026-03-13T22:28:26.565+0100] {dagbag.py:545} INFO - Filling up the DagBag from /Users/harshasogala/financial-data-platform/venv/lib/python3.12/site-packages/airflow/example_dags/example_sensor_decorator.py
[2026-03-13T22:28:26.588+0100] {processor.py:840} INFO - DAG(s) 'example_sensor_decorator' retrieved from /Users/harshasogala/financial-data-platform/venv/lib/python3.12/site-packages/airflow/example_dags/example_sensor_decorator.py
[2026-03-13T22:28:26.649+0100] {logging_mixin.py:188} INFO - [2026-03-13T22:28:26.649+0100] {dag.py:3089} INFO - Sync 1 DAGs
[2026-03-13T22:28:26.655+0100] {logging_mixin.py:188} INFO - [2026-03-13T22:28:26.655+0100] {dag.py:3947} INFO - Setting next_dagrun for example_sensor_decorator to None, run_after=None
[2026-03-13T22:28:26.666+0100] {processor.py:183} INFO - Processing /Users/harshasogala/financial-data-platform/venv/lib/python3.12/site-packages/airflow/example_dags/example_sensor_decorator.py took 0.104 seconds
[2026-03-13T22:29:31.783+0100] {processor.py:161} INFO - Started process (PID=67386) to work on /Users/harshasogala/financial-data-platform/venv/lib/python3.12/site-packages/airflow/example_dags/example_sensor_decorator.py
[2026-03-13T22:29:31.784+0100] {processor.py:830} INFO - Processing file /Users/harshasogala/financial-data-platform/venv/lib/python3.12/site-packages/airflow/example_dags/example_sensor_decorator.py for tasks to queue
[2026-03-13T22:29:31.785+0100] {logging_mixin.py:188} INFO - [2026-03-13T22:29:31.785+0100] {dagbag.py:545} INFO - Filling up the DagBag from /Users/harshasogala/financial-data-platform/venv/lib/python3.12/site-packages/airflow/example_dags/example_sensor_decorator.py
[2026-03-13T22:29:31.808+0100] {processor.py:840} INFO - DAG(s) 'example_sensor_decorator' retrieved from /Users/harshasogala/financial-data-platform/venv/lib/python3.12/site-packages/airflow/example_dags/example_sensor_decorator.py
[2026-03-13T22:29:31.869+0100] {logging_mixin.py:188} INFO - [2026-03-13T22:29:31.868+0100] {dag.py:3089} INFO - Sync 1 DAGs
[2026-03-13T22:29:31.874+0100] {logging_mixin.py:188} INFO - [2026-03-13T22:29:31.874+0100] {dag.py:3947} INFO - Setting next_dagrun for example_sensor_decorator to None, run_after=None
[2026-03-13T22:29:31.885+0100] {processor.py:183} INFO - Processing /Users/harshasogala/financial-data-platform/venv/lib/python3.12/site-packages/airflow/example_dags/example_sensor_decorator.py took 0.103 seconds
[2026-03-13T22:30:39.483+0100] {processor.py:161} INFO - Started process (PID=67524) to work on /Users/harshasogala/financial-data-platform/venv/lib/python3.12/site-packages/airflow/example_dags/example_sensor_decorator.py
[2026-03-13T22:30:39.485+0100] {processor.py:830} INFO - Processing file /Users/harshasogala/financial-data-platform/venv/lib/python3.12/site-packages/airflow/example_dags/example_sensor_decorator.py for tasks to queue
[2026-03-13T22:30:39.485+0100] {logging_mixin.py:188} INFO - [2026-03-13T22:30:39.485+0100] {dagbag.py:545} INFO - Filling up the DagBag from /Users/harshasogala/financial-data-platform/venv/lib/python3.12/site-packages/airflow/example_dags/example_sensor_decorator.py
[2026-03-13T22:30:39.508+0100] {processor.py:840} INFO - DAG(s) 'example_sensor_decorator' retrieved from /Users/harshasogala/financial-data-platform/venv/lib/python3.12/site-packages/airflow/example_dags/example_sensor_decorator.py
[2026-03-13T22:30:39.568+0100] {logging_mixin.py:188} INFO - [2026-03-13T22:30:39.567+0100] {dag.py:3089} INFO - Sync 1 DAGs
[2026-03-13T22:30:39.573+0100] {logging_mixin.py:188} INFO - [2026-03-13T22:30:39.573+0100] {dag.py:3947} INFO - Setting next_dagrun for example_sensor_decorator to None, run_after=None
[2026-03-13T22:30:39.584+0100] {processor.py:183} INFO - Processing /Users/harshasogala/financial-data-platform/venv/lib/python3.12/site-packages/airflow/example_dags/example_sensor_decorator.py took 0.102 seconds
[2026-03-13T22:32:00.591+0100] {processor.py:161} INFO - Started process (PID=68351) to work on /Users/harshasogala/financial-data-platform/venv/lib/python3.12/site-packages/airflow/example_dags/example_sensor_decorator.py
[2026-03-13T22:32:00.592+0100] {processor.py:830} INFO - Processing file /Users/harshasogala/financial-data-platform/venv/lib/python3.12/site-packages/airflow/example_dags/example_sensor_decorator.py for tasks to queue
[2026-03-13T22:32:00.592+0100] {logging_mixin.py:188} INFO - [2026-03-13T22:32:00.592+0100] {dagbag.py:545} INFO - Filling up the DagBag from /Users/harshasogala/financial-data-platform/venv/lib/python3.12/site-packages/airflow/example_dags/example_sensor_decorator.py
[2026-03-13T22:32:00.614+0100] {processor.py:840} INFO - DAG(s) 'example_sensor_decorator' retrieved from /Users/harshasogala/financial-data-platform/venv/lib/python3.12/site-packages/airflow/example_dags/example_sensor_decorator.py
[2026-03-13T22:32:00.707+0100] {logging_mixin.py:188} INFO - [2026-03-13T22:32:00.706+0100] {dag.py:3089} INFO - Sync 1 DAGs
[2026-03-13T22:32:00.712+0100] {logging_mixin.py:188} INFO - [2026-03-13T22:32:00.712+0100] {dag.py:3947} INFO - Setting next_dagrun for example_sensor_decorator to None, run_after=None
[2026-03-13T22:32:00.723+0100] {processor.py:183} INFO - Processing /Users/harshasogala/financial-data-platform/venv/lib/python3.12/site-packages/airflow/example_dags/example_sensor_decorator.py took 0.134 seconds
[2026-03-13T22:33:21.389+0100] {processor.py:161} INFO - Started process (PID=69019) to work on /Users/harshasogala/financial-data-platform/venv/lib/python3.12/site-packages/airflow/example_dags/example_sensor_decorator.py
[2026-03-13T22:33:21.390+0100] {processor.py:830} INFO - Processing file /Users/harshasogala/financial-data-platform/venv/lib/python3.12/site-packages/airflow/example_dags/example_sensor_decorator.py for tasks to queue
[2026-03-13T22:33:21.390+0100] {logging_mixin.py:188} INFO - [2026-03-13T22:33:21.390+0100] {dagbag.py:545} INFO - Filling up the DagBag from /Users/harshasogala/financial-data-platform/venv/lib/python3.12/site-packages/airflow/example_dags/example_sensor_decorator.py
[2026-03-13T22:33:21.422+0100] {processor.py:840} INFO - DAG(s) 'example_sensor_decorator' retrieved from /Users/harshasogala/financial-data-platform/venv/lib/python3.12/site-packages/airflow/example_dags/example_sensor_decorator.py
[2026-03-13T22:33:21.532+0100] {logging_mixin.py:188} INFO - [2026-03-13T22:33:21.531+0100] {dag.py:3089} INFO - Sync 1 DAGs
[2026-03-13T22:33:21.538+0100] {logging_mixin.py:188} INFO - [2026-03-13T22:33:21.538+0100] {dag.py:3947} INFO - Setting next_dagrun for example_sensor_decorator to None, run_after=None
[2026-03-13T22:33:21.550+0100] {processor.py:183} INFO - Processing /Users/harshasogala/financial-data-platform/venv/lib/python3.12/site-packages/airflow/example_dags/example_sensor_decorator.py took 0.163 seconds
[2026-03-13T22:34:28.229+0100] {processor.py:161} INFO - Started process (PID=69188) to work on /Users/harshasogala/financial-data-platform/venv/lib/python3.12/site-packages/airflow/example_dags/example_sensor_decorator.py
[2026-03-13T22:34:28.230+0100] {processor.py:830} INFO - Processing file /Users/harshasogala/financial-data-platform/venv/lib/python3.12/site-packages/airflow/example_dags/example_sensor_decorator.py for tasks to queue
[2026-03-13T22:34:28.231+0100] {logging_mixin.py:188} INFO - [2026-03-13T22:34:28.230+0100] {dagbag.py:545} INFO - Filling up the DagBag from /Users/harshasogala/financial-data-platform/venv/lib/python3.12/site-packages/airflow/example_dags/example_sensor_decorator.py
[2026-03-13T22:34:28.254+0100] {processor.py:840} INFO - DAG(s) 'example_sensor_decorator' retrieved from /Users/harshasogala/financial-data-platform/venv/lib/python3.12/site-packages/airflow/example_dags/example_sensor_decorator.py
[2026-03-13T22:34:28.349+0100] {logging_mixin.py:188} INFO - [2026-03-13T22:34:28.348+0100] {dag.py:3089} INFO - Sync 1 DAGs
[2026-03-13T22:34:28.354+0100] {logging_mixin.py:188} INFO - [2026-03-13T22:34:28.354+0100] {dag.py:3947} INFO - Setting next_dagrun for example_sensor_decorator to None, run_after=None
[2026-03-13T22:34:28.365+0100] {processor.py:183} INFO - Processing /Users/harshasogala/financial-data-platform/venv/lib/python3.12/site-packages/airflow/example_dags/example_sensor_decorator.py took 0.137 seconds
[2026-03-13T22:35:44.018+0100] {processor.py:161} INFO - Started process (PID=69249) to work on /Users/harshasogala/financial-data-platform/venv/lib/python3.12/site-packages/airflow/example_dags/example_sensor_decorator.py
[2026-03-13T22:35:44.019+0100] {processor.py:830} INFO - Processing file /Users/harshasogala/financial-data-platform/venv/lib/python3.12/site-packages/airflow/example_dags/example_sensor_decorator.py for tasks to queue
[2026-03-13T22:35:44.020+0100] {logging_mixin.py:188} INFO - [2026-03-13T22:35:44.020+0100] {dagbag.py:545} INFO - Filling up the DagBag from /Users/harshasogala/financial-data-platform/venv/lib/python3.12/site-packages/airflow/example_dags/example_sensor_decorator.py
[2026-03-13T22:35:44.046+0100] {processor.py:840} INFO - DAG(s) 'example_sensor_decorator' retrieved from /Users/harshasogala/financial-data-platform/venv/lib/python3.12/site-packages/airflow/example_dags/example_sensor_decorator.py
[2026-03-13T22:35:44.143+0100] {logging_mixin.py:188} INFO - [2026-03-13T22:35:44.142+0100] {dag.py:3089} INFO - Sync 1 DAGs
[2026-03-13T22:35:44.148+0100] {logging_mixin.py:188} INFO - [2026-03-13T22:35:44.148+0100] {dag.py:3947} INFO - Setting next_dagrun for example_sensor_decorator to None, run_after=None
[2026-03-13T22:35:44.160+0100] {processor.py:183} INFO - Processing /Users/harshasogala/financial-data-platform/venv/lib/python3.12/site-packages/airflow/example_dags/example_sensor_decorator.py took 0.144 seconds
[2026-03-13T22:36:57.695+0100] {processor.py:161} INFO - Started process (PID=69327) to work on /Users/harshasogala/financial-data-platform/venv/lib/python3.12/site-packages/airflow/example_dags/example_sensor_decorator.py
[2026-03-13T22:36:57.697+0100] {processor.py:830} INFO - Processing file /Users/harshasogala/financial-data-platform/venv/lib/python3.12/site-packages/airflow/example_dags/example_sensor_decorator.py for tasks to queue
[2026-03-13T22:36:57.697+0100] {logging_mixin.py:188} INFO - [2026-03-13T22:36:57.697+0100] {dagbag.py:545} INFO - Filling up the DagBag from /Users/harshasogala/financial-data-platform/venv/lib/python3.12/site-packages/airflow/example_dags/example_sensor_decorator.py
[2026-03-13T22:36:57.722+0100] {processor.py:840} INFO - DAG(s) 'example_sensor_decorator' retrieved from /Users/harshasogala/financial-data-platform/venv/lib/python3.12/site-packages/airflow/example_dags/example_sensor_decorator.py
[2026-03-13T22:36:57.861+0100] {logging_mixin.py:188} INFO - [2026-03-13T22:36:57.861+0100] {dag.py:3089} INFO - Sync 1 DAGs
[2026-03-13T22:36:57.905+0100] {logging_mixin.py:188} INFO - [2026-03-13T22:36:57.905+0100] {dag.py:3947} INFO - Setting next_dagrun for example_sensor_decorator to None, run_after=None
[2026-03-13T22:36:57.926+0100] {processor.py:183} INFO - Processing /Users/harshasogala/financial-data-platform/venv/lib/python3.12/site-packages/airflow/example_dags/example_sensor_decorator.py took 0.232 seconds
[2026-03-13T22:38:11.530+0100] {processor.py:161} INFO - Started process (PID=69385) to work on /Users/harshasogala/financial-data-platform/venv/lib/python3.12/site-packages/airflow/example_dags/example_sensor_decorator.py
[2026-03-13T22:38:11.531+0100] {processor.py:830} INFO - Processing file /Users/harshasogala/financial-data-platform/venv/lib/python3.12/site-packages/airflow/example_dags/example_sensor_decorator.py for tasks to queue
[2026-03-13T22:38:11.532+0100] {logging_mixin.py:188} INFO - [2026-03-13T22:38:11.532+0100] {dagbag.py:545} INFO - Filling up the DagBag from /Users/harshasogala/financial-data-platform/venv/lib/python3.12/site-packages/airflow/example_dags/example_sensor_decorator.py
[2026-03-13T22:38:11.555+0100] {processor.py:840} INFO - DAG(s) 'example_sensor_decorator' retrieved from /Users/harshasogala/financial-data-platform/venv/lib/python3.12/site-packages/airflow/example_dags/example_sensor_decorator.py
[2026-03-13T22:38:11.650+0100] {logging_mixin.py:188} INFO - [2026-03-13T22:38:11.649+0100] {dag.py:3089} INFO - Sync 1 DAGs
[2026-03-13T22:38:11.656+0100] {logging_mixin.py:188} INFO - [2026-03-13T22:38:11.655+0100] {dag.py:3947} INFO - Setting next_dagrun for example_sensor_decorator to None, run_after=None
[2026-03-13T22:38:11.666+0100] {processor.py:183} INFO - Processing /Users/harshasogala/financial-data-platform/venv/lib/python3.12/site-packages/airflow/example_dags/example_sensor_decorator.py took 0.138 seconds
[2026-03-13T22:39:25.919+0100] {processor.py:161} INFO - Started process (PID=69454) to work on /Users/harshasogala/financial-data-platform/venv/lib/python3.12/site-packages/airflow/example_dags/example_sensor_decorator.py
[2026-03-13T22:39:25.920+0100] {processor.py:830} INFO - Processing file /Users/harshasogala/financial-data-platform/venv/lib/python3.12/site-packages/airflow/example_dags/example_sensor_decorator.py for tasks to queue
[2026-03-13T22:39:25.920+0100] {logging_mixin.py:188} INFO - [2026-03-13T22:39:25.920+0100] {dagbag.py:545} INFO - Filling up the DagBag from /Users/harshasogala/financial-data-platform/venv/lib/python3.12/site-packages/airflow/example_dags/example_sensor_decorator.py
[2026-03-13T22:39:25.944+0100] {processor.py:840} INFO - DAG(s) 'example_sensor_decorator' retrieved from /Users/harshasogala/financial-data-platform/venv/lib/python3.12/site-packages/airflow/example_dags/example_sensor_decorator.py
[2026-03-13T22:39:26.057+0100] {logging_mixin.py:188} INFO - [2026-03-13T22:39:26.056+0100] {dag.py:3089} INFO - Sync 1 DAGs
[2026-03-13T22:39:26.064+0100] {logging_mixin.py:188} INFO - [2026-03-13T22:39:26.064+0100] {dag.py:3947} INFO - Setting next_dagrun for example_sensor_decorator to None, run_after=None
[2026-03-13T22:39:26.080+0100] {processor.py:183} INFO - Processing /Users/harshasogala/financial-data-platform/venv/lib/python3.12/site-packages/airflow/example_dags/example_sensor_decorator.py took 0.164 seconds
[2026-03-13T22:40:48.364+0100] {processor.py:161} INFO - Started process (PID=69675) to work on /Users/harshasogala/financial-data-platform/venv/lib/python3.12/site-packages/airflow/example_dags/example_sensor_decorator.py
[2026-03-13T22:40:48.365+0100] {processor.py:830} INFO - Processing file /Users/harshasogala/financial-data-platform/venv/lib/python3.12/site-packages/airflow/example_dags/example_sensor_decorator.py for tasks to queue
[2026-03-13T22:40:48.365+0100] {logging_mixin.py:188} INFO - [2026-03-13T22:40:48.365+0100] {dagbag.py:545} INFO - Filling up the DagBag from /Users/harshasogala/financial-data-platform/venv/lib/python3.12/site-packages/airflow/example_dags/example_sensor_decorator.py
[2026-03-13T22:40:48.388+0100] {processor.py:840} INFO - DAG(s) 'example_sensor_decorator' retrieved from /Users/harshasogala/financial-data-platform/venv/lib/python3.12/site-packages/airflow/example_dags/example_sensor_decorator.py
[2026-03-13T22:40:48.480+0100] {logging_mixin.py:188} INFO - [2026-03-13T22:40:48.480+0100] {dag.py:3089} INFO - Sync 1 DAGs
[2026-03-13T22:40:48.486+0100] {logging_mixin.py:188} INFO - [2026-03-13T22:40:48.485+0100] {dag.py:3947} INFO - Setting next_dagrun for example_sensor_decorator to None, run_after=None
[2026-03-13T22:40:48.496+0100] {processor.py:183} INFO - Processing /Users/harshasogala/financial-data-platform/venv/lib/python3.12/site-packages/airflow/example_dags/example_sensor_decorator.py took 0.134 seconds
[2026-03-13T22:42:06.578+0100] {processor.py:161} INFO - Started process (PID=69734) to work on /Users/harshasogala/financial-data-platform/venv/lib/python3.12/site-packages/airflow/example_dags/example_sensor_decorator.py
[2026-03-13T22:42:06.579+0100] {processor.py:830} INFO - Processing file /Users/harshasogala/financial-data-platform/venv/lib/python3.12/site-packages/airflow/example_dags/example_sensor_decorator.py for tasks to queue
[2026-03-13T22:42:06.580+0100] {logging_mixin.py:188} INFO - [2026-03-13T22:42:06.579+0100] {dagbag.py:545} INFO - Filling up the DagBag from /Users/harshasogala/financial-data-platform/venv/lib/python3.12/site-packages/airflow/example_dags/example_sensor_decorator.py
[2026-03-13T22:42:06.603+0100] {processor.py:840} INFO - DAG(s) 'example_sensor_decorator' retrieved from /Users/harshasogala/financial-data-platform/venv/lib/python3.12/site-packages/airflow/example_dags/example_sensor_decorator.py
[2026-03-13T22:42:06.697+0100] {logging_mixin.py:188} INFO - [2026-03-13T22:42:06.697+0100] {dag.py:3089} INFO - Sync 1 DAGs
[2026-03-13T22:42:06.702+0100] {logging_mixin.py:188} INFO - [2026-03-13T22:42:06.702+0100] {dag.py:3947} INFO - Setting next_dagrun for example_sensor_decorator to None, run_after=None
[2026-03-13T22:42:06.713+0100] {processor.py:183} INFO - Processing /Users/harshasogala/financial-data-platform/venv/lib/python3.12/site-packages/airflow/example_dags/example_sensor_decorator.py took 0.137 seconds
[2026-03-13T22:43:24.443+0100] {processor.py:161} INFO - Started process (PID=69812) to work on /Users/harshasogala/financial-data-platform/venv/lib/python3.12/site-packages/airflow/example_dags/example_sensor_decorator.py
[2026-03-13T22:43:24.444+0100] {processor.py:830} INFO - Processing file /Users/harshasogala/financial-data-platform/venv/lib/python3.12/site-packages/airflow/example_dags/example_sensor_decorator.py for tasks to queue
[2026-03-13T22:43:24.444+0100] {logging_mixin.py:188} INFO - [2026-03-13T22:43:24.444+0100] {dagbag.py:545} INFO - Filling up the DagBag from /Users/harshasogala/financial-data-platform/venv/lib/python3.12/site-packages/airflow/example_dags/example_sensor_decorator.py
[2026-03-13T22:43:24.469+0100] {processor.py:840} INFO - DAG(s) 'example_sensor_decorator' retrieved from /Users/harshasogala/financial-data-platform/venv/lib/python3.12/site-packages/airflow/example_dags/example_sensor_decorator.py
[2026-03-13T22:43:24.563+0100] {logging_mixin.py:188} INFO - [2026-03-13T22:43:24.563+0100] {dag.py:3089} INFO - Sync 1 DAGs
[2026-03-13T22:43:24.570+0100] {logging_mixin.py:188} INFO - [2026-03-13T22:43:24.570+0100] {dag.py:3947} INFO - Setting next_dagrun for example_sensor_decorator to None, run_after=None
[2026-03-13T22:43:24.581+0100] {processor.py:183} INFO - Processing /Users/harshasogala/financial-data-platform/venv/lib/python3.12/site-packages/airflow/example_dags/example_sensor_decorator.py took 0.139 seconds
[2026-03-13T22:44:46.557+0100] {processor.py:161} INFO - Started process (PID=70053) to work on /Users/harshasogala/financial-data-platform/venv/lib/python3.12/site-packages/airflow/example_dags/example_sensor_decorator.py
[2026-03-13T22:44:46.557+0100] {processor.py:830} INFO - Processing file /Users/harshasogala/financial-data-platform/venv/lib/python3.12/site-packages/airflow/example_dags/example_sensor_decorator.py for tasks to queue
[2026-03-13T22:44:46.558+0100] {logging_mixin.py:188} INFO - [2026-03-13T22:44:46.558+0100] {dagbag.py:545} INFO - Filling up the DagBag from /Users/harshasogala/financial-data-platform/venv/lib/python3.12/site-packages/airflow/example_dags/example_sensor_decorator.py
[2026-03-13T22:44:46.582+0100] {processor.py:840} INFO - DAG(s) 'example_sensor_decorator' retrieved from /Users/harshasogala/financial-data-platform/venv/lib/python3.12/site-packages/airflow/example_dags/example_sensor_decorator.py
[2026-03-13T22:44:46.682+0100] {logging_mixin.py:188} INFO - [2026-03-13T22:44:46.682+0100] {dag.py:3089} INFO - Sync 1 DAGs
[2026-03-13T22:44:46.688+0100] {logging_mixin.py:188} INFO - [2026-03-13T22:44:46.688+0100] {dag.py:3947} INFO - Setting next_dagrun for example_sensor_decorator to None, run_after=None
[2026-03-13T22:44:46.700+0100] {processor.py:183} INFO - Processing /Users/harshasogala/financial-data-platform/venv/lib/python3.12/site-packages/airflow/example_dags/example_sensor_decorator.py took 0.145 seconds
[2026-03-13T22:46:19.095+0100] {processor.py:161} INFO - Started process (PID=70486) to work on /Users/harshasogala/financial-data-platform/venv/lib/python3.12/site-packages/airflow/example_dags/example_sensor_decorator.py
[2026-03-13T22:46:19.096+0100] {processor.py:830} INFO - Processing file /Users/harshasogala/financial-data-platform/venv/lib/python3.12/site-packages/airflow/example_dags/example_sensor_decorator.py for tasks to queue
[2026-03-13T22:46:19.096+0100] {logging_mixin.py:188} INFO - [2026-03-13T22:46:19.096+0100] {dagbag.py:545} INFO - Filling up the DagBag from /Users/harshasogala/financial-data-platform/venv/lib/python3.12/site-packages/airflow/example_dags/example_sensor_decorator.py
[2026-03-13T22:46:19.119+0100] {processor.py:840} INFO - DAG(s) 'example_sensor_decorator' retrieved from /Users/harshasogala/financial-data-platform/venv/lib/python3.12/site-packages/airflow/example_dags/example_sensor_decorator.py
[2026-03-13T22:46:19.211+0100] {logging_mixin.py:188} INFO - [2026-03-13T22:46:19.210+0100] {dag.py:3089} INFO - Sync 1 DAGs
[2026-03-13T22:46:19.216+0100] {logging_mixin.py:188} INFO - [2026-03-13T22:46:19.216+0100] {dag.py:3947} INFO - Setting next_dagrun for example_sensor_decorator to None, run_after=None
[2026-03-13T22:46:19.227+0100] {processor.py:183} INFO - Processing /Users/harshasogala/financial-data-platform/venv/lib/python3.12/site-packages/airflow/example_dags/example_sensor_decorator.py took 0.134 seconds
[2026-03-13T22:47:43.692+0100] {processor.py:161} INFO - Started process (PID=71385) to work on /Users/harshasogala/financial-data-platform/venv/lib/python3.12/site-packages/airflow/example_dags/example_sensor_decorator.py
[2026-03-13T22:47:43.693+0100] {processor.py:830} INFO - Processing file /Users/harshasogala/financial-data-platform/venv/lib/python3.12/site-packages/airflow/example_dags/example_sensor_decorator.py for tasks to queue
[2026-03-13T22:47:43.693+0100] {logging_mixin.py:188} INFO - [2026-03-13T22:47:43.693+0100] {dagbag.py:545} INFO - Filling up the DagBag from /Users/harshasogala/financial-data-platform/venv/lib/python3.12/site-packages/airflow/example_dags/example_sensor_decorator.py
[2026-03-13T22:47:43.717+0100] {processor.py:840} INFO - DAG(s) 'example_sensor_decorator' retrieved from /Users/harshasogala/financial-data-platform/venv/lib/python3.12/site-packages/airflow/example_dags/example_sensor_decorator.py
[2026-03-13T22:47:43.815+0100] {logging_mixin.py:188} INFO - [2026-03-13T22:47:43.815+0100] {dag.py:3089} INFO - Sync 1 DAGs
[2026-03-13T22:47:43.820+0100] {logging_mixin.py:188} INFO - [2026-03-13T22:47:43.820+0100] {dag.py:3947} INFO - Setting next_dagrun for example_sensor_decorator to None, run_after=None
[2026-03-13T22:47:43.831+0100] {processor.py:183} INFO - Processing /Users/harshasogala/financial-data-platform/venv/lib/python3.12/site-packages/airflow/example_dags/example_sensor_decorator.py took 0.141 seconds
[2026-03-13T22:49:01.177+0100] {processor.py:161} INFO - Started process (PID=71457) to work on /Users/harshasogala/financial-data-platform/venv/lib/python3.12/site-packages/airflow/example_dags/example_sensor_decorator.py
[2026-03-13T22:49:01.179+0100] {processor.py:830} INFO - Processing file /Users/harshasogala/financial-data-platform/venv/lib/python3.12/site-packages/airflow/example_dags/example_sensor_decorator.py for tasks to queue
[2026-03-13T22:49:01.180+0100] {logging_mixin.py:188} INFO - [2026-03-13T22:49:01.180+0100] {dagbag.py:545} INFO - Filling up the DagBag from /Users/harshasogala/financial-data-platform/venv/lib/python3.12/site-packages/airflow/example_dags/example_sensor_decorator.py
[2026-03-13T22:49:01.205+0100] {processor.py:840} INFO - DAG(s) 'example_sensor_decorator' retrieved from /Users/harshasogala/financial-data-platform/venv/lib/python3.12/site-packages/airflow/example_dags/example_sensor_decorator.py
[2026-03-13T22:49:01.307+0100] {logging_mixin.py:188} INFO - [2026-03-13T22:49:01.307+0100] {dag.py:3089} INFO - Sync 1 DAGs
[2026-03-13T22:49:01.313+0100] {logging_mixin.py:188} INFO - [2026-03-13T22:49:01.313+0100] {dag.py:3947} INFO - Setting next_dagrun for example_sensor_decorator to None, run_after=None
[2026-03-13T22:49:01.324+0100] {processor.py:183} INFO - Processing /Users/harshasogala/financial-data-platform/venv/lib/python3.12/site-packages/airflow/example_dags/example_sensor_decorator.py took 0.150 seconds
[2026-03-13T22:50:21.395+0100] {processor.py:161} INFO - Started process (PID=71707) to work on /Users/harshasogala/financial-data-platform/venv/lib/python3.12/site-packages/airflow/example_dags/example_sensor_decorator.py
[2026-03-13T22:50:21.396+0100] {processor.py:830} INFO - Processing file /Users/harshasogala/financial-data-platform/venv/lib/python3.12/site-packages/airflow/example_dags/example_sensor_decorator.py for tasks to queue
[2026-03-13T22:50:21.396+0100] {logging_mixin.py:188} INFO - [2026-03-13T22:50:21.396+0100] {dagbag.py:545} INFO - Filling up the DagBag from /Users/harshasogala/financial-data-platform/venv/lib/python3.12/site-packages/airflow/example_dags/example_sensor_decorator.py
[2026-03-13T22:50:21.421+0100] {processor.py:840} INFO - DAG(s) 'example_sensor_decorator' retrieved from /Users/harshasogala/financial-data-platform/venv/lib/python3.12/site-packages/airflow/example_dags/example_sensor_decorator.py
[2026-03-13T22:50:21.517+0100] {logging_mixin.py:188} INFO - [2026-03-13T22:50:21.517+0100] {dag.py:3089} INFO - Sync 1 DAGs
[2026-03-13T22:50:21.522+0100] {logging_mixin.py:188} INFO - [2026-03-13T22:50:21.522+0100] {dag.py:3947} INFO - Setting next_dagrun for example_sensor_decorator to None, run_after=None
[2026-03-13T22:50:21.533+0100] {processor.py:183} INFO - Processing /Users/harshasogala/financial-data-platform/venv/lib/python3.12/site-packages/airflow/example_dags/example_sensor_decorator.py took 0.141 seconds
[2026-03-13T22:51:50.320+0100] {processor.py:161} INFO - Started process (PID=72070) to work on /Users/harshasogala/financial-data-platform/venv/lib/python3.12/site-packages/airflow/example_dags/example_sensor_decorator.py
[2026-03-13T22:51:50.322+0100] {processor.py:830} INFO - Processing file /Users/harshasogala/financial-data-platform/venv/lib/python3.12/site-packages/airflow/example_dags/example_sensor_decorator.py for tasks to queue
[2026-03-13T22:51:50.322+0100] {logging_mixin.py:188} INFO - [2026-03-13T22:51:50.322+0100] {dagbag.py:545} INFO - Filling up the DagBag from /Users/harshasogala/financial-data-platform/venv/lib/python3.12/site-packages/airflow/example_dags/example_sensor_decorator.py
[2026-03-13T22:51:50.344+0100] {processor.py:840} INFO - DAG(s) 'example_sensor_decorator' retrieved from /Users/harshasogala/financial-data-platform/venv/lib/python3.12/site-packages/airflow/example_dags/example_sensor_decorator.py
[2026-03-13T22:51:50.437+0100] {logging_mixin.py:188} INFO - [2026-03-13T22:51:50.437+0100] {dag.py:3089} INFO - Sync 1 DAGs
[2026-03-13T22:51:50.442+0100] {logging_mixin.py:188} INFO - [2026-03-13T22:51:50.442+0100] {dag.py:3947} INFO - Setting next_dagrun for example_sensor_decorator to None, run_after=None
[2026-03-13T22:51:50.453+0100] {processor.py:183} INFO - Processing /Users/harshasogala/financial-data-platform/venv/lib/python3.12/site-packages/airflow/example_dags/example_sensor_decorator.py took 0.135 seconds
[2026-03-13T22:53:05.636+0100] {processor.py:161} INFO - Started process (PID=72395) to work on /Users/harshasogala/financial-data-platform/venv/lib/python3.12/site-packages/airflow/example_dags/example_sensor_decorator.py
[2026-03-13T22:53:05.637+0100] {processor.py:830} INFO - Processing file /Users/harshasogala/financial-data-platform/venv/lib/python3.12/site-packages/airflow/example_dags/example_sensor_decorator.py for tasks to queue
[2026-03-13T22:53:05.637+0100] {logging_mixin.py:188} INFO - [2026-03-13T22:53:05.637+0100] {dagbag.py:545} INFO - Filling up the DagBag from /Users/harshasogala/financial-data-platform/venv/lib/python3.12/site-packages/airflow/example_dags/example_sensor_decorator.py
[2026-03-13T22:53:05.660+0100] {processor.py:840} INFO - DAG(s) 'example_sensor_decorator' retrieved from /Users/harshasogala/financial-data-platform/venv/lib/python3.12/site-packages/airflow/example_dags/example_sensor_decorator.py
[2026-03-13T22:53:05.753+0100] {logging_mixin.py:188} INFO - [2026-03-13T22:53:05.753+0100] {dag.py:3089} INFO - Sync 1 DAGs
[2026-03-13T22:53:05.758+0100] {logging_mixin.py:188} INFO - [2026-03-13T22:53:05.758+0100] {dag.py:3947} INFO - Setting next_dagrun for example_sensor_decorator to None, run_after=None
[2026-03-13T22:53:05.769+0100] {processor.py:183} INFO - Processing /Users/harshasogala/financial-data-platform/venv/lib/python3.12/site-packages/airflow/example_dags/example_sensor_decorator.py took 0.135 seconds
[2026-03-13T22:54:27.819+0100] {processor.py:161} INFO - Started process (PID=72493) to work on /Users/harshasogala/financial-data-platform/venv/lib/python3.12/site-packages/airflow/example_dags/example_sensor_decorator.py
[2026-03-13T22:54:27.820+0100] {processor.py:830} INFO - Processing file /Users/harshasogala/financial-data-platform/venv/lib/python3.12/site-packages/airflow/example_dags/example_sensor_decorator.py for tasks to queue
[2026-03-13T22:54:27.820+0100] {logging_mixin.py:188} INFO - [2026-03-13T22:54:27.820+0100] {dagbag.py:545} INFO - Filling up the DagBag from /Users/harshasogala/financial-data-platform/venv/lib/python3.12/site-packages/airflow/example_dags/example_sensor_decorator.py
[2026-03-13T22:54:27.847+0100] {processor.py:840} INFO - DAG(s) 'example_sensor_decorator' retrieved from /Users/harshasogala/financial-data-platform/venv/lib/python3.12/site-packages/airflow/example_dags/example_sensor_decorator.py
[2026-03-13T22:54:27.953+0100] {logging_mixin.py:188} INFO - [2026-03-13T22:54:27.953+0100] {dag.py:3089} INFO - Sync 1 DAGs
[2026-03-13T22:54:27.966+0100] {logging_mixin.py:188} INFO - [2026-03-13T22:54:27.966+0100] {dag.py:3947} INFO - Setting next_dagrun for example_sensor_decorator to None, run_after=None
[2026-03-13T22:54:27.979+0100] {processor.py:183} INFO - Processing /Users/harshasogala/financial-data-platform/venv/lib/python3.12/site-packages/airflow/example_dags/example_sensor_decorator.py took 0.162 seconds
[2026-03-13T22:55:51.320+0100] {processor.py:161} INFO - Started process (PID=72567) to work on /Users/harshasogala/financial-data-platform/venv/lib/python3.12/site-packages/airflow/example_dags/example_sensor_decorator.py
[2026-03-13T22:55:51.321+0100] {processor.py:830} INFO - Processing file /Users/harshasogala/financial-data-platform/venv/lib/python3.12/site-packages/airflow/example_dags/example_sensor_decorator.py for tasks to queue
[2026-03-13T22:55:51.321+0100] {logging_mixin.py:188} INFO - [2026-03-13T22:55:51.321+0100] {dagbag.py:545} INFO - Filling up the DagBag from /Users/harshasogala/financial-data-platform/venv/lib/python3.12/site-packages/airflow/example_dags/example_sensor_decorator.py
[2026-03-13T22:55:51.348+0100] {processor.py:840} INFO - DAG(s) 'example_sensor_decorator' retrieved from /Users/harshasogala/financial-data-platform/venv/lib/python3.12/site-packages/airflow/example_dags/example_sensor_decorator.py
[2026-03-13T22:55:51.448+0100] {logging_mixin.py:188} INFO - [2026-03-13T22:55:51.447+0100] {dag.py:3089} INFO - Sync 1 DAGs
[2026-03-13T22:55:51.453+0100] {logging_mixin.py:188} INFO - [2026-03-13T22:55:51.453+0100] {dag.py:3947} INFO - Setting next_dagrun for example_sensor_decorator to None, run_after=None
[2026-03-13T22:55:51.464+0100] {processor.py:183} INFO - Processing /Users/harshasogala/financial-data-platform/venv/lib/python3.12/site-packages/airflow/example_dags/example_sensor_decorator.py took 0.146 seconds
[2026-03-13T22:57:12.924+0100] {processor.py:161} INFO - Started process (PID=72655) to work on /Users/harshasogala/financial-data-platform/venv/lib/python3.12/site-packages/airflow/example_dags/example_sensor_decorator.py
[2026-03-13T22:57:12.925+0100] {processor.py:830} INFO - Processing file /Users/harshasogala/financial-data-platform/venv/lib/python3.12/site-packages/airflow/example_dags/example_sensor_decorator.py for tasks to queue
[2026-03-13T22:57:12.926+0100] {logging_mixin.py:188} INFO - [2026-03-13T22:57:12.926+0100] {dagbag.py:545} INFO - Filling up the DagBag from /Users/harshasogala/financial-data-platform/venv/lib/python3.12/site-packages/airflow/example_dags/example_sensor_decorator.py
[2026-03-13T22:57:12.948+0100] {processor.py:840} INFO - DAG(s) 'example_sensor_decorator' retrieved from /Users/harshasogala/financial-data-platform/venv/lib/python3.12/site-packages/airflow/example_dags/example_sensor_decorator.py
[2026-03-13T22:57:13.046+0100] {logging_mixin.py:188} INFO - [2026-03-13T22:57:13.045+0100] {dag.py:3089} INFO - Sync 1 DAGs
[2026-03-13T22:57:13.051+0100] {logging_mixin.py:188} INFO - [2026-03-13T22:57:13.051+0100] {dag.py:3947} INFO - Setting next_dagrun for example_sensor_decorator to None, run_after=None
[2026-03-13T22:57:13.063+0100] {processor.py:183} INFO - Processing /Users/harshasogala/financial-data-platform/venv/lib/python3.12/site-packages/airflow/example_dags/example_sensor_decorator.py took 0.140 seconds
[2026-03-13T22:58:33.111+0100] {processor.py:161} INFO - Started process (PID=72720) to work on /Users/harshasogala/financial-data-platform/venv/lib/python3.12/site-packages/airflow/example_dags/example_sensor_decorator.py
[2026-03-13T22:58:33.112+0100] {processor.py:830} INFO - Processing file /Users/harshasogala/financial-data-platform/venv/lib/python3.12/site-packages/airflow/example_dags/example_sensor_decorator.py for tasks to queue
[2026-03-13T22:58:33.112+0100] {logging_mixin.py:188} INFO - [2026-03-13T22:58:33.112+0100] {dagbag.py:545} INFO - Filling up the DagBag from /Users/harshasogala/financial-data-platform/venv/lib/python3.12/site-packages/airflow/example_dags/example_sensor_decorator.py
[2026-03-13T22:58:33.137+0100] {processor.py:840} INFO - DAG(s) 'example_sensor_decorator' retrieved from /Users/harshasogala/financial-data-platform/venv/lib/python3.12/site-packages/airflow/example_dags/example_sensor_decorator.py
[2026-03-13T22:58:33.230+0100] {logging_mixin.py:188} INFO - [2026-03-13T22:58:33.230+0100] {dag.py:3089} INFO - Sync 1 DAGs
[2026-03-13T22:58:33.235+0100] {logging_mixin.py:188} INFO - [2026-03-13T22:58:33.235+0100] {dag.py:3947} INFO - Setting next_dagrun for example_sensor_decorator to None, run_after=None
[2026-03-13T22:58:33.247+0100] {processor.py:183} INFO - Processing /Users/harshasogala/financial-data-platform/venv/lib/python3.12/site-packages/airflow/example_dags/example_sensor_decorator.py took 0.138 seconds
[2026-03-13T22:59:53.272+0100] {processor.py:161} INFO - Started process (PID=72794) to work on /Users/harshasogala/financial-data-platform/venv/lib/python3.12/site-packages/airflow/example_dags/example_sensor_decorator.py
[2026-03-13T22:59:53.273+0100] {processor.py:830} INFO - Processing file /Users/harshasogala/financial-data-platform/venv/lib/python3.12/site-packages/airflow/example_dags/example_sensor_decorator.py for tasks to queue
[2026-03-13T22:59:53.274+0100] {logging_mixin.py:188} INFO - [2026-03-13T22:59:53.273+0100] {dagbag.py:545} INFO - Filling up the DagBag from /Users/harshasogala/financial-data-platform/venv/lib/python3.12/site-packages/airflow/example_dags/example_sensor_decorator.py
[2026-03-13T22:59:53.296+0100] {processor.py:840} INFO - DAG(s) 'example_sensor_decorator' retrieved from /Users/harshasogala/financial-data-platform/venv/lib/python3.12/site-packages/airflow/example_dags/example_sensor_decorator.py
[2026-03-13T22:59:53.390+0100] {logging_mixin.py:188} INFO - [2026-03-13T22:59:53.390+0100] {dag.py:3089} INFO - Sync 1 DAGs
[2026-03-13T22:59:53.397+0100] {logging_mixin.py:188} INFO - [2026-03-13T22:59:53.397+0100] {dag.py:3947} INFO - Setting next_dagrun for example_sensor_decorator to None, run_after=None
[2026-03-13T22:59:53.408+0100] {processor.py:183} INFO - Processing /Users/harshasogala/financial-data-platform/venv/lib/python3.12/site-packages/airflow/example_dags/example_sensor_decorator.py took 0.137 seconds
[2026-03-13T23:01:13.391+0100] {processor.py:161} INFO - Started process (PID=72861) to work on /Users/harshasogala/financial-data-platform/venv/lib/python3.12/site-packages/airflow/example_dags/example_sensor_decorator.py
[2026-03-13T23:01:13.392+0100] {processor.py:830} INFO - Processing file /Users/harshasogala/financial-data-platform/venv/lib/python3.12/site-packages/airflow/example_dags/example_sensor_decorator.py for tasks to queue
[2026-03-13T23:01:13.392+0100] {logging_mixin.py:188} INFO - [2026-03-13T23:01:13.392+0100] {dagbag.py:545} INFO - Filling up the DagBag from /Users/harshasogala/financial-data-platform/venv/lib/python3.12/site-packages/airflow/example_dags/example_sensor_decorator.py
[2026-03-13T23:01:13.415+0100] {processor.py:840} INFO - DAG(s) 'example_sensor_decorator' retrieved from /Users/harshasogala/financial-data-platform/venv/lib/python3.12/site-packages/airflow/example_dags/example_sensor_decorator.py
[2026-03-13T23:01:13.508+0100] {logging_mixin.py:188} INFO - [2026-03-13T23:01:13.507+0100] {dag.py:3089} INFO - Sync 1 DAGs
[2026-03-13T23:01:13.513+0100] {logging_mixin.py:188} INFO - [2026-03-13T23:01:13.513+0100] {dag.py:3947} INFO - Setting next_dagrun for example_sensor_decorator to None, run_after=None
[2026-03-13T23:01:13.523+0100] {processor.py:183} INFO - Processing /Users/harshasogala/financial-data-platform/venv/lib/python3.12/site-packages/airflow/example_dags/example_sensor_decorator.py took 0.134 seconds
[2026-03-13T23:02:31.717+0100] {processor.py:161} INFO - Started process (PID=72921) to work on /Users/harshasogala/financial-data-platform/venv/lib/python3.12/site-packages/airflow/example_dags/example_sensor_decorator.py
[2026-03-13T23:02:31.717+0100] {processor.py:830} INFO - Processing file /Users/harshasogala/financial-data-platform/venv/lib/python3.12/site-packages/airflow/example_dags/example_sensor_decorator.py for tasks to queue
[2026-03-13T23:02:31.718+0100] {logging_mixin.py:188} INFO - [2026-03-13T23:02:31.718+0100] {dagbag.py:545} INFO - Filling up the DagBag from /Users/harshasogala/financial-data-platform/venv/lib/python3.12/site-packages/airflow/example_dags/example_sensor_decorator.py
[2026-03-13T23:02:31.740+0100] {processor.py:840} INFO - DAG(s) 'example_sensor_decorator' retrieved from /Users/harshasogala/financial-data-platform/venv/lib/python3.12/site-packages/airflow/example_dags/example_sensor_decorator.py
[2026-03-13T23:02:31.834+0100] {logging_mixin.py:188} INFO - [2026-03-13T23:02:31.833+0100] {dag.py:3089} INFO - Sync 1 DAGs
[2026-03-13T23:02:31.839+0100] {logging_mixin.py:188} INFO - [2026-03-13T23:02:31.839+0100] {dag.py:3947} INFO - Setting next_dagrun for example_sensor_decorator to None, run_after=None
[2026-03-13T23:02:31.851+0100] {processor.py:183} INFO - Processing /Users/harshasogala/financial-data-platform/venv/lib/python3.12/site-packages/airflow/example_dags/example_sensor_decorator.py took 0.136 seconds
[2026-03-13T23:03:51.464+0100] {processor.py:161} INFO - Started process (PID=72982) to work on /Users/harshasogala/financial-data-platform/venv/lib/python3.12/site-packages/airflow/example_dags/example_sensor_decorator.py
[2026-03-13T23:03:51.465+0100] {processor.py:830} INFO - Processing file /Users/harshasogala/financial-data-platform/venv/lib/python3.12/site-packages/airflow/example_dags/example_sensor_decorator.py for tasks to queue
[2026-03-13T23:03:51.466+0100] {logging_mixin.py:188} INFO - [2026-03-13T23:03:51.466+0100] {dagbag.py:545} INFO - Filling up the DagBag from /Users/harshasogala/financial-data-platform/venv/lib/python3.12/site-packages/airflow/example_dags/example_sensor_decorator.py
[2026-03-13T23:03:51.489+0100] {processor.py:840} INFO - DAG(s) 'example_sensor_decorator' retrieved from /Users/harshasogala/financial-data-platform/venv/lib/python3.12/site-packages/airflow/example_dags/example_sensor_decorator.py
[2026-03-13T23:03:51.583+0100] {logging_mixin.py:188} INFO - [2026-03-13T23:03:51.582+0100] {dag.py:3089} INFO - Sync 1 DAGs
[2026-03-13T23:03:51.588+0100] {logging_mixin.py:188} INFO - [2026-03-13T23:03:51.588+0100] {dag.py:3947} INFO - Setting next_dagrun for example_sensor_decorator to None, run_after=None
[2026-03-13T23:03:51.598+0100] {processor.py:183} INFO - Processing /Users/harshasogala/financial-data-platform/venv/lib/python3.12/site-packages/airflow/example_dags/example_sensor_decorator.py took 0.137 seconds
[2026-03-13T23:05:08.590+0100] {processor.py:161} INFO - Started process (PID=73040) to work on /Users/harshasogala/financial-data-platform/venv/lib/python3.12/site-packages/airflow/example_dags/example_sensor_decorator.py
[2026-03-13T23:05:08.591+0100] {processor.py:830} INFO - Processing file /Users/harshasogala/financial-data-platform/venv/lib/python3.12/site-packages/airflow/example_dags/example_sensor_decorator.py for tasks to queue
[2026-03-13T23:05:08.592+0100] {logging_mixin.py:188} INFO - [2026-03-13T23:05:08.592+0100] {dagbag.py:545} INFO - Filling up the DagBag from /Users/harshasogala/financial-data-platform/venv/lib/python3.12/site-packages/airflow/example_dags/example_sensor_decorator.py
[2026-03-13T23:05:08.616+0100] {processor.py:840} INFO - DAG(s) 'example_sensor_decorator' retrieved from /Users/harshasogala/financial-data-platform/venv/lib/python3.12/site-packages/airflow/example_dags/example_sensor_decorator.py
[2026-03-13T23:05:08.715+0100] {logging_mixin.py:188} INFO - [2026-03-13T23:05:08.715+0100] {dag.py:3089} INFO - Sync 1 DAGs
[2026-03-13T23:05:08.721+0100] {logging_mixin.py:188} INFO - [2026-03-13T23:05:08.721+0100] {dag.py:3947} INFO - Setting next_dagrun for example_sensor_decorator to None, run_after=None
[2026-03-13T23:05:08.731+0100] {processor.py:183} INFO - Processing /Users/harshasogala/financial-data-platform/venv/lib/python3.12/site-packages/airflow/example_dags/example_sensor_decorator.py took 0.143 seconds
[2026-03-13T23:06:25.733+0100] {processor.py:161} INFO - Started process (PID=73110) to work on /Users/harshasogala/financial-data-platform/venv/lib/python3.12/site-packages/airflow/example_dags/example_sensor_decorator.py
[2026-03-13T23:06:25.734+0100] {processor.py:830} INFO - Processing file /Users/harshasogala/financial-data-platform/venv/lib/python3.12/site-packages/airflow/example_dags/example_sensor_decorator.py for tasks to queue
[2026-03-13T23:06:25.734+0100] {logging_mixin.py:188} INFO - [2026-03-13T23:06:25.734+0100] {dagbag.py:545} INFO - Filling up the DagBag from /Users/harshasogala/financial-data-platform/venv/lib/python3.12/site-packages/airflow/example_dags/example_sensor_decorator.py
[2026-03-13T23:06:25.758+0100] {processor.py:840} INFO - DAG(s) 'example_sensor_decorator' retrieved from /Users/harshasogala/financial-data-platform/venv/lib/python3.12/site-packages/airflow/example_dags/example_sensor_decorator.py
[2026-03-13T23:06:25.856+0100] {logging_mixin.py:188} INFO - [2026-03-13T23:06:25.855+0100] {dag.py:3089} INFO - Sync 1 DAGs
[2026-03-13T23:06:25.861+0100] {logging_mixin.py:188} INFO - [2026-03-13T23:06:25.861+0100] {dag.py:3947} INFO - Setting next_dagrun for example_sensor_decorator to None, run_after=None
[2026-03-13T23:06:25.872+0100] {processor.py:183} INFO - Processing /Users/harshasogala/financial-data-platform/venv/lib/python3.12/site-packages/airflow/example_dags/example_sensor_decorator.py took 0.141 seconds
[2026-03-13T23:07:49.293+0100] {processor.py:161} INFO - Started process (PID=73175) to work on /Users/harshasogala/financial-data-platform/venv/lib/python3.12/site-packages/airflow/example_dags/example_sensor_decorator.py
[2026-03-13T23:07:49.294+0100] {processor.py:830} INFO - Processing file /Users/harshasogala/financial-data-platform/venv/lib/python3.12/site-packages/airflow/example_dags/example_sensor_decorator.py for tasks to queue
[2026-03-13T23:07:49.294+0100] {logging_mixin.py:188} INFO - [2026-03-13T23:07:49.294+0100] {dagbag.py:545} INFO - Filling up the DagBag from /Users/harshasogala/financial-data-platform/venv/lib/python3.12/site-packages/airflow/example_dags/example_sensor_decorator.py
[2026-03-13T23:07:49.318+0100] {processor.py:840} INFO - DAG(s) 'example_sensor_decorator' retrieved from /Users/harshasogala/financial-data-platform/venv/lib/python3.12/site-packages/airflow/example_dags/example_sensor_decorator.py
[2026-03-13T23:07:49.414+0100] {logging_mixin.py:188} INFO - [2026-03-13T23:07:49.414+0100] {dag.py:3089} INFO - Sync 1 DAGs
[2026-03-13T23:07:49.420+0100] {logging_mixin.py:188} INFO - [2026-03-13T23:07:49.420+0100] {dag.py:3947} INFO - Setting next_dagrun for example_sensor_decorator to None, run_after=None
[2026-03-13T23:07:49.432+0100] {processor.py:183} INFO - Processing /Users/harshasogala/financial-data-platform/venv/lib/python3.12/site-packages/airflow/example_dags/example_sensor_decorator.py took 0.142 seconds
[2026-03-13T23:09:03.171+0100] {processor.py:161} INFO - Started process (PID=73235) to work on /Users/harshasogala/financial-data-platform/venv/lib/python3.12/site-packages/airflow/example_dags/example_sensor_decorator.py
[2026-03-13T23:09:03.173+0100] {processor.py:830} INFO - Processing file /Users/harshasogala/financial-data-platform/venv/lib/python3.12/site-packages/airflow/example_dags/example_sensor_decorator.py for tasks to queue
[2026-03-13T23:09:03.173+0100] {logging_mixin.py:188} INFO - [2026-03-13T23:09:03.173+0100] {dagbag.py:545} INFO - Filling up the DagBag from /Users/harshasogala/financial-data-platform/venv/lib/python3.12/site-packages/airflow/example_dags/example_sensor_decorator.py
[2026-03-13T23:09:03.196+0100] {processor.py:840} INFO - DAG(s) 'example_sensor_decorator' retrieved from /Users/harshasogala/financial-data-platform/venv/lib/python3.12/site-packages/airflow/example_dags/example_sensor_decorator.py
[2026-03-13T23:09:03.292+0100] {logging_mixin.py:188} INFO - [2026-03-13T23:09:03.292+0100] {dag.py:3089} INFO - Sync 1 DAGs
[2026-03-13T23:09:03.297+0100] {logging_mixin.py:188} INFO - [2026-03-13T23:09:03.297+0100] {dag.py:3947} INFO - Setting next_dagrun for example_sensor_decorator to None, run_after=None
[2026-03-13T23:09:03.309+0100] {processor.py:183} INFO - Processing /Users/harshasogala/financial-data-platform/venv/lib/python3.12/site-packages/airflow/example_dags/example_sensor_decorator.py took 0.139 seconds
[2026-03-13T23:10:14.974+0100] {processor.py:161} INFO - Started process (PID=73291) to work on /Users/harshasogala/financial-data-platform/venv/lib/python3.12/site-packages/airflow/example_dags/example_sensor_decorator.py
[2026-03-13T23:10:14.974+0100] {processor.py:830} INFO - Processing file /Users/harshasogala/financial-data-platform/venv/lib/python3.12/site-packages/airflow/example_dags/example_sensor_decorator.py for tasks to queue
[2026-03-13T23:10:14.975+0100] {logging_mixin.py:188} INFO - [2026-03-13T23:10:14.975+0100] {dagbag.py:545} INFO - Filling up the DagBag from /Users/harshasogala/financial-data-platform/venv/lib/python3.12/site-packages/airflow/example_dags/example_sensor_decorator.py
[2026-03-13T23:10:14.998+0100] {processor.py:840} INFO - DAG(s) 'example_sensor_decorator' retrieved from /Users/harshasogala/financial-data-platform/venv/lib/python3.12/site-packages/airflow/example_dags/example_sensor_decorator.py
[2026-03-13T23:10:15.093+0100] {logging_mixin.py:188} INFO - [2026-03-13T23:10:15.093+0100] {dag.py:3089} INFO - Sync 1 DAGs
[2026-03-13T23:10:15.098+0100] {logging_mixin.py:188} INFO - [2026-03-13T23:10:15.098+0100] {dag.py:3947} INFO - Setting next_dagrun for example_sensor_decorator to None, run_after=None
[2026-03-13T23:10:15.109+0100] {processor.py:183} INFO - Processing /Users/harshasogala/financial-data-platform/venv/lib/python3.12/site-packages/airflow/example_dags/example_sensor_decorator.py took 0.137 seconds
[2026-03-13T23:11:28.551+0100] {processor.py:161} INFO - Started process (PID=73359) to work on /Users/harshasogala/financial-data-platform/venv/lib/python3.12/site-packages/airflow/example_dags/example_sensor_decorator.py
[2026-03-13T23:11:28.552+0100] {processor.py:830} INFO - Processing file /Users/harshasogala/financial-data-platform/venv/lib/python3.12/site-packages/airflow/example_dags/example_sensor_decorator.py for tasks to queue
[2026-03-13T23:11:28.553+0100] {logging_mixin.py:188} INFO - [2026-03-13T23:11:28.553+0100] {dagbag.py:545} INFO - Filling up the DagBag from /Users/harshasogala/financial-data-platform/venv/lib/python3.12/site-packages/airflow/example_dags/example_sensor_decorator.py
[2026-03-13T23:11:28.575+0100] {processor.py:840} INFO - DAG(s) 'example_sensor_decorator' retrieved from /Users/harshasogala/financial-data-platform/venv/lib/python3.12/site-packages/airflow/example_dags/example_sensor_decorator.py
[2026-03-13T23:11:28.670+0100] {logging_mixin.py:188} INFO - [2026-03-13T23:11:28.670+0100] {dag.py:3089} INFO - Sync 1 DAGs
[2026-03-13T23:11:28.676+0100] {logging_mixin.py:188} INFO - [2026-03-13T23:11:28.676+0100] {dag.py:3947} INFO - Setting next_dagrun for example_sensor_decorator to None, run_after=None
[2026-03-13T23:11:28.690+0100] {processor.py:183} INFO - Processing /Users/harshasogala/financial-data-platform/venv/lib/python3.12/site-packages/airflow/example_dags/example_sensor_decorator.py took 0.141 seconds
[2026-03-13T23:12:42.434+0100] {processor.py:161} INFO - Started process (PID=73418) to work on /Users/harshasogala/financial-data-platform/venv/lib/python3.12/site-packages/airflow/example_dags/example_sensor_decorator.py
[2026-03-13T23:12:42.434+0100] {processor.py:830} INFO - Processing file /Users/harshasogala/financial-data-platform/venv/lib/python3.12/site-packages/airflow/example_dags/example_sensor_decorator.py for tasks to queue
[2026-03-13T23:12:42.435+0100] {logging_mixin.py:188} INFO - [2026-03-13T23:12:42.435+0100] {dagbag.py:545} INFO - Filling up the DagBag from /Users/harshasogala/financial-data-platform/venv/lib/python3.12/site-packages/airflow/example_dags/example_sensor_decorator.py
[2026-03-13T23:12:42.457+0100] {processor.py:840} INFO - DAG(s) 'example_sensor_decorator' retrieved from /Users/harshasogala/financial-data-platform/venv/lib/python3.12/site-packages/airflow/example_dags/example_sensor_decorator.py
[2026-03-13T23:12:42.551+0100] {logging_mixin.py:188} INFO - [2026-03-13T23:12:42.551+0100] {dag.py:3089} INFO - Sync 1 DAGs
[2026-03-13T23:12:42.557+0100] {logging_mixin.py:188} INFO - [2026-03-13T23:12:42.557+0100] {dag.py:3947} INFO - Setting next_dagrun for example_sensor_decorator to None, run_after=None
[2026-03-13T23:12:42.567+0100] {processor.py:183} INFO - Processing /Users/harshasogala/financial-data-platform/venv/lib/python3.12/site-packages/airflow/example_dags/example_sensor_decorator.py took 0.135 seconds
[2026-03-13T23:13:58.419+0100] {processor.py:161} INFO - Started process (PID=73479) to work on /Users/harshasogala/financial-data-platform/venv/lib/python3.12/site-packages/airflow/example_dags/example_sensor_decorator.py
[2026-03-13T23:13:58.420+0100] {processor.py:830} INFO - Processing file /Users/harshasogala/financial-data-platform/venv/lib/python3.12/site-packages/airflow/example_dags/example_sensor_decorator.py for tasks to queue
[2026-03-13T23:13:58.420+0100] {logging_mixin.py:188} INFO - [2026-03-13T23:13:58.420+0100] {dagbag.py:545} INFO - Filling up the DagBag from /Users/harshasogala/financial-data-platform/venv/lib/python3.12/site-packages/airflow/example_dags/example_sensor_decorator.py
[2026-03-13T23:13:58.443+0100] {processor.py:840} INFO - DAG(s) 'example_sensor_decorator' retrieved from /Users/harshasogala/financial-data-platform/venv/lib/python3.12/site-packages/airflow/example_dags/example_sensor_decorator.py
[2026-03-13T23:13:58.541+0100] {logging_mixin.py:188} INFO - [2026-03-13T23:13:58.541+0100] {dag.py:3089} INFO - Sync 1 DAGs
[2026-03-13T23:13:58.546+0100] {logging_mixin.py:188} INFO - [2026-03-13T23:13:58.546+0100] {dag.py:3947} INFO - Setting next_dagrun for example_sensor_decorator to None, run_after=None
[2026-03-13T23:13:58.557+0100] {processor.py:183} INFO - Processing /Users/harshasogala/financial-data-platform/venv/lib/python3.12/site-packages/airflow/example_dags/example_sensor_decorator.py took 0.140 seconds
[2026-03-13T23:15:12.563+0100] {processor.py:161} INFO - Started process (PID=73538) to work on /Users/harshasogala/financial-data-platform/venv/lib/python3.12/site-packages/airflow/example_dags/example_sensor_decorator.py
[2026-03-13T23:15:12.564+0100] {processor.py:830} INFO - Processing file /Users/harshasogala/financial-data-platform/venv/lib/python3.12/site-packages/airflow/example_dags/example_sensor_decorator.py for tasks to queue
[2026-03-13T23:15:12.564+0100] {logging_mixin.py:188} INFO - [2026-03-13T23:15:12.564+0100] {dagbag.py:545} INFO - Filling up the DagBag from /Users/harshasogala/financial-data-platform/venv/lib/python3.12/site-packages/airflow/example_dags/example_sensor_decorator.py
[2026-03-13T23:15:12.587+0100] {processor.py:840} INFO - DAG(s) 'example_sensor_decorator' retrieved from /Users/harshasogala/financial-data-platform/venv/lib/python3.12/site-packages/airflow/example_dags/example_sensor_decorator.py
[2026-03-13T23:15:12.679+0100] {logging_mixin.py:188} INFO - [2026-03-13T23:15:12.678+0100] {dag.py:3089} INFO - Sync 1 DAGs
[2026-03-13T23:15:12.684+0100] {logging_mixin.py:188} INFO - [2026-03-13T23:15:12.684+0100] {dag.py:3947} INFO - Setting next_dagrun for example_sensor_decorator to None, run_after=None
[2026-03-13T23:15:12.696+0100] {processor.py:183} INFO - Processing /Users/harshasogala/financial-data-platform/venv/lib/python3.12/site-packages/airflow/example_dags/example_sensor_decorator.py took 0.135 seconds
[2026-03-13T23:16:26.328+0100] {processor.py:161} INFO - Started process (PID=73603) to work on /Users/harshasogala/financial-data-platform/venv/lib/python3.12/site-packages/airflow/example_dags/example_sensor_decorator.py
[2026-03-13T23:16:26.329+0100] {processor.py:830} INFO - Processing file /Users/harshasogala/financial-data-platform/venv/lib/python3.12/site-packages/airflow/example_dags/example_sensor_decorator.py for tasks to queue
[2026-03-13T23:16:26.329+0100] {logging_mixin.py:188} INFO - [2026-03-13T23:16:26.329+0100] {dagbag.py:545} INFO - Filling up the DagBag from /Users/harshasogala/financial-data-platform/venv/lib/python3.12/site-packages/airflow/example_dags/example_sensor_decorator.py
[2026-03-13T23:16:26.352+0100] {processor.py:840} INFO - DAG(s) 'example_sensor_decorator' retrieved from /Users/harshasogala/financial-data-platform/venv/lib/python3.12/site-packages/airflow/example_dags/example_sensor_decorator.py
[2026-03-13T23:16:26.447+0100] {logging_mixin.py:188} INFO - [2026-03-13T23:16:26.446+0100] {dag.py:3089} INFO - Sync 1 DAGs
[2026-03-13T23:16:26.452+0100] {logging_mixin.py:188} INFO - [2026-03-13T23:16:26.452+0100] {dag.py:3947} INFO - Setting next_dagrun for example_sensor_decorator to None, run_after=None
[2026-03-13T23:16:26.465+0100] {processor.py:183} INFO - Processing /Users/harshasogala/financial-data-platform/venv/lib/python3.12/site-packages/airflow/example_dags/example_sensor_decorator.py took 0.138 seconds
[2026-03-13T23:17:43.766+0100] {processor.py:161} INFO - Started process (PID=73669) to work on /Users/harshasogala/financial-data-platform/venv/lib/python3.12/site-packages/airflow/example_dags/example_sensor_decorator.py
[2026-03-13T23:17:43.767+0100] {processor.py:830} INFO - Processing file /Users/harshasogala/financial-data-platform/venv/lib/python3.12/site-packages/airflow/example_dags/example_sensor_decorator.py for tasks to queue
[2026-03-13T23:17:43.768+0100] {logging_mixin.py:188} INFO - [2026-03-13T23:17:43.768+0100] {dagbag.py:545} INFO - Filling up the DagBag from /Users/harshasogala/financial-data-platform/venv/lib/python3.12/site-packages/airflow/example_dags/example_sensor_decorator.py
[2026-03-13T23:17:43.790+0100] {processor.py:840} INFO - DAG(s) 'example_sensor_decorator' retrieved from /Users/harshasogala/financial-data-platform/venv/lib/python3.12/site-packages/airflow/example_dags/example_sensor_decorator.py
[2026-03-13T23:17:43.883+0100] {logging_mixin.py:188} INFO - [2026-03-13T23:17:43.882+0100] {dag.py:3089} INFO - Sync 1 DAGs
[2026-03-13T23:17:43.888+0100] {logging_mixin.py:188} INFO - [2026-03-13T23:17:43.888+0100] {dag.py:3947} INFO - Setting next_dagrun for example_sensor_decorator to None, run_after=None
[2026-03-13T23:17:43.898+0100] {processor.py:183} INFO - Processing /Users/harshasogala/financial-data-platform/venv/lib/python3.12/site-packages/airflow/example_dags/example_sensor_decorator.py took 0.133 seconds
[2026-03-13T23:18:59.971+0100] {processor.py:161} INFO - Started process (PID=73730) to work on /Users/harshasogala/financial-data-platform/venv/lib/python3.12/site-packages/airflow/example_dags/example_sensor_decorator.py
[2026-03-13T23:18:59.972+0100] {processor.py:830} INFO - Processing file /Users/harshasogala/financial-data-platform/venv/lib/python3.12/site-packages/airflow/example_dags/example_sensor_decorator.py for tasks to queue
[2026-03-13T23:18:59.973+0100] {logging_mixin.py:188} INFO - [2026-03-13T23:18:59.972+0100] {dagbag.py:545} INFO - Filling up the DagBag from /Users/harshasogala/financial-data-platform/venv/lib/python3.12/site-packages/airflow/example_dags/example_sensor_decorator.py
[2026-03-13T23:18:59.996+0100] {processor.py:840} INFO - DAG(s) 'example_sensor_decorator' retrieved from /Users/harshasogala/financial-data-platform/venv/lib/python3.12/site-packages/airflow/example_dags/example_sensor_decorator.py
[2026-03-13T23:19:00.090+0100] {logging_mixin.py:188} INFO - [2026-03-13T23:19:00.089+0100] {dag.py:3089} INFO - Sync 1 DAGs
[2026-03-13T23:19:00.095+0100] {logging_mixin.py:188} INFO - [2026-03-13T23:19:00.095+0100] {dag.py:3947} INFO - Setting next_dagrun for example_sensor_decorator to None, run_after=None
[2026-03-13T23:19:00.105+0100] {processor.py:183} INFO - Processing /Users/harshasogala/financial-data-platform/venv/lib/python3.12/site-packages/airflow/example_dags/example_sensor_decorator.py took 0.137 seconds
[2026-03-13T23:20:17.454+0100] {processor.py:161} INFO - Started process (PID=73795) to work on /Users/harshasogala/financial-data-platform/venv/lib/python3.12/site-packages/airflow/example_dags/example_sensor_decorator.py
[2026-03-13T23:20:17.454+0100] {processor.py:830} INFO - Processing file /Users/harshasogala/financial-data-platform/venv/lib/python3.12/site-packages/airflow/example_dags/example_sensor_decorator.py for tasks to queue
[2026-03-13T23:20:17.455+0100] {logging_mixin.py:188} INFO - [2026-03-13T23:20:17.455+0100] {dagbag.py:545} INFO - Filling up the DagBag from /Users/harshasogala/financial-data-platform/venv/lib/python3.12/site-packages/airflow/example_dags/example_sensor_decorator.py
[2026-03-13T23:20:17.483+0100] {processor.py:840} INFO - DAG(s) 'example_sensor_decorator' retrieved from /Users/harshasogala/financial-data-platform/venv/lib/python3.12/site-packages/airflow/example_dags/example_sensor_decorator.py
[2026-03-13T23:20:17.582+0100] {logging_mixin.py:188} INFO - [2026-03-13T23:20:17.582+0100] {dag.py:3089} INFO - Sync 1 DAGs
[2026-03-13T23:20:17.587+0100] {logging_mixin.py:188} INFO - [2026-03-13T23:20:17.587+0100] {dag.py:3947} INFO - Setting next_dagrun for example_sensor_decorator to None, run_after=None
[2026-03-13T23:20:17.598+0100] {processor.py:183} INFO - Processing /Users/harshasogala/financial-data-platform/venv/lib/python3.12/site-packages/airflow/example_dags/example_sensor_decorator.py took 0.147 seconds
[2026-03-13T23:21:32.716+0100] {processor.py:161} INFO - Started process (PID=73879) to work on /Users/harshasogala/financial-data-platform/venv/lib/python3.12/site-packages/airflow/example_dags/example_sensor_decorator.py
[2026-03-13T23:21:32.718+0100] {processor.py:830} INFO - Processing file /Users/harshasogala/financial-data-platform/venv/lib/python3.12/site-packages/airflow/example_dags/example_sensor_decorator.py for tasks to queue
[2026-03-13T23:21:32.718+0100] {logging_mixin.py:188} INFO - [2026-03-13T23:21:32.718+0100] {dagbag.py:545} INFO - Filling up the DagBag from /Users/harshasogala/financial-data-platform/venv/lib/python3.12/site-packages/airflow/example_dags/example_sensor_decorator.py
[2026-03-13T23:21:32.740+0100] {processor.py:840} INFO - DAG(s) 'example_sensor_decorator' retrieved from /Users/harshasogala/financial-data-platform/venv/lib/python3.12/site-packages/airflow/example_dags/example_sensor_decorator.py
[2026-03-13T23:21:32.832+0100] {logging_mixin.py:188} INFO - [2026-03-13T23:21:32.832+0100] {dag.py:3089} INFO - Sync 1 DAGs
[2026-03-13T23:21:32.837+0100] {logging_mixin.py:188} INFO - [2026-03-13T23:21:32.837+0100] {dag.py:3947} INFO - Setting next_dagrun for example_sensor_decorator to None, run_after=None
[2026-03-13T23:21:32.848+0100] {processor.py:183} INFO - Processing /Users/harshasogala/financial-data-platform/venv/lib/python3.12/site-packages/airflow/example_dags/example_sensor_decorator.py took 0.134 seconds
[2026-03-13T23:22:45.772+0100] {processor.py:161} INFO - Started process (PID=73941) to work on /Users/harshasogala/financial-data-platform/venv/lib/python3.12/site-packages/airflow/example_dags/example_sensor_decorator.py
[2026-03-13T23:22:45.774+0100] {processor.py:830} INFO - Processing file /Users/harshasogala/financial-data-platform/venv/lib/python3.12/site-packages/airflow/example_dags/example_sensor_decorator.py for tasks to queue
[2026-03-13T23:22:45.774+0100] {logging_mixin.py:188} INFO - [2026-03-13T23:22:45.774+0100] {dagbag.py:545} INFO - Filling up the DagBag from /Users/harshasogala/financial-data-platform/venv/lib/python3.12/site-packages/airflow/example_dags/example_sensor_decorator.py
[2026-03-13T23:22:45.803+0100] {processor.py:840} INFO - DAG(s) 'example_sensor_decorator' retrieved from /Users/harshasogala/financial-data-platform/venv/lib/python3.12/site-packages/airflow/example_dags/example_sensor_decorator.py
[2026-03-13T23:22:45.896+0100] {logging_mixin.py:188} INFO - [2026-03-13T23:22:45.896+0100] {dag.py:3089} INFO - Sync 1 DAGs
[2026-03-13T23:22:45.902+0100] {logging_mixin.py:188} INFO - [2026-03-13T23:22:45.902+0100] {dag.py:3947} INFO - Setting next_dagrun for example_sensor_decorator to None, run_after=None
[2026-03-13T23:22:45.913+0100] {processor.py:183} INFO - Processing /Users/harshasogala/financial-data-platform/venv/lib/python3.12/site-packages/airflow/example_dags/example_sensor_decorator.py took 0.143 seconds
[2026-03-13T23:24:00.667+0100] {processor.py:161} INFO - Started process (PID=74000) to work on /Users/harshasogala/financial-data-platform/venv/lib/python3.12/site-packages/airflow/example_dags/example_sensor_decorator.py
[2026-03-13T23:24:00.668+0100] {processor.py:830} INFO - Processing file /Users/harshasogala/financial-data-platform/venv/lib/python3.12/site-packages/airflow/example_dags/example_sensor_decorator.py for tasks to queue
[2026-03-13T23:24:00.668+0100] {logging_mixin.py:188} INFO - [2026-03-13T23:24:00.668+0100] {dagbag.py:545} INFO - Filling up the DagBag from /Users/harshasogala/financial-data-platform/venv/lib/python3.12/site-packages/airflow/example_dags/example_sensor_decorator.py
[2026-03-13T23:24:00.691+0100] {processor.py:840} INFO - DAG(s) 'example_sensor_decorator' retrieved from /Users/harshasogala/financial-data-platform/venv/lib/python3.12/site-packages/airflow/example_dags/example_sensor_decorator.py
[2026-03-13T23:24:00.784+0100] {logging_mixin.py:188} INFO - [2026-03-13T23:24:00.784+0100] {dag.py:3089} INFO - Sync 1 DAGs
[2026-03-13T23:24:00.789+0100] {logging_mixin.py:188} INFO - [2026-03-13T23:24:00.789+0100] {dag.py:3947} INFO - Setting next_dagrun for example_sensor_decorator to None, run_after=None
[2026-03-13T23:24:00.800+0100] {processor.py:183} INFO - Processing /Users/harshasogala/financial-data-platform/venv/lib/python3.12/site-packages/airflow/example_dags/example_sensor_decorator.py took 0.134 seconds
[2026-03-13T23:25:17.259+0100] {processor.py:161} INFO - Started process (PID=74060) to work on /Users/harshasogala/financial-data-platform/venv/lib/python3.12/site-packages/airflow/example_dags/example_sensor_decorator.py
[2026-03-13T23:25:17.260+0100] {processor.py:830} INFO - Processing file /Users/harshasogala/financial-data-platform/venv/lib/python3.12/site-packages/airflow/example_dags/example_sensor_decorator.py for tasks to queue
[2026-03-13T23:25:17.261+0100] {logging_mixin.py:188} INFO - [2026-03-13T23:25:17.261+0100] {dagbag.py:545} INFO - Filling up the DagBag from /Users/harshasogala/financial-data-platform/venv/lib/python3.12/site-packages/airflow/example_dags/example_sensor_decorator.py
[2026-03-13T23:25:17.283+0100] {processor.py:840} INFO - DAG(s) 'example_sensor_decorator' retrieved from /Users/harshasogala/financial-data-platform/venv/lib/python3.12/site-packages/airflow/example_dags/example_sensor_decorator.py
[2026-03-13T23:25:17.390+0100] {logging_mixin.py:188} INFO - [2026-03-13T23:25:17.390+0100] {dag.py:3089} INFO - Sync 1 DAGs
[2026-03-13T23:25:17.396+0100] {logging_mixin.py:188} INFO - [2026-03-13T23:25:17.395+0100] {dag.py:3947} INFO - Setting next_dagrun for example_sensor_decorator to None, run_after=None
[2026-03-13T23:25:17.415+0100] {processor.py:183} INFO - Processing /Users/harshasogala/financial-data-platform/venv/lib/python3.12/site-packages/airflow/example_dags/example_sensor_decorator.py took 0.157 seconds
[2026-03-13T23:26:34.016+0100] {processor.py:161} INFO - Started process (PID=74118) to work on /Users/harshasogala/financial-data-platform/venv/lib/python3.12/site-packages/airflow/example_dags/example_sensor_decorator.py
[2026-03-13T23:26:34.017+0100] {processor.py:830} INFO - Processing file /Users/harshasogala/financial-data-platform/venv/lib/python3.12/site-packages/airflow/example_dags/example_sensor_decorator.py for tasks to queue
[2026-03-13T23:26:34.017+0100] {logging_mixin.py:188} INFO - [2026-03-13T23:26:34.017+0100] {dagbag.py:545} INFO - Filling up the DagBag from /Users/harshasogala/financial-data-platform/venv/lib/python3.12/site-packages/airflow/example_dags/example_sensor_decorator.py
[2026-03-13T23:26:34.040+0100] {processor.py:840} INFO - DAG(s) 'example_sensor_decorator' retrieved from /Users/harshasogala/financial-data-platform/venv/lib/python3.12/site-packages/airflow/example_dags/example_sensor_decorator.py
[2026-03-13T23:26:34.132+0100] {logging_mixin.py:188} INFO - [2026-03-13T23:26:34.132+0100] {dag.py:3089} INFO - Sync 1 DAGs
[2026-03-13T23:26:34.137+0100] {logging_mixin.py:188} INFO - [2026-03-13T23:26:34.137+0100] {dag.py:3947} INFO - Setting next_dagrun for example_sensor_decorator to None, run_after=None
[2026-03-13T23:26:34.148+0100] {processor.py:183} INFO - Processing /Users/harshasogala/financial-data-platform/venv/lib/python3.12/site-packages/airflow/example_dags/example_sensor_decorator.py took 0.134 seconds
[2026-03-13T23:27:52.652+0100] {processor.py:161} INFO - Started process (PID=74218) to work on /Users/harshasogala/financial-data-platform/venv/lib/python3.12/site-packages/airflow/example_dags/example_sensor_decorator.py
[2026-03-13T23:27:52.653+0100] {processor.py:830} INFO - Processing file /Users/harshasogala/financial-data-platform/venv/lib/python3.12/site-packages/airflow/example_dags/example_sensor_decorator.py for tasks to queue
[2026-03-13T23:27:52.653+0100] {logging_mixin.py:188} INFO - [2026-03-13T23:27:52.653+0100] {dagbag.py:545} INFO - Filling up the DagBag from /Users/harshasogala/financial-data-platform/venv/lib/python3.12/site-packages/airflow/example_dags/example_sensor_decorator.py
[2026-03-13T23:27:52.678+0100] {processor.py:840} INFO - DAG(s) 'example_sensor_decorator' retrieved from /Users/harshasogala/financial-data-platform/venv/lib/python3.12/site-packages/airflow/example_dags/example_sensor_decorator.py
[2026-03-13T23:27:52.782+0100] {logging_mixin.py:188} INFO - [2026-03-13T23:27:52.781+0100] {dag.py:3089} INFO - Sync 1 DAGs
[2026-03-13T23:27:52.787+0100] {logging_mixin.py:188} INFO - [2026-03-13T23:27:52.787+0100] {dag.py:3947} INFO - Setting next_dagrun for example_sensor_decorator to None, run_after=None
[2026-03-13T23:27:52.798+0100] {processor.py:183} INFO - Processing /Users/harshasogala/financial-data-platform/venv/lib/python3.12/site-packages/airflow/example_dags/example_sensor_decorator.py took 0.148 seconds
[2026-03-13T23:29:10.059+0100] {processor.py:161} INFO - Started process (PID=74282) to work on /Users/harshasogala/financial-data-platform/venv/lib/python3.12/site-packages/airflow/example_dags/example_sensor_decorator.py
[2026-03-13T23:29:10.060+0100] {processor.py:830} INFO - Processing file /Users/harshasogala/financial-data-platform/venv/lib/python3.12/site-packages/airflow/example_dags/example_sensor_decorator.py for tasks to queue
[2026-03-13T23:29:10.060+0100] {logging_mixin.py:188} INFO - [2026-03-13T23:29:10.060+0100] {dagbag.py:545} INFO - Filling up the DagBag from /Users/harshasogala/financial-data-platform/venv/lib/python3.12/site-packages/airflow/example_dags/example_sensor_decorator.py
[2026-03-13T23:29:10.082+0100] {processor.py:840} INFO - DAG(s) 'example_sensor_decorator' retrieved from /Users/harshasogala/financial-data-platform/venv/lib/python3.12/site-packages/airflow/example_dags/example_sensor_decorator.py
[2026-03-13T23:29:10.176+0100] {logging_mixin.py:188} INFO - [2026-03-13T23:29:10.176+0100] {dag.py:3089} INFO - Sync 1 DAGs
[2026-03-13T23:29:10.181+0100] {logging_mixin.py:188} INFO - [2026-03-13T23:29:10.181+0100] {dag.py:3947} INFO - Setting next_dagrun for example_sensor_decorator to None, run_after=None
[2026-03-13T23:29:10.192+0100] {processor.py:183} INFO - Processing /Users/harshasogala/financial-data-platform/venv/lib/python3.12/site-packages/airflow/example_dags/example_sensor_decorator.py took 0.135 seconds
[2026-03-13T23:30:25.276+0100] {processor.py:161} INFO - Started process (PID=74372) to work on /Users/harshasogala/financial-data-platform/venv/lib/python3.12/site-packages/airflow/example_dags/example_sensor_decorator.py
[2026-03-13T23:30:25.278+0100] {processor.py:830} INFO - Processing file /Users/harshasogala/financial-data-platform/venv/lib/python3.12/site-packages/airflow/example_dags/example_sensor_decorator.py for tasks to queue
[2026-03-13T23:30:25.278+0100] {logging_mixin.py:188} INFO - [2026-03-13T23:30:25.278+0100] {dagbag.py:545} INFO - Filling up the DagBag from /Users/harshasogala/financial-data-platform/venv/lib/python3.12/site-packages/airflow/example_dags/example_sensor_decorator.py
[2026-03-13T23:30:25.302+0100] {processor.py:840} INFO - DAG(s) 'example_sensor_decorator' retrieved from /Users/harshasogala/financial-data-platform/venv/lib/python3.12/site-packages/airflow/example_dags/example_sensor_decorator.py
[2026-03-13T23:30:25.397+0100] {logging_mixin.py:188} INFO - [2026-03-13T23:30:25.397+0100] {dag.py:3089} INFO - Sync 1 DAGs
[2026-03-13T23:30:25.402+0100] {logging_mixin.py:188} INFO - [2026-03-13T23:30:25.402+0100] {dag.py:3947} INFO - Setting next_dagrun for example_sensor_decorator to None, run_after=None
[2026-03-13T23:30:25.414+0100] {processor.py:183} INFO - Processing /Users/harshasogala/financial-data-platform/venv/lib/python3.12/site-packages/airflow/example_dags/example_sensor_decorator.py took 0.140 seconds
[2026-03-13T23:31:43.432+0100] {processor.py:161} INFO - Started process (PID=74803) to work on /Users/harshasogala/financial-data-platform/venv/lib/python3.12/site-packages/airflow/example_dags/example_sensor_decorator.py
[2026-03-13T23:31:43.433+0100] {processor.py:830} INFO - Processing file /Users/harshasogala/financial-data-platform/venv/lib/python3.12/site-packages/airflow/example_dags/example_sensor_decorator.py for tasks to queue
[2026-03-13T23:31:43.433+0100] {logging_mixin.py:188} INFO - [2026-03-13T23:31:43.433+0100] {dagbag.py:545} INFO - Filling up the DagBag from /Users/harshasogala/financial-data-platform/venv/lib/python3.12/site-packages/airflow/example_dags/example_sensor_decorator.py
[2026-03-13T23:31:43.456+0100] {processor.py:840} INFO - DAG(s) 'example_sensor_decorator' retrieved from /Users/harshasogala/financial-data-platform/venv/lib/python3.12/site-packages/airflow/example_dags/example_sensor_decorator.py
[2026-03-13T23:31:43.549+0100] {logging_mixin.py:188} INFO - [2026-03-13T23:31:43.548+0100] {dag.py:3089} INFO - Sync 1 DAGs
[2026-03-13T23:31:43.554+0100] {logging_mixin.py:188} INFO - [2026-03-13T23:31:43.554+0100] {dag.py:3947} INFO - Setting next_dagrun for example_sensor_decorator to None, run_after=None
[2026-03-13T23:31:43.565+0100] {processor.py:183} INFO - Processing /Users/harshasogala/financial-data-platform/venv/lib/python3.12/site-packages/airflow/example_dags/example_sensor_decorator.py took 0.134 seconds
[2026-03-13T23:33:00.621+0100] {processor.py:161} INFO - Started process (PID=74982) to work on /Users/harshasogala/financial-data-platform/venv/lib/python3.12/site-packages/airflow/example_dags/example_sensor_decorator.py
[2026-03-13T23:33:00.622+0100] {processor.py:830} INFO - Processing file /Users/harshasogala/financial-data-platform/venv/lib/python3.12/site-packages/airflow/example_dags/example_sensor_decorator.py for tasks to queue
[2026-03-13T23:33:00.622+0100] {logging_mixin.py:188} INFO - [2026-03-13T23:33:00.622+0100] {dagbag.py:545} INFO - Filling up the DagBag from /Users/harshasogala/financial-data-platform/venv/lib/python3.12/site-packages/airflow/example_dags/example_sensor_decorator.py
[2026-03-13T23:33:00.645+0100] {processor.py:840} INFO - DAG(s) 'example_sensor_decorator' retrieved from /Users/harshasogala/financial-data-platform/venv/lib/python3.12/site-packages/airflow/example_dags/example_sensor_decorator.py
[2026-03-13T23:33:00.739+0100] {logging_mixin.py:188} INFO - [2026-03-13T23:33:00.739+0100] {dag.py:3089} INFO - Sync 1 DAGs
[2026-03-13T23:33:00.745+0100] {logging_mixin.py:188} INFO - [2026-03-13T23:33:00.745+0100] {dag.py:3947} INFO - Setting next_dagrun for example_sensor_decorator to None, run_after=None
[2026-03-13T23:33:00.756+0100] {processor.py:183} INFO - Processing /Users/harshasogala/financial-data-platform/venv/lib/python3.12/site-packages/airflow/example_dags/example_sensor_decorator.py took 0.137 seconds
