[2026-03-13T22:19:09.814+0100] {processor.py:161} INFO - Started process (PID=66035) to work on /Users/harshasogala/financial-data-platform/venv/lib/python3.12/site-packages/airflow/example_dags/example_complex.py
[2026-03-13T22:19:09.815+0100] {processor.py:830} INFO - Processing file /Users/harshasogala/financial-data-platform/venv/lib/python3.12/site-packages/airflow/example_dags/example_complex.py for tasks to queue
[2026-03-13T22:19:09.815+0100] {logging_mixin.py:188} INFO - [2026-03-13T22:19:09.815+0100] {dagbag.py:545} INFO - Filling up the DagBag from /Users/harshasogala/financial-data-platform/venv/lib/python3.12/site-packages/airflow/example_dags/example_complex.py
[2026-03-13T22:19:09.823+0100] {processor.py:840} INFO - DAG(s) 'example_complex' retrieved from /Users/harshasogala/financial-data-platform/venv/lib/python3.12/site-packages/airflow/example_dags/example_complex.py
[2026-03-13T22:19:09.929+0100] {logging_mixin.py:188} INFO - [2026-03-13T22:19:09.928+0100] {override.py:1858} INFO - Created Permission View: can edit on DAG:example_complex
[2026-03-13T22:19:09.934+0100] {logging_mixin.py:188} INFO - [2026-03-13T22:19:09.934+0100] {override.py:1858} INFO - Created Permission View: can read on DAG:example_complex
[2026-03-13T22:19:09.937+0100] {logging_mixin.py:188} INFO - [2026-03-13T22:19:09.937+0100] {override.py:1858} INFO - Created Permission View: can delete on DAG:example_complex
[2026-03-13T22:19:09.937+0100] {logging_mixin.py:188} INFO - [2026-03-13T22:19:09.937+0100] {dag.py:3089} INFO - Sync 1 DAGs
[2026-03-13T22:19:09.943+0100] {logging_mixin.py:188} INFO - [2026-03-13T22:19:09.942+0100] {dag.py:3111} INFO - Creating ORM DAG for example_complex
[2026-03-13T22:19:09.943+0100] {logging_mixin.py:188} INFO - [2026-03-13T22:19:09.943+0100] {dag.py:3947} INFO - Setting next_dagrun for example_complex to None, run_after=None
[2026-03-13T22:19:09.952+0100] {processor.py:183} INFO - Processing /Users/harshasogala/financial-data-platform/venv/lib/python3.12/site-packages/airflow/example_dags/example_complex.py took 0.140 seconds
[2026-03-13T22:21:45.979+0100] {processor.py:161} INFO - Started process (PID=66178) to work on /Users/harshasogala/financial-data-platform/venv/lib/python3.12/site-packages/airflow/example_dags/example_complex.py
[2026-03-13T22:21:45.979+0100] {processor.py:830} INFO - Processing file /Users/harshasogala/financial-data-platform/venv/lib/python3.12/site-packages/airflow/example_dags/example_complex.py for tasks to queue
[2026-03-13T22:21:45.980+0100] {logging_mixin.py:188} INFO - [2026-03-13T22:21:45.980+0100] {dagbag.py:545} INFO - Filling up the DagBag from /Users/harshasogala/financial-data-platform/venv/lib/python3.12/site-packages/airflow/example_dags/example_complex.py
[2026-03-13T22:21:45.987+0100] {processor.py:840} INFO - DAG(s) 'example_complex' retrieved from /Users/harshasogala/financial-data-platform/venv/lib/python3.12/site-packages/airflow/example_dags/example_complex.py
[2026-03-13T22:21:46.049+0100] {logging_mixin.py:188} INFO - [2026-03-13T22:21:46.049+0100] {dag.py:3089} INFO - Sync 1 DAGs
[2026-03-13T22:21:46.055+0100] {logging_mixin.py:188} INFO - [2026-03-13T22:21:46.055+0100] {dag.py:3947} INFO - Setting next_dagrun for example_complex to None, run_after=None
[2026-03-13T22:21:46.066+0100] {processor.py:183} INFO - Processing /Users/harshasogala/financial-data-platform/venv/lib/python3.12/site-packages/airflow/example_dags/example_complex.py took 0.089 seconds
[2026-03-13T22:28:47.177+0100] {processor.py:161} INFO - Started process (PID=67348) to work on /Users/harshasogala/financial-data-platform/venv/lib/python3.12/site-packages/airflow/example_dags/example_complex.py
[2026-03-13T22:28:47.177+0100] {processor.py:830} INFO - Processing file /Users/harshasogala/financial-data-platform/venv/lib/python3.12/site-packages/airflow/example_dags/example_complex.py for tasks to queue
[2026-03-13T22:28:47.178+0100] {logging_mixin.py:188} INFO - [2026-03-13T22:28:47.178+0100] {dagbag.py:545} INFO - Filling up the DagBag from /Users/harshasogala/financial-data-platform/venv/lib/python3.12/site-packages/airflow/example_dags/example_complex.py
[2026-03-13T22:28:47.185+0100] {processor.py:840} INFO - DAG(s) 'example_complex' retrieved from /Users/harshasogala/financial-data-platform/venv/lib/python3.12/site-packages/airflow/example_dags/example_complex.py
[2026-03-13T22:28:47.248+0100] {logging_mixin.py:188} INFO - [2026-03-13T22:28:47.248+0100] {dag.py:3089} INFO - Sync 1 DAGs
[2026-03-13T22:28:47.254+0100] {logging_mixin.py:188} INFO - [2026-03-13T22:28:47.254+0100] {dag.py:3947} INFO - Setting next_dagrun for example_complex to None, run_after=None
[2026-03-13T22:28:47.265+0100] {processor.py:183} INFO - Processing /Users/harshasogala/financial-data-platform/venv/lib/python3.12/site-packages/airflow/example_dags/example_complex.py took 0.090 seconds
[2026-03-13T22:29:52.418+0100] {processor.py:161} INFO - Started process (PID=67473) to work on /Users/harshasogala/financial-data-platform/venv/lib/python3.12/site-packages/airflow/example_dags/example_complex.py
[2026-03-13T22:29:52.420+0100] {processor.py:830} INFO - Processing file /Users/harshasogala/financial-data-platform/venv/lib/python3.12/site-packages/airflow/example_dags/example_complex.py for tasks to queue
[2026-03-13T22:29:52.420+0100] {logging_mixin.py:188} INFO - [2026-03-13T22:29:52.420+0100] {dagbag.py:545} INFO - Filling up the DagBag from /Users/harshasogala/financial-data-platform/venv/lib/python3.12/site-packages/airflow/example_dags/example_complex.py
[2026-03-13T22:29:52.427+0100] {processor.py:840} INFO - DAG(s) 'example_complex' retrieved from /Users/harshasogala/financial-data-platform/venv/lib/python3.12/site-packages/airflow/example_dags/example_complex.py
[2026-03-13T22:29:52.489+0100] {logging_mixin.py:188} INFO - [2026-03-13T22:29:52.488+0100] {dag.py:3089} INFO - Sync 1 DAGs
[2026-03-13T22:29:52.495+0100] {logging_mixin.py:188} INFO - [2026-03-13T22:29:52.495+0100] {dag.py:3947} INFO - Setting next_dagrun for example_complex to None, run_after=None
[2026-03-13T22:29:52.506+0100] {processor.py:183} INFO - Processing /Users/harshasogala/financial-data-platform/venv/lib/python3.12/site-packages/airflow/example_dags/example_complex.py took 0.089 seconds
[2026-03-13T22:31:00.146+0100] {processor.py:161} INFO - Started process (PID=67541) to work on /Users/harshasogala/financial-data-platform/venv/lib/python3.12/site-packages/airflow/example_dags/example_complex.py
[2026-03-13T22:31:00.147+0100] {processor.py:830} INFO - Processing file /Users/harshasogala/financial-data-platform/venv/lib/python3.12/site-packages/airflow/example_dags/example_complex.py for tasks to queue
[2026-03-13T22:31:00.148+0100] {logging_mixin.py:188} INFO - [2026-03-13T22:31:00.147+0100] {dagbag.py:545} INFO - Filling up the DagBag from /Users/harshasogala/financial-data-platform/venv/lib/python3.12/site-packages/airflow/example_dags/example_complex.py
[2026-03-13T22:31:00.155+0100] {processor.py:840} INFO - DAG(s) 'example_complex' retrieved from /Users/harshasogala/financial-data-platform/venv/lib/python3.12/site-packages/airflow/example_dags/example_complex.py
[2026-03-13T22:31:00.216+0100] {logging_mixin.py:188} INFO - [2026-03-13T22:31:00.216+0100] {dag.py:3089} INFO - Sync 1 DAGs
[2026-03-13T22:31:00.222+0100] {logging_mixin.py:188} INFO - [2026-03-13T22:31:00.222+0100] {dag.py:3947} INFO - Setting next_dagrun for example_complex to None, run_after=None
[2026-03-13T22:31:00.233+0100] {processor.py:183} INFO - Processing /Users/harshasogala/financial-data-platform/venv/lib/python3.12/site-packages/airflow/example_dags/example_complex.py took 0.088 seconds
[2026-03-13T22:32:23.664+0100] {processor.py:161} INFO - Started process (PID=68609) to work on /Users/harshasogala/financial-data-platform/venv/lib/python3.12/site-packages/airflow/example_dags/example_complex.py
[2026-03-13T22:32:23.665+0100] {processor.py:830} INFO - Processing file /Users/harshasogala/financial-data-platform/venv/lib/python3.12/site-packages/airflow/example_dags/example_complex.py for tasks to queue
[2026-03-13T22:32:23.666+0100] {logging_mixin.py:188} INFO - [2026-03-13T22:32:23.666+0100] {dagbag.py:545} INFO - Filling up the DagBag from /Users/harshasogala/financial-data-platform/venv/lib/python3.12/site-packages/airflow/example_dags/example_complex.py
[2026-03-13T22:32:23.673+0100] {processor.py:840} INFO - DAG(s) 'example_complex' retrieved from /Users/harshasogala/financial-data-platform/venv/lib/python3.12/site-packages/airflow/example_dags/example_complex.py
[2026-03-13T22:32:23.734+0100] {logging_mixin.py:188} INFO - [2026-03-13T22:32:23.734+0100] {dag.py:3089} INFO - Sync 1 DAGs
[2026-03-13T22:32:23.739+0100] {logging_mixin.py:188} INFO - [2026-03-13T22:32:23.739+0100] {dag.py:3947} INFO - Setting next_dagrun for example_complex to None, run_after=None
[2026-03-13T22:32:23.750+0100] {processor.py:183} INFO - Processing /Users/harshasogala/financial-data-platform/venv/lib/python3.12/site-packages/airflow/example_dags/example_complex.py took 0.088 seconds
[2026-03-13T22:33:47.301+0100] {processor.py:161} INFO - Started process (PID=69156) to work on /Users/harshasogala/financial-data-platform/venv/lib/python3.12/site-packages/airflow/example_dags/example_complex.py
[2026-03-13T22:33:47.302+0100] {processor.py:830} INFO - Processing file /Users/harshasogala/financial-data-platform/venv/lib/python3.12/site-packages/airflow/example_dags/example_complex.py for tasks to queue
[2026-03-13T22:33:47.302+0100] {logging_mixin.py:188} INFO - [2026-03-13T22:33:47.302+0100] {dagbag.py:545} INFO - Filling up the DagBag from /Users/harshasogala/financial-data-platform/venv/lib/python3.12/site-packages/airflow/example_dags/example_complex.py
[2026-03-13T22:33:47.310+0100] {processor.py:840} INFO - DAG(s) 'example_complex' retrieved from /Users/harshasogala/financial-data-platform/venv/lib/python3.12/site-packages/airflow/example_dags/example_complex.py
[2026-03-13T22:33:47.371+0100] {logging_mixin.py:188} INFO - [2026-03-13T22:33:47.371+0100] {dag.py:3089} INFO - Sync 1 DAGs
[2026-03-13T22:33:47.377+0100] {logging_mixin.py:188} INFO - [2026-03-13T22:33:47.377+0100] {dag.py:3947} INFO - Setting next_dagrun for example_complex to None, run_after=None
[2026-03-13T22:33:47.388+0100] {processor.py:183} INFO - Processing /Users/harshasogala/financial-data-platform/venv/lib/python3.12/site-packages/airflow/example_dags/example_complex.py took 0.089 seconds
[2026-03-13T22:35:05.308+0100] {processor.py:161} INFO - Started process (PID=69219) to work on /Users/harshasogala/financial-data-platform/venv/lib/python3.12/site-packages/airflow/example_dags/example_complex.py
[2026-03-13T22:35:05.309+0100] {processor.py:830} INFO - Processing file /Users/harshasogala/financial-data-platform/venv/lib/python3.12/site-packages/airflow/example_dags/example_complex.py for tasks to queue
[2026-03-13T22:35:05.309+0100] {logging_mixin.py:188} INFO - [2026-03-13T22:35:05.309+0100] {dagbag.py:545} INFO - Filling up the DagBag from /Users/harshasogala/financial-data-platform/venv/lib/python3.12/site-packages/airflow/example_dags/example_complex.py
[2026-03-13T22:35:05.317+0100] {processor.py:840} INFO - DAG(s) 'example_complex' retrieved from /Users/harshasogala/financial-data-platform/venv/lib/python3.12/site-packages/airflow/example_dags/example_complex.py
[2026-03-13T22:35:05.381+0100] {logging_mixin.py:188} INFO - [2026-03-13T22:35:05.381+0100] {dag.py:3089} INFO - Sync 1 DAGs
[2026-03-13T22:35:05.387+0100] {logging_mixin.py:188} INFO - [2026-03-13T22:35:05.386+0100] {dag.py:3947} INFO - Setting next_dagrun for example_complex to None, run_after=None
[2026-03-13T22:35:05.398+0100] {processor.py:183} INFO - Processing /Users/harshasogala/financial-data-platform/venv/lib/python3.12/site-packages/airflow/example_dags/example_complex.py took 0.092 seconds
[2026-03-13T22:36:20.428+0100] {processor.py:161} INFO - Started process (PID=69298) to work on /Users/harshasogala/financial-data-platform/venv/lib/python3.12/site-packages/airflow/example_dags/example_complex.py
[2026-03-13T22:36:20.429+0100] {processor.py:830} INFO - Processing file /Users/harshasogala/financial-data-platform/venv/lib/python3.12/site-packages/airflow/example_dags/example_complex.py for tasks to queue
[2026-03-13T22:36:20.429+0100] {logging_mixin.py:188} INFO - [2026-03-13T22:36:20.429+0100] {dagbag.py:545} INFO - Filling up the DagBag from /Users/harshasogala/financial-data-platform/venv/lib/python3.12/site-packages/airflow/example_dags/example_complex.py
[2026-03-13T22:36:20.436+0100] {processor.py:840} INFO - DAG(s) 'example_complex' retrieved from /Users/harshasogala/financial-data-platform/venv/lib/python3.12/site-packages/airflow/example_dags/example_complex.py
[2026-03-13T22:36:20.499+0100] {logging_mixin.py:188} INFO - [2026-03-13T22:36:20.499+0100] {dag.py:3089} INFO - Sync 1 DAGs
[2026-03-13T22:36:20.505+0100] {logging_mixin.py:188} INFO - [2026-03-13T22:36:20.505+0100] {dag.py:3947} INFO - Setting next_dagrun for example_complex to None, run_after=None
[2026-03-13T22:36:20.516+0100] {processor.py:183} INFO - Processing /Users/harshasogala/financial-data-platform/venv/lib/python3.12/site-packages/airflow/example_dags/example_complex.py took 0.090 seconds
[2026-03-13T22:37:34.519+0100] {processor.py:161} INFO - Started process (PID=69356) to work on /Users/harshasogala/financial-data-platform/venv/lib/python3.12/site-packages/airflow/example_dags/example_complex.py
[2026-03-13T22:37:34.520+0100] {processor.py:830} INFO - Processing file /Users/harshasogala/financial-data-platform/venv/lib/python3.12/site-packages/airflow/example_dags/example_complex.py for tasks to queue
[2026-03-13T22:37:34.520+0100] {logging_mixin.py:188} INFO - [2026-03-13T22:37:34.520+0100] {dagbag.py:545} INFO - Filling up the DagBag from /Users/harshasogala/financial-data-platform/venv/lib/python3.12/site-packages/airflow/example_dags/example_complex.py
[2026-03-13T22:37:34.528+0100] {processor.py:840} INFO - DAG(s) 'example_complex' retrieved from /Users/harshasogala/financial-data-platform/venv/lib/python3.12/site-packages/airflow/example_dags/example_complex.py
[2026-03-13T22:37:34.589+0100] {logging_mixin.py:188} INFO - [2026-03-13T22:37:34.589+0100] {dag.py:3089} INFO - Sync 1 DAGs
[2026-03-13T22:37:34.594+0100] {logging_mixin.py:188} INFO - [2026-03-13T22:37:34.594+0100] {dag.py:3947} INFO - Setting next_dagrun for example_complex to None, run_after=None
[2026-03-13T22:37:34.606+0100] {processor.py:183} INFO - Processing /Users/harshasogala/financial-data-platform/venv/lib/python3.12/site-packages/airflow/example_dags/example_complex.py took 0.088 seconds
[2026-03-13T22:38:48.787+0100] {processor.py:161} INFO - Started process (PID=69423) to work on /Users/harshasogala/financial-data-platform/venv/lib/python3.12/site-packages/airflow/example_dags/example_complex.py
[2026-03-13T22:38:48.788+0100] {processor.py:830} INFO - Processing file /Users/harshasogala/financial-data-platform/venv/lib/python3.12/site-packages/airflow/example_dags/example_complex.py for tasks to queue
[2026-03-13T22:38:48.788+0100] {logging_mixin.py:188} INFO - [2026-03-13T22:38:48.788+0100] {dagbag.py:545} INFO - Filling up the DagBag from /Users/harshasogala/financial-data-platform/venv/lib/python3.12/site-packages/airflow/example_dags/example_complex.py
[2026-03-13T22:38:48.795+0100] {processor.py:840} INFO - DAG(s) 'example_complex' retrieved from /Users/harshasogala/financial-data-platform/venv/lib/python3.12/site-packages/airflow/example_dags/example_complex.py
[2026-03-13T22:38:48.856+0100] {logging_mixin.py:188} INFO - [2026-03-13T22:38:48.856+0100] {dag.py:3089} INFO - Sync 1 DAGs
[2026-03-13T22:38:48.861+0100] {logging_mixin.py:188} INFO - [2026-03-13T22:38:48.861+0100] {dag.py:3947} INFO - Setting next_dagrun for example_complex to None, run_after=None
[2026-03-13T22:38:48.871+0100] {processor.py:183} INFO - Processing /Users/harshasogala/financial-data-platform/venv/lib/python3.12/site-packages/airflow/example_dags/example_complex.py took 0.086 seconds
[2026-03-13T22:40:03.223+0100] {processor.py:161} INFO - Started process (PID=69644) to work on /Users/harshasogala/financial-data-platform/venv/lib/python3.12/site-packages/airflow/example_dags/example_complex.py
[2026-03-13T22:40:03.224+0100] {processor.py:830} INFO - Processing file /Users/harshasogala/financial-data-platform/venv/lib/python3.12/site-packages/airflow/example_dags/example_complex.py for tasks to queue
[2026-03-13T22:40:03.225+0100] {logging_mixin.py:188} INFO - [2026-03-13T22:40:03.225+0100] {dagbag.py:545} INFO - Filling up the DagBag from /Users/harshasogala/financial-data-platform/venv/lib/python3.12/site-packages/airflow/example_dags/example_complex.py
[2026-03-13T22:40:03.232+0100] {processor.py:840} INFO - DAG(s) 'example_complex' retrieved from /Users/harshasogala/financial-data-platform/venv/lib/python3.12/site-packages/airflow/example_dags/example_complex.py
[2026-03-13T22:40:03.297+0100] {logging_mixin.py:188} INFO - [2026-03-13T22:40:03.297+0100] {dag.py:3089} INFO - Sync 1 DAGs
[2026-03-13T22:40:03.304+0100] {logging_mixin.py:188} INFO - [2026-03-13T22:40:03.303+0100] {dag.py:3947} INFO - Setting next_dagrun for example_complex to None, run_after=None
[2026-03-13T22:40:03.315+0100] {processor.py:183} INFO - Processing /Users/harshasogala/financial-data-platform/venv/lib/python3.12/site-packages/airflow/example_dags/example_complex.py took 0.094 seconds
[2026-03-13T22:41:26.577+0100] {processor.py:161} INFO - Started process (PID=69704) to work on /Users/harshasogala/financial-data-platform/venv/lib/python3.12/site-packages/airflow/example_dags/example_complex.py
[2026-03-13T22:41:26.578+0100] {processor.py:830} INFO - Processing file /Users/harshasogala/financial-data-platform/venv/lib/python3.12/site-packages/airflow/example_dags/example_complex.py for tasks to queue
[2026-03-13T22:41:26.579+0100] {logging_mixin.py:188} INFO - [2026-03-13T22:41:26.578+0100] {dagbag.py:545} INFO - Filling up the DagBag from /Users/harshasogala/financial-data-platform/venv/lib/python3.12/site-packages/airflow/example_dags/example_complex.py
[2026-03-13T22:41:26.586+0100] {processor.py:840} INFO - DAG(s) 'example_complex' retrieved from /Users/harshasogala/financial-data-platform/venv/lib/python3.12/site-packages/airflow/example_dags/example_complex.py
[2026-03-13T22:41:26.647+0100] {logging_mixin.py:188} INFO - [2026-03-13T22:41:26.646+0100] {dag.py:3089} INFO - Sync 1 DAGs
[2026-03-13T22:41:26.652+0100] {logging_mixin.py:188} INFO - [2026-03-13T22:41:26.652+0100] {dag.py:3947} INFO - Setting next_dagrun for example_complex to None, run_after=None
[2026-03-13T22:41:26.662+0100] {processor.py:183} INFO - Processing /Users/harshasogala/financial-data-platform/venv/lib/python3.12/site-packages/airflow/example_dags/example_complex.py took 0.087 seconds
[2026-03-13T22:42:44.132+0100] {processor.py:161} INFO - Started process (PID=69765) to work on /Users/harshasogala/financial-data-platform/venv/lib/python3.12/site-packages/airflow/example_dags/example_complex.py
[2026-03-13T22:42:44.134+0100] {processor.py:830} INFO - Processing file /Users/harshasogala/financial-data-platform/venv/lib/python3.12/site-packages/airflow/example_dags/example_complex.py for tasks to queue
[2026-03-13T22:42:44.134+0100] {logging_mixin.py:188} INFO - [2026-03-13T22:42:44.134+0100] {dagbag.py:545} INFO - Filling up the DagBag from /Users/harshasogala/financial-data-platform/venv/lib/python3.12/site-packages/airflow/example_dags/example_complex.py
[2026-03-13T22:42:44.141+0100] {processor.py:840} INFO - DAG(s) 'example_complex' retrieved from /Users/harshasogala/financial-data-platform/venv/lib/python3.12/site-packages/airflow/example_dags/example_complex.py
[2026-03-13T22:42:44.202+0100] {logging_mixin.py:188} INFO - [2026-03-13T22:42:44.202+0100] {dag.py:3089} INFO - Sync 1 DAGs
[2026-03-13T22:42:44.207+0100] {logging_mixin.py:188} INFO - [2026-03-13T22:42:44.207+0100] {dag.py:3947} INFO - Setting next_dagrun for example_complex to None, run_after=None
[2026-03-13T22:42:44.218+0100] {processor.py:183} INFO - Processing /Users/harshasogala/financial-data-platform/venv/lib/python3.12/site-packages/airflow/example_dags/example_complex.py took 0.087 seconds
[2026-03-13T22:44:04.899+0100] {processor.py:161} INFO - Started process (PID=69926) to work on /Users/harshasogala/financial-data-platform/venv/lib/python3.12/site-packages/airflow/example_dags/example_complex.py
[2026-03-13T22:44:04.900+0100] {processor.py:830} INFO - Processing file /Users/harshasogala/financial-data-platform/venv/lib/python3.12/site-packages/airflow/example_dags/example_complex.py for tasks to queue
[2026-03-13T22:44:04.901+0100] {logging_mixin.py:188} INFO - [2026-03-13T22:44:04.901+0100] {dagbag.py:545} INFO - Filling up the DagBag from /Users/harshasogala/financial-data-platform/venv/lib/python3.12/site-packages/airflow/example_dags/example_complex.py
[2026-03-13T22:44:04.912+0100] {processor.py:840} INFO - DAG(s) 'example_complex' retrieved from /Users/harshasogala/financial-data-platform/venv/lib/python3.12/site-packages/airflow/example_dags/example_complex.py
[2026-03-13T22:44:04.995+0100] {logging_mixin.py:188} INFO - [2026-03-13T22:44:04.994+0100] {dag.py:3089} INFO - Sync 1 DAGs
[2026-03-13T22:44:05.003+0100] {logging_mixin.py:188} INFO - [2026-03-13T22:44:05.003+0100] {dag.py:3947} INFO - Setting next_dagrun for example_complex to None, run_after=None
[2026-03-13T22:44:05.016+0100] {processor.py:183} INFO - Processing /Users/harshasogala/financial-data-platform/venv/lib/python3.12/site-packages/airflow/example_dags/example_complex.py took 0.120 seconds
[2026-03-13T22:45:34.755+0100] {processor.py:161} INFO - Started process (PID=70305) to work on /Users/harshasogala/financial-data-platform/venv/lib/python3.12/site-packages/airflow/example_dags/example_complex.py
[2026-03-13T22:45:34.756+0100] {processor.py:830} INFO - Processing file /Users/harshasogala/financial-data-platform/venv/lib/python3.12/site-packages/airflow/example_dags/example_complex.py for tasks to queue
[2026-03-13T22:45:34.757+0100] {logging_mixin.py:188} INFO - [2026-03-13T22:45:34.756+0100] {dagbag.py:545} INFO - Filling up the DagBag from /Users/harshasogala/financial-data-platform/venv/lib/python3.12/site-packages/airflow/example_dags/example_complex.py
[2026-03-13T22:45:34.764+0100] {processor.py:840} INFO - DAG(s) 'example_complex' retrieved from /Users/harshasogala/financial-data-platform/venv/lib/python3.12/site-packages/airflow/example_dags/example_complex.py
[2026-03-13T22:45:34.825+0100] {logging_mixin.py:188} INFO - [2026-03-13T22:45:34.825+0100] {dag.py:3089} INFO - Sync 1 DAGs
[2026-03-13T22:45:34.830+0100] {logging_mixin.py:188} INFO - [2026-03-13T22:45:34.830+0100] {dag.py:3947} INFO - Setting next_dagrun for example_complex to None, run_after=None
[2026-03-13T22:45:34.840+0100] {processor.py:183} INFO - Processing /Users/harshasogala/financial-data-platform/venv/lib/python3.12/site-packages/airflow/example_dags/example_complex.py took 0.087 seconds
[2026-03-13T22:47:03.653+0100] {processor.py:161} INFO - Started process (PID=70618) to work on /Users/harshasogala/financial-data-platform/venv/lib/python3.12/site-packages/airflow/example_dags/example_complex.py
[2026-03-13T22:47:03.654+0100] {processor.py:830} INFO - Processing file /Users/harshasogala/financial-data-platform/venv/lib/python3.12/site-packages/airflow/example_dags/example_complex.py for tasks to queue
[2026-03-13T22:47:03.654+0100] {logging_mixin.py:188} INFO - [2026-03-13T22:47:03.654+0100] {dagbag.py:545} INFO - Filling up the DagBag from /Users/harshasogala/financial-data-platform/venv/lib/python3.12/site-packages/airflow/example_dags/example_complex.py
[2026-03-13T22:47:03.664+0100] {processor.py:840} INFO - DAG(s) 'example_complex' retrieved from /Users/harshasogala/financial-data-platform/venv/lib/python3.12/site-packages/airflow/example_dags/example_complex.py
[2026-03-13T22:47:03.729+0100] {logging_mixin.py:188} INFO - [2026-03-13T22:47:03.728+0100] {dag.py:3089} INFO - Sync 1 DAGs
[2026-03-13T22:47:03.735+0100] {logging_mixin.py:188} INFO - [2026-03-13T22:47:03.735+0100] {dag.py:3947} INFO - Setting next_dagrun for example_complex to None, run_after=None
[2026-03-13T22:47:03.748+0100] {processor.py:183} INFO - Processing /Users/harshasogala/financial-data-platform/venv/lib/python3.12/site-packages/airflow/example_dags/example_complex.py took 0.099 seconds
[2026-03-13T22:48:24.773+0100] {processor.py:161} INFO - Started process (PID=71423) to work on /Users/harshasogala/financial-data-platform/venv/lib/python3.12/site-packages/airflow/example_dags/example_complex.py
[2026-03-13T22:48:24.774+0100] {processor.py:830} INFO - Processing file /Users/harshasogala/financial-data-platform/venv/lib/python3.12/site-packages/airflow/example_dags/example_complex.py for tasks to queue
[2026-03-13T22:48:24.774+0100] {logging_mixin.py:188} INFO - [2026-03-13T22:48:24.774+0100] {dagbag.py:545} INFO - Filling up the DagBag from /Users/harshasogala/financial-data-platform/venv/lib/python3.12/site-packages/airflow/example_dags/example_complex.py
[2026-03-13T22:48:24.782+0100] {processor.py:840} INFO - DAG(s) 'example_complex' retrieved from /Users/harshasogala/financial-data-platform/venv/lib/python3.12/site-packages/airflow/example_dags/example_complex.py
[2026-03-13T22:48:24.844+0100] {logging_mixin.py:188} INFO - [2026-03-13T22:48:24.844+0100] {dag.py:3089} INFO - Sync 1 DAGs
[2026-03-13T22:48:24.849+0100] {logging_mixin.py:188} INFO - [2026-03-13T22:48:24.849+0100] {dag.py:3947} INFO - Setting next_dagrun for example_complex to None, run_after=None
[2026-03-13T22:48:24.861+0100] {processor.py:183} INFO - Processing /Users/harshasogala/financial-data-platform/venv/lib/python3.12/site-packages/airflow/example_dags/example_complex.py took 0.090 seconds
[2026-03-13T22:49:44.873+0100] {processor.py:161} INFO - Started process (PID=71497) to work on /Users/harshasogala/financial-data-platform/venv/lib/python3.12/site-packages/airflow/example_dags/example_complex.py
[2026-03-13T22:49:44.873+0100] {processor.py:830} INFO - Processing file /Users/harshasogala/financial-data-platform/venv/lib/python3.12/site-packages/airflow/example_dags/example_complex.py for tasks to queue
[2026-03-13T22:49:44.874+0100] {logging_mixin.py:188} INFO - [2026-03-13T22:49:44.874+0100] {dagbag.py:545} INFO - Filling up the DagBag from /Users/harshasogala/financial-data-platform/venv/lib/python3.12/site-packages/airflow/example_dags/example_complex.py
[2026-03-13T22:49:44.881+0100] {processor.py:840} INFO - DAG(s) 'example_complex' retrieved from /Users/harshasogala/financial-data-platform/venv/lib/python3.12/site-packages/airflow/example_dags/example_complex.py
[2026-03-13T22:49:44.943+0100] {logging_mixin.py:188} INFO - [2026-03-13T22:49:44.943+0100] {dag.py:3089} INFO - Sync 1 DAGs
[2026-03-13T22:49:44.948+0100] {logging_mixin.py:188} INFO - [2026-03-13T22:49:44.948+0100] {dag.py:3947} INFO - Setting next_dagrun for example_complex to None, run_after=None
[2026-03-13T22:49:44.959+0100] {processor.py:183} INFO - Processing /Users/harshasogala/financial-data-platform/venv/lib/python3.12/site-packages/airflow/example_dags/example_complex.py took 0.088 seconds
[2026-03-13T22:51:15.103+0100] {processor.py:161} INFO - Started process (PID=72034) to work on /Users/harshasogala/financial-data-platform/venv/lib/python3.12/site-packages/airflow/example_dags/example_complex.py
[2026-03-13T22:51:15.105+0100] {processor.py:830} INFO - Processing file /Users/harshasogala/financial-data-platform/venv/lib/python3.12/site-packages/airflow/example_dags/example_complex.py for tasks to queue
[2026-03-13T22:51:15.105+0100] {logging_mixin.py:188} INFO - [2026-03-13T22:51:15.105+0100] {dagbag.py:545} INFO - Filling up the DagBag from /Users/harshasogala/financial-data-platform/venv/lib/python3.12/site-packages/airflow/example_dags/example_complex.py
[2026-03-13T22:51:15.112+0100] {processor.py:840} INFO - DAG(s) 'example_complex' retrieved from /Users/harshasogala/financial-data-platform/venv/lib/python3.12/site-packages/airflow/example_dags/example_complex.py
[2026-03-13T22:51:15.175+0100] {logging_mixin.py:188} INFO - [2026-03-13T22:51:15.174+0100] {dag.py:3089} INFO - Sync 1 DAGs
[2026-03-13T22:51:15.180+0100] {logging_mixin.py:188} INFO - [2026-03-13T22:51:15.180+0100] {dag.py:3947} INFO - Setting next_dagrun for example_complex to None, run_after=None
[2026-03-13T22:51:15.191+0100] {processor.py:183} INFO - Processing /Users/harshasogala/financial-data-platform/venv/lib/python3.12/site-packages/airflow/example_dags/example_complex.py took 0.089 seconds
[2026-03-13T22:52:30.947+0100] {processor.py:161} INFO - Started process (PID=72331) to work on /Users/harshasogala/financial-data-platform/venv/lib/python3.12/site-packages/airflow/example_dags/example_complex.py
[2026-03-13T22:52:30.948+0100] {processor.py:830} INFO - Processing file /Users/harshasogala/financial-data-platform/venv/lib/python3.12/site-packages/airflow/example_dags/example_complex.py for tasks to queue
[2026-03-13T22:52:30.948+0100] {logging_mixin.py:188} INFO - [2026-03-13T22:52:30.948+0100] {dagbag.py:545} INFO - Filling up the DagBag from /Users/harshasogala/financial-data-platform/venv/lib/python3.12/site-packages/airflow/example_dags/example_complex.py
[2026-03-13T22:52:30.955+0100] {processor.py:840} INFO - DAG(s) 'example_complex' retrieved from /Users/harshasogala/financial-data-platform/venv/lib/python3.12/site-packages/airflow/example_dags/example_complex.py
[2026-03-13T22:52:31.019+0100] {logging_mixin.py:188} INFO - [2026-03-13T22:52:31.019+0100] {dag.py:3089} INFO - Sync 1 DAGs
[2026-03-13T22:52:31.024+0100] {logging_mixin.py:188} INFO - [2026-03-13T22:52:31.024+0100] {dag.py:3947} INFO - Setting next_dagrun for example_complex to None, run_after=None
[2026-03-13T22:52:31.035+0100] {processor.py:183} INFO - Processing /Users/harshasogala/financial-data-platform/venv/lib/python3.12/site-packages/airflow/example_dags/example_complex.py took 0.091 seconds
[2026-03-13T22:53:47.067+0100] {processor.py:161} INFO - Started process (PID=72433) to work on /Users/harshasogala/financial-data-platform/venv/lib/python3.12/site-packages/airflow/example_dags/example_complex.py
[2026-03-13T22:53:47.068+0100] {processor.py:830} INFO - Processing file /Users/harshasogala/financial-data-platform/venv/lib/python3.12/site-packages/airflow/example_dags/example_complex.py for tasks to queue
[2026-03-13T22:53:47.068+0100] {logging_mixin.py:188} INFO - [2026-03-13T22:53:47.068+0100] {dagbag.py:545} INFO - Filling up the DagBag from /Users/harshasogala/financial-data-platform/venv/lib/python3.12/site-packages/airflow/example_dags/example_complex.py
[2026-03-13T22:53:47.076+0100] {processor.py:840} INFO - DAG(s) 'example_complex' retrieved from /Users/harshasogala/financial-data-platform/venv/lib/python3.12/site-packages/airflow/example_dags/example_complex.py
[2026-03-13T22:53:47.137+0100] {logging_mixin.py:188} INFO - [2026-03-13T22:53:47.137+0100] {dag.py:3089} INFO - Sync 1 DAGs
[2026-03-13T22:53:47.143+0100] {logging_mixin.py:188} INFO - [2026-03-13T22:53:47.142+0100] {dag.py:3947} INFO - Setting next_dagrun for example_complex to None, run_after=None
[2026-03-13T22:53:47.154+0100] {processor.py:183} INFO - Processing /Users/harshasogala/financial-data-platform/venv/lib/python3.12/site-packages/airflow/example_dags/example_complex.py took 0.089 seconds
[2026-03-13T22:55:16.791+0100] {processor.py:161} INFO - Started process (PID=72532) to work on /Users/harshasogala/financial-data-platform/venv/lib/python3.12/site-packages/airflow/example_dags/example_complex.py
[2026-03-13T22:55:16.792+0100] {processor.py:830} INFO - Processing file /Users/harshasogala/financial-data-platform/venv/lib/python3.12/site-packages/airflow/example_dags/example_complex.py for tasks to queue
[2026-03-13T22:55:16.792+0100] {logging_mixin.py:188} INFO - [2026-03-13T22:55:16.792+0100] {dagbag.py:545} INFO - Filling up the DagBag from /Users/harshasogala/financial-data-platform/venv/lib/python3.12/site-packages/airflow/example_dags/example_complex.py
[2026-03-13T22:55:16.799+0100] {processor.py:840} INFO - DAG(s) 'example_complex' retrieved from /Users/harshasogala/financial-data-platform/venv/lib/python3.12/site-packages/airflow/example_dags/example_complex.py
[2026-03-13T22:55:16.861+0100] {logging_mixin.py:188} INFO - [2026-03-13T22:55:16.861+0100] {dag.py:3089} INFO - Sync 1 DAGs
[2026-03-13T22:55:16.866+0100] {logging_mixin.py:188} INFO - [2026-03-13T22:55:16.866+0100] {dag.py:3947} INFO - Setting next_dagrun for example_complex to None, run_after=None
[2026-03-13T22:55:16.877+0100] {processor.py:183} INFO - Processing /Users/harshasogala/financial-data-platform/venv/lib/python3.12/site-packages/airflow/example_dags/example_complex.py took 0.088 seconds
[2026-03-13T22:56:36.150+0100] {processor.py:161} INFO - Started process (PID=72627) to work on /Users/harshasogala/financial-data-platform/venv/lib/python3.12/site-packages/airflow/example_dags/example_complex.py
[2026-03-13T22:56:36.151+0100] {processor.py:830} INFO - Processing file /Users/harshasogala/financial-data-platform/venv/lib/python3.12/site-packages/airflow/example_dags/example_complex.py for tasks to queue
[2026-03-13T22:56:36.151+0100] {logging_mixin.py:188} INFO - [2026-03-13T22:56:36.151+0100] {dagbag.py:545} INFO - Filling up the DagBag from /Users/harshasogala/financial-data-platform/venv/lib/python3.12/site-packages/airflow/example_dags/example_complex.py
[2026-03-13T22:56:36.158+0100] {processor.py:840} INFO - DAG(s) 'example_complex' retrieved from /Users/harshasogala/financial-data-platform/venv/lib/python3.12/site-packages/airflow/example_dags/example_complex.py
[2026-03-13T22:56:36.219+0100] {logging_mixin.py:188} INFO - [2026-03-13T22:56:36.219+0100] {dag.py:3089} INFO - Sync 1 DAGs
[2026-03-13T22:56:36.225+0100] {logging_mixin.py:188} INFO - [2026-03-13T22:56:36.225+0100] {dag.py:3947} INFO - Setting next_dagrun for example_complex to None, run_after=None
[2026-03-13T22:56:36.240+0100] {processor.py:183} INFO - Processing /Users/harshasogala/financial-data-platform/venv/lib/python3.12/site-packages/airflow/example_dags/example_complex.py took 0.092 seconds
[2026-03-13T22:57:54.766+0100] {processor.py:161} INFO - Started process (PID=72688) to work on /Users/harshasogala/financial-data-platform/venv/lib/python3.12/site-packages/airflow/example_dags/example_complex.py
[2026-03-13T22:57:54.767+0100] {processor.py:830} INFO - Processing file /Users/harshasogala/financial-data-platform/venv/lib/python3.12/site-packages/airflow/example_dags/example_complex.py for tasks to queue
[2026-03-13T22:57:54.768+0100] {logging_mixin.py:188} INFO - [2026-03-13T22:57:54.767+0100] {dagbag.py:545} INFO - Filling up the DagBag from /Users/harshasogala/financial-data-platform/venv/lib/python3.12/site-packages/airflow/example_dags/example_complex.py
[2026-03-13T22:57:54.783+0100] {processor.py:840} INFO - DAG(s) 'example_complex' retrieved from /Users/harshasogala/financial-data-platform/venv/lib/python3.12/site-packages/airflow/example_dags/example_complex.py
[2026-03-13T22:57:54.878+0100] {logging_mixin.py:188} INFO - [2026-03-13T22:57:54.878+0100] {dag.py:3089} INFO - Sync 1 DAGs
[2026-03-13T22:57:54.885+0100] {logging_mixin.py:188} INFO - [2026-03-13T22:57:54.885+0100] {dag.py:3947} INFO - Setting next_dagrun for example_complex to None, run_after=None
[2026-03-13T22:57:54.900+0100] {processor.py:183} INFO - Processing /Users/harshasogala/financial-data-platform/venv/lib/python3.12/site-packages/airflow/example_dags/example_complex.py took 0.138 seconds
[2026-03-13T22:59:18.807+0100] {processor.py:161} INFO - Started process (PID=72762) to work on /Users/harshasogala/financial-data-platform/venv/lib/python3.12/site-packages/airflow/example_dags/example_complex.py
[2026-03-13T22:59:18.807+0100] {processor.py:830} INFO - Processing file /Users/harshasogala/financial-data-platform/venv/lib/python3.12/site-packages/airflow/example_dags/example_complex.py for tasks to queue
[2026-03-13T22:59:18.808+0100] {logging_mixin.py:188} INFO - [2026-03-13T22:59:18.808+0100] {dagbag.py:545} INFO - Filling up the DagBag from /Users/harshasogala/financial-data-platform/venv/lib/python3.12/site-packages/airflow/example_dags/example_complex.py
[2026-03-13T22:59:18.815+0100] {processor.py:840} INFO - DAG(s) 'example_complex' retrieved from /Users/harshasogala/financial-data-platform/venv/lib/python3.12/site-packages/airflow/example_dags/example_complex.py
[2026-03-13T22:59:18.879+0100] {logging_mixin.py:188} INFO - [2026-03-13T22:59:18.879+0100] {dag.py:3089} INFO - Sync 1 DAGs
[2026-03-13T22:59:18.884+0100] {logging_mixin.py:188} INFO - [2026-03-13T22:59:18.884+0100] {dag.py:3947} INFO - Setting next_dagrun for example_complex to None, run_after=None
[2026-03-13T22:59:18.897+0100] {processor.py:183} INFO - Processing /Users/harshasogala/financial-data-platform/venv/lib/python3.12/site-packages/airflow/example_dags/example_complex.py took 0.092 seconds
[2026-03-13T23:00:35.539+0100] {processor.py:161} INFO - Started process (PID=72833) to work on /Users/harshasogala/financial-data-platform/venv/lib/python3.12/site-packages/airflow/example_dags/example_complex.py
[2026-03-13T23:00:35.540+0100] {processor.py:830} INFO - Processing file /Users/harshasogala/financial-data-platform/venv/lib/python3.12/site-packages/airflow/example_dags/example_complex.py for tasks to queue
[2026-03-13T23:00:35.540+0100] {logging_mixin.py:188} INFO - [2026-03-13T23:00:35.540+0100] {dagbag.py:545} INFO - Filling up the DagBag from /Users/harshasogala/financial-data-platform/venv/lib/python3.12/site-packages/airflow/example_dags/example_complex.py
[2026-03-13T23:00:35.548+0100] {processor.py:840} INFO - DAG(s) 'example_complex' retrieved from /Users/harshasogala/financial-data-platform/venv/lib/python3.12/site-packages/airflow/example_dags/example_complex.py
[2026-03-13T23:00:35.609+0100] {logging_mixin.py:188} INFO - [2026-03-13T23:00:35.609+0100] {dag.py:3089} INFO - Sync 1 DAGs
[2026-03-13T23:00:35.614+0100] {logging_mixin.py:188} INFO - [2026-03-13T23:00:35.614+0100] {dag.py:3947} INFO - Setting next_dagrun for example_complex to None, run_after=None
[2026-03-13T23:00:35.626+0100] {processor.py:183} INFO - Processing /Users/harshasogala/financial-data-platform/venv/lib/python3.12/site-packages/airflow/example_dags/example_complex.py took 0.088 seconds
[2026-03-13T23:01:56.566+0100] {processor.py:161} INFO - Started process (PID=72894) to work on /Users/harshasogala/financial-data-platform/venv/lib/python3.12/site-packages/airflow/example_dags/example_complex.py
[2026-03-13T23:01:56.567+0100] {processor.py:830} INFO - Processing file /Users/harshasogala/financial-data-platform/venv/lib/python3.12/site-packages/airflow/example_dags/example_complex.py for tasks to queue
[2026-03-13T23:01:56.567+0100] {logging_mixin.py:188} INFO - [2026-03-13T23:01:56.567+0100] {dagbag.py:545} INFO - Filling up the DagBag from /Users/harshasogala/financial-data-platform/venv/lib/python3.12/site-packages/airflow/example_dags/example_complex.py
[2026-03-13T23:01:56.575+0100] {processor.py:840} INFO - DAG(s) 'example_complex' retrieved from /Users/harshasogala/financial-data-platform/venv/lib/python3.12/site-packages/airflow/example_dags/example_complex.py
[2026-03-13T23:01:56.638+0100] {logging_mixin.py:188} INFO - [2026-03-13T23:01:56.638+0100] {dag.py:3089} INFO - Sync 1 DAGs
[2026-03-13T23:01:56.644+0100] {logging_mixin.py:188} INFO - [2026-03-13T23:01:56.644+0100] {dag.py:3947} INFO - Setting next_dagrun for example_complex to None, run_after=None
[2026-03-13T23:01:56.657+0100] {processor.py:183} INFO - Processing /Users/harshasogala/financial-data-platform/venv/lib/python3.12/site-packages/airflow/example_dags/example_complex.py took 0.093 seconds
[2026-03-13T23:03:14.999+0100] {processor.py:161} INFO - Started process (PID=72952) to work on /Users/harshasogala/financial-data-platform/venv/lib/python3.12/site-packages/airflow/example_dags/example_complex.py
[2026-03-13T23:03:15.001+0100] {processor.py:830} INFO - Processing file /Users/harshasogala/financial-data-platform/venv/lib/python3.12/site-packages/airflow/example_dags/example_complex.py for tasks to queue
[2026-03-13T23:03:15.001+0100] {logging_mixin.py:188} INFO - [2026-03-13T23:03:15.001+0100] {dagbag.py:545} INFO - Filling up the DagBag from /Users/harshasogala/financial-data-platform/venv/lib/python3.12/site-packages/airflow/example_dags/example_complex.py
[2026-03-13T23:03:15.010+0100] {processor.py:840} INFO - DAG(s) 'example_complex' retrieved from /Users/harshasogala/financial-data-platform/venv/lib/python3.12/site-packages/airflow/example_dags/example_complex.py
[2026-03-13T23:03:15.072+0100] {logging_mixin.py:188} INFO - [2026-03-13T23:03:15.072+0100] {dag.py:3089} INFO - Sync 1 DAGs
[2026-03-13T23:03:15.078+0100] {logging_mixin.py:188} INFO - [2026-03-13T23:03:15.078+0100] {dag.py:3947} INFO - Setting next_dagrun for example_complex to None, run_after=None
[2026-03-13T23:03:15.088+0100] {processor.py:183} INFO - Processing /Users/harshasogala/financial-data-platform/venv/lib/python3.12/site-packages/airflow/example_dags/example_complex.py took 0.092 seconds
[2026-03-13T23:04:33.169+0100] {processor.py:161} INFO - Started process (PID=73013) to work on /Users/harshasogala/financial-data-platform/venv/lib/python3.12/site-packages/airflow/example_dags/example_complex.py
[2026-03-13T23:04:33.170+0100] {processor.py:830} INFO - Processing file /Users/harshasogala/financial-data-platform/venv/lib/python3.12/site-packages/airflow/example_dags/example_complex.py for tasks to queue
[2026-03-13T23:04:33.170+0100] {logging_mixin.py:188} INFO - [2026-03-13T23:04:33.170+0100] {dagbag.py:545} INFO - Filling up the DagBag from /Users/harshasogala/financial-data-platform/venv/lib/python3.12/site-packages/airflow/example_dags/example_complex.py
[2026-03-13T23:04:33.178+0100] {processor.py:840} INFO - DAG(s) 'example_complex' retrieved from /Users/harshasogala/financial-data-platform/venv/lib/python3.12/site-packages/airflow/example_dags/example_complex.py
[2026-03-13T23:04:33.239+0100] {logging_mixin.py:188} INFO - [2026-03-13T23:04:33.239+0100] {dag.py:3089} INFO - Sync 1 DAGs
[2026-03-13T23:04:33.244+0100] {logging_mixin.py:188} INFO - [2026-03-13T23:04:33.244+0100] {dag.py:3947} INFO - Setting next_dagrun for example_complex to None, run_after=None
[2026-03-13T23:04:33.255+0100] {processor.py:183} INFO - Processing /Users/harshasogala/financial-data-platform/venv/lib/python3.12/site-packages/airflow/example_dags/example_complex.py took 0.087 seconds
[2026-03-13T23:05:49.888+0100] {processor.py:161} INFO - Started process (PID=73079) to work on /Users/harshasogala/financial-data-platform/venv/lib/python3.12/site-packages/airflow/example_dags/example_complex.py
[2026-03-13T23:05:49.890+0100] {processor.py:830} INFO - Processing file /Users/harshasogala/financial-data-platform/venv/lib/python3.12/site-packages/airflow/example_dags/example_complex.py for tasks to queue
[2026-03-13T23:05:49.890+0100] {logging_mixin.py:188} INFO - [2026-03-13T23:05:49.890+0100] {dagbag.py:545} INFO - Filling up the DagBag from /Users/harshasogala/financial-data-platform/venv/lib/python3.12/site-packages/airflow/example_dags/example_complex.py
[2026-03-13T23:05:49.897+0100] {processor.py:840} INFO - DAG(s) 'example_complex' retrieved from /Users/harshasogala/financial-data-platform/venv/lib/python3.12/site-packages/airflow/example_dags/example_complex.py
[2026-03-13T23:05:49.958+0100] {logging_mixin.py:188} INFO - [2026-03-13T23:05:49.958+0100] {dag.py:3089} INFO - Sync 1 DAGs
[2026-03-13T23:05:49.963+0100] {logging_mixin.py:188} INFO - [2026-03-13T23:05:49.963+0100] {dag.py:3947} INFO - Setting next_dagrun for example_complex to None, run_after=None
[2026-03-13T23:05:49.974+0100] {processor.py:183} INFO - Processing /Users/harshasogala/financial-data-platform/venv/lib/python3.12/site-packages/airflow/example_dags/example_complex.py took 0.088 seconds
[2026-03-13T23:07:10.668+0100] {processor.py:161} INFO - Started process (PID=73147) to work on /Users/harshasogala/financial-data-platform/venv/lib/python3.12/site-packages/airflow/example_dags/example_complex.py
[2026-03-13T23:07:10.669+0100] {processor.py:830} INFO - Processing file /Users/harshasogala/financial-data-platform/venv/lib/python3.12/site-packages/airflow/example_dags/example_complex.py for tasks to queue
[2026-03-13T23:07:10.670+0100] {logging_mixin.py:188} INFO - [2026-03-13T23:07:10.670+0100] {dagbag.py:545} INFO - Filling up the DagBag from /Users/harshasogala/financial-data-platform/venv/lib/python3.12/site-packages/airflow/example_dags/example_complex.py
[2026-03-13T23:07:10.678+0100] {processor.py:840} INFO - DAG(s) 'example_complex' retrieved from /Users/harshasogala/financial-data-platform/venv/lib/python3.12/site-packages/airflow/example_dags/example_complex.py
[2026-03-13T23:07:10.743+0100] {logging_mixin.py:188} INFO - [2026-03-13T23:07:10.743+0100] {dag.py:3089} INFO - Sync 1 DAGs
[2026-03-13T23:07:10.749+0100] {logging_mixin.py:188} INFO - [2026-03-13T23:07:10.749+0100] {dag.py:3947} INFO - Setting next_dagrun for example_complex to None, run_after=None
[2026-03-13T23:07:10.765+0100] {processor.py:183} INFO - Processing /Users/harshasogala/financial-data-platform/venv/lib/python3.12/site-packages/airflow/example_dags/example_complex.py took 0.099 seconds
[2026-03-13T23:08:29.400+0100] {processor.py:161} INFO - Started process (PID=73208) to work on /Users/harshasogala/financial-data-platform/venv/lib/python3.12/site-packages/airflow/example_dags/example_complex.py
[2026-03-13T23:08:29.401+0100] {processor.py:830} INFO - Processing file /Users/harshasogala/financial-data-platform/venv/lib/python3.12/site-packages/airflow/example_dags/example_complex.py for tasks to queue
[2026-03-13T23:08:29.401+0100] {logging_mixin.py:188} INFO - [2026-03-13T23:08:29.401+0100] {dagbag.py:545} INFO - Filling up the DagBag from /Users/harshasogala/financial-data-platform/venv/lib/python3.12/site-packages/airflow/example_dags/example_complex.py
[2026-03-13T23:08:29.410+0100] {processor.py:840} INFO - DAG(s) 'example_complex' retrieved from /Users/harshasogala/financial-data-platform/venv/lib/python3.12/site-packages/airflow/example_dags/example_complex.py
[2026-03-13T23:08:29.480+0100] {logging_mixin.py:188} INFO - [2026-03-13T23:08:29.480+0100] {dag.py:3089} INFO - Sync 1 DAGs
[2026-03-13T23:08:29.486+0100] {logging_mixin.py:188} INFO - [2026-03-13T23:08:29.486+0100] {dag.py:3947} INFO - Setting next_dagrun for example_complex to None, run_after=None
[2026-03-13T23:08:29.500+0100] {processor.py:183} INFO - Processing /Users/harshasogala/financial-data-platform/venv/lib/python3.12/site-packages/airflow/example_dags/example_complex.py took 0.102 seconds
[2026-03-13T23:09:41.740+0100] {processor.py:161} INFO - Started process (PID=73265) to work on /Users/harshasogala/financial-data-platform/venv/lib/python3.12/site-packages/airflow/example_dags/example_complex.py
[2026-03-13T23:09:41.741+0100] {processor.py:830} INFO - Processing file /Users/harshasogala/financial-data-platform/venv/lib/python3.12/site-packages/airflow/example_dags/example_complex.py for tasks to queue
[2026-03-13T23:09:41.741+0100] {logging_mixin.py:188} INFO - [2026-03-13T23:09:41.741+0100] {dagbag.py:545} INFO - Filling up the DagBag from /Users/harshasogala/financial-data-platform/venv/lib/python3.12/site-packages/airflow/example_dags/example_complex.py
[2026-03-13T23:09:41.748+0100] {processor.py:840} INFO - DAG(s) 'example_complex' retrieved from /Users/harshasogala/financial-data-platform/venv/lib/python3.12/site-packages/airflow/example_dags/example_complex.py
[2026-03-13T23:09:41.810+0100] {logging_mixin.py:188} INFO - [2026-03-13T23:09:41.810+0100] {dag.py:3089} INFO - Sync 1 DAGs
[2026-03-13T23:09:41.815+0100] {logging_mixin.py:188} INFO - [2026-03-13T23:09:41.815+0100] {dag.py:3947} INFO - Setting next_dagrun for example_complex to None, run_after=None
[2026-03-13T23:09:41.826+0100] {processor.py:183} INFO - Processing /Users/harshasogala/financial-data-platform/venv/lib/python3.12/site-packages/airflow/example_dags/example_complex.py took 0.088 seconds
[2026-03-13T23:10:54.908+0100] {processor.py:161} INFO - Started process (PID=73322) to work on /Users/harshasogala/financial-data-platform/venv/lib/python3.12/site-packages/airflow/example_dags/example_complex.py
[2026-03-13T23:10:54.909+0100] {processor.py:830} INFO - Processing file /Users/harshasogala/financial-data-platform/venv/lib/python3.12/site-packages/airflow/example_dags/example_complex.py for tasks to queue
[2026-03-13T23:10:54.910+0100] {logging_mixin.py:188} INFO - [2026-03-13T23:10:54.909+0100] {dagbag.py:545} INFO - Filling up the DagBag from /Users/harshasogala/financial-data-platform/venv/lib/python3.12/site-packages/airflow/example_dags/example_complex.py
[2026-03-13T23:10:54.917+0100] {processor.py:840} INFO - DAG(s) 'example_complex' retrieved from /Users/harshasogala/financial-data-platform/venv/lib/python3.12/site-packages/airflow/example_dags/example_complex.py
[2026-03-13T23:10:54.980+0100] {logging_mixin.py:188} INFO - [2026-03-13T23:10:54.980+0100] {dag.py:3089} INFO - Sync 1 DAGs
[2026-03-13T23:10:54.985+0100] {logging_mixin.py:188} INFO - [2026-03-13T23:10:54.985+0100] {dag.py:3947} INFO - Setting next_dagrun for example_complex to None, run_after=None
[2026-03-13T23:10:54.996+0100] {processor.py:183} INFO - Processing /Users/harshasogala/financial-data-platform/venv/lib/python3.12/site-packages/airflow/example_dags/example_complex.py took 0.090 seconds
[2026-03-13T23:12:08.214+0100] {processor.py:161} INFO - Started process (PID=73392) to work on /Users/harshasogala/financial-data-platform/venv/lib/python3.12/site-packages/airflow/example_dags/example_complex.py
[2026-03-13T23:12:08.215+0100] {processor.py:830} INFO - Processing file /Users/harshasogala/financial-data-platform/venv/lib/python3.12/site-packages/airflow/example_dags/example_complex.py for tasks to queue
[2026-03-13T23:12:08.216+0100] {logging_mixin.py:188} INFO - [2026-03-13T23:12:08.215+0100] {dagbag.py:545} INFO - Filling up the DagBag from /Users/harshasogala/financial-data-platform/venv/lib/python3.12/site-packages/airflow/example_dags/example_complex.py
[2026-03-13T23:12:08.225+0100] {processor.py:840} INFO - DAG(s) 'example_complex' retrieved from /Users/harshasogala/financial-data-platform/venv/lib/python3.12/site-packages/airflow/example_dags/example_complex.py
[2026-03-13T23:12:08.291+0100] {logging_mixin.py:188} INFO - [2026-03-13T23:12:08.291+0100] {dag.py:3089} INFO - Sync 1 DAGs
[2026-03-13T23:12:08.296+0100] {logging_mixin.py:188} INFO - [2026-03-13T23:12:08.296+0100] {dag.py:3947} INFO - Setting next_dagrun for example_complex to None, run_after=None
[2026-03-13T23:12:08.309+0100] {processor.py:183} INFO - Processing /Users/harshasogala/financial-data-platform/venv/lib/python3.12/site-packages/airflow/example_dags/example_complex.py took 0.097 seconds
[2026-03-13T23:13:24.170+0100] {processor.py:161} INFO - Started process (PID=73451) to work on /Users/harshasogala/financial-data-platform/venv/lib/python3.12/site-packages/airflow/example_dags/example_complex.py
[2026-03-13T23:13:24.171+0100] {processor.py:830} INFO - Processing file /Users/harshasogala/financial-data-platform/venv/lib/python3.12/site-packages/airflow/example_dags/example_complex.py for tasks to queue
[2026-03-13T23:13:24.172+0100] {logging_mixin.py:188} INFO - [2026-03-13T23:13:24.171+0100] {dagbag.py:545} INFO - Filling up the DagBag from /Users/harshasogala/financial-data-platform/venv/lib/python3.12/site-packages/airflow/example_dags/example_complex.py
[2026-03-13T23:13:24.178+0100] {processor.py:840} INFO - DAG(s) 'example_complex' retrieved from /Users/harshasogala/financial-data-platform/venv/lib/python3.12/site-packages/airflow/example_dags/example_complex.py
[2026-03-13T23:13:24.240+0100] {logging_mixin.py:188} INFO - [2026-03-13T23:13:24.239+0100] {dag.py:3089} INFO - Sync 1 DAGs
[2026-03-13T23:13:24.245+0100] {logging_mixin.py:188} INFO - [2026-03-13T23:13:24.245+0100] {dag.py:3947} INFO - Setting next_dagrun for example_complex to None, run_after=None
[2026-03-13T23:13:24.255+0100] {processor.py:183} INFO - Processing /Users/harshasogala/financial-data-platform/venv/lib/python3.12/site-packages/airflow/example_dags/example_complex.py took 0.087 seconds
[2026-03-13T23:14:37.027+0100] {processor.py:161} INFO - Started process (PID=73511) to work on /Users/harshasogala/financial-data-platform/venv/lib/python3.12/site-packages/airflow/example_dags/example_complex.py
[2026-03-13T23:14:37.027+0100] {processor.py:830} INFO - Processing file /Users/harshasogala/financial-data-platform/venv/lib/python3.12/site-packages/airflow/example_dags/example_complex.py for tasks to queue
[2026-03-13T23:14:37.028+0100] {logging_mixin.py:188} INFO - [2026-03-13T23:14:37.028+0100] {dagbag.py:545} INFO - Filling up the DagBag from /Users/harshasogala/financial-data-platform/venv/lib/python3.12/site-packages/airflow/example_dags/example_complex.py
[2026-03-13T23:14:37.036+0100] {processor.py:840} INFO - DAG(s) 'example_complex' retrieved from /Users/harshasogala/financial-data-platform/venv/lib/python3.12/site-packages/airflow/example_dags/example_complex.py
[2026-03-13T23:14:37.105+0100] {logging_mixin.py:188} INFO - [2026-03-13T23:14:37.105+0100] {dag.py:3089} INFO - Sync 1 DAGs
[2026-03-13T23:14:37.111+0100] {logging_mixin.py:188} INFO - [2026-03-13T23:14:37.111+0100] {dag.py:3947} INFO - Setting next_dagrun for example_complex to None, run_after=None
[2026-03-13T23:14:37.122+0100] {processor.py:183} INFO - Processing /Users/harshasogala/financial-data-platform/venv/lib/python3.12/site-packages/airflow/example_dags/example_complex.py took 0.099 seconds
[2026-03-13T23:15:52.704+0100] {processor.py:161} INFO - Started process (PID=73571) to work on /Users/harshasogala/financial-data-platform/venv/lib/python3.12/site-packages/airflow/example_dags/example_complex.py
[2026-03-13T23:15:52.705+0100] {processor.py:830} INFO - Processing file /Users/harshasogala/financial-data-platform/venv/lib/python3.12/site-packages/airflow/example_dags/example_complex.py for tasks to queue
[2026-03-13T23:15:52.706+0100] {logging_mixin.py:188} INFO - [2026-03-13T23:15:52.705+0100] {dagbag.py:545} INFO - Filling up the DagBag from /Users/harshasogala/financial-data-platform/venv/lib/python3.12/site-packages/airflow/example_dags/example_complex.py
[2026-03-13T23:15:52.713+0100] {processor.py:840} INFO - DAG(s) 'example_complex' retrieved from /Users/harshasogala/financial-data-platform/venv/lib/python3.12/site-packages/airflow/example_dags/example_complex.py
[2026-03-13T23:15:52.775+0100] {logging_mixin.py:188} INFO - [2026-03-13T23:15:52.775+0100] {dag.py:3089} INFO - Sync 1 DAGs
[2026-03-13T23:15:52.780+0100] {logging_mixin.py:188} INFO - [2026-03-13T23:15:52.780+0100] {dag.py:3947} INFO - Setting next_dagrun for example_complex to None, run_after=None
[2026-03-13T23:15:52.793+0100] {processor.py:183} INFO - Processing /Users/harshasogala/financial-data-platform/venv/lib/python3.12/site-packages/airflow/example_dags/example_complex.py took 0.091 seconds
[2026-03-13T23:17:07.673+0100] {processor.py:161} INFO - Started process (PID=73640) to work on /Users/harshasogala/financial-data-platform/venv/lib/python3.12/site-packages/airflow/example_dags/example_complex.py
[2026-03-13T23:17:07.674+0100] {processor.py:830} INFO - Processing file /Users/harshasogala/financial-data-platform/venv/lib/python3.12/site-packages/airflow/example_dags/example_complex.py for tasks to queue
[2026-03-13T23:17:07.674+0100] {logging_mixin.py:188} INFO - [2026-03-13T23:17:07.674+0100] {dagbag.py:545} INFO - Filling up the DagBag from /Users/harshasogala/financial-data-platform/venv/lib/python3.12/site-packages/airflow/example_dags/example_complex.py
[2026-03-13T23:17:07.682+0100] {processor.py:840} INFO - DAG(s) 'example_complex' retrieved from /Users/harshasogala/financial-data-platform/venv/lib/python3.12/site-packages/airflow/example_dags/example_complex.py
[2026-03-13T23:17:07.742+0100] {logging_mixin.py:188} INFO - [2026-03-13T23:17:07.742+0100] {dag.py:3089} INFO - Sync 1 DAGs
[2026-03-13T23:17:07.747+0100] {logging_mixin.py:188} INFO - [2026-03-13T23:17:07.747+0100] {dag.py:3947} INFO - Setting next_dagrun for example_complex to None, run_after=None
[2026-03-13T23:17:07.760+0100] {processor.py:183} INFO - Processing /Users/harshasogala/financial-data-platform/venv/lib/python3.12/site-packages/airflow/example_dags/example_complex.py took 0.089 seconds
[2026-03-13T23:18:25.274+0100] {processor.py:161} INFO - Started process (PID=73703) to work on /Users/harshasogala/financial-data-platform/venv/lib/python3.12/site-packages/airflow/example_dags/example_complex.py
[2026-03-13T23:18:25.276+0100] {processor.py:830} INFO - Processing file /Users/harshasogala/financial-data-platform/venv/lib/python3.12/site-packages/airflow/example_dags/example_complex.py for tasks to queue
[2026-03-13T23:18:25.276+0100] {logging_mixin.py:188} INFO - [2026-03-13T23:18:25.276+0100] {dagbag.py:545} INFO - Filling up the DagBag from /Users/harshasogala/financial-data-platform/venv/lib/python3.12/site-packages/airflow/example_dags/example_complex.py
[2026-03-13T23:18:25.284+0100] {processor.py:840} INFO - DAG(s) 'example_complex' retrieved from /Users/harshasogala/financial-data-platform/venv/lib/python3.12/site-packages/airflow/example_dags/example_complex.py
[2026-03-13T23:18:25.347+0100] {logging_mixin.py:188} INFO - [2026-03-13T23:18:25.347+0100] {dag.py:3089} INFO - Sync 1 DAGs
[2026-03-13T23:18:25.352+0100] {logging_mixin.py:188} INFO - [2026-03-13T23:18:25.352+0100] {dag.py:3947} INFO - Setting next_dagrun for example_complex to None, run_after=None
[2026-03-13T23:18:25.362+0100] {processor.py:183} INFO - Processing /Users/harshasogala/financial-data-platform/venv/lib/python3.12/site-packages/airflow/example_dags/example_complex.py took 0.090 seconds
[2026-03-13T23:19:40.330+0100] {processor.py:161} INFO - Started process (PID=73763) to work on /Users/harshasogala/financial-data-platform/venv/lib/python3.12/site-packages/airflow/example_dags/example_complex.py
[2026-03-13T23:19:40.331+0100] {processor.py:830} INFO - Processing file /Users/harshasogala/financial-data-platform/venv/lib/python3.12/site-packages/airflow/example_dags/example_complex.py for tasks to queue
[2026-03-13T23:19:40.331+0100] {logging_mixin.py:188} INFO - [2026-03-13T23:19:40.331+0100] {dagbag.py:545} INFO - Filling up the DagBag from /Users/harshasogala/financial-data-platform/venv/lib/python3.12/site-packages/airflow/example_dags/example_complex.py
[2026-03-13T23:19:40.340+0100] {processor.py:840} INFO - DAG(s) 'example_complex' retrieved from /Users/harshasogala/financial-data-platform/venv/lib/python3.12/site-packages/airflow/example_dags/example_complex.py
[2026-03-13T23:19:40.455+0100] {logging_mixin.py:188} INFO - [2026-03-13T23:19:40.455+0100] {dag.py:3089} INFO - Sync 1 DAGs
[2026-03-13T23:19:40.462+0100] {logging_mixin.py:188} INFO - [2026-03-13T23:19:40.462+0100] {dag.py:3947} INFO - Setting next_dagrun for example_complex to None, run_after=None
[2026-03-13T23:19:40.476+0100] {processor.py:183} INFO - Processing /Users/harshasogala/financial-data-platform/venv/lib/python3.12/site-packages/airflow/example_dags/example_complex.py took 0.148 seconds
[2026-03-13T23:20:59.324+0100] {processor.py:161} INFO - Started process (PID=73834) to work on /Users/harshasogala/financial-data-platform/venv/lib/python3.12/site-packages/airflow/example_dags/example_complex.py
[2026-03-13T23:20:59.325+0100] {processor.py:830} INFO - Processing file /Users/harshasogala/financial-data-platform/venv/lib/python3.12/site-packages/airflow/example_dags/example_complex.py for tasks to queue
[2026-03-13T23:20:59.325+0100] {logging_mixin.py:188} INFO - [2026-03-13T23:20:59.325+0100] {dagbag.py:545} INFO - Filling up the DagBag from /Users/harshasogala/financial-data-platform/venv/lib/python3.12/site-packages/airflow/example_dags/example_complex.py
[2026-03-13T23:20:59.333+0100] {processor.py:840} INFO - DAG(s) 'example_complex' retrieved from /Users/harshasogala/financial-data-platform/venv/lib/python3.12/site-packages/airflow/example_dags/example_complex.py
[2026-03-13T23:20:59.394+0100] {logging_mixin.py:188} INFO - [2026-03-13T23:20:59.394+0100] {dag.py:3089} INFO - Sync 1 DAGs
[2026-03-13T23:20:59.400+0100] {logging_mixin.py:188} INFO - [2026-03-13T23:20:59.399+0100] {dag.py:3947} INFO - Setting next_dagrun for example_complex to None, run_after=None
[2026-03-13T23:20:59.410+0100] {processor.py:183} INFO - Processing /Users/harshasogala/financial-data-platform/venv/lib/python3.12/site-packages/airflow/example_dags/example_complex.py took 0.088 seconds
[2026-03-13T23:22:12.415+0100] {processor.py:161} INFO - Started process (PID=73910) to work on /Users/harshasogala/financial-data-platform/venv/lib/python3.12/site-packages/airflow/example_dags/example_complex.py
[2026-03-13T23:22:12.417+0100] {processor.py:830} INFO - Processing file /Users/harshasogala/financial-data-platform/venv/lib/python3.12/site-packages/airflow/example_dags/example_complex.py for tasks to queue
[2026-03-13T23:22:12.417+0100] {logging_mixin.py:188} INFO - [2026-03-13T23:22:12.417+0100] {dagbag.py:545} INFO - Filling up the DagBag from /Users/harshasogala/financial-data-platform/venv/lib/python3.12/site-packages/airflow/example_dags/example_complex.py
[2026-03-13T23:22:12.424+0100] {processor.py:840} INFO - DAG(s) 'example_complex' retrieved from /Users/harshasogala/financial-data-platform/venv/lib/python3.12/site-packages/airflow/example_dags/example_complex.py
[2026-03-13T23:22:12.485+0100] {logging_mixin.py:188} INFO - [2026-03-13T23:22:12.485+0100] {dag.py:3089} INFO - Sync 1 DAGs
[2026-03-13T23:22:12.490+0100] {logging_mixin.py:188} INFO - [2026-03-13T23:22:12.490+0100] {dag.py:3947} INFO - Setting next_dagrun for example_complex to None, run_after=None
[2026-03-13T23:22:12.501+0100] {processor.py:183} INFO - Processing /Users/harshasogala/financial-data-platform/venv/lib/python3.12/site-packages/airflow/example_dags/example_complex.py took 0.088 seconds
[2026-03-13T23:23:27.638+0100] {processor.py:161} INFO - Started process (PID=73974) to work on /Users/harshasogala/financial-data-platform/venv/lib/python3.12/site-packages/airflow/example_dags/example_complex.py
[2026-03-13T23:23:27.639+0100] {processor.py:830} INFO - Processing file /Users/harshasogala/financial-data-platform/venv/lib/python3.12/site-packages/airflow/example_dags/example_complex.py for tasks to queue
[2026-03-13T23:23:27.639+0100] {logging_mixin.py:188} INFO - [2026-03-13T23:23:27.639+0100] {dagbag.py:545} INFO - Filling up the DagBag from /Users/harshasogala/financial-data-platform/venv/lib/python3.12/site-packages/airflow/example_dags/example_complex.py
[2026-03-13T23:23:27.646+0100] {processor.py:840} INFO - DAG(s) 'example_complex' retrieved from /Users/harshasogala/financial-data-platform/venv/lib/python3.12/site-packages/airflow/example_dags/example_complex.py
[2026-03-13T23:23:27.710+0100] {logging_mixin.py:188} INFO - [2026-03-13T23:23:27.710+0100] {dag.py:3089} INFO - Sync 1 DAGs
[2026-03-13T23:23:27.715+0100] {logging_mixin.py:188} INFO - [2026-03-13T23:23:27.715+0100] {dag.py:3947} INFO - Setting next_dagrun for example_complex to None, run_after=None
[2026-03-13T23:23:27.726+0100] {processor.py:183} INFO - Processing /Users/harshasogala/financial-data-platform/venv/lib/python3.12/site-packages/airflow/example_dags/example_complex.py took 0.091 seconds
[2026-03-13T23:24:40.739+0100] {processor.py:161} INFO - Started process (PID=74032) to work on /Users/harshasogala/financial-data-platform/venv/lib/python3.12/site-packages/airflow/example_dags/example_complex.py
[2026-03-13T23:24:40.741+0100] {processor.py:830} INFO - Processing file /Users/harshasogala/financial-data-platform/venv/lib/python3.12/site-packages/airflow/example_dags/example_complex.py for tasks to queue
[2026-03-13T23:24:40.742+0100] {logging_mixin.py:188} INFO - [2026-03-13T23:24:40.742+0100] {dagbag.py:545} INFO - Filling up the DagBag from /Users/harshasogala/financial-data-platform/venv/lib/python3.12/site-packages/airflow/example_dags/example_complex.py
[2026-03-13T23:24:40.750+0100] {processor.py:840} INFO - DAG(s) 'example_complex' retrieved from /Users/harshasogala/financial-data-platform/venv/lib/python3.12/site-packages/airflow/example_dags/example_complex.py
[2026-03-13T23:24:40.817+0100] {logging_mixin.py:188} INFO - [2026-03-13T23:24:40.817+0100] {dag.py:3089} INFO - Sync 1 DAGs
[2026-03-13T23:24:40.824+0100] {logging_mixin.py:188} INFO - [2026-03-13T23:24:40.823+0100] {dag.py:3947} INFO - Setting next_dagrun for example_complex to None, run_after=None
[2026-03-13T23:24:40.835+0100] {processor.py:183} INFO - Processing /Users/harshasogala/financial-data-platform/venv/lib/python3.12/site-packages/airflow/example_dags/example_complex.py took 0.103 seconds
[2026-03-13T23:26:00.824+0100] {processor.py:161} INFO - Started process (PID=74092) to work on /Users/harshasogala/financial-data-platform/venv/lib/python3.12/site-packages/airflow/example_dags/example_complex.py
[2026-03-13T23:26:00.827+0100] {processor.py:830} INFO - Processing file /Users/harshasogala/financial-data-platform/venv/lib/python3.12/site-packages/airflow/example_dags/example_complex.py for tasks to queue
[2026-03-13T23:26:00.828+0100] {logging_mixin.py:188} INFO - [2026-03-13T23:26:00.827+0100] {dagbag.py:545} INFO - Filling up the DagBag from /Users/harshasogala/financial-data-platform/venv/lib/python3.12/site-packages/airflow/example_dags/example_complex.py
[2026-03-13T23:26:00.835+0100] {processor.py:840} INFO - DAG(s) 'example_complex' retrieved from /Users/harshasogala/financial-data-platform/venv/lib/python3.12/site-packages/airflow/example_dags/example_complex.py
[2026-03-13T23:26:00.895+0100] {logging_mixin.py:188} INFO - [2026-03-13T23:26:00.895+0100] {dag.py:3089} INFO - Sync 1 DAGs
[2026-03-13T23:26:00.901+0100] {logging_mixin.py:188} INFO - [2026-03-13T23:26:00.900+0100] {dag.py:3947} INFO - Setting next_dagrun for example_complex to None, run_after=None
[2026-03-13T23:26:00.911+0100] {processor.py:183} INFO - Processing /Users/harshasogala/financial-data-platform/venv/lib/python3.12/site-packages/airflow/example_dags/example_complex.py took 0.089 seconds
[2026-03-13T23:27:14.757+0100] {processor.py:161} INFO - Started process (PID=74157) to work on /Users/harshasogala/financial-data-platform/venv/lib/python3.12/site-packages/airflow/example_dags/example_complex.py
[2026-03-13T23:27:14.758+0100] {processor.py:830} INFO - Processing file /Users/harshasogala/financial-data-platform/venv/lib/python3.12/site-packages/airflow/example_dags/example_complex.py for tasks to queue
[2026-03-13T23:27:14.758+0100] {logging_mixin.py:188} INFO - [2026-03-13T23:27:14.758+0100] {dagbag.py:545} INFO - Filling up the DagBag from /Users/harshasogala/financial-data-platform/venv/lib/python3.12/site-packages/airflow/example_dags/example_complex.py
[2026-03-13T23:27:14.766+0100] {processor.py:840} INFO - DAG(s) 'example_complex' retrieved from /Users/harshasogala/financial-data-platform/venv/lib/python3.12/site-packages/airflow/example_dags/example_complex.py
[2026-03-13T23:27:14.828+0100] {logging_mixin.py:188} INFO - [2026-03-13T23:27:14.828+0100] {dag.py:3089} INFO - Sync 1 DAGs
[2026-03-13T23:27:14.833+0100] {logging_mixin.py:188} INFO - [2026-03-13T23:27:14.833+0100] {dag.py:3947} INFO - Setting next_dagrun for example_complex to None, run_after=None
[2026-03-13T23:27:14.844+0100] {processor.py:183} INFO - Processing /Users/harshasogala/financial-data-platform/venv/lib/python3.12/site-packages/airflow/example_dags/example_complex.py took 0.089 seconds
[2026-03-13T23:28:35.701+0100] {processor.py:161} INFO - Started process (PID=74254) to work on /Users/harshasogala/financial-data-platform/venv/lib/python3.12/site-packages/airflow/example_dags/example_complex.py
[2026-03-13T23:28:35.701+0100] {processor.py:830} INFO - Processing file /Users/harshasogala/financial-data-platform/venv/lib/python3.12/site-packages/airflow/example_dags/example_complex.py for tasks to queue
[2026-03-13T23:28:35.702+0100] {logging_mixin.py:188} INFO - [2026-03-13T23:28:35.702+0100] {dagbag.py:545} INFO - Filling up the DagBag from /Users/harshasogala/financial-data-platform/venv/lib/python3.12/site-packages/airflow/example_dags/example_complex.py
[2026-03-13T23:28:35.709+0100] {processor.py:840} INFO - DAG(s) 'example_complex' retrieved from /Users/harshasogala/financial-data-platform/venv/lib/python3.12/site-packages/airflow/example_dags/example_complex.py
[2026-03-13T23:28:35.770+0100] {logging_mixin.py:188} INFO - [2026-03-13T23:28:35.770+0100] {dag.py:3089} INFO - Sync 1 DAGs
[2026-03-13T23:28:35.776+0100] {logging_mixin.py:188} INFO - [2026-03-13T23:28:35.775+0100] {dag.py:3947} INFO - Setting next_dagrun for example_complex to None, run_after=None
[2026-03-13T23:28:35.786+0100] {processor.py:183} INFO - Processing /Users/harshasogala/financial-data-platform/venv/lib/python3.12/site-packages/airflow/example_dags/example_complex.py took 0.087 seconds
[2026-03-13T23:29:49.196+0100] {processor.py:161} INFO - Started process (PID=74312) to work on /Users/harshasogala/financial-data-platform/venv/lib/python3.12/site-packages/airflow/example_dags/example_complex.py
[2026-03-13T23:29:49.197+0100] {processor.py:830} INFO - Processing file /Users/harshasogala/financial-data-platform/venv/lib/python3.12/site-packages/airflow/example_dags/example_complex.py for tasks to queue
[2026-03-13T23:29:49.197+0100] {logging_mixin.py:188} INFO - [2026-03-13T23:29:49.197+0100] {dagbag.py:545} INFO - Filling up the DagBag from /Users/harshasogala/financial-data-platform/venv/lib/python3.12/site-packages/airflow/example_dags/example_complex.py
[2026-03-13T23:29:49.205+0100] {processor.py:840} INFO - DAG(s) 'example_complex' retrieved from /Users/harshasogala/financial-data-platform/venv/lib/python3.12/site-packages/airflow/example_dags/example_complex.py
[2026-03-13T23:29:49.266+0100] {logging_mixin.py:188} INFO - [2026-03-13T23:29:49.266+0100] {dag.py:3089} INFO - Sync 1 DAGs
[2026-03-13T23:29:49.271+0100] {logging_mixin.py:188} INFO - [2026-03-13T23:29:49.271+0100] {dag.py:3947} INFO - Setting next_dagrun for example_complex to None, run_after=None
[2026-03-13T23:29:49.284+0100] {processor.py:183} INFO - Processing /Users/harshasogala/financial-data-platform/venv/lib/python3.12/site-packages/airflow/example_dags/example_complex.py took 0.089 seconds
[2026-03-13T23:31:08.844+0100] {processor.py:161} INFO - Started process (PID=74487) to work on /Users/harshasogala/financial-data-platform/venv/lib/python3.12/site-packages/airflow/example_dags/example_complex.py
[2026-03-13T23:31:08.845+0100] {processor.py:830} INFO - Processing file /Users/harshasogala/financial-data-platform/venv/lib/python3.12/site-packages/airflow/example_dags/example_complex.py for tasks to queue
[2026-03-13T23:31:08.846+0100] {logging_mixin.py:188} INFO - [2026-03-13T23:31:08.845+0100] {dagbag.py:545} INFO - Filling up the DagBag from /Users/harshasogala/financial-data-platform/venv/lib/python3.12/site-packages/airflow/example_dags/example_complex.py
[2026-03-13T23:31:08.853+0100] {processor.py:840} INFO - DAG(s) 'example_complex' retrieved from /Users/harshasogala/financial-data-platform/venv/lib/python3.12/site-packages/airflow/example_dags/example_complex.py
[2026-03-13T23:31:08.916+0100] {logging_mixin.py:188} INFO - [2026-03-13T23:31:08.916+0100] {dag.py:3089} INFO - Sync 1 DAGs
[2026-03-13T23:31:08.921+0100] {logging_mixin.py:188} INFO - [2026-03-13T23:31:08.921+0100] {dag.py:3947} INFO - Setting next_dagrun for example_complex to None, run_after=None
[2026-03-13T23:31:08.932+0100] {processor.py:183} INFO - Processing /Users/harshasogala/financial-data-platform/venv/lib/python3.12/site-packages/airflow/example_dags/example_complex.py took 0.090 seconds
[2026-03-13T23:32:24.691+0100] {processor.py:161} INFO - Started process (PID=74946) to work on /Users/harshasogala/financial-data-platform/venv/lib/python3.12/site-packages/airflow/example_dags/example_complex.py
[2026-03-13T23:32:24.691+0100] {processor.py:830} INFO - Processing file /Users/harshasogala/financial-data-platform/venv/lib/python3.12/site-packages/airflow/example_dags/example_complex.py for tasks to queue
[2026-03-13T23:32:24.692+0100] {logging_mixin.py:188} INFO - [2026-03-13T23:32:24.692+0100] {dagbag.py:545} INFO - Filling up the DagBag from /Users/harshasogala/financial-data-platform/venv/lib/python3.12/site-packages/airflow/example_dags/example_complex.py
[2026-03-13T23:32:24.699+0100] {processor.py:840} INFO - DAG(s) 'example_complex' retrieved from /Users/harshasogala/financial-data-platform/venv/lib/python3.12/site-packages/airflow/example_dags/example_complex.py
[2026-03-13T23:32:24.761+0100] {logging_mixin.py:188} INFO - [2026-03-13T23:32:24.761+0100] {dag.py:3089} INFO - Sync 1 DAGs
[2026-03-13T23:32:24.767+0100] {logging_mixin.py:188} INFO - [2026-03-13T23:32:24.767+0100] {dag.py:3947} INFO - Setting next_dagrun for example_complex to None, run_after=None
[2026-03-13T23:32:24.777+0100] {processor.py:183} INFO - Processing /Users/harshasogala/financial-data-platform/venv/lib/python3.12/site-packages/airflow/example_dags/example_complex.py took 0.089 seconds
