[2026-03-13T22:18:52.266+0100] {processor.py:161} INFO - Started process (PID=66027) to work on /Users/harshasogala/financial-data-platform/venv/lib/python3.12/site-packages/airflow/example_dags/example_latest_only.py
[2026-03-13T22:18:52.267+0100] {processor.py:830} INFO - Processing file /Users/harshasogala/financial-data-platform/venv/lib/python3.12/site-packages/airflow/example_dags/example_latest_only.py for tasks to queue
[2026-03-13T22:18:52.267+0100] {logging_mixin.py:188} INFO - [2026-03-13T22:18:52.267+0100] {dagbag.py:545} INFO - Filling up the DagBag from /Users/harshasogala/financial-data-platform/venv/lib/python3.12/site-packages/airflow/example_dags/example_latest_only.py
[2026-03-13T22:18:52.272+0100] {processor.py:840} INFO - DAG(s) 'latest_only' retrieved from /Users/harshasogala/financial-data-platform/venv/lib/python3.12/site-packages/airflow/example_dags/example_latest_only.py
[2026-03-13T22:18:52.372+0100] {logging_mixin.py:188} INFO - [2026-03-13T22:18:52.372+0100] {override.py:1858} INFO - Created Permission View: can read on DAG:latest_only
[2026-03-13T22:18:52.377+0100] {logging_mixin.py:188} INFO - [2026-03-13T22:18:52.377+0100] {override.py:1858} INFO - Created Permission View: can edit on DAG:latest_only
[2026-03-13T22:18:52.381+0100] {logging_mixin.py:188} INFO - [2026-03-13T22:18:52.381+0100] {override.py:1858} INFO - Created Permission View: can delete on DAG:latest_only
[2026-03-13T22:18:52.381+0100] {logging_mixin.py:188} INFO - [2026-03-13T22:18:52.381+0100] {dag.py:3089} INFO - Sync 1 DAGs
[2026-03-13T22:18:52.387+0100] {logging_mixin.py:188} INFO - [2026-03-13T22:18:52.387+0100] {dag.py:3111} INFO - Creating ORM DAG for latest_only
[2026-03-13T22:18:52.391+0100] {logging_mixin.py:188} INFO - [2026-03-13T22:18:52.391+0100] {dag.py:3947} INFO - Setting next_dagrun for latest_only to 2026-03-13 16:00:00+00:00, run_after=2026-03-13 20:00:00+00:00
[2026-03-13T22:18:52.401+0100] {processor.py:183} INFO - Processing /Users/harshasogala/financial-data-platform/venv/lib/python3.12/site-packages/airflow/example_dags/example_latest_only.py took 0.137 seconds
[2026-03-13T22:20:40.358+0100] {processor.py:161} INFO - Started process (PID=66104) to work on /Users/harshasogala/financial-data-platform/venv/lib/python3.12/site-packages/airflow/example_dags/example_latest_only.py
[2026-03-13T22:20:40.358+0100] {processor.py:830} INFO - Processing file /Users/harshasogala/financial-data-platform/venv/lib/python3.12/site-packages/airflow/example_dags/example_latest_only.py for tasks to queue
[2026-03-13T22:20:40.359+0100] {logging_mixin.py:188} INFO - [2026-03-13T22:20:40.359+0100] {dagbag.py:545} INFO - Filling up the DagBag from /Users/harshasogala/financial-data-platform/venv/lib/python3.12/site-packages/airflow/example_dags/example_latest_only.py
[2026-03-13T22:20:40.364+0100] {processor.py:840} INFO - DAG(s) 'latest_only' retrieved from /Users/harshasogala/financial-data-platform/venv/lib/python3.12/site-packages/airflow/example_dags/example_latest_only.py
[2026-03-13T22:20:40.418+0100] {logging_mixin.py:188} INFO - [2026-03-13T22:20:40.418+0100] {dag.py:3089} INFO - Sync 1 DAGs
[2026-03-13T22:20:40.428+0100] {logging_mixin.py:188} INFO - [2026-03-13T22:20:40.428+0100] {dag.py:3947} INFO - Setting next_dagrun for latest_only to 2026-03-13 16:00:00+00:00, run_after=2026-03-13 20:00:00+00:00
[2026-03-13T22:20:40.438+0100] {processor.py:183} INFO - Processing /Users/harshasogala/financial-data-platform/venv/lib/python3.12/site-packages/airflow/example_dags/example_latest_only.py took 0.083 seconds
[2026-03-13T22:28:37.336+0100] {processor.py:161} INFO - Started process (PID=67340) to work on /Users/harshasogala/financial-data-platform/venv/lib/python3.12/site-packages/airflow/example_dags/example_latest_only.py
[2026-03-13T22:28:37.336+0100] {processor.py:830} INFO - Processing file /Users/harshasogala/financial-data-platform/venv/lib/python3.12/site-packages/airflow/example_dags/example_latest_only.py for tasks to queue
[2026-03-13T22:28:37.337+0100] {logging_mixin.py:188} INFO - [2026-03-13T22:28:37.337+0100] {dagbag.py:545} INFO - Filling up the DagBag from /Users/harshasogala/financial-data-platform/venv/lib/python3.12/site-packages/airflow/example_dags/example_latest_only.py
[2026-03-13T22:28:37.342+0100] {processor.py:840} INFO - DAG(s) 'latest_only' retrieved from /Users/harshasogala/financial-data-platform/venv/lib/python3.12/site-packages/airflow/example_dags/example_latest_only.py
[2026-03-13T22:28:37.399+0100] {logging_mixin.py:188} INFO - [2026-03-13T22:28:37.399+0100] {dag.py:3089} INFO - Sync 1 DAGs
[2026-03-13T22:28:37.410+0100] {logging_mixin.py:188} INFO - [2026-03-13T22:28:37.410+0100] {dag.py:3947} INFO - Setting next_dagrun for latest_only to 2026-03-13 16:00:00+00:00, run_after=2026-03-13 20:00:00+00:00
[2026-03-13T22:28:37.420+0100] {processor.py:183} INFO - Processing /Users/harshasogala/financial-data-platform/venv/lib/python3.12/site-packages/airflow/example_dags/example_latest_only.py took 0.087 seconds
[2026-03-13T22:29:42.956+0100] {processor.py:161} INFO - Started process (PID=67465) to work on /Users/harshasogala/financial-data-platform/venv/lib/python3.12/site-packages/airflow/example_dags/example_latest_only.py
[2026-03-13T22:29:42.958+0100] {processor.py:830} INFO - Processing file /Users/harshasogala/financial-data-platform/venv/lib/python3.12/site-packages/airflow/example_dags/example_latest_only.py for tasks to queue
[2026-03-13T22:29:42.958+0100] {logging_mixin.py:188} INFO - [2026-03-13T22:29:42.958+0100] {dagbag.py:545} INFO - Filling up the DagBag from /Users/harshasogala/financial-data-platform/venv/lib/python3.12/site-packages/airflow/example_dags/example_latest_only.py
[2026-03-13T22:29:42.963+0100] {processor.py:840} INFO - DAG(s) 'latest_only' retrieved from /Users/harshasogala/financial-data-platform/venv/lib/python3.12/site-packages/airflow/example_dags/example_latest_only.py
[2026-03-13T22:29:43.017+0100] {logging_mixin.py:188} INFO - [2026-03-13T22:29:43.016+0100] {dag.py:3089} INFO - Sync 1 DAGs
[2026-03-13T22:29:43.026+0100] {logging_mixin.py:188} INFO - [2026-03-13T22:29:43.026+0100] {dag.py:3947} INFO - Setting next_dagrun for latest_only to 2026-03-13 16:00:00+00:00, run_after=2026-03-13 20:00:00+00:00
[2026-03-13T22:29:43.037+0100] {processor.py:183} INFO - Processing /Users/harshasogala/financial-data-platform/venv/lib/python3.12/site-packages/airflow/example_dags/example_latest_only.py took 0.083 seconds
[2026-03-13T22:30:50.076+0100] {processor.py:161} INFO - Started process (PID=67533) to work on /Users/harshasogala/financial-data-platform/venv/lib/python3.12/site-packages/airflow/example_dags/example_latest_only.py
[2026-03-13T22:30:50.077+0100] {processor.py:830} INFO - Processing file /Users/harshasogala/financial-data-platform/venv/lib/python3.12/site-packages/airflow/example_dags/example_latest_only.py for tasks to queue
[2026-03-13T22:30:50.077+0100] {logging_mixin.py:188} INFO - [2026-03-13T22:30:50.077+0100] {dagbag.py:545} INFO - Filling up the DagBag from /Users/harshasogala/financial-data-platform/venv/lib/python3.12/site-packages/airflow/example_dags/example_latest_only.py
[2026-03-13T22:30:50.082+0100] {processor.py:840} INFO - DAG(s) 'latest_only' retrieved from /Users/harshasogala/financial-data-platform/venv/lib/python3.12/site-packages/airflow/example_dags/example_latest_only.py
[2026-03-13T22:30:50.136+0100] {logging_mixin.py:188} INFO - [2026-03-13T22:30:50.136+0100] {dag.py:3089} INFO - Sync 1 DAGs
[2026-03-13T22:30:50.146+0100] {logging_mixin.py:188} INFO - [2026-03-13T22:30:50.146+0100] {dag.py:3947} INFO - Setting next_dagrun for latest_only to 2026-03-13 16:00:00+00:00, run_after=2026-03-13 20:00:00+00:00
[2026-03-13T22:30:50.158+0100] {processor.py:183} INFO - Processing /Users/harshasogala/financial-data-platform/venv/lib/python3.12/site-packages/airflow/example_dags/example_latest_only.py took 0.084 seconds
[2026-03-13T22:32:12.478+0100] {processor.py:161} INFO - Started process (PID=68427) to work on /Users/harshasogala/financial-data-platform/venv/lib/python3.12/site-packages/airflow/example_dags/example_latest_only.py
[2026-03-13T22:32:12.479+0100] {processor.py:830} INFO - Processing file /Users/harshasogala/financial-data-platform/venv/lib/python3.12/site-packages/airflow/example_dags/example_latest_only.py for tasks to queue
[2026-03-13T22:32:12.479+0100] {logging_mixin.py:188} INFO - [2026-03-13T22:32:12.479+0100] {dagbag.py:545} INFO - Filling up the DagBag from /Users/harshasogala/financial-data-platform/venv/lib/python3.12/site-packages/airflow/example_dags/example_latest_only.py
[2026-03-13T22:32:12.484+0100] {processor.py:840} INFO - DAG(s) 'latest_only' retrieved from /Users/harshasogala/financial-data-platform/venv/lib/python3.12/site-packages/airflow/example_dags/example_latest_only.py
[2026-03-13T22:32:12.537+0100] {logging_mixin.py:188} INFO - [2026-03-13T22:32:12.537+0100] {dag.py:3089} INFO - Sync 1 DAGs
[2026-03-13T22:32:12.546+0100] {logging_mixin.py:188} INFO - [2026-03-13T22:32:12.546+0100] {dag.py:3947} INFO - Setting next_dagrun for latest_only to 2026-03-13 16:00:00+00:00, run_after=2026-03-13 20:00:00+00:00
[2026-03-13T22:32:12.557+0100] {processor.py:183} INFO - Processing /Users/harshasogala/financial-data-platform/venv/lib/python3.12/site-packages/airflow/example_dags/example_latest_only.py took 0.081 seconds
[2026-03-13T22:33:35.878+0100] {processor.py:161} INFO - Started process (PID=69148) to work on /Users/harshasogala/financial-data-platform/venv/lib/python3.12/site-packages/airflow/example_dags/example_latest_only.py
[2026-03-13T22:33:35.879+0100] {processor.py:830} INFO - Processing file /Users/harshasogala/financial-data-platform/venv/lib/python3.12/site-packages/airflow/example_dags/example_latest_only.py for tasks to queue
[2026-03-13T22:33:35.879+0100] {logging_mixin.py:188} INFO - [2026-03-13T22:33:35.879+0100] {dagbag.py:545} INFO - Filling up the DagBag from /Users/harshasogala/financial-data-platform/venv/lib/python3.12/site-packages/airflow/example_dags/example_latest_only.py
[2026-03-13T22:33:35.884+0100] {processor.py:840} INFO - DAG(s) 'latest_only' retrieved from /Users/harshasogala/financial-data-platform/venv/lib/python3.12/site-packages/airflow/example_dags/example_latest_only.py
[2026-03-13T22:33:35.943+0100] {logging_mixin.py:188} INFO - [2026-03-13T22:33:35.943+0100] {dag.py:3089} INFO - Sync 1 DAGs
[2026-03-13T22:33:35.952+0100] {logging_mixin.py:188} INFO - [2026-03-13T22:33:35.952+0100] {dag.py:3947} INFO - Setting next_dagrun for latest_only to 2026-03-13 16:00:00+00:00, run_after=2026-03-13 20:00:00+00:00
[2026-03-13T22:33:35.965+0100] {processor.py:183} INFO - Processing /Users/harshasogala/financial-data-platform/venv/lib/python3.12/site-packages/airflow/example_dags/example_latest_only.py took 0.089 seconds
[2026-03-13T22:34:54.435+0100] {processor.py:161} INFO - Started process (PID=69211) to work on /Users/harshasogala/financial-data-platform/venv/lib/python3.12/site-packages/airflow/example_dags/example_latest_only.py
[2026-03-13T22:34:54.436+0100] {processor.py:830} INFO - Processing file /Users/harshasogala/financial-data-platform/venv/lib/python3.12/site-packages/airflow/example_dags/example_latest_only.py for tasks to queue
[2026-03-13T22:34:54.437+0100] {logging_mixin.py:188} INFO - [2026-03-13T22:34:54.436+0100] {dagbag.py:545} INFO - Filling up the DagBag from /Users/harshasogala/financial-data-platform/venv/lib/python3.12/site-packages/airflow/example_dags/example_latest_only.py
[2026-03-13T22:34:54.441+0100] {processor.py:840} INFO - DAG(s) 'latest_only' retrieved from /Users/harshasogala/financial-data-platform/venv/lib/python3.12/site-packages/airflow/example_dags/example_latest_only.py
[2026-03-13T22:34:54.497+0100] {logging_mixin.py:188} INFO - [2026-03-13T22:34:54.496+0100] {dag.py:3089} INFO - Sync 1 DAGs
[2026-03-13T22:34:54.506+0100] {logging_mixin.py:188} INFO - [2026-03-13T22:34:54.505+0100] {dag.py:3947} INFO - Setting next_dagrun for latest_only to 2026-03-13 16:00:00+00:00, run_after=2026-03-13 20:00:00+00:00
[2026-03-13T22:34:54.517+0100] {processor.py:183} INFO - Processing /Users/harshasogala/financial-data-platform/venv/lib/python3.12/site-packages/airflow/example_dags/example_latest_only.py took 0.084 seconds
[2026-03-13T22:36:09.910+0100] {processor.py:161} INFO - Started process (PID=69290) to work on /Users/harshasogala/financial-data-platform/venv/lib/python3.12/site-packages/airflow/example_dags/example_latest_only.py
[2026-03-13T22:36:09.911+0100] {processor.py:830} INFO - Processing file /Users/harshasogala/financial-data-platform/venv/lib/python3.12/site-packages/airflow/example_dags/example_latest_only.py for tasks to queue
[2026-03-13T22:36:09.912+0100] {logging_mixin.py:188} INFO - [2026-03-13T22:36:09.912+0100] {dagbag.py:545} INFO - Filling up the DagBag from /Users/harshasogala/financial-data-platform/venv/lib/python3.12/site-packages/airflow/example_dags/example_latest_only.py
[2026-03-13T22:36:09.916+0100] {processor.py:840} INFO - DAG(s) 'latest_only' retrieved from /Users/harshasogala/financial-data-platform/venv/lib/python3.12/site-packages/airflow/example_dags/example_latest_only.py
[2026-03-13T22:36:09.971+0100] {logging_mixin.py:188} INFO - [2026-03-13T22:36:09.970+0100] {dag.py:3089} INFO - Sync 1 DAGs
[2026-03-13T22:36:09.980+0100] {logging_mixin.py:188} INFO - [2026-03-13T22:36:09.980+0100] {dag.py:3947} INFO - Setting next_dagrun for latest_only to 2026-03-13 16:00:00+00:00, run_after=2026-03-13 20:00:00+00:00
[2026-03-13T22:36:09.992+0100] {processor.py:183} INFO - Processing /Users/harshasogala/financial-data-platform/venv/lib/python3.12/site-packages/airflow/example_dags/example_latest_only.py took 0.084 seconds
[2026-03-13T22:37:23.837+0100] {processor.py:161} INFO - Started process (PID=69348) to work on /Users/harshasogala/financial-data-platform/venv/lib/python3.12/site-packages/airflow/example_dags/example_latest_only.py
[2026-03-13T22:37:23.838+0100] {processor.py:830} INFO - Processing file /Users/harshasogala/financial-data-platform/venv/lib/python3.12/site-packages/airflow/example_dags/example_latest_only.py for tasks to queue
[2026-03-13T22:37:23.839+0100] {logging_mixin.py:188} INFO - [2026-03-13T22:37:23.839+0100] {dagbag.py:545} INFO - Filling up the DagBag from /Users/harshasogala/financial-data-platform/venv/lib/python3.12/site-packages/airflow/example_dags/example_latest_only.py
[2026-03-13T22:37:23.846+0100] {processor.py:840} INFO - DAG(s) 'latest_only' retrieved from /Users/harshasogala/financial-data-platform/venv/lib/python3.12/site-packages/airflow/example_dags/example_latest_only.py
[2026-03-13T22:37:23.932+0100] {logging_mixin.py:188} INFO - [2026-03-13T22:37:23.932+0100] {dag.py:3089} INFO - Sync 1 DAGs
[2026-03-13T22:37:23.945+0100] {logging_mixin.py:188} INFO - [2026-03-13T22:37:23.945+0100] {dag.py:3947} INFO - Setting next_dagrun for latest_only to 2026-03-13 16:00:00+00:00, run_after=2026-03-13 20:00:00+00:00
[2026-03-13T22:37:23.962+0100] {processor.py:183} INFO - Processing /Users/harshasogala/financial-data-platform/venv/lib/python3.12/site-packages/airflow/example_dags/example_latest_only.py took 0.128 seconds
[2026-03-13T22:38:38.197+0100] {processor.py:161} INFO - Started process (PID=69409) to work on /Users/harshasogala/financial-data-platform/venv/lib/python3.12/site-packages/airflow/example_dags/example_latest_only.py
[2026-03-13T22:38:38.198+0100] {processor.py:830} INFO - Processing file /Users/harshasogala/financial-data-platform/venv/lib/python3.12/site-packages/airflow/example_dags/example_latest_only.py for tasks to queue
[2026-03-13T22:38:38.198+0100] {logging_mixin.py:188} INFO - [2026-03-13T22:38:38.198+0100] {dagbag.py:545} INFO - Filling up the DagBag from /Users/harshasogala/financial-data-platform/venv/lib/python3.12/site-packages/airflow/example_dags/example_latest_only.py
[2026-03-13T22:38:38.203+0100] {processor.py:840} INFO - DAG(s) 'latest_only' retrieved from /Users/harshasogala/financial-data-platform/venv/lib/python3.12/site-packages/airflow/example_dags/example_latest_only.py
[2026-03-13T22:38:38.257+0100] {logging_mixin.py:188} INFO - [2026-03-13T22:38:38.257+0100] {dag.py:3089} INFO - Sync 1 DAGs
[2026-03-13T22:38:38.266+0100] {logging_mixin.py:188} INFO - [2026-03-13T22:38:38.266+0100] {dag.py:3947} INFO - Setting next_dagrun for latest_only to 2026-03-13 16:00:00+00:00, run_after=2026-03-13 20:00:00+00:00
[2026-03-13T22:38:38.278+0100] {processor.py:183} INFO - Processing /Users/harshasogala/financial-data-platform/venv/lib/python3.12/site-packages/airflow/example_dags/example_latest_only.py took 0.083 seconds
[2026-03-13T22:39:52.165+0100] {processor.py:161} INFO - Started process (PID=69634) to work on /Users/harshasogala/financial-data-platform/venv/lib/python3.12/site-packages/airflow/example_dags/example_latest_only.py
[2026-03-13T22:39:52.166+0100] {processor.py:830} INFO - Processing file /Users/harshasogala/financial-data-platform/venv/lib/python3.12/site-packages/airflow/example_dags/example_latest_only.py for tasks to queue
[2026-03-13T22:39:52.166+0100] {logging_mixin.py:188} INFO - [2026-03-13T22:39:52.166+0100] {dagbag.py:545} INFO - Filling up the DagBag from /Users/harshasogala/financial-data-platform/venv/lib/python3.12/site-packages/airflow/example_dags/example_latest_only.py
[2026-03-13T22:39:52.172+0100] {processor.py:840} INFO - DAG(s) 'latest_only' retrieved from /Users/harshasogala/financial-data-platform/venv/lib/python3.12/site-packages/airflow/example_dags/example_latest_only.py
[2026-03-13T22:39:52.227+0100] {logging_mixin.py:188} INFO - [2026-03-13T22:39:52.226+0100] {dag.py:3089} INFO - Sync 1 DAGs
[2026-03-13T22:39:52.236+0100] {logging_mixin.py:188} INFO - [2026-03-13T22:39:52.236+0100] {dag.py:3947} INFO - Setting next_dagrun for latest_only to 2026-03-13 16:00:00+00:00, run_after=2026-03-13 20:00:00+00:00
[2026-03-13T22:39:52.247+0100] {processor.py:183} INFO - Processing /Users/harshasogala/financial-data-platform/venv/lib/python3.12/site-packages/airflow/example_dags/example_latest_only.py took 0.084 seconds
[2026-03-13T22:41:15.915+0100] {processor.py:161} INFO - Started process (PID=69696) to work on /Users/harshasogala/financial-data-platform/venv/lib/python3.12/site-packages/airflow/example_dags/example_latest_only.py
[2026-03-13T22:41:15.916+0100] {processor.py:830} INFO - Processing file /Users/harshasogala/financial-data-platform/venv/lib/python3.12/site-packages/airflow/example_dags/example_latest_only.py for tasks to queue
[2026-03-13T22:41:15.917+0100] {logging_mixin.py:188} INFO - [2026-03-13T22:41:15.917+0100] {dagbag.py:545} INFO - Filling up the DagBag from /Users/harshasogala/financial-data-platform/venv/lib/python3.12/site-packages/airflow/example_dags/example_latest_only.py
[2026-03-13T22:41:15.921+0100] {processor.py:840} INFO - DAG(s) 'latest_only' retrieved from /Users/harshasogala/financial-data-platform/venv/lib/python3.12/site-packages/airflow/example_dags/example_latest_only.py
[2026-03-13T22:41:15.975+0100] {logging_mixin.py:188} INFO - [2026-03-13T22:41:15.975+0100] {dag.py:3089} INFO - Sync 1 DAGs
[2026-03-13T22:41:15.984+0100] {logging_mixin.py:188} INFO - [2026-03-13T22:41:15.984+0100] {dag.py:3947} INFO - Setting next_dagrun for latest_only to 2026-03-13 16:00:00+00:00, run_after=2026-03-13 20:00:00+00:00
[2026-03-13T22:41:15.995+0100] {processor.py:183} INFO - Processing /Users/harshasogala/financial-data-platform/venv/lib/python3.12/site-packages/airflow/example_dags/example_latest_only.py took 0.082 seconds
[2026-03-13T22:42:33.714+0100] {processor.py:161} INFO - Started process (PID=69756) to work on /Users/harshasogala/financial-data-platform/venv/lib/python3.12/site-packages/airflow/example_dags/example_latest_only.py
[2026-03-13T22:42:33.715+0100] {processor.py:830} INFO - Processing file /Users/harshasogala/financial-data-platform/venv/lib/python3.12/site-packages/airflow/example_dags/example_latest_only.py for tasks to queue
[2026-03-13T22:42:33.715+0100] {logging_mixin.py:188} INFO - [2026-03-13T22:42:33.715+0100] {dagbag.py:545} INFO - Filling up the DagBag from /Users/harshasogala/financial-data-platform/venv/lib/python3.12/site-packages/airflow/example_dags/example_latest_only.py
[2026-03-13T22:42:33.720+0100] {processor.py:840} INFO - DAG(s) 'latest_only' retrieved from /Users/harshasogala/financial-data-platform/venv/lib/python3.12/site-packages/airflow/example_dags/example_latest_only.py
[2026-03-13T22:42:33.773+0100] {logging_mixin.py:188} INFO - [2026-03-13T22:42:33.773+0100] {dag.py:3089} INFO - Sync 1 DAGs
[2026-03-13T22:42:33.782+0100] {logging_mixin.py:188} INFO - [2026-03-13T22:42:33.782+0100] {dag.py:3947} INFO - Setting next_dagrun for latest_only to 2026-03-13 16:00:00+00:00, run_after=2026-03-13 20:00:00+00:00
[2026-03-13T22:42:33.794+0100] {processor.py:183} INFO - Processing /Users/harshasogala/financial-data-platform/venv/lib/python3.12/site-packages/airflow/example_dags/example_latest_only.py took 0.081 seconds
[2026-03-13T22:43:53.388+0100] {processor.py:161} INFO - Started process (PID=69833) to work on /Users/harshasogala/financial-data-platform/venv/lib/python3.12/site-packages/airflow/example_dags/example_latest_only.py
[2026-03-13T22:43:53.390+0100] {processor.py:830} INFO - Processing file /Users/harshasogala/financial-data-platform/venv/lib/python3.12/site-packages/airflow/example_dags/example_latest_only.py for tasks to queue
[2026-03-13T22:43:53.392+0100] {logging_mixin.py:188} INFO - [2026-03-13T22:43:53.392+0100] {dagbag.py:545} INFO - Filling up the DagBag from /Users/harshasogala/financial-data-platform/venv/lib/python3.12/site-packages/airflow/example_dags/example_latest_only.py
[2026-03-13T22:43:53.401+0100] {processor.py:840} INFO - DAG(s) 'latest_only' retrieved from /Users/harshasogala/financial-data-platform/venv/lib/python3.12/site-packages/airflow/example_dags/example_latest_only.py
[2026-03-13T22:43:53.472+0100] {logging_mixin.py:188} INFO - [2026-03-13T22:43:53.471+0100] {dag.py:3089} INFO - Sync 1 DAGs
[2026-03-13T22:43:53.485+0100] {logging_mixin.py:188} INFO - [2026-03-13T22:43:53.485+0100] {dag.py:3947} INFO - Setting next_dagrun for latest_only to 2026-03-13 16:00:00+00:00, run_after=2026-03-13 20:00:00+00:00
[2026-03-13T22:43:53.502+0100] {processor.py:183} INFO - Processing /Users/harshasogala/financial-data-platform/venv/lib/python3.12/site-packages/airflow/example_dags/example_latest_only.py took 0.121 seconds
[2026-03-13T22:45:23.766+0100] {processor.py:161} INFO - Started process (PID=70229) to work on /Users/harshasogala/financial-data-platform/venv/lib/python3.12/site-packages/airflow/example_dags/example_latest_only.py
[2026-03-13T22:45:23.767+0100] {processor.py:830} INFO - Processing file /Users/harshasogala/financial-data-platform/venv/lib/python3.12/site-packages/airflow/example_dags/example_latest_only.py for tasks to queue
[2026-03-13T22:45:23.767+0100] {logging_mixin.py:188} INFO - [2026-03-13T22:45:23.767+0100] {dagbag.py:545} INFO - Filling up the DagBag from /Users/harshasogala/financial-data-platform/venv/lib/python3.12/site-packages/airflow/example_dags/example_latest_only.py
[2026-03-13T22:45:23.773+0100] {processor.py:840} INFO - DAG(s) 'latest_only' retrieved from /Users/harshasogala/financial-data-platform/venv/lib/python3.12/site-packages/airflow/example_dags/example_latest_only.py
[2026-03-13T22:45:23.844+0100] {logging_mixin.py:188} INFO - [2026-03-13T22:45:23.844+0100] {dag.py:3089} INFO - Sync 1 DAGs
[2026-03-13T22:45:23.854+0100] {logging_mixin.py:188} INFO - [2026-03-13T22:45:23.854+0100] {dag.py:3947} INFO - Setting next_dagrun for latest_only to 2026-03-13 16:00:00+00:00, run_after=2026-03-13 20:00:00+00:00
[2026-03-13T22:45:23.870+0100] {processor.py:183} INFO - Processing /Users/harshasogala/financial-data-platform/venv/lib/python3.12/site-packages/airflow/example_dags/example_latest_only.py took 0.107 seconds
[2026-03-13T22:46:50.460+0100] {processor.py:161} INFO - Started process (PID=70607) to work on /Users/harshasogala/financial-data-platform/venv/lib/python3.12/site-packages/airflow/example_dags/example_latest_only.py
[2026-03-13T22:46:50.461+0100] {processor.py:830} INFO - Processing file /Users/harshasogala/financial-data-platform/venv/lib/python3.12/site-packages/airflow/example_dags/example_latest_only.py for tasks to queue
[2026-03-13T22:46:50.461+0100] {logging_mixin.py:188} INFO - [2026-03-13T22:46:50.461+0100] {dagbag.py:545} INFO - Filling up the DagBag from /Users/harshasogala/financial-data-platform/venv/lib/python3.12/site-packages/airflow/example_dags/example_latest_only.py
[2026-03-13T22:46:50.466+0100] {processor.py:840} INFO - DAG(s) 'latest_only' retrieved from /Users/harshasogala/financial-data-platform/venv/lib/python3.12/site-packages/airflow/example_dags/example_latest_only.py
[2026-03-13T22:46:50.522+0100] {logging_mixin.py:188} INFO - [2026-03-13T22:46:50.522+0100] {dag.py:3089} INFO - Sync 1 DAGs
[2026-03-13T22:46:50.531+0100] {logging_mixin.py:188} INFO - [2026-03-13T22:46:50.531+0100] {dag.py:3947} INFO - Setting next_dagrun for latest_only to 2026-03-13 16:00:00+00:00, run_after=2026-03-13 20:00:00+00:00
[2026-03-13T22:46:50.543+0100] {processor.py:183} INFO - Processing /Users/harshasogala/financial-data-platform/venv/lib/python3.12/site-packages/airflow/example_dags/example_latest_only.py took 0.085 seconds
[2026-03-13T22:48:13.740+0100] {processor.py:161} INFO - Started process (PID=71412) to work on /Users/harshasogala/financial-data-platform/venv/lib/python3.12/site-packages/airflow/example_dags/example_latest_only.py
[2026-03-13T22:48:13.741+0100] {processor.py:830} INFO - Processing file /Users/harshasogala/financial-data-platform/venv/lib/python3.12/site-packages/airflow/example_dags/example_latest_only.py for tasks to queue
[2026-03-13T22:48:13.742+0100] {logging_mixin.py:188} INFO - [2026-03-13T22:48:13.741+0100] {dagbag.py:545} INFO - Filling up the DagBag from /Users/harshasogala/financial-data-platform/venv/lib/python3.12/site-packages/airflow/example_dags/example_latest_only.py
[2026-03-13T22:48:13.746+0100] {processor.py:840} INFO - DAG(s) 'latest_only' retrieved from /Users/harshasogala/financial-data-platform/venv/lib/python3.12/site-packages/airflow/example_dags/example_latest_only.py
[2026-03-13T22:48:13.800+0100] {logging_mixin.py:188} INFO - [2026-03-13T22:48:13.800+0100] {dag.py:3089} INFO - Sync 1 DAGs
[2026-03-13T22:48:13.809+0100] {logging_mixin.py:188} INFO - [2026-03-13T22:48:13.809+0100] {dag.py:3947} INFO - Setting next_dagrun for latest_only to 2026-03-13 16:00:00+00:00, run_after=2026-03-13 20:00:00+00:00
[2026-03-13T22:48:13.820+0100] {processor.py:183} INFO - Processing /Users/harshasogala/financial-data-platform/venv/lib/python3.12/site-packages/airflow/example_dags/example_latest_only.py took 0.082 seconds
[2026-03-13T22:49:33.542+0100] {processor.py:161} INFO - Started process (PID=71486) to work on /Users/harshasogala/financial-data-platform/venv/lib/python3.12/site-packages/airflow/example_dags/example_latest_only.py
[2026-03-13T22:49:33.543+0100] {processor.py:830} INFO - Processing file /Users/harshasogala/financial-data-platform/venv/lib/python3.12/site-packages/airflow/example_dags/example_latest_only.py for tasks to queue
[2026-03-13T22:49:33.544+0100] {logging_mixin.py:188} INFO - [2026-03-13T22:49:33.543+0100] {dagbag.py:545} INFO - Filling up the DagBag from /Users/harshasogala/financial-data-platform/venv/lib/python3.12/site-packages/airflow/example_dags/example_latest_only.py
[2026-03-13T22:49:33.548+0100] {processor.py:840} INFO - DAG(s) 'latest_only' retrieved from /Users/harshasogala/financial-data-platform/venv/lib/python3.12/site-packages/airflow/example_dags/example_latest_only.py
[2026-03-13T22:49:33.603+0100] {logging_mixin.py:188} INFO - [2026-03-13T22:49:33.602+0100] {dag.py:3089} INFO - Sync 1 DAGs
[2026-03-13T22:49:33.612+0100] {logging_mixin.py:188} INFO - [2026-03-13T22:49:33.612+0100] {dag.py:3947} INFO - Setting next_dagrun for latest_only to 2026-03-13 16:00:00+00:00, run_after=2026-03-13 20:00:00+00:00
[2026-03-13T22:49:33.625+0100] {processor.py:183} INFO - Processing /Users/harshasogala/financial-data-platform/venv/lib/python3.12/site-packages/airflow/example_dags/example_latest_only.py took 0.085 seconds
[2026-03-13T22:51:04.086+0100] {processor.py:161} INFO - Started process (PID=72024) to work on /Users/harshasogala/financial-data-platform/venv/lib/python3.12/site-packages/airflow/example_dags/example_latest_only.py
[2026-03-13T22:51:04.087+0100] {processor.py:830} INFO - Processing file /Users/harshasogala/financial-data-platform/venv/lib/python3.12/site-packages/airflow/example_dags/example_latest_only.py for tasks to queue
[2026-03-13T22:51:04.088+0100] {logging_mixin.py:188} INFO - [2026-03-13T22:51:04.088+0100] {dagbag.py:545} INFO - Filling up the DagBag from /Users/harshasogala/financial-data-platform/venv/lib/python3.12/site-packages/airflow/example_dags/example_latest_only.py
[2026-03-13T22:51:04.092+0100] {processor.py:840} INFO - DAG(s) 'latest_only' retrieved from /Users/harshasogala/financial-data-platform/venv/lib/python3.12/site-packages/airflow/example_dags/example_latest_only.py
[2026-03-13T22:51:04.147+0100] {logging_mixin.py:188} INFO - [2026-03-13T22:51:04.146+0100] {dag.py:3089} INFO - Sync 1 DAGs
[2026-03-13T22:51:04.155+0100] {logging_mixin.py:188} INFO - [2026-03-13T22:51:04.155+0100] {dag.py:3947} INFO - Setting next_dagrun for latest_only to 2026-03-13 16:00:00+00:00, run_after=2026-03-13 20:00:00+00:00
[2026-03-13T22:51:04.166+0100] {processor.py:183} INFO - Processing /Users/harshasogala/financial-data-platform/venv/lib/python3.12/site-packages/airflow/example_dags/example_latest_only.py took 0.082 seconds
[2026-03-13T22:52:20.118+0100] {processor.py:161} INFO - Started process (PID=72317) to work on /Users/harshasogala/financial-data-platform/venv/lib/python3.12/site-packages/airflow/example_dags/example_latest_only.py
[2026-03-13T22:52:20.119+0100] {processor.py:830} INFO - Processing file /Users/harshasogala/financial-data-platform/venv/lib/python3.12/site-packages/airflow/example_dags/example_latest_only.py for tasks to queue
[2026-03-13T22:52:20.119+0100] {logging_mixin.py:188} INFO - [2026-03-13T22:52:20.119+0100] {dagbag.py:545} INFO - Filling up the DagBag from /Users/harshasogala/financial-data-platform/venv/lib/python3.12/site-packages/airflow/example_dags/example_latest_only.py
[2026-03-13T22:52:20.124+0100] {processor.py:840} INFO - DAG(s) 'latest_only' retrieved from /Users/harshasogala/financial-data-platform/venv/lib/python3.12/site-packages/airflow/example_dags/example_latest_only.py
[2026-03-13T22:52:20.178+0100] {logging_mixin.py:188} INFO - [2026-03-13T22:52:20.178+0100] {dag.py:3089} INFO - Sync 1 DAGs
[2026-03-13T22:52:20.187+0100] {logging_mixin.py:188} INFO - [2026-03-13T22:52:20.187+0100] {dag.py:3947} INFO - Setting next_dagrun for latest_only to 2026-03-13 16:00:00+00:00, run_after=2026-03-13 20:00:00+00:00
[2026-03-13T22:52:20.199+0100] {processor.py:183} INFO - Processing /Users/harshasogala/financial-data-platform/venv/lib/python3.12/site-packages/airflow/example_dags/example_latest_only.py took 0.083 seconds
[2026-03-13T22:53:36.652+0100] {processor.py:161} INFO - Started process (PID=72420) to work on /Users/harshasogala/financial-data-platform/venv/lib/python3.12/site-packages/airflow/example_dags/example_latest_only.py
[2026-03-13T22:53:36.653+0100] {processor.py:830} INFO - Processing file /Users/harshasogala/financial-data-platform/venv/lib/python3.12/site-packages/airflow/example_dags/example_latest_only.py for tasks to queue
[2026-03-13T22:53:36.653+0100] {logging_mixin.py:188} INFO - [2026-03-13T22:53:36.653+0100] {dagbag.py:545} INFO - Filling up the DagBag from /Users/harshasogala/financial-data-platform/venv/lib/python3.12/site-packages/airflow/example_dags/example_latest_only.py
[2026-03-13T22:53:36.658+0100] {processor.py:840} INFO - DAG(s) 'latest_only' retrieved from /Users/harshasogala/financial-data-platform/venv/lib/python3.12/site-packages/airflow/example_dags/example_latest_only.py
[2026-03-13T22:53:36.711+0100] {logging_mixin.py:188} INFO - [2026-03-13T22:53:36.711+0100] {dag.py:3089} INFO - Sync 1 DAGs
[2026-03-13T22:53:36.720+0100] {logging_mixin.py:188} INFO - [2026-03-13T22:53:36.720+0100] {dag.py:3947} INFO - Setting next_dagrun for latest_only to 2026-03-13 16:00:00+00:00, run_after=2026-03-13 20:00:00+00:00
[2026-03-13T22:53:36.731+0100] {processor.py:183} INFO - Processing /Users/harshasogala/financial-data-platform/venv/lib/python3.12/site-packages/airflow/example_dags/example_latest_only.py took 0.081 seconds
[2026-03-13T22:55:06.304+0100] {processor.py:161} INFO - Started process (PID=72524) to work on /Users/harshasogala/financial-data-platform/venv/lib/python3.12/site-packages/airflow/example_dags/example_latest_only.py
[2026-03-13T22:55:06.305+0100] {processor.py:830} INFO - Processing file /Users/harshasogala/financial-data-platform/venv/lib/python3.12/site-packages/airflow/example_dags/example_latest_only.py for tasks to queue
[2026-03-13T22:55:06.306+0100] {logging_mixin.py:188} INFO - [2026-03-13T22:55:06.306+0100] {dagbag.py:545} INFO - Filling up the DagBag from /Users/harshasogala/financial-data-platform/venv/lib/python3.12/site-packages/airflow/example_dags/example_latest_only.py
[2026-03-13T22:55:06.310+0100] {processor.py:840} INFO - DAG(s) 'latest_only' retrieved from /Users/harshasogala/financial-data-platform/venv/lib/python3.12/site-packages/airflow/example_dags/example_latest_only.py
[2026-03-13T22:55:06.365+0100] {logging_mixin.py:188} INFO - [2026-03-13T22:55:06.365+0100] {dag.py:3089} INFO - Sync 1 DAGs
[2026-03-13T22:55:06.374+0100] {logging_mixin.py:188} INFO - [2026-03-13T22:55:06.374+0100] {dag.py:3947} INFO - Setting next_dagrun for latest_only to 2026-03-13 16:00:00+00:00, run_after=2026-03-13 20:00:00+00:00
[2026-03-13T22:55:06.385+0100] {processor.py:183} INFO - Processing /Users/harshasogala/financial-data-platform/venv/lib/python3.12/site-packages/airflow/example_dags/example_latest_only.py took 0.082 seconds
[2026-03-13T22:56:24.959+0100] {processor.py:161} INFO - Started process (PID=72618) to work on /Users/harshasogala/financial-data-platform/venv/lib/python3.12/site-packages/airflow/example_dags/example_latest_only.py
[2026-03-13T22:56:24.960+0100] {processor.py:830} INFO - Processing file /Users/harshasogala/financial-data-platform/venv/lib/python3.12/site-packages/airflow/example_dags/example_latest_only.py for tasks to queue
[2026-03-13T22:56:24.961+0100] {logging_mixin.py:188} INFO - [2026-03-13T22:56:24.961+0100] {dagbag.py:545} INFO - Filling up the DagBag from /Users/harshasogala/financial-data-platform/venv/lib/python3.12/site-packages/airflow/example_dags/example_latest_only.py
[2026-03-13T22:56:24.966+0100] {processor.py:840} INFO - DAG(s) 'latest_only' retrieved from /Users/harshasogala/financial-data-platform/venv/lib/python3.12/site-packages/airflow/example_dags/example_latest_only.py
[2026-03-13T22:56:25.021+0100] {logging_mixin.py:188} INFO - [2026-03-13T22:56:25.021+0100] {dag.py:3089} INFO - Sync 1 DAGs
[2026-03-13T22:56:25.030+0100] {logging_mixin.py:188} INFO - [2026-03-13T22:56:25.030+0100] {dag.py:3947} INFO - Setting next_dagrun for latest_only to 2026-03-13 16:00:00+00:00, run_after=2026-03-13 20:00:00+00:00
[2026-03-13T22:56:25.041+0100] {processor.py:183} INFO - Processing /Users/harshasogala/financial-data-platform/venv/lib/python3.12/site-packages/airflow/example_dags/example_latest_only.py took 0.084 seconds
[2026-03-13T22:57:43.650+0100] {processor.py:161} INFO - Started process (PID=72678) to work on /Users/harshasogala/financial-data-platform/venv/lib/python3.12/site-packages/airflow/example_dags/example_latest_only.py
[2026-03-13T22:57:43.651+0100] {processor.py:830} INFO - Processing file /Users/harshasogala/financial-data-platform/venv/lib/python3.12/site-packages/airflow/example_dags/example_latest_only.py for tasks to queue
[2026-03-13T22:57:43.652+0100] {logging_mixin.py:188} INFO - [2026-03-13T22:57:43.651+0100] {dagbag.py:545} INFO - Filling up the DagBag from /Users/harshasogala/financial-data-platform/venv/lib/python3.12/site-packages/airflow/example_dags/example_latest_only.py
[2026-03-13T22:57:43.660+0100] {processor.py:840} INFO - DAG(s) 'latest_only' retrieved from /Users/harshasogala/financial-data-platform/venv/lib/python3.12/site-packages/airflow/example_dags/example_latest_only.py
[2026-03-13T22:57:43.727+0100] {logging_mixin.py:188} INFO - [2026-03-13T22:57:43.727+0100] {dag.py:3089} INFO - Sync 1 DAGs
[2026-03-13T22:57:43.738+0100] {logging_mixin.py:188} INFO - [2026-03-13T22:57:43.738+0100] {dag.py:3947} INFO - Setting next_dagrun for latest_only to 2026-03-13 16:00:00+00:00, run_after=2026-03-13 20:00:00+00:00
[2026-03-13T22:57:43.752+0100] {processor.py:183} INFO - Processing /Users/harshasogala/financial-data-platform/venv/lib/python3.12/site-packages/airflow/example_dags/example_latest_only.py took 0.117 seconds
[2026-03-13T22:59:07.579+0100] {processor.py:161} INFO - Started process (PID=72754) to work on /Users/harshasogala/financial-data-platform/venv/lib/python3.12/site-packages/airflow/example_dags/example_latest_only.py
[2026-03-13T22:59:07.580+0100] {processor.py:830} INFO - Processing file /Users/harshasogala/financial-data-platform/venv/lib/python3.12/site-packages/airflow/example_dags/example_latest_only.py for tasks to queue
[2026-03-13T22:59:07.581+0100] {logging_mixin.py:188} INFO - [2026-03-13T22:59:07.581+0100] {dagbag.py:545} INFO - Filling up the DagBag from /Users/harshasogala/financial-data-platform/venv/lib/python3.12/site-packages/airflow/example_dags/example_latest_only.py
[2026-03-13T22:59:07.585+0100] {processor.py:840} INFO - DAG(s) 'latest_only' retrieved from /Users/harshasogala/financial-data-platform/venv/lib/python3.12/site-packages/airflow/example_dags/example_latest_only.py
[2026-03-13T22:59:07.641+0100] {logging_mixin.py:188} INFO - [2026-03-13T22:59:07.641+0100] {dag.py:3089} INFO - Sync 1 DAGs
[2026-03-13T22:59:07.650+0100] {logging_mixin.py:188} INFO - [2026-03-13T22:59:07.650+0100] {dag.py:3947} INFO - Setting next_dagrun for latest_only to 2026-03-13 16:00:00+00:00, run_after=2026-03-13 20:00:00+00:00
[2026-03-13T22:59:07.663+0100] {processor.py:183} INFO - Processing /Users/harshasogala/financial-data-platform/venv/lib/python3.12/site-packages/airflow/example_dags/example_latest_only.py took 0.085 seconds
[2026-03-13T23:00:24.132+0100] {processor.py:161} INFO - Started process (PID=72824) to work on /Users/harshasogala/financial-data-platform/venv/lib/python3.12/site-packages/airflow/example_dags/example_latest_only.py
[2026-03-13T23:00:24.134+0100] {processor.py:830} INFO - Processing file /Users/harshasogala/financial-data-platform/venv/lib/python3.12/site-packages/airflow/example_dags/example_latest_only.py for tasks to queue
[2026-03-13T23:00:24.134+0100] {logging_mixin.py:188} INFO - [2026-03-13T23:00:24.134+0100] {dagbag.py:545} INFO - Filling up the DagBag from /Users/harshasogala/financial-data-platform/venv/lib/python3.12/site-packages/airflow/example_dags/example_latest_only.py
[2026-03-13T23:00:24.139+0100] {processor.py:840} INFO - DAG(s) 'latest_only' retrieved from /Users/harshasogala/financial-data-platform/venv/lib/python3.12/site-packages/airflow/example_dags/example_latest_only.py
[2026-03-13T23:00:24.193+0100] {logging_mixin.py:188} INFO - [2026-03-13T23:00:24.193+0100] {dag.py:3089} INFO - Sync 1 DAGs
[2026-03-13T23:00:24.202+0100] {logging_mixin.py:188} INFO - [2026-03-13T23:00:24.202+0100] {dag.py:3947} INFO - Setting next_dagrun for latest_only to 2026-03-13 16:00:00+00:00, run_after=2026-03-13 20:00:00+00:00
[2026-03-13T23:00:24.214+0100] {processor.py:183} INFO - Processing /Users/harshasogala/financial-data-platform/venv/lib/python3.12/site-packages/airflow/example_dags/example_latest_only.py took 0.083 seconds
[2026-03-13T23:01:45.678+0100] {processor.py:161} INFO - Started process (PID=72886) to work on /Users/harshasogala/financial-data-platform/venv/lib/python3.12/site-packages/airflow/example_dags/example_latest_only.py
[2026-03-13T23:01:45.679+0100] {processor.py:830} INFO - Processing file /Users/harshasogala/financial-data-platform/venv/lib/python3.12/site-packages/airflow/example_dags/example_latest_only.py for tasks to queue
[2026-03-13T23:01:45.680+0100] {logging_mixin.py:188} INFO - [2026-03-13T23:01:45.680+0100] {dagbag.py:545} INFO - Filling up the DagBag from /Users/harshasogala/financial-data-platform/venv/lib/python3.12/site-packages/airflow/example_dags/example_latest_only.py
[2026-03-13T23:01:45.684+0100] {processor.py:840} INFO - DAG(s) 'latest_only' retrieved from /Users/harshasogala/financial-data-platform/venv/lib/python3.12/site-packages/airflow/example_dags/example_latest_only.py
[2026-03-13T23:01:45.739+0100] {logging_mixin.py:188} INFO - [2026-03-13T23:01:45.739+0100] {dag.py:3089} INFO - Sync 1 DAGs
[2026-03-13T23:01:45.748+0100] {logging_mixin.py:188} INFO - [2026-03-13T23:01:45.747+0100] {dag.py:3947} INFO - Setting next_dagrun for latest_only to 2026-03-13 16:00:00+00:00, run_after=2026-03-13 20:00:00+00:00
[2026-03-13T23:01:45.759+0100] {processor.py:183} INFO - Processing /Users/harshasogala/financial-data-platform/venv/lib/python3.12/site-packages/airflow/example_dags/example_latest_only.py took 0.082 seconds
[2026-03-13T23:03:02.475+0100] {processor.py:161} INFO - Started process (PID=72944) to work on /Users/harshasogala/financial-data-platform/venv/lib/python3.12/site-packages/airflow/example_dags/example_latest_only.py
[2026-03-13T23:03:02.477+0100] {processor.py:830} INFO - Processing file /Users/harshasogala/financial-data-platform/venv/lib/python3.12/site-packages/airflow/example_dags/example_latest_only.py for tasks to queue
[2026-03-13T23:03:02.478+0100] {logging_mixin.py:188} INFO - [2026-03-13T23:03:02.478+0100] {dagbag.py:545} INFO - Filling up the DagBag from /Users/harshasogala/financial-data-platform/venv/lib/python3.12/site-packages/airflow/example_dags/example_latest_only.py
[2026-03-13T23:03:02.487+0100] {processor.py:840} INFO - DAG(s) 'latest_only' retrieved from /Users/harshasogala/financial-data-platform/venv/lib/python3.12/site-packages/airflow/example_dags/example_latest_only.py
[2026-03-13T23:03:02.745+0100] {logging_mixin.py:188} INFO - [2026-03-13T23:03:02.744+0100] {dag.py:3089} INFO - Sync 1 DAGs
[2026-03-13T23:03:02.764+0100] {logging_mixin.py:188} INFO - [2026-03-13T23:03:02.764+0100] {dag.py:3947} INFO - Setting next_dagrun for latest_only to 2026-03-13 16:00:00+00:00, run_after=2026-03-13 20:00:00+00:00
[2026-03-13T23:03:02.788+0100] {processor.py:183} INFO - Processing /Users/harshasogala/financial-data-platform/venv/lib/python3.12/site-packages/airflow/example_dags/example_latest_only.py took 0.321 seconds
[2026-03-13T23:04:21.812+0100] {processor.py:161} INFO - Started process (PID=73005) to work on /Users/harshasogala/financial-data-platform/venv/lib/python3.12/site-packages/airflow/example_dags/example_latest_only.py
[2026-03-13T23:04:21.812+0100] {processor.py:830} INFO - Processing file /Users/harshasogala/financial-data-platform/venv/lib/python3.12/site-packages/airflow/example_dags/example_latest_only.py for tasks to queue
[2026-03-13T23:04:21.813+0100] {logging_mixin.py:188} INFO - [2026-03-13T23:04:21.813+0100] {dagbag.py:545} INFO - Filling up the DagBag from /Users/harshasogala/financial-data-platform/venv/lib/python3.12/site-packages/airflow/example_dags/example_latest_only.py
[2026-03-13T23:04:21.818+0100] {processor.py:840} INFO - DAG(s) 'latest_only' retrieved from /Users/harshasogala/financial-data-platform/venv/lib/python3.12/site-packages/airflow/example_dags/example_latest_only.py
[2026-03-13T23:04:21.876+0100] {logging_mixin.py:188} INFO - [2026-03-13T23:04:21.875+0100] {dag.py:3089} INFO - Sync 1 DAGs
[2026-03-13T23:04:21.885+0100] {logging_mixin.py:188} INFO - [2026-03-13T23:04:21.885+0100] {dag.py:3947} INFO - Setting next_dagrun for latest_only to 2026-03-13 16:00:00+00:00, run_after=2026-03-13 20:00:00+00:00
[2026-03-13T23:04:21.898+0100] {processor.py:183} INFO - Processing /Users/harshasogala/financial-data-platform/venv/lib/python3.12/site-packages/airflow/example_dags/example_latest_only.py took 0.089 seconds
[2026-03-13T23:05:38.922+0100] {processor.py:161} INFO - Started process (PID=73070) to work on /Users/harshasogala/financial-data-platform/venv/lib/python3.12/site-packages/airflow/example_dags/example_latest_only.py
[2026-03-13T23:05:38.923+0100] {processor.py:830} INFO - Processing file /Users/harshasogala/financial-data-platform/venv/lib/python3.12/site-packages/airflow/example_dags/example_latest_only.py for tasks to queue
[2026-03-13T23:05:38.923+0100] {logging_mixin.py:188} INFO - [2026-03-13T23:05:38.923+0100] {dagbag.py:545} INFO - Filling up the DagBag from /Users/harshasogala/financial-data-platform/venv/lib/python3.12/site-packages/airflow/example_dags/example_latest_only.py
[2026-03-13T23:05:38.928+0100] {processor.py:840} INFO - DAG(s) 'latest_only' retrieved from /Users/harshasogala/financial-data-platform/venv/lib/python3.12/site-packages/airflow/example_dags/example_latest_only.py
[2026-03-13T23:05:38.983+0100] {logging_mixin.py:188} INFO - [2026-03-13T23:05:38.983+0100] {dag.py:3089} INFO - Sync 1 DAGs
[2026-03-13T23:05:38.993+0100] {logging_mixin.py:188} INFO - [2026-03-13T23:05:38.993+0100] {dag.py:3947} INFO - Setting next_dagrun for latest_only to 2026-03-13 16:00:00+00:00, run_after=2026-03-13 20:00:00+00:00
[2026-03-13T23:05:39.005+0100] {processor.py:183} INFO - Processing /Users/harshasogala/financial-data-platform/venv/lib/python3.12/site-packages/airflow/example_dags/example_latest_only.py took 0.084 seconds
[2026-03-13T23:06:59.813+0100] {processor.py:161} INFO - Started process (PID=73137) to work on /Users/harshasogala/financial-data-platform/venv/lib/python3.12/site-packages/airflow/example_dags/example_latest_only.py
[2026-03-13T23:06:59.814+0100] {processor.py:830} INFO - Processing file /Users/harshasogala/financial-data-platform/venv/lib/python3.12/site-packages/airflow/example_dags/example_latest_only.py for tasks to queue
[2026-03-13T23:06:59.814+0100] {logging_mixin.py:188} INFO - [2026-03-13T23:06:59.814+0100] {dagbag.py:545} INFO - Filling up the DagBag from /Users/harshasogala/financial-data-platform/venv/lib/python3.12/site-packages/airflow/example_dags/example_latest_only.py
[2026-03-13T23:06:59.819+0100] {processor.py:840} INFO - DAG(s) 'latest_only' retrieved from /Users/harshasogala/financial-data-platform/venv/lib/python3.12/site-packages/airflow/example_dags/example_latest_only.py
[2026-03-13T23:06:59.876+0100] {logging_mixin.py:188} INFO - [2026-03-13T23:06:59.875+0100] {dag.py:3089} INFO - Sync 1 DAGs
[2026-03-13T23:06:59.886+0100] {logging_mixin.py:188} INFO - [2026-03-13T23:06:59.885+0100] {dag.py:3947} INFO - Setting next_dagrun for latest_only to 2026-03-13 16:00:00+00:00, run_after=2026-03-13 20:00:00+00:00
[2026-03-13T23:06:59.899+0100] {processor.py:183} INFO - Processing /Users/harshasogala/financial-data-platform/venv/lib/python3.12/site-packages/airflow/example_dags/example_latest_only.py took 0.088 seconds
[2026-03-13T23:08:18.998+0100] {processor.py:161} INFO - Started process (PID=73198) to work on /Users/harshasogala/financial-data-platform/venv/lib/python3.12/site-packages/airflow/example_dags/example_latest_only.py
[2026-03-13T23:08:19.000+0100] {processor.py:830} INFO - Processing file /Users/harshasogala/financial-data-platform/venv/lib/python3.12/site-packages/airflow/example_dags/example_latest_only.py for tasks to queue
[2026-03-13T23:08:19.000+0100] {logging_mixin.py:188} INFO - [2026-03-13T23:08:19.000+0100] {dagbag.py:545} INFO - Filling up the DagBag from /Users/harshasogala/financial-data-platform/venv/lib/python3.12/site-packages/airflow/example_dags/example_latest_only.py
[2026-03-13T23:08:19.005+0100] {processor.py:840} INFO - DAG(s) 'latest_only' retrieved from /Users/harshasogala/financial-data-platform/venv/lib/python3.12/site-packages/airflow/example_dags/example_latest_only.py
[2026-03-13T23:08:19.060+0100] {logging_mixin.py:188} INFO - [2026-03-13T23:08:19.060+0100] {dag.py:3089} INFO - Sync 1 DAGs
[2026-03-13T23:08:19.069+0100] {logging_mixin.py:188} INFO - [2026-03-13T23:08:19.069+0100] {dag.py:3947} INFO - Setting next_dagrun for latest_only to 2026-03-13 16:00:00+00:00, run_after=2026-03-13 20:00:00+00:00
[2026-03-13T23:08:19.080+0100] {processor.py:183} INFO - Processing /Users/harshasogala/financial-data-platform/venv/lib/python3.12/site-packages/airflow/example_dags/example_latest_only.py took 0.083 seconds
[2026-03-13T23:09:31.312+0100] {processor.py:161} INFO - Started process (PID=73257) to work on /Users/harshasogala/financial-data-platform/venv/lib/python3.12/site-packages/airflow/example_dags/example_latest_only.py
[2026-03-13T23:09:31.313+0100] {processor.py:830} INFO - Processing file /Users/harshasogala/financial-data-platform/venv/lib/python3.12/site-packages/airflow/example_dags/example_latest_only.py for tasks to queue
[2026-03-13T23:09:31.314+0100] {logging_mixin.py:188} INFO - [2026-03-13T23:09:31.314+0100] {dagbag.py:545} INFO - Filling up the DagBag from /Users/harshasogala/financial-data-platform/venv/lib/python3.12/site-packages/airflow/example_dags/example_latest_only.py
[2026-03-13T23:09:31.318+0100] {processor.py:840} INFO - DAG(s) 'latest_only' retrieved from /Users/harshasogala/financial-data-platform/venv/lib/python3.12/site-packages/airflow/example_dags/example_latest_only.py
[2026-03-13T23:09:31.372+0100] {logging_mixin.py:188} INFO - [2026-03-13T23:09:31.372+0100] {dag.py:3089} INFO - Sync 1 DAGs
[2026-03-13T23:09:31.381+0100] {logging_mixin.py:188} INFO - [2026-03-13T23:09:31.380+0100] {dag.py:3947} INFO - Setting next_dagrun for latest_only to 2026-03-13 16:00:00+00:00, run_after=2026-03-13 20:00:00+00:00
[2026-03-13T23:09:31.392+0100] {processor.py:183} INFO - Processing /Users/harshasogala/financial-data-platform/venv/lib/python3.12/site-packages/airflow/example_dags/example_latest_only.py took 0.082 seconds
[2026-03-13T23:10:44.419+0100] {processor.py:161} INFO - Started process (PID=73314) to work on /Users/harshasogala/financial-data-platform/venv/lib/python3.12/site-packages/airflow/example_dags/example_latest_only.py
[2026-03-13T23:10:44.420+0100] {processor.py:830} INFO - Processing file /Users/harshasogala/financial-data-platform/venv/lib/python3.12/site-packages/airflow/example_dags/example_latest_only.py for tasks to queue
[2026-03-13T23:10:44.420+0100] {logging_mixin.py:188} INFO - [2026-03-13T23:10:44.420+0100] {dagbag.py:545} INFO - Filling up the DagBag from /Users/harshasogala/financial-data-platform/venv/lib/python3.12/site-packages/airflow/example_dags/example_latest_only.py
[2026-03-13T23:10:44.425+0100] {processor.py:840} INFO - DAG(s) 'latest_only' retrieved from /Users/harshasogala/financial-data-platform/venv/lib/python3.12/site-packages/airflow/example_dags/example_latest_only.py
[2026-03-13T23:10:44.478+0100] {logging_mixin.py:188} INFO - [2026-03-13T23:10:44.478+0100] {dag.py:3089} INFO - Sync 1 DAGs
[2026-03-13T23:10:44.487+0100] {logging_mixin.py:188} INFO - [2026-03-13T23:10:44.487+0100] {dag.py:3947} INFO - Setting next_dagrun for latest_only to 2026-03-13 16:00:00+00:00, run_after=2026-03-13 20:00:00+00:00
[2026-03-13T23:10:44.499+0100] {processor.py:183} INFO - Processing /Users/harshasogala/financial-data-platform/venv/lib/python3.12/site-packages/airflow/example_dags/example_latest_only.py took 0.082 seconds
[2026-03-13T23:11:57.691+0100] {processor.py:161} INFO - Started process (PID=73383) to work on /Users/harshasogala/financial-data-platform/venv/lib/python3.12/site-packages/airflow/example_dags/example_latest_only.py
[2026-03-13T23:11:57.692+0100] {processor.py:830} INFO - Processing file /Users/harshasogala/financial-data-platform/venv/lib/python3.12/site-packages/airflow/example_dags/example_latest_only.py for tasks to queue
[2026-03-13T23:11:57.693+0100] {logging_mixin.py:188} INFO - [2026-03-13T23:11:57.692+0100] {dagbag.py:545} INFO - Filling up the DagBag from /Users/harshasogala/financial-data-platform/venv/lib/python3.12/site-packages/airflow/example_dags/example_latest_only.py
[2026-03-13T23:11:57.699+0100] {processor.py:840} INFO - DAG(s) 'latest_only' retrieved from /Users/harshasogala/financial-data-platform/venv/lib/python3.12/site-packages/airflow/example_dags/example_latest_only.py
[2026-03-13T23:11:57.759+0100] {logging_mixin.py:188} INFO - [2026-03-13T23:11:57.759+0100] {dag.py:3089} INFO - Sync 1 DAGs
[2026-03-13T23:11:57.768+0100] {logging_mixin.py:188} INFO - [2026-03-13T23:11:57.768+0100] {dag.py:3947} INFO - Setting next_dagrun for latest_only to 2026-03-13 16:00:00+00:00, run_after=2026-03-13 20:00:00+00:00
[2026-03-13T23:11:57.779+0100] {processor.py:183} INFO - Processing /Users/harshasogala/financial-data-platform/venv/lib/python3.12/site-packages/airflow/example_dags/example_latest_only.py took 0.092 seconds
[2026-03-13T23:13:12.493+0100] {processor.py:161} INFO - Started process (PID=73441) to work on /Users/harshasogala/financial-data-platform/venv/lib/python3.12/site-packages/airflow/example_dags/example_latest_only.py
[2026-03-13T23:13:12.495+0100] {processor.py:830} INFO - Processing file /Users/harshasogala/financial-data-platform/venv/lib/python3.12/site-packages/airflow/example_dags/example_latest_only.py for tasks to queue
[2026-03-13T23:13:12.496+0100] {logging_mixin.py:188} INFO - [2026-03-13T23:13:12.495+0100] {dagbag.py:545} INFO - Filling up the DagBag from /Users/harshasogala/financial-data-platform/venv/lib/python3.12/site-packages/airflow/example_dags/example_latest_only.py
[2026-03-13T23:13:12.500+0100] {processor.py:840} INFO - DAG(s) 'latest_only' retrieved from /Users/harshasogala/financial-data-platform/venv/lib/python3.12/site-packages/airflow/example_dags/example_latest_only.py
[2026-03-13T23:13:12.554+0100] {logging_mixin.py:188} INFO - [2026-03-13T23:13:12.554+0100] {dag.py:3089} INFO - Sync 1 DAGs
[2026-03-13T23:13:12.563+0100] {logging_mixin.py:188} INFO - [2026-03-13T23:13:12.563+0100] {dag.py:3947} INFO - Setting next_dagrun for latest_only to 2026-03-13 16:00:00+00:00, run_after=2026-03-13 20:00:00+00:00
[2026-03-13T23:13:12.574+0100] {processor.py:183} INFO - Processing /Users/harshasogala/financial-data-platform/venv/lib/python3.12/site-packages/airflow/example_dags/example_latest_only.py took 0.083 seconds
[2026-03-13T23:14:26.384+0100] {processor.py:161} INFO - Started process (PID=73503) to work on /Users/harshasogala/financial-data-platform/venv/lib/python3.12/site-packages/airflow/example_dags/example_latest_only.py
[2026-03-13T23:14:26.385+0100] {processor.py:830} INFO - Processing file /Users/harshasogala/financial-data-platform/venv/lib/python3.12/site-packages/airflow/example_dags/example_latest_only.py for tasks to queue
[2026-03-13T23:14:26.386+0100] {logging_mixin.py:188} INFO - [2026-03-13T23:14:26.386+0100] {dagbag.py:545} INFO - Filling up the DagBag from /Users/harshasogala/financial-data-platform/venv/lib/python3.12/site-packages/airflow/example_dags/example_latest_only.py
[2026-03-13T23:14:26.391+0100] {processor.py:840} INFO - DAG(s) 'latest_only' retrieved from /Users/harshasogala/financial-data-platform/venv/lib/python3.12/site-packages/airflow/example_dags/example_latest_only.py
[2026-03-13T23:14:26.446+0100] {logging_mixin.py:188} INFO - [2026-03-13T23:14:26.445+0100] {dag.py:3089} INFO - Sync 1 DAGs
[2026-03-13T23:14:26.454+0100] {logging_mixin.py:188} INFO - [2026-03-13T23:14:26.454+0100] {dag.py:3947} INFO - Setting next_dagrun for latest_only to 2026-03-13 16:00:00+00:00, run_after=2026-03-13 20:00:00+00:00
[2026-03-13T23:14:26.466+0100] {processor.py:183} INFO - Processing /Users/harshasogala/financial-data-platform/venv/lib/python3.12/site-packages/airflow/example_dags/example_latest_only.py took 0.084 seconds
[2026-03-13T23:15:42.274+0100] {processor.py:161} INFO - Started process (PID=73563) to work on /Users/harshasogala/financial-data-platform/venv/lib/python3.12/site-packages/airflow/example_dags/example_latest_only.py
[2026-03-13T23:15:42.275+0100] {processor.py:830} INFO - Processing file /Users/harshasogala/financial-data-platform/venv/lib/python3.12/site-packages/airflow/example_dags/example_latest_only.py for tasks to queue
[2026-03-13T23:15:42.276+0100] {logging_mixin.py:188} INFO - [2026-03-13T23:15:42.276+0100] {dagbag.py:545} INFO - Filling up the DagBag from /Users/harshasogala/financial-data-platform/venv/lib/python3.12/site-packages/airflow/example_dags/example_latest_only.py
[2026-03-13T23:15:42.280+0100] {processor.py:840} INFO - DAG(s) 'latest_only' retrieved from /Users/harshasogala/financial-data-platform/venv/lib/python3.12/site-packages/airflow/example_dags/example_latest_only.py
[2026-03-13T23:15:42.335+0100] {logging_mixin.py:188} INFO - [2026-03-13T23:15:42.335+0100] {dag.py:3089} INFO - Sync 1 DAGs
[2026-03-13T23:15:42.345+0100] {logging_mixin.py:188} INFO - [2026-03-13T23:15:42.345+0100] {dag.py:3947} INFO - Setting next_dagrun for latest_only to 2026-03-13 16:00:00+00:00, run_after=2026-03-13 20:00:00+00:00
[2026-03-13T23:15:42.357+0100] {processor.py:183} INFO - Processing /Users/harshasogala/financial-data-platform/venv/lib/python3.12/site-packages/airflow/example_dags/example_latest_only.py took 0.085 seconds
[2026-03-13T23:16:57.020+0100] {processor.py:161} INFO - Started process (PID=73628) to work on /Users/harshasogala/financial-data-platform/venv/lib/python3.12/site-packages/airflow/example_dags/example_latest_only.py
[2026-03-13T23:16:57.021+0100] {processor.py:830} INFO - Processing file /Users/harshasogala/financial-data-platform/venv/lib/python3.12/site-packages/airflow/example_dags/example_latest_only.py for tasks to queue
[2026-03-13T23:16:57.022+0100] {logging_mixin.py:188} INFO - [2026-03-13T23:16:57.022+0100] {dagbag.py:545} INFO - Filling up the DagBag from /Users/harshasogala/financial-data-platform/venv/lib/python3.12/site-packages/airflow/example_dags/example_latest_only.py
[2026-03-13T23:16:57.026+0100] {processor.py:840} INFO - DAG(s) 'latest_only' retrieved from /Users/harshasogala/financial-data-platform/venv/lib/python3.12/site-packages/airflow/example_dags/example_latest_only.py
[2026-03-13T23:16:57.079+0100] {logging_mixin.py:188} INFO - [2026-03-13T23:16:57.079+0100] {dag.py:3089} INFO - Sync 1 DAGs
[2026-03-13T23:16:57.088+0100] {logging_mixin.py:188} INFO - [2026-03-13T23:16:57.088+0100] {dag.py:3947} INFO - Setting next_dagrun for latest_only to 2026-03-13 16:00:00+00:00, run_after=2026-03-13 20:00:00+00:00
[2026-03-13T23:16:57.099+0100] {processor.py:183} INFO - Processing /Users/harshasogala/financial-data-platform/venv/lib/python3.12/site-packages/airflow/example_dags/example_latest_only.py took 0.081 seconds
[2026-03-13T23:18:14.727+0100] {processor.py:161} INFO - Started process (PID=73693) to work on /Users/harshasogala/financial-data-platform/venv/lib/python3.12/site-packages/airflow/example_dags/example_latest_only.py
[2026-03-13T23:18:14.728+0100] {processor.py:830} INFO - Processing file /Users/harshasogala/financial-data-platform/venv/lib/python3.12/site-packages/airflow/example_dags/example_latest_only.py for tasks to queue
[2026-03-13T23:18:14.729+0100] {logging_mixin.py:188} INFO - [2026-03-13T23:18:14.728+0100] {dagbag.py:545} INFO - Filling up the DagBag from /Users/harshasogala/financial-data-platform/venv/lib/python3.12/site-packages/airflow/example_dags/example_latest_only.py
[2026-03-13T23:18:14.733+0100] {processor.py:840} INFO - DAG(s) 'latest_only' retrieved from /Users/harshasogala/financial-data-platform/venv/lib/python3.12/site-packages/airflow/example_dags/example_latest_only.py
[2026-03-13T23:18:14.787+0100] {logging_mixin.py:188} INFO - [2026-03-13T23:18:14.787+0100] {dag.py:3089} INFO - Sync 1 DAGs
[2026-03-13T23:18:14.796+0100] {logging_mixin.py:188} INFO - [2026-03-13T23:18:14.796+0100] {dag.py:3947} INFO - Setting next_dagrun for latest_only to 2026-03-13 16:00:00+00:00, run_after=2026-03-13 20:00:00+00:00
[2026-03-13T23:18:14.808+0100] {processor.py:183} INFO - Processing /Users/harshasogala/financial-data-platform/venv/lib/python3.12/site-packages/airflow/example_dags/example_latest_only.py took 0.082 seconds
[2026-03-13T23:19:29.936+0100] {processor.py:161} INFO - Started process (PID=73753) to work on /Users/harshasogala/financial-data-platform/venv/lib/python3.12/site-packages/airflow/example_dags/example_latest_only.py
[2026-03-13T23:19:29.937+0100] {processor.py:830} INFO - Processing file /Users/harshasogala/financial-data-platform/venv/lib/python3.12/site-packages/airflow/example_dags/example_latest_only.py for tasks to queue
[2026-03-13T23:19:29.938+0100] {logging_mixin.py:188} INFO - [2026-03-13T23:19:29.937+0100] {dagbag.py:545} INFO - Filling up the DagBag from /Users/harshasogala/financial-data-platform/venv/lib/python3.12/site-packages/airflow/example_dags/example_latest_only.py
[2026-03-13T23:19:29.943+0100] {processor.py:840} INFO - DAG(s) 'latest_only' retrieved from /Users/harshasogala/financial-data-platform/venv/lib/python3.12/site-packages/airflow/example_dags/example_latest_only.py
[2026-03-13T23:19:30.001+0100] {logging_mixin.py:188} INFO - [2026-03-13T23:19:30.001+0100] {dag.py:3089} INFO - Sync 1 DAGs
[2026-03-13T23:19:30.011+0100] {logging_mixin.py:188} INFO - [2026-03-13T23:19:30.011+0100] {dag.py:3947} INFO - Setting next_dagrun for latest_only to 2026-03-13 16:00:00+00:00, run_after=2026-03-13 20:00:00+00:00
[2026-03-13T23:19:30.023+0100] {processor.py:183} INFO - Processing /Users/harshasogala/financial-data-platform/venv/lib/python3.12/site-packages/airflow/example_dags/example_latest_only.py took 0.089 seconds
[2026-03-13T23:20:48.905+0100] {processor.py:161} INFO - Started process (PID=73822) to work on /Users/harshasogala/financial-data-platform/venv/lib/python3.12/site-packages/airflow/example_dags/example_latest_only.py
[2026-03-13T23:20:48.906+0100] {processor.py:830} INFO - Processing file /Users/harshasogala/financial-data-platform/venv/lib/python3.12/site-packages/airflow/example_dags/example_latest_only.py for tasks to queue
[2026-03-13T23:20:48.907+0100] {logging_mixin.py:188} INFO - [2026-03-13T23:20:48.907+0100] {dagbag.py:545} INFO - Filling up the DagBag from /Users/harshasogala/financial-data-platform/venv/lib/python3.12/site-packages/airflow/example_dags/example_latest_only.py
[2026-03-13T23:20:48.911+0100] {processor.py:840} INFO - DAG(s) 'latest_only' retrieved from /Users/harshasogala/financial-data-platform/venv/lib/python3.12/site-packages/airflow/example_dags/example_latest_only.py
[2026-03-13T23:20:48.966+0100] {logging_mixin.py:188} INFO - [2026-03-13T23:20:48.966+0100] {dag.py:3089} INFO - Sync 1 DAGs
[2026-03-13T23:20:48.975+0100] {logging_mixin.py:188} INFO - [2026-03-13T23:20:48.975+0100] {dag.py:3947} INFO - Setting next_dagrun for latest_only to 2026-03-13 16:00:00+00:00, run_after=2026-03-13 20:00:00+00:00
[2026-03-13T23:20:48.986+0100] {processor.py:183} INFO - Processing /Users/harshasogala/financial-data-platform/venv/lib/python3.12/site-packages/airflow/example_dags/example_latest_only.py took 0.083 seconds
[2026-03-13T23:22:02.180+0100] {processor.py:161} INFO - Started process (PID=73902) to work on /Users/harshasogala/financial-data-platform/venv/lib/python3.12/site-packages/airflow/example_dags/example_latest_only.py
[2026-03-13T23:22:02.181+0100] {processor.py:830} INFO - Processing file /Users/harshasogala/financial-data-platform/venv/lib/python3.12/site-packages/airflow/example_dags/example_latest_only.py for tasks to queue
[2026-03-13T23:22:02.181+0100] {logging_mixin.py:188} INFO - [2026-03-13T23:22:02.181+0100] {dagbag.py:545} INFO - Filling up the DagBag from /Users/harshasogala/financial-data-platform/venv/lib/python3.12/site-packages/airflow/example_dags/example_latest_only.py
[2026-03-13T23:22:02.186+0100] {processor.py:840} INFO - DAG(s) 'latest_only' retrieved from /Users/harshasogala/financial-data-platform/venv/lib/python3.12/site-packages/airflow/example_dags/example_latest_only.py
[2026-03-13T23:22:02.240+0100] {logging_mixin.py:188} INFO - [2026-03-13T23:22:02.240+0100] {dag.py:3089} INFO - Sync 1 DAGs
[2026-03-13T23:22:02.249+0100] {logging_mixin.py:188} INFO - [2026-03-13T23:22:02.249+0100] {dag.py:3947} INFO - Setting next_dagrun for latest_only to 2026-03-13 16:00:00+00:00, run_after=2026-03-13 20:00:00+00:00
[2026-03-13T23:22:02.261+0100] {processor.py:183} INFO - Processing /Users/harshasogala/financial-data-platform/venv/lib/python3.12/site-packages/airflow/example_dags/example_latest_only.py took 0.082 seconds
[2026-03-13T23:23:17.086+0100] {processor.py:161} INFO - Started process (PID=73964) to work on /Users/harshasogala/financial-data-platform/venv/lib/python3.12/site-packages/airflow/example_dags/example_latest_only.py
[2026-03-13T23:23:17.087+0100] {processor.py:830} INFO - Processing file /Users/harshasogala/financial-data-platform/venv/lib/python3.12/site-packages/airflow/example_dags/example_latest_only.py for tasks to queue
[2026-03-13T23:23:17.087+0100] {logging_mixin.py:188} INFO - [2026-03-13T23:23:17.087+0100] {dagbag.py:545} INFO - Filling up the DagBag from /Users/harshasogala/financial-data-platform/venv/lib/python3.12/site-packages/airflow/example_dags/example_latest_only.py
[2026-03-13T23:23:17.093+0100] {processor.py:840} INFO - DAG(s) 'latest_only' retrieved from /Users/harshasogala/financial-data-platform/venv/lib/python3.12/site-packages/airflow/example_dags/example_latest_only.py
[2026-03-13T23:23:17.148+0100] {logging_mixin.py:188} INFO - [2026-03-13T23:23:17.148+0100] {dag.py:3089} INFO - Sync 1 DAGs
[2026-03-13T23:23:17.157+0100] {logging_mixin.py:188} INFO - [2026-03-13T23:23:17.157+0100] {dag.py:3947} INFO - Setting next_dagrun for latest_only to 2026-03-13 16:00:00+00:00, run_after=2026-03-13 20:00:00+00:00
[2026-03-13T23:23:17.170+0100] {processor.py:183} INFO - Processing /Users/harshasogala/financial-data-platform/venv/lib/python3.12/site-packages/airflow/example_dags/example_latest_only.py took 0.086 seconds
[2026-03-13T23:24:28.810+0100] {processor.py:161} INFO - Started process (PID=74024) to work on /Users/harshasogala/financial-data-platform/venv/lib/python3.12/site-packages/airflow/example_dags/example_latest_only.py
[2026-03-13T23:24:28.811+0100] {processor.py:830} INFO - Processing file /Users/harshasogala/financial-data-platform/venv/lib/python3.12/site-packages/airflow/example_dags/example_latest_only.py for tasks to queue
[2026-03-13T23:24:28.812+0100] {logging_mixin.py:188} INFO - [2026-03-13T23:24:28.812+0100] {dagbag.py:545} INFO - Filling up the DagBag from /Users/harshasogala/financial-data-platform/venv/lib/python3.12/site-packages/airflow/example_dags/example_latest_only.py
[2026-03-13T23:24:28.817+0100] {processor.py:840} INFO - DAG(s) 'latest_only' retrieved from /Users/harshasogala/financial-data-platform/venv/lib/python3.12/site-packages/airflow/example_dags/example_latest_only.py
[2026-03-13T23:24:28.873+0100] {logging_mixin.py:188} INFO - [2026-03-13T23:24:28.872+0100] {dag.py:3089} INFO - Sync 1 DAGs
[2026-03-13T23:24:28.883+0100] {logging_mixin.py:188} INFO - [2026-03-13T23:24:28.883+0100] {dag.py:3947} INFO - Setting next_dagrun for latest_only to 2026-03-13 16:00:00+00:00, run_after=2026-03-13 20:00:00+00:00
[2026-03-13T23:24:28.896+0100] {processor.py:183} INFO - Processing /Users/harshasogala/financial-data-platform/venv/lib/python3.12/site-packages/airflow/example_dags/example_latest_only.py took 0.088 seconds
[2026-03-13T23:25:50.455+0100] {processor.py:161} INFO - Started process (PID=74084) to work on /Users/harshasogala/financial-data-platform/venv/lib/python3.12/site-packages/airflow/example_dags/example_latest_only.py
[2026-03-13T23:25:50.457+0100] {processor.py:830} INFO - Processing file /Users/harshasogala/financial-data-platform/venv/lib/python3.12/site-packages/airflow/example_dags/example_latest_only.py for tasks to queue
[2026-03-13T23:25:50.457+0100] {logging_mixin.py:188} INFO - [2026-03-13T23:25:50.457+0100] {dagbag.py:545} INFO - Filling up the DagBag from /Users/harshasogala/financial-data-platform/venv/lib/python3.12/site-packages/airflow/example_dags/example_latest_only.py
[2026-03-13T23:25:50.461+0100] {processor.py:840} INFO - DAG(s) 'latest_only' retrieved from /Users/harshasogala/financial-data-platform/venv/lib/python3.12/site-packages/airflow/example_dags/example_latest_only.py
[2026-03-13T23:25:50.515+0100] {logging_mixin.py:188} INFO - [2026-03-13T23:25:50.515+0100] {dag.py:3089} INFO - Sync 1 DAGs
[2026-03-13T23:25:50.524+0100] {logging_mixin.py:188} INFO - [2026-03-13T23:25:50.524+0100] {dag.py:3947} INFO - Setting next_dagrun for latest_only to 2026-03-13 16:00:00+00:00, run_after=2026-03-13 20:00:00+00:00
[2026-03-13T23:25:50.535+0100] {processor.py:183} INFO - Processing /Users/harshasogala/financial-data-platform/venv/lib/python3.12/site-packages/airflow/example_dags/example_latest_only.py took 0.082 seconds
[2026-03-13T23:27:03.495+0100] {processor.py:161} INFO - Started process (PID=74149) to work on /Users/harshasogala/financial-data-platform/venv/lib/python3.12/site-packages/airflow/example_dags/example_latest_only.py
[2026-03-13T23:27:03.496+0100] {processor.py:830} INFO - Processing file /Users/harshasogala/financial-data-platform/venv/lib/python3.12/site-packages/airflow/example_dags/example_latest_only.py for tasks to queue
[2026-03-13T23:27:03.497+0100] {logging_mixin.py:188} INFO - [2026-03-13T23:27:03.497+0100] {dagbag.py:545} INFO - Filling up the DagBag from /Users/harshasogala/financial-data-platform/venv/lib/python3.12/site-packages/airflow/example_dags/example_latest_only.py
[2026-03-13T23:27:03.501+0100] {processor.py:840} INFO - DAG(s) 'latest_only' retrieved from /Users/harshasogala/financial-data-platform/venv/lib/python3.12/site-packages/airflow/example_dags/example_latest_only.py
[2026-03-13T23:27:03.557+0100] {logging_mixin.py:188} INFO - [2026-03-13T23:27:03.557+0100] {dag.py:3089} INFO - Sync 1 DAGs
[2026-03-13T23:27:03.565+0100] {logging_mixin.py:188} INFO - [2026-03-13T23:27:03.565+0100] {dag.py:3947} INFO - Setting next_dagrun for latest_only to 2026-03-13 16:00:00+00:00, run_after=2026-03-13 20:00:00+00:00
[2026-03-13T23:27:03.577+0100] {processor.py:183} INFO - Processing /Users/harshasogala/financial-data-platform/venv/lib/python3.12/site-packages/airflow/example_dags/example_latest_only.py took 0.084 seconds
[2026-03-13T23:28:24.880+0100] {processor.py:161} INFO - Started process (PID=74243) to work on /Users/harshasogala/financial-data-platform/venv/lib/python3.12/site-packages/airflow/example_dags/example_latest_only.py
[2026-03-13T23:28:24.881+0100] {processor.py:830} INFO - Processing file /Users/harshasogala/financial-data-platform/venv/lib/python3.12/site-packages/airflow/example_dags/example_latest_only.py for tasks to queue
[2026-03-13T23:28:24.881+0100] {logging_mixin.py:188} INFO - [2026-03-13T23:28:24.881+0100] {dagbag.py:545} INFO - Filling up the DagBag from /Users/harshasogala/financial-data-platform/venv/lib/python3.12/site-packages/airflow/example_dags/example_latest_only.py
[2026-03-13T23:28:24.887+0100] {processor.py:840} INFO - DAG(s) 'latest_only' retrieved from /Users/harshasogala/financial-data-platform/venv/lib/python3.12/site-packages/airflow/example_dags/example_latest_only.py
[2026-03-13T23:28:24.951+0100] {logging_mixin.py:188} INFO - [2026-03-13T23:28:24.951+0100] {dag.py:3089} INFO - Sync 1 DAGs
[2026-03-13T23:28:24.960+0100] {logging_mixin.py:188} INFO - [2026-03-13T23:28:24.960+0100] {dag.py:3947} INFO - Setting next_dagrun for latest_only to 2026-03-13 16:00:00+00:00, run_after=2026-03-13 20:00:00+00:00
[2026-03-13T23:28:24.973+0100] {processor.py:183} INFO - Processing /Users/harshasogala/financial-data-platform/venv/lib/python3.12/site-packages/airflow/example_dags/example_latest_only.py took 0.096 seconds
[2026-03-13T23:29:38.786+0100] {processor.py:161} INFO - Started process (PID=74304) to work on /Users/harshasogala/financial-data-platform/venv/lib/python3.12/site-packages/airflow/example_dags/example_latest_only.py
[2026-03-13T23:29:38.788+0100] {processor.py:830} INFO - Processing file /Users/harshasogala/financial-data-platform/venv/lib/python3.12/site-packages/airflow/example_dags/example_latest_only.py for tasks to queue
[2026-03-13T23:29:38.788+0100] {logging_mixin.py:188} INFO - [2026-03-13T23:29:38.788+0100] {dagbag.py:545} INFO - Filling up the DagBag from /Users/harshasogala/financial-data-platform/venv/lib/python3.12/site-packages/airflow/example_dags/example_latest_only.py
[2026-03-13T23:29:38.794+0100] {processor.py:840} INFO - DAG(s) 'latest_only' retrieved from /Users/harshasogala/financial-data-platform/venv/lib/python3.12/site-packages/airflow/example_dags/example_latest_only.py
[2026-03-13T23:29:38.848+0100] {logging_mixin.py:188} INFO - [2026-03-13T23:29:38.848+0100] {dag.py:3089} INFO - Sync 1 DAGs
[2026-03-13T23:29:38.857+0100] {logging_mixin.py:188} INFO - [2026-03-13T23:29:38.856+0100] {dag.py:3947} INFO - Setting next_dagrun for latest_only to 2026-03-13 16:00:00+00:00, run_after=2026-03-13 20:00:00+00:00
[2026-03-13T23:29:38.868+0100] {processor.py:183} INFO - Processing /Users/harshasogala/financial-data-platform/venv/lib/python3.12/site-packages/airflow/example_dags/example_latest_only.py took 0.084 seconds
[2026-03-13T23:30:57.958+0100] {processor.py:161} INFO - Started process (PID=74407) to work on /Users/harshasogala/financial-data-platform/venv/lib/python3.12/site-packages/airflow/example_dags/example_latest_only.py
[2026-03-13T23:30:57.959+0100] {processor.py:830} INFO - Processing file /Users/harshasogala/financial-data-platform/venv/lib/python3.12/site-packages/airflow/example_dags/example_latest_only.py for tasks to queue
[2026-03-13T23:30:57.960+0100] {logging_mixin.py:188} INFO - [2026-03-13T23:30:57.960+0100] {dagbag.py:545} INFO - Filling up the DagBag from /Users/harshasogala/financial-data-platform/venv/lib/python3.12/site-packages/airflow/example_dags/example_latest_only.py
[2026-03-13T23:30:57.966+0100] {processor.py:840} INFO - DAG(s) 'latest_only' retrieved from /Users/harshasogala/financial-data-platform/venv/lib/python3.12/site-packages/airflow/example_dags/example_latest_only.py
[2026-03-13T23:30:58.021+0100] {logging_mixin.py:188} INFO - [2026-03-13T23:30:58.021+0100] {dag.py:3089} INFO - Sync 1 DAGs
[2026-03-13T23:30:58.030+0100] {logging_mixin.py:188} INFO - [2026-03-13T23:30:58.029+0100] {dag.py:3947} INFO - Setting next_dagrun for latest_only to 2026-03-13 16:00:00+00:00, run_after=2026-03-13 20:00:00+00:00
[2026-03-13T23:30:58.043+0100] {processor.py:183} INFO - Processing /Users/harshasogala/financial-data-platform/venv/lib/python3.12/site-packages/airflow/example_dags/example_latest_only.py took 0.087 seconds
[2026-03-13T23:32:13.906+0100] {processor.py:161} INFO - Started process (PID=74923) to work on /Users/harshasogala/financial-data-platform/venv/lib/python3.12/site-packages/airflow/example_dags/example_latest_only.py
[2026-03-13T23:32:13.908+0100] {processor.py:830} INFO - Processing file /Users/harshasogala/financial-data-platform/venv/lib/python3.12/site-packages/airflow/example_dags/example_latest_only.py for tasks to queue
[2026-03-13T23:32:13.908+0100] {logging_mixin.py:188} INFO - [2026-03-13T23:32:13.908+0100] {dagbag.py:545} INFO - Filling up the DagBag from /Users/harshasogala/financial-data-platform/venv/lib/python3.12/site-packages/airflow/example_dags/example_latest_only.py
[2026-03-13T23:32:13.913+0100] {processor.py:840} INFO - DAG(s) 'latest_only' retrieved from /Users/harshasogala/financial-data-platform/venv/lib/python3.12/site-packages/airflow/example_dags/example_latest_only.py
[2026-03-13T23:32:13.967+0100] {logging_mixin.py:188} INFO - [2026-03-13T23:32:13.967+0100] {dag.py:3089} INFO - Sync 1 DAGs
[2026-03-13T23:32:13.976+0100] {logging_mixin.py:188} INFO - [2026-03-13T23:32:13.976+0100] {dag.py:3947} INFO - Setting next_dagrun for latest_only to 2026-03-13 16:00:00+00:00, run_after=2026-03-13 20:00:00+00:00
[2026-03-13T23:32:13.987+0100] {processor.py:183} INFO - Processing /Users/harshasogala/financial-data-platform/venv/lib/python3.12/site-packages/airflow/example_dags/example_latest_only.py took 0.083 seconds
[2026-03-13T23:33:33.545+0100] {processor.py:161} INFO - Started process (PID=75022) to work on /Users/harshasogala/financial-data-platform/venv/lib/python3.12/site-packages/airflow/example_dags/example_latest_only.py
[2026-03-13T23:33:33.550+0100] {processor.py:830} INFO - Processing file /Users/harshasogala/financial-data-platform/venv/lib/python3.12/site-packages/airflow/example_dags/example_latest_only.py for tasks to queue
[2026-03-13T23:33:33.550+0100] {logging_mixin.py:188} INFO - [2026-03-13T23:33:33.550+0100] {dagbag.py:545} INFO - Filling up the DagBag from /Users/harshasogala/financial-data-platform/venv/lib/python3.12/site-packages/airflow/example_dags/example_latest_only.py
[2026-03-13T23:33:33.555+0100] {processor.py:840} INFO - DAG(s) 'latest_only' retrieved from /Users/harshasogala/financial-data-platform/venv/lib/python3.12/site-packages/airflow/example_dags/example_latest_only.py
[2026-03-13T23:33:33.611+0100] {logging_mixin.py:188} INFO - [2026-03-13T23:33:33.611+0100] {dag.py:3089} INFO - Sync 1 DAGs
[2026-03-13T23:33:33.620+0100] {logging_mixin.py:188} INFO - [2026-03-13T23:33:33.620+0100] {dag.py:3947} INFO - Setting next_dagrun for latest_only to 2026-03-13 16:00:00+00:00, run_after=2026-03-13 20:00:00+00:00
[2026-03-13T23:33:33.632+0100] {processor.py:183} INFO - Processing /Users/harshasogala/financial-data-platform/venv/lib/python3.12/site-packages/airflow/example_dags/example_latest_only.py took 0.088 seconds
