[2026-03-13T22:18:50.431+0100] {processor.py:161} INFO - Started process (PID=66026) to work on /Users/harshasogala/financial-data-platform/venv/lib/python3.12/site-packages/airflow/example_dags/example_latest_only_with_trigger.py
[2026-03-13T22:18:50.432+0100] {processor.py:830} INFO - Processing file /Users/harshasogala/financial-data-platform/venv/lib/python3.12/site-packages/airflow/example_dags/example_latest_only_with_trigger.py for tasks to queue
[2026-03-13T22:18:50.432+0100] {logging_mixin.py:188} INFO - [2026-03-13T22:18:50.432+0100] {dagbag.py:545} INFO - Filling up the DagBag from /Users/harshasogala/financial-data-platform/venv/lib/python3.12/site-packages/airflow/example_dags/example_latest_only_with_trigger.py
[2026-03-13T22:18:50.438+0100] {processor.py:840} INFO - DAG(s) 'latest_only_with_trigger' retrieved from /Users/harshasogala/financial-data-platform/venv/lib/python3.12/site-packages/airflow/example_dags/example_latest_only_with_trigger.py
[2026-03-13T22:18:50.543+0100] {logging_mixin.py:188} INFO - [2026-03-13T22:18:50.543+0100] {override.py:1858} INFO - Created Permission View: can read on DAG:latest_only_with_trigger
[2026-03-13T22:18:50.548+0100] {logging_mixin.py:188} INFO - [2026-03-13T22:18:50.548+0100] {override.py:1858} INFO - Created Permission View: can delete on DAG:latest_only_with_trigger
[2026-03-13T22:18:50.552+0100] {logging_mixin.py:188} INFO - [2026-03-13T22:18:50.552+0100] {override.py:1858} INFO - Created Permission View: can edit on DAG:latest_only_with_trigger
[2026-03-13T22:18:50.553+0100] {logging_mixin.py:188} INFO - [2026-03-13T22:18:50.552+0100] {dag.py:3089} INFO - Sync 1 DAGs
[2026-03-13T22:18:50.558+0100] {logging_mixin.py:188} INFO - [2026-03-13T22:18:50.558+0100] {dag.py:3111} INFO - Creating ORM DAG for latest_only_with_trigger
[2026-03-13T22:18:50.563+0100] {logging_mixin.py:188} INFO - [2026-03-13T22:18:50.563+0100] {dag.py:3947} INFO - Setting next_dagrun for latest_only_with_trigger to 2026-03-13 16:00:00+00:00, run_after=2026-03-13 20:00:00+00:00
[2026-03-13T22:18:50.574+0100] {processor.py:183} INFO - Processing /Users/harshasogala/financial-data-platform/venv/lib/python3.12/site-packages/airflow/example_dags/example_latest_only_with_trigger.py took 0.145 seconds
[2026-03-13T22:20:38.237+0100] {processor.py:161} INFO - Started process (PID=66101) to work on /Users/harshasogala/financial-data-platform/venv/lib/python3.12/site-packages/airflow/example_dags/example_latest_only_with_trigger.py
[2026-03-13T22:20:38.238+0100] {processor.py:830} INFO - Processing file /Users/harshasogala/financial-data-platform/venv/lib/python3.12/site-packages/airflow/example_dags/example_latest_only_with_trigger.py for tasks to queue
[2026-03-13T22:20:38.238+0100] {logging_mixin.py:188} INFO - [2026-03-13T22:20:38.238+0100] {dagbag.py:545} INFO - Filling up the DagBag from /Users/harshasogala/financial-data-platform/venv/lib/python3.12/site-packages/airflow/example_dags/example_latest_only_with_trigger.py
[2026-03-13T22:20:38.243+0100] {processor.py:840} INFO - DAG(s) 'latest_only_with_trigger' retrieved from /Users/harshasogala/financial-data-platform/venv/lib/python3.12/site-packages/airflow/example_dags/example_latest_only_with_trigger.py
[2026-03-13T22:20:38.298+0100] {logging_mixin.py:188} INFO - [2026-03-13T22:20:38.298+0100] {dag.py:3089} INFO - Sync 1 DAGs
[2026-03-13T22:20:38.308+0100] {logging_mixin.py:188} INFO - [2026-03-13T22:20:38.308+0100] {dag.py:3947} INFO - Setting next_dagrun for latest_only_with_trigger to 2026-03-13 16:00:00+00:00, run_after=2026-03-13 20:00:00+00:00
[2026-03-13T22:20:38.319+0100] {processor.py:183} INFO - Processing /Users/harshasogala/financial-data-platform/venv/lib/python3.12/site-packages/airflow/example_dags/example_latest_only_with_trigger.py took 0.084 seconds
[2026-03-13T22:28:36.146+0100] {processor.py:161} INFO - Started process (PID=67339) to work on /Users/harshasogala/financial-data-platform/venv/lib/python3.12/site-packages/airflow/example_dags/example_latest_only_with_trigger.py
[2026-03-13T22:28:36.147+0100] {processor.py:830} INFO - Processing file /Users/harshasogala/financial-data-platform/venv/lib/python3.12/site-packages/airflow/example_dags/example_latest_only_with_trigger.py for tasks to queue
[2026-03-13T22:28:36.148+0100] {logging_mixin.py:188} INFO - [2026-03-13T22:28:36.148+0100] {dagbag.py:545} INFO - Filling up the DagBag from /Users/harshasogala/financial-data-platform/venv/lib/python3.12/site-packages/airflow/example_dags/example_latest_only_with_trigger.py
[2026-03-13T22:28:36.153+0100] {processor.py:840} INFO - DAG(s) 'latest_only_with_trigger' retrieved from /Users/harshasogala/financial-data-platform/venv/lib/python3.12/site-packages/airflow/example_dags/example_latest_only_with_trigger.py
[2026-03-13T22:28:36.210+0100] {logging_mixin.py:188} INFO - [2026-03-13T22:28:36.210+0100] {dag.py:3089} INFO - Sync 1 DAGs
[2026-03-13T22:28:36.220+0100] {logging_mixin.py:188} INFO - [2026-03-13T22:28:36.220+0100] {dag.py:3947} INFO - Setting next_dagrun for latest_only_with_trigger to 2026-03-13 16:00:00+00:00, run_after=2026-03-13 20:00:00+00:00
[2026-03-13T22:28:36.232+0100] {processor.py:183} INFO - Processing /Users/harshasogala/financial-data-platform/venv/lib/python3.12/site-packages/airflow/example_dags/example_latest_only_with_trigger.py took 0.088 seconds
[2026-03-13T22:29:41.813+0100] {processor.py:161} INFO - Started process (PID=67464) to work on /Users/harshasogala/financial-data-platform/venv/lib/python3.12/site-packages/airflow/example_dags/example_latest_only_with_trigger.py
[2026-03-13T22:29:41.814+0100] {processor.py:830} INFO - Processing file /Users/harshasogala/financial-data-platform/venv/lib/python3.12/site-packages/airflow/example_dags/example_latest_only_with_trigger.py for tasks to queue
[2026-03-13T22:29:41.814+0100] {logging_mixin.py:188} INFO - [2026-03-13T22:29:41.814+0100] {dagbag.py:545} INFO - Filling up the DagBag from /Users/harshasogala/financial-data-platform/venv/lib/python3.12/site-packages/airflow/example_dags/example_latest_only_with_trigger.py
[2026-03-13T22:29:41.819+0100] {processor.py:840} INFO - DAG(s) 'latest_only_with_trigger' retrieved from /Users/harshasogala/financial-data-platform/venv/lib/python3.12/site-packages/airflow/example_dags/example_latest_only_with_trigger.py
[2026-03-13T22:29:41.875+0100] {logging_mixin.py:188} INFO - [2026-03-13T22:29:41.874+0100] {dag.py:3089} INFO - Sync 1 DAGs
[2026-03-13T22:29:41.885+0100] {logging_mixin.py:188} INFO - [2026-03-13T22:29:41.885+0100] {dag.py:3947} INFO - Setting next_dagrun for latest_only_with_trigger to 2026-03-13 16:00:00+00:00, run_after=2026-03-13 20:00:00+00:00
[2026-03-13T22:29:41.895+0100] {processor.py:183} INFO - Processing /Users/harshasogala/financial-data-platform/venv/lib/python3.12/site-packages/airflow/example_dags/example_latest_only_with_trigger.py took 0.084 seconds
[2026-03-13T22:30:48.908+0100] {processor.py:161} INFO - Started process (PID=67532) to work on /Users/harshasogala/financial-data-platform/venv/lib/python3.12/site-packages/airflow/example_dags/example_latest_only_with_trigger.py
[2026-03-13T22:30:48.910+0100] {processor.py:830} INFO - Processing file /Users/harshasogala/financial-data-platform/venv/lib/python3.12/site-packages/airflow/example_dags/example_latest_only_with_trigger.py for tasks to queue
[2026-03-13T22:30:48.910+0100] {logging_mixin.py:188} INFO - [2026-03-13T22:30:48.910+0100] {dagbag.py:545} INFO - Filling up the DagBag from /Users/harshasogala/financial-data-platform/venv/lib/python3.12/site-packages/airflow/example_dags/example_latest_only_with_trigger.py
[2026-03-13T22:30:48.915+0100] {processor.py:840} INFO - DAG(s) 'latest_only_with_trigger' retrieved from /Users/harshasogala/financial-data-platform/venv/lib/python3.12/site-packages/airflow/example_dags/example_latest_only_with_trigger.py
[2026-03-13T22:30:48.970+0100] {logging_mixin.py:188} INFO - [2026-03-13T22:30:48.970+0100] {dag.py:3089} INFO - Sync 1 DAGs
[2026-03-13T22:30:48.980+0100] {logging_mixin.py:188} INFO - [2026-03-13T22:30:48.980+0100] {dag.py:3947} INFO - Setting next_dagrun for latest_only_with_trigger to 2026-03-13 16:00:00+00:00, run_after=2026-03-13 20:00:00+00:00
[2026-03-13T22:30:48.991+0100] {processor.py:183} INFO - Processing /Users/harshasogala/financial-data-platform/venv/lib/python3.12/site-packages/airflow/example_dags/example_latest_only_with_trigger.py took 0.084 seconds
[2026-03-13T22:32:11.229+0100] {processor.py:161} INFO - Started process (PID=68426) to work on /Users/harshasogala/financial-data-platform/venv/lib/python3.12/site-packages/airflow/example_dags/example_latest_only_with_trigger.py
[2026-03-13T22:32:11.231+0100] {processor.py:830} INFO - Processing file /Users/harshasogala/financial-data-platform/venv/lib/python3.12/site-packages/airflow/example_dags/example_latest_only_with_trigger.py for tasks to queue
[2026-03-13T22:32:11.231+0100] {logging_mixin.py:188} INFO - [2026-03-13T22:32:11.231+0100] {dagbag.py:545} INFO - Filling up the DagBag from /Users/harshasogala/financial-data-platform/venv/lib/python3.12/site-packages/airflow/example_dags/example_latest_only_with_trigger.py
[2026-03-13T22:32:11.236+0100] {processor.py:840} INFO - DAG(s) 'latest_only_with_trigger' retrieved from /Users/harshasogala/financial-data-platform/venv/lib/python3.12/site-packages/airflow/example_dags/example_latest_only_with_trigger.py
[2026-03-13T22:32:11.290+0100] {logging_mixin.py:188} INFO - [2026-03-13T22:32:11.289+0100] {dag.py:3089} INFO - Sync 1 DAGs
[2026-03-13T22:32:11.299+0100] {logging_mixin.py:188} INFO - [2026-03-13T22:32:11.299+0100] {dag.py:3947} INFO - Setting next_dagrun for latest_only_with_trigger to 2026-03-13 16:00:00+00:00, run_after=2026-03-13 20:00:00+00:00
[2026-03-13T22:32:11.310+0100] {processor.py:183} INFO - Processing /Users/harshasogala/financial-data-platform/venv/lib/python3.12/site-packages/airflow/example_dags/example_latest_only_with_trigger.py took 0.082 seconds
[2026-03-13T22:33:34.563+0100] {processor.py:161} INFO - Started process (PID=69145) to work on /Users/harshasogala/financial-data-platform/venv/lib/python3.12/site-packages/airflow/example_dags/example_latest_only_with_trigger.py
[2026-03-13T22:33:34.565+0100] {processor.py:830} INFO - Processing file /Users/harshasogala/financial-data-platform/venv/lib/python3.12/site-packages/airflow/example_dags/example_latest_only_with_trigger.py for tasks to queue
[2026-03-13T22:33:34.565+0100] {logging_mixin.py:188} INFO - [2026-03-13T22:33:34.565+0100] {dagbag.py:545} INFO - Filling up the DagBag from /Users/harshasogala/financial-data-platform/venv/lib/python3.12/site-packages/airflow/example_dags/example_latest_only_with_trigger.py
[2026-03-13T22:33:34.570+0100] {processor.py:840} INFO - DAG(s) 'latest_only_with_trigger' retrieved from /Users/harshasogala/financial-data-platform/venv/lib/python3.12/site-packages/airflow/example_dags/example_latest_only_with_trigger.py
[2026-03-13T22:33:34.630+0100] {logging_mixin.py:188} INFO - [2026-03-13T22:33:34.629+0100] {dag.py:3089} INFO - Sync 1 DAGs
[2026-03-13T22:33:34.640+0100] {logging_mixin.py:188} INFO - [2026-03-13T22:33:34.640+0100] {dag.py:3947} INFO - Setting next_dagrun for latest_only_with_trigger to 2026-03-13 16:00:00+00:00, run_after=2026-03-13 20:00:00+00:00
[2026-03-13T22:33:34.651+0100] {processor.py:183} INFO - Processing /Users/harshasogala/financial-data-platform/venv/lib/python3.12/site-packages/airflow/example_dags/example_latest_only_with_trigger.py took 0.090 seconds
[2026-03-13T22:34:53.158+0100] {processor.py:161} INFO - Started process (PID=69210) to work on /Users/harshasogala/financial-data-platform/venv/lib/python3.12/site-packages/airflow/example_dags/example_latest_only_with_trigger.py
[2026-03-13T22:34:53.159+0100] {processor.py:830} INFO - Processing file /Users/harshasogala/financial-data-platform/venv/lib/python3.12/site-packages/airflow/example_dags/example_latest_only_with_trigger.py for tasks to queue
[2026-03-13T22:34:53.160+0100] {logging_mixin.py:188} INFO - [2026-03-13T22:34:53.160+0100] {dagbag.py:545} INFO - Filling up the DagBag from /Users/harshasogala/financial-data-platform/venv/lib/python3.12/site-packages/airflow/example_dags/example_latest_only_with_trigger.py
[2026-03-13T22:34:53.165+0100] {processor.py:840} INFO - DAG(s) 'latest_only_with_trigger' retrieved from /Users/harshasogala/financial-data-platform/venv/lib/python3.12/site-packages/airflow/example_dags/example_latest_only_with_trigger.py
[2026-03-13T22:34:53.221+0100] {logging_mixin.py:188} INFO - [2026-03-13T22:34:53.221+0100] {dag.py:3089} INFO - Sync 1 DAGs
[2026-03-13T22:34:53.230+0100] {logging_mixin.py:188} INFO - [2026-03-13T22:34:53.230+0100] {dag.py:3947} INFO - Setting next_dagrun for latest_only_with_trigger to 2026-03-13 16:00:00+00:00, run_after=2026-03-13 20:00:00+00:00
[2026-03-13T22:34:53.242+0100] {processor.py:183} INFO - Processing /Users/harshasogala/financial-data-platform/venv/lib/python3.12/site-packages/airflow/example_dags/example_latest_only_with_trigger.py took 0.085 seconds
[2026-03-13T22:36:08.650+0100] {processor.py:161} INFO - Started process (PID=69289) to work on /Users/harshasogala/financial-data-platform/venv/lib/python3.12/site-packages/airflow/example_dags/example_latest_only_with_trigger.py
[2026-03-13T22:36:08.652+0100] {processor.py:830} INFO - Processing file /Users/harshasogala/financial-data-platform/venv/lib/python3.12/site-packages/airflow/example_dags/example_latest_only_with_trigger.py for tasks to queue
[2026-03-13T22:36:08.652+0100] {logging_mixin.py:188} INFO - [2026-03-13T22:36:08.652+0100] {dagbag.py:545} INFO - Filling up the DagBag from /Users/harshasogala/financial-data-platform/venv/lib/python3.12/site-packages/airflow/example_dags/example_latest_only_with_trigger.py
[2026-03-13T22:36:08.657+0100] {processor.py:840} INFO - DAG(s) 'latest_only_with_trigger' retrieved from /Users/harshasogala/financial-data-platform/venv/lib/python3.12/site-packages/airflow/example_dags/example_latest_only_with_trigger.py
[2026-03-13T22:36:08.713+0100] {logging_mixin.py:188} INFO - [2026-03-13T22:36:08.713+0100] {dag.py:3089} INFO - Sync 1 DAGs
[2026-03-13T22:36:08.722+0100] {logging_mixin.py:188} INFO - [2026-03-13T22:36:08.722+0100] {dag.py:3947} INFO - Setting next_dagrun for latest_only_with_trigger to 2026-03-13 16:00:00+00:00, run_after=2026-03-13 20:00:00+00:00
[2026-03-13T22:36:08.733+0100] {processor.py:183} INFO - Processing /Users/harshasogala/financial-data-platform/venv/lib/python3.12/site-packages/airflow/example_dags/example_latest_only_with_trigger.py took 0.084 seconds
[2026-03-13T22:37:22.515+0100] {processor.py:161} INFO - Started process (PID=69347) to work on /Users/harshasogala/financial-data-platform/venv/lib/python3.12/site-packages/airflow/example_dags/example_latest_only_with_trigger.py
[2026-03-13T22:37:22.516+0100] {processor.py:830} INFO - Processing file /Users/harshasogala/financial-data-platform/venv/lib/python3.12/site-packages/airflow/example_dags/example_latest_only_with_trigger.py for tasks to queue
[2026-03-13T22:37:22.517+0100] {logging_mixin.py:188} INFO - [2026-03-13T22:37:22.516+0100] {dagbag.py:545} INFO - Filling up the DagBag from /Users/harshasogala/financial-data-platform/venv/lib/python3.12/site-packages/airflow/example_dags/example_latest_only_with_trigger.py
[2026-03-13T22:37:22.522+0100] {processor.py:840} INFO - DAG(s) 'latest_only_with_trigger' retrieved from /Users/harshasogala/financial-data-platform/venv/lib/python3.12/site-packages/airflow/example_dags/example_latest_only_with_trigger.py
[2026-03-13T22:37:22.577+0100] {logging_mixin.py:188} INFO - [2026-03-13T22:37:22.577+0100] {dag.py:3089} INFO - Sync 1 DAGs
[2026-03-13T22:37:22.586+0100] {logging_mixin.py:188} INFO - [2026-03-13T22:37:22.586+0100] {dag.py:3947} INFO - Setting next_dagrun for latest_only_with_trigger to 2026-03-13 16:00:00+00:00, run_after=2026-03-13 20:00:00+00:00
[2026-03-13T22:37:22.598+0100] {processor.py:183} INFO - Processing /Users/harshasogala/financial-data-platform/venv/lib/python3.12/site-packages/airflow/example_dags/example_latest_only_with_trigger.py took 0.084 seconds
[2026-03-13T22:38:36.960+0100] {processor.py:161} INFO - Started process (PID=69408) to work on /Users/harshasogala/financial-data-platform/venv/lib/python3.12/site-packages/airflow/example_dags/example_latest_only_with_trigger.py
[2026-03-13T22:38:36.961+0100] {processor.py:830} INFO - Processing file /Users/harshasogala/financial-data-platform/venv/lib/python3.12/site-packages/airflow/example_dags/example_latest_only_with_trigger.py for tasks to queue
[2026-03-13T22:38:36.962+0100] {logging_mixin.py:188} INFO - [2026-03-13T22:38:36.962+0100] {dagbag.py:545} INFO - Filling up the DagBag from /Users/harshasogala/financial-data-platform/venv/lib/python3.12/site-packages/airflow/example_dags/example_latest_only_with_trigger.py
[2026-03-13T22:38:36.967+0100] {processor.py:840} INFO - DAG(s) 'latest_only_with_trigger' retrieved from /Users/harshasogala/financial-data-platform/venv/lib/python3.12/site-packages/airflow/example_dags/example_latest_only_with_trigger.py
[2026-03-13T22:38:37.022+0100] {logging_mixin.py:188} INFO - [2026-03-13T22:38:37.022+0100] {dag.py:3089} INFO - Sync 1 DAGs
[2026-03-13T22:38:37.032+0100] {logging_mixin.py:188} INFO - [2026-03-13T22:38:37.031+0100] {dag.py:3947} INFO - Setting next_dagrun for latest_only_with_trigger to 2026-03-13 16:00:00+00:00, run_after=2026-03-13 20:00:00+00:00
[2026-03-13T22:38:37.043+0100] {processor.py:183} INFO - Processing /Users/harshasogala/financial-data-platform/venv/lib/python3.12/site-packages/airflow/example_dags/example_latest_only_with_trigger.py took 0.084 seconds
[2026-03-13T22:39:50.833+0100] {processor.py:161} INFO - Started process (PID=69633) to work on /Users/harshasogala/financial-data-platform/venv/lib/python3.12/site-packages/airflow/example_dags/example_latest_only_with_trigger.py
[2026-03-13T22:39:50.834+0100] {processor.py:830} INFO - Processing file /Users/harshasogala/financial-data-platform/venv/lib/python3.12/site-packages/airflow/example_dags/example_latest_only_with_trigger.py for tasks to queue
[2026-03-13T22:39:50.834+0100] {logging_mixin.py:188} INFO - [2026-03-13T22:39:50.834+0100] {dagbag.py:545} INFO - Filling up the DagBag from /Users/harshasogala/financial-data-platform/venv/lib/python3.12/site-packages/airflow/example_dags/example_latest_only_with_trigger.py
[2026-03-13T22:39:50.840+0100] {processor.py:840} INFO - DAG(s) 'latest_only_with_trigger' retrieved from /Users/harshasogala/financial-data-platform/venv/lib/python3.12/site-packages/airflow/example_dags/example_latest_only_with_trigger.py
[2026-03-13T22:39:50.895+0100] {logging_mixin.py:188} INFO - [2026-03-13T22:39:50.895+0100] {dag.py:3089} INFO - Sync 1 DAGs
[2026-03-13T22:39:50.905+0100] {logging_mixin.py:188} INFO - [2026-03-13T22:39:50.905+0100] {dag.py:3947} INFO - Setting next_dagrun for latest_only_with_trigger to 2026-03-13 16:00:00+00:00, run_after=2026-03-13 20:00:00+00:00
[2026-03-13T22:39:50.917+0100] {processor.py:183} INFO - Processing /Users/harshasogala/financial-data-platform/venv/lib/python3.12/site-packages/airflow/example_dags/example_latest_only_with_trigger.py took 0.086 seconds
[2026-03-13T22:41:14.638+0100] {processor.py:161} INFO - Started process (PID=69695) to work on /Users/harshasogala/financial-data-platform/venv/lib/python3.12/site-packages/airflow/example_dags/example_latest_only_with_trigger.py
[2026-03-13T22:41:14.639+0100] {processor.py:830} INFO - Processing file /Users/harshasogala/financial-data-platform/venv/lib/python3.12/site-packages/airflow/example_dags/example_latest_only_with_trigger.py for tasks to queue
[2026-03-13T22:41:14.640+0100] {logging_mixin.py:188} INFO - [2026-03-13T22:41:14.640+0100] {dagbag.py:545} INFO - Filling up the DagBag from /Users/harshasogala/financial-data-platform/venv/lib/python3.12/site-packages/airflow/example_dags/example_latest_only_with_trigger.py
[2026-03-13T22:41:14.645+0100] {processor.py:840} INFO - DAG(s) 'latest_only_with_trigger' retrieved from /Users/harshasogala/financial-data-platform/venv/lib/python3.12/site-packages/airflow/example_dags/example_latest_only_with_trigger.py
[2026-03-13T22:41:14.700+0100] {logging_mixin.py:188} INFO - [2026-03-13T22:41:14.700+0100] {dag.py:3089} INFO - Sync 1 DAGs
[2026-03-13T22:41:14.709+0100] {logging_mixin.py:188} INFO - [2026-03-13T22:41:14.709+0100] {dag.py:3947} INFO - Setting next_dagrun for latest_only_with_trigger to 2026-03-13 16:00:00+00:00, run_after=2026-03-13 20:00:00+00:00
[2026-03-13T22:41:14.752+0100] {processor.py:183} INFO - Processing /Users/harshasogala/financial-data-platform/venv/lib/python3.12/site-packages/airflow/example_dags/example_latest_only_with_trigger.py took 0.115 seconds
[2026-03-13T22:42:32.473+0100] {processor.py:161} INFO - Started process (PID=69754) to work on /Users/harshasogala/financial-data-platform/venv/lib/python3.12/site-packages/airflow/example_dags/example_latest_only_with_trigger.py
[2026-03-13T22:42:32.473+0100] {processor.py:830} INFO - Processing file /Users/harshasogala/financial-data-platform/venv/lib/python3.12/site-packages/airflow/example_dags/example_latest_only_with_trigger.py for tasks to queue
[2026-03-13T22:42:32.474+0100] {logging_mixin.py:188} INFO - [2026-03-13T22:42:32.474+0100] {dagbag.py:545} INFO - Filling up the DagBag from /Users/harshasogala/financial-data-platform/venv/lib/python3.12/site-packages/airflow/example_dags/example_latest_only_with_trigger.py
[2026-03-13T22:42:32.479+0100] {processor.py:840} INFO - DAG(s) 'latest_only_with_trigger' retrieved from /Users/harshasogala/financial-data-platform/venv/lib/python3.12/site-packages/airflow/example_dags/example_latest_only_with_trigger.py
[2026-03-13T22:42:32.533+0100] {logging_mixin.py:188} INFO - [2026-03-13T22:42:32.533+0100] {dag.py:3089} INFO - Sync 1 DAGs
[2026-03-13T22:42:32.542+0100] {logging_mixin.py:188} INFO - [2026-03-13T22:42:32.542+0100] {dag.py:3947} INFO - Setting next_dagrun for latest_only_with_trigger to 2026-03-13 16:00:00+00:00, run_after=2026-03-13 20:00:00+00:00
[2026-03-13T22:42:32.553+0100] {processor.py:183} INFO - Processing /Users/harshasogala/financial-data-platform/venv/lib/python3.12/site-packages/airflow/example_dags/example_latest_only_with_trigger.py took 0.083 seconds
[2026-03-13T22:43:51.988+0100] {processor.py:161} INFO - Started process (PID=69832) to work on /Users/harshasogala/financial-data-platform/venv/lib/python3.12/site-packages/airflow/example_dags/example_latest_only_with_trigger.py
[2026-03-13T22:43:51.989+0100] {processor.py:830} INFO - Processing file /Users/harshasogala/financial-data-platform/venv/lib/python3.12/site-packages/airflow/example_dags/example_latest_only_with_trigger.py for tasks to queue
[2026-03-13T22:43:51.990+0100] {logging_mixin.py:188} INFO - [2026-03-13T22:43:51.990+0100] {dagbag.py:545} INFO - Filling up the DagBag from /Users/harshasogala/financial-data-platform/venv/lib/python3.12/site-packages/airflow/example_dags/example_latest_only_with_trigger.py
[2026-03-13T22:43:51.995+0100] {processor.py:840} INFO - DAG(s) 'latest_only_with_trigger' retrieved from /Users/harshasogala/financial-data-platform/venv/lib/python3.12/site-packages/airflow/example_dags/example_latest_only_with_trigger.py
[2026-03-13T22:43:52.054+0100] {logging_mixin.py:188} INFO - [2026-03-13T22:43:52.054+0100] {dag.py:3089} INFO - Sync 1 DAGs
[2026-03-13T22:43:52.064+0100] {logging_mixin.py:188} INFO - [2026-03-13T22:43:52.064+0100] {dag.py:3947} INFO - Setting next_dagrun for latest_only_with_trigger to 2026-03-13 16:00:00+00:00, run_after=2026-03-13 20:00:00+00:00
[2026-03-13T22:43:52.077+0100] {processor.py:183} INFO - Processing /Users/harshasogala/financial-data-platform/venv/lib/python3.12/site-packages/airflow/example_dags/example_latest_only_with_trigger.py took 0.091 seconds
[2026-03-13T22:45:21.135+0100] {processor.py:161} INFO - Started process (PID=70217) to work on /Users/harshasogala/financial-data-platform/venv/lib/python3.12/site-packages/airflow/example_dags/example_latest_only_with_trigger.py
[2026-03-13T22:45:21.137+0100] {processor.py:830} INFO - Processing file /Users/harshasogala/financial-data-platform/venv/lib/python3.12/site-packages/airflow/example_dags/example_latest_only_with_trigger.py for tasks to queue
[2026-03-13T22:45:21.137+0100] {logging_mixin.py:188} INFO - [2026-03-13T22:45:21.137+0100] {dagbag.py:545} INFO - Filling up the DagBag from /Users/harshasogala/financial-data-platform/venv/lib/python3.12/site-packages/airflow/example_dags/example_latest_only_with_trigger.py
[2026-03-13T22:45:21.146+0100] {processor.py:840} INFO - DAG(s) 'latest_only_with_trigger' retrieved from /Users/harshasogala/financial-data-platform/venv/lib/python3.12/site-packages/airflow/example_dags/example_latest_only_with_trigger.py
[2026-03-13T22:45:21.281+0100] {logging_mixin.py:188} INFO - [2026-03-13T22:45:21.280+0100] {dag.py:3089} INFO - Sync 1 DAGs
[2026-03-13T22:45:21.297+0100] {logging_mixin.py:188} INFO - [2026-03-13T22:45:21.297+0100] {dag.py:3947} INFO - Setting next_dagrun for latest_only_with_trigger to 2026-03-13 16:00:00+00:00, run_after=2026-03-13 20:00:00+00:00
[2026-03-13T22:45:21.317+0100] {processor.py:183} INFO - Processing /Users/harshasogala/financial-data-platform/venv/lib/python3.12/site-packages/airflow/example_dags/example_latest_only_with_trigger.py took 0.186 seconds
[2026-03-13T22:46:48.827+0100] {processor.py:161} INFO - Started process (PID=70606) to work on /Users/harshasogala/financial-data-platform/venv/lib/python3.12/site-packages/airflow/example_dags/example_latest_only_with_trigger.py
[2026-03-13T22:46:48.828+0100] {processor.py:830} INFO - Processing file /Users/harshasogala/financial-data-platform/venv/lib/python3.12/site-packages/airflow/example_dags/example_latest_only_with_trigger.py for tasks to queue
[2026-03-13T22:46:48.829+0100] {logging_mixin.py:188} INFO - [2026-03-13T22:46:48.828+0100] {dagbag.py:545} INFO - Filling up the DagBag from /Users/harshasogala/financial-data-platform/venv/lib/python3.12/site-packages/airflow/example_dags/example_latest_only_with_trigger.py
[2026-03-13T22:46:48.835+0100] {processor.py:840} INFO - DAG(s) 'latest_only_with_trigger' retrieved from /Users/harshasogala/financial-data-platform/venv/lib/python3.12/site-packages/airflow/example_dags/example_latest_only_with_trigger.py
[2026-03-13T22:46:48.900+0100] {logging_mixin.py:188} INFO - [2026-03-13T22:46:48.899+0100] {dag.py:3089} INFO - Sync 1 DAGs
[2026-03-13T22:46:48.909+0100] {logging_mixin.py:188} INFO - [2026-03-13T22:46:48.909+0100] {dag.py:3947} INFO - Setting next_dagrun for latest_only_with_trigger to 2026-03-13 16:00:00+00:00, run_after=2026-03-13 20:00:00+00:00
[2026-03-13T22:46:48.923+0100] {processor.py:183} INFO - Processing /Users/harshasogala/financial-data-platform/venv/lib/python3.12/site-packages/airflow/example_dags/example_latest_only_with_trigger.py took 0.098 seconds
[2026-03-13T22:48:12.430+0100] {processor.py:161} INFO - Started process (PID=71411) to work on /Users/harshasogala/financial-data-platform/venv/lib/python3.12/site-packages/airflow/example_dags/example_latest_only_with_trigger.py
[2026-03-13T22:48:12.431+0100] {processor.py:830} INFO - Processing file /Users/harshasogala/financial-data-platform/venv/lib/python3.12/site-packages/airflow/example_dags/example_latest_only_with_trigger.py for tasks to queue
[2026-03-13T22:48:12.432+0100] {logging_mixin.py:188} INFO - [2026-03-13T22:48:12.432+0100] {dagbag.py:545} INFO - Filling up the DagBag from /Users/harshasogala/financial-data-platform/venv/lib/python3.12/site-packages/airflow/example_dags/example_latest_only_with_trigger.py
[2026-03-13T22:48:12.437+0100] {processor.py:840} INFO - DAG(s) 'latest_only_with_trigger' retrieved from /Users/harshasogala/financial-data-platform/venv/lib/python3.12/site-packages/airflow/example_dags/example_latest_only_with_trigger.py
[2026-03-13T22:48:12.492+0100] {logging_mixin.py:188} INFO - [2026-03-13T22:48:12.492+0100] {dag.py:3089} INFO - Sync 1 DAGs
[2026-03-13T22:48:12.502+0100] {logging_mixin.py:188} INFO - [2026-03-13T22:48:12.502+0100] {dag.py:3947} INFO - Setting next_dagrun for latest_only_with_trigger to 2026-03-13 16:00:00+00:00, run_after=2026-03-13 20:00:00+00:00
[2026-03-13T22:48:12.514+0100] {processor.py:183} INFO - Processing /Users/harshasogala/financial-data-platform/venv/lib/python3.12/site-packages/airflow/example_dags/example_latest_only_with_trigger.py took 0.087 seconds
[2026-03-13T22:49:32.276+0100] {processor.py:161} INFO - Started process (PID=71485) to work on /Users/harshasogala/financial-data-platform/venv/lib/python3.12/site-packages/airflow/example_dags/example_latest_only_with_trigger.py
[2026-03-13T22:49:32.277+0100] {processor.py:830} INFO - Processing file /Users/harshasogala/financial-data-platform/venv/lib/python3.12/site-packages/airflow/example_dags/example_latest_only_with_trigger.py for tasks to queue
[2026-03-13T22:49:32.278+0100] {logging_mixin.py:188} INFO - [2026-03-13T22:49:32.278+0100] {dagbag.py:545} INFO - Filling up the DagBag from /Users/harshasogala/financial-data-platform/venv/lib/python3.12/site-packages/airflow/example_dags/example_latest_only_with_trigger.py
[2026-03-13T22:49:32.286+0100] {processor.py:840} INFO - DAG(s) 'latest_only_with_trigger' retrieved from /Users/harshasogala/financial-data-platform/venv/lib/python3.12/site-packages/airflow/example_dags/example_latest_only_with_trigger.py
[2026-03-13T22:49:32.346+0100] {logging_mixin.py:188} INFO - [2026-03-13T22:49:32.345+0100] {dag.py:3089} INFO - Sync 1 DAGs
[2026-03-13T22:49:32.355+0100] {logging_mixin.py:188} INFO - [2026-03-13T22:49:32.355+0100] {dag.py:3947} INFO - Setting next_dagrun for latest_only_with_trigger to 2026-03-13 16:00:00+00:00, run_after=2026-03-13 20:00:00+00:00
[2026-03-13T22:49:32.367+0100] {processor.py:183} INFO - Processing /Users/harshasogala/financial-data-platform/venv/lib/python3.12/site-packages/airflow/example_dags/example_latest_only_with_trigger.py took 0.093 seconds
[2026-03-13T22:51:02.836+0100] {processor.py:161} INFO - Started process (PID=72023) to work on /Users/harshasogala/financial-data-platform/venv/lib/python3.12/site-packages/airflow/example_dags/example_latest_only_with_trigger.py
[2026-03-13T22:51:02.837+0100] {processor.py:830} INFO - Processing file /Users/harshasogala/financial-data-platform/venv/lib/python3.12/site-packages/airflow/example_dags/example_latest_only_with_trigger.py for tasks to queue
[2026-03-13T22:51:02.838+0100] {logging_mixin.py:188} INFO - [2026-03-13T22:51:02.837+0100] {dagbag.py:545} INFO - Filling up the DagBag from /Users/harshasogala/financial-data-platform/venv/lib/python3.12/site-packages/airflow/example_dags/example_latest_only_with_trigger.py
[2026-03-13T22:51:02.844+0100] {processor.py:840} INFO - DAG(s) 'latest_only_with_trigger' retrieved from /Users/harshasogala/financial-data-platform/venv/lib/python3.12/site-packages/airflow/example_dags/example_latest_only_with_trigger.py
[2026-03-13T22:51:02.899+0100] {logging_mixin.py:188} INFO - [2026-03-13T22:51:02.899+0100] {dag.py:3089} INFO - Sync 1 DAGs
[2026-03-13T22:51:02.908+0100] {logging_mixin.py:188} INFO - [2026-03-13T22:51:02.908+0100] {dag.py:3947} INFO - Setting next_dagrun for latest_only_with_trigger to 2026-03-13 16:00:00+00:00, run_after=2026-03-13 20:00:00+00:00
[2026-03-13T22:51:02.919+0100] {processor.py:183} INFO - Processing /Users/harshasogala/financial-data-platform/venv/lib/python3.12/site-packages/airflow/example_dags/example_latest_only_with_trigger.py took 0.085 seconds
[2026-03-13T22:52:18.857+0100] {processor.py:161} INFO - Started process (PID=72316) to work on /Users/harshasogala/financial-data-platform/venv/lib/python3.12/site-packages/airflow/example_dags/example_latest_only_with_trigger.py
[2026-03-13T22:52:18.858+0100] {processor.py:830} INFO - Processing file /Users/harshasogala/financial-data-platform/venv/lib/python3.12/site-packages/airflow/example_dags/example_latest_only_with_trigger.py for tasks to queue
[2026-03-13T22:52:18.859+0100] {logging_mixin.py:188} INFO - [2026-03-13T22:52:18.859+0100] {dagbag.py:545} INFO - Filling up the DagBag from /Users/harshasogala/financial-data-platform/venv/lib/python3.12/site-packages/airflow/example_dags/example_latest_only_with_trigger.py
[2026-03-13T22:52:18.864+0100] {processor.py:840} INFO - DAG(s) 'latest_only_with_trigger' retrieved from /Users/harshasogala/financial-data-platform/venv/lib/python3.12/site-packages/airflow/example_dags/example_latest_only_with_trigger.py
[2026-03-13T22:52:18.920+0100] {logging_mixin.py:188} INFO - [2026-03-13T22:52:18.920+0100] {dag.py:3089} INFO - Sync 1 DAGs
[2026-03-13T22:52:18.932+0100] {logging_mixin.py:188} INFO - [2026-03-13T22:52:18.932+0100] {dag.py:3947} INFO - Setting next_dagrun for latest_only_with_trigger to 2026-03-13 16:00:00+00:00, run_after=2026-03-13 20:00:00+00:00
[2026-03-13T22:52:18.944+0100] {processor.py:183} INFO - Processing /Users/harshasogala/financial-data-platform/venv/lib/python3.12/site-packages/airflow/example_dags/example_latest_only_with_trigger.py took 0.089 seconds
[2026-03-13T22:53:35.300+0100] {processor.py:161} INFO - Started process (PID=72419) to work on /Users/harshasogala/financial-data-platform/venv/lib/python3.12/site-packages/airflow/example_dags/example_latest_only_with_trigger.py
[2026-03-13T22:53:35.301+0100] {processor.py:830} INFO - Processing file /Users/harshasogala/financial-data-platform/venv/lib/python3.12/site-packages/airflow/example_dags/example_latest_only_with_trigger.py for tasks to queue
[2026-03-13T22:53:35.302+0100] {logging_mixin.py:188} INFO - [2026-03-13T22:53:35.302+0100] {dagbag.py:545} INFO - Filling up the DagBag from /Users/harshasogala/financial-data-platform/venv/lib/python3.12/site-packages/airflow/example_dags/example_latest_only_with_trigger.py
[2026-03-13T22:53:35.307+0100] {processor.py:840} INFO - DAG(s) 'latest_only_with_trigger' retrieved from /Users/harshasogala/financial-data-platform/venv/lib/python3.12/site-packages/airflow/example_dags/example_latest_only_with_trigger.py
[2026-03-13T22:53:35.362+0100] {logging_mixin.py:188} INFO - [2026-03-13T22:53:35.361+0100] {dag.py:3089} INFO - Sync 1 DAGs
[2026-03-13T22:53:35.371+0100] {logging_mixin.py:188} INFO - [2026-03-13T22:53:35.371+0100] {dag.py:3947} INFO - Setting next_dagrun for latest_only_with_trigger to 2026-03-13 16:00:00+00:00, run_after=2026-03-13 20:00:00+00:00
[2026-03-13T22:53:35.382+0100] {processor.py:183} INFO - Processing /Users/harshasogala/financial-data-platform/venv/lib/python3.12/site-packages/airflow/example_dags/example_latest_only_with_trigger.py took 0.084 seconds
[2026-03-13T22:55:05.059+0100] {processor.py:161} INFO - Started process (PID=72523) to work on /Users/harshasogala/financial-data-platform/venv/lib/python3.12/site-packages/airflow/example_dags/example_latest_only_with_trigger.py
[2026-03-13T22:55:05.059+0100] {processor.py:830} INFO - Processing file /Users/harshasogala/financial-data-platform/venv/lib/python3.12/site-packages/airflow/example_dags/example_latest_only_with_trigger.py for tasks to queue
[2026-03-13T22:55:05.060+0100] {logging_mixin.py:188} INFO - [2026-03-13T22:55:05.060+0100] {dagbag.py:545} INFO - Filling up the DagBag from /Users/harshasogala/financial-data-platform/venv/lib/python3.12/site-packages/airflow/example_dags/example_latest_only_with_trigger.py
[2026-03-13T22:55:05.065+0100] {processor.py:840} INFO - DAG(s) 'latest_only_with_trigger' retrieved from /Users/harshasogala/financial-data-platform/venv/lib/python3.12/site-packages/airflow/example_dags/example_latest_only_with_trigger.py
[2026-03-13T22:55:05.120+0100] {logging_mixin.py:188} INFO - [2026-03-13T22:55:05.120+0100] {dag.py:3089} INFO - Sync 1 DAGs
[2026-03-13T22:55:05.130+0100] {logging_mixin.py:188} INFO - [2026-03-13T22:55:05.130+0100] {dag.py:3947} INFO - Setting next_dagrun for latest_only_with_trigger to 2026-03-13 16:00:00+00:00, run_after=2026-03-13 20:00:00+00:00
[2026-03-13T22:55:05.143+0100] {processor.py:183} INFO - Processing /Users/harshasogala/financial-data-platform/venv/lib/python3.12/site-packages/airflow/example_dags/example_latest_only_with_trigger.py took 0.086 seconds
[2026-03-13T22:56:23.680+0100] {processor.py:161} INFO - Started process (PID=72617) to work on /Users/harshasogala/financial-data-platform/venv/lib/python3.12/site-packages/airflow/example_dags/example_latest_only_with_trigger.py
[2026-03-13T22:56:23.681+0100] {processor.py:830} INFO - Processing file /Users/harshasogala/financial-data-platform/venv/lib/python3.12/site-packages/airflow/example_dags/example_latest_only_with_trigger.py for tasks to queue
[2026-03-13T22:56:23.681+0100] {logging_mixin.py:188} INFO - [2026-03-13T22:56:23.681+0100] {dagbag.py:545} INFO - Filling up the DagBag from /Users/harshasogala/financial-data-platform/venv/lib/python3.12/site-packages/airflow/example_dags/example_latest_only_with_trigger.py
[2026-03-13T22:56:23.687+0100] {processor.py:840} INFO - DAG(s) 'latest_only_with_trigger' retrieved from /Users/harshasogala/financial-data-platform/venv/lib/python3.12/site-packages/airflow/example_dags/example_latest_only_with_trigger.py
[2026-03-13T22:56:23.743+0100] {logging_mixin.py:188} INFO - [2026-03-13T22:56:23.742+0100] {dag.py:3089} INFO - Sync 1 DAGs
[2026-03-13T22:56:23.754+0100] {logging_mixin.py:188} INFO - [2026-03-13T22:56:23.754+0100] {dag.py:3947} INFO - Setting next_dagrun for latest_only_with_trigger to 2026-03-13 16:00:00+00:00, run_after=2026-03-13 20:00:00+00:00
[2026-03-13T22:56:23.768+0100] {processor.py:183} INFO - Processing /Users/harshasogala/financial-data-platform/venv/lib/python3.12/site-packages/airflow/example_dags/example_latest_only_with_trigger.py took 0.090 seconds
[2026-03-13T22:57:42.258+0100] {processor.py:161} INFO - Started process (PID=72677) to work on /Users/harshasogala/financial-data-platform/venv/lib/python3.12/site-packages/airflow/example_dags/example_latest_only_with_trigger.py
[2026-03-13T22:57:42.259+0100] {processor.py:830} INFO - Processing file /Users/harshasogala/financial-data-platform/venv/lib/python3.12/site-packages/airflow/example_dags/example_latest_only_with_trigger.py for tasks to queue
[2026-03-13T22:57:42.259+0100] {logging_mixin.py:188} INFO - [2026-03-13T22:57:42.259+0100] {dagbag.py:545} INFO - Filling up the DagBag from /Users/harshasogala/financial-data-platform/venv/lib/python3.12/site-packages/airflow/example_dags/example_latest_only_with_trigger.py
[2026-03-13T22:57:42.264+0100] {processor.py:840} INFO - DAG(s) 'latest_only_with_trigger' retrieved from /Users/harshasogala/financial-data-platform/venv/lib/python3.12/site-packages/airflow/example_dags/example_latest_only_with_trigger.py
[2026-03-13T22:57:42.320+0100] {logging_mixin.py:188} INFO - [2026-03-13T22:57:42.320+0100] {dag.py:3089} INFO - Sync 1 DAGs
[2026-03-13T22:57:42.331+0100] {logging_mixin.py:188} INFO - [2026-03-13T22:57:42.330+0100] {dag.py:3947} INFO - Setting next_dagrun for latest_only_with_trigger to 2026-03-13 16:00:00+00:00, run_after=2026-03-13 20:00:00+00:00
[2026-03-13T22:57:42.342+0100] {processor.py:183} INFO - Processing /Users/harshasogala/financial-data-platform/venv/lib/python3.12/site-packages/airflow/example_dags/example_latest_only_with_trigger.py took 0.086 seconds
[2026-03-13T22:59:06.262+0100] {processor.py:161} INFO - Started process (PID=72753) to work on /Users/harshasogala/financial-data-platform/venv/lib/python3.12/site-packages/airflow/example_dags/example_latest_only_with_trigger.py
[2026-03-13T22:59:06.263+0100] {processor.py:830} INFO - Processing file /Users/harshasogala/financial-data-platform/venv/lib/python3.12/site-packages/airflow/example_dags/example_latest_only_with_trigger.py for tasks to queue
[2026-03-13T22:59:06.263+0100] {logging_mixin.py:188} INFO - [2026-03-13T22:59:06.263+0100] {dagbag.py:545} INFO - Filling up the DagBag from /Users/harshasogala/financial-data-platform/venv/lib/python3.12/site-packages/airflow/example_dags/example_latest_only_with_trigger.py
[2026-03-13T22:59:06.268+0100] {processor.py:840} INFO - DAG(s) 'latest_only_with_trigger' retrieved from /Users/harshasogala/financial-data-platform/venv/lib/python3.12/site-packages/airflow/example_dags/example_latest_only_with_trigger.py
[2026-03-13T22:59:06.326+0100] {logging_mixin.py:188} INFO - [2026-03-13T22:59:06.325+0100] {dag.py:3089} INFO - Sync 1 DAGs
[2026-03-13T22:59:06.335+0100] {logging_mixin.py:188} INFO - [2026-03-13T22:59:06.335+0100] {dag.py:3947} INFO - Setting next_dagrun for latest_only_with_trigger to 2026-03-13 16:00:00+00:00, run_after=2026-03-13 20:00:00+00:00
[2026-03-13T22:59:06.347+0100] {processor.py:183} INFO - Processing /Users/harshasogala/financial-data-platform/venv/lib/python3.12/site-packages/airflow/example_dags/example_latest_only_with_trigger.py took 0.087 seconds
[2026-03-13T23:00:22.857+0100] {processor.py:161} INFO - Started process (PID=72823) to work on /Users/harshasogala/financial-data-platform/venv/lib/python3.12/site-packages/airflow/example_dags/example_latest_only_with_trigger.py
[2026-03-13T23:00:22.858+0100] {processor.py:830} INFO - Processing file /Users/harshasogala/financial-data-platform/venv/lib/python3.12/site-packages/airflow/example_dags/example_latest_only_with_trigger.py for tasks to queue
[2026-03-13T23:00:22.859+0100] {logging_mixin.py:188} INFO - [2026-03-13T23:00:22.859+0100] {dagbag.py:545} INFO - Filling up the DagBag from /Users/harshasogala/financial-data-platform/venv/lib/python3.12/site-packages/airflow/example_dags/example_latest_only_with_trigger.py
[2026-03-13T23:00:22.864+0100] {processor.py:840} INFO - DAG(s) 'latest_only_with_trigger' retrieved from /Users/harshasogala/financial-data-platform/venv/lib/python3.12/site-packages/airflow/example_dags/example_latest_only_with_trigger.py
[2026-03-13T23:00:22.921+0100] {logging_mixin.py:188} INFO - [2026-03-13T23:00:22.920+0100] {dag.py:3089} INFO - Sync 1 DAGs
[2026-03-13T23:00:22.930+0100] {logging_mixin.py:188} INFO - [2026-03-13T23:00:22.930+0100] {dag.py:3947} INFO - Setting next_dagrun for latest_only_with_trigger to 2026-03-13 16:00:00+00:00, run_after=2026-03-13 20:00:00+00:00
[2026-03-13T23:00:22.942+0100] {processor.py:183} INFO - Processing /Users/harshasogala/financial-data-platform/venv/lib/python3.12/site-packages/airflow/example_dags/example_latest_only_with_trigger.py took 0.087 seconds
[2026-03-13T23:01:44.390+0100] {processor.py:161} INFO - Started process (PID=72885) to work on /Users/harshasogala/financial-data-platform/venv/lib/python3.12/site-packages/airflow/example_dags/example_latest_only_with_trigger.py
[2026-03-13T23:01:44.391+0100] {processor.py:830} INFO - Processing file /Users/harshasogala/financial-data-platform/venv/lib/python3.12/site-packages/airflow/example_dags/example_latest_only_with_trigger.py for tasks to queue
[2026-03-13T23:01:44.392+0100] {logging_mixin.py:188} INFO - [2026-03-13T23:01:44.392+0100] {dagbag.py:545} INFO - Filling up the DagBag from /Users/harshasogala/financial-data-platform/venv/lib/python3.12/site-packages/airflow/example_dags/example_latest_only_with_trigger.py
[2026-03-13T23:01:44.397+0100] {processor.py:840} INFO - DAG(s) 'latest_only_with_trigger' retrieved from /Users/harshasogala/financial-data-platform/venv/lib/python3.12/site-packages/airflow/example_dags/example_latest_only_with_trigger.py
[2026-03-13T23:01:44.452+0100] {logging_mixin.py:188} INFO - [2026-03-13T23:01:44.452+0100] {dag.py:3089} INFO - Sync 1 DAGs
[2026-03-13T23:01:44.464+0100] {logging_mixin.py:188} INFO - [2026-03-13T23:01:44.463+0100] {dag.py:3947} INFO - Setting next_dagrun for latest_only_with_trigger to 2026-03-13 16:00:00+00:00, run_after=2026-03-13 20:00:00+00:00
[2026-03-13T23:01:44.476+0100] {processor.py:183} INFO - Processing /Users/harshasogala/financial-data-platform/venv/lib/python3.12/site-packages/airflow/example_dags/example_latest_only_with_trigger.py took 0.088 seconds
[2026-03-13T23:03:00.990+0100] {processor.py:161} INFO - Started process (PID=72943) to work on /Users/harshasogala/financial-data-platform/venv/lib/python3.12/site-packages/airflow/example_dags/example_latest_only_with_trigger.py
[2026-03-13T23:03:00.992+0100] {processor.py:830} INFO - Processing file /Users/harshasogala/financial-data-platform/venv/lib/python3.12/site-packages/airflow/example_dags/example_latest_only_with_trigger.py for tasks to queue
[2026-03-13T23:03:00.992+0100] {logging_mixin.py:188} INFO - [2026-03-13T23:03:00.992+0100] {dagbag.py:545} INFO - Filling up the DagBag from /Users/harshasogala/financial-data-platform/venv/lib/python3.12/site-packages/airflow/example_dags/example_latest_only_with_trigger.py
[2026-03-13T23:03:00.997+0100] {processor.py:840} INFO - DAG(s) 'latest_only_with_trigger' retrieved from /Users/harshasogala/financial-data-platform/venv/lib/python3.12/site-packages/airflow/example_dags/example_latest_only_with_trigger.py
[2026-03-13T23:03:01.054+0100] {logging_mixin.py:188} INFO - [2026-03-13T23:03:01.054+0100] {dag.py:3089} INFO - Sync 1 DAGs
[2026-03-13T23:03:01.064+0100] {logging_mixin.py:188} INFO - [2026-03-13T23:03:01.064+0100] {dag.py:3947} INFO - Setting next_dagrun for latest_only_with_trigger to 2026-03-13 16:00:00+00:00, run_after=2026-03-13 20:00:00+00:00
[2026-03-13T23:03:01.076+0100] {processor.py:183} INFO - Processing /Users/harshasogala/financial-data-platform/venv/lib/python3.12/site-packages/airflow/example_dags/example_latest_only_with_trigger.py took 0.087 seconds
[2026-03-13T23:04:20.422+0100] {processor.py:161} INFO - Started process (PID=73004) to work on /Users/harshasogala/financial-data-platform/venv/lib/python3.12/site-packages/airflow/example_dags/example_latest_only_with_trigger.py
[2026-03-13T23:04:20.423+0100] {processor.py:830} INFO - Processing file /Users/harshasogala/financial-data-platform/venv/lib/python3.12/site-packages/airflow/example_dags/example_latest_only_with_trigger.py for tasks to queue
[2026-03-13T23:04:20.423+0100] {logging_mixin.py:188} INFO - [2026-03-13T23:04:20.423+0100] {dagbag.py:545} INFO - Filling up the DagBag from /Users/harshasogala/financial-data-platform/venv/lib/python3.12/site-packages/airflow/example_dags/example_latest_only_with_trigger.py
[2026-03-13T23:04:20.428+0100] {processor.py:840} INFO - DAG(s) 'latest_only_with_trigger' retrieved from /Users/harshasogala/financial-data-platform/venv/lib/python3.12/site-packages/airflow/example_dags/example_latest_only_with_trigger.py
[2026-03-13T23:04:20.482+0100] {logging_mixin.py:188} INFO - [2026-03-13T23:04:20.482+0100] {dag.py:3089} INFO - Sync 1 DAGs
[2026-03-13T23:04:20.492+0100] {logging_mixin.py:188} INFO - [2026-03-13T23:04:20.491+0100] {dag.py:3947} INFO - Setting next_dagrun for latest_only_with_trigger to 2026-03-13 16:00:00+00:00, run_after=2026-03-13 20:00:00+00:00
[2026-03-13T23:04:20.503+0100] {processor.py:183} INFO - Processing /Users/harshasogala/financial-data-platform/venv/lib/python3.12/site-packages/airflow/example_dags/example_latest_only_with_trigger.py took 0.082 seconds
[2026-03-13T23:05:37.431+0100] {processor.py:161} INFO - Started process (PID=73068) to work on /Users/harshasogala/financial-data-platform/venv/lib/python3.12/site-packages/airflow/example_dags/example_latest_only_with_trigger.py
[2026-03-13T23:05:37.431+0100] {processor.py:830} INFO - Processing file /Users/harshasogala/financial-data-platform/venv/lib/python3.12/site-packages/airflow/example_dags/example_latest_only_with_trigger.py for tasks to queue
[2026-03-13T23:05:37.432+0100] {logging_mixin.py:188} INFO - [2026-03-13T23:05:37.432+0100] {dagbag.py:545} INFO - Filling up the DagBag from /Users/harshasogala/financial-data-platform/venv/lib/python3.12/site-packages/airflow/example_dags/example_latest_only_with_trigger.py
[2026-03-13T23:05:37.438+0100] {processor.py:840} INFO - DAG(s) 'latest_only_with_trigger' retrieved from /Users/harshasogala/financial-data-platform/venv/lib/python3.12/site-packages/airflow/example_dags/example_latest_only_with_trigger.py
[2026-03-13T23:05:37.498+0100] {logging_mixin.py:188} INFO - [2026-03-13T23:05:37.498+0100] {dag.py:3089} INFO - Sync 1 DAGs
[2026-03-13T23:05:37.508+0100] {logging_mixin.py:188} INFO - [2026-03-13T23:05:37.508+0100] {dag.py:3947} INFO - Setting next_dagrun for latest_only_with_trigger to 2026-03-13 16:00:00+00:00, run_after=2026-03-13 20:00:00+00:00
[2026-03-13T23:05:37.523+0100] {processor.py:183} INFO - Processing /Users/harshasogala/financial-data-platform/venv/lib/python3.12/site-packages/airflow/example_dags/example_latest_only_with_trigger.py took 0.094 seconds
[2026-03-13T23:06:58.530+0100] {processor.py:161} INFO - Started process (PID=73136) to work on /Users/harshasogala/financial-data-platform/venv/lib/python3.12/site-packages/airflow/example_dags/example_latest_only_with_trigger.py
[2026-03-13T23:06:58.531+0100] {processor.py:830} INFO - Processing file /Users/harshasogala/financial-data-platform/venv/lib/python3.12/site-packages/airflow/example_dags/example_latest_only_with_trigger.py for tasks to queue
[2026-03-13T23:06:58.532+0100] {logging_mixin.py:188} INFO - [2026-03-13T23:06:58.531+0100] {dagbag.py:545} INFO - Filling up the DagBag from /Users/harshasogala/financial-data-platform/venv/lib/python3.12/site-packages/airflow/example_dags/example_latest_only_with_trigger.py
[2026-03-13T23:06:58.537+0100] {processor.py:840} INFO - DAG(s) 'latest_only_with_trigger' retrieved from /Users/harshasogala/financial-data-platform/venv/lib/python3.12/site-packages/airflow/example_dags/example_latest_only_with_trigger.py
[2026-03-13T23:06:58.594+0100] {logging_mixin.py:188} INFO - [2026-03-13T23:06:58.593+0100] {dag.py:3089} INFO - Sync 1 DAGs
[2026-03-13T23:06:58.603+0100] {logging_mixin.py:188} INFO - [2026-03-13T23:06:58.603+0100] {dag.py:3947} INFO - Setting next_dagrun for latest_only_with_trigger to 2026-03-13 16:00:00+00:00, run_after=2026-03-13 20:00:00+00:00
[2026-03-13T23:06:58.616+0100] {processor.py:183} INFO - Processing /Users/harshasogala/financial-data-platform/venv/lib/python3.12/site-packages/airflow/example_dags/example_latest_only_with_trigger.py took 0.087 seconds
[2026-03-13T23:08:17.768+0100] {processor.py:161} INFO - Started process (PID=73197) to work on /Users/harshasogala/financial-data-platform/venv/lib/python3.12/site-packages/airflow/example_dags/example_latest_only_with_trigger.py
[2026-03-13T23:08:17.769+0100] {processor.py:830} INFO - Processing file /Users/harshasogala/financial-data-platform/venv/lib/python3.12/site-packages/airflow/example_dags/example_latest_only_with_trigger.py for tasks to queue
[2026-03-13T23:08:17.770+0100] {logging_mixin.py:188} INFO - [2026-03-13T23:08:17.769+0100] {dagbag.py:545} INFO - Filling up the DagBag from /Users/harshasogala/financial-data-platform/venv/lib/python3.12/site-packages/airflow/example_dags/example_latest_only_with_trigger.py
[2026-03-13T23:08:17.775+0100] {processor.py:840} INFO - DAG(s) 'latest_only_with_trigger' retrieved from /Users/harshasogala/financial-data-platform/venv/lib/python3.12/site-packages/airflow/example_dags/example_latest_only_with_trigger.py
[2026-03-13T23:08:17.829+0100] {logging_mixin.py:188} INFO - [2026-03-13T23:08:17.829+0100] {dag.py:3089} INFO - Sync 1 DAGs
[2026-03-13T23:08:17.839+0100] {logging_mixin.py:188} INFO - [2026-03-13T23:08:17.839+0100] {dag.py:3947} INFO - Setting next_dagrun for latest_only_with_trigger to 2026-03-13 16:00:00+00:00, run_after=2026-03-13 20:00:00+00:00
[2026-03-13T23:08:17.850+0100] {processor.py:183} INFO - Processing /Users/harshasogala/financial-data-platform/venv/lib/python3.12/site-packages/airflow/example_dags/example_latest_only_with_trigger.py took 0.083 seconds
[2026-03-13T23:09:30.092+0100] {processor.py:161} INFO - Started process (PID=73256) to work on /Users/harshasogala/financial-data-platform/venv/lib/python3.12/site-packages/airflow/example_dags/example_latest_only_with_trigger.py
[2026-03-13T23:09:30.093+0100] {processor.py:830} INFO - Processing file /Users/harshasogala/financial-data-platform/venv/lib/python3.12/site-packages/airflow/example_dags/example_latest_only_with_trigger.py for tasks to queue
[2026-03-13T23:09:30.094+0100] {logging_mixin.py:188} INFO - [2026-03-13T23:09:30.094+0100] {dagbag.py:545} INFO - Filling up the DagBag from /Users/harshasogala/financial-data-platform/venv/lib/python3.12/site-packages/airflow/example_dags/example_latest_only_with_trigger.py
[2026-03-13T23:09:30.099+0100] {processor.py:840} INFO - DAG(s) 'latest_only_with_trigger' retrieved from /Users/harshasogala/financial-data-platform/venv/lib/python3.12/site-packages/airflow/example_dags/example_latest_only_with_trigger.py
[2026-03-13T23:09:30.153+0100] {logging_mixin.py:188} INFO - [2026-03-13T23:09:30.153+0100] {dag.py:3089} INFO - Sync 1 DAGs
[2026-03-13T23:09:30.163+0100] {logging_mixin.py:188} INFO - [2026-03-13T23:09:30.163+0100] {dag.py:3947} INFO - Setting next_dagrun for latest_only_with_trigger to 2026-03-13 16:00:00+00:00, run_after=2026-03-13 20:00:00+00:00
[2026-03-13T23:09:30.174+0100] {processor.py:183} INFO - Processing /Users/harshasogala/financial-data-platform/venv/lib/python3.12/site-packages/airflow/example_dags/example_latest_only_with_trigger.py took 0.084 seconds
[2026-03-13T23:10:43.099+0100] {processor.py:161} INFO - Started process (PID=73313) to work on /Users/harshasogala/financial-data-platform/venv/lib/python3.12/site-packages/airflow/example_dags/example_latest_only_with_trigger.py
[2026-03-13T23:10:43.100+0100] {processor.py:830} INFO - Processing file /Users/harshasogala/financial-data-platform/venv/lib/python3.12/site-packages/airflow/example_dags/example_latest_only_with_trigger.py for tasks to queue
[2026-03-13T23:10:43.101+0100] {logging_mixin.py:188} INFO - [2026-03-13T23:10:43.100+0100] {dagbag.py:545} INFO - Filling up the DagBag from /Users/harshasogala/financial-data-platform/venv/lib/python3.12/site-packages/airflow/example_dags/example_latest_only_with_trigger.py
[2026-03-13T23:10:43.106+0100] {processor.py:840} INFO - DAG(s) 'latest_only_with_trigger' retrieved from /Users/harshasogala/financial-data-platform/venv/lib/python3.12/site-packages/airflow/example_dags/example_latest_only_with_trigger.py
[2026-03-13T23:10:43.160+0100] {logging_mixin.py:188} INFO - [2026-03-13T23:10:43.160+0100] {dag.py:3089} INFO - Sync 1 DAGs
[2026-03-13T23:10:43.206+0100] {logging_mixin.py:188} INFO - [2026-03-13T23:10:43.206+0100] {dag.py:3947} INFO - Setting next_dagrun for latest_only_with_trigger to 2026-03-13 16:00:00+00:00, run_after=2026-03-13 20:00:00+00:00
[2026-03-13T23:10:43.219+0100] {processor.py:183} INFO - Processing /Users/harshasogala/financial-data-platform/venv/lib/python3.12/site-packages/airflow/example_dags/example_latest_only_with_trigger.py took 0.122 seconds
[2026-03-13T23:11:56.465+0100] {processor.py:161} INFO - Started process (PID=73382) to work on /Users/harshasogala/financial-data-platform/venv/lib/python3.12/site-packages/airflow/example_dags/example_latest_only_with_trigger.py
[2026-03-13T23:11:56.467+0100] {processor.py:830} INFO - Processing file /Users/harshasogala/financial-data-platform/venv/lib/python3.12/site-packages/airflow/example_dags/example_latest_only_with_trigger.py for tasks to queue
[2026-03-13T23:11:56.467+0100] {logging_mixin.py:188} INFO - [2026-03-13T23:11:56.467+0100] {dagbag.py:545} INFO - Filling up the DagBag from /Users/harshasogala/financial-data-platform/venv/lib/python3.12/site-packages/airflow/example_dags/example_latest_only_with_trigger.py
[2026-03-13T23:11:56.472+0100] {processor.py:840} INFO - DAG(s) 'latest_only_with_trigger' retrieved from /Users/harshasogala/financial-data-platform/venv/lib/python3.12/site-packages/airflow/example_dags/example_latest_only_with_trigger.py
[2026-03-13T23:11:56.527+0100] {logging_mixin.py:188} INFO - [2026-03-13T23:11:56.526+0100] {dag.py:3089} INFO - Sync 1 DAGs
[2026-03-13T23:11:56.536+0100] {logging_mixin.py:188} INFO - [2026-03-13T23:11:56.535+0100] {dag.py:3947} INFO - Setting next_dagrun for latest_only_with_trigger to 2026-03-13 16:00:00+00:00, run_after=2026-03-13 20:00:00+00:00
[2026-03-13T23:11:56.547+0100] {processor.py:183} INFO - Processing /Users/harshasogala/financial-data-platform/venv/lib/python3.12/site-packages/airflow/example_dags/example_latest_only_with_trigger.py took 0.083 seconds
[2026-03-13T23:13:11.274+0100] {processor.py:161} INFO - Started process (PID=73440) to work on /Users/harshasogala/financial-data-platform/venv/lib/python3.12/site-packages/airflow/example_dags/example_latest_only_with_trigger.py
[2026-03-13T23:13:11.276+0100] {processor.py:830} INFO - Processing file /Users/harshasogala/financial-data-platform/venv/lib/python3.12/site-packages/airflow/example_dags/example_latest_only_with_trigger.py for tasks to queue
[2026-03-13T23:13:11.276+0100] {logging_mixin.py:188} INFO - [2026-03-13T23:13:11.276+0100] {dagbag.py:545} INFO - Filling up the DagBag from /Users/harshasogala/financial-data-platform/venv/lib/python3.12/site-packages/airflow/example_dags/example_latest_only_with_trigger.py
[2026-03-13T23:13:11.281+0100] {processor.py:840} INFO - DAG(s) 'latest_only_with_trigger' retrieved from /Users/harshasogala/financial-data-platform/venv/lib/python3.12/site-packages/airflow/example_dags/example_latest_only_with_trigger.py
[2026-03-13T23:13:11.335+0100] {logging_mixin.py:188} INFO - [2026-03-13T23:13:11.335+0100] {dag.py:3089} INFO - Sync 1 DAGs
[2026-03-13T23:13:11.345+0100] {logging_mixin.py:188} INFO - [2026-03-13T23:13:11.345+0100] {dag.py:3947} INFO - Setting next_dagrun for latest_only_with_trigger to 2026-03-13 16:00:00+00:00, run_after=2026-03-13 20:00:00+00:00
[2026-03-13T23:13:11.356+0100] {processor.py:183} INFO - Processing /Users/harshasogala/financial-data-platform/venv/lib/python3.12/site-packages/airflow/example_dags/example_latest_only_with_trigger.py took 0.083 seconds
[2026-03-13T23:14:25.140+0100] {processor.py:161} INFO - Started process (PID=73502) to work on /Users/harshasogala/financial-data-platform/venv/lib/python3.12/site-packages/airflow/example_dags/example_latest_only_with_trigger.py
[2026-03-13T23:14:25.141+0100] {processor.py:830} INFO - Processing file /Users/harshasogala/financial-data-platform/venv/lib/python3.12/site-packages/airflow/example_dags/example_latest_only_with_trigger.py for tasks to queue
[2026-03-13T23:14:25.141+0100] {logging_mixin.py:188} INFO - [2026-03-13T23:14:25.141+0100] {dagbag.py:545} INFO - Filling up the DagBag from /Users/harshasogala/financial-data-platform/venv/lib/python3.12/site-packages/airflow/example_dags/example_latest_only_with_trigger.py
[2026-03-13T23:14:25.146+0100] {processor.py:840} INFO - DAG(s) 'latest_only_with_trigger' retrieved from /Users/harshasogala/financial-data-platform/venv/lib/python3.12/site-packages/airflow/example_dags/example_latest_only_with_trigger.py
[2026-03-13T23:14:25.201+0100] {logging_mixin.py:188} INFO - [2026-03-13T23:14:25.201+0100] {dag.py:3089} INFO - Sync 1 DAGs
[2026-03-13T23:14:25.211+0100] {logging_mixin.py:188} INFO - [2026-03-13T23:14:25.211+0100] {dag.py:3947} INFO - Setting next_dagrun for latest_only_with_trigger to 2026-03-13 16:00:00+00:00, run_after=2026-03-13 20:00:00+00:00
[2026-03-13T23:14:25.223+0100] {processor.py:183} INFO - Processing /Users/harshasogala/financial-data-platform/venv/lib/python3.12/site-packages/airflow/example_dags/example_latest_only_with_trigger.py took 0.085 seconds
[2026-03-13T23:15:41.031+0100] {processor.py:161} INFO - Started process (PID=73562) to work on /Users/harshasogala/financial-data-platform/venv/lib/python3.12/site-packages/airflow/example_dags/example_latest_only_with_trigger.py
[2026-03-13T23:15:41.033+0100] {processor.py:830} INFO - Processing file /Users/harshasogala/financial-data-platform/venv/lib/python3.12/site-packages/airflow/example_dags/example_latest_only_with_trigger.py for tasks to queue
[2026-03-13T23:15:41.033+0100] {logging_mixin.py:188} INFO - [2026-03-13T23:15:41.033+0100] {dagbag.py:545} INFO - Filling up the DagBag from /Users/harshasogala/financial-data-platform/venv/lib/python3.12/site-packages/airflow/example_dags/example_latest_only_with_trigger.py
[2026-03-13T23:15:41.038+0100] {processor.py:840} INFO - DAG(s) 'latest_only_with_trigger' retrieved from /Users/harshasogala/financial-data-platform/venv/lib/python3.12/site-packages/airflow/example_dags/example_latest_only_with_trigger.py
[2026-03-13T23:15:41.093+0100] {logging_mixin.py:188} INFO - [2026-03-13T23:15:41.093+0100] {dag.py:3089} INFO - Sync 1 DAGs
[2026-03-13T23:15:41.103+0100] {logging_mixin.py:188} INFO - [2026-03-13T23:15:41.103+0100] {dag.py:3947} INFO - Setting next_dagrun for latest_only_with_trigger to 2026-03-13 16:00:00+00:00, run_after=2026-03-13 20:00:00+00:00
[2026-03-13T23:15:41.116+0100] {processor.py:183} INFO - Processing /Users/harshasogala/financial-data-platform/venv/lib/python3.12/site-packages/airflow/example_dags/example_latest_only_with_trigger.py took 0.086 seconds
[2026-03-13T23:16:55.759+0100] {processor.py:161} INFO - Started process (PID=73626) to work on /Users/harshasogala/financial-data-platform/venv/lib/python3.12/site-packages/airflow/example_dags/example_latest_only_with_trigger.py
[2026-03-13T23:16:55.760+0100] {processor.py:830} INFO - Processing file /Users/harshasogala/financial-data-platform/venv/lib/python3.12/site-packages/airflow/example_dags/example_latest_only_with_trigger.py for tasks to queue
[2026-03-13T23:16:55.761+0100] {logging_mixin.py:188} INFO - [2026-03-13T23:16:55.760+0100] {dagbag.py:545} INFO - Filling up the DagBag from /Users/harshasogala/financial-data-platform/venv/lib/python3.12/site-packages/airflow/example_dags/example_latest_only_with_trigger.py
[2026-03-13T23:16:55.766+0100] {processor.py:840} INFO - DAG(s) 'latest_only_with_trigger' retrieved from /Users/harshasogala/financial-data-platform/venv/lib/python3.12/site-packages/airflow/example_dags/example_latest_only_with_trigger.py
[2026-03-13T23:16:55.820+0100] {logging_mixin.py:188} INFO - [2026-03-13T23:16:55.820+0100] {dag.py:3089} INFO - Sync 1 DAGs
[2026-03-13T23:16:55.829+0100] {logging_mixin.py:188} INFO - [2026-03-13T23:16:55.828+0100] {dag.py:3947} INFO - Setting next_dagrun for latest_only_with_trigger to 2026-03-13 16:00:00+00:00, run_after=2026-03-13 20:00:00+00:00
[2026-03-13T23:16:55.840+0100] {processor.py:183} INFO - Processing /Users/harshasogala/financial-data-platform/venv/lib/python3.12/site-packages/airflow/example_dags/example_latest_only_with_trigger.py took 0.083 seconds
[2026-03-13T23:18:13.486+0100] {processor.py:161} INFO - Started process (PID=73692) to work on /Users/harshasogala/financial-data-platform/venv/lib/python3.12/site-packages/airflow/example_dags/example_latest_only_with_trigger.py
[2026-03-13T23:18:13.487+0100] {processor.py:830} INFO - Processing file /Users/harshasogala/financial-data-platform/venv/lib/python3.12/site-packages/airflow/example_dags/example_latest_only_with_trigger.py for tasks to queue
[2026-03-13T23:18:13.488+0100] {logging_mixin.py:188} INFO - [2026-03-13T23:18:13.487+0100] {dagbag.py:545} INFO - Filling up the DagBag from /Users/harshasogala/financial-data-platform/venv/lib/python3.12/site-packages/airflow/example_dags/example_latest_only_with_trigger.py
[2026-03-13T23:18:13.493+0100] {processor.py:840} INFO - DAG(s) 'latest_only_with_trigger' retrieved from /Users/harshasogala/financial-data-platform/venv/lib/python3.12/site-packages/airflow/example_dags/example_latest_only_with_trigger.py
[2026-03-13T23:18:13.549+0100] {logging_mixin.py:188} INFO - [2026-03-13T23:18:13.548+0100] {dag.py:3089} INFO - Sync 1 DAGs
[2026-03-13T23:18:13.559+0100] {logging_mixin.py:188} INFO - [2026-03-13T23:18:13.558+0100] {dag.py:3947} INFO - Setting next_dagrun for latest_only_with_trigger to 2026-03-13 16:00:00+00:00, run_after=2026-03-13 20:00:00+00:00
[2026-03-13T23:18:13.570+0100] {processor.py:183} INFO - Processing /Users/harshasogala/financial-data-platform/venv/lib/python3.12/site-packages/airflow/example_dags/example_latest_only_with_trigger.py took 0.086 seconds
[2026-03-13T23:19:28.688+0100] {processor.py:161} INFO - Started process (PID=73752) to work on /Users/harshasogala/financial-data-platform/venv/lib/python3.12/site-packages/airflow/example_dags/example_latest_only_with_trigger.py
[2026-03-13T23:19:28.690+0100] {processor.py:830} INFO - Processing file /Users/harshasogala/financial-data-platform/venv/lib/python3.12/site-packages/airflow/example_dags/example_latest_only_with_trigger.py for tasks to queue
[2026-03-13T23:19:28.690+0100] {logging_mixin.py:188} INFO - [2026-03-13T23:19:28.690+0100] {dagbag.py:545} INFO - Filling up the DagBag from /Users/harshasogala/financial-data-platform/venv/lib/python3.12/site-packages/airflow/example_dags/example_latest_only_with_trigger.py
[2026-03-13T23:19:28.695+0100] {processor.py:840} INFO - DAG(s) 'latest_only_with_trigger' retrieved from /Users/harshasogala/financial-data-platform/venv/lib/python3.12/site-packages/airflow/example_dags/example_latest_only_with_trigger.py
[2026-03-13T23:19:28.750+0100] {logging_mixin.py:188} INFO - [2026-03-13T23:19:28.749+0100] {dag.py:3089} INFO - Sync 1 DAGs
[2026-03-13T23:19:28.759+0100] {logging_mixin.py:188} INFO - [2026-03-13T23:19:28.759+0100] {dag.py:3947} INFO - Setting next_dagrun for latest_only_with_trigger to 2026-03-13 16:00:00+00:00, run_after=2026-03-13 20:00:00+00:00
[2026-03-13T23:19:28.771+0100] {processor.py:183} INFO - Processing /Users/harshasogala/financial-data-platform/venv/lib/python3.12/site-packages/airflow/example_dags/example_latest_only_with_trigger.py took 0.084 seconds
[2026-03-13T23:20:47.679+0100] {processor.py:161} INFO - Started process (PID=73821) to work on /Users/harshasogala/financial-data-platform/venv/lib/python3.12/site-packages/airflow/example_dags/example_latest_only_with_trigger.py
[2026-03-13T23:20:47.680+0100] {processor.py:830} INFO - Processing file /Users/harshasogala/financial-data-platform/venv/lib/python3.12/site-packages/airflow/example_dags/example_latest_only_with_trigger.py for tasks to queue
[2026-03-13T23:20:47.681+0100] {logging_mixin.py:188} INFO - [2026-03-13T23:20:47.681+0100] {dagbag.py:545} INFO - Filling up the DagBag from /Users/harshasogala/financial-data-platform/venv/lib/python3.12/site-packages/airflow/example_dags/example_latest_only_with_trigger.py
[2026-03-13T23:20:47.686+0100] {processor.py:840} INFO - DAG(s) 'latest_only_with_trigger' retrieved from /Users/harshasogala/financial-data-platform/venv/lib/python3.12/site-packages/airflow/example_dags/example_latest_only_with_trigger.py
[2026-03-13T23:20:47.739+0100] {logging_mixin.py:188} INFO - [2026-03-13T23:20:47.739+0100] {dag.py:3089} INFO - Sync 1 DAGs
[2026-03-13T23:20:47.749+0100] {logging_mixin.py:188} INFO - [2026-03-13T23:20:47.749+0100] {dag.py:3947} INFO - Setting next_dagrun for latest_only_with_trigger to 2026-03-13 16:00:00+00:00, run_after=2026-03-13 20:00:00+00:00
[2026-03-13T23:20:47.763+0100] {processor.py:183} INFO - Processing /Users/harshasogala/financial-data-platform/venv/lib/python3.12/site-packages/airflow/example_dags/example_latest_only_with_trigger.py took 0.086 seconds
[2026-03-13T23:22:00.941+0100] {processor.py:161} INFO - Started process (PID=73901) to work on /Users/harshasogala/financial-data-platform/venv/lib/python3.12/site-packages/airflow/example_dags/example_latest_only_with_trigger.py
[2026-03-13T23:22:00.942+0100] {processor.py:830} INFO - Processing file /Users/harshasogala/financial-data-platform/venv/lib/python3.12/site-packages/airflow/example_dags/example_latest_only_with_trigger.py for tasks to queue
[2026-03-13T23:22:00.943+0100] {logging_mixin.py:188} INFO - [2026-03-13T23:22:00.942+0100] {dagbag.py:545} INFO - Filling up the DagBag from /Users/harshasogala/financial-data-platform/venv/lib/python3.12/site-packages/airflow/example_dags/example_latest_only_with_trigger.py
[2026-03-13T23:22:00.948+0100] {processor.py:840} INFO - DAG(s) 'latest_only_with_trigger' retrieved from /Users/harshasogala/financial-data-platform/venv/lib/python3.12/site-packages/airflow/example_dags/example_latest_only_with_trigger.py
[2026-03-13T23:22:01.001+0100] {logging_mixin.py:188} INFO - [2026-03-13T23:22:01.001+0100] {dag.py:3089} INFO - Sync 1 DAGs
[2026-03-13T23:22:01.010+0100] {logging_mixin.py:188} INFO - [2026-03-13T23:22:01.010+0100] {dag.py:3947} INFO - Setting next_dagrun for latest_only_with_trigger to 2026-03-13 16:00:00+00:00, run_after=2026-03-13 20:00:00+00:00
[2026-03-13T23:22:01.023+0100] {processor.py:183} INFO - Processing /Users/harshasogala/financial-data-platform/venv/lib/python3.12/site-packages/airflow/example_dags/example_latest_only_with_trigger.py took 0.084 seconds
[2026-03-13T23:23:15.838+0100] {processor.py:161} INFO - Started process (PID=73963) to work on /Users/harshasogala/financial-data-platform/venv/lib/python3.12/site-packages/airflow/example_dags/example_latest_only_with_trigger.py
[2026-03-13T23:23:15.840+0100] {processor.py:830} INFO - Processing file /Users/harshasogala/financial-data-platform/venv/lib/python3.12/site-packages/airflow/example_dags/example_latest_only_with_trigger.py for tasks to queue
[2026-03-13T23:23:15.840+0100] {logging_mixin.py:188} INFO - [2026-03-13T23:23:15.840+0100] {dagbag.py:545} INFO - Filling up the DagBag from /Users/harshasogala/financial-data-platform/venv/lib/python3.12/site-packages/airflow/example_dags/example_latest_only_with_trigger.py
[2026-03-13T23:23:15.846+0100] {processor.py:840} INFO - DAG(s) 'latest_only_with_trigger' retrieved from /Users/harshasogala/financial-data-platform/venv/lib/python3.12/site-packages/airflow/example_dags/example_latest_only_with_trigger.py
[2026-03-13T23:23:15.903+0100] {logging_mixin.py:188} INFO - [2026-03-13T23:23:15.902+0100] {dag.py:3089} INFO - Sync 1 DAGs
[2026-03-13T23:23:15.913+0100] {logging_mixin.py:188} INFO - [2026-03-13T23:23:15.913+0100] {dag.py:3947} INFO - Setting next_dagrun for latest_only_with_trigger to 2026-03-13 16:00:00+00:00, run_after=2026-03-13 20:00:00+00:00
[2026-03-13T23:23:15.925+0100] {processor.py:183} INFO - Processing /Users/harshasogala/financial-data-platform/venv/lib/python3.12/site-packages/airflow/example_dags/example_latest_only_with_trigger.py took 0.088 seconds
[2026-03-13T23:24:27.466+0100] {processor.py:161} INFO - Started process (PID=74023) to work on /Users/harshasogala/financial-data-platform/venv/lib/python3.12/site-packages/airflow/example_dags/example_latest_only_with_trigger.py
[2026-03-13T23:24:27.467+0100] {processor.py:830} INFO - Processing file /Users/harshasogala/financial-data-platform/venv/lib/python3.12/site-packages/airflow/example_dags/example_latest_only_with_trigger.py for tasks to queue
[2026-03-13T23:24:27.467+0100] {logging_mixin.py:188} INFO - [2026-03-13T23:24:27.467+0100] {dagbag.py:545} INFO - Filling up the DagBag from /Users/harshasogala/financial-data-platform/venv/lib/python3.12/site-packages/airflow/example_dags/example_latest_only_with_trigger.py
[2026-03-13T23:24:27.473+0100] {processor.py:840} INFO - DAG(s) 'latest_only_with_trigger' retrieved from /Users/harshasogala/financial-data-platform/venv/lib/python3.12/site-packages/airflow/example_dags/example_latest_only_with_trigger.py
[2026-03-13T23:24:27.529+0100] {logging_mixin.py:188} INFO - [2026-03-13T23:24:27.528+0100] {dag.py:3089} INFO - Sync 1 DAGs
[2026-03-13T23:24:27.538+0100] {logging_mixin.py:188} INFO - [2026-03-13T23:24:27.538+0100] {dag.py:3947} INFO - Setting next_dagrun for latest_only_with_trigger to 2026-03-13 16:00:00+00:00, run_after=2026-03-13 20:00:00+00:00
[2026-03-13T23:24:27.551+0100] {processor.py:183} INFO - Processing /Users/harshasogala/financial-data-platform/venv/lib/python3.12/site-packages/airflow/example_dags/example_latest_only_with_trigger.py took 0.088 seconds
[2026-03-13T23:25:49.043+0100] {processor.py:161} INFO - Started process (PID=74083) to work on /Users/harshasogala/financial-data-platform/venv/lib/python3.12/site-packages/airflow/example_dags/example_latest_only_with_trigger.py
[2026-03-13T23:25:49.045+0100] {processor.py:830} INFO - Processing file /Users/harshasogala/financial-data-platform/venv/lib/python3.12/site-packages/airflow/example_dags/example_latest_only_with_trigger.py for tasks to queue
[2026-03-13T23:25:49.045+0100] {logging_mixin.py:188} INFO - [2026-03-13T23:25:49.045+0100] {dagbag.py:545} INFO - Filling up the DagBag from /Users/harshasogala/financial-data-platform/venv/lib/python3.12/site-packages/airflow/example_dags/example_latest_only_with_trigger.py
[2026-03-13T23:25:49.050+0100] {processor.py:840} INFO - DAG(s) 'latest_only_with_trigger' retrieved from /Users/harshasogala/financial-data-platform/venv/lib/python3.12/site-packages/airflow/example_dags/example_latest_only_with_trigger.py
[2026-03-13T23:25:49.104+0100] {logging_mixin.py:188} INFO - [2026-03-13T23:25:49.104+0100] {dag.py:3089} INFO - Sync 1 DAGs
[2026-03-13T23:25:49.114+0100] {logging_mixin.py:188} INFO - [2026-03-13T23:25:49.114+0100] {dag.py:3947} INFO - Setting next_dagrun for latest_only_with_trigger to 2026-03-13 16:00:00+00:00, run_after=2026-03-13 20:00:00+00:00
[2026-03-13T23:25:49.125+0100] {processor.py:183} INFO - Processing /Users/harshasogala/financial-data-platform/venv/lib/python3.12/site-packages/airflow/example_dags/example_latest_only_with_trigger.py took 0.083 seconds
[2026-03-13T23:27:02.047+0100] {processor.py:161} INFO - Started process (PID=74148) to work on /Users/harshasogala/financial-data-platform/venv/lib/python3.12/site-packages/airflow/example_dags/example_latest_only_with_trigger.py
[2026-03-13T23:27:02.061+0100] {processor.py:830} INFO - Processing file /Users/harshasogala/financial-data-platform/venv/lib/python3.12/site-packages/airflow/example_dags/example_latest_only_with_trigger.py for tasks to queue
[2026-03-13T23:27:02.063+0100] {logging_mixin.py:188} INFO - [2026-03-13T23:27:02.063+0100] {dagbag.py:545} INFO - Filling up the DagBag from /Users/harshasogala/financial-data-platform/venv/lib/python3.12/site-packages/airflow/example_dags/example_latest_only_with_trigger.py
[2026-03-13T23:27:02.078+0100] {processor.py:840} INFO - DAG(s) 'latest_only_with_trigger' retrieved from /Users/harshasogala/financial-data-platform/venv/lib/python3.12/site-packages/airflow/example_dags/example_latest_only_with_trigger.py
[2026-03-13T23:27:02.199+0100] {logging_mixin.py:188} INFO - [2026-03-13T23:27:02.199+0100] {dag.py:3089} INFO - Sync 1 DAGs
[2026-03-13T23:27:02.217+0100] {logging_mixin.py:188} INFO - [2026-03-13T23:27:02.217+0100] {dag.py:3947} INFO - Setting next_dagrun for latest_only_with_trigger to 2026-03-13 16:00:00+00:00, run_after=2026-03-13 20:00:00+00:00
[2026-03-13T23:27:02.243+0100] {processor.py:183} INFO - Processing /Users/harshasogala/financial-data-platform/venv/lib/python3.12/site-packages/airflow/example_dags/example_latest_only_with_trigger.py took 0.208 seconds
[2026-03-13T23:28:23.557+0100] {processor.py:161} INFO - Started process (PID=74242) to work on /Users/harshasogala/financial-data-platform/venv/lib/python3.12/site-packages/airflow/example_dags/example_latest_only_with_trigger.py
[2026-03-13T23:28:23.557+0100] {processor.py:830} INFO - Processing file /Users/harshasogala/financial-data-platform/venv/lib/python3.12/site-packages/airflow/example_dags/example_latest_only_with_trigger.py for tasks to queue
[2026-03-13T23:28:23.558+0100] {logging_mixin.py:188} INFO - [2026-03-13T23:28:23.558+0100] {dagbag.py:545} INFO - Filling up the DagBag from /Users/harshasogala/financial-data-platform/venv/lib/python3.12/site-packages/airflow/example_dags/example_latest_only_with_trigger.py
[2026-03-13T23:28:23.563+0100] {processor.py:840} INFO - DAG(s) 'latest_only_with_trigger' retrieved from /Users/harshasogala/financial-data-platform/venv/lib/python3.12/site-packages/airflow/example_dags/example_latest_only_with_trigger.py
[2026-03-13T23:28:23.617+0100] {logging_mixin.py:188} INFO - [2026-03-13T23:28:23.617+0100] {dag.py:3089} INFO - Sync 1 DAGs
[2026-03-13T23:28:23.627+0100] {logging_mixin.py:188} INFO - [2026-03-13T23:28:23.626+0100] {dag.py:3947} INFO - Setting next_dagrun for latest_only_with_trigger to 2026-03-13 16:00:00+00:00, run_after=2026-03-13 20:00:00+00:00
[2026-03-13T23:28:23.639+0100] {processor.py:183} INFO - Processing /Users/harshasogala/financial-data-platform/venv/lib/python3.12/site-packages/airflow/example_dags/example_latest_only_with_trigger.py took 0.084 seconds
[2026-03-13T23:29:37.477+0100] {processor.py:161} INFO - Started process (PID=74303) to work on /Users/harshasogala/financial-data-platform/venv/lib/python3.12/site-packages/airflow/example_dags/example_latest_only_with_trigger.py
[2026-03-13T23:29:37.479+0100] {processor.py:830} INFO - Processing file /Users/harshasogala/financial-data-platform/venv/lib/python3.12/site-packages/airflow/example_dags/example_latest_only_with_trigger.py for tasks to queue
[2026-03-13T23:29:37.479+0100] {logging_mixin.py:188} INFO - [2026-03-13T23:29:37.479+0100] {dagbag.py:545} INFO - Filling up the DagBag from /Users/harshasogala/financial-data-platform/venv/lib/python3.12/site-packages/airflow/example_dags/example_latest_only_with_trigger.py
[2026-03-13T23:29:37.484+0100] {processor.py:840} INFO - DAG(s) 'latest_only_with_trigger' retrieved from /Users/harshasogala/financial-data-platform/venv/lib/python3.12/site-packages/airflow/example_dags/example_latest_only_with_trigger.py
[2026-03-13T23:29:37.539+0100] {logging_mixin.py:188} INFO - [2026-03-13T23:29:37.538+0100] {dag.py:3089} INFO - Sync 1 DAGs
[2026-03-13T23:29:37.548+0100] {logging_mixin.py:188} INFO - [2026-03-13T23:29:37.548+0100] {dag.py:3947} INFO - Setting next_dagrun for latest_only_with_trigger to 2026-03-13 16:00:00+00:00, run_after=2026-03-13 20:00:00+00:00
[2026-03-13T23:29:37.559+0100] {processor.py:183} INFO - Processing /Users/harshasogala/financial-data-platform/venv/lib/python3.12/site-packages/airflow/example_dags/example_latest_only_with_trigger.py took 0.084 seconds
[2026-03-13T23:30:56.683+0100] {processor.py:161} INFO - Started process (PID=74406) to work on /Users/harshasogala/financial-data-platform/venv/lib/python3.12/site-packages/airflow/example_dags/example_latest_only_with_trigger.py
[2026-03-13T23:30:56.684+0100] {processor.py:830} INFO - Processing file /Users/harshasogala/financial-data-platform/venv/lib/python3.12/site-packages/airflow/example_dags/example_latest_only_with_trigger.py for tasks to queue
[2026-03-13T23:30:56.685+0100] {logging_mixin.py:188} INFO - [2026-03-13T23:30:56.684+0100] {dagbag.py:545} INFO - Filling up the DagBag from /Users/harshasogala/financial-data-platform/venv/lib/python3.12/site-packages/airflow/example_dags/example_latest_only_with_trigger.py
[2026-03-13T23:30:56.690+0100] {processor.py:840} INFO - DAG(s) 'latest_only_with_trigger' retrieved from /Users/harshasogala/financial-data-platform/venv/lib/python3.12/site-packages/airflow/example_dags/example_latest_only_with_trigger.py
[2026-03-13T23:30:56.746+0100] {logging_mixin.py:188} INFO - [2026-03-13T23:30:56.746+0100] {dag.py:3089} INFO - Sync 1 DAGs
[2026-03-13T23:30:56.756+0100] {logging_mixin.py:188} INFO - [2026-03-13T23:30:56.756+0100] {dag.py:3947} INFO - Setting next_dagrun for latest_only_with_trigger to 2026-03-13 16:00:00+00:00, run_after=2026-03-13 20:00:00+00:00
[2026-03-13T23:30:56.767+0100] {processor.py:183} INFO - Processing /Users/harshasogala/financial-data-platform/venv/lib/python3.12/site-packages/airflow/example_dags/example_latest_only_with_trigger.py took 0.085 seconds
[2026-03-13T23:32:12.658+0100] {processor.py:161} INFO - Started process (PID=74920) to work on /Users/harshasogala/financial-data-platform/venv/lib/python3.12/site-packages/airflow/example_dags/example_latest_only_with_trigger.py
[2026-03-13T23:32:12.660+0100] {processor.py:830} INFO - Processing file /Users/harshasogala/financial-data-platform/venv/lib/python3.12/site-packages/airflow/example_dags/example_latest_only_with_trigger.py for tasks to queue
[2026-03-13T23:32:12.660+0100] {logging_mixin.py:188} INFO - [2026-03-13T23:32:12.660+0100] {dagbag.py:545} INFO - Filling up the DagBag from /Users/harshasogala/financial-data-platform/venv/lib/python3.12/site-packages/airflow/example_dags/example_latest_only_with_trigger.py
[2026-03-13T23:32:12.666+0100] {processor.py:840} INFO - DAG(s) 'latest_only_with_trigger' retrieved from /Users/harshasogala/financial-data-platform/venv/lib/python3.12/site-packages/airflow/example_dags/example_latest_only_with_trigger.py
[2026-03-13T23:32:12.720+0100] {logging_mixin.py:188} INFO - [2026-03-13T23:32:12.720+0100] {dag.py:3089} INFO - Sync 1 DAGs
[2026-03-13T23:32:12.730+0100] {logging_mixin.py:188} INFO - [2026-03-13T23:32:12.730+0100] {dag.py:3947} INFO - Setting next_dagrun for latest_only_with_trigger to 2026-03-13 16:00:00+00:00, run_after=2026-03-13 20:00:00+00:00
[2026-03-13T23:32:12.742+0100] {processor.py:183} INFO - Processing /Users/harshasogala/financial-data-platform/venv/lib/python3.12/site-packages/airflow/example_dags/example_latest_only_with_trigger.py took 0.085 seconds
[2026-03-13T23:33:32.190+0100] {processor.py:161} INFO - Started process (PID=75021) to work on /Users/harshasogala/financial-data-platform/venv/lib/python3.12/site-packages/airflow/example_dags/example_latest_only_with_trigger.py
[2026-03-13T23:33:32.191+0100] {processor.py:830} INFO - Processing file /Users/harshasogala/financial-data-platform/venv/lib/python3.12/site-packages/airflow/example_dags/example_latest_only_with_trigger.py for tasks to queue
[2026-03-13T23:33:32.191+0100] {logging_mixin.py:188} INFO - [2026-03-13T23:33:32.191+0100] {dagbag.py:545} INFO - Filling up the DagBag from /Users/harshasogala/financial-data-platform/venv/lib/python3.12/site-packages/airflow/example_dags/example_latest_only_with_trigger.py
[2026-03-13T23:33:32.197+0100] {processor.py:840} INFO - DAG(s) 'latest_only_with_trigger' retrieved from /Users/harshasogala/financial-data-platform/venv/lib/python3.12/site-packages/airflow/example_dags/example_latest_only_with_trigger.py
[2026-03-13T23:33:32.252+0100] {logging_mixin.py:188} INFO - [2026-03-13T23:33:32.252+0100] {dag.py:3089} INFO - Sync 1 DAGs
[2026-03-13T23:33:32.263+0100] {logging_mixin.py:188} INFO - [2026-03-13T23:33:32.263+0100] {dag.py:3947} INFO - Setting next_dagrun for latest_only_with_trigger to 2026-03-13 16:00:00+00:00, run_after=2026-03-13 20:00:00+00:00
[2026-03-13T23:33:32.274+0100] {processor.py:183} INFO - Processing /Users/harshasogala/financial-data-platform/venv/lib/python3.12/site-packages/airflow/example_dags/example_latest_only_with_trigger.py took 0.086 seconds
