[2026-03-13T22:19:07.413+0100] {processor.py:161} INFO - Started process (PID=66034) to work on /Users/harshasogala/financial-data-platform/venv/lib/python3.12/site-packages/airflow/example_dags/example_dag_decorator.py
[2026-03-13T22:19:07.413+0100] {processor.py:830} INFO - Processing file /Users/harshasogala/financial-data-platform/venv/lib/python3.12/site-packages/airflow/example_dags/example_dag_decorator.py for tasks to queue
[2026-03-13T22:19:07.414+0100] {logging_mixin.py:188} INFO - [2026-03-13T22:19:07.414+0100] {dagbag.py:545} INFO - Filling up the DagBag from /Users/harshasogala/financial-data-platform/venv/lib/python3.12/site-packages/airflow/example_dags/example_dag_decorator.py
[2026-03-13T22:19:07.522+0100] {processor.py:840} INFO - DAG(s) 'example_dag_decorator' retrieved from /Users/harshasogala/financial-data-platform/venv/lib/python3.12/site-packages/airflow/example_dags/example_dag_decorator.py
[2026-03-13T22:19:07.654+0100] {logging_mixin.py:188} INFO - [2026-03-13T22:19:07.653+0100] {override.py:1858} INFO - Created Permission View: can delete on DAG:example_dag_decorator
[2026-03-13T22:19:07.658+0100] {logging_mixin.py:188} INFO - [2026-03-13T22:19:07.658+0100] {override.py:1858} INFO - Created Permission View: can read on DAG:example_dag_decorator
[2026-03-13T22:19:07.661+0100] {logging_mixin.py:188} INFO - [2026-03-13T22:19:07.661+0100] {override.py:1858} INFO - Created Permission View: can edit on DAG:example_dag_decorator
[2026-03-13T22:19:07.662+0100] {logging_mixin.py:188} INFO - [2026-03-13T22:19:07.661+0100] {dag.py:3089} INFO - Sync 1 DAGs
[2026-03-13T22:19:07.667+0100] {logging_mixin.py:188} INFO - [2026-03-13T22:19:07.667+0100] {dag.py:3111} INFO - Creating ORM DAG for example_dag_decorator
[2026-03-13T22:19:07.667+0100] {logging_mixin.py:188} INFO - [2026-03-13T22:19:07.667+0100] {dag.py:3947} INFO - Setting next_dagrun for example_dag_decorator to None, run_after=None
[2026-03-13T22:19:07.678+0100] {processor.py:183} INFO - Processing /Users/harshasogala/financial-data-platform/venv/lib/python3.12/site-packages/airflow/example_dags/example_dag_decorator.py took 0.267 seconds
[2026-03-13T22:21:43.473+0100] {processor.py:161} INFO - Started process (PID=66177) to work on /Users/harshasogala/financial-data-platform/venv/lib/python3.12/site-packages/airflow/example_dags/example_dag_decorator.py
[2026-03-13T22:21:43.475+0100] {processor.py:830} INFO - Processing file /Users/harshasogala/financial-data-platform/venv/lib/python3.12/site-packages/airflow/example_dags/example_dag_decorator.py for tasks to queue
[2026-03-13T22:21:43.475+0100] {logging_mixin.py:188} INFO - [2026-03-13T22:21:43.475+0100] {dagbag.py:545} INFO - Filling up the DagBag from /Users/harshasogala/financial-data-platform/venv/lib/python3.12/site-packages/airflow/example_dags/example_dag_decorator.py
[2026-03-13T22:21:43.602+0100] {processor.py:840} INFO - DAG(s) 'example_dag_decorator' retrieved from /Users/harshasogala/financial-data-platform/venv/lib/python3.12/site-packages/airflow/example_dags/example_dag_decorator.py
[2026-03-13T22:21:43.755+0100] {logging_mixin.py:188} INFO - [2026-03-13T22:21:43.755+0100] {dag.py:3089} INFO - Sync 1 DAGs
[2026-03-13T22:21:43.761+0100] {logging_mixin.py:188} INFO - [2026-03-13T22:21:43.761+0100] {dag.py:3947} INFO - Setting next_dagrun for example_dag_decorator to None, run_after=None
[2026-03-13T22:21:43.773+0100] {processor.py:183} INFO - Processing /Users/harshasogala/financial-data-platform/venv/lib/python3.12/site-packages/airflow/example_dags/example_dag_decorator.py took 0.303 seconds
[2026-03-13T22:28:45.724+0100] {processor.py:161} INFO - Started process (PID=67347) to work on /Users/harshasogala/financial-data-platform/venv/lib/python3.12/site-packages/airflow/example_dags/example_dag_decorator.py
[2026-03-13T22:28:45.725+0100] {processor.py:830} INFO - Processing file /Users/harshasogala/financial-data-platform/venv/lib/python3.12/site-packages/airflow/example_dags/example_dag_decorator.py for tasks to queue
[2026-03-13T22:28:45.726+0100] {logging_mixin.py:188} INFO - [2026-03-13T22:28:45.725+0100] {dagbag.py:545} INFO - Filling up the DagBag from /Users/harshasogala/financial-data-platform/venv/lib/python3.12/site-packages/airflow/example_dags/example_dag_decorator.py
[2026-03-13T22:28:45.838+0100] {processor.py:840} INFO - DAG(s) 'example_dag_decorator' retrieved from /Users/harshasogala/financial-data-platform/venv/lib/python3.12/site-packages/airflow/example_dags/example_dag_decorator.py
[2026-03-13T22:28:45.986+0100] {logging_mixin.py:188} INFO - [2026-03-13T22:28:45.986+0100] {dag.py:3089} INFO - Sync 1 DAGs
[2026-03-13T22:28:45.991+0100] {logging_mixin.py:188} INFO - [2026-03-13T22:28:45.991+0100] {dag.py:3947} INFO - Setting next_dagrun for example_dag_decorator to None, run_after=None
[2026-03-13T22:28:46.003+0100] {processor.py:183} INFO - Processing /Users/harshasogala/financial-data-platform/venv/lib/python3.12/site-packages/airflow/example_dags/example_dag_decorator.py took 0.280 seconds
[2026-03-13T22:29:51.053+0100] {processor.py:161} INFO - Started process (PID=67472) to work on /Users/harshasogala/financial-data-platform/venv/lib/python3.12/site-packages/airflow/example_dags/example_dag_decorator.py
[2026-03-13T22:29:51.055+0100] {processor.py:830} INFO - Processing file /Users/harshasogala/financial-data-platform/venv/lib/python3.12/site-packages/airflow/example_dags/example_dag_decorator.py for tasks to queue
[2026-03-13T22:29:51.055+0100] {logging_mixin.py:188} INFO - [2026-03-13T22:29:51.055+0100] {dagbag.py:545} INFO - Filling up the DagBag from /Users/harshasogala/financial-data-platform/venv/lib/python3.12/site-packages/airflow/example_dags/example_dag_decorator.py
[2026-03-13T22:29:51.170+0100] {processor.py:840} INFO - DAG(s) 'example_dag_decorator' retrieved from /Users/harshasogala/financial-data-platform/venv/lib/python3.12/site-packages/airflow/example_dags/example_dag_decorator.py
[2026-03-13T22:29:51.311+0100] {logging_mixin.py:188} INFO - [2026-03-13T22:29:51.310+0100] {dag.py:3089} INFO - Sync 1 DAGs
[2026-03-13T22:29:51.315+0100] {logging_mixin.py:188} INFO - [2026-03-13T22:29:51.315+0100] {dag.py:3947} INFO - Setting next_dagrun for example_dag_decorator to None, run_after=None
[2026-03-13T22:29:51.327+0100] {processor.py:183} INFO - Processing /Users/harshasogala/financial-data-platform/venv/lib/python3.12/site-packages/airflow/example_dags/example_dag_decorator.py took 0.276 seconds
[2026-03-13T22:30:58.710+0100] {processor.py:161} INFO - Started process (PID=67540) to work on /Users/harshasogala/financial-data-platform/venv/lib/python3.12/site-packages/airflow/example_dags/example_dag_decorator.py
[2026-03-13T22:30:58.711+0100] {processor.py:830} INFO - Processing file /Users/harshasogala/financial-data-platform/venv/lib/python3.12/site-packages/airflow/example_dags/example_dag_decorator.py for tasks to queue
[2026-03-13T22:30:58.712+0100] {logging_mixin.py:188} INFO - [2026-03-13T22:30:58.712+0100] {dagbag.py:545} INFO - Filling up the DagBag from /Users/harshasogala/financial-data-platform/venv/lib/python3.12/site-packages/airflow/example_dags/example_dag_decorator.py
[2026-03-13T22:30:58.828+0100] {processor.py:840} INFO - DAG(s) 'example_dag_decorator' retrieved from /Users/harshasogala/financial-data-platform/venv/lib/python3.12/site-packages/airflow/example_dags/example_dag_decorator.py
[2026-03-13T22:30:58.974+0100] {logging_mixin.py:188} INFO - [2026-03-13T22:30:58.974+0100] {dag.py:3089} INFO - Sync 1 DAGs
[2026-03-13T22:30:58.979+0100] {logging_mixin.py:188} INFO - [2026-03-13T22:30:58.979+0100] {dag.py:3947} INFO - Setting next_dagrun for example_dag_decorator to None, run_after=None
[2026-03-13T22:30:58.992+0100] {processor.py:183} INFO - Processing /Users/harshasogala/financial-data-platform/venv/lib/python3.12/site-packages/airflow/example_dags/example_dag_decorator.py took 0.284 seconds
[2026-03-13T22:32:22.119+0100] {processor.py:161} INFO - Started process (PID=68606) to work on /Users/harshasogala/financial-data-platform/venv/lib/python3.12/site-packages/airflow/example_dags/example_dag_decorator.py
[2026-03-13T22:32:22.120+0100] {processor.py:830} INFO - Processing file /Users/harshasogala/financial-data-platform/venv/lib/python3.12/site-packages/airflow/example_dags/example_dag_decorator.py for tasks to queue
[2026-03-13T22:32:22.120+0100] {logging_mixin.py:188} INFO - [2026-03-13T22:32:22.120+0100] {dagbag.py:545} INFO - Filling up the DagBag from /Users/harshasogala/financial-data-platform/venv/lib/python3.12/site-packages/airflow/example_dags/example_dag_decorator.py
[2026-03-13T22:32:22.277+0100] {processor.py:840} INFO - DAG(s) 'example_dag_decorator' retrieved from /Users/harshasogala/financial-data-platform/venv/lib/python3.12/site-packages/airflow/example_dags/example_dag_decorator.py
[2026-03-13T22:32:22.387+0100] {logging_mixin.py:188} INFO - [2026-03-13T22:32:22.387+0100] {dag.py:3089} INFO - Sync 1 DAGs
[2026-03-13T22:32:22.392+0100] {logging_mixin.py:188} INFO - [2026-03-13T22:32:22.392+0100] {dag.py:3947} INFO - Setting next_dagrun for example_dag_decorator to None, run_after=None
[2026-03-13T22:32:22.403+0100] {processor.py:183} INFO - Processing /Users/harshasogala/financial-data-platform/venv/lib/python3.12/site-packages/airflow/example_dags/example_dag_decorator.py took 0.286 seconds
[2026-03-13T22:33:45.619+0100] {processor.py:161} INFO - Started process (PID=69155) to work on /Users/harshasogala/financial-data-platform/venv/lib/python3.12/site-packages/airflow/example_dags/example_dag_decorator.py
[2026-03-13T22:33:45.620+0100] {processor.py:830} INFO - Processing file /Users/harshasogala/financial-data-platform/venv/lib/python3.12/site-packages/airflow/example_dags/example_dag_decorator.py for tasks to queue
[2026-03-13T22:33:45.621+0100] {logging_mixin.py:188} INFO - [2026-03-13T22:33:45.620+0100] {dagbag.py:545} INFO - Filling up the DagBag from /Users/harshasogala/financial-data-platform/venv/lib/python3.12/site-packages/airflow/example_dags/example_dag_decorator.py
[2026-03-13T22:33:45.771+0100] {processor.py:840} INFO - DAG(s) 'example_dag_decorator' retrieved from /Users/harshasogala/financial-data-platform/venv/lib/python3.12/site-packages/airflow/example_dags/example_dag_decorator.py
[2026-03-13T22:33:45.881+0100] {logging_mixin.py:188} INFO - [2026-03-13T22:33:45.881+0100] {dag.py:3089} INFO - Sync 1 DAGs
[2026-03-13T22:33:45.886+0100] {logging_mixin.py:188} INFO - [2026-03-13T22:33:45.886+0100] {dag.py:3947} INFO - Setting next_dagrun for example_dag_decorator to None, run_after=None
[2026-03-13T22:33:45.897+0100] {processor.py:183} INFO - Processing /Users/harshasogala/financial-data-platform/venv/lib/python3.12/site-packages/airflow/example_dags/example_dag_decorator.py took 0.279 seconds
[2026-03-13T22:35:03.681+0100] {processor.py:161} INFO - Started process (PID=69218) to work on /Users/harshasogala/financial-data-platform/venv/lib/python3.12/site-packages/airflow/example_dags/example_dag_decorator.py
[2026-03-13T22:35:03.682+0100] {processor.py:830} INFO - Processing file /Users/harshasogala/financial-data-platform/venv/lib/python3.12/site-packages/airflow/example_dags/example_dag_decorator.py for tasks to queue
[2026-03-13T22:35:03.682+0100] {logging_mixin.py:188} INFO - [2026-03-13T22:35:03.682+0100] {dagbag.py:545} INFO - Filling up the DagBag from /Users/harshasogala/financial-data-platform/venv/lib/python3.12/site-packages/airflow/example_dags/example_dag_decorator.py
[2026-03-13T22:35:03.834+0100] {processor.py:840} INFO - DAG(s) 'example_dag_decorator' retrieved from /Users/harshasogala/financial-data-platform/venv/lib/python3.12/site-packages/airflow/example_dags/example_dag_decorator.py
[2026-03-13T22:35:03.997+0100] {logging_mixin.py:188} INFO - [2026-03-13T22:35:03.997+0100] {dag.py:3089} INFO - Sync 1 DAGs
[2026-03-13T22:35:04.005+0100] {logging_mixin.py:188} INFO - [2026-03-13T22:35:04.004+0100] {dag.py:3947} INFO - Setting next_dagrun for example_dag_decorator to None, run_after=None
[2026-03-13T22:35:04.022+0100] {processor.py:183} INFO - Processing /Users/harshasogala/financial-data-platform/venv/lib/python3.12/site-packages/airflow/example_dags/example_dag_decorator.py took 0.343 seconds
[2026-03-13T22:36:18.951+0100] {processor.py:161} INFO - Started process (PID=69297) to work on /Users/harshasogala/financial-data-platform/venv/lib/python3.12/site-packages/airflow/example_dags/example_dag_decorator.py
[2026-03-13T22:36:18.953+0100] {processor.py:830} INFO - Processing file /Users/harshasogala/financial-data-platform/venv/lib/python3.12/site-packages/airflow/example_dags/example_dag_decorator.py for tasks to queue
[2026-03-13T22:36:18.953+0100] {logging_mixin.py:188} INFO - [2026-03-13T22:36:18.953+0100] {dagbag.py:545} INFO - Filling up the DagBag from /Users/harshasogala/financial-data-platform/venv/lib/python3.12/site-packages/airflow/example_dags/example_dag_decorator.py
[2026-03-13T22:36:19.104+0100] {processor.py:840} INFO - DAG(s) 'example_dag_decorator' retrieved from /Users/harshasogala/financial-data-platform/venv/lib/python3.12/site-packages/airflow/example_dags/example_dag_decorator.py
[2026-03-13T22:36:19.213+0100] {logging_mixin.py:188} INFO - [2026-03-13T22:36:19.213+0100] {dag.py:3089} INFO - Sync 1 DAGs
[2026-03-13T22:36:19.218+0100] {logging_mixin.py:188} INFO - [2026-03-13T22:36:19.218+0100] {dag.py:3947} INFO - Setting next_dagrun for example_dag_decorator to None, run_after=None
[2026-03-13T22:36:19.228+0100] {processor.py:183} INFO - Processing /Users/harshasogala/financial-data-platform/venv/lib/python3.12/site-packages/airflow/example_dags/example_dag_decorator.py took 0.279 seconds
[2026-03-13T22:37:32.987+0100] {processor.py:161} INFO - Started process (PID=69355) to work on /Users/harshasogala/financial-data-platform/venv/lib/python3.12/site-packages/airflow/example_dags/example_dag_decorator.py
[2026-03-13T22:37:32.988+0100] {processor.py:830} INFO - Processing file /Users/harshasogala/financial-data-platform/venv/lib/python3.12/site-packages/airflow/example_dags/example_dag_decorator.py for tasks to queue
[2026-03-13T22:37:32.989+0100] {logging_mixin.py:188} INFO - [2026-03-13T22:37:32.989+0100] {dagbag.py:545} INFO - Filling up the DagBag from /Users/harshasogala/financial-data-platform/venv/lib/python3.12/site-packages/airflow/example_dags/example_dag_decorator.py
[2026-03-13T22:37:33.146+0100] {processor.py:840} INFO - DAG(s) 'example_dag_decorator' retrieved from /Users/harshasogala/financial-data-platform/venv/lib/python3.12/site-packages/airflow/example_dags/example_dag_decorator.py
[2026-03-13T22:37:33.256+0100] {logging_mixin.py:188} INFO - [2026-03-13T22:37:33.256+0100] {dag.py:3089} INFO - Sync 1 DAGs
[2026-03-13T22:37:33.261+0100] {logging_mixin.py:188} INFO - [2026-03-13T22:37:33.261+0100] {dag.py:3947} INFO - Setting next_dagrun for example_dag_decorator to None, run_after=None
[2026-03-13T22:37:33.273+0100] {processor.py:183} INFO - Processing /Users/harshasogala/financial-data-platform/venv/lib/python3.12/site-packages/airflow/example_dags/example_dag_decorator.py took 0.288 seconds
[2026-03-13T22:38:47.246+0100] {processor.py:161} INFO - Started process (PID=69422) to work on /Users/harshasogala/financial-data-platform/venv/lib/python3.12/site-packages/airflow/example_dags/example_dag_decorator.py
[2026-03-13T22:38:47.247+0100] {processor.py:830} INFO - Processing file /Users/harshasogala/financial-data-platform/venv/lib/python3.12/site-packages/airflow/example_dags/example_dag_decorator.py for tasks to queue
[2026-03-13T22:38:47.248+0100] {logging_mixin.py:188} INFO - [2026-03-13T22:38:47.247+0100] {dagbag.py:545} INFO - Filling up the DagBag from /Users/harshasogala/financial-data-platform/venv/lib/python3.12/site-packages/airflow/example_dags/example_dag_decorator.py
[2026-03-13T22:38:47.407+0100] {processor.py:840} INFO - DAG(s) 'example_dag_decorator' retrieved from /Users/harshasogala/financial-data-platform/venv/lib/python3.12/site-packages/airflow/example_dags/example_dag_decorator.py
[2026-03-13T22:38:47.522+0100] {logging_mixin.py:188} INFO - [2026-03-13T22:38:47.522+0100] {dag.py:3089} INFO - Sync 1 DAGs
[2026-03-13T22:38:47.527+0100] {logging_mixin.py:188} INFO - [2026-03-13T22:38:47.527+0100] {dag.py:3947} INFO - Setting next_dagrun for example_dag_decorator to None, run_after=None
[2026-03-13T22:38:47.542+0100] {processor.py:183} INFO - Processing /Users/harshasogala/financial-data-platform/venv/lib/python3.12/site-packages/airflow/example_dags/example_dag_decorator.py took 0.297 seconds
[2026-03-13T22:40:01.602+0100] {processor.py:161} INFO - Started process (PID=69643) to work on /Users/harshasogala/financial-data-platform/venv/lib/python3.12/site-packages/airflow/example_dags/example_dag_decorator.py
[2026-03-13T22:40:01.603+0100] {processor.py:830} INFO - Processing file /Users/harshasogala/financial-data-platform/venv/lib/python3.12/site-packages/airflow/example_dags/example_dag_decorator.py for tasks to queue
[2026-03-13T22:40:01.603+0100] {logging_mixin.py:188} INFO - [2026-03-13T22:40:01.603+0100] {dagbag.py:545} INFO - Filling up the DagBag from /Users/harshasogala/financial-data-platform/venv/lib/python3.12/site-packages/airflow/example_dags/example_dag_decorator.py
[2026-03-13T22:40:01.747+0100] {processor.py:840} INFO - DAG(s) 'example_dag_decorator' retrieved from /Users/harshasogala/financial-data-platform/venv/lib/python3.12/site-packages/airflow/example_dags/example_dag_decorator.py
[2026-03-13T22:40:01.854+0100] {logging_mixin.py:188} INFO - [2026-03-13T22:40:01.854+0100] {dag.py:3089} INFO - Sync 1 DAGs
[2026-03-13T22:40:01.859+0100] {logging_mixin.py:188} INFO - [2026-03-13T22:40:01.859+0100] {dag.py:3947} INFO - Setting next_dagrun for example_dag_decorator to None, run_after=None
[2026-03-13T22:40:01.871+0100] {processor.py:183} INFO - Processing /Users/harshasogala/financial-data-platform/venv/lib/python3.12/site-packages/airflow/example_dags/example_dag_decorator.py took 0.271 seconds
[2026-03-13T22:41:25.105+0100] {processor.py:161} INFO - Started process (PID=69703) to work on /Users/harshasogala/financial-data-platform/venv/lib/python3.12/site-packages/airflow/example_dags/example_dag_decorator.py
[2026-03-13T22:41:25.105+0100] {processor.py:830} INFO - Processing file /Users/harshasogala/financial-data-platform/venv/lib/python3.12/site-packages/airflow/example_dags/example_dag_decorator.py for tasks to queue
[2026-03-13T22:41:25.106+0100] {logging_mixin.py:188} INFO - [2026-03-13T22:41:25.106+0100] {dagbag.py:545} INFO - Filling up the DagBag from /Users/harshasogala/financial-data-platform/venv/lib/python3.12/site-packages/airflow/example_dags/example_dag_decorator.py
[2026-03-13T22:41:25.258+0100] {processor.py:840} INFO - DAG(s) 'example_dag_decorator' retrieved from /Users/harshasogala/financial-data-platform/venv/lib/python3.12/site-packages/airflow/example_dags/example_dag_decorator.py
[2026-03-13T22:41:25.366+0100] {logging_mixin.py:188} INFO - [2026-03-13T22:41:25.366+0100] {dag.py:3089} INFO - Sync 1 DAGs
[2026-03-13T22:41:25.371+0100] {logging_mixin.py:188} INFO - [2026-03-13T22:41:25.371+0100] {dag.py:3947} INFO - Setting next_dagrun for example_dag_decorator to None, run_after=None
[2026-03-13T22:41:25.381+0100] {processor.py:183} INFO - Processing /Users/harshasogala/financial-data-platform/venv/lib/python3.12/site-packages/airflow/example_dags/example_dag_decorator.py took 0.278 seconds
[2026-03-13T22:42:42.681+0100] {processor.py:161} INFO - Started process (PID=69763) to work on /Users/harshasogala/financial-data-platform/venv/lib/python3.12/site-packages/airflow/example_dags/example_dag_decorator.py
[2026-03-13T22:42:42.682+0100] {processor.py:830} INFO - Processing file /Users/harshasogala/financial-data-platform/venv/lib/python3.12/site-packages/airflow/example_dags/example_dag_decorator.py for tasks to queue
[2026-03-13T22:42:42.683+0100] {logging_mixin.py:188} INFO - [2026-03-13T22:42:42.682+0100] {dagbag.py:545} INFO - Filling up the DagBag from /Users/harshasogala/financial-data-platform/venv/lib/python3.12/site-packages/airflow/example_dags/example_dag_decorator.py
[2026-03-13T22:42:42.835+0100] {processor.py:840} INFO - DAG(s) 'example_dag_decorator' retrieved from /Users/harshasogala/financial-data-platform/venv/lib/python3.12/site-packages/airflow/example_dags/example_dag_decorator.py
[2026-03-13T22:42:42.946+0100] {logging_mixin.py:188} INFO - [2026-03-13T22:42:42.946+0100] {dag.py:3089} INFO - Sync 1 DAGs
[2026-03-13T22:42:42.951+0100] {logging_mixin.py:188} INFO - [2026-03-13T22:42:42.951+0100] {dag.py:3947} INFO - Setting next_dagrun for example_dag_decorator to None, run_after=None
[2026-03-13T22:42:42.962+0100] {processor.py:183} INFO - Processing /Users/harshasogala/financial-data-platform/venv/lib/python3.12/site-packages/airflow/example_dags/example_dag_decorator.py took 0.282 seconds
[2026-03-13T22:44:02.434+0100] {processor.py:161} INFO - Started process (PID=69923) to work on /Users/harshasogala/financial-data-platform/venv/lib/python3.12/site-packages/airflow/example_dags/example_dag_decorator.py
[2026-03-13T22:44:02.435+0100] {processor.py:830} INFO - Processing file /Users/harshasogala/financial-data-platform/venv/lib/python3.12/site-packages/airflow/example_dags/example_dag_decorator.py for tasks to queue
[2026-03-13T22:44:02.435+0100] {logging_mixin.py:188} INFO - [2026-03-13T22:44:02.435+0100] {dagbag.py:545} INFO - Filling up the DagBag from /Users/harshasogala/financial-data-platform/venv/lib/python3.12/site-packages/airflow/example_dags/example_dag_decorator.py
[2026-03-13T22:44:02.605+0100] {processor.py:840} INFO - DAG(s) 'example_dag_decorator' retrieved from /Users/harshasogala/financial-data-platform/venv/lib/python3.12/site-packages/airflow/example_dags/example_dag_decorator.py
[2026-03-13T22:44:02.716+0100] {logging_mixin.py:188} INFO - [2026-03-13T22:44:02.716+0100] {dag.py:3089} INFO - Sync 1 DAGs
[2026-03-13T22:44:02.721+0100] {logging_mixin.py:188} INFO - [2026-03-13T22:44:02.721+0100] {dag.py:3947} INFO - Setting next_dagrun for example_dag_decorator to None, run_after=None
[2026-03-13T22:44:02.732+0100] {processor.py:183} INFO - Processing /Users/harshasogala/financial-data-platform/venv/lib/python3.12/site-packages/airflow/example_dags/example_dag_decorator.py took 0.299 seconds
[2026-03-13T22:45:33.165+0100] {processor.py:161} INFO - Started process (PID=70302) to work on /Users/harshasogala/financial-data-platform/venv/lib/python3.12/site-packages/airflow/example_dags/example_dag_decorator.py
[2026-03-13T22:45:33.165+0100] {processor.py:830} INFO - Processing file /Users/harshasogala/financial-data-platform/venv/lib/python3.12/site-packages/airflow/example_dags/example_dag_decorator.py for tasks to queue
[2026-03-13T22:45:33.166+0100] {logging_mixin.py:188} INFO - [2026-03-13T22:45:33.166+0100] {dagbag.py:545} INFO - Filling up the DagBag from /Users/harshasogala/financial-data-platform/venv/lib/python3.12/site-packages/airflow/example_dags/example_dag_decorator.py
[2026-03-13T22:45:33.337+0100] {processor.py:840} INFO - DAG(s) 'example_dag_decorator' retrieved from /Users/harshasogala/financial-data-platform/venv/lib/python3.12/site-packages/airflow/example_dags/example_dag_decorator.py
[2026-03-13T22:45:33.451+0100] {logging_mixin.py:188} INFO - [2026-03-13T22:45:33.451+0100] {dag.py:3089} INFO - Sync 1 DAGs
[2026-03-13T22:45:33.456+0100] {logging_mixin.py:188} INFO - [2026-03-13T22:45:33.456+0100] {dag.py:3947} INFO - Setting next_dagrun for example_dag_decorator to None, run_after=None
[2026-03-13T22:45:33.466+0100] {processor.py:183} INFO - Processing /Users/harshasogala/financial-data-platform/venv/lib/python3.12/site-packages/airflow/example_dags/example_dag_decorator.py took 0.303 seconds
[2026-03-13T22:47:01.196+0100] {processor.py:161} INFO - Started process (PID=70616) to work on /Users/harshasogala/financial-data-platform/venv/lib/python3.12/site-packages/airflow/example_dags/example_dag_decorator.py
[2026-03-13T22:47:01.198+0100] {processor.py:830} INFO - Processing file /Users/harshasogala/financial-data-platform/venv/lib/python3.12/site-packages/airflow/example_dags/example_dag_decorator.py for tasks to queue
[2026-03-13T22:47:01.198+0100] {logging_mixin.py:188} INFO - [2026-03-13T22:47:01.198+0100] {dagbag.py:545} INFO - Filling up the DagBag from /Users/harshasogala/financial-data-platform/venv/lib/python3.12/site-packages/airflow/example_dags/example_dag_decorator.py
[2026-03-13T22:47:01.356+0100] {processor.py:840} INFO - DAG(s) 'example_dag_decorator' retrieved from /Users/harshasogala/financial-data-platform/venv/lib/python3.12/site-packages/airflow/example_dags/example_dag_decorator.py
[2026-03-13T22:47:01.535+0100] {logging_mixin.py:188} INFO - [2026-03-13T22:47:01.535+0100] {dag.py:3089} INFO - Sync 1 DAGs
[2026-03-13T22:47:01.541+0100] {logging_mixin.py:188} INFO - [2026-03-13T22:47:01.540+0100] {dag.py:3947} INFO - Setting next_dagrun for example_dag_decorator to None, run_after=None
[2026-03-13T22:47:01.553+0100] {processor.py:183} INFO - Processing /Users/harshasogala/financial-data-platform/venv/lib/python3.12/site-packages/airflow/example_dags/example_dag_decorator.py took 0.359 seconds
[2026-03-13T22:48:23.235+0100] {processor.py:161} INFO - Started process (PID=71422) to work on /Users/harshasogala/financial-data-platform/venv/lib/python3.12/site-packages/airflow/example_dags/example_dag_decorator.py
[2026-03-13T22:48:23.237+0100] {processor.py:830} INFO - Processing file /Users/harshasogala/financial-data-platform/venv/lib/python3.12/site-packages/airflow/example_dags/example_dag_decorator.py for tasks to queue
[2026-03-13T22:48:23.237+0100] {logging_mixin.py:188} INFO - [2026-03-13T22:48:23.237+0100] {dagbag.py:545} INFO - Filling up the DagBag from /Users/harshasogala/financial-data-platform/venv/lib/python3.12/site-packages/airflow/example_dags/example_dag_decorator.py
[2026-03-13T22:48:23.388+0100] {processor.py:840} INFO - DAG(s) 'example_dag_decorator' retrieved from /Users/harshasogala/financial-data-platform/venv/lib/python3.12/site-packages/airflow/example_dags/example_dag_decorator.py
[2026-03-13T22:48:23.503+0100] {logging_mixin.py:188} INFO - [2026-03-13T22:48:23.502+0100] {dag.py:3089} INFO - Sync 1 DAGs
[2026-03-13T22:48:23.508+0100] {logging_mixin.py:188} INFO - [2026-03-13T22:48:23.508+0100] {dag.py:3947} INFO - Setting next_dagrun for example_dag_decorator to None, run_after=None
[2026-03-13T22:48:23.519+0100] {processor.py:183} INFO - Processing /Users/harshasogala/financial-data-platform/venv/lib/python3.12/site-packages/airflow/example_dags/example_dag_decorator.py took 0.286 seconds
[2026-03-13T22:49:43.305+0100] {processor.py:161} INFO - Started process (PID=71496) to work on /Users/harshasogala/financial-data-platform/venv/lib/python3.12/site-packages/airflow/example_dags/example_dag_decorator.py
[2026-03-13T22:49:43.306+0100] {processor.py:830} INFO - Processing file /Users/harshasogala/financial-data-platform/venv/lib/python3.12/site-packages/airflow/example_dags/example_dag_decorator.py for tasks to queue
[2026-03-13T22:49:43.306+0100] {logging_mixin.py:188} INFO - [2026-03-13T22:49:43.306+0100] {dagbag.py:545} INFO - Filling up the DagBag from /Users/harshasogala/financial-data-platform/venv/lib/python3.12/site-packages/airflow/example_dags/example_dag_decorator.py
[2026-03-13T22:49:43.458+0100] {processor.py:840} INFO - DAG(s) 'example_dag_decorator' retrieved from /Users/harshasogala/financial-data-platform/venv/lib/python3.12/site-packages/airflow/example_dags/example_dag_decorator.py
[2026-03-13T22:49:43.569+0100] {logging_mixin.py:188} INFO - [2026-03-13T22:49:43.569+0100] {dag.py:3089} INFO - Sync 1 DAGs
[2026-03-13T22:49:43.574+0100] {logging_mixin.py:188} INFO - [2026-03-13T22:49:43.574+0100] {dag.py:3947} INFO - Setting next_dagrun for example_dag_decorator to None, run_after=None
[2026-03-13T22:49:43.584+0100] {processor.py:183} INFO - Processing /Users/harshasogala/financial-data-platform/venv/lib/python3.12/site-packages/airflow/example_dags/example_dag_decorator.py took 0.281 seconds
[2026-03-13T22:51:13.590+0100] {processor.py:161} INFO - Started process (PID=72033) to work on /Users/harshasogala/financial-data-platform/venv/lib/python3.12/site-packages/airflow/example_dags/example_dag_decorator.py
[2026-03-13T22:51:13.591+0100] {processor.py:830} INFO - Processing file /Users/harshasogala/financial-data-platform/venv/lib/python3.12/site-packages/airflow/example_dags/example_dag_decorator.py for tasks to queue
[2026-03-13T22:51:13.592+0100] {logging_mixin.py:188} INFO - [2026-03-13T22:51:13.592+0100] {dagbag.py:545} INFO - Filling up the DagBag from /Users/harshasogala/financial-data-platform/venv/lib/python3.12/site-packages/airflow/example_dags/example_dag_decorator.py
[2026-03-13T22:51:13.742+0100] {processor.py:840} INFO - DAG(s) 'example_dag_decorator' retrieved from /Users/harshasogala/financial-data-platform/venv/lib/python3.12/site-packages/airflow/example_dags/example_dag_decorator.py
[2026-03-13T22:51:13.851+0100] {logging_mixin.py:188} INFO - [2026-03-13T22:51:13.851+0100] {dag.py:3089} INFO - Sync 1 DAGs
[2026-03-13T22:51:13.856+0100] {logging_mixin.py:188} INFO - [2026-03-13T22:51:13.856+0100] {dag.py:3947} INFO - Setting next_dagrun for example_dag_decorator to None, run_after=None
[2026-03-13T22:51:13.867+0100] {processor.py:183} INFO - Processing /Users/harshasogala/financial-data-platform/venv/lib/python3.12/site-packages/airflow/example_dags/example_dag_decorator.py took 0.278 seconds
[2026-03-13T22:52:29.436+0100] {processor.py:161} INFO - Started process (PID=72330) to work on /Users/harshasogala/financial-data-platform/venv/lib/python3.12/site-packages/airflow/example_dags/example_dag_decorator.py
[2026-03-13T22:52:29.437+0100] {processor.py:830} INFO - Processing file /Users/harshasogala/financial-data-platform/venv/lib/python3.12/site-packages/airflow/example_dags/example_dag_decorator.py for tasks to queue
[2026-03-13T22:52:29.437+0100] {logging_mixin.py:188} INFO - [2026-03-13T22:52:29.437+0100] {dagbag.py:545} INFO - Filling up the DagBag from /Users/harshasogala/financial-data-platform/venv/lib/python3.12/site-packages/airflow/example_dags/example_dag_decorator.py
[2026-03-13T22:52:29.590+0100] {processor.py:840} INFO - DAG(s) 'example_dag_decorator' retrieved from /Users/harshasogala/financial-data-platform/venv/lib/python3.12/site-packages/airflow/example_dags/example_dag_decorator.py
[2026-03-13T22:52:29.698+0100] {logging_mixin.py:188} INFO - [2026-03-13T22:52:29.698+0100] {dag.py:3089} INFO - Sync 1 DAGs
[2026-03-13T22:52:29.703+0100] {logging_mixin.py:188} INFO - [2026-03-13T22:52:29.703+0100] {dag.py:3947} INFO - Setting next_dagrun for example_dag_decorator to None, run_after=None
[2026-03-13T22:52:29.714+0100] {processor.py:183} INFO - Processing /Users/harshasogala/financial-data-platform/venv/lib/python3.12/site-packages/airflow/example_dags/example_dag_decorator.py took 0.279 seconds
[2026-03-13T22:53:45.569+0100] {processor.py:161} INFO - Started process (PID=72427) to work on /Users/harshasogala/financial-data-platform/venv/lib/python3.12/site-packages/airflow/example_dags/example_dag_decorator.py
[2026-03-13T22:53:45.570+0100] {processor.py:830} INFO - Processing file /Users/harshasogala/financial-data-platform/venv/lib/python3.12/site-packages/airflow/example_dags/example_dag_decorator.py for tasks to queue
[2026-03-13T22:53:45.570+0100] {logging_mixin.py:188} INFO - [2026-03-13T22:53:45.570+0100] {dagbag.py:545} INFO - Filling up the DagBag from /Users/harshasogala/financial-data-platform/venv/lib/python3.12/site-packages/airflow/example_dags/example_dag_decorator.py
[2026-03-13T22:53:45.727+0100] {processor.py:840} INFO - DAG(s) 'example_dag_decorator' retrieved from /Users/harshasogala/financial-data-platform/venv/lib/python3.12/site-packages/airflow/example_dags/example_dag_decorator.py
[2026-03-13T22:53:45.839+0100] {logging_mixin.py:188} INFO - [2026-03-13T22:53:45.838+0100] {dag.py:3089} INFO - Sync 1 DAGs
[2026-03-13T22:53:45.843+0100] {logging_mixin.py:188} INFO - [2026-03-13T22:53:45.843+0100] {dag.py:3947} INFO - Setting next_dagrun for example_dag_decorator to None, run_after=None
[2026-03-13T22:53:45.854+0100] {processor.py:183} INFO - Processing /Users/harshasogala/financial-data-platform/venv/lib/python3.12/site-packages/airflow/example_dags/example_dag_decorator.py took 0.288 seconds
[2026-03-13T22:55:15.331+0100] {processor.py:161} INFO - Started process (PID=72531) to work on /Users/harshasogala/financial-data-platform/venv/lib/python3.12/site-packages/airflow/example_dags/example_dag_decorator.py
[2026-03-13T22:55:15.332+0100] {processor.py:830} INFO - Processing file /Users/harshasogala/financial-data-platform/venv/lib/python3.12/site-packages/airflow/example_dags/example_dag_decorator.py for tasks to queue
[2026-03-13T22:55:15.332+0100] {logging_mixin.py:188} INFO - [2026-03-13T22:55:15.332+0100] {dagbag.py:545} INFO - Filling up the DagBag from /Users/harshasogala/financial-data-platform/venv/lib/python3.12/site-packages/airflow/example_dags/example_dag_decorator.py
[2026-03-13T22:55:15.481+0100] {processor.py:840} INFO - DAG(s) 'example_dag_decorator' retrieved from /Users/harshasogala/financial-data-platform/venv/lib/python3.12/site-packages/airflow/example_dags/example_dag_decorator.py
[2026-03-13T22:55:15.588+0100] {logging_mixin.py:188} INFO - [2026-03-13T22:55:15.588+0100] {dag.py:3089} INFO - Sync 1 DAGs
[2026-03-13T22:55:15.593+0100] {logging_mixin.py:188} INFO - [2026-03-13T22:55:15.593+0100] {dag.py:3947} INFO - Setting next_dagrun for example_dag_decorator to None, run_after=None
[2026-03-13T22:55:15.603+0100] {processor.py:183} INFO - Processing /Users/harshasogala/financial-data-platform/venv/lib/python3.12/site-packages/airflow/example_dags/example_dag_decorator.py took 0.274 seconds
[2026-03-13T22:56:34.051+0100] {processor.py:161} INFO - Started process (PID=72625) to work on /Users/harshasogala/financial-data-platform/venv/lib/python3.12/site-packages/airflow/example_dags/example_dag_decorator.py
[2026-03-13T22:56:34.052+0100] {processor.py:830} INFO - Processing file /Users/harshasogala/financial-data-platform/venv/lib/python3.12/site-packages/airflow/example_dags/example_dag_decorator.py for tasks to queue
[2026-03-13T22:56:34.052+0100] {logging_mixin.py:188} INFO - [2026-03-13T22:56:34.052+0100] {dagbag.py:545} INFO - Filling up the DagBag from /Users/harshasogala/financial-data-platform/venv/lib/python3.12/site-packages/airflow/example_dags/example_dag_decorator.py
[2026-03-13T22:56:34.211+0100] {processor.py:840} INFO - DAG(s) 'example_dag_decorator' retrieved from /Users/harshasogala/financial-data-platform/venv/lib/python3.12/site-packages/airflow/example_dags/example_dag_decorator.py
[2026-03-13T22:56:34.472+0100] {logging_mixin.py:188} INFO - [2026-03-13T22:56:34.470+0100] {dag.py:3089} INFO - Sync 1 DAGs
[2026-03-13T22:56:34.492+0100] {logging_mixin.py:188} INFO - [2026-03-13T22:56:34.491+0100] {dag.py:3947} INFO - Setting next_dagrun for example_dag_decorator to None, run_after=None
[2026-03-13T22:56:34.522+0100] {processor.py:183} INFO - Processing /Users/harshasogala/financial-data-platform/venv/lib/python3.12/site-packages/airflow/example_dags/example_dag_decorator.py took 0.472 seconds
[2026-03-13T22:57:53.027+0100] {processor.py:161} INFO - Started process (PID=72687) to work on /Users/harshasogala/financial-data-platform/venv/lib/python3.12/site-packages/airflow/example_dags/example_dag_decorator.py
[2026-03-13T22:57:53.028+0100] {processor.py:830} INFO - Processing file /Users/harshasogala/financial-data-platform/venv/lib/python3.12/site-packages/airflow/example_dags/example_dag_decorator.py for tasks to queue
[2026-03-13T22:57:53.028+0100] {logging_mixin.py:188} INFO - [2026-03-13T22:57:53.028+0100] {dagbag.py:545} INFO - Filling up the DagBag from /Users/harshasogala/financial-data-platform/venv/lib/python3.12/site-packages/airflow/example_dags/example_dag_decorator.py
[2026-03-13T22:57:53.186+0100] {processor.py:840} INFO - DAG(s) 'example_dag_decorator' retrieved from /Users/harshasogala/financial-data-platform/venv/lib/python3.12/site-packages/airflow/example_dags/example_dag_decorator.py
[2026-03-13T22:57:53.305+0100] {logging_mixin.py:188} INFO - [2026-03-13T22:57:53.305+0100] {dag.py:3089} INFO - Sync 1 DAGs
[2026-03-13T22:57:53.310+0100] {logging_mixin.py:188} INFO - [2026-03-13T22:57:53.310+0100] {dag.py:3947} INFO - Setting next_dagrun for example_dag_decorator to None, run_after=None
[2026-03-13T22:57:53.322+0100] {processor.py:183} INFO - Processing /Users/harshasogala/financial-data-platform/venv/lib/python3.12/site-packages/airflow/example_dags/example_dag_decorator.py took 0.296 seconds
[2026-03-13T22:59:17.251+0100] {processor.py:161} INFO - Started process (PID=72761) to work on /Users/harshasogala/financial-data-platform/venv/lib/python3.12/site-packages/airflow/example_dags/example_dag_decorator.py
[2026-03-13T22:59:17.252+0100] {processor.py:830} INFO - Processing file /Users/harshasogala/financial-data-platform/venv/lib/python3.12/site-packages/airflow/example_dags/example_dag_decorator.py for tasks to queue
[2026-03-13T22:59:17.253+0100] {logging_mixin.py:188} INFO - [2026-03-13T22:59:17.253+0100] {dagbag.py:545} INFO - Filling up the DagBag from /Users/harshasogala/financial-data-platform/venv/lib/python3.12/site-packages/airflow/example_dags/example_dag_decorator.py
[2026-03-13T22:59:17.406+0100] {processor.py:840} INFO - DAG(s) 'example_dag_decorator' retrieved from /Users/harshasogala/financial-data-platform/venv/lib/python3.12/site-packages/airflow/example_dags/example_dag_decorator.py
[2026-03-13T22:59:17.521+0100] {logging_mixin.py:188} INFO - [2026-03-13T22:59:17.521+0100] {dag.py:3089} INFO - Sync 1 DAGs
[2026-03-13T22:59:17.527+0100] {logging_mixin.py:188} INFO - [2026-03-13T22:59:17.527+0100] {dag.py:3947} INFO - Setting next_dagrun for example_dag_decorator to None, run_after=None
[2026-03-13T22:59:17.539+0100] {processor.py:183} INFO - Processing /Users/harshasogala/financial-data-platform/venv/lib/python3.12/site-packages/airflow/example_dags/example_dag_decorator.py took 0.289 seconds
[2026-03-13T23:00:33.999+0100] {processor.py:161} INFO - Started process (PID=72832) to work on /Users/harshasogala/financial-data-platform/venv/lib/python3.12/site-packages/airflow/example_dags/example_dag_decorator.py
[2026-03-13T23:00:34.000+0100] {processor.py:830} INFO - Processing file /Users/harshasogala/financial-data-platform/venv/lib/python3.12/site-packages/airflow/example_dags/example_dag_decorator.py for tasks to queue
[2026-03-13T23:00:34.000+0100] {logging_mixin.py:188} INFO - [2026-03-13T23:00:34.000+0100] {dagbag.py:545} INFO - Filling up the DagBag from /Users/harshasogala/financial-data-platform/venv/lib/python3.12/site-packages/airflow/example_dags/example_dag_decorator.py
[2026-03-13T23:00:34.151+0100] {processor.py:840} INFO - DAG(s) 'example_dag_decorator' retrieved from /Users/harshasogala/financial-data-platform/venv/lib/python3.12/site-packages/airflow/example_dags/example_dag_decorator.py
[2026-03-13T23:00:34.261+0100] {logging_mixin.py:188} INFO - [2026-03-13T23:00:34.261+0100] {dag.py:3089} INFO - Sync 1 DAGs
[2026-03-13T23:00:34.267+0100] {logging_mixin.py:188} INFO - [2026-03-13T23:00:34.267+0100] {dag.py:3947} INFO - Setting next_dagrun for example_dag_decorator to None, run_after=None
[2026-03-13T23:00:34.280+0100] {processor.py:183} INFO - Processing /Users/harshasogala/financial-data-platform/venv/lib/python3.12/site-packages/airflow/example_dags/example_dag_decorator.py took 0.283 seconds
[2026-03-13T23:01:54.755+0100] {processor.py:161} INFO - Started process (PID=72893) to work on /Users/harshasogala/financial-data-platform/venv/lib/python3.12/site-packages/airflow/example_dags/example_dag_decorator.py
[2026-03-13T23:01:54.756+0100] {processor.py:830} INFO - Processing file /Users/harshasogala/financial-data-platform/venv/lib/python3.12/site-packages/airflow/example_dags/example_dag_decorator.py for tasks to queue
[2026-03-13T23:01:54.756+0100] {logging_mixin.py:188} INFO - [2026-03-13T23:01:54.756+0100] {dagbag.py:545} INFO - Filling up the DagBag from /Users/harshasogala/financial-data-platform/venv/lib/python3.12/site-packages/airflow/example_dags/example_dag_decorator.py
[2026-03-13T23:01:54.910+0100] {processor.py:840} INFO - DAG(s) 'example_dag_decorator' retrieved from /Users/harshasogala/financial-data-platform/venv/lib/python3.12/site-packages/airflow/example_dags/example_dag_decorator.py
[2026-03-13T23:01:55.019+0100] {logging_mixin.py:188} INFO - [2026-03-13T23:01:55.019+0100] {dag.py:3089} INFO - Sync 1 DAGs
[2026-03-13T23:01:55.024+0100] {logging_mixin.py:188} INFO - [2026-03-13T23:01:55.024+0100] {dag.py:3947} INFO - Setting next_dagrun for example_dag_decorator to None, run_after=None
[2026-03-13T23:01:55.034+0100] {processor.py:183} INFO - Processing /Users/harshasogala/financial-data-platform/venv/lib/python3.12/site-packages/airflow/example_dags/example_dag_decorator.py took 0.281 seconds
[2026-03-13T23:03:13.334+0100] {processor.py:161} INFO - Started process (PID=72951) to work on /Users/harshasogala/financial-data-platform/venv/lib/python3.12/site-packages/airflow/example_dags/example_dag_decorator.py
[2026-03-13T23:03:13.335+0100] {processor.py:830} INFO - Processing file /Users/harshasogala/financial-data-platform/venv/lib/python3.12/site-packages/airflow/example_dags/example_dag_decorator.py for tasks to queue
[2026-03-13T23:03:13.335+0100] {logging_mixin.py:188} INFO - [2026-03-13T23:03:13.335+0100] {dagbag.py:545} INFO - Filling up the DagBag from /Users/harshasogala/financial-data-platform/venv/lib/python3.12/site-packages/airflow/example_dags/example_dag_decorator.py
[2026-03-13T23:03:13.521+0100] {processor.py:840} INFO - DAG(s) 'example_dag_decorator' retrieved from /Users/harshasogala/financial-data-platform/venv/lib/python3.12/site-packages/airflow/example_dags/example_dag_decorator.py
[2026-03-13T23:03:13.756+0100] {logging_mixin.py:188} INFO - [2026-03-13T23:03:13.755+0100] {dag.py:3089} INFO - Sync 1 DAGs
[2026-03-13T23:03:13.763+0100] {logging_mixin.py:188} INFO - [2026-03-13T23:03:13.763+0100] {dag.py:3947} INFO - Setting next_dagrun for example_dag_decorator to None, run_after=None
[2026-03-13T23:03:13.782+0100] {processor.py:183} INFO - Processing /Users/harshasogala/financial-data-platform/venv/lib/python3.12/site-packages/airflow/example_dags/example_dag_decorator.py took 0.450 seconds
[2026-03-13T23:04:31.712+0100] {processor.py:161} INFO - Started process (PID=73012) to work on /Users/harshasogala/financial-data-platform/venv/lib/python3.12/site-packages/airflow/example_dags/example_dag_decorator.py
[2026-03-13T23:04:31.713+0100] {processor.py:830} INFO - Processing file /Users/harshasogala/financial-data-platform/venv/lib/python3.12/site-packages/airflow/example_dags/example_dag_decorator.py for tasks to queue
[2026-03-13T23:04:31.714+0100] {logging_mixin.py:188} INFO - [2026-03-13T23:04:31.714+0100] {dagbag.py:545} INFO - Filling up the DagBag from /Users/harshasogala/financial-data-platform/venv/lib/python3.12/site-packages/airflow/example_dags/example_dag_decorator.py
[2026-03-13T23:04:31.862+0100] {processor.py:840} INFO - DAG(s) 'example_dag_decorator' retrieved from /Users/harshasogala/financial-data-platform/venv/lib/python3.12/site-packages/airflow/example_dags/example_dag_decorator.py
[2026-03-13T23:04:31.972+0100] {logging_mixin.py:188} INFO - [2026-03-13T23:04:31.972+0100] {dag.py:3089} INFO - Sync 1 DAGs
[2026-03-13T23:04:31.977+0100] {logging_mixin.py:188} INFO - [2026-03-13T23:04:31.977+0100] {dag.py:3947} INFO - Setting next_dagrun for example_dag_decorator to None, run_after=None
[2026-03-13T23:04:31.987+0100] {processor.py:183} INFO - Processing /Users/harshasogala/financial-data-platform/venv/lib/python3.12/site-packages/airflow/example_dags/example_dag_decorator.py took 0.277 seconds
[2026-03-13T23:05:48.332+0100] {processor.py:161} INFO - Started process (PID=73078) to work on /Users/harshasogala/financial-data-platform/venv/lib/python3.12/site-packages/airflow/example_dags/example_dag_decorator.py
[2026-03-13T23:05:48.333+0100] {processor.py:830} INFO - Processing file /Users/harshasogala/financial-data-platform/venv/lib/python3.12/site-packages/airflow/example_dags/example_dag_decorator.py for tasks to queue
[2026-03-13T23:05:48.334+0100] {logging_mixin.py:188} INFO - [2026-03-13T23:05:48.333+0100] {dagbag.py:545} INFO - Filling up the DagBag from /Users/harshasogala/financial-data-platform/venv/lib/python3.12/site-packages/airflow/example_dags/example_dag_decorator.py
[2026-03-13T23:05:48.528+0100] {processor.py:840} INFO - DAG(s) 'example_dag_decorator' retrieved from /Users/harshasogala/financial-data-platform/venv/lib/python3.12/site-packages/airflow/example_dags/example_dag_decorator.py
[2026-03-13T23:05:48.665+0100] {logging_mixin.py:188} INFO - [2026-03-13T23:05:48.665+0100] {dag.py:3089} INFO - Sync 1 DAGs
[2026-03-13T23:05:48.671+0100] {logging_mixin.py:188} INFO - [2026-03-13T23:05:48.671+0100] {dag.py:3947} INFO - Setting next_dagrun for example_dag_decorator to None, run_after=None
[2026-03-13T23:05:48.683+0100] {processor.py:183} INFO - Processing /Users/harshasogala/financial-data-platform/venv/lib/python3.12/site-packages/airflow/example_dags/example_dag_decorator.py took 0.353 seconds
[2026-03-13T23:07:09.079+0100] {processor.py:161} INFO - Started process (PID=73146) to work on /Users/harshasogala/financial-data-platform/venv/lib/python3.12/site-packages/airflow/example_dags/example_dag_decorator.py
[2026-03-13T23:07:09.080+0100] {processor.py:830} INFO - Processing file /Users/harshasogala/financial-data-platform/venv/lib/python3.12/site-packages/airflow/example_dags/example_dag_decorator.py for tasks to queue
[2026-03-13T23:07:09.080+0100] {logging_mixin.py:188} INFO - [2026-03-13T23:07:09.080+0100] {dagbag.py:545} INFO - Filling up the DagBag from /Users/harshasogala/financial-data-platform/venv/lib/python3.12/site-packages/airflow/example_dags/example_dag_decorator.py
[2026-03-13T23:07:09.243+0100] {processor.py:840} INFO - DAG(s) 'example_dag_decorator' retrieved from /Users/harshasogala/financial-data-platform/venv/lib/python3.12/site-packages/airflow/example_dags/example_dag_decorator.py
[2026-03-13T23:07:09.363+0100] {logging_mixin.py:188} INFO - [2026-03-13T23:07:09.362+0100] {dag.py:3089} INFO - Sync 1 DAGs
[2026-03-13T23:07:09.367+0100] {logging_mixin.py:188} INFO - [2026-03-13T23:07:09.367+0100] {dag.py:3947} INFO - Setting next_dagrun for example_dag_decorator to None, run_after=None
[2026-03-13T23:07:09.379+0100] {processor.py:183} INFO - Processing /Users/harshasogala/financial-data-platform/venv/lib/python3.12/site-packages/airflow/example_dags/example_dag_decorator.py took 0.302 seconds
[2026-03-13T23:08:27.942+0100] {processor.py:161} INFO - Started process (PID=73207) to work on /Users/harshasogala/financial-data-platform/venv/lib/python3.12/site-packages/airflow/example_dags/example_dag_decorator.py
[2026-03-13T23:08:27.943+0100] {processor.py:830} INFO - Processing file /Users/harshasogala/financial-data-platform/venv/lib/python3.12/site-packages/airflow/example_dags/example_dag_decorator.py for tasks to queue
[2026-03-13T23:08:27.943+0100] {logging_mixin.py:188} INFO - [2026-03-13T23:08:27.943+0100] {dagbag.py:545} INFO - Filling up the DagBag from /Users/harshasogala/financial-data-platform/venv/lib/python3.12/site-packages/airflow/example_dags/example_dag_decorator.py
[2026-03-13T23:08:28.100+0100] {processor.py:840} INFO - DAG(s) 'example_dag_decorator' retrieved from /Users/harshasogala/financial-data-platform/venv/lib/python3.12/site-packages/airflow/example_dags/example_dag_decorator.py
[2026-03-13T23:08:28.206+0100] {logging_mixin.py:188} INFO - [2026-03-13T23:08:28.206+0100] {dag.py:3089} INFO - Sync 1 DAGs
[2026-03-13T23:08:28.211+0100] {logging_mixin.py:188} INFO - [2026-03-13T23:08:28.211+0100] {dag.py:3947} INFO - Setting next_dagrun for example_dag_decorator to None, run_after=None
[2026-03-13T23:08:28.221+0100] {processor.py:183} INFO - Processing /Users/harshasogala/financial-data-platform/venv/lib/python3.12/site-packages/airflow/example_dags/example_dag_decorator.py took 0.282 seconds
[2026-03-13T23:09:40.282+0100] {processor.py:161} INFO - Started process (PID=73264) to work on /Users/harshasogala/financial-data-platform/venv/lib/python3.12/site-packages/airflow/example_dags/example_dag_decorator.py
[2026-03-13T23:09:40.283+0100] {processor.py:830} INFO - Processing file /Users/harshasogala/financial-data-platform/venv/lib/python3.12/site-packages/airflow/example_dags/example_dag_decorator.py for tasks to queue
[2026-03-13T23:09:40.283+0100] {logging_mixin.py:188} INFO - [2026-03-13T23:09:40.283+0100] {dagbag.py:545} INFO - Filling up the DagBag from /Users/harshasogala/financial-data-platform/venv/lib/python3.12/site-packages/airflow/example_dags/example_dag_decorator.py
[2026-03-13T23:09:40.438+0100] {processor.py:840} INFO - DAG(s) 'example_dag_decorator' retrieved from /Users/harshasogala/financial-data-platform/venv/lib/python3.12/site-packages/airflow/example_dags/example_dag_decorator.py
[2026-03-13T23:09:40.546+0100] {logging_mixin.py:188} INFO - [2026-03-13T23:09:40.545+0100] {dag.py:3089} INFO - Sync 1 DAGs
[2026-03-13T23:09:40.550+0100] {logging_mixin.py:188} INFO - [2026-03-13T23:09:40.550+0100] {dag.py:3947} INFO - Setting next_dagrun for example_dag_decorator to None, run_after=None
[2026-03-13T23:09:40.561+0100] {processor.py:183} INFO - Processing /Users/harshasogala/financial-data-platform/venv/lib/python3.12/site-packages/airflow/example_dags/example_dag_decorator.py took 0.281 seconds
[2026-03-13T23:10:53.409+0100] {processor.py:161} INFO - Started process (PID=73321) to work on /Users/harshasogala/financial-data-platform/venv/lib/python3.12/site-packages/airflow/example_dags/example_dag_decorator.py
[2026-03-13T23:10:53.410+0100] {processor.py:830} INFO - Processing file /Users/harshasogala/financial-data-platform/venv/lib/python3.12/site-packages/airflow/example_dags/example_dag_decorator.py for tasks to queue
[2026-03-13T23:10:53.411+0100] {logging_mixin.py:188} INFO - [2026-03-13T23:10:53.410+0100] {dagbag.py:545} INFO - Filling up the DagBag from /Users/harshasogala/financial-data-platform/venv/lib/python3.12/site-packages/airflow/example_dags/example_dag_decorator.py
[2026-03-13T23:10:53.567+0100] {processor.py:840} INFO - DAG(s) 'example_dag_decorator' retrieved from /Users/harshasogala/financial-data-platform/venv/lib/python3.12/site-packages/airflow/example_dags/example_dag_decorator.py
[2026-03-13T23:10:53.675+0100] {logging_mixin.py:188} INFO - [2026-03-13T23:10:53.675+0100] {dag.py:3089} INFO - Sync 1 DAGs
[2026-03-13T23:10:53.680+0100] {logging_mixin.py:188} INFO - [2026-03-13T23:10:53.680+0100] {dag.py:3947} INFO - Setting next_dagrun for example_dag_decorator to None, run_after=None
[2026-03-13T23:10:53.692+0100] {processor.py:183} INFO - Processing /Users/harshasogala/financial-data-platform/venv/lib/python3.12/site-packages/airflow/example_dags/example_dag_decorator.py took 0.285 seconds
[2026-03-13T23:12:06.554+0100] {processor.py:161} INFO - Started process (PID=73391) to work on /Users/harshasogala/financial-data-platform/venv/lib/python3.12/site-packages/airflow/example_dags/example_dag_decorator.py
[2026-03-13T23:12:06.555+0100] {processor.py:830} INFO - Processing file /Users/harshasogala/financial-data-platform/venv/lib/python3.12/site-packages/airflow/example_dags/example_dag_decorator.py for tasks to queue
[2026-03-13T23:12:06.555+0100] {logging_mixin.py:188} INFO - [2026-03-13T23:12:06.555+0100] {dagbag.py:545} INFO - Filling up the DagBag from /Users/harshasogala/financial-data-platform/venv/lib/python3.12/site-packages/airflow/example_dags/example_dag_decorator.py
[2026-03-13T23:12:06.704+0100] {processor.py:840} INFO - DAG(s) 'example_dag_decorator' retrieved from /Users/harshasogala/financial-data-platform/venv/lib/python3.12/site-packages/airflow/example_dags/example_dag_decorator.py
[2026-03-13T23:12:06.811+0100] {logging_mixin.py:188} INFO - [2026-03-13T23:12:06.810+0100] {dag.py:3089} INFO - Sync 1 DAGs
[2026-03-13T23:12:06.815+0100] {logging_mixin.py:188} INFO - [2026-03-13T23:12:06.815+0100] {dag.py:3947} INFO - Setting next_dagrun for example_dag_decorator to None, run_after=None
[2026-03-13T23:12:06.826+0100] {processor.py:183} INFO - Processing /Users/harshasogala/financial-data-platform/venv/lib/python3.12/site-packages/airflow/example_dags/example_dag_decorator.py took 0.274 seconds
[2026-03-13T23:13:22.611+0100] {processor.py:161} INFO - Started process (PID=73448) to work on /Users/harshasogala/financial-data-platform/venv/lib/python3.12/site-packages/airflow/example_dags/example_dag_decorator.py
[2026-03-13T23:13:22.612+0100] {processor.py:830} INFO - Processing file /Users/harshasogala/financial-data-platform/venv/lib/python3.12/site-packages/airflow/example_dags/example_dag_decorator.py for tasks to queue
[2026-03-13T23:13:22.613+0100] {logging_mixin.py:188} INFO - [2026-03-13T23:13:22.613+0100] {dagbag.py:545} INFO - Filling up the DagBag from /Users/harshasogala/financial-data-platform/venv/lib/python3.12/site-packages/airflow/example_dags/example_dag_decorator.py
[2026-03-13T23:13:22.822+0100] {processor.py:840} INFO - DAG(s) 'example_dag_decorator' retrieved from /Users/harshasogala/financial-data-platform/venv/lib/python3.12/site-packages/airflow/example_dags/example_dag_decorator.py
[2026-03-13T23:13:22.943+0100] {logging_mixin.py:188} INFO - [2026-03-13T23:13:22.943+0100] {dag.py:3089} INFO - Sync 1 DAGs
[2026-03-13T23:13:22.948+0100] {logging_mixin.py:188} INFO - [2026-03-13T23:13:22.948+0100] {dag.py:3947} INFO - Setting next_dagrun for example_dag_decorator to None, run_after=None
[2026-03-13T23:13:22.960+0100] {processor.py:183} INFO - Processing /Users/harshasogala/financial-data-platform/venv/lib/python3.12/site-packages/airflow/example_dags/example_dag_decorator.py took 0.354 seconds
[2026-03-13T23:14:35.554+0100] {processor.py:161} INFO - Started process (PID=73510) to work on /Users/harshasogala/financial-data-platform/venv/lib/python3.12/site-packages/airflow/example_dags/example_dag_decorator.py
[2026-03-13T23:14:35.555+0100] {processor.py:830} INFO - Processing file /Users/harshasogala/financial-data-platform/venv/lib/python3.12/site-packages/airflow/example_dags/example_dag_decorator.py for tasks to queue
[2026-03-13T23:14:35.556+0100] {logging_mixin.py:188} INFO - [2026-03-13T23:14:35.555+0100] {dagbag.py:545} INFO - Filling up the DagBag from /Users/harshasogala/financial-data-platform/venv/lib/python3.12/site-packages/airflow/example_dags/example_dag_decorator.py
[2026-03-13T23:14:35.718+0100] {processor.py:840} INFO - DAG(s) 'example_dag_decorator' retrieved from /Users/harshasogala/financial-data-platform/venv/lib/python3.12/site-packages/airflow/example_dags/example_dag_decorator.py
[2026-03-13T23:14:35.825+0100] {logging_mixin.py:188} INFO - [2026-03-13T23:14:35.824+0100] {dag.py:3089} INFO - Sync 1 DAGs
[2026-03-13T23:14:35.830+0100] {logging_mixin.py:188} INFO - [2026-03-13T23:14:35.829+0100] {dag.py:3947} INFO - Setting next_dagrun for example_dag_decorator to None, run_after=None
[2026-03-13T23:14:35.841+0100] {processor.py:183} INFO - Processing /Users/harshasogala/financial-data-platform/venv/lib/python3.12/site-packages/airflow/example_dags/example_dag_decorator.py took 0.288 seconds
[2026-03-13T23:15:51.222+0100] {processor.py:161} INFO - Started process (PID=73570) to work on /Users/harshasogala/financial-data-platform/venv/lib/python3.12/site-packages/airflow/example_dags/example_dag_decorator.py
[2026-03-13T23:15:51.222+0100] {processor.py:830} INFO - Processing file /Users/harshasogala/financial-data-platform/venv/lib/python3.12/site-packages/airflow/example_dags/example_dag_decorator.py for tasks to queue
[2026-03-13T23:15:51.223+0100] {logging_mixin.py:188} INFO - [2026-03-13T23:15:51.223+0100] {dagbag.py:545} INFO - Filling up the DagBag from /Users/harshasogala/financial-data-platform/venv/lib/python3.12/site-packages/airflow/example_dags/example_dag_decorator.py
[2026-03-13T23:15:51.375+0100] {processor.py:840} INFO - DAG(s) 'example_dag_decorator' retrieved from /Users/harshasogala/financial-data-platform/venv/lib/python3.12/site-packages/airflow/example_dags/example_dag_decorator.py
[2026-03-13T23:15:51.484+0100] {logging_mixin.py:188} INFO - [2026-03-13T23:15:51.484+0100] {dag.py:3089} INFO - Sync 1 DAGs
[2026-03-13T23:15:51.489+0100] {logging_mixin.py:188} INFO - [2026-03-13T23:15:51.489+0100] {dag.py:3947} INFO - Setting next_dagrun for example_dag_decorator to None, run_after=None
[2026-03-13T23:15:51.499+0100] {processor.py:183} INFO - Processing /Users/harshasogala/financial-data-platform/venv/lib/python3.12/site-packages/airflow/example_dags/example_dag_decorator.py took 0.279 seconds
[2026-03-13T23:17:06.099+0100] {processor.py:161} INFO - Started process (PID=73639) to work on /Users/harshasogala/financial-data-platform/venv/lib/python3.12/site-packages/airflow/example_dags/example_dag_decorator.py
[2026-03-13T23:17:06.099+0100] {processor.py:830} INFO - Processing file /Users/harshasogala/financial-data-platform/venv/lib/python3.12/site-packages/airflow/example_dags/example_dag_decorator.py for tasks to queue
[2026-03-13T23:17:06.100+0100] {logging_mixin.py:188} INFO - [2026-03-13T23:17:06.100+0100] {dagbag.py:545} INFO - Filling up the DagBag from /Users/harshasogala/financial-data-platform/venv/lib/python3.12/site-packages/airflow/example_dags/example_dag_decorator.py
[2026-03-13T23:17:06.254+0100] {processor.py:840} INFO - DAG(s) 'example_dag_decorator' retrieved from /Users/harshasogala/financial-data-platform/venv/lib/python3.12/site-packages/airflow/example_dags/example_dag_decorator.py
[2026-03-13T23:17:06.362+0100] {logging_mixin.py:188} INFO - [2026-03-13T23:17:06.362+0100] {dag.py:3089} INFO - Sync 1 DAGs
[2026-03-13T23:17:06.367+0100] {logging_mixin.py:188} INFO - [2026-03-13T23:17:06.367+0100] {dag.py:3947} INFO - Setting next_dagrun for example_dag_decorator to None, run_after=None
[2026-03-13T23:17:06.378+0100] {processor.py:183} INFO - Processing /Users/harshasogala/financial-data-platform/venv/lib/python3.12/site-packages/airflow/example_dags/example_dag_decorator.py took 0.281 seconds
[2026-03-13T23:18:23.670+0100] {processor.py:161} INFO - Started process (PID=73702) to work on /Users/harshasogala/financial-data-platform/venv/lib/python3.12/site-packages/airflow/example_dags/example_dag_decorator.py
[2026-03-13T23:18:23.670+0100] {processor.py:830} INFO - Processing file /Users/harshasogala/financial-data-platform/venv/lib/python3.12/site-packages/airflow/example_dags/example_dag_decorator.py for tasks to queue
[2026-03-13T23:18:23.671+0100] {logging_mixin.py:188} INFO - [2026-03-13T23:18:23.671+0100] {dagbag.py:545} INFO - Filling up the DagBag from /Users/harshasogala/financial-data-platform/venv/lib/python3.12/site-packages/airflow/example_dags/example_dag_decorator.py
[2026-03-13T23:18:23.820+0100] {processor.py:840} INFO - DAG(s) 'example_dag_decorator' retrieved from /Users/harshasogala/financial-data-platform/venv/lib/python3.12/site-packages/airflow/example_dags/example_dag_decorator.py
[2026-03-13T23:18:23.933+0100] {logging_mixin.py:188} INFO - [2026-03-13T23:18:23.932+0100] {dag.py:3089} INFO - Sync 1 DAGs
[2026-03-13T23:18:23.937+0100] {logging_mixin.py:188} INFO - [2026-03-13T23:18:23.937+0100] {dag.py:3947} INFO - Setting next_dagrun for example_dag_decorator to None, run_after=None
[2026-03-13T23:18:23.949+0100] {processor.py:183} INFO - Processing /Users/harshasogala/financial-data-platform/venv/lib/python3.12/site-packages/airflow/example_dags/example_dag_decorator.py took 0.281 seconds
[2026-03-13T23:19:38.841+0100] {processor.py:161} INFO - Started process (PID=73762) to work on /Users/harshasogala/financial-data-platform/venv/lib/python3.12/site-packages/airflow/example_dags/example_dag_decorator.py
[2026-03-13T23:19:38.842+0100] {processor.py:830} INFO - Processing file /Users/harshasogala/financial-data-platform/venv/lib/python3.12/site-packages/airflow/example_dags/example_dag_decorator.py for tasks to queue
[2026-03-13T23:19:38.842+0100] {logging_mixin.py:188} INFO - [2026-03-13T23:19:38.842+0100] {dagbag.py:545} INFO - Filling up the DagBag from /Users/harshasogala/financial-data-platform/venv/lib/python3.12/site-packages/airflow/example_dags/example_dag_decorator.py
[2026-03-13T23:19:38.991+0100] {processor.py:840} INFO - DAG(s) 'example_dag_decorator' retrieved from /Users/harshasogala/financial-data-platform/venv/lib/python3.12/site-packages/airflow/example_dags/example_dag_decorator.py
[2026-03-13T23:19:39.098+0100] {logging_mixin.py:188} INFO - [2026-03-13T23:19:39.097+0100] {dag.py:3089} INFO - Sync 1 DAGs
[2026-03-13T23:19:39.102+0100] {logging_mixin.py:188} INFO - [2026-03-13T23:19:39.102+0100] {dag.py:3947} INFO - Setting next_dagrun for example_dag_decorator to None, run_after=None
[2026-03-13T23:19:39.114+0100] {processor.py:183} INFO - Processing /Users/harshasogala/financial-data-platform/venv/lib/python3.12/site-packages/airflow/example_dags/example_dag_decorator.py took 0.274 seconds
[2026-03-13T23:20:57.755+0100] {processor.py:161} INFO - Started process (PID=73833) to work on /Users/harshasogala/financial-data-platform/venv/lib/python3.12/site-packages/airflow/example_dags/example_dag_decorator.py
[2026-03-13T23:20:57.756+0100] {processor.py:830} INFO - Processing file /Users/harshasogala/financial-data-platform/venv/lib/python3.12/site-packages/airflow/example_dags/example_dag_decorator.py for tasks to queue
[2026-03-13T23:20:57.757+0100] {logging_mixin.py:188} INFO - [2026-03-13T23:20:57.757+0100] {dagbag.py:545} INFO - Filling up the DagBag from /Users/harshasogala/financial-data-platform/venv/lib/python3.12/site-packages/airflow/example_dags/example_dag_decorator.py
[2026-03-13T23:20:57.985+0100] {processor.py:840} INFO - DAG(s) 'example_dag_decorator' retrieved from /Users/harshasogala/financial-data-platform/venv/lib/python3.12/site-packages/airflow/example_dags/example_dag_decorator.py
[2026-03-13T23:20:58.102+0100] {logging_mixin.py:188} INFO - [2026-03-13T23:20:58.102+0100] {dag.py:3089} INFO - Sync 1 DAGs
[2026-03-13T23:20:58.107+0100] {logging_mixin.py:188} INFO - [2026-03-13T23:20:58.107+0100] {dag.py:3947} INFO - Setting next_dagrun for example_dag_decorator to None, run_after=None
[2026-03-13T23:20:58.119+0100] {processor.py:183} INFO - Processing /Users/harshasogala/financial-data-platform/venv/lib/python3.12/site-packages/airflow/example_dags/example_dag_decorator.py took 0.366 seconds
[2026-03-13T23:22:10.955+0100] {processor.py:161} INFO - Started process (PID=73909) to work on /Users/harshasogala/financial-data-platform/venv/lib/python3.12/site-packages/airflow/example_dags/example_dag_decorator.py
[2026-03-13T23:22:10.956+0100] {processor.py:830} INFO - Processing file /Users/harshasogala/financial-data-platform/venv/lib/python3.12/site-packages/airflow/example_dags/example_dag_decorator.py for tasks to queue
[2026-03-13T23:22:10.957+0100] {logging_mixin.py:188} INFO - [2026-03-13T23:22:10.957+0100] {dagbag.py:545} INFO - Filling up the DagBag from /Users/harshasogala/financial-data-platform/venv/lib/python3.12/site-packages/airflow/example_dags/example_dag_decorator.py
[2026-03-13T23:22:11.107+0100] {processor.py:840} INFO - DAG(s) 'example_dag_decorator' retrieved from /Users/harshasogala/financial-data-platform/venv/lib/python3.12/site-packages/airflow/example_dags/example_dag_decorator.py
[2026-03-13T23:22:11.214+0100] {logging_mixin.py:188} INFO - [2026-03-13T23:22:11.214+0100] {dag.py:3089} INFO - Sync 1 DAGs
[2026-03-13T23:22:11.219+0100] {logging_mixin.py:188} INFO - [2026-03-13T23:22:11.219+0100] {dag.py:3947} INFO - Setting next_dagrun for example_dag_decorator to None, run_after=None
[2026-03-13T23:22:11.229+0100] {processor.py:183} INFO - Processing /Users/harshasogala/financial-data-platform/venv/lib/python3.12/site-packages/airflow/example_dags/example_dag_decorator.py took 0.276 seconds
[2026-03-13T23:23:26.168+0100] {processor.py:161} INFO - Started process (PID=73973) to work on /Users/harshasogala/financial-data-platform/venv/lib/python3.12/site-packages/airflow/example_dags/example_dag_decorator.py
[2026-03-13T23:23:26.169+0100] {processor.py:830} INFO - Processing file /Users/harshasogala/financial-data-platform/venv/lib/python3.12/site-packages/airflow/example_dags/example_dag_decorator.py for tasks to queue
[2026-03-13T23:23:26.169+0100] {logging_mixin.py:188} INFO - [2026-03-13T23:23:26.169+0100] {dagbag.py:545} INFO - Filling up the DagBag from /Users/harshasogala/financial-data-platform/venv/lib/python3.12/site-packages/airflow/example_dags/example_dag_decorator.py
[2026-03-13T23:23:26.318+0100] {processor.py:840} INFO - DAG(s) 'example_dag_decorator' retrieved from /Users/harshasogala/financial-data-platform/venv/lib/python3.12/site-packages/airflow/example_dags/example_dag_decorator.py
[2026-03-13T23:23:26.428+0100] {logging_mixin.py:188} INFO - [2026-03-13T23:23:26.428+0100] {dag.py:3089} INFO - Sync 1 DAGs
[2026-03-13T23:23:26.433+0100] {logging_mixin.py:188} INFO - [2026-03-13T23:23:26.433+0100] {dag.py:3947} INFO - Setting next_dagrun for example_dag_decorator to None, run_after=None
[2026-03-13T23:23:26.444+0100] {processor.py:183} INFO - Processing /Users/harshasogala/financial-data-platform/venv/lib/python3.12/site-packages/airflow/example_dags/example_dag_decorator.py took 0.278 seconds
[2026-03-13T23:24:38.994+0100] {processor.py:161} INFO - Started process (PID=74031) to work on /Users/harshasogala/financial-data-platform/venv/lib/python3.12/site-packages/airflow/example_dags/example_dag_decorator.py
[2026-03-13T23:24:38.995+0100] {processor.py:830} INFO - Processing file /Users/harshasogala/financial-data-platform/venv/lib/python3.12/site-packages/airflow/example_dags/example_dag_decorator.py for tasks to queue
[2026-03-13T23:24:38.995+0100] {logging_mixin.py:188} INFO - [2026-03-13T23:24:38.995+0100] {dagbag.py:545} INFO - Filling up the DagBag from /Users/harshasogala/financial-data-platform/venv/lib/python3.12/site-packages/airflow/example_dags/example_dag_decorator.py
[2026-03-13T23:24:39.165+0100] {processor.py:840} INFO - DAG(s) 'example_dag_decorator' retrieved from /Users/harshasogala/financial-data-platform/venv/lib/python3.12/site-packages/airflow/example_dags/example_dag_decorator.py
[2026-03-13T23:24:39.278+0100] {logging_mixin.py:188} INFO - [2026-03-13T23:24:39.278+0100] {dag.py:3089} INFO - Sync 1 DAGs
[2026-03-13T23:24:39.283+0100] {logging_mixin.py:188} INFO - [2026-03-13T23:24:39.283+0100] {dag.py:3947} INFO - Setting next_dagrun for example_dag_decorator to None, run_after=None
[2026-03-13T23:24:39.294+0100] {processor.py:183} INFO - Processing /Users/harshasogala/financial-data-platform/venv/lib/python3.12/site-packages/airflow/example_dags/example_dag_decorator.py took 0.303 seconds
[2026-03-13T23:25:59.369+0100] {processor.py:161} INFO - Started process (PID=74091) to work on /Users/harshasogala/financial-data-platform/venv/lib/python3.12/site-packages/airflow/example_dags/example_dag_decorator.py
[2026-03-13T23:25:59.370+0100] {processor.py:830} INFO - Processing file /Users/harshasogala/financial-data-platform/venv/lib/python3.12/site-packages/airflow/example_dags/example_dag_decorator.py for tasks to queue
[2026-03-13T23:25:59.370+0100] {logging_mixin.py:188} INFO - [2026-03-13T23:25:59.370+0100] {dagbag.py:545} INFO - Filling up the DagBag from /Users/harshasogala/financial-data-platform/venv/lib/python3.12/site-packages/airflow/example_dags/example_dag_decorator.py
[2026-03-13T23:25:59.520+0100] {processor.py:840} INFO - DAG(s) 'example_dag_decorator' retrieved from /Users/harshasogala/financial-data-platform/venv/lib/python3.12/site-packages/airflow/example_dags/example_dag_decorator.py
[2026-03-13T23:25:59.630+0100] {logging_mixin.py:188} INFO - [2026-03-13T23:25:59.630+0100] {dag.py:3089} INFO - Sync 1 DAGs
[2026-03-13T23:25:59.635+0100] {logging_mixin.py:188} INFO - [2026-03-13T23:25:59.635+0100] {dag.py:3947} INFO - Setting next_dagrun for example_dag_decorator to None, run_after=None
[2026-03-13T23:25:59.647+0100] {processor.py:183} INFO - Processing /Users/harshasogala/financial-data-platform/venv/lib/python3.12/site-packages/airflow/example_dags/example_dag_decorator.py took 0.280 seconds
[2026-03-13T23:27:13.256+0100] {processor.py:161} INFO - Started process (PID=74156) to work on /Users/harshasogala/financial-data-platform/venv/lib/python3.12/site-packages/airflow/example_dags/example_dag_decorator.py
[2026-03-13T23:27:13.257+0100] {processor.py:830} INFO - Processing file /Users/harshasogala/financial-data-platform/venv/lib/python3.12/site-packages/airflow/example_dags/example_dag_decorator.py for tasks to queue
[2026-03-13T23:27:13.257+0100] {logging_mixin.py:188} INFO - [2026-03-13T23:27:13.257+0100] {dagbag.py:545} INFO - Filling up the DagBag from /Users/harshasogala/financial-data-platform/venv/lib/python3.12/site-packages/airflow/example_dags/example_dag_decorator.py
[2026-03-13T23:27:13.413+0100] {processor.py:840} INFO - DAG(s) 'example_dag_decorator' retrieved from /Users/harshasogala/financial-data-platform/venv/lib/python3.12/site-packages/airflow/example_dags/example_dag_decorator.py
[2026-03-13T23:27:13.524+0100] {logging_mixin.py:188} INFO - [2026-03-13T23:27:13.524+0100] {dag.py:3089} INFO - Sync 1 DAGs
[2026-03-13T23:27:13.530+0100] {logging_mixin.py:188} INFO - [2026-03-13T23:27:13.530+0100] {dag.py:3947} INFO - Setting next_dagrun for example_dag_decorator to None, run_after=None
[2026-03-13T23:27:13.542+0100] {processor.py:183} INFO - Processing /Users/harshasogala/financial-data-platform/venv/lib/python3.12/site-packages/airflow/example_dags/example_dag_decorator.py took 0.288 seconds
[2026-03-13T23:28:34.228+0100] {processor.py:161} INFO - Started process (PID=74253) to work on /Users/harshasogala/financial-data-platform/venv/lib/python3.12/site-packages/airflow/example_dags/example_dag_decorator.py
[2026-03-13T23:28:34.229+0100] {processor.py:830} INFO - Processing file /Users/harshasogala/financial-data-platform/venv/lib/python3.12/site-packages/airflow/example_dags/example_dag_decorator.py for tasks to queue
[2026-03-13T23:28:34.229+0100] {logging_mixin.py:188} INFO - [2026-03-13T23:28:34.229+0100] {dagbag.py:545} INFO - Filling up the DagBag from /Users/harshasogala/financial-data-platform/venv/lib/python3.12/site-packages/airflow/example_dags/example_dag_decorator.py
[2026-03-13T23:28:34.379+0100] {processor.py:840} INFO - DAG(s) 'example_dag_decorator' retrieved from /Users/harshasogala/financial-data-platform/venv/lib/python3.12/site-packages/airflow/example_dags/example_dag_decorator.py
[2026-03-13T23:28:34.490+0100] {logging_mixin.py:188} INFO - [2026-03-13T23:28:34.490+0100] {dag.py:3089} INFO - Sync 1 DAGs
[2026-03-13T23:28:34.495+0100] {logging_mixin.py:188} INFO - [2026-03-13T23:28:34.495+0100] {dag.py:3947} INFO - Setting next_dagrun for example_dag_decorator to None, run_after=None
[2026-03-13T23:28:34.506+0100] {processor.py:183} INFO - Processing /Users/harshasogala/financial-data-platform/venv/lib/python3.12/site-packages/airflow/example_dags/example_dag_decorator.py took 0.280 seconds
[2026-03-13T23:29:47.707+0100] {processor.py:161} INFO - Started process (PID=74311) to work on /Users/harshasogala/financial-data-platform/venv/lib/python3.12/site-packages/airflow/example_dags/example_dag_decorator.py
[2026-03-13T23:29:47.708+0100] {processor.py:830} INFO - Processing file /Users/harshasogala/financial-data-platform/venv/lib/python3.12/site-packages/airflow/example_dags/example_dag_decorator.py for tasks to queue
[2026-03-13T23:29:47.709+0100] {logging_mixin.py:188} INFO - [2026-03-13T23:29:47.709+0100] {dagbag.py:545} INFO - Filling up the DagBag from /Users/harshasogala/financial-data-platform/venv/lib/python3.12/site-packages/airflow/example_dags/example_dag_decorator.py
[2026-03-13T23:29:47.859+0100] {processor.py:840} INFO - DAG(s) 'example_dag_decorator' retrieved from /Users/harshasogala/financial-data-platform/venv/lib/python3.12/site-packages/airflow/example_dags/example_dag_decorator.py
[2026-03-13T23:29:47.968+0100] {logging_mixin.py:188} INFO - [2026-03-13T23:29:47.968+0100] {dag.py:3089} INFO - Sync 1 DAGs
[2026-03-13T23:29:47.973+0100] {logging_mixin.py:188} INFO - [2026-03-13T23:29:47.973+0100] {dag.py:3947} INFO - Setting next_dagrun for example_dag_decorator to None, run_after=None
[2026-03-13T23:29:47.983+0100] {processor.py:183} INFO - Processing /Users/harshasogala/financial-data-platform/venv/lib/python3.12/site-packages/airflow/example_dags/example_dag_decorator.py took 0.278 seconds
[2026-03-13T23:31:07.339+0100] {processor.py:161} INFO - Started process (PID=74486) to work on /Users/harshasogala/financial-data-platform/venv/lib/python3.12/site-packages/airflow/example_dags/example_dag_decorator.py
[2026-03-13T23:31:07.340+0100] {processor.py:830} INFO - Processing file /Users/harshasogala/financial-data-platform/venv/lib/python3.12/site-packages/airflow/example_dags/example_dag_decorator.py for tasks to queue
[2026-03-13T23:31:07.341+0100] {logging_mixin.py:188} INFO - [2026-03-13T23:31:07.340+0100] {dagbag.py:545} INFO - Filling up the DagBag from /Users/harshasogala/financial-data-platform/venv/lib/python3.12/site-packages/airflow/example_dags/example_dag_decorator.py
[2026-03-13T23:31:07.496+0100] {processor.py:840} INFO - DAG(s) 'example_dag_decorator' retrieved from /Users/harshasogala/financial-data-platform/venv/lib/python3.12/site-packages/airflow/example_dags/example_dag_decorator.py
[2026-03-13T23:31:07.607+0100] {logging_mixin.py:188} INFO - [2026-03-13T23:31:07.607+0100] {dag.py:3089} INFO - Sync 1 DAGs
[2026-03-13T23:31:07.612+0100] {logging_mixin.py:188} INFO - [2026-03-13T23:31:07.612+0100] {dag.py:3947} INFO - Setting next_dagrun for example_dag_decorator to None, run_after=None
[2026-03-13T23:31:07.623+0100] {processor.py:183} INFO - Processing /Users/harshasogala/financial-data-platform/venv/lib/python3.12/site-packages/airflow/example_dags/example_dag_decorator.py took 0.286 seconds
[2026-03-13T23:32:23.125+0100] {processor.py:161} INFO - Started process (PID=74945) to work on /Users/harshasogala/financial-data-platform/venv/lib/python3.12/site-packages/airflow/example_dags/example_dag_decorator.py
[2026-03-13T23:32:23.127+0100] {processor.py:830} INFO - Processing file /Users/harshasogala/financial-data-platform/venv/lib/python3.12/site-packages/airflow/example_dags/example_dag_decorator.py for tasks to queue
[2026-03-13T23:32:23.127+0100] {logging_mixin.py:188} INFO - [2026-03-13T23:32:23.127+0100] {dagbag.py:545} INFO - Filling up the DagBag from /Users/harshasogala/financial-data-platform/venv/lib/python3.12/site-packages/airflow/example_dags/example_dag_decorator.py
[2026-03-13T23:32:23.282+0100] {processor.py:840} INFO - DAG(s) 'example_dag_decorator' retrieved from /Users/harshasogala/financial-data-platform/venv/lib/python3.12/site-packages/airflow/example_dags/example_dag_decorator.py
[2026-03-13T23:32:23.394+0100] {logging_mixin.py:188} INFO - [2026-03-13T23:32:23.394+0100] {dag.py:3089} INFO - Sync 1 DAGs
[2026-03-13T23:32:23.399+0100] {logging_mixin.py:188} INFO - [2026-03-13T23:32:23.399+0100] {dag.py:3947} INFO - Setting next_dagrun for example_dag_decorator to None, run_after=None
[2026-03-13T23:32:23.410+0100] {processor.py:183} INFO - Processing /Users/harshasogala/financial-data-platform/venv/lib/python3.12/site-packages/airflow/example_dags/example_dag_decorator.py took 0.287 seconds
