[2026-03-13T22:18:56.744+0100] {processor.py:161} INFO - Started process (PID=66029) to work on /Users/harshasogala/financial-data-platform/venv/lib/python3.12/site-packages/airflow/example_dags/example_external_task_marker_dag.py
[2026-03-13T22:18:56.745+0100] {processor.py:830} INFO - Processing file /Users/harshasogala/financial-data-platform/venv/lib/python3.12/site-packages/airflow/example_dags/example_external_task_marker_dag.py for tasks to queue
[2026-03-13T22:18:56.745+0100] {logging_mixin.py:188} INFO - [2026-03-13T22:18:56.745+0100] {dagbag.py:545} INFO - Filling up the DagBag from /Users/harshasogala/financial-data-platform/venv/lib/python3.12/site-packages/airflow/example_dags/example_external_task_marker_dag.py
[2026-03-13T22:18:56.755+0100] {processor.py:840} INFO - DAG(s) 'example_external_task_marker_child', 'example_external_task_marker_parent' retrieved from /Users/harshasogala/financial-data-platform/venv/lib/python3.12/site-packages/airflow/example_dags/example_external_task_marker_dag.py
[2026-03-13T22:18:56.858+0100] {logging_mixin.py:188} INFO - [2026-03-13T22:18:56.858+0100] {override.py:1858} INFO - Created Permission View: can delete on DAG:example_external_task_marker_child
[2026-03-13T22:18:56.864+0100] {logging_mixin.py:188} INFO - [2026-03-13T22:18:56.864+0100] {override.py:1858} INFO - Created Permission View: can edit on DAG:example_external_task_marker_child
[2026-03-13T22:18:56.869+0100] {logging_mixin.py:188} INFO - [2026-03-13T22:18:56.869+0100] {override.py:1858} INFO - Created Permission View: can read on DAG:example_external_task_marker_child
[2026-03-13T22:18:56.875+0100] {logging_mixin.py:188} INFO - [2026-03-13T22:18:56.875+0100] {override.py:1858} INFO - Created Permission View: can delete on DAG:example_external_task_marker_parent
[2026-03-13T22:18:56.879+0100] {logging_mixin.py:188} INFO - [2026-03-13T22:18:56.878+0100] {override.py:1858} INFO - Created Permission View: can edit on DAG:example_external_task_marker_parent
[2026-03-13T22:18:56.881+0100] {logging_mixin.py:188} INFO - [2026-03-13T22:18:56.881+0100] {override.py:1858} INFO - Created Permission View: can read on DAG:example_external_task_marker_parent
[2026-03-13T22:18:56.882+0100] {logging_mixin.py:188} INFO - [2026-03-13T22:18:56.881+0100] {dag.py:3089} INFO - Sync 2 DAGs
[2026-03-13T22:18:56.887+0100] {logging_mixin.py:188} INFO - [2026-03-13T22:18:56.887+0100] {dag.py:3111} INFO - Creating ORM DAG for example_external_task_marker_child
[2026-03-13T22:18:56.887+0100] {logging_mixin.py:188} INFO - [2026-03-13T22:18:56.887+0100] {dag.py:3111} INFO - Creating ORM DAG for example_external_task_marker_parent
[2026-03-13T22:18:56.888+0100] {logging_mixin.py:188} INFO - [2026-03-13T22:18:56.888+0100] {dag.py:3947} INFO - Setting next_dagrun for example_external_task_marker_child to None, run_after=None
[2026-03-13T22:18:56.888+0100] {logging_mixin.py:188} INFO - [2026-03-13T22:18:56.888+0100] {dag.py:3947} INFO - Setting next_dagrun for example_external_task_marker_parent to None, run_after=None
[2026-03-13T22:18:56.898+0100] {processor.py:183} INFO - Processing /Users/harshasogala/financial-data-platform/venv/lib/python3.12/site-packages/airflow/example_dags/example_external_task_marker_dag.py took 0.156 seconds
[2026-03-13T22:20:44.417+0100] {processor.py:161} INFO - Started process (PID=66107) to work on /Users/harshasogala/financial-data-platform/venv/lib/python3.12/site-packages/airflow/example_dags/example_external_task_marker_dag.py
[2026-03-13T22:20:44.418+0100] {processor.py:830} INFO - Processing file /Users/harshasogala/financial-data-platform/venv/lib/python3.12/site-packages/airflow/example_dags/example_external_task_marker_dag.py for tasks to queue
[2026-03-13T22:20:44.418+0100] {logging_mixin.py:188} INFO - [2026-03-13T22:20:44.418+0100] {dagbag.py:545} INFO - Filling up the DagBag from /Users/harshasogala/financial-data-platform/venv/lib/python3.12/site-packages/airflow/example_dags/example_external_task_marker_dag.py
[2026-03-13T22:20:44.427+0100] {processor.py:840} INFO - DAG(s) 'example_external_task_marker_parent', 'example_external_task_marker_child' retrieved from /Users/harshasogala/financial-data-platform/venv/lib/python3.12/site-packages/airflow/example_dags/example_external_task_marker_dag.py
[2026-03-13T22:20:44.487+0100] {logging_mixin.py:188} INFO - [2026-03-13T22:20:44.487+0100] {dag.py:3089} INFO - Sync 2 DAGs
[2026-03-13T22:20:44.495+0100] {logging_mixin.py:188} INFO - [2026-03-13T22:20:44.494+0100] {dag.py:3947} INFO - Setting next_dagrun for example_external_task_marker_child to None, run_after=None
[2026-03-13T22:20:44.497+0100] {logging_mixin.py:188} INFO - [2026-03-13T22:20:44.497+0100] {dag.py:3947} INFO - Setting next_dagrun for example_external_task_marker_parent to None, run_after=None
[2026-03-13T22:20:44.508+0100] {processor.py:183} INFO - Processing /Users/harshasogala/financial-data-platform/venv/lib/python3.12/site-packages/airflow/example_dags/example_external_task_marker_dag.py took 0.093 seconds
[2026-03-13T22:28:39.696+0100] {processor.py:161} INFO - Started process (PID=67342) to work on /Users/harshasogala/financial-data-platform/venv/lib/python3.12/site-packages/airflow/example_dags/example_external_task_marker_dag.py
[2026-03-13T22:28:39.698+0100] {processor.py:830} INFO - Processing file /Users/harshasogala/financial-data-platform/venv/lib/python3.12/site-packages/airflow/example_dags/example_external_task_marker_dag.py for tasks to queue
[2026-03-13T22:28:39.698+0100] {logging_mixin.py:188} INFO - [2026-03-13T22:28:39.698+0100] {dagbag.py:545} INFO - Filling up the DagBag from /Users/harshasogala/financial-data-platform/venv/lib/python3.12/site-packages/airflow/example_dags/example_external_task_marker_dag.py
[2026-03-13T22:28:39.706+0100] {processor.py:840} INFO - DAG(s) 'example_external_task_marker_parent', 'example_external_task_marker_child' retrieved from /Users/harshasogala/financial-data-platform/venv/lib/python3.12/site-packages/airflow/example_dags/example_external_task_marker_dag.py
[2026-03-13T22:28:39.764+0100] {logging_mixin.py:188} INFO - [2026-03-13T22:28:39.764+0100] {dag.py:3089} INFO - Sync 2 DAGs
[2026-03-13T22:28:39.770+0100] {logging_mixin.py:188} INFO - [2026-03-13T22:28:39.770+0100] {dag.py:3947} INFO - Setting next_dagrun for example_external_task_marker_child to None, run_after=None
[2026-03-13T22:28:39.772+0100] {logging_mixin.py:188} INFO - [2026-03-13T22:28:39.771+0100] {dag.py:3947} INFO - Setting next_dagrun for example_external_task_marker_parent to None, run_after=None
[2026-03-13T22:28:39.781+0100] {processor.py:183} INFO - Processing /Users/harshasogala/financial-data-platform/venv/lib/python3.12/site-packages/airflow/example_dags/example_external_task_marker_dag.py took 0.087 seconds
[2026-03-13T22:29:45.221+0100] {processor.py:161} INFO - Started process (PID=67467) to work on /Users/harshasogala/financial-data-platform/venv/lib/python3.12/site-packages/airflow/example_dags/example_external_task_marker_dag.py
[2026-03-13T22:29:45.222+0100] {processor.py:830} INFO - Processing file /Users/harshasogala/financial-data-platform/venv/lib/python3.12/site-packages/airflow/example_dags/example_external_task_marker_dag.py for tasks to queue
[2026-03-13T22:29:45.223+0100] {logging_mixin.py:188} INFO - [2026-03-13T22:29:45.223+0100] {dagbag.py:545} INFO - Filling up the DagBag from /Users/harshasogala/financial-data-platform/venv/lib/python3.12/site-packages/airflow/example_dags/example_external_task_marker_dag.py
[2026-03-13T22:29:45.231+0100] {processor.py:840} INFO - DAG(s) 'example_external_task_marker_child', 'example_external_task_marker_parent' retrieved from /Users/harshasogala/financial-data-platform/venv/lib/python3.12/site-packages/airflow/example_dags/example_external_task_marker_dag.py
[2026-03-13T22:29:45.290+0100] {logging_mixin.py:188} INFO - [2026-03-13T22:29:45.289+0100] {dag.py:3089} INFO - Sync 2 DAGs
[2026-03-13T22:29:45.295+0100] {logging_mixin.py:188} INFO - [2026-03-13T22:29:45.295+0100] {dag.py:3947} INFO - Setting next_dagrun for example_external_task_marker_child to None, run_after=None
[2026-03-13T22:29:45.297+0100] {logging_mixin.py:188} INFO - [2026-03-13T22:29:45.297+0100] {dag.py:3947} INFO - Setting next_dagrun for example_external_task_marker_parent to None, run_after=None
[2026-03-13T22:29:45.307+0100] {processor.py:183} INFO - Processing /Users/harshasogala/financial-data-platform/venv/lib/python3.12/site-packages/airflow/example_dags/example_external_task_marker_dag.py took 0.088 seconds
[2026-03-13T22:30:52.693+0100] {processor.py:161} INFO - Started process (PID=67535) to work on /Users/harshasogala/financial-data-platform/venv/lib/python3.12/site-packages/airflow/example_dags/example_external_task_marker_dag.py
[2026-03-13T22:30:52.694+0100] {processor.py:830} INFO - Processing file /Users/harshasogala/financial-data-platform/venv/lib/python3.12/site-packages/airflow/example_dags/example_external_task_marker_dag.py for tasks to queue
[2026-03-13T22:30:52.694+0100] {logging_mixin.py:188} INFO - [2026-03-13T22:30:52.694+0100] {dagbag.py:545} INFO - Filling up the DagBag from /Users/harshasogala/financial-data-platform/venv/lib/python3.12/site-packages/airflow/example_dags/example_external_task_marker_dag.py
[2026-03-13T22:30:52.702+0100] {processor.py:840} INFO - DAG(s) 'example_external_task_marker_child', 'example_external_task_marker_parent' retrieved from /Users/harshasogala/financial-data-platform/venv/lib/python3.12/site-packages/airflow/example_dags/example_external_task_marker_dag.py
[2026-03-13T22:30:52.763+0100] {logging_mixin.py:188} INFO - [2026-03-13T22:30:52.762+0100] {dag.py:3089} INFO - Sync 2 DAGs
[2026-03-13T22:30:52.769+0100] {logging_mixin.py:188} INFO - [2026-03-13T22:30:52.769+0100] {dag.py:3947} INFO - Setting next_dagrun for example_external_task_marker_child to None, run_after=None
[2026-03-13T22:30:52.771+0100] {logging_mixin.py:188} INFO - [2026-03-13T22:30:52.771+0100] {dag.py:3947} INFO - Setting next_dagrun for example_external_task_marker_parent to None, run_after=None
[2026-03-13T22:30:52.781+0100] {processor.py:183} INFO - Processing /Users/harshasogala/financial-data-platform/venv/lib/python3.12/site-packages/airflow/example_dags/example_external_task_marker_dag.py took 0.090 seconds
[2026-03-13T22:32:14.985+0100] {processor.py:161} INFO - Started process (PID=68429) to work on /Users/harshasogala/financial-data-platform/venv/lib/python3.12/site-packages/airflow/example_dags/example_external_task_marker_dag.py
[2026-03-13T22:32:14.987+0100] {processor.py:830} INFO - Processing file /Users/harshasogala/financial-data-platform/venv/lib/python3.12/site-packages/airflow/example_dags/example_external_task_marker_dag.py for tasks to queue
[2026-03-13T22:32:14.987+0100] {logging_mixin.py:188} INFO - [2026-03-13T22:32:14.987+0100] {dagbag.py:545} INFO - Filling up the DagBag from /Users/harshasogala/financial-data-platform/venv/lib/python3.12/site-packages/airflow/example_dags/example_external_task_marker_dag.py
[2026-03-13T22:32:14.999+0100] {processor.py:840} INFO - DAG(s) 'example_external_task_marker_child', 'example_external_task_marker_parent' retrieved from /Users/harshasogala/financial-data-platform/venv/lib/python3.12/site-packages/airflow/example_dags/example_external_task_marker_dag.py
[2026-03-13T22:32:15.103+0100] {logging_mixin.py:188} INFO - [2026-03-13T22:32:15.103+0100] {dag.py:3089} INFO - Sync 2 DAGs
[2026-03-13T22:32:15.111+0100] {logging_mixin.py:188} INFO - [2026-03-13T22:32:15.111+0100] {dag.py:3947} INFO - Setting next_dagrun for example_external_task_marker_child to None, run_after=None
[2026-03-13T22:32:15.115+0100] {logging_mixin.py:188} INFO - [2026-03-13T22:32:15.114+0100] {dag.py:3947} INFO - Setting next_dagrun for example_external_task_marker_parent to None, run_after=None
[2026-03-13T22:32:15.132+0100] {processor.py:183} INFO - Processing /Users/harshasogala/financial-data-platform/venv/lib/python3.12/site-packages/airflow/example_dags/example_external_task_marker_dag.py took 0.148 seconds
[2026-03-13T22:33:38.606+0100] {processor.py:161} INFO - Started process (PID=69150) to work on /Users/harshasogala/financial-data-platform/venv/lib/python3.12/site-packages/airflow/example_dags/example_external_task_marker_dag.py
[2026-03-13T22:33:38.607+0100] {processor.py:830} INFO - Processing file /Users/harshasogala/financial-data-platform/venv/lib/python3.12/site-packages/airflow/example_dags/example_external_task_marker_dag.py for tasks to queue
[2026-03-13T22:33:38.607+0100] {logging_mixin.py:188} INFO - [2026-03-13T22:33:38.607+0100] {dagbag.py:545} INFO - Filling up the DagBag from /Users/harshasogala/financial-data-platform/venv/lib/python3.12/site-packages/airflow/example_dags/example_external_task_marker_dag.py
[2026-03-13T22:33:38.616+0100] {processor.py:840} INFO - DAG(s) 'example_external_task_marker_child', 'example_external_task_marker_parent' retrieved from /Users/harshasogala/financial-data-platform/venv/lib/python3.12/site-packages/airflow/example_dags/example_external_task_marker_dag.py
[2026-03-13T22:33:38.687+0100] {logging_mixin.py:188} INFO - [2026-03-13T22:33:38.686+0100] {dag.py:3089} INFO - Sync 2 DAGs
[2026-03-13T22:33:38.693+0100] {logging_mixin.py:188} INFO - [2026-03-13T22:33:38.692+0100] {dag.py:3947} INFO - Setting next_dagrun for example_external_task_marker_child to None, run_after=None
[2026-03-13T22:33:38.695+0100] {logging_mixin.py:188} INFO - [2026-03-13T22:33:38.694+0100] {dag.py:3947} INFO - Setting next_dagrun for example_external_task_marker_parent to None, run_after=None
[2026-03-13T22:33:38.707+0100] {processor.py:183} INFO - Processing /Users/harshasogala/financial-data-platform/venv/lib/python3.12/site-packages/airflow/example_dags/example_external_task_marker_dag.py took 0.103 seconds
[2026-03-13T22:34:56.922+0100] {processor.py:161} INFO - Started process (PID=69213) to work on /Users/harshasogala/financial-data-platform/venv/lib/python3.12/site-packages/airflow/example_dags/example_external_task_marker_dag.py
[2026-03-13T22:34:56.924+0100] {processor.py:830} INFO - Processing file /Users/harshasogala/financial-data-platform/venv/lib/python3.12/site-packages/airflow/example_dags/example_external_task_marker_dag.py for tasks to queue
[2026-03-13T22:34:56.924+0100] {logging_mixin.py:188} INFO - [2026-03-13T22:34:56.924+0100] {dagbag.py:545} INFO - Filling up the DagBag from /Users/harshasogala/financial-data-platform/venv/lib/python3.12/site-packages/airflow/example_dags/example_external_task_marker_dag.py
[2026-03-13T22:34:56.932+0100] {processor.py:840} INFO - DAG(s) 'example_external_task_marker_parent', 'example_external_task_marker_child' retrieved from /Users/harshasogala/financial-data-platform/venv/lib/python3.12/site-packages/airflow/example_dags/example_external_task_marker_dag.py
[2026-03-13T22:34:56.991+0100] {logging_mixin.py:188} INFO - [2026-03-13T22:34:56.991+0100] {dag.py:3089} INFO - Sync 2 DAGs
[2026-03-13T22:34:56.996+0100] {logging_mixin.py:188} INFO - [2026-03-13T22:34:56.996+0100] {dag.py:3947} INFO - Setting next_dagrun for example_external_task_marker_child to None, run_after=None
[2026-03-13T22:34:56.998+0100] {logging_mixin.py:188} INFO - [2026-03-13T22:34:56.998+0100] {dag.py:3947} INFO - Setting next_dagrun for example_external_task_marker_parent to None, run_after=None
[2026-03-13T22:34:57.008+0100] {processor.py:183} INFO - Processing /Users/harshasogala/financial-data-platform/venv/lib/python3.12/site-packages/airflow/example_dags/example_external_task_marker_dag.py took 0.087 seconds
[2026-03-13T22:36:12.502+0100] {processor.py:161} INFO - Started process (PID=69292) to work on /Users/harshasogala/financial-data-platform/venv/lib/python3.12/site-packages/airflow/example_dags/example_external_task_marker_dag.py
[2026-03-13T22:36:12.503+0100] {processor.py:830} INFO - Processing file /Users/harshasogala/financial-data-platform/venv/lib/python3.12/site-packages/airflow/example_dags/example_external_task_marker_dag.py for tasks to queue
[2026-03-13T22:36:12.503+0100] {logging_mixin.py:188} INFO - [2026-03-13T22:36:12.503+0100] {dagbag.py:545} INFO - Filling up the DagBag from /Users/harshasogala/financial-data-platform/venv/lib/python3.12/site-packages/airflow/example_dags/example_external_task_marker_dag.py
[2026-03-13T22:36:12.513+0100] {processor.py:840} INFO - DAG(s) 'example_external_task_marker_parent', 'example_external_task_marker_child' retrieved from /Users/harshasogala/financial-data-platform/venv/lib/python3.12/site-packages/airflow/example_dags/example_external_task_marker_dag.py
[2026-03-13T22:36:12.573+0100] {logging_mixin.py:188} INFO - [2026-03-13T22:36:12.573+0100] {dag.py:3089} INFO - Sync 2 DAGs
[2026-03-13T22:36:12.579+0100] {logging_mixin.py:188} INFO - [2026-03-13T22:36:12.579+0100] {dag.py:3947} INFO - Setting next_dagrun for example_external_task_marker_child to None, run_after=None
[2026-03-13T22:36:12.581+0100] {logging_mixin.py:188} INFO - [2026-03-13T22:36:12.581+0100] {dag.py:3947} INFO - Setting next_dagrun for example_external_task_marker_parent to None, run_after=None
[2026-03-13T22:36:12.591+0100] {processor.py:183} INFO - Processing /Users/harshasogala/financial-data-platform/venv/lib/python3.12/site-packages/airflow/example_dags/example_external_task_marker_dag.py took 0.091 seconds
[2026-03-13T22:37:26.504+0100] {processor.py:161} INFO - Started process (PID=69350) to work on /Users/harshasogala/financial-data-platform/venv/lib/python3.12/site-packages/airflow/example_dags/example_external_task_marker_dag.py
[2026-03-13T22:37:26.505+0100] {processor.py:830} INFO - Processing file /Users/harshasogala/financial-data-platform/venv/lib/python3.12/site-packages/airflow/example_dags/example_external_task_marker_dag.py for tasks to queue
[2026-03-13T22:37:26.506+0100] {logging_mixin.py:188} INFO - [2026-03-13T22:37:26.506+0100] {dagbag.py:545} INFO - Filling up the DagBag from /Users/harshasogala/financial-data-platform/venv/lib/python3.12/site-packages/airflow/example_dags/example_external_task_marker_dag.py
[2026-03-13T22:37:26.514+0100] {processor.py:840} INFO - DAG(s) 'example_external_task_marker_parent', 'example_external_task_marker_child' retrieved from /Users/harshasogala/financial-data-platform/venv/lib/python3.12/site-packages/airflow/example_dags/example_external_task_marker_dag.py
[2026-03-13T22:37:26.571+0100] {logging_mixin.py:188} INFO - [2026-03-13T22:37:26.571+0100] {dag.py:3089} INFO - Sync 2 DAGs
[2026-03-13T22:37:26.577+0100] {logging_mixin.py:188} INFO - [2026-03-13T22:37:26.577+0100] {dag.py:3947} INFO - Setting next_dagrun for example_external_task_marker_child to None, run_after=None
[2026-03-13T22:37:26.578+0100] {logging_mixin.py:188} INFO - [2026-03-13T22:37:26.578+0100] {dag.py:3947} INFO - Setting next_dagrun for example_external_task_marker_parent to None, run_after=None
[2026-03-13T22:37:26.588+0100] {processor.py:183} INFO - Processing /Users/harshasogala/financial-data-platform/venv/lib/python3.12/site-packages/airflow/example_dags/example_external_task_marker_dag.py took 0.086 seconds
[2026-03-13T22:38:40.722+0100] {processor.py:161} INFO - Started process (PID=69412) to work on /Users/harshasogala/financial-data-platform/venv/lib/python3.12/site-packages/airflow/example_dags/example_external_task_marker_dag.py
[2026-03-13T22:38:40.722+0100] {processor.py:830} INFO - Processing file /Users/harshasogala/financial-data-platform/venv/lib/python3.12/site-packages/airflow/example_dags/example_external_task_marker_dag.py for tasks to queue
[2026-03-13T22:38:40.723+0100] {logging_mixin.py:188} INFO - [2026-03-13T22:38:40.723+0100] {dagbag.py:545} INFO - Filling up the DagBag from /Users/harshasogala/financial-data-platform/venv/lib/python3.12/site-packages/airflow/example_dags/example_external_task_marker_dag.py
[2026-03-13T22:38:40.731+0100] {processor.py:840} INFO - DAG(s) 'example_external_task_marker_parent', 'example_external_task_marker_child' retrieved from /Users/harshasogala/financial-data-platform/venv/lib/python3.12/site-packages/airflow/example_dags/example_external_task_marker_dag.py
[2026-03-13T22:38:40.790+0100] {logging_mixin.py:188} INFO - [2026-03-13T22:38:40.789+0100] {dag.py:3089} INFO - Sync 2 DAGs
[2026-03-13T22:38:40.795+0100] {logging_mixin.py:188} INFO - [2026-03-13T22:38:40.795+0100] {dag.py:3947} INFO - Setting next_dagrun for example_external_task_marker_child to None, run_after=None
[2026-03-13T22:38:40.796+0100] {logging_mixin.py:188} INFO - [2026-03-13T22:38:40.796+0100] {dag.py:3947} INFO - Setting next_dagrun for example_external_task_marker_parent to None, run_after=None
[2026-03-13T22:38:40.806+0100] {processor.py:183} INFO - Processing /Users/harshasogala/financial-data-platform/venv/lib/python3.12/site-packages/airflow/example_dags/example_external_task_marker_dag.py took 0.086 seconds
[2026-03-13T22:39:54.663+0100] {processor.py:161} INFO - Started process (PID=69636) to work on /Users/harshasogala/financial-data-platform/venv/lib/python3.12/site-packages/airflow/example_dags/example_external_task_marker_dag.py
[2026-03-13T22:39:54.664+0100] {processor.py:830} INFO - Processing file /Users/harshasogala/financial-data-platform/venv/lib/python3.12/site-packages/airflow/example_dags/example_external_task_marker_dag.py for tasks to queue
[2026-03-13T22:39:54.665+0100] {logging_mixin.py:188} INFO - [2026-03-13T22:39:54.664+0100] {dagbag.py:545} INFO - Filling up the DagBag from /Users/harshasogala/financial-data-platform/venv/lib/python3.12/site-packages/airflow/example_dags/example_external_task_marker_dag.py
[2026-03-13T22:39:54.673+0100] {processor.py:840} INFO - DAG(s) 'example_external_task_marker_parent', 'example_external_task_marker_child' retrieved from /Users/harshasogala/financial-data-platform/venv/lib/python3.12/site-packages/airflow/example_dags/example_external_task_marker_dag.py
[2026-03-13T22:39:54.731+0100] {logging_mixin.py:188} INFO - [2026-03-13T22:39:54.731+0100] {dag.py:3089} INFO - Sync 2 DAGs
[2026-03-13T22:39:54.736+0100] {logging_mixin.py:188} INFO - [2026-03-13T22:39:54.736+0100] {dag.py:3947} INFO - Setting next_dagrun for example_external_task_marker_child to None, run_after=None
[2026-03-13T22:39:54.738+0100] {logging_mixin.py:188} INFO - [2026-03-13T22:39:54.738+0100] {dag.py:3947} INFO - Setting next_dagrun for example_external_task_marker_parent to None, run_after=None
[2026-03-13T22:39:54.748+0100] {processor.py:183} INFO - Processing /Users/harshasogala/financial-data-platform/venv/lib/python3.12/site-packages/airflow/example_dags/example_external_task_marker_dag.py took 0.087 seconds
[2026-03-13T22:41:18.444+0100] {processor.py:161} INFO - Started process (PID=69698) to work on /Users/harshasogala/financial-data-platform/venv/lib/python3.12/site-packages/airflow/example_dags/example_external_task_marker_dag.py
[2026-03-13T22:41:18.445+0100] {processor.py:830} INFO - Processing file /Users/harshasogala/financial-data-platform/venv/lib/python3.12/site-packages/airflow/example_dags/example_external_task_marker_dag.py for tasks to queue
[2026-03-13T22:41:18.445+0100] {logging_mixin.py:188} INFO - [2026-03-13T22:41:18.445+0100] {dagbag.py:545} INFO - Filling up the DagBag from /Users/harshasogala/financial-data-platform/venv/lib/python3.12/site-packages/airflow/example_dags/example_external_task_marker_dag.py
[2026-03-13T22:41:18.456+0100] {processor.py:840} INFO - DAG(s) 'example_external_task_marker_child', 'example_external_task_marker_parent' retrieved from /Users/harshasogala/financial-data-platform/venv/lib/python3.12/site-packages/airflow/example_dags/example_external_task_marker_dag.py
[2026-03-13T22:41:18.617+0100] {logging_mixin.py:188} INFO - [2026-03-13T22:41:18.616+0100] {dag.py:3089} INFO - Sync 2 DAGs
[2026-03-13T22:41:18.622+0100] {logging_mixin.py:188} INFO - [2026-03-13T22:41:18.622+0100] {dag.py:3947} INFO - Setting next_dagrun for example_external_task_marker_child to None, run_after=None
[2026-03-13T22:41:18.624+0100] {logging_mixin.py:188} INFO - [2026-03-13T22:41:18.624+0100] {dag.py:3947} INFO - Setting next_dagrun for example_external_task_marker_parent to None, run_after=None
[2026-03-13T22:41:18.635+0100] {processor.py:183} INFO - Processing /Users/harshasogala/financial-data-platform/venv/lib/python3.12/site-packages/airflow/example_dags/example_external_task_marker_dag.py took 0.194 seconds
[2026-03-13T22:42:36.189+0100] {processor.py:161} INFO - Started process (PID=69758) to work on /Users/harshasogala/financial-data-platform/venv/lib/python3.12/site-packages/airflow/example_dags/example_external_task_marker_dag.py
[2026-03-13T22:42:36.189+0100] {processor.py:830} INFO - Processing file /Users/harshasogala/financial-data-platform/venv/lib/python3.12/site-packages/airflow/example_dags/example_external_task_marker_dag.py for tasks to queue
[2026-03-13T22:42:36.190+0100] {logging_mixin.py:188} INFO - [2026-03-13T22:42:36.190+0100] {dagbag.py:545} INFO - Filling up the DagBag from /Users/harshasogala/financial-data-platform/venv/lib/python3.12/site-packages/airflow/example_dags/example_external_task_marker_dag.py
[2026-03-13T22:42:36.199+0100] {processor.py:840} INFO - DAG(s) 'example_external_task_marker_child', 'example_external_task_marker_parent' retrieved from /Users/harshasogala/financial-data-platform/venv/lib/python3.12/site-packages/airflow/example_dags/example_external_task_marker_dag.py
[2026-03-13T22:42:36.258+0100] {logging_mixin.py:188} INFO - [2026-03-13T22:42:36.258+0100] {dag.py:3089} INFO - Sync 2 DAGs
[2026-03-13T22:42:36.264+0100] {logging_mixin.py:188} INFO - [2026-03-13T22:42:36.263+0100] {dag.py:3947} INFO - Setting next_dagrun for example_external_task_marker_child to None, run_after=None
[2026-03-13T22:42:36.265+0100] {logging_mixin.py:188} INFO - [2026-03-13T22:42:36.265+0100] {dag.py:3947} INFO - Setting next_dagrun for example_external_task_marker_parent to None, run_after=None
[2026-03-13T22:42:36.275+0100] {processor.py:183} INFO - Processing /Users/harshasogala/financial-data-platform/venv/lib/python3.12/site-packages/airflow/example_dags/example_external_task_marker_dag.py took 0.088 seconds
[2026-03-13T22:43:55.998+0100] {processor.py:161} INFO - Started process (PID=69835) to work on /Users/harshasogala/financial-data-platform/venv/lib/python3.12/site-packages/airflow/example_dags/example_external_task_marker_dag.py
[2026-03-13T22:43:55.999+0100] {processor.py:830} INFO - Processing file /Users/harshasogala/financial-data-platform/venv/lib/python3.12/site-packages/airflow/example_dags/example_external_task_marker_dag.py for tasks to queue
[2026-03-13T22:43:55.999+0100] {logging_mixin.py:188} INFO - [2026-03-13T22:43:55.999+0100] {dagbag.py:545} INFO - Filling up the DagBag from /Users/harshasogala/financial-data-platform/venv/lib/python3.12/site-packages/airflow/example_dags/example_external_task_marker_dag.py
[2026-03-13T22:43:56.007+0100] {processor.py:840} INFO - DAG(s) 'example_external_task_marker_parent', 'example_external_task_marker_child' retrieved from /Users/harshasogala/financial-data-platform/venv/lib/python3.12/site-packages/airflow/example_dags/example_external_task_marker_dag.py
[2026-03-13T22:43:56.066+0100] {logging_mixin.py:188} INFO - [2026-03-13T22:43:56.066+0100] {dag.py:3089} INFO - Sync 2 DAGs
[2026-03-13T22:43:56.071+0100] {logging_mixin.py:188} INFO - [2026-03-13T22:43:56.071+0100] {dag.py:3947} INFO - Setting next_dagrun for example_external_task_marker_child to None, run_after=None
[2026-03-13T22:43:56.073+0100] {logging_mixin.py:188} INFO - [2026-03-13T22:43:56.073+0100] {dag.py:3947} INFO - Setting next_dagrun for example_external_task_marker_parent to None, run_after=None
[2026-03-13T22:43:56.083+0100] {processor.py:183} INFO - Processing /Users/harshasogala/financial-data-platform/venv/lib/python3.12/site-packages/airflow/example_dags/example_external_task_marker_dag.py took 0.086 seconds
[2026-03-13T22:45:26.631+0100] {processor.py:161} INFO - Started process (PID=70295) to work on /Users/harshasogala/financial-data-platform/venv/lib/python3.12/site-packages/airflow/example_dags/example_external_task_marker_dag.py
[2026-03-13T22:45:26.632+0100] {processor.py:830} INFO - Processing file /Users/harshasogala/financial-data-platform/venv/lib/python3.12/site-packages/airflow/example_dags/example_external_task_marker_dag.py for tasks to queue
[2026-03-13T22:45:26.632+0100] {logging_mixin.py:188} INFO - [2026-03-13T22:45:26.632+0100] {dagbag.py:545} INFO - Filling up the DagBag from /Users/harshasogala/financial-data-platform/venv/lib/python3.12/site-packages/airflow/example_dags/example_external_task_marker_dag.py
[2026-03-13T22:45:26.640+0100] {processor.py:840} INFO - DAG(s) 'example_external_task_marker_child', 'example_external_task_marker_parent' retrieved from /Users/harshasogala/financial-data-platform/venv/lib/python3.12/site-packages/airflow/example_dags/example_external_task_marker_dag.py
[2026-03-13T22:45:26.698+0100] {logging_mixin.py:188} INFO - [2026-03-13T22:45:26.698+0100] {dag.py:3089} INFO - Sync 2 DAGs
[2026-03-13T22:45:26.703+0100] {logging_mixin.py:188} INFO - [2026-03-13T22:45:26.703+0100] {dag.py:3947} INFO - Setting next_dagrun for example_external_task_marker_child to None, run_after=None
[2026-03-13T22:45:26.705+0100] {logging_mixin.py:188} INFO - [2026-03-13T22:45:26.705+0100] {dag.py:3947} INFO - Setting next_dagrun for example_external_task_marker_parent to None, run_after=None
[2026-03-13T22:45:26.715+0100] {processor.py:183} INFO - Processing /Users/harshasogala/financial-data-platform/venv/lib/python3.12/site-packages/airflow/example_dags/example_external_task_marker_dag.py took 0.085 seconds
[2026-03-13T22:46:53.215+0100] {processor.py:161} INFO - Started process (PID=70609) to work on /Users/harshasogala/financial-data-platform/venv/lib/python3.12/site-packages/airflow/example_dags/example_external_task_marker_dag.py
[2026-03-13T22:46:53.216+0100] {processor.py:830} INFO - Processing file /Users/harshasogala/financial-data-platform/venv/lib/python3.12/site-packages/airflow/example_dags/example_external_task_marker_dag.py for tasks to queue
[2026-03-13T22:46:53.216+0100] {logging_mixin.py:188} INFO - [2026-03-13T22:46:53.216+0100] {dagbag.py:545} INFO - Filling up the DagBag from /Users/harshasogala/financial-data-platform/venv/lib/python3.12/site-packages/airflow/example_dags/example_external_task_marker_dag.py
[2026-03-13T22:46:53.224+0100] {processor.py:840} INFO - DAG(s) 'example_external_task_marker_child', 'example_external_task_marker_parent' retrieved from /Users/harshasogala/financial-data-platform/venv/lib/python3.12/site-packages/airflow/example_dags/example_external_task_marker_dag.py
[2026-03-13T22:46:53.294+0100] {logging_mixin.py:188} INFO - [2026-03-13T22:46:53.293+0100] {dag.py:3089} INFO - Sync 2 DAGs
[2026-03-13T22:46:53.300+0100] {logging_mixin.py:188} INFO - [2026-03-13T22:46:53.300+0100] {dag.py:3947} INFO - Setting next_dagrun for example_external_task_marker_child to None, run_after=None
[2026-03-13T22:46:53.302+0100] {logging_mixin.py:188} INFO - [2026-03-13T22:46:53.302+0100] {dag.py:3947} INFO - Setting next_dagrun for example_external_task_marker_parent to None, run_after=None
[2026-03-13T22:46:53.313+0100] {processor.py:183} INFO - Processing /Users/harshasogala/financial-data-platform/venv/lib/python3.12/site-packages/airflow/example_dags/example_external_task_marker_dag.py took 0.100 seconds
[2026-03-13T22:48:16.351+0100] {processor.py:161} INFO - Started process (PID=71414) to work on /Users/harshasogala/financial-data-platform/venv/lib/python3.12/site-packages/airflow/example_dags/example_external_task_marker_dag.py
[2026-03-13T22:48:16.353+0100] {processor.py:830} INFO - Processing file /Users/harshasogala/financial-data-platform/venv/lib/python3.12/site-packages/airflow/example_dags/example_external_task_marker_dag.py for tasks to queue
[2026-03-13T22:48:16.353+0100] {logging_mixin.py:188} INFO - [2026-03-13T22:48:16.353+0100] {dagbag.py:545} INFO - Filling up the DagBag from /Users/harshasogala/financial-data-platform/venv/lib/python3.12/site-packages/airflow/example_dags/example_external_task_marker_dag.py
[2026-03-13T22:48:16.363+0100] {processor.py:840} INFO - DAG(s) 'example_external_task_marker_parent', 'example_external_task_marker_child' retrieved from /Users/harshasogala/financial-data-platform/venv/lib/python3.12/site-packages/airflow/example_dags/example_external_task_marker_dag.py
[2026-03-13T22:48:16.422+0100] {logging_mixin.py:188} INFO - [2026-03-13T22:48:16.422+0100] {dag.py:3089} INFO - Sync 2 DAGs
[2026-03-13T22:48:16.427+0100] {logging_mixin.py:188} INFO - [2026-03-13T22:48:16.427+0100] {dag.py:3947} INFO - Setting next_dagrun for example_external_task_marker_child to None, run_after=None
[2026-03-13T22:48:16.429+0100] {logging_mixin.py:188} INFO - [2026-03-13T22:48:16.429+0100] {dag.py:3947} INFO - Setting next_dagrun for example_external_task_marker_parent to None, run_after=None
[2026-03-13T22:48:16.439+0100] {processor.py:183} INFO - Processing /Users/harshasogala/financial-data-platform/venv/lib/python3.12/site-packages/airflow/example_dags/example_external_task_marker_dag.py took 0.090 seconds
[2026-03-13T22:49:36.337+0100] {processor.py:161} INFO - Started process (PID=71489) to work on /Users/harshasogala/financial-data-platform/venv/lib/python3.12/site-packages/airflow/example_dags/example_external_task_marker_dag.py
[2026-03-13T22:49:36.337+0100] {processor.py:830} INFO - Processing file /Users/harshasogala/financial-data-platform/venv/lib/python3.12/site-packages/airflow/example_dags/example_external_task_marker_dag.py for tasks to queue
[2026-03-13T22:49:36.338+0100] {logging_mixin.py:188} INFO - [2026-03-13T22:49:36.338+0100] {dagbag.py:545} INFO - Filling up the DagBag from /Users/harshasogala/financial-data-platform/venv/lib/python3.12/site-packages/airflow/example_dags/example_external_task_marker_dag.py
[2026-03-13T22:49:36.347+0100] {processor.py:840} INFO - DAG(s) 'example_external_task_marker_parent', 'example_external_task_marker_child' retrieved from /Users/harshasogala/financial-data-platform/venv/lib/python3.12/site-packages/airflow/example_dags/example_external_task_marker_dag.py
[2026-03-13T22:49:36.509+0100] {logging_mixin.py:188} INFO - [2026-03-13T22:49:36.508+0100] {dag.py:3089} INFO - Sync 2 DAGs
[2026-03-13T22:49:36.523+0100] {logging_mixin.py:188} INFO - [2026-03-13T22:49:36.523+0100] {dag.py:3947} INFO - Setting next_dagrun for example_external_task_marker_child to None, run_after=None
[2026-03-13T22:49:36.529+0100] {logging_mixin.py:188} INFO - [2026-03-13T22:49:36.528+0100] {dag.py:3947} INFO - Setting next_dagrun for example_external_task_marker_parent to None, run_after=None
[2026-03-13T22:49:36.541+0100] {processor.py:183} INFO - Processing /Users/harshasogala/financial-data-platform/venv/lib/python3.12/site-packages/airflow/example_dags/example_external_task_marker_dag.py took 0.206 seconds
[2026-03-13T22:51:06.689+0100] {processor.py:161} INFO - Started process (PID=72026) to work on /Users/harshasogala/financial-data-platform/venv/lib/python3.12/site-packages/airflow/example_dags/example_external_task_marker_dag.py
[2026-03-13T22:51:06.705+0100] {processor.py:830} INFO - Processing file /Users/harshasogala/financial-data-platform/venv/lib/python3.12/site-packages/airflow/example_dags/example_external_task_marker_dag.py for tasks to queue
[2026-03-13T22:51:06.706+0100] {logging_mixin.py:188} INFO - [2026-03-13T22:51:06.706+0100] {dagbag.py:545} INFO - Filling up the DagBag from /Users/harshasogala/financial-data-platform/venv/lib/python3.12/site-packages/airflow/example_dags/example_external_task_marker_dag.py
[2026-03-13T22:51:06.718+0100] {processor.py:840} INFO - DAG(s) 'example_external_task_marker_parent', 'example_external_task_marker_child' retrieved from /Users/harshasogala/financial-data-platform/venv/lib/python3.12/site-packages/airflow/example_dags/example_external_task_marker_dag.py
[2026-03-13T22:51:06.814+0100] {logging_mixin.py:188} INFO - [2026-03-13T22:51:06.814+0100] {dag.py:3089} INFO - Sync 2 DAGs
[2026-03-13T22:51:06.821+0100] {logging_mixin.py:188} INFO - [2026-03-13T22:51:06.821+0100] {dag.py:3947} INFO - Setting next_dagrun for example_external_task_marker_child to None, run_after=None
[2026-03-13T22:51:06.824+0100] {logging_mixin.py:188} INFO - [2026-03-13T22:51:06.823+0100] {dag.py:3947} INFO - Setting next_dagrun for example_external_task_marker_parent to None, run_after=None
[2026-03-13T22:51:06.837+0100] {processor.py:183} INFO - Processing /Users/harshasogala/financial-data-platform/venv/lib/python3.12/site-packages/airflow/example_dags/example_external_task_marker_dag.py took 0.153 seconds
[2026-03-13T22:52:22.660+0100] {processor.py:161} INFO - Started process (PID=72323) to work on /Users/harshasogala/financial-data-platform/venv/lib/python3.12/site-packages/airflow/example_dags/example_external_task_marker_dag.py
[2026-03-13T22:52:22.661+0100] {processor.py:830} INFO - Processing file /Users/harshasogala/financial-data-platform/venv/lib/python3.12/site-packages/airflow/example_dags/example_external_task_marker_dag.py for tasks to queue
[2026-03-13T22:52:22.662+0100] {logging_mixin.py:188} INFO - [2026-03-13T22:52:22.661+0100] {dagbag.py:545} INFO - Filling up the DagBag from /Users/harshasogala/financial-data-platform/venv/lib/python3.12/site-packages/airflow/example_dags/example_external_task_marker_dag.py
[2026-03-13T22:52:22.670+0100] {processor.py:840} INFO - DAG(s) 'example_external_task_marker_parent', 'example_external_task_marker_child' retrieved from /Users/harshasogala/financial-data-platform/venv/lib/python3.12/site-packages/airflow/example_dags/example_external_task_marker_dag.py
[2026-03-13T22:52:22.730+0100] {logging_mixin.py:188} INFO - [2026-03-13T22:52:22.730+0100] {dag.py:3089} INFO - Sync 2 DAGs
[2026-03-13T22:52:22.735+0100] {logging_mixin.py:188} INFO - [2026-03-13T22:52:22.735+0100] {dag.py:3947} INFO - Setting next_dagrun for example_external_task_marker_child to None, run_after=None
[2026-03-13T22:52:22.737+0100] {logging_mixin.py:188} INFO - [2026-03-13T22:52:22.737+0100] {dag.py:3947} INFO - Setting next_dagrun for example_external_task_marker_parent to None, run_after=None
[2026-03-13T22:52:22.747+0100] {processor.py:183} INFO - Processing /Users/harshasogala/financial-data-platform/venv/lib/python3.12/site-packages/airflow/example_dags/example_external_task_marker_dag.py took 0.088 seconds
[2026-03-13T22:53:39.114+0100] {processor.py:161} INFO - Started process (PID=72422) to work on /Users/harshasogala/financial-data-platform/venv/lib/python3.12/site-packages/airflow/example_dags/example_external_task_marker_dag.py
[2026-03-13T22:53:39.115+0100] {processor.py:830} INFO - Processing file /Users/harshasogala/financial-data-platform/venv/lib/python3.12/site-packages/airflow/example_dags/example_external_task_marker_dag.py for tasks to queue
[2026-03-13T22:53:39.115+0100] {logging_mixin.py:188} INFO - [2026-03-13T22:53:39.115+0100] {dagbag.py:545} INFO - Filling up the DagBag from /Users/harshasogala/financial-data-platform/venv/lib/python3.12/site-packages/airflow/example_dags/example_external_task_marker_dag.py
[2026-03-13T22:53:39.123+0100] {processor.py:840} INFO - DAG(s) 'example_external_task_marker_parent', 'example_external_task_marker_child' retrieved from /Users/harshasogala/financial-data-platform/venv/lib/python3.12/site-packages/airflow/example_dags/example_external_task_marker_dag.py
[2026-03-13T22:53:39.181+0100] {logging_mixin.py:188} INFO - [2026-03-13T22:53:39.181+0100] {dag.py:3089} INFO - Sync 2 DAGs
[2026-03-13T22:53:39.186+0100] {logging_mixin.py:188} INFO - [2026-03-13T22:53:39.186+0100] {dag.py:3947} INFO - Setting next_dagrun for example_external_task_marker_child to None, run_after=None
[2026-03-13T22:53:39.188+0100] {logging_mixin.py:188} INFO - [2026-03-13T22:53:39.188+0100] {dag.py:3947} INFO - Setting next_dagrun for example_external_task_marker_parent to None, run_after=None
[2026-03-13T22:53:39.198+0100] {processor.py:183} INFO - Processing /Users/harshasogala/financial-data-platform/venv/lib/python3.12/site-packages/airflow/example_dags/example_external_task_marker_dag.py took 0.086 seconds
[2026-03-13T22:55:08.732+0100] {processor.py:161} INFO - Started process (PID=72526) to work on /Users/harshasogala/financial-data-platform/venv/lib/python3.12/site-packages/airflow/example_dags/example_external_task_marker_dag.py
[2026-03-13T22:55:08.733+0100] {processor.py:830} INFO - Processing file /Users/harshasogala/financial-data-platform/venv/lib/python3.12/site-packages/airflow/example_dags/example_external_task_marker_dag.py for tasks to queue
[2026-03-13T22:55:08.733+0100] {logging_mixin.py:188} INFO - [2026-03-13T22:55:08.733+0100] {dagbag.py:545} INFO - Filling up the DagBag from /Users/harshasogala/financial-data-platform/venv/lib/python3.12/site-packages/airflow/example_dags/example_external_task_marker_dag.py
[2026-03-13T22:55:08.741+0100] {processor.py:840} INFO - DAG(s) 'example_external_task_marker_child', 'example_external_task_marker_parent' retrieved from /Users/harshasogala/financial-data-platform/venv/lib/python3.12/site-packages/airflow/example_dags/example_external_task_marker_dag.py
[2026-03-13T22:55:08.799+0100] {logging_mixin.py:188} INFO - [2026-03-13T22:55:08.799+0100] {dag.py:3089} INFO - Sync 2 DAGs
[2026-03-13T22:55:08.804+0100] {logging_mixin.py:188} INFO - [2026-03-13T22:55:08.804+0100] {dag.py:3947} INFO - Setting next_dagrun for example_external_task_marker_child to None, run_after=None
[2026-03-13T22:55:08.806+0100] {logging_mixin.py:188} INFO - [2026-03-13T22:55:08.806+0100] {dag.py:3947} INFO - Setting next_dagrun for example_external_task_marker_parent to None, run_after=None
[2026-03-13T22:55:08.815+0100] {processor.py:183} INFO - Processing /Users/harshasogala/financial-data-platform/venv/lib/python3.12/site-packages/airflow/example_dags/example_external_task_marker_dag.py took 0.085 seconds
[2026-03-13T22:56:27.619+0100] {processor.py:161} INFO - Started process (PID=72620) to work on /Users/harshasogala/financial-data-platform/venv/lib/python3.12/site-packages/airflow/example_dags/example_external_task_marker_dag.py
[2026-03-13T22:56:27.620+0100] {processor.py:830} INFO - Processing file /Users/harshasogala/financial-data-platform/venv/lib/python3.12/site-packages/airflow/example_dags/example_external_task_marker_dag.py for tasks to queue
[2026-03-13T22:56:27.620+0100] {logging_mixin.py:188} INFO - [2026-03-13T22:56:27.620+0100] {dagbag.py:545} INFO - Filling up the DagBag from /Users/harshasogala/financial-data-platform/venv/lib/python3.12/site-packages/airflow/example_dags/example_external_task_marker_dag.py
[2026-03-13T22:56:27.629+0100] {processor.py:840} INFO - DAG(s) 'example_external_task_marker_child', 'example_external_task_marker_parent' retrieved from /Users/harshasogala/financial-data-platform/venv/lib/python3.12/site-packages/airflow/example_dags/example_external_task_marker_dag.py
[2026-03-13T22:56:27.686+0100] {logging_mixin.py:188} INFO - [2026-03-13T22:56:27.686+0100] {dag.py:3089} INFO - Sync 2 DAGs
[2026-03-13T22:56:27.691+0100] {logging_mixin.py:188} INFO - [2026-03-13T22:56:27.691+0100] {dag.py:3947} INFO - Setting next_dagrun for example_external_task_marker_child to None, run_after=None
[2026-03-13T22:56:27.693+0100] {logging_mixin.py:188} INFO - [2026-03-13T22:56:27.693+0100] {dag.py:3947} INFO - Setting next_dagrun for example_external_task_marker_parent to None, run_after=None
[2026-03-13T22:56:27.702+0100] {processor.py:183} INFO - Processing /Users/harshasogala/financial-data-platform/venv/lib/python3.12/site-packages/airflow/example_dags/example_external_task_marker_dag.py took 0.085 seconds
[2026-03-13T22:57:46.309+0100] {processor.py:161} INFO - Started process (PID=72680) to work on /Users/harshasogala/financial-data-platform/venv/lib/python3.12/site-packages/airflow/example_dags/example_external_task_marker_dag.py
[2026-03-13T22:57:46.311+0100] {processor.py:830} INFO - Processing file /Users/harshasogala/financial-data-platform/venv/lib/python3.12/site-packages/airflow/example_dags/example_external_task_marker_dag.py for tasks to queue
[2026-03-13T22:57:46.311+0100] {logging_mixin.py:188} INFO - [2026-03-13T22:57:46.311+0100] {dagbag.py:545} INFO - Filling up the DagBag from /Users/harshasogala/financial-data-platform/venv/lib/python3.12/site-packages/airflow/example_dags/example_external_task_marker_dag.py
[2026-03-13T22:57:46.319+0100] {processor.py:840} INFO - DAG(s) 'example_external_task_marker_child', 'example_external_task_marker_parent' retrieved from /Users/harshasogala/financial-data-platform/venv/lib/python3.12/site-packages/airflow/example_dags/example_external_task_marker_dag.py
[2026-03-13T22:57:46.379+0100] {logging_mixin.py:188} INFO - [2026-03-13T22:57:46.378+0100] {dag.py:3089} INFO - Sync 2 DAGs
[2026-03-13T22:57:46.384+0100] {logging_mixin.py:188} INFO - [2026-03-13T22:57:46.384+0100] {dag.py:3947} INFO - Setting next_dagrun for example_external_task_marker_child to None, run_after=None
[2026-03-13T22:57:46.386+0100] {logging_mixin.py:188} INFO - [2026-03-13T22:57:46.386+0100] {dag.py:3947} INFO - Setting next_dagrun for example_external_task_marker_parent to None, run_after=None
[2026-03-13T22:57:46.399+0100] {processor.py:183} INFO - Processing /Users/harshasogala/financial-data-platform/venv/lib/python3.12/site-packages/airflow/example_dags/example_external_task_marker_dag.py took 0.091 seconds
[2026-03-13T22:59:10.257+0100] {processor.py:161} INFO - Started process (PID=72756) to work on /Users/harshasogala/financial-data-platform/venv/lib/python3.12/site-packages/airflow/example_dags/example_external_task_marker_dag.py
[2026-03-13T22:59:10.257+0100] {processor.py:830} INFO - Processing file /Users/harshasogala/financial-data-platform/venv/lib/python3.12/site-packages/airflow/example_dags/example_external_task_marker_dag.py for tasks to queue
[2026-03-13T22:59:10.258+0100] {logging_mixin.py:188} INFO - [2026-03-13T22:59:10.258+0100] {dagbag.py:545} INFO - Filling up the DagBag from /Users/harshasogala/financial-data-platform/venv/lib/python3.12/site-packages/airflow/example_dags/example_external_task_marker_dag.py
[2026-03-13T22:59:10.267+0100] {processor.py:840} INFO - DAG(s) 'example_external_task_marker_child', 'example_external_task_marker_parent' retrieved from /Users/harshasogala/financial-data-platform/venv/lib/python3.12/site-packages/airflow/example_dags/example_external_task_marker_dag.py
[2026-03-13T22:59:10.327+0100] {logging_mixin.py:188} INFO - [2026-03-13T22:59:10.327+0100] {dag.py:3089} INFO - Sync 2 DAGs
[2026-03-13T22:59:10.332+0100] {logging_mixin.py:188} INFO - [2026-03-13T22:59:10.332+0100] {dag.py:3947} INFO - Setting next_dagrun for example_external_task_marker_child to None, run_after=None
[2026-03-13T22:59:10.334+0100] {logging_mixin.py:188} INFO - [2026-03-13T22:59:10.334+0100] {dag.py:3947} INFO - Setting next_dagrun for example_external_task_marker_parent to None, run_after=None
[2026-03-13T22:59:10.344+0100] {processor.py:183} INFO - Processing /Users/harshasogala/financial-data-platform/venv/lib/python3.12/site-packages/airflow/example_dags/example_external_task_marker_dag.py took 0.090 seconds
[2026-03-13T23:00:27.387+0100] {processor.py:161} INFO - Started process (PID=72827) to work on /Users/harshasogala/financial-data-platform/venv/lib/python3.12/site-packages/airflow/example_dags/example_external_task_marker_dag.py
[2026-03-13T23:00:27.388+0100] {processor.py:830} INFO - Processing file /Users/harshasogala/financial-data-platform/venv/lib/python3.12/site-packages/airflow/example_dags/example_external_task_marker_dag.py for tasks to queue
[2026-03-13T23:00:27.388+0100] {logging_mixin.py:188} INFO - [2026-03-13T23:00:27.388+0100] {dagbag.py:545} INFO - Filling up the DagBag from /Users/harshasogala/financial-data-platform/venv/lib/python3.12/site-packages/airflow/example_dags/example_external_task_marker_dag.py
[2026-03-13T23:00:27.396+0100] {processor.py:840} INFO - DAG(s) 'example_external_task_marker_child', 'example_external_task_marker_parent' retrieved from /Users/harshasogala/financial-data-platform/venv/lib/python3.12/site-packages/airflow/example_dags/example_external_task_marker_dag.py
[2026-03-13T23:00:27.454+0100] {logging_mixin.py:188} INFO - [2026-03-13T23:00:27.454+0100] {dag.py:3089} INFO - Sync 2 DAGs
[2026-03-13T23:00:27.459+0100] {logging_mixin.py:188} INFO - [2026-03-13T23:00:27.459+0100] {dag.py:3947} INFO - Setting next_dagrun for example_external_task_marker_child to None, run_after=None
[2026-03-13T23:00:27.461+0100] {logging_mixin.py:188} INFO - [2026-03-13T23:00:27.461+0100] {dag.py:3947} INFO - Setting next_dagrun for example_external_task_marker_parent to None, run_after=None
[2026-03-13T23:00:27.470+0100] {processor.py:183} INFO - Processing /Users/harshasogala/financial-data-platform/venv/lib/python3.12/site-packages/airflow/example_dags/example_external_task_marker_dag.py took 0.085 seconds
[2026-03-13T23:01:48.259+0100] {processor.py:161} INFO - Started process (PID=72888) to work on /Users/harshasogala/financial-data-platform/venv/lib/python3.12/site-packages/airflow/example_dags/example_external_task_marker_dag.py
[2026-03-13T23:01:48.260+0100] {processor.py:830} INFO - Processing file /Users/harshasogala/financial-data-platform/venv/lib/python3.12/site-packages/airflow/example_dags/example_external_task_marker_dag.py for tasks to queue
[2026-03-13T23:01:48.261+0100] {logging_mixin.py:188} INFO - [2026-03-13T23:01:48.260+0100] {dagbag.py:545} INFO - Filling up the DagBag from /Users/harshasogala/financial-data-platform/venv/lib/python3.12/site-packages/airflow/example_dags/example_external_task_marker_dag.py
[2026-03-13T23:01:48.270+0100] {processor.py:840} INFO - DAG(s) 'example_external_task_marker_parent', 'example_external_task_marker_child' retrieved from /Users/harshasogala/financial-data-platform/venv/lib/python3.12/site-packages/airflow/example_dags/example_external_task_marker_dag.py
[2026-03-13T23:01:48.334+0100] {logging_mixin.py:188} INFO - [2026-03-13T23:01:48.334+0100] {dag.py:3089} INFO - Sync 2 DAGs
[2026-03-13T23:01:48.339+0100] {logging_mixin.py:188} INFO - [2026-03-13T23:01:48.339+0100] {dag.py:3947} INFO - Setting next_dagrun for example_external_task_marker_child to None, run_after=None
[2026-03-13T23:01:48.341+0100] {logging_mixin.py:188} INFO - [2026-03-13T23:01:48.341+0100] {dag.py:3947} INFO - Setting next_dagrun for example_external_task_marker_parent to None, run_after=None
[2026-03-13T23:01:48.351+0100] {processor.py:183} INFO - Processing /Users/harshasogala/financial-data-platform/venv/lib/python3.12/site-packages/airflow/example_dags/example_external_task_marker_dag.py took 0.094 seconds
[2026-03-13T23:03:05.288+0100] {processor.py:161} INFO - Started process (PID=72946) to work on /Users/harshasogala/financial-data-platform/venv/lib/python3.12/site-packages/airflow/example_dags/example_external_task_marker_dag.py
[2026-03-13T23:03:05.289+0100] {processor.py:830} INFO - Processing file /Users/harshasogala/financial-data-platform/venv/lib/python3.12/site-packages/airflow/example_dags/example_external_task_marker_dag.py for tasks to queue
[2026-03-13T23:03:05.289+0100] {logging_mixin.py:188} INFO - [2026-03-13T23:03:05.289+0100] {dagbag.py:545} INFO - Filling up the DagBag from /Users/harshasogala/financial-data-platform/venv/lib/python3.12/site-packages/airflow/example_dags/example_external_task_marker_dag.py
[2026-03-13T23:03:05.300+0100] {processor.py:840} INFO - DAG(s) 'example_external_task_marker_child', 'example_external_task_marker_parent' retrieved from /Users/harshasogala/financial-data-platform/venv/lib/python3.12/site-packages/airflow/example_dags/example_external_task_marker_dag.py
[2026-03-13T23:03:05.358+0100] {logging_mixin.py:188} INFO - [2026-03-13T23:03:05.358+0100] {dag.py:3089} INFO - Sync 2 DAGs
[2026-03-13T23:03:05.364+0100] {logging_mixin.py:188} INFO - [2026-03-13T23:03:05.364+0100] {dag.py:3947} INFO - Setting next_dagrun for example_external_task_marker_child to None, run_after=None
[2026-03-13T23:03:05.365+0100] {logging_mixin.py:188} INFO - [2026-03-13T23:03:05.365+0100] {dag.py:3947} INFO - Setting next_dagrun for example_external_task_marker_parent to None, run_after=None
[2026-03-13T23:03:05.376+0100] {processor.py:183} INFO - Processing /Users/harshasogala/financial-data-platform/venv/lib/python3.12/site-packages/airflow/example_dags/example_external_task_marker_dag.py took 0.090 seconds
[2026-03-13T23:04:24.718+0100] {processor.py:161} INFO - Started process (PID=73007) to work on /Users/harshasogala/financial-data-platform/venv/lib/python3.12/site-packages/airflow/example_dags/example_external_task_marker_dag.py
[2026-03-13T23:04:24.719+0100] {processor.py:830} INFO - Processing file /Users/harshasogala/financial-data-platform/venv/lib/python3.12/site-packages/airflow/example_dags/example_external_task_marker_dag.py for tasks to queue
[2026-03-13T23:04:24.720+0100] {logging_mixin.py:188} INFO - [2026-03-13T23:04:24.719+0100] {dagbag.py:545} INFO - Filling up the DagBag from /Users/harshasogala/financial-data-platform/venv/lib/python3.12/site-packages/airflow/example_dags/example_external_task_marker_dag.py
[2026-03-13T23:04:24.734+0100] {processor.py:840} INFO - DAG(s) 'example_external_task_marker_parent', 'example_external_task_marker_child' retrieved from /Users/harshasogala/financial-data-platform/venv/lib/python3.12/site-packages/airflow/example_dags/example_external_task_marker_dag.py
[2026-03-13T23:04:24.805+0100] {logging_mixin.py:188} INFO - [2026-03-13T23:04:24.805+0100] {dag.py:3089} INFO - Sync 2 DAGs
[2026-03-13T23:04:24.811+0100] {logging_mixin.py:188} INFO - [2026-03-13T23:04:24.810+0100] {dag.py:3947} INFO - Setting next_dagrun for example_external_task_marker_child to None, run_after=None
[2026-03-13T23:04:24.812+0100] {logging_mixin.py:188} INFO - [2026-03-13T23:04:24.812+0100] {dag.py:3947} INFO - Setting next_dagrun for example_external_task_marker_parent to None, run_after=None
[2026-03-13T23:04:24.826+0100] {processor.py:183} INFO - Processing /Users/harshasogala/financial-data-platform/venv/lib/python3.12/site-packages/airflow/example_dags/example_external_task_marker_dag.py took 0.111 seconds
[2026-03-13T23:05:41.411+0100] {processor.py:161} INFO - Started process (PID=73072) to work on /Users/harshasogala/financial-data-platform/venv/lib/python3.12/site-packages/airflow/example_dags/example_external_task_marker_dag.py
[2026-03-13T23:05:41.412+0100] {processor.py:830} INFO - Processing file /Users/harshasogala/financial-data-platform/venv/lib/python3.12/site-packages/airflow/example_dags/example_external_task_marker_dag.py for tasks to queue
[2026-03-13T23:05:41.413+0100] {logging_mixin.py:188} INFO - [2026-03-13T23:05:41.413+0100] {dagbag.py:545} INFO - Filling up the DagBag from /Users/harshasogala/financial-data-platform/venv/lib/python3.12/site-packages/airflow/example_dags/example_external_task_marker_dag.py
[2026-03-13T23:05:41.421+0100] {processor.py:840} INFO - DAG(s) 'example_external_task_marker_parent', 'example_external_task_marker_child' retrieved from /Users/harshasogala/financial-data-platform/venv/lib/python3.12/site-packages/airflow/example_dags/example_external_task_marker_dag.py
[2026-03-13T23:05:41.479+0100] {logging_mixin.py:188} INFO - [2026-03-13T23:05:41.479+0100] {dag.py:3089} INFO - Sync 2 DAGs
[2026-03-13T23:05:41.484+0100] {logging_mixin.py:188} INFO - [2026-03-13T23:05:41.484+0100] {dag.py:3947} INFO - Setting next_dagrun for example_external_task_marker_child to None, run_after=None
[2026-03-13T23:05:41.486+0100] {logging_mixin.py:188} INFO - [2026-03-13T23:05:41.486+0100] {dag.py:3947} INFO - Setting next_dagrun for example_external_task_marker_parent to None, run_after=None
[2026-03-13T23:05:41.497+0100] {processor.py:183} INFO - Processing /Users/harshasogala/financial-data-platform/venv/lib/python3.12/site-packages/airflow/example_dags/example_external_task_marker_dag.py took 0.087 seconds
[2026-03-13T23:07:02.530+0100] {processor.py:161} INFO - Started process (PID=73139) to work on /Users/harshasogala/financial-data-platform/venv/lib/python3.12/site-packages/airflow/example_dags/example_external_task_marker_dag.py
[2026-03-13T23:07:02.531+0100] {processor.py:830} INFO - Processing file /Users/harshasogala/financial-data-platform/venv/lib/python3.12/site-packages/airflow/example_dags/example_external_task_marker_dag.py for tasks to queue
[2026-03-13T23:07:02.531+0100] {logging_mixin.py:188} INFO - [2026-03-13T23:07:02.531+0100] {dagbag.py:545} INFO - Filling up the DagBag from /Users/harshasogala/financial-data-platform/venv/lib/python3.12/site-packages/airflow/example_dags/example_external_task_marker_dag.py
[2026-03-13T23:07:02.543+0100] {processor.py:840} INFO - DAG(s) 'example_external_task_marker_parent', 'example_external_task_marker_child' retrieved from /Users/harshasogala/financial-data-platform/venv/lib/python3.12/site-packages/airflow/example_dags/example_external_task_marker_dag.py
[2026-03-13T23:07:02.618+0100] {logging_mixin.py:188} INFO - [2026-03-13T23:07:02.617+0100] {dag.py:3089} INFO - Sync 2 DAGs
[2026-03-13T23:07:02.625+0100] {logging_mixin.py:188} INFO - [2026-03-13T23:07:02.625+0100] {dag.py:3947} INFO - Setting next_dagrun for example_external_task_marker_child to None, run_after=None
[2026-03-13T23:07:02.628+0100] {logging_mixin.py:188} INFO - [2026-03-13T23:07:02.628+0100] {dag.py:3947} INFO - Setting next_dagrun for example_external_task_marker_parent to None, run_after=None
[2026-03-13T23:07:02.637+0100] {processor.py:183} INFO - Processing /Users/harshasogala/financial-data-platform/venv/lib/python3.12/site-packages/airflow/example_dags/example_external_task_marker_dag.py took 0.109 seconds
[2026-03-13T23:08:21.518+0100] {processor.py:161} INFO - Started process (PID=73202) to work on /Users/harshasogala/financial-data-platform/venv/lib/python3.12/site-packages/airflow/example_dags/example_external_task_marker_dag.py
[2026-03-13T23:08:21.519+0100] {processor.py:830} INFO - Processing file /Users/harshasogala/financial-data-platform/venv/lib/python3.12/site-packages/airflow/example_dags/example_external_task_marker_dag.py for tasks to queue
[2026-03-13T23:08:21.520+0100] {logging_mixin.py:188} INFO - [2026-03-13T23:08:21.520+0100] {dagbag.py:545} INFO - Filling up the DagBag from /Users/harshasogala/financial-data-platform/venv/lib/python3.12/site-packages/airflow/example_dags/example_external_task_marker_dag.py
[2026-03-13T23:08:21.528+0100] {processor.py:840} INFO - DAG(s) 'example_external_task_marker_child', 'example_external_task_marker_parent' retrieved from /Users/harshasogala/financial-data-platform/venv/lib/python3.12/site-packages/airflow/example_dags/example_external_task_marker_dag.py
[2026-03-13T23:08:21.585+0100] {logging_mixin.py:188} INFO - [2026-03-13T23:08:21.585+0100] {dag.py:3089} INFO - Sync 2 DAGs
[2026-03-13T23:08:21.590+0100] {logging_mixin.py:188} INFO - [2026-03-13T23:08:21.590+0100] {dag.py:3947} INFO - Setting next_dagrun for example_external_task_marker_child to None, run_after=None
[2026-03-13T23:08:21.592+0100] {logging_mixin.py:188} INFO - [2026-03-13T23:08:21.592+0100] {dag.py:3947} INFO - Setting next_dagrun for example_external_task_marker_parent to None, run_after=None
[2026-03-13T23:08:21.602+0100] {processor.py:183} INFO - Processing /Users/harshasogala/financial-data-platform/venv/lib/python3.12/site-packages/airflow/example_dags/example_external_task_marker_dag.py took 0.085 seconds
[2026-03-13T23:09:33.744+0100] {processor.py:161} INFO - Started process (PID=73259) to work on /Users/harshasogala/financial-data-platform/venv/lib/python3.12/site-packages/airflow/example_dags/example_external_task_marker_dag.py
[2026-03-13T23:09:33.744+0100] {processor.py:830} INFO - Processing file /Users/harshasogala/financial-data-platform/venv/lib/python3.12/site-packages/airflow/example_dags/example_external_task_marker_dag.py for tasks to queue
[2026-03-13T23:09:33.745+0100] {logging_mixin.py:188} INFO - [2026-03-13T23:09:33.745+0100] {dagbag.py:545} INFO - Filling up the DagBag from /Users/harshasogala/financial-data-platform/venv/lib/python3.12/site-packages/airflow/example_dags/example_external_task_marker_dag.py
[2026-03-13T23:09:33.753+0100] {processor.py:840} INFO - DAG(s) 'example_external_task_marker_parent', 'example_external_task_marker_child' retrieved from /Users/harshasogala/financial-data-platform/venv/lib/python3.12/site-packages/airflow/example_dags/example_external_task_marker_dag.py
[2026-03-13T23:09:33.812+0100] {logging_mixin.py:188} INFO - [2026-03-13T23:09:33.812+0100] {dag.py:3089} INFO - Sync 2 DAGs
[2026-03-13T23:09:33.818+0100] {logging_mixin.py:188} INFO - [2026-03-13T23:09:33.817+0100] {dag.py:3947} INFO - Setting next_dagrun for example_external_task_marker_child to None, run_after=None
[2026-03-13T23:09:33.819+0100] {logging_mixin.py:188} INFO - [2026-03-13T23:09:33.819+0100] {dag.py:3947} INFO - Setting next_dagrun for example_external_task_marker_parent to None, run_after=None
[2026-03-13T23:09:33.830+0100] {processor.py:183} INFO - Processing /Users/harshasogala/financial-data-platform/venv/lib/python3.12/site-packages/airflow/example_dags/example_external_task_marker_dag.py took 0.088 seconds
[2026-03-13T23:10:46.923+0100] {processor.py:161} INFO - Started process (PID=73316) to work on /Users/harshasogala/financial-data-platform/venv/lib/python3.12/site-packages/airflow/example_dags/example_external_task_marker_dag.py
[2026-03-13T23:10:46.924+0100] {processor.py:830} INFO - Processing file /Users/harshasogala/financial-data-platform/venv/lib/python3.12/site-packages/airflow/example_dags/example_external_task_marker_dag.py for tasks to queue
[2026-03-13T23:10:46.924+0100] {logging_mixin.py:188} INFO - [2026-03-13T23:10:46.924+0100] {dagbag.py:545} INFO - Filling up the DagBag from /Users/harshasogala/financial-data-platform/venv/lib/python3.12/site-packages/airflow/example_dags/example_external_task_marker_dag.py
[2026-03-13T23:10:46.933+0100] {processor.py:840} INFO - DAG(s) 'example_external_task_marker_child', 'example_external_task_marker_parent' retrieved from /Users/harshasogala/financial-data-platform/venv/lib/python3.12/site-packages/airflow/example_dags/example_external_task_marker_dag.py
[2026-03-13T23:10:46.992+0100] {logging_mixin.py:188} INFO - [2026-03-13T23:10:46.992+0100] {dag.py:3089} INFO - Sync 2 DAGs
[2026-03-13T23:10:46.997+0100] {logging_mixin.py:188} INFO - [2026-03-13T23:10:46.997+0100] {dag.py:3947} INFO - Setting next_dagrun for example_external_task_marker_child to None, run_after=None
[2026-03-13T23:10:46.999+0100] {logging_mixin.py:188} INFO - [2026-03-13T23:10:46.999+0100] {dag.py:3947} INFO - Setting next_dagrun for example_external_task_marker_parent to None, run_after=None
[2026-03-13T23:10:47.011+0100] {processor.py:183} INFO - Processing /Users/harshasogala/financial-data-platform/venv/lib/python3.12/site-packages/airflow/example_dags/example_external_task_marker_dag.py took 0.090 seconds
[2026-03-13T23:12:00.168+0100] {processor.py:161} INFO - Started process (PID=73386) to work on /Users/harshasogala/financial-data-platform/venv/lib/python3.12/site-packages/airflow/example_dags/example_external_task_marker_dag.py
[2026-03-13T23:12:00.168+0100] {processor.py:830} INFO - Processing file /Users/harshasogala/financial-data-platform/venv/lib/python3.12/site-packages/airflow/example_dags/example_external_task_marker_dag.py for tasks to queue
[2026-03-13T23:12:00.169+0100] {logging_mixin.py:188} INFO - [2026-03-13T23:12:00.169+0100] {dagbag.py:545} INFO - Filling up the DagBag from /Users/harshasogala/financial-data-platform/venv/lib/python3.12/site-packages/airflow/example_dags/example_external_task_marker_dag.py
[2026-03-13T23:12:00.177+0100] {processor.py:840} INFO - DAG(s) 'example_external_task_marker_parent', 'example_external_task_marker_child' retrieved from /Users/harshasogala/financial-data-platform/venv/lib/python3.12/site-packages/airflow/example_dags/example_external_task_marker_dag.py
[2026-03-13T23:12:00.236+0100] {logging_mixin.py:188} INFO - [2026-03-13T23:12:00.236+0100] {dag.py:3089} INFO - Sync 2 DAGs
[2026-03-13T23:12:00.241+0100] {logging_mixin.py:188} INFO - [2026-03-13T23:12:00.241+0100] {dag.py:3947} INFO - Setting next_dagrun for example_external_task_marker_child to None, run_after=None
[2026-03-13T23:12:00.243+0100] {logging_mixin.py:188} INFO - [2026-03-13T23:12:00.243+0100] {dag.py:3947} INFO - Setting next_dagrun for example_external_task_marker_parent to None, run_after=None
[2026-03-13T23:12:00.254+0100] {processor.py:183} INFO - Processing /Users/harshasogala/financial-data-platform/venv/lib/python3.12/site-packages/airflow/example_dags/example_external_task_marker_dag.py took 0.088 seconds
[2026-03-13T23:13:14.930+0100] {processor.py:161} INFO - Started process (PID=73443) to work on /Users/harshasogala/financial-data-platform/venv/lib/python3.12/site-packages/airflow/example_dags/example_external_task_marker_dag.py
[2026-03-13T23:13:14.931+0100] {processor.py:830} INFO - Processing file /Users/harshasogala/financial-data-platform/venv/lib/python3.12/site-packages/airflow/example_dags/example_external_task_marker_dag.py for tasks to queue
[2026-03-13T23:13:14.932+0100] {logging_mixin.py:188} INFO - [2026-03-13T23:13:14.932+0100] {dagbag.py:545} INFO - Filling up the DagBag from /Users/harshasogala/financial-data-platform/venv/lib/python3.12/site-packages/airflow/example_dags/example_external_task_marker_dag.py
[2026-03-13T23:13:14.940+0100] {processor.py:840} INFO - DAG(s) 'example_external_task_marker_parent', 'example_external_task_marker_child' retrieved from /Users/harshasogala/financial-data-platform/venv/lib/python3.12/site-packages/airflow/example_dags/example_external_task_marker_dag.py
[2026-03-13T23:13:15.001+0100] {logging_mixin.py:188} INFO - [2026-03-13T23:13:15.001+0100] {dag.py:3089} INFO - Sync 2 DAGs
[2026-03-13T23:13:15.010+0100] {logging_mixin.py:188} INFO - [2026-03-13T23:13:15.010+0100] {dag.py:3947} INFO - Setting next_dagrun for example_external_task_marker_child to None, run_after=None
[2026-03-13T23:13:15.012+0100] {logging_mixin.py:188} INFO - [2026-03-13T23:13:15.012+0100] {dag.py:3947} INFO - Setting next_dagrun for example_external_task_marker_parent to None, run_after=None
[2026-03-13T23:13:15.025+0100] {processor.py:183} INFO - Processing /Users/harshasogala/financial-data-platform/venv/lib/python3.12/site-packages/airflow/example_dags/example_external_task_marker_dag.py took 0.096 seconds
[2026-03-13T23:14:28.941+0100] {processor.py:161} INFO - Started process (PID=73505) to work on /Users/harshasogala/financial-data-platform/venv/lib/python3.12/site-packages/airflow/example_dags/example_external_task_marker_dag.py
[2026-03-13T23:14:28.942+0100] {processor.py:830} INFO - Processing file /Users/harshasogala/financial-data-platform/venv/lib/python3.12/site-packages/airflow/example_dags/example_external_task_marker_dag.py for tasks to queue
[2026-03-13T23:14:28.942+0100] {logging_mixin.py:188} INFO - [2026-03-13T23:14:28.942+0100] {dagbag.py:545} INFO - Filling up the DagBag from /Users/harshasogala/financial-data-platform/venv/lib/python3.12/site-packages/airflow/example_dags/example_external_task_marker_dag.py
[2026-03-13T23:14:28.950+0100] {processor.py:840} INFO - DAG(s) 'example_external_task_marker_parent', 'example_external_task_marker_child' retrieved from /Users/harshasogala/financial-data-platform/venv/lib/python3.12/site-packages/airflow/example_dags/example_external_task_marker_dag.py
[2026-03-13T23:14:29.010+0100] {logging_mixin.py:188} INFO - [2026-03-13T23:14:29.010+0100] {dag.py:3089} INFO - Sync 2 DAGs
[2026-03-13T23:14:29.015+0100] {logging_mixin.py:188} INFO - [2026-03-13T23:14:29.015+0100] {dag.py:3947} INFO - Setting next_dagrun for example_external_task_marker_child to None, run_after=None
[2026-03-13T23:14:29.017+0100] {logging_mixin.py:188} INFO - [2026-03-13T23:14:29.017+0100] {dag.py:3947} INFO - Setting next_dagrun for example_external_task_marker_parent to None, run_after=None
[2026-03-13T23:14:29.028+0100] {processor.py:183} INFO - Processing /Users/harshasogala/financial-data-platform/venv/lib/python3.12/site-packages/airflow/example_dags/example_external_task_marker_dag.py took 0.090 seconds
[2026-03-13T23:15:44.750+0100] {processor.py:161} INFO - Started process (PID=73565) to work on /Users/harshasogala/financial-data-platform/venv/lib/python3.12/site-packages/airflow/example_dags/example_external_task_marker_dag.py
[2026-03-13T23:15:44.751+0100] {processor.py:830} INFO - Processing file /Users/harshasogala/financial-data-platform/venv/lib/python3.12/site-packages/airflow/example_dags/example_external_task_marker_dag.py for tasks to queue
[2026-03-13T23:15:44.752+0100] {logging_mixin.py:188} INFO - [2026-03-13T23:15:44.751+0100] {dagbag.py:545} INFO - Filling up the DagBag from /Users/harshasogala/financial-data-platform/venv/lib/python3.12/site-packages/airflow/example_dags/example_external_task_marker_dag.py
[2026-03-13T23:15:44.760+0100] {processor.py:840} INFO - DAG(s) 'example_external_task_marker_parent', 'example_external_task_marker_child' retrieved from /Users/harshasogala/financial-data-platform/venv/lib/python3.12/site-packages/airflow/example_dags/example_external_task_marker_dag.py
[2026-03-13T23:15:44.819+0100] {logging_mixin.py:188} INFO - [2026-03-13T23:15:44.819+0100] {dag.py:3089} INFO - Sync 2 DAGs
[2026-03-13T23:15:44.824+0100] {logging_mixin.py:188} INFO - [2026-03-13T23:15:44.824+0100] {dag.py:3947} INFO - Setting next_dagrun for example_external_task_marker_child to None, run_after=None
[2026-03-13T23:15:44.826+0100] {logging_mixin.py:188} INFO - [2026-03-13T23:15:44.826+0100] {dag.py:3947} INFO - Setting next_dagrun for example_external_task_marker_parent to None, run_after=None
[2026-03-13T23:15:44.835+0100] {processor.py:183} INFO - Processing /Users/harshasogala/financial-data-platform/venv/lib/python3.12/site-packages/airflow/example_dags/example_external_task_marker_dag.py took 0.087 seconds
[2026-03-13T23:16:59.457+0100] {processor.py:161} INFO - Started process (PID=73631) to work on /Users/harshasogala/financial-data-platform/venv/lib/python3.12/site-packages/airflow/example_dags/example_external_task_marker_dag.py
[2026-03-13T23:16:59.458+0100] {processor.py:830} INFO - Processing file /Users/harshasogala/financial-data-platform/venv/lib/python3.12/site-packages/airflow/example_dags/example_external_task_marker_dag.py for tasks to queue
[2026-03-13T23:16:59.459+0100] {logging_mixin.py:188} INFO - [2026-03-13T23:16:59.458+0100] {dagbag.py:545} INFO - Filling up the DagBag from /Users/harshasogala/financial-data-platform/venv/lib/python3.12/site-packages/airflow/example_dags/example_external_task_marker_dag.py
[2026-03-13T23:16:59.466+0100] {processor.py:840} INFO - DAG(s) 'example_external_task_marker_parent', 'example_external_task_marker_child' retrieved from /Users/harshasogala/financial-data-platform/venv/lib/python3.12/site-packages/airflow/example_dags/example_external_task_marker_dag.py
[2026-03-13T23:16:59.524+0100] {logging_mixin.py:188} INFO - [2026-03-13T23:16:59.523+0100] {dag.py:3089} INFO - Sync 2 DAGs
[2026-03-13T23:16:59.529+0100] {logging_mixin.py:188} INFO - [2026-03-13T23:16:59.529+0100] {dag.py:3947} INFO - Setting next_dagrun for example_external_task_marker_child to None, run_after=None
[2026-03-13T23:16:59.530+0100] {logging_mixin.py:188} INFO - [2026-03-13T23:16:59.530+0100] {dag.py:3947} INFO - Setting next_dagrun for example_external_task_marker_parent to None, run_after=None
[2026-03-13T23:16:59.541+0100] {processor.py:183} INFO - Processing /Users/harshasogala/financial-data-platform/venv/lib/python3.12/site-packages/airflow/example_dags/example_external_task_marker_dag.py took 0.085 seconds
[2026-03-13T23:18:17.165+0100] {processor.py:161} INFO - Started process (PID=73695) to work on /Users/harshasogala/financial-data-platform/venv/lib/python3.12/site-packages/airflow/example_dags/example_external_task_marker_dag.py
[2026-03-13T23:18:17.167+0100] {processor.py:830} INFO - Processing file /Users/harshasogala/financial-data-platform/venv/lib/python3.12/site-packages/airflow/example_dags/example_external_task_marker_dag.py for tasks to queue
[2026-03-13T23:18:17.167+0100] {logging_mixin.py:188} INFO - [2026-03-13T23:18:17.167+0100] {dagbag.py:545} INFO - Filling up the DagBag from /Users/harshasogala/financial-data-platform/venv/lib/python3.12/site-packages/airflow/example_dags/example_external_task_marker_dag.py
[2026-03-13T23:18:17.175+0100] {processor.py:840} INFO - DAG(s) 'example_external_task_marker_parent', 'example_external_task_marker_child' retrieved from /Users/harshasogala/financial-data-platform/venv/lib/python3.12/site-packages/airflow/example_dags/example_external_task_marker_dag.py
[2026-03-13T23:18:17.233+0100] {logging_mixin.py:188} INFO - [2026-03-13T23:18:17.233+0100] {dag.py:3089} INFO - Sync 2 DAGs
[2026-03-13T23:18:17.239+0100] {logging_mixin.py:188} INFO - [2026-03-13T23:18:17.238+0100] {dag.py:3947} INFO - Setting next_dagrun for example_external_task_marker_child to None, run_after=None
[2026-03-13T23:18:17.240+0100] {logging_mixin.py:188} INFO - [2026-03-13T23:18:17.240+0100] {dag.py:3947} INFO - Setting next_dagrun for example_external_task_marker_parent to None, run_after=None
[2026-03-13T23:18:17.250+0100] {processor.py:183} INFO - Processing /Users/harshasogala/financial-data-platform/venv/lib/python3.12/site-packages/airflow/example_dags/example_external_task_marker_dag.py took 0.086 seconds
[2026-03-13T23:19:32.391+0100] {processor.py:161} INFO - Started process (PID=73755) to work on /Users/harshasogala/financial-data-platform/venv/lib/python3.12/site-packages/airflow/example_dags/example_external_task_marker_dag.py
[2026-03-13T23:19:32.392+0100] {processor.py:830} INFO - Processing file /Users/harshasogala/financial-data-platform/venv/lib/python3.12/site-packages/airflow/example_dags/example_external_task_marker_dag.py for tasks to queue
[2026-03-13T23:19:32.393+0100] {logging_mixin.py:188} INFO - [2026-03-13T23:19:32.393+0100] {dagbag.py:545} INFO - Filling up the DagBag from /Users/harshasogala/financial-data-platform/venv/lib/python3.12/site-packages/airflow/example_dags/example_external_task_marker_dag.py
[2026-03-13T23:19:32.401+0100] {processor.py:840} INFO - DAG(s) 'example_external_task_marker_parent', 'example_external_task_marker_child' retrieved from /Users/harshasogala/financial-data-platform/venv/lib/python3.12/site-packages/airflow/example_dags/example_external_task_marker_dag.py
[2026-03-13T23:19:32.459+0100] {logging_mixin.py:188} INFO - [2026-03-13T23:19:32.458+0100] {dag.py:3089} INFO - Sync 2 DAGs
[2026-03-13T23:19:32.464+0100] {logging_mixin.py:188} INFO - [2026-03-13T23:19:32.464+0100] {dag.py:3947} INFO - Setting next_dagrun for example_external_task_marker_child to None, run_after=None
[2026-03-13T23:19:32.466+0100] {logging_mixin.py:188} INFO - [2026-03-13T23:19:32.466+0100] {dag.py:3947} INFO - Setting next_dagrun for example_external_task_marker_parent to None, run_after=None
[2026-03-13T23:19:32.476+0100] {processor.py:183} INFO - Processing /Users/harshasogala/financial-data-platform/venv/lib/python3.12/site-packages/airflow/example_dags/example_external_task_marker_dag.py took 0.087 seconds
[2026-03-13T23:20:51.355+0100] {processor.py:161} INFO - Started process (PID=73826) to work on /Users/harshasogala/financial-data-platform/venv/lib/python3.12/site-packages/airflow/example_dags/example_external_task_marker_dag.py
[2026-03-13T23:20:51.356+0100] {processor.py:830} INFO - Processing file /Users/harshasogala/financial-data-platform/venv/lib/python3.12/site-packages/airflow/example_dags/example_external_task_marker_dag.py for tasks to queue
[2026-03-13T23:20:51.357+0100] {logging_mixin.py:188} INFO - [2026-03-13T23:20:51.356+0100] {dagbag.py:545} INFO - Filling up the DagBag from /Users/harshasogala/financial-data-platform/venv/lib/python3.12/site-packages/airflow/example_dags/example_external_task_marker_dag.py
[2026-03-13T23:20:51.364+0100] {processor.py:840} INFO - DAG(s) 'example_external_task_marker_child', 'example_external_task_marker_parent' retrieved from /Users/harshasogala/financial-data-platform/venv/lib/python3.12/site-packages/airflow/example_dags/example_external_task_marker_dag.py
[2026-03-13T23:20:51.423+0100] {logging_mixin.py:188} INFO - [2026-03-13T23:20:51.423+0100] {dag.py:3089} INFO - Sync 2 DAGs
[2026-03-13T23:20:51.428+0100] {logging_mixin.py:188} INFO - [2026-03-13T23:20:51.428+0100] {dag.py:3947} INFO - Setting next_dagrun for example_external_task_marker_child to None, run_after=None
[2026-03-13T23:20:51.430+0100] {logging_mixin.py:188} INFO - [2026-03-13T23:20:51.430+0100] {dag.py:3947} INFO - Setting next_dagrun for example_external_task_marker_parent to None, run_after=None
[2026-03-13T23:20:51.441+0100] {processor.py:183} INFO - Processing /Users/harshasogala/financial-data-platform/venv/lib/python3.12/site-packages/airflow/example_dags/example_external_task_marker_dag.py took 0.087 seconds
[2026-03-13T23:22:04.603+0100] {processor.py:161} INFO - Started process (PID=73904) to work on /Users/harshasogala/financial-data-platform/venv/lib/python3.12/site-packages/airflow/example_dags/example_external_task_marker_dag.py
[2026-03-13T23:22:04.604+0100] {processor.py:830} INFO - Processing file /Users/harshasogala/financial-data-platform/venv/lib/python3.12/site-packages/airflow/example_dags/example_external_task_marker_dag.py for tasks to queue
[2026-03-13T23:22:04.605+0100] {logging_mixin.py:188} INFO - [2026-03-13T23:22:04.605+0100] {dagbag.py:545} INFO - Filling up the DagBag from /Users/harshasogala/financial-data-platform/venv/lib/python3.12/site-packages/airflow/example_dags/example_external_task_marker_dag.py
[2026-03-13T23:22:04.614+0100] {processor.py:840} INFO - DAG(s) 'example_external_task_marker_parent', 'example_external_task_marker_child' retrieved from /Users/harshasogala/financial-data-platform/venv/lib/python3.12/site-packages/airflow/example_dags/example_external_task_marker_dag.py
[2026-03-13T23:22:04.673+0100] {logging_mixin.py:188} INFO - [2026-03-13T23:22:04.673+0100] {dag.py:3089} INFO - Sync 2 DAGs
[2026-03-13T23:22:04.678+0100] {logging_mixin.py:188} INFO - [2026-03-13T23:22:04.678+0100] {dag.py:3947} INFO - Setting next_dagrun for example_external_task_marker_child to None, run_after=None
[2026-03-13T23:22:04.680+0100] {logging_mixin.py:188} INFO - [2026-03-13T23:22:04.680+0100] {dag.py:3947} INFO - Setting next_dagrun for example_external_task_marker_parent to None, run_after=None
[2026-03-13T23:22:04.690+0100] {processor.py:183} INFO - Processing /Users/harshasogala/financial-data-platform/venv/lib/python3.12/site-packages/airflow/example_dags/example_external_task_marker_dag.py took 0.089 seconds
[2026-03-13T23:23:19.578+0100] {processor.py:161} INFO - Started process (PID=73966) to work on /Users/harshasogala/financial-data-platform/venv/lib/python3.12/site-packages/airflow/example_dags/example_external_task_marker_dag.py
[2026-03-13T23:23:19.579+0100] {processor.py:830} INFO - Processing file /Users/harshasogala/financial-data-platform/venv/lib/python3.12/site-packages/airflow/example_dags/example_external_task_marker_dag.py for tasks to queue
[2026-03-13T23:23:19.579+0100] {logging_mixin.py:188} INFO - [2026-03-13T23:23:19.579+0100] {dagbag.py:545} INFO - Filling up the DagBag from /Users/harshasogala/financial-data-platform/venv/lib/python3.12/site-packages/airflow/example_dags/example_external_task_marker_dag.py
[2026-03-13T23:23:19.587+0100] {processor.py:840} INFO - DAG(s) 'example_external_task_marker_child', 'example_external_task_marker_parent' retrieved from /Users/harshasogala/financial-data-platform/venv/lib/python3.12/site-packages/airflow/example_dags/example_external_task_marker_dag.py
[2026-03-13T23:23:19.646+0100] {logging_mixin.py:188} INFO - [2026-03-13T23:23:19.645+0100] {dag.py:3089} INFO - Sync 2 DAGs
[2026-03-13T23:23:19.651+0100] {logging_mixin.py:188} INFO - [2026-03-13T23:23:19.651+0100] {dag.py:3947} INFO - Setting next_dagrun for example_external_task_marker_child to None, run_after=None
[2026-03-13T23:23:19.653+0100] {logging_mixin.py:188} INFO - [2026-03-13T23:23:19.652+0100] {dag.py:3947} INFO - Setting next_dagrun for example_external_task_marker_parent to None, run_after=None
[2026-03-13T23:23:19.662+0100] {processor.py:183} INFO - Processing /Users/harshasogala/financial-data-platform/venv/lib/python3.12/site-packages/airflow/example_dags/example_external_task_marker_dag.py took 0.086 seconds
[2026-03-13T23:24:31.334+0100] {processor.py:161} INFO - Started process (PID=74026) to work on /Users/harshasogala/financial-data-platform/venv/lib/python3.12/site-packages/airflow/example_dags/example_external_task_marker_dag.py
[2026-03-13T23:24:31.335+0100] {processor.py:830} INFO - Processing file /Users/harshasogala/financial-data-platform/venv/lib/python3.12/site-packages/airflow/example_dags/example_external_task_marker_dag.py for tasks to queue
[2026-03-13T23:24:31.335+0100] {logging_mixin.py:188} INFO - [2026-03-13T23:24:31.335+0100] {dagbag.py:545} INFO - Filling up the DagBag from /Users/harshasogala/financial-data-platform/venv/lib/python3.12/site-packages/airflow/example_dags/example_external_task_marker_dag.py
[2026-03-13T23:24:31.343+0100] {processor.py:840} INFO - DAG(s) 'example_external_task_marker_child', 'example_external_task_marker_parent' retrieved from /Users/harshasogala/financial-data-platform/venv/lib/python3.12/site-packages/airflow/example_dags/example_external_task_marker_dag.py
[2026-03-13T23:24:31.403+0100] {logging_mixin.py:188} INFO - [2026-03-13T23:24:31.403+0100] {dag.py:3089} INFO - Sync 2 DAGs
[2026-03-13T23:24:31.409+0100] {logging_mixin.py:188} INFO - [2026-03-13T23:24:31.408+0100] {dag.py:3947} INFO - Setting next_dagrun for example_external_task_marker_child to None, run_after=None
[2026-03-13T23:24:31.410+0100] {logging_mixin.py:188} INFO - [2026-03-13T23:24:31.410+0100] {dag.py:3947} INFO - Setting next_dagrun for example_external_task_marker_parent to None, run_after=None
[2026-03-13T23:24:31.420+0100] {processor.py:183} INFO - Processing /Users/harshasogala/financial-data-platform/venv/lib/python3.12/site-packages/airflow/example_dags/example_external_task_marker_dag.py took 0.088 seconds
[2026-03-13T23:25:52.915+0100] {processor.py:161} INFO - Started process (PID=74086) to work on /Users/harshasogala/financial-data-platform/venv/lib/python3.12/site-packages/airflow/example_dags/example_external_task_marker_dag.py
[2026-03-13T23:25:52.916+0100] {processor.py:830} INFO - Processing file /Users/harshasogala/financial-data-platform/venv/lib/python3.12/site-packages/airflow/example_dags/example_external_task_marker_dag.py for tasks to queue
[2026-03-13T23:25:52.916+0100] {logging_mixin.py:188} INFO - [2026-03-13T23:25:52.916+0100] {dagbag.py:545} INFO - Filling up the DagBag from /Users/harshasogala/financial-data-platform/venv/lib/python3.12/site-packages/airflow/example_dags/example_external_task_marker_dag.py
[2026-03-13T23:25:52.924+0100] {processor.py:840} INFO - DAG(s) 'example_external_task_marker_parent', 'example_external_task_marker_child' retrieved from /Users/harshasogala/financial-data-platform/venv/lib/python3.12/site-packages/airflow/example_dags/example_external_task_marker_dag.py
[2026-03-13T23:25:52.984+0100] {logging_mixin.py:188} INFO - [2026-03-13T23:25:52.983+0100] {dag.py:3089} INFO - Sync 2 DAGs
[2026-03-13T23:25:52.989+0100] {logging_mixin.py:188} INFO - [2026-03-13T23:25:52.989+0100] {dag.py:3947} INFO - Setting next_dagrun for example_external_task_marker_child to None, run_after=None
[2026-03-13T23:25:52.990+0100] {logging_mixin.py:188} INFO - [2026-03-13T23:25:52.990+0100] {dag.py:3947} INFO - Setting next_dagrun for example_external_task_marker_parent to None, run_after=None
[2026-03-13T23:25:53.002+0100] {processor.py:183} INFO - Processing /Users/harshasogala/financial-data-platform/venv/lib/python3.12/site-packages/airflow/example_dags/example_external_task_marker_dag.py took 0.088 seconds
[2026-03-13T23:27:05.971+0100] {processor.py:161} INFO - Started process (PID=74151) to work on /Users/harshasogala/financial-data-platform/venv/lib/python3.12/site-packages/airflow/example_dags/example_external_task_marker_dag.py
[2026-03-13T23:27:05.972+0100] {processor.py:830} INFO - Processing file /Users/harshasogala/financial-data-platform/venv/lib/python3.12/site-packages/airflow/example_dags/example_external_task_marker_dag.py for tasks to queue
[2026-03-13T23:27:05.973+0100] {logging_mixin.py:188} INFO - [2026-03-13T23:27:05.973+0100] {dagbag.py:545} INFO - Filling up the DagBag from /Users/harshasogala/financial-data-platform/venv/lib/python3.12/site-packages/airflow/example_dags/example_external_task_marker_dag.py
[2026-03-13T23:27:05.981+0100] {processor.py:840} INFO - DAG(s) 'example_external_task_marker_parent', 'example_external_task_marker_child' retrieved from /Users/harshasogala/financial-data-platform/venv/lib/python3.12/site-packages/airflow/example_dags/example_external_task_marker_dag.py
[2026-03-13T23:27:06.042+0100] {logging_mixin.py:188} INFO - [2026-03-13T23:27:06.042+0100] {dag.py:3089} INFO - Sync 2 DAGs
[2026-03-13T23:27:06.048+0100] {logging_mixin.py:188} INFO - [2026-03-13T23:27:06.048+0100] {dag.py:3947} INFO - Setting next_dagrun for example_external_task_marker_child to None, run_after=None
[2026-03-13T23:27:06.049+0100] {logging_mixin.py:188} INFO - [2026-03-13T23:27:06.049+0100] {dag.py:3947} INFO - Setting next_dagrun for example_external_task_marker_parent to None, run_after=None
[2026-03-13T23:27:06.059+0100] {processor.py:183} INFO - Processing /Users/harshasogala/financial-data-platform/venv/lib/python3.12/site-packages/airflow/example_dags/example_external_task_marker_dag.py took 0.090 seconds
[2026-03-13T23:28:27.615+0100] {processor.py:161} INFO - Started process (PID=74247) to work on /Users/harshasogala/financial-data-platform/venv/lib/python3.12/site-packages/airflow/example_dags/example_external_task_marker_dag.py
[2026-03-13T23:28:27.616+0100] {processor.py:830} INFO - Processing file /Users/harshasogala/financial-data-platform/venv/lib/python3.12/site-packages/airflow/example_dags/example_external_task_marker_dag.py for tasks to queue
[2026-03-13T23:28:27.616+0100] {logging_mixin.py:188} INFO - [2026-03-13T23:28:27.616+0100] {dagbag.py:545} INFO - Filling up the DagBag from /Users/harshasogala/financial-data-platform/venv/lib/python3.12/site-packages/airflow/example_dags/example_external_task_marker_dag.py
[2026-03-13T23:28:27.624+0100] {processor.py:840} INFO - DAG(s) 'example_external_task_marker_parent', 'example_external_task_marker_child' retrieved from /Users/harshasogala/financial-data-platform/venv/lib/python3.12/site-packages/airflow/example_dags/example_external_task_marker_dag.py
[2026-03-13T23:28:27.690+0100] {logging_mixin.py:188} INFO - [2026-03-13T23:28:27.690+0100] {dag.py:3089} INFO - Sync 2 DAGs
[2026-03-13T23:28:27.695+0100] {logging_mixin.py:188} INFO - [2026-03-13T23:28:27.695+0100] {dag.py:3947} INFO - Setting next_dagrun for example_external_task_marker_child to None, run_after=None
[2026-03-13T23:28:27.697+0100] {logging_mixin.py:188} INFO - [2026-03-13T23:28:27.697+0100] {dag.py:3947} INFO - Setting next_dagrun for example_external_task_marker_parent to None, run_after=None
[2026-03-13T23:28:27.707+0100] {processor.py:183} INFO - Processing /Users/harshasogala/financial-data-platform/venv/lib/python3.12/site-packages/airflow/example_dags/example_external_task_marker_dag.py took 0.094 seconds
[2026-03-13T23:29:41.274+0100] {processor.py:161} INFO - Started process (PID=74306) to work on /Users/harshasogala/financial-data-platform/venv/lib/python3.12/site-packages/airflow/example_dags/example_external_task_marker_dag.py
[2026-03-13T23:29:41.275+0100] {processor.py:830} INFO - Processing file /Users/harshasogala/financial-data-platform/venv/lib/python3.12/site-packages/airflow/example_dags/example_external_task_marker_dag.py for tasks to queue
[2026-03-13T23:29:41.276+0100] {logging_mixin.py:188} INFO - [2026-03-13T23:29:41.276+0100] {dagbag.py:545} INFO - Filling up the DagBag from /Users/harshasogala/financial-data-platform/venv/lib/python3.12/site-packages/airflow/example_dags/example_external_task_marker_dag.py
[2026-03-13T23:29:41.284+0100] {processor.py:840} INFO - DAG(s) 'example_external_task_marker_parent', 'example_external_task_marker_child' retrieved from /Users/harshasogala/financial-data-platform/venv/lib/python3.12/site-packages/airflow/example_dags/example_external_task_marker_dag.py
[2026-03-13T23:29:41.342+0100] {logging_mixin.py:188} INFO - [2026-03-13T23:29:41.342+0100] {dag.py:3089} INFO - Sync 2 DAGs
[2026-03-13T23:29:41.348+0100] {logging_mixin.py:188} INFO - [2026-03-13T23:29:41.347+0100] {dag.py:3947} INFO - Setting next_dagrun for example_external_task_marker_child to None, run_after=None
[2026-03-13T23:29:41.349+0100] {logging_mixin.py:188} INFO - [2026-03-13T23:29:41.349+0100] {dag.py:3947} INFO - Setting next_dagrun for example_external_task_marker_parent to None, run_after=None
[2026-03-13T23:29:41.360+0100] {processor.py:183} INFO - Processing /Users/harshasogala/financial-data-platform/venv/lib/python3.12/site-packages/airflow/example_dags/example_external_task_marker_dag.py took 0.087 seconds
[2026-03-13T23:31:00.458+0100] {processor.py:161} INFO - Started process (PID=74409) to work on /Users/harshasogala/financial-data-platform/venv/lib/python3.12/site-packages/airflow/example_dags/example_external_task_marker_dag.py
[2026-03-13T23:31:00.459+0100] {processor.py:830} INFO - Processing file /Users/harshasogala/financial-data-platform/venv/lib/python3.12/site-packages/airflow/example_dags/example_external_task_marker_dag.py for tasks to queue
[2026-03-13T23:31:00.459+0100] {logging_mixin.py:188} INFO - [2026-03-13T23:31:00.459+0100] {dagbag.py:545} INFO - Filling up the DagBag from /Users/harshasogala/financial-data-platform/venv/lib/python3.12/site-packages/airflow/example_dags/example_external_task_marker_dag.py
[2026-03-13T23:31:00.468+0100] {processor.py:840} INFO - DAG(s) 'example_external_task_marker_child', 'example_external_task_marker_parent' retrieved from /Users/harshasogala/financial-data-platform/venv/lib/python3.12/site-packages/airflow/example_dags/example_external_task_marker_dag.py
[2026-03-13T23:31:00.529+0100] {logging_mixin.py:188} INFO - [2026-03-13T23:31:00.528+0100] {dag.py:3089} INFO - Sync 2 DAGs
[2026-03-13T23:31:00.534+0100] {logging_mixin.py:188} INFO - [2026-03-13T23:31:00.534+0100] {dag.py:3947} INFO - Setting next_dagrun for example_external_task_marker_child to None, run_after=None
[2026-03-13T23:31:00.536+0100] {logging_mixin.py:188} INFO - [2026-03-13T23:31:00.536+0100] {dag.py:3947} INFO - Setting next_dagrun for example_external_task_marker_parent to None, run_after=None
[2026-03-13T23:31:00.546+0100] {processor.py:183} INFO - Processing /Users/harshasogala/financial-data-platform/venv/lib/python3.12/site-packages/airflow/example_dags/example_external_task_marker_dag.py took 0.089 seconds
[2026-03-13T23:32:16.402+0100] {processor.py:161} INFO - Started process (PID=74925) to work on /Users/harshasogala/financial-data-platform/venv/lib/python3.12/site-packages/airflow/example_dags/example_external_task_marker_dag.py
[2026-03-13T23:32:16.403+0100] {processor.py:830} INFO - Processing file /Users/harshasogala/financial-data-platform/venv/lib/python3.12/site-packages/airflow/example_dags/example_external_task_marker_dag.py for tasks to queue
[2026-03-13T23:32:16.403+0100] {logging_mixin.py:188} INFO - [2026-03-13T23:32:16.403+0100] {dagbag.py:545} INFO - Filling up the DagBag from /Users/harshasogala/financial-data-platform/venv/lib/python3.12/site-packages/airflow/example_dags/example_external_task_marker_dag.py
[2026-03-13T23:32:16.412+0100] {processor.py:840} INFO - DAG(s) 'example_external_task_marker_parent', 'example_external_task_marker_child' retrieved from /Users/harshasogala/financial-data-platform/venv/lib/python3.12/site-packages/airflow/example_dags/example_external_task_marker_dag.py
[2026-03-13T23:32:16.473+0100] {logging_mixin.py:188} INFO - [2026-03-13T23:32:16.473+0100] {dag.py:3089} INFO - Sync 2 DAGs
[2026-03-13T23:32:16.479+0100] {logging_mixin.py:188} INFO - [2026-03-13T23:32:16.478+0100] {dag.py:3947} INFO - Setting next_dagrun for example_external_task_marker_child to None, run_after=None
[2026-03-13T23:32:16.480+0100] {logging_mixin.py:188} INFO - [2026-03-13T23:32:16.480+0100] {dag.py:3947} INFO - Setting next_dagrun for example_external_task_marker_parent to None, run_after=None
[2026-03-13T23:32:16.492+0100] {processor.py:183} INFO - Processing /Users/harshasogala/financial-data-platform/venv/lib/python3.12/site-packages/airflow/example_dags/example_external_task_marker_dag.py took 0.091 seconds
[2026-03-13T23:33:36.139+0100] {processor.py:161} INFO - Started process (PID=75024) to work on /Users/harshasogala/financial-data-platform/venv/lib/python3.12/site-packages/airflow/example_dags/example_external_task_marker_dag.py
[2026-03-13T23:33:36.140+0100] {processor.py:830} INFO - Processing file /Users/harshasogala/financial-data-platform/venv/lib/python3.12/site-packages/airflow/example_dags/example_external_task_marker_dag.py for tasks to queue
[2026-03-13T23:33:36.140+0100] {logging_mixin.py:188} INFO - [2026-03-13T23:33:36.140+0100] {dagbag.py:545} INFO - Filling up the DagBag from /Users/harshasogala/financial-data-platform/venv/lib/python3.12/site-packages/airflow/example_dags/example_external_task_marker_dag.py
[2026-03-13T23:33:36.148+0100] {processor.py:840} INFO - DAG(s) 'example_external_task_marker_child', 'example_external_task_marker_parent' retrieved from /Users/harshasogala/financial-data-platform/venv/lib/python3.12/site-packages/airflow/example_dags/example_external_task_marker_dag.py
[2026-03-13T23:33:36.207+0100] {logging_mixin.py:188} INFO - [2026-03-13T23:33:36.207+0100] {dag.py:3089} INFO - Sync 2 DAGs
[2026-03-13T23:33:36.212+0100] {logging_mixin.py:188} INFO - [2026-03-13T23:33:36.212+0100] {dag.py:3947} INFO - Setting next_dagrun for example_external_task_marker_child to None, run_after=None
[2026-03-13T23:33:36.214+0100] {logging_mixin.py:188} INFO - [2026-03-13T23:33:36.214+0100] {dag.py:3947} INFO - Setting next_dagrun for example_external_task_marker_parent to None, run_after=None
[2026-03-13T23:33:36.225+0100] {processor.py:183} INFO - Processing /Users/harshasogala/financial-data-platform/venv/lib/python3.12/site-packages/airflow/example_dags/example_external_task_marker_dag.py took 0.088 seconds
