[2026-03-13T22:18:54.543+0100] {processor.py:161} INFO - Started process (PID=66028) to work on /Users/harshasogala/financial-data-platform/venv/lib/python3.12/site-packages/airflow/example_dags/example_kubernetes_executor.py
[2026-03-13T22:18:54.543+0100] {processor.py:830} INFO - Processing file /Users/harshasogala/financial-data-platform/venv/lib/python3.12/site-packages/airflow/example_dags/example_kubernetes_executor.py for tasks to queue
[2026-03-13T22:18:54.544+0100] {logging_mixin.py:188} INFO - [2026-03-13T22:18:54.544+0100] {dagbag.py:545} INFO - Filling up the DagBag from /Users/harshasogala/financial-data-platform/venv/lib/python3.12/site-packages/airflow/example_dags/example_kubernetes_executor.py
[2026-03-13T22:18:54.566+0100] {logging_mixin.py:188} INFO - [2026-03-13T22:18:54.566+0100] {example_kubernetes_executor.py:39} WARNING - The example_kubernetes_executor example DAG requires the kubernetes provider. Please install it with: pip install apache-airflow[cncf.kubernetes]
[2026-03-13T22:18:54.566+0100] {processor.py:842} WARNING - No viable dags retrieved from /Users/harshasogala/financial-data-platform/venv/lib/python3.12/site-packages/airflow/example_dags/example_kubernetes_executor.py
[2026-03-13T22:18:54.609+0100] {processor.py:183} INFO - Processing /Users/harshasogala/financial-data-platform/venv/lib/python3.12/site-packages/airflow/example_dags/example_kubernetes_executor.py took 0.068 seconds
[2026-03-13T22:20:42.213+0100] {processor.py:161} INFO - Started process (PID=66106) to work on /Users/harshasogala/financial-data-platform/venv/lib/python3.12/site-packages/airflow/example_dags/example_kubernetes_executor.py
[2026-03-13T22:20:42.214+0100] {processor.py:830} INFO - Processing file /Users/harshasogala/financial-data-platform/venv/lib/python3.12/site-packages/airflow/example_dags/example_kubernetes_executor.py for tasks to queue
[2026-03-13T22:20:42.214+0100] {logging_mixin.py:188} INFO - [2026-03-13T22:20:42.214+0100] {dagbag.py:545} INFO - Filling up the DagBag from /Users/harshasogala/financial-data-platform/venv/lib/python3.12/site-packages/airflow/example_dags/example_kubernetes_executor.py
[2026-03-13T22:20:42.236+0100] {logging_mixin.py:188} INFO - [2026-03-13T22:20:42.235+0100] {example_kubernetes_executor.py:39} WARNING - The example_kubernetes_executor example DAG requires the kubernetes provider. Please install it with: pip install apache-airflow[cncf.kubernetes]
[2026-03-13T22:20:42.236+0100] {processor.py:842} WARNING - No viable dags retrieved from /Users/harshasogala/financial-data-platform/venv/lib/python3.12/site-packages/airflow/example_dags/example_kubernetes_executor.py
[2026-03-13T22:20:42.278+0100] {processor.py:183} INFO - Processing /Users/harshasogala/financial-data-platform/venv/lib/python3.12/site-packages/airflow/example_dags/example_kubernetes_executor.py took 0.067 seconds
[2026-03-13T22:28:38.521+0100] {processor.py:161} INFO - Started process (PID=67341) to work on /Users/harshasogala/financial-data-platform/venv/lib/python3.12/site-packages/airflow/example_dags/example_kubernetes_executor.py
[2026-03-13T22:28:38.522+0100] {processor.py:830} INFO - Processing file /Users/harshasogala/financial-data-platform/venv/lib/python3.12/site-packages/airflow/example_dags/example_kubernetes_executor.py for tasks to queue
[2026-03-13T22:28:38.523+0100] {logging_mixin.py:188} INFO - [2026-03-13T22:28:38.523+0100] {dagbag.py:545} INFO - Filling up the DagBag from /Users/harshasogala/financial-data-platform/venv/lib/python3.12/site-packages/airflow/example_dags/example_kubernetes_executor.py
[2026-03-13T22:28:38.544+0100] {logging_mixin.py:188} INFO - [2026-03-13T22:28:38.544+0100] {example_kubernetes_executor.py:39} WARNING - The example_kubernetes_executor example DAG requires the kubernetes provider. Please install it with: pip install apache-airflow[cncf.kubernetes]
[2026-03-13T22:28:38.544+0100] {processor.py:842} WARNING - No viable dags retrieved from /Users/harshasogala/financial-data-platform/venv/lib/python3.12/site-packages/airflow/example_dags/example_kubernetes_executor.py
[2026-03-13T22:28:38.588+0100] {processor.py:183} INFO - Processing /Users/harshasogala/financial-data-platform/venv/lib/python3.12/site-packages/airflow/example_dags/example_kubernetes_executor.py took 0.069 seconds
[2026-03-13T22:29:44.101+0100] {processor.py:161} INFO - Started process (PID=67466) to work on /Users/harshasogala/financial-data-platform/venv/lib/python3.12/site-packages/airflow/example_dags/example_kubernetes_executor.py
[2026-03-13T22:29:44.102+0100] {processor.py:830} INFO - Processing file /Users/harshasogala/financial-data-platform/venv/lib/python3.12/site-packages/airflow/example_dags/example_kubernetes_executor.py for tasks to queue
[2026-03-13T22:29:44.103+0100] {logging_mixin.py:188} INFO - [2026-03-13T22:29:44.103+0100] {dagbag.py:545} INFO - Filling up the DagBag from /Users/harshasogala/financial-data-platform/venv/lib/python3.12/site-packages/airflow/example_dags/example_kubernetes_executor.py
[2026-03-13T22:29:44.123+0100] {logging_mixin.py:188} INFO - [2026-03-13T22:29:44.123+0100] {example_kubernetes_executor.py:39} WARNING - The example_kubernetes_executor example DAG requires the kubernetes provider. Please install it with: pip install apache-airflow[cncf.kubernetes]
[2026-03-13T22:29:44.124+0100] {processor.py:842} WARNING - No viable dags retrieved from /Users/harshasogala/financial-data-platform/venv/lib/python3.12/site-packages/airflow/example_dags/example_kubernetes_executor.py
[2026-03-13T22:29:44.166+0100] {processor.py:183} INFO - Processing /Users/harshasogala/financial-data-platform/venv/lib/python3.12/site-packages/airflow/example_dags/example_kubernetes_executor.py took 0.066 seconds
[2026-03-13T22:30:51.456+0100] {processor.py:161} INFO - Started process (PID=67534) to work on /Users/harshasogala/financial-data-platform/venv/lib/python3.12/site-packages/airflow/example_dags/example_kubernetes_executor.py
[2026-03-13T22:30:51.458+0100] {processor.py:830} INFO - Processing file /Users/harshasogala/financial-data-platform/venv/lib/python3.12/site-packages/airflow/example_dags/example_kubernetes_executor.py for tasks to queue
[2026-03-13T22:30:51.458+0100] {logging_mixin.py:188} INFO - [2026-03-13T22:30:51.458+0100] {dagbag.py:545} INFO - Filling up the DagBag from /Users/harshasogala/financial-data-platform/venv/lib/python3.12/site-packages/airflow/example_dags/example_kubernetes_executor.py
[2026-03-13T22:30:51.481+0100] {logging_mixin.py:188} INFO - [2026-03-13T22:30:51.481+0100] {example_kubernetes_executor.py:39} WARNING - The example_kubernetes_executor example DAG requires the kubernetes provider. Please install it with: pip install apache-airflow[cncf.kubernetes]
[2026-03-13T22:30:51.481+0100] {processor.py:842} WARNING - No viable dags retrieved from /Users/harshasogala/financial-data-platform/venv/lib/python3.12/site-packages/airflow/example_dags/example_kubernetes_executor.py
[2026-03-13T22:30:51.527+0100] {processor.py:183} INFO - Processing /Users/harshasogala/financial-data-platform/venv/lib/python3.12/site-packages/airflow/example_dags/example_kubernetes_executor.py took 0.073 seconds
[2026-03-13T22:32:13.753+0100] {processor.py:161} INFO - Started process (PID=68428) to work on /Users/harshasogala/financial-data-platform/venv/lib/python3.12/site-packages/airflow/example_dags/example_kubernetes_executor.py
[2026-03-13T22:32:13.754+0100] {processor.py:830} INFO - Processing file /Users/harshasogala/financial-data-platform/venv/lib/python3.12/site-packages/airflow/example_dags/example_kubernetes_executor.py for tasks to queue
[2026-03-13T22:32:13.755+0100] {logging_mixin.py:188} INFO - [2026-03-13T22:32:13.755+0100] {dagbag.py:545} INFO - Filling up the DagBag from /Users/harshasogala/financial-data-platform/venv/lib/python3.12/site-packages/airflow/example_dags/example_kubernetes_executor.py
[2026-03-13T22:32:13.777+0100] {logging_mixin.py:188} INFO - [2026-03-13T22:32:13.776+0100] {example_kubernetes_executor.py:39} WARNING - The example_kubernetes_executor example DAG requires the kubernetes provider. Please install it with: pip install apache-airflow[cncf.kubernetes]
[2026-03-13T22:32:13.777+0100] {processor.py:842} WARNING - No viable dags retrieved from /Users/harshasogala/financial-data-platform/venv/lib/python3.12/site-packages/airflow/example_dags/example_kubernetes_executor.py
[2026-03-13T22:32:13.819+0100] {processor.py:183} INFO - Processing /Users/harshasogala/financial-data-platform/venv/lib/python3.12/site-packages/airflow/example_dags/example_kubernetes_executor.py took 0.067 seconds
[2026-03-13T22:33:37.268+0100] {processor.py:161} INFO - Started process (PID=69149) to work on /Users/harshasogala/financial-data-platform/venv/lib/python3.12/site-packages/airflow/example_dags/example_kubernetes_executor.py
[2026-03-13T22:33:37.269+0100] {processor.py:830} INFO - Processing file /Users/harshasogala/financial-data-platform/venv/lib/python3.12/site-packages/airflow/example_dags/example_kubernetes_executor.py for tasks to queue
[2026-03-13T22:33:37.270+0100] {logging_mixin.py:188} INFO - [2026-03-13T22:33:37.270+0100] {dagbag.py:545} INFO - Filling up the DagBag from /Users/harshasogala/financial-data-platform/venv/lib/python3.12/site-packages/airflow/example_dags/example_kubernetes_executor.py
[2026-03-13T22:33:37.291+0100] {logging_mixin.py:188} INFO - [2026-03-13T22:33:37.291+0100] {example_kubernetes_executor.py:39} WARNING - The example_kubernetes_executor example DAG requires the kubernetes provider. Please install it with: pip install apache-airflow[cncf.kubernetes]
[2026-03-13T22:33:37.291+0100] {processor.py:842} WARNING - No viable dags retrieved from /Users/harshasogala/financial-data-platform/venv/lib/python3.12/site-packages/airflow/example_dags/example_kubernetes_executor.py
[2026-03-13T22:33:37.333+0100] {processor.py:183} INFO - Processing /Users/harshasogala/financial-data-platform/venv/lib/python3.12/site-packages/airflow/example_dags/example_kubernetes_executor.py took 0.067 seconds
[2026-03-13T22:34:55.694+0100] {processor.py:161} INFO - Started process (PID=69212) to work on /Users/harshasogala/financial-data-platform/venv/lib/python3.12/site-packages/airflow/example_dags/example_kubernetes_executor.py
[2026-03-13T22:34:55.695+0100] {processor.py:830} INFO - Processing file /Users/harshasogala/financial-data-platform/venv/lib/python3.12/site-packages/airflow/example_dags/example_kubernetes_executor.py for tasks to queue
[2026-03-13T22:34:55.695+0100] {logging_mixin.py:188} INFO - [2026-03-13T22:34:55.695+0100] {dagbag.py:545} INFO - Filling up the DagBag from /Users/harshasogala/financial-data-platform/venv/lib/python3.12/site-packages/airflow/example_dags/example_kubernetes_executor.py
[2026-03-13T22:34:55.716+0100] {logging_mixin.py:188} INFO - [2026-03-13T22:34:55.716+0100] {example_kubernetes_executor.py:39} WARNING - The example_kubernetes_executor example DAG requires the kubernetes provider. Please install it with: pip install apache-airflow[cncf.kubernetes]
[2026-03-13T22:34:55.717+0100] {processor.py:842} WARNING - No viable dags retrieved from /Users/harshasogala/financial-data-platform/venv/lib/python3.12/site-packages/airflow/example_dags/example_kubernetes_executor.py
[2026-03-13T22:34:55.759+0100] {processor.py:183} INFO - Processing /Users/harshasogala/financial-data-platform/venv/lib/python3.12/site-packages/airflow/example_dags/example_kubernetes_executor.py took 0.067 seconds
[2026-03-13T22:36:11.166+0100] {processor.py:161} INFO - Started process (PID=69291) to work on /Users/harshasogala/financial-data-platform/venv/lib/python3.12/site-packages/airflow/example_dags/example_kubernetes_executor.py
[2026-03-13T22:36:11.168+0100] {processor.py:830} INFO - Processing file /Users/harshasogala/financial-data-platform/venv/lib/python3.12/site-packages/airflow/example_dags/example_kubernetes_executor.py for tasks to queue
[2026-03-13T22:36:11.168+0100] {logging_mixin.py:188} INFO - [2026-03-13T22:36:11.168+0100] {dagbag.py:545} INFO - Filling up the DagBag from /Users/harshasogala/financial-data-platform/venv/lib/python3.12/site-packages/airflow/example_dags/example_kubernetes_executor.py
[2026-03-13T22:36:11.190+0100] {logging_mixin.py:188} INFO - [2026-03-13T22:36:11.189+0100] {example_kubernetes_executor.py:39} WARNING - The example_kubernetes_executor example DAG requires the kubernetes provider. Please install it with: pip install apache-airflow[cncf.kubernetes]
[2026-03-13T22:36:11.190+0100] {processor.py:842} WARNING - No viable dags retrieved from /Users/harshasogala/financial-data-platform/venv/lib/python3.12/site-packages/airflow/example_dags/example_kubernetes_executor.py
[2026-03-13T22:36:11.232+0100] {processor.py:183} INFO - Processing /Users/harshasogala/financial-data-platform/venv/lib/python3.12/site-packages/airflow/example_dags/example_kubernetes_executor.py took 0.067 seconds
[2026-03-13T22:37:25.220+0100] {processor.py:161} INFO - Started process (PID=69349) to work on /Users/harshasogala/financial-data-platform/venv/lib/python3.12/site-packages/airflow/example_dags/example_kubernetes_executor.py
[2026-03-13T22:37:25.221+0100] {processor.py:830} INFO - Processing file /Users/harshasogala/financial-data-platform/venv/lib/python3.12/site-packages/airflow/example_dags/example_kubernetes_executor.py for tasks to queue
[2026-03-13T22:37:25.221+0100] {logging_mixin.py:188} INFO - [2026-03-13T22:37:25.221+0100] {dagbag.py:545} INFO - Filling up the DagBag from /Users/harshasogala/financial-data-platform/venv/lib/python3.12/site-packages/airflow/example_dags/example_kubernetes_executor.py
[2026-03-13T22:37:25.244+0100] {logging_mixin.py:188} INFO - [2026-03-13T22:37:25.244+0100] {example_kubernetes_executor.py:39} WARNING - The example_kubernetes_executor example DAG requires the kubernetes provider. Please install it with: pip install apache-airflow[cncf.kubernetes]
[2026-03-13T22:37:25.244+0100] {processor.py:842} WARNING - No viable dags retrieved from /Users/harshasogala/financial-data-platform/venv/lib/python3.12/site-packages/airflow/example_dags/example_kubernetes_executor.py
[2026-03-13T22:37:25.288+0100] {processor.py:183} INFO - Processing /Users/harshasogala/financial-data-platform/venv/lib/python3.12/site-packages/airflow/example_dags/example_kubernetes_executor.py took 0.070 seconds
[2026-03-13T22:38:39.496+0100] {processor.py:161} INFO - Started process (PID=69410) to work on /Users/harshasogala/financial-data-platform/venv/lib/python3.12/site-packages/airflow/example_dags/example_kubernetes_executor.py
[2026-03-13T22:38:39.497+0100] {processor.py:830} INFO - Processing file /Users/harshasogala/financial-data-platform/venv/lib/python3.12/site-packages/airflow/example_dags/example_kubernetes_executor.py for tasks to queue
[2026-03-13T22:38:39.497+0100] {logging_mixin.py:188} INFO - [2026-03-13T22:38:39.497+0100] {dagbag.py:545} INFO - Filling up the DagBag from /Users/harshasogala/financial-data-platform/venv/lib/python3.12/site-packages/airflow/example_dags/example_kubernetes_executor.py
[2026-03-13T22:38:39.519+0100] {logging_mixin.py:188} INFO - [2026-03-13T22:38:39.519+0100] {example_kubernetes_executor.py:39} WARNING - The example_kubernetes_executor example DAG requires the kubernetes provider. Please install it with: pip install apache-airflow[cncf.kubernetes]
[2026-03-13T22:38:39.519+0100] {processor.py:842} WARNING - No viable dags retrieved from /Users/harshasogala/financial-data-platform/venv/lib/python3.12/site-packages/airflow/example_dags/example_kubernetes_executor.py
[2026-03-13T22:38:39.562+0100] {processor.py:183} INFO - Processing /Users/harshasogala/financial-data-platform/venv/lib/python3.12/site-packages/airflow/example_dags/example_kubernetes_executor.py took 0.068 seconds
[2026-03-13T22:39:53.430+0100] {processor.py:161} INFO - Started process (PID=69635) to work on /Users/harshasogala/financial-data-platform/venv/lib/python3.12/site-packages/airflow/example_dags/example_kubernetes_executor.py
[2026-03-13T22:39:53.431+0100] {processor.py:830} INFO - Processing file /Users/harshasogala/financial-data-platform/venv/lib/python3.12/site-packages/airflow/example_dags/example_kubernetes_executor.py for tasks to queue
[2026-03-13T22:39:53.431+0100] {logging_mixin.py:188} INFO - [2026-03-13T22:39:53.431+0100] {dagbag.py:545} INFO - Filling up the DagBag from /Users/harshasogala/financial-data-platform/venv/lib/python3.12/site-packages/airflow/example_dags/example_kubernetes_executor.py
[2026-03-13T22:39:53.455+0100] {logging_mixin.py:188} INFO - [2026-03-13T22:39:53.454+0100] {example_kubernetes_executor.py:39} WARNING - The example_kubernetes_executor example DAG requires the kubernetes provider. Please install it with: pip install apache-airflow[cncf.kubernetes]
[2026-03-13T22:39:53.455+0100] {processor.py:842} WARNING - No viable dags retrieved from /Users/harshasogala/financial-data-platform/venv/lib/python3.12/site-packages/airflow/example_dags/example_kubernetes_executor.py
[2026-03-13T22:39:53.497+0100] {processor.py:183} INFO - Processing /Users/harshasogala/financial-data-platform/venv/lib/python3.12/site-packages/airflow/example_dags/example_kubernetes_executor.py took 0.069 seconds
[2026-03-13T22:41:17.165+0100] {processor.py:161} INFO - Started process (PID=69697) to work on /Users/harshasogala/financial-data-platform/venv/lib/python3.12/site-packages/airflow/example_dags/example_kubernetes_executor.py
[2026-03-13T22:41:17.166+0100] {processor.py:830} INFO - Processing file /Users/harshasogala/financial-data-platform/venv/lib/python3.12/site-packages/airflow/example_dags/example_kubernetes_executor.py for tasks to queue
[2026-03-13T22:41:17.166+0100] {logging_mixin.py:188} INFO - [2026-03-13T22:41:17.166+0100] {dagbag.py:545} INFO - Filling up the DagBag from /Users/harshasogala/financial-data-platform/venv/lib/python3.12/site-packages/airflow/example_dags/example_kubernetes_executor.py
[2026-03-13T22:41:17.188+0100] {logging_mixin.py:188} INFO - [2026-03-13T22:41:17.187+0100] {example_kubernetes_executor.py:39} WARNING - The example_kubernetes_executor example DAG requires the kubernetes provider. Please install it with: pip install apache-airflow[cncf.kubernetes]
[2026-03-13T22:41:17.188+0100] {processor.py:842} WARNING - No viable dags retrieved from /Users/harshasogala/financial-data-platform/venv/lib/python3.12/site-packages/airflow/example_dags/example_kubernetes_executor.py
[2026-03-13T22:41:17.230+0100] {processor.py:183} INFO - Processing /Users/harshasogala/financial-data-platform/venv/lib/python3.12/site-packages/airflow/example_dags/example_kubernetes_executor.py took 0.067 seconds
[2026-03-13T22:42:34.961+0100] {processor.py:161} INFO - Started process (PID=69757) to work on /Users/harshasogala/financial-data-platform/venv/lib/python3.12/site-packages/airflow/example_dags/example_kubernetes_executor.py
[2026-03-13T22:42:34.963+0100] {processor.py:830} INFO - Processing file /Users/harshasogala/financial-data-platform/venv/lib/python3.12/site-packages/airflow/example_dags/example_kubernetes_executor.py for tasks to queue
[2026-03-13T22:42:34.963+0100] {logging_mixin.py:188} INFO - [2026-03-13T22:42:34.963+0100] {dagbag.py:545} INFO - Filling up the DagBag from /Users/harshasogala/financial-data-platform/venv/lib/python3.12/site-packages/airflow/example_dags/example_kubernetes_executor.py
[2026-03-13T22:42:34.984+0100] {logging_mixin.py:188} INFO - [2026-03-13T22:42:34.984+0100] {example_kubernetes_executor.py:39} WARNING - The example_kubernetes_executor example DAG requires the kubernetes provider. Please install it with: pip install apache-airflow[cncf.kubernetes]
[2026-03-13T22:42:34.984+0100] {processor.py:842} WARNING - No viable dags retrieved from /Users/harshasogala/financial-data-platform/venv/lib/python3.12/site-packages/airflow/example_dags/example_kubernetes_executor.py
[2026-03-13T22:42:35.027+0100] {processor.py:183} INFO - Processing /Users/harshasogala/financial-data-platform/venv/lib/python3.12/site-packages/airflow/example_dags/example_kubernetes_executor.py took 0.068 seconds
[2026-03-13T22:43:54.741+0100] {processor.py:161} INFO - Started process (PID=69834) to work on /Users/harshasogala/financial-data-platform/venv/lib/python3.12/site-packages/airflow/example_dags/example_kubernetes_executor.py
[2026-03-13T22:43:54.742+0100] {processor.py:830} INFO - Processing file /Users/harshasogala/financial-data-platform/venv/lib/python3.12/site-packages/airflow/example_dags/example_kubernetes_executor.py for tasks to queue
[2026-03-13T22:43:54.742+0100] {logging_mixin.py:188} INFO - [2026-03-13T22:43:54.742+0100] {dagbag.py:545} INFO - Filling up the DagBag from /Users/harshasogala/financial-data-platform/venv/lib/python3.12/site-packages/airflow/example_dags/example_kubernetes_executor.py
[2026-03-13T22:43:54.767+0100] {logging_mixin.py:188} INFO - [2026-03-13T22:43:54.767+0100] {example_kubernetes_executor.py:39} WARNING - The example_kubernetes_executor example DAG requires the kubernetes provider. Please install it with: pip install apache-airflow[cncf.kubernetes]
[2026-03-13T22:43:54.767+0100] {processor.py:842} WARNING - No viable dags retrieved from /Users/harshasogala/financial-data-platform/venv/lib/python3.12/site-packages/airflow/example_dags/example_kubernetes_executor.py
[2026-03-13T22:43:54.810+0100] {processor.py:183} INFO - Processing /Users/harshasogala/financial-data-platform/venv/lib/python3.12/site-packages/airflow/example_dags/example_kubernetes_executor.py took 0.071 seconds
[2026-03-13T22:45:25.346+0100] {processor.py:161} INFO - Started process (PID=70292) to work on /Users/harshasogala/financial-data-platform/venv/lib/python3.12/site-packages/airflow/example_dags/example_kubernetes_executor.py
[2026-03-13T22:45:25.347+0100] {processor.py:830} INFO - Processing file /Users/harshasogala/financial-data-platform/venv/lib/python3.12/site-packages/airflow/example_dags/example_kubernetes_executor.py for tasks to queue
[2026-03-13T22:45:25.348+0100] {logging_mixin.py:188} INFO - [2026-03-13T22:45:25.348+0100] {dagbag.py:545} INFO - Filling up the DagBag from /Users/harshasogala/financial-data-platform/venv/lib/python3.12/site-packages/airflow/example_dags/example_kubernetes_executor.py
[2026-03-13T22:45:25.370+0100] {logging_mixin.py:188} INFO - [2026-03-13T22:45:25.370+0100] {example_kubernetes_executor.py:39} WARNING - The example_kubernetes_executor example DAG requires the kubernetes provider. Please install it with: pip install apache-airflow[cncf.kubernetes]
[2026-03-13T22:45:25.370+0100] {processor.py:842} WARNING - No viable dags retrieved from /Users/harshasogala/financial-data-platform/venv/lib/python3.12/site-packages/airflow/example_dags/example_kubernetes_executor.py
[2026-03-13T22:45:25.415+0100] {processor.py:183} INFO - Processing /Users/harshasogala/financial-data-platform/venv/lib/python3.12/site-packages/airflow/example_dags/example_kubernetes_executor.py took 0.070 seconds
[2026-03-13T22:46:51.706+0100] {processor.py:161} INFO - Started process (PID=70608) to work on /Users/harshasogala/financial-data-platform/venv/lib/python3.12/site-packages/airflow/example_dags/example_kubernetes_executor.py
[2026-03-13T22:46:51.707+0100] {processor.py:830} INFO - Processing file /Users/harshasogala/financial-data-platform/venv/lib/python3.12/site-packages/airflow/example_dags/example_kubernetes_executor.py for tasks to queue
[2026-03-13T22:46:51.707+0100] {logging_mixin.py:188} INFO - [2026-03-13T22:46:51.707+0100] {dagbag.py:545} INFO - Filling up the DagBag from /Users/harshasogala/financial-data-platform/venv/lib/python3.12/site-packages/airflow/example_dags/example_kubernetes_executor.py
[2026-03-13T22:46:51.728+0100] {logging_mixin.py:188} INFO - [2026-03-13T22:46:51.728+0100] {example_kubernetes_executor.py:39} WARNING - The example_kubernetes_executor example DAG requires the kubernetes provider. Please install it with: pip install apache-airflow[cncf.kubernetes]
[2026-03-13T22:46:51.728+0100] {processor.py:842} WARNING - No viable dags retrieved from /Users/harshasogala/financial-data-platform/venv/lib/python3.12/site-packages/airflow/example_dags/example_kubernetes_executor.py
[2026-03-13T22:46:51.770+0100] {processor.py:183} INFO - Processing /Users/harshasogala/financial-data-platform/venv/lib/python3.12/site-packages/airflow/example_dags/example_kubernetes_executor.py took 0.066 seconds
[2026-03-13T22:48:15.082+0100] {processor.py:161} INFO - Started process (PID=71413) to work on /Users/harshasogala/financial-data-platform/venv/lib/python3.12/site-packages/airflow/example_dags/example_kubernetes_executor.py
[2026-03-13T22:48:15.083+0100] {processor.py:830} INFO - Processing file /Users/harshasogala/financial-data-platform/venv/lib/python3.12/site-packages/airflow/example_dags/example_kubernetes_executor.py for tasks to queue
[2026-03-13T22:48:15.084+0100] {logging_mixin.py:188} INFO - [2026-03-13T22:48:15.084+0100] {dagbag.py:545} INFO - Filling up the DagBag from /Users/harshasogala/financial-data-platform/venv/lib/python3.12/site-packages/airflow/example_dags/example_kubernetes_executor.py
[2026-03-13T22:48:15.106+0100] {logging_mixin.py:188} INFO - [2026-03-13T22:48:15.105+0100] {example_kubernetes_executor.py:39} WARNING - The example_kubernetes_executor example DAG requires the kubernetes provider. Please install it with: pip install apache-airflow[cncf.kubernetes]
[2026-03-13T22:48:15.106+0100] {processor.py:842} WARNING - No viable dags retrieved from /Users/harshasogala/financial-data-platform/venv/lib/python3.12/site-packages/airflow/example_dags/example_kubernetes_executor.py
[2026-03-13T22:48:15.148+0100] {processor.py:183} INFO - Processing /Users/harshasogala/financial-data-platform/venv/lib/python3.12/site-packages/airflow/example_dags/example_kubernetes_executor.py took 0.068 seconds
[2026-03-13T22:49:34.981+0100] {processor.py:161} INFO - Started process (PID=71487) to work on /Users/harshasogala/financial-data-platform/venv/lib/python3.12/site-packages/airflow/example_dags/example_kubernetes_executor.py
[2026-03-13T22:49:34.983+0100] {processor.py:830} INFO - Processing file /Users/harshasogala/financial-data-platform/venv/lib/python3.12/site-packages/airflow/example_dags/example_kubernetes_executor.py for tasks to queue
[2026-03-13T22:49:34.983+0100] {logging_mixin.py:188} INFO - [2026-03-13T22:49:34.983+0100] {dagbag.py:545} INFO - Filling up the DagBag from /Users/harshasogala/financial-data-platform/venv/lib/python3.12/site-packages/airflow/example_dags/example_kubernetes_executor.py
[2026-03-13T22:49:35.022+0100] {logging_mixin.py:188} INFO - [2026-03-13T22:49:35.022+0100] {example_kubernetes_executor.py:39} WARNING - The example_kubernetes_executor example DAG requires the kubernetes provider. Please install it with: pip install apache-airflow[cncf.kubernetes]
[2026-03-13T22:49:35.022+0100] {processor.py:842} WARNING - No viable dags retrieved from /Users/harshasogala/financial-data-platform/venv/lib/python3.12/site-packages/airflow/example_dags/example_kubernetes_executor.py
[2026-03-13T22:49:35.082+0100] {processor.py:183} INFO - Processing /Users/harshasogala/financial-data-platform/venv/lib/python3.12/site-packages/airflow/example_dags/example_kubernetes_executor.py took 0.103 seconds
[2026-03-13T22:51:05.324+0100] {processor.py:161} INFO - Started process (PID=72025) to work on /Users/harshasogala/financial-data-platform/venv/lib/python3.12/site-packages/airflow/example_dags/example_kubernetes_executor.py
[2026-03-13T22:51:05.325+0100] {processor.py:830} INFO - Processing file /Users/harshasogala/financial-data-platform/venv/lib/python3.12/site-packages/airflow/example_dags/example_kubernetes_executor.py for tasks to queue
[2026-03-13T22:51:05.326+0100] {logging_mixin.py:188} INFO - [2026-03-13T22:51:05.326+0100] {dagbag.py:545} INFO - Filling up the DagBag from /Users/harshasogala/financial-data-platform/venv/lib/python3.12/site-packages/airflow/example_dags/example_kubernetes_executor.py
[2026-03-13T22:51:05.347+0100] {logging_mixin.py:188} INFO - [2026-03-13T22:51:05.347+0100] {example_kubernetes_executor.py:39} WARNING - The example_kubernetes_executor example DAG requires the kubernetes provider. Please install it with: pip install apache-airflow[cncf.kubernetes]
[2026-03-13T22:51:05.347+0100] {processor.py:842} WARNING - No viable dags retrieved from /Users/harshasogala/financial-data-platform/venv/lib/python3.12/site-packages/airflow/example_dags/example_kubernetes_executor.py
[2026-03-13T22:51:05.390+0100] {processor.py:183} INFO - Processing /Users/harshasogala/financial-data-platform/venv/lib/python3.12/site-packages/airflow/example_dags/example_kubernetes_executor.py took 0.067 seconds
[2026-03-13T22:52:21.389+0100] {processor.py:161} INFO - Started process (PID=72322) to work on /Users/harshasogala/financial-data-platform/venv/lib/python3.12/site-packages/airflow/example_dags/example_kubernetes_executor.py
[2026-03-13T22:52:21.390+0100] {processor.py:830} INFO - Processing file /Users/harshasogala/financial-data-platform/venv/lib/python3.12/site-packages/airflow/example_dags/example_kubernetes_executor.py for tasks to queue
[2026-03-13T22:52:21.391+0100] {logging_mixin.py:188} INFO - [2026-03-13T22:52:21.391+0100] {dagbag.py:545} INFO - Filling up the DagBag from /Users/harshasogala/financial-data-platform/venv/lib/python3.12/site-packages/airflow/example_dags/example_kubernetes_executor.py
[2026-03-13T22:52:21.413+0100] {logging_mixin.py:188} INFO - [2026-03-13T22:52:21.412+0100] {example_kubernetes_executor.py:39} WARNING - The example_kubernetes_executor example DAG requires the kubernetes provider. Please install it with: pip install apache-airflow[cncf.kubernetes]
[2026-03-13T22:52:21.413+0100] {processor.py:842} WARNING - No viable dags retrieved from /Users/harshasogala/financial-data-platform/venv/lib/python3.12/site-packages/airflow/example_dags/example_kubernetes_executor.py
[2026-03-13T22:52:21.455+0100] {processor.py:183} INFO - Processing /Users/harshasogala/financial-data-platform/venv/lib/python3.12/site-packages/airflow/example_dags/example_kubernetes_executor.py took 0.068 seconds
[2026-03-13T22:53:37.876+0100] {processor.py:161} INFO - Started process (PID=72421) to work on /Users/harshasogala/financial-data-platform/venv/lib/python3.12/site-packages/airflow/example_dags/example_kubernetes_executor.py
[2026-03-13T22:53:37.877+0100] {processor.py:830} INFO - Processing file /Users/harshasogala/financial-data-platform/venv/lib/python3.12/site-packages/airflow/example_dags/example_kubernetes_executor.py for tasks to queue
[2026-03-13T22:53:37.877+0100] {logging_mixin.py:188} INFO - [2026-03-13T22:53:37.877+0100] {dagbag.py:545} INFO - Filling up the DagBag from /Users/harshasogala/financial-data-platform/venv/lib/python3.12/site-packages/airflow/example_dags/example_kubernetes_executor.py
[2026-03-13T22:53:37.898+0100] {logging_mixin.py:188} INFO - [2026-03-13T22:53:37.898+0100] {example_kubernetes_executor.py:39} WARNING - The example_kubernetes_executor example DAG requires the kubernetes provider. Please install it with: pip install apache-airflow[cncf.kubernetes]
[2026-03-13T22:53:37.898+0100] {processor.py:842} WARNING - No viable dags retrieved from /Users/harshasogala/financial-data-platform/venv/lib/python3.12/site-packages/airflow/example_dags/example_kubernetes_executor.py
[2026-03-13T22:53:37.940+0100] {processor.py:183} INFO - Processing /Users/harshasogala/financial-data-platform/venv/lib/python3.12/site-packages/airflow/example_dags/example_kubernetes_executor.py took 0.066 seconds
[2026-03-13T22:55:07.520+0100] {processor.py:161} INFO - Started process (PID=72525) to work on /Users/harshasogala/financial-data-platform/venv/lib/python3.12/site-packages/airflow/example_dags/example_kubernetes_executor.py
[2026-03-13T22:55:07.521+0100] {processor.py:830} INFO - Processing file /Users/harshasogala/financial-data-platform/venv/lib/python3.12/site-packages/airflow/example_dags/example_kubernetes_executor.py for tasks to queue
[2026-03-13T22:55:07.521+0100] {logging_mixin.py:188} INFO - [2026-03-13T22:55:07.521+0100] {dagbag.py:545} INFO - Filling up the DagBag from /Users/harshasogala/financial-data-platform/venv/lib/python3.12/site-packages/airflow/example_dags/example_kubernetes_executor.py
[2026-03-13T22:55:07.542+0100] {logging_mixin.py:188} INFO - [2026-03-13T22:55:07.542+0100] {example_kubernetes_executor.py:39} WARNING - The example_kubernetes_executor example DAG requires the kubernetes provider. Please install it with: pip install apache-airflow[cncf.kubernetes]
[2026-03-13T22:55:07.542+0100] {processor.py:842} WARNING - No viable dags retrieved from /Users/harshasogala/financial-data-platform/venv/lib/python3.12/site-packages/airflow/example_dags/example_kubernetes_executor.py
[2026-03-13T22:55:07.585+0100] {processor.py:183} INFO - Processing /Users/harshasogala/financial-data-platform/venv/lib/python3.12/site-packages/airflow/example_dags/example_kubernetes_executor.py took 0.067 seconds
[2026-03-13T22:56:26.394+0100] {processor.py:161} INFO - Started process (PID=72619) to work on /Users/harshasogala/financial-data-platform/venv/lib/python3.12/site-packages/airflow/example_dags/example_kubernetes_executor.py
[2026-03-13T22:56:26.395+0100] {processor.py:830} INFO - Processing file /Users/harshasogala/financial-data-platform/venv/lib/python3.12/site-packages/airflow/example_dags/example_kubernetes_executor.py for tasks to queue
[2026-03-13T22:56:26.395+0100] {logging_mixin.py:188} INFO - [2026-03-13T22:56:26.395+0100] {dagbag.py:545} INFO - Filling up the DagBag from /Users/harshasogala/financial-data-platform/venv/lib/python3.12/site-packages/airflow/example_dags/example_kubernetes_executor.py
[2026-03-13T22:56:26.417+0100] {logging_mixin.py:188} INFO - [2026-03-13T22:56:26.417+0100] {example_kubernetes_executor.py:39} WARNING - The example_kubernetes_executor example DAG requires the kubernetes provider. Please install it with: pip install apache-airflow[cncf.kubernetes]
[2026-03-13T22:56:26.417+0100] {processor.py:842} WARNING - No viable dags retrieved from /Users/harshasogala/financial-data-platform/venv/lib/python3.12/site-packages/airflow/example_dags/example_kubernetes_executor.py
[2026-03-13T22:56:26.465+0100] {processor.py:183} INFO - Processing /Users/harshasogala/financial-data-platform/venv/lib/python3.12/site-packages/airflow/example_dags/example_kubernetes_executor.py took 0.072 seconds
[2026-03-13T22:57:45.066+0100] {processor.py:161} INFO - Started process (PID=72679) to work on /Users/harshasogala/financial-data-platform/venv/lib/python3.12/site-packages/airflow/example_dags/example_kubernetes_executor.py
[2026-03-13T22:57:45.067+0100] {processor.py:830} INFO - Processing file /Users/harshasogala/financial-data-platform/venv/lib/python3.12/site-packages/airflow/example_dags/example_kubernetes_executor.py for tasks to queue
[2026-03-13T22:57:45.068+0100] {logging_mixin.py:188} INFO - [2026-03-13T22:57:45.068+0100] {dagbag.py:545} INFO - Filling up the DagBag from /Users/harshasogala/financial-data-platform/venv/lib/python3.12/site-packages/airflow/example_dags/example_kubernetes_executor.py
[2026-03-13T22:57:45.089+0100] {logging_mixin.py:188} INFO - [2026-03-13T22:57:45.089+0100] {example_kubernetes_executor.py:39} WARNING - The example_kubernetes_executor example DAG requires the kubernetes provider. Please install it with: pip install apache-airflow[cncf.kubernetes]
[2026-03-13T22:57:45.090+0100] {processor.py:842} WARNING - No viable dags retrieved from /Users/harshasogala/financial-data-platform/venv/lib/python3.12/site-packages/airflow/example_dags/example_kubernetes_executor.py
[2026-03-13T22:57:45.134+0100] {processor.py:183} INFO - Processing /Users/harshasogala/financial-data-platform/venv/lib/python3.12/site-packages/airflow/example_dags/example_kubernetes_executor.py took 0.069 seconds
[2026-03-13T22:59:08.871+0100] {processor.py:161} INFO - Started process (PID=72755) to work on /Users/harshasogala/financial-data-platform/venv/lib/python3.12/site-packages/airflow/example_dags/example_kubernetes_executor.py
[2026-03-13T22:59:08.873+0100] {processor.py:830} INFO - Processing file /Users/harshasogala/financial-data-platform/venv/lib/python3.12/site-packages/airflow/example_dags/example_kubernetes_executor.py for tasks to queue
[2026-03-13T22:59:08.873+0100] {logging_mixin.py:188} INFO - [2026-03-13T22:59:08.873+0100] {dagbag.py:545} INFO - Filling up the DagBag from /Users/harshasogala/financial-data-platform/venv/lib/python3.12/site-packages/airflow/example_dags/example_kubernetes_executor.py
[2026-03-13T22:59:08.896+0100] {logging_mixin.py:188} INFO - [2026-03-13T22:59:08.896+0100] {example_kubernetes_executor.py:39} WARNING - The example_kubernetes_executor example DAG requires the kubernetes provider. Please install it with: pip install apache-airflow[cncf.kubernetes]
[2026-03-13T22:59:08.896+0100] {processor.py:842} WARNING - No viable dags retrieved from /Users/harshasogala/financial-data-platform/venv/lib/python3.12/site-packages/airflow/example_dags/example_kubernetes_executor.py
[2026-03-13T22:59:08.940+0100] {processor.py:183} INFO - Processing /Users/harshasogala/financial-data-platform/venv/lib/python3.12/site-packages/airflow/example_dags/example_kubernetes_executor.py took 0.071 seconds
[2026-03-13T23:00:26.090+0100] {processor.py:161} INFO - Started process (PID=72825) to work on /Users/harshasogala/financial-data-platform/venv/lib/python3.12/site-packages/airflow/example_dags/example_kubernetes_executor.py
[2026-03-13T23:00:26.091+0100] {processor.py:830} INFO - Processing file /Users/harshasogala/financial-data-platform/venv/lib/python3.12/site-packages/airflow/example_dags/example_kubernetes_executor.py for tasks to queue
[2026-03-13T23:00:26.092+0100] {logging_mixin.py:188} INFO - [2026-03-13T23:00:26.091+0100] {dagbag.py:545} INFO - Filling up the DagBag from /Users/harshasogala/financial-data-platform/venv/lib/python3.12/site-packages/airflow/example_dags/example_kubernetes_executor.py
[2026-03-13T23:00:26.142+0100] {logging_mixin.py:188} INFO - [2026-03-13T23:00:26.142+0100] {example_kubernetes_executor.py:39} WARNING - The example_kubernetes_executor example DAG requires the kubernetes provider. Please install it with: pip install apache-airflow[cncf.kubernetes]
[2026-03-13T23:00:26.142+0100] {processor.py:842} WARNING - No viable dags retrieved from /Users/harshasogala/financial-data-platform/venv/lib/python3.12/site-packages/airflow/example_dags/example_kubernetes_executor.py
[2026-03-13T23:00:26.195+0100] {processor.py:183} INFO - Processing /Users/harshasogala/financial-data-platform/venv/lib/python3.12/site-packages/airflow/example_dags/example_kubernetes_executor.py took 0.107 seconds
[2026-03-13T23:01:46.941+0100] {processor.py:161} INFO - Started process (PID=72887) to work on /Users/harshasogala/financial-data-platform/venv/lib/python3.12/site-packages/airflow/example_dags/example_kubernetes_executor.py
[2026-03-13T23:01:46.941+0100] {processor.py:830} INFO - Processing file /Users/harshasogala/financial-data-platform/venv/lib/python3.12/site-packages/airflow/example_dags/example_kubernetes_executor.py for tasks to queue
[2026-03-13T23:01:46.942+0100] {logging_mixin.py:188} INFO - [2026-03-13T23:01:46.942+0100] {dagbag.py:545} INFO - Filling up the DagBag from /Users/harshasogala/financial-data-platform/venv/lib/python3.12/site-packages/airflow/example_dags/example_kubernetes_executor.py
[2026-03-13T23:01:46.964+0100] {logging_mixin.py:188} INFO - [2026-03-13T23:01:46.963+0100] {example_kubernetes_executor.py:39} WARNING - The example_kubernetes_executor example DAG requires the kubernetes provider. Please install it with: pip install apache-airflow[cncf.kubernetes]
[2026-03-13T23:01:46.964+0100] {processor.py:842} WARNING - No viable dags retrieved from /Users/harshasogala/financial-data-platform/venv/lib/python3.12/site-packages/airflow/example_dags/example_kubernetes_executor.py
[2026-03-13T23:01:47.006+0100] {processor.py:183} INFO - Processing /Users/harshasogala/financial-data-platform/venv/lib/python3.12/site-packages/airflow/example_dags/example_kubernetes_executor.py took 0.067 seconds
[2026-03-13T23:03:04.013+0100] {processor.py:161} INFO - Started process (PID=72945) to work on /Users/harshasogala/financial-data-platform/venv/lib/python3.12/site-packages/airflow/example_dags/example_kubernetes_executor.py
[2026-03-13T23:03:04.014+0100] {processor.py:830} INFO - Processing file /Users/harshasogala/financial-data-platform/venv/lib/python3.12/site-packages/airflow/example_dags/example_kubernetes_executor.py for tasks to queue
[2026-03-13T23:03:04.014+0100] {logging_mixin.py:188} INFO - [2026-03-13T23:03:04.014+0100] {dagbag.py:545} INFO - Filling up the DagBag from /Users/harshasogala/financial-data-platform/venv/lib/python3.12/site-packages/airflow/example_dags/example_kubernetes_executor.py
[2026-03-13T23:03:04.036+0100] {logging_mixin.py:188} INFO - [2026-03-13T23:03:04.036+0100] {example_kubernetes_executor.py:39} WARNING - The example_kubernetes_executor example DAG requires the kubernetes provider. Please install it with: pip install apache-airflow[cncf.kubernetes]
[2026-03-13T23:03:04.036+0100] {processor.py:842} WARNING - No viable dags retrieved from /Users/harshasogala/financial-data-platform/venv/lib/python3.12/site-packages/airflow/example_dags/example_kubernetes_executor.py
[2026-03-13T23:03:04.079+0100] {processor.py:183} INFO - Processing /Users/harshasogala/financial-data-platform/venv/lib/python3.12/site-packages/airflow/example_dags/example_kubernetes_executor.py took 0.069 seconds
[2026-03-13T23:04:23.253+0100] {processor.py:161} INFO - Started process (PID=73006) to work on /Users/harshasogala/financial-data-platform/venv/lib/python3.12/site-packages/airflow/example_dags/example_kubernetes_executor.py
[2026-03-13T23:04:23.255+0100] {processor.py:830} INFO - Processing file /Users/harshasogala/financial-data-platform/venv/lib/python3.12/site-packages/airflow/example_dags/example_kubernetes_executor.py for tasks to queue
[2026-03-13T23:04:23.255+0100] {logging_mixin.py:188} INFO - [2026-03-13T23:04:23.255+0100] {dagbag.py:545} INFO - Filling up the DagBag from /Users/harshasogala/financial-data-platform/venv/lib/python3.12/site-packages/airflow/example_dags/example_kubernetes_executor.py
[2026-03-13T23:04:23.279+0100] {logging_mixin.py:188} INFO - [2026-03-13T23:04:23.279+0100] {example_kubernetes_executor.py:39} WARNING - The example_kubernetes_executor example DAG requires the kubernetes provider. Please install it with: pip install apache-airflow[cncf.kubernetes]
[2026-03-13T23:04:23.279+0100] {processor.py:842} WARNING - No viable dags retrieved from /Users/harshasogala/financial-data-platform/venv/lib/python3.12/site-packages/airflow/example_dags/example_kubernetes_executor.py
[2026-03-13T23:04:23.334+0100] {processor.py:183} INFO - Processing /Users/harshasogala/financial-data-platform/venv/lib/python3.12/site-packages/airflow/example_dags/example_kubernetes_executor.py took 0.083 seconds
[2026-03-13T23:05:40.175+0100] {processor.py:161} INFO - Started process (PID=73071) to work on /Users/harshasogala/financial-data-platform/venv/lib/python3.12/site-packages/airflow/example_dags/example_kubernetes_executor.py
[2026-03-13T23:05:40.176+0100] {processor.py:830} INFO - Processing file /Users/harshasogala/financial-data-platform/venv/lib/python3.12/site-packages/airflow/example_dags/example_kubernetes_executor.py for tasks to queue
[2026-03-13T23:05:40.176+0100] {logging_mixin.py:188} INFO - [2026-03-13T23:05:40.176+0100] {dagbag.py:545} INFO - Filling up the DagBag from /Users/harshasogala/financial-data-platform/venv/lib/python3.12/site-packages/airflow/example_dags/example_kubernetes_executor.py
[2026-03-13T23:05:40.199+0100] {logging_mixin.py:188} INFO - [2026-03-13T23:05:40.199+0100] {example_kubernetes_executor.py:39} WARNING - The example_kubernetes_executor example DAG requires the kubernetes provider. Please install it with: pip install apache-airflow[cncf.kubernetes]
[2026-03-13T23:05:40.199+0100] {processor.py:842} WARNING - No viable dags retrieved from /Users/harshasogala/financial-data-platform/venv/lib/python3.12/site-packages/airflow/example_dags/example_kubernetes_executor.py
[2026-03-13T23:05:40.241+0100] {processor.py:183} INFO - Processing /Users/harshasogala/financial-data-platform/venv/lib/python3.12/site-packages/airflow/example_dags/example_kubernetes_executor.py took 0.068 seconds
[2026-03-13T23:07:01.109+0100] {processor.py:161} INFO - Started process (PID=73138) to work on /Users/harshasogala/financial-data-platform/venv/lib/python3.12/site-packages/airflow/example_dags/example_kubernetes_executor.py
[2026-03-13T23:07:01.110+0100] {processor.py:830} INFO - Processing file /Users/harshasogala/financial-data-platform/venv/lib/python3.12/site-packages/airflow/example_dags/example_kubernetes_executor.py for tasks to queue
[2026-03-13T23:07:01.110+0100] {logging_mixin.py:188} INFO - [2026-03-13T23:07:01.110+0100] {dagbag.py:545} INFO - Filling up the DagBag from /Users/harshasogala/financial-data-platform/venv/lib/python3.12/site-packages/airflow/example_dags/example_kubernetes_executor.py
[2026-03-13T23:07:01.134+0100] {logging_mixin.py:188} INFO - [2026-03-13T23:07:01.134+0100] {example_kubernetes_executor.py:39} WARNING - The example_kubernetes_executor example DAG requires the kubernetes provider. Please install it with: pip install apache-airflow[cncf.kubernetes]
[2026-03-13T23:07:01.134+0100] {processor.py:842} WARNING - No viable dags retrieved from /Users/harshasogala/financial-data-platform/venv/lib/python3.12/site-packages/airflow/example_dags/example_kubernetes_executor.py
[2026-03-13T23:07:01.176+0100] {processor.py:183} INFO - Processing /Users/harshasogala/financial-data-platform/venv/lib/python3.12/site-packages/airflow/example_dags/example_kubernetes_executor.py took 0.069 seconds
[2026-03-13T23:08:20.265+0100] {processor.py:161} INFO - Started process (PID=73199) to work on /Users/harshasogala/financial-data-platform/venv/lib/python3.12/site-packages/airflow/example_dags/example_kubernetes_executor.py
[2026-03-13T23:08:20.266+0100] {processor.py:830} INFO - Processing file /Users/harshasogala/financial-data-platform/venv/lib/python3.12/site-packages/airflow/example_dags/example_kubernetes_executor.py for tasks to queue
[2026-03-13T23:08:20.266+0100] {logging_mixin.py:188} INFO - [2026-03-13T23:08:20.266+0100] {dagbag.py:545} INFO - Filling up the DagBag from /Users/harshasogala/financial-data-platform/venv/lib/python3.12/site-packages/airflow/example_dags/example_kubernetes_executor.py
[2026-03-13T23:08:20.287+0100] {logging_mixin.py:188} INFO - [2026-03-13T23:08:20.287+0100] {example_kubernetes_executor.py:39} WARNING - The example_kubernetes_executor example DAG requires the kubernetes provider. Please install it with: pip install apache-airflow[cncf.kubernetes]
[2026-03-13T23:08:20.287+0100] {processor.py:842} WARNING - No viable dags retrieved from /Users/harshasogala/financial-data-platform/venv/lib/python3.12/site-packages/airflow/example_dags/example_kubernetes_executor.py
[2026-03-13T23:08:20.330+0100] {processor.py:183} INFO - Processing /Users/harshasogala/financial-data-platform/venv/lib/python3.12/site-packages/airflow/example_dags/example_kubernetes_executor.py took 0.067 seconds
[2026-03-13T23:09:32.524+0100] {processor.py:161} INFO - Started process (PID=73258) to work on /Users/harshasogala/financial-data-platform/venv/lib/python3.12/site-packages/airflow/example_dags/example_kubernetes_executor.py
[2026-03-13T23:09:32.525+0100] {processor.py:830} INFO - Processing file /Users/harshasogala/financial-data-platform/venv/lib/python3.12/site-packages/airflow/example_dags/example_kubernetes_executor.py for tasks to queue
[2026-03-13T23:09:32.525+0100] {logging_mixin.py:188} INFO - [2026-03-13T23:09:32.525+0100] {dagbag.py:545} INFO - Filling up the DagBag from /Users/harshasogala/financial-data-platform/venv/lib/python3.12/site-packages/airflow/example_dags/example_kubernetes_executor.py
[2026-03-13T23:09:32.547+0100] {logging_mixin.py:188} INFO - [2026-03-13T23:09:32.547+0100] {example_kubernetes_executor.py:39} WARNING - The example_kubernetes_executor example DAG requires the kubernetes provider. Please install it with: pip install apache-airflow[cncf.kubernetes]
[2026-03-13T23:09:32.547+0100] {processor.py:842} WARNING - No viable dags retrieved from /Users/harshasogala/financial-data-platform/venv/lib/python3.12/site-packages/airflow/example_dags/example_kubernetes_executor.py
[2026-03-13T23:09:32.589+0100] {processor.py:183} INFO - Processing /Users/harshasogala/financial-data-platform/venv/lib/python3.12/site-packages/airflow/example_dags/example_kubernetes_executor.py took 0.068 seconds
[2026-03-13T23:10:45.668+0100] {processor.py:161} INFO - Started process (PID=73315) to work on /Users/harshasogala/financial-data-platform/venv/lib/python3.12/site-packages/airflow/example_dags/example_kubernetes_executor.py
[2026-03-13T23:10:45.669+0100] {processor.py:830} INFO - Processing file /Users/harshasogala/financial-data-platform/venv/lib/python3.12/site-packages/airflow/example_dags/example_kubernetes_executor.py for tasks to queue
[2026-03-13T23:10:45.670+0100] {logging_mixin.py:188} INFO - [2026-03-13T23:10:45.670+0100] {dagbag.py:545} INFO - Filling up the DagBag from /Users/harshasogala/financial-data-platform/venv/lib/python3.12/site-packages/airflow/example_dags/example_kubernetes_executor.py
[2026-03-13T23:10:45.692+0100] {logging_mixin.py:188} INFO - [2026-03-13T23:10:45.692+0100] {example_kubernetes_executor.py:39} WARNING - The example_kubernetes_executor example DAG requires the kubernetes provider. Please install it with: pip install apache-airflow[cncf.kubernetes]
[2026-03-13T23:10:45.692+0100] {processor.py:842} WARNING - No viable dags retrieved from /Users/harshasogala/financial-data-platform/venv/lib/python3.12/site-packages/airflow/example_dags/example_kubernetes_executor.py
[2026-03-13T23:10:45.736+0100] {processor.py:183} INFO - Processing /Users/harshasogala/financial-data-platform/venv/lib/python3.12/site-packages/airflow/example_dags/example_kubernetes_executor.py took 0.070 seconds
[2026-03-13T23:11:58.954+0100] {processor.py:161} INFO - Started process (PID=73385) to work on /Users/harshasogala/financial-data-platform/venv/lib/python3.12/site-packages/airflow/example_dags/example_kubernetes_executor.py
[2026-03-13T23:11:58.955+0100] {processor.py:830} INFO - Processing file /Users/harshasogala/financial-data-platform/venv/lib/python3.12/site-packages/airflow/example_dags/example_kubernetes_executor.py for tasks to queue
[2026-03-13T23:11:58.956+0100] {logging_mixin.py:188} INFO - [2026-03-13T23:11:58.956+0100] {dagbag.py:545} INFO - Filling up the DagBag from /Users/harshasogala/financial-data-platform/venv/lib/python3.12/site-packages/airflow/example_dags/example_kubernetes_executor.py
[2026-03-13T23:11:58.977+0100] {logging_mixin.py:188} INFO - [2026-03-13T23:11:58.977+0100] {example_kubernetes_executor.py:39} WARNING - The example_kubernetes_executor example DAG requires the kubernetes provider. Please install it with: pip install apache-airflow[cncf.kubernetes]
[2026-03-13T23:11:58.977+0100] {processor.py:842} WARNING - No viable dags retrieved from /Users/harshasogala/financial-data-platform/venv/lib/python3.12/site-packages/airflow/example_dags/example_kubernetes_executor.py
[2026-03-13T23:11:59.020+0100] {processor.py:183} INFO - Processing /Users/harshasogala/financial-data-platform/venv/lib/python3.12/site-packages/airflow/example_dags/example_kubernetes_executor.py took 0.068 seconds
[2026-03-13T23:13:13.724+0100] {processor.py:161} INFO - Started process (PID=73442) to work on /Users/harshasogala/financial-data-platform/venv/lib/python3.12/site-packages/airflow/example_dags/example_kubernetes_executor.py
[2026-03-13T23:13:13.726+0100] {processor.py:830} INFO - Processing file /Users/harshasogala/financial-data-platform/venv/lib/python3.12/site-packages/airflow/example_dags/example_kubernetes_executor.py for tasks to queue
[2026-03-13T23:13:13.726+0100] {logging_mixin.py:188} INFO - [2026-03-13T23:13:13.726+0100] {dagbag.py:545} INFO - Filling up the DagBag from /Users/harshasogala/financial-data-platform/venv/lib/python3.12/site-packages/airflow/example_dags/example_kubernetes_executor.py
[2026-03-13T23:13:13.747+0100] {logging_mixin.py:188} INFO - [2026-03-13T23:13:13.747+0100] {example_kubernetes_executor.py:39} WARNING - The example_kubernetes_executor example DAG requires the kubernetes provider. Please install it with: pip install apache-airflow[cncf.kubernetes]
[2026-03-13T23:13:13.747+0100] {processor.py:842} WARNING - No viable dags retrieved from /Users/harshasogala/financial-data-platform/venv/lib/python3.12/site-packages/airflow/example_dags/example_kubernetes_executor.py
[2026-03-13T23:13:13.789+0100] {processor.py:183} INFO - Processing /Users/harshasogala/financial-data-platform/venv/lib/python3.12/site-packages/airflow/example_dags/example_kubernetes_executor.py took 0.066 seconds
[2026-03-13T23:14:27.627+0100] {processor.py:161} INFO - Started process (PID=73504) to work on /Users/harshasogala/financial-data-platform/venv/lib/python3.12/site-packages/airflow/example_dags/example_kubernetes_executor.py
[2026-03-13T23:14:27.628+0100] {processor.py:830} INFO - Processing file /Users/harshasogala/financial-data-platform/venv/lib/python3.12/site-packages/airflow/example_dags/example_kubernetes_executor.py for tasks to queue
[2026-03-13T23:14:27.629+0100] {logging_mixin.py:188} INFO - [2026-03-13T23:14:27.628+0100] {dagbag.py:545} INFO - Filling up the DagBag from /Users/harshasogala/financial-data-platform/venv/lib/python3.12/site-packages/airflow/example_dags/example_kubernetes_executor.py
[2026-03-13T23:14:27.650+0100] {logging_mixin.py:188} INFO - [2026-03-13T23:14:27.650+0100] {example_kubernetes_executor.py:39} WARNING - The example_kubernetes_executor example DAG requires the kubernetes provider. Please install it with: pip install apache-airflow[cncf.kubernetes]
[2026-03-13T23:14:27.650+0100] {processor.py:842} WARNING - No viable dags retrieved from /Users/harshasogala/financial-data-platform/venv/lib/python3.12/site-packages/airflow/example_dags/example_kubernetes_executor.py
[2026-03-13T23:14:27.694+0100] {processor.py:183} INFO - Processing /Users/harshasogala/financial-data-platform/venv/lib/python3.12/site-packages/airflow/example_dags/example_kubernetes_executor.py took 0.069 seconds
[2026-03-13T23:15:43.522+0100] {processor.py:161} INFO - Started process (PID=73564) to work on /Users/harshasogala/financial-data-platform/venv/lib/python3.12/site-packages/airflow/example_dags/example_kubernetes_executor.py
[2026-03-13T23:15:43.523+0100] {processor.py:830} INFO - Processing file /Users/harshasogala/financial-data-platform/venv/lib/python3.12/site-packages/airflow/example_dags/example_kubernetes_executor.py for tasks to queue
[2026-03-13T23:15:43.523+0100] {logging_mixin.py:188} INFO - [2026-03-13T23:15:43.523+0100] {dagbag.py:545} INFO - Filling up the DagBag from /Users/harshasogala/financial-data-platform/venv/lib/python3.12/site-packages/airflow/example_dags/example_kubernetes_executor.py
[2026-03-13T23:15:43.545+0100] {logging_mixin.py:188} INFO - [2026-03-13T23:15:43.544+0100] {example_kubernetes_executor.py:39} WARNING - The example_kubernetes_executor example DAG requires the kubernetes provider. Please install it with: pip install apache-airflow[cncf.kubernetes]
[2026-03-13T23:15:43.545+0100] {processor.py:842} WARNING - No viable dags retrieved from /Users/harshasogala/financial-data-platform/venv/lib/python3.12/site-packages/airflow/example_dags/example_kubernetes_executor.py
[2026-03-13T23:15:43.587+0100] {processor.py:183} INFO - Processing /Users/harshasogala/financial-data-platform/venv/lib/python3.12/site-packages/airflow/example_dags/example_kubernetes_executor.py took 0.066 seconds
[2026-03-13T23:16:58.253+0100] {processor.py:161} INFO - Started process (PID=73630) to work on /Users/harshasogala/financial-data-platform/venv/lib/python3.12/site-packages/airflow/example_dags/example_kubernetes_executor.py
[2026-03-13T23:16:58.254+0100] {processor.py:830} INFO - Processing file /Users/harshasogala/financial-data-platform/venv/lib/python3.12/site-packages/airflow/example_dags/example_kubernetes_executor.py for tasks to queue
[2026-03-13T23:16:58.254+0100] {logging_mixin.py:188} INFO - [2026-03-13T23:16:58.254+0100] {dagbag.py:545} INFO - Filling up the DagBag from /Users/harshasogala/financial-data-platform/venv/lib/python3.12/site-packages/airflow/example_dags/example_kubernetes_executor.py
[2026-03-13T23:16:58.275+0100] {logging_mixin.py:188} INFO - [2026-03-13T23:16:58.275+0100] {example_kubernetes_executor.py:39} WARNING - The example_kubernetes_executor example DAG requires the kubernetes provider. Please install it with: pip install apache-airflow[cncf.kubernetes]
[2026-03-13T23:16:58.276+0100] {processor.py:842} WARNING - No viable dags retrieved from /Users/harshasogala/financial-data-platform/venv/lib/python3.12/site-packages/airflow/example_dags/example_kubernetes_executor.py
[2026-03-13T23:16:58.319+0100] {processor.py:183} INFO - Processing /Users/harshasogala/financial-data-platform/venv/lib/python3.12/site-packages/airflow/example_dags/example_kubernetes_executor.py took 0.068 seconds
[2026-03-13T23:18:15.958+0100] {processor.py:161} INFO - Started process (PID=73694) to work on /Users/harshasogala/financial-data-platform/venv/lib/python3.12/site-packages/airflow/example_dags/example_kubernetes_executor.py
[2026-03-13T23:18:15.959+0100] {processor.py:830} INFO - Processing file /Users/harshasogala/financial-data-platform/venv/lib/python3.12/site-packages/airflow/example_dags/example_kubernetes_executor.py for tasks to queue
[2026-03-13T23:18:15.959+0100] {logging_mixin.py:188} INFO - [2026-03-13T23:18:15.959+0100] {dagbag.py:545} INFO - Filling up the DagBag from /Users/harshasogala/financial-data-platform/venv/lib/python3.12/site-packages/airflow/example_dags/example_kubernetes_executor.py
[2026-03-13T23:18:15.980+0100] {logging_mixin.py:188} INFO - [2026-03-13T23:18:15.980+0100] {example_kubernetes_executor.py:39} WARNING - The example_kubernetes_executor example DAG requires the kubernetes provider. Please install it with: pip install apache-airflow[cncf.kubernetes]
[2026-03-13T23:18:15.980+0100] {processor.py:842} WARNING - No viable dags retrieved from /Users/harshasogala/financial-data-platform/venv/lib/python3.12/site-packages/airflow/example_dags/example_kubernetes_executor.py
[2026-03-13T23:18:16.023+0100] {processor.py:183} INFO - Processing /Users/harshasogala/financial-data-platform/venv/lib/python3.12/site-packages/airflow/example_dags/example_kubernetes_executor.py took 0.067 seconds
[2026-03-13T23:19:31.179+0100] {processor.py:161} INFO - Started process (PID=73754) to work on /Users/harshasogala/financial-data-platform/venv/lib/python3.12/site-packages/airflow/example_dags/example_kubernetes_executor.py
[2026-03-13T23:19:31.180+0100] {processor.py:830} INFO - Processing file /Users/harshasogala/financial-data-platform/venv/lib/python3.12/site-packages/airflow/example_dags/example_kubernetes_executor.py for tasks to queue
[2026-03-13T23:19:31.180+0100] {logging_mixin.py:188} INFO - [2026-03-13T23:19:31.180+0100] {dagbag.py:545} INFO - Filling up the DagBag from /Users/harshasogala/financial-data-platform/venv/lib/python3.12/site-packages/airflow/example_dags/example_kubernetes_executor.py
[2026-03-13T23:19:31.202+0100] {logging_mixin.py:188} INFO - [2026-03-13T23:19:31.201+0100] {example_kubernetes_executor.py:39} WARNING - The example_kubernetes_executor example DAG requires the kubernetes provider. Please install it with: pip install apache-airflow[cncf.kubernetes]
[2026-03-13T23:19:31.202+0100] {processor.py:842} WARNING - No viable dags retrieved from /Users/harshasogala/financial-data-platform/venv/lib/python3.12/site-packages/airflow/example_dags/example_kubernetes_executor.py
[2026-03-13T23:19:31.244+0100] {processor.py:183} INFO - Processing /Users/harshasogala/financial-data-platform/venv/lib/python3.12/site-packages/airflow/example_dags/example_kubernetes_executor.py took 0.066 seconds
[2026-03-13T23:20:50.131+0100] {processor.py:161} INFO - Started process (PID=73823) to work on /Users/harshasogala/financial-data-platform/venv/lib/python3.12/site-packages/airflow/example_dags/example_kubernetes_executor.py
[2026-03-13T23:20:50.132+0100] {processor.py:830} INFO - Processing file /Users/harshasogala/financial-data-platform/venv/lib/python3.12/site-packages/airflow/example_dags/example_kubernetes_executor.py for tasks to queue
[2026-03-13T23:20:50.132+0100] {logging_mixin.py:188} INFO - [2026-03-13T23:20:50.132+0100] {dagbag.py:545} INFO - Filling up the DagBag from /Users/harshasogala/financial-data-platform/venv/lib/python3.12/site-packages/airflow/example_dags/example_kubernetes_executor.py
[2026-03-13T23:20:50.153+0100] {logging_mixin.py:188} INFO - [2026-03-13T23:20:50.153+0100] {example_kubernetes_executor.py:39} WARNING - The example_kubernetes_executor example DAG requires the kubernetes provider. Please install it with: pip install apache-airflow[cncf.kubernetes]
[2026-03-13T23:20:50.153+0100] {processor.py:842} WARNING - No viable dags retrieved from /Users/harshasogala/financial-data-platform/venv/lib/python3.12/site-packages/airflow/example_dags/example_kubernetes_executor.py
[2026-03-13T23:20:50.197+0100] {processor.py:183} INFO - Processing /Users/harshasogala/financial-data-platform/venv/lib/python3.12/site-packages/airflow/example_dags/example_kubernetes_executor.py took 0.069 seconds
[2026-03-13T23:22:03.393+0100] {processor.py:161} INFO - Started process (PID=73903) to work on /Users/harshasogala/financial-data-platform/venv/lib/python3.12/site-packages/airflow/example_dags/example_kubernetes_executor.py
[2026-03-13T23:22:03.394+0100] {processor.py:830} INFO - Processing file /Users/harshasogala/financial-data-platform/venv/lib/python3.12/site-packages/airflow/example_dags/example_kubernetes_executor.py for tasks to queue
[2026-03-13T23:22:03.394+0100] {logging_mixin.py:188} INFO - [2026-03-13T23:22:03.394+0100] {dagbag.py:545} INFO - Filling up the DagBag from /Users/harshasogala/financial-data-platform/venv/lib/python3.12/site-packages/airflow/example_dags/example_kubernetes_executor.py
[2026-03-13T23:22:03.415+0100] {logging_mixin.py:188} INFO - [2026-03-13T23:22:03.415+0100] {example_kubernetes_executor.py:39} WARNING - The example_kubernetes_executor example DAG requires the kubernetes provider. Please install it with: pip install apache-airflow[cncf.kubernetes]
[2026-03-13T23:22:03.416+0100] {processor.py:842} WARNING - No viable dags retrieved from /Users/harshasogala/financial-data-platform/venv/lib/python3.12/site-packages/airflow/example_dags/example_kubernetes_executor.py
[2026-03-13T23:22:03.457+0100] {processor.py:183} INFO - Processing /Users/harshasogala/financial-data-platform/venv/lib/python3.12/site-packages/airflow/example_dags/example_kubernetes_executor.py took 0.066 seconds
[2026-03-13T23:23:18.366+0100] {processor.py:161} INFO - Started process (PID=73965) to work on /Users/harshasogala/financial-data-platform/venv/lib/python3.12/site-packages/airflow/example_dags/example_kubernetes_executor.py
[2026-03-13T23:23:18.367+0100] {processor.py:830} INFO - Processing file /Users/harshasogala/financial-data-platform/venv/lib/python3.12/site-packages/airflow/example_dags/example_kubernetes_executor.py for tasks to queue
[2026-03-13T23:23:18.367+0100] {logging_mixin.py:188} INFO - [2026-03-13T23:23:18.367+0100] {dagbag.py:545} INFO - Filling up the DagBag from /Users/harshasogala/financial-data-platform/venv/lib/python3.12/site-packages/airflow/example_dags/example_kubernetes_executor.py
[2026-03-13T23:23:18.391+0100] {logging_mixin.py:188} INFO - [2026-03-13T23:23:18.391+0100] {example_kubernetes_executor.py:39} WARNING - The example_kubernetes_executor example DAG requires the kubernetes provider. Please install it with: pip install apache-airflow[cncf.kubernetes]
[2026-03-13T23:23:18.391+0100] {processor.py:842} WARNING - No viable dags retrieved from /Users/harshasogala/financial-data-platform/venv/lib/python3.12/site-packages/airflow/example_dags/example_kubernetes_executor.py
[2026-03-13T23:23:18.436+0100] {processor.py:183} INFO - Processing /Users/harshasogala/financial-data-platform/venv/lib/python3.12/site-packages/airflow/example_dags/example_kubernetes_executor.py took 0.073 seconds
[2026-03-13T23:24:30.106+0100] {processor.py:161} INFO - Started process (PID=74025) to work on /Users/harshasogala/financial-data-platform/venv/lib/python3.12/site-packages/airflow/example_dags/example_kubernetes_executor.py
[2026-03-13T23:24:30.107+0100] {processor.py:830} INFO - Processing file /Users/harshasogala/financial-data-platform/venv/lib/python3.12/site-packages/airflow/example_dags/example_kubernetes_executor.py for tasks to queue
[2026-03-13T23:24:30.107+0100] {logging_mixin.py:188} INFO - [2026-03-13T23:24:30.107+0100] {dagbag.py:545} INFO - Filling up the DagBag from /Users/harshasogala/financial-data-platform/venv/lib/python3.12/site-packages/airflow/example_dags/example_kubernetes_executor.py
[2026-03-13T23:24:30.130+0100] {logging_mixin.py:188} INFO - [2026-03-13T23:24:30.130+0100] {example_kubernetes_executor.py:39} WARNING - The example_kubernetes_executor example DAG requires the kubernetes provider. Please install it with: pip install apache-airflow[cncf.kubernetes]
[2026-03-13T23:24:30.131+0100] {processor.py:842} WARNING - No viable dags retrieved from /Users/harshasogala/financial-data-platform/venv/lib/python3.12/site-packages/airflow/example_dags/example_kubernetes_executor.py
[2026-03-13T23:24:30.175+0100] {processor.py:183} INFO - Processing /Users/harshasogala/financial-data-platform/venv/lib/python3.12/site-packages/airflow/example_dags/example_kubernetes_executor.py took 0.072 seconds
[2026-03-13T23:25:51.683+0100] {processor.py:161} INFO - Started process (PID=74085) to work on /Users/harshasogala/financial-data-platform/venv/lib/python3.12/site-packages/airflow/example_dags/example_kubernetes_executor.py
[2026-03-13T23:25:51.685+0100] {processor.py:830} INFO - Processing file /Users/harshasogala/financial-data-platform/venv/lib/python3.12/site-packages/airflow/example_dags/example_kubernetes_executor.py for tasks to queue
[2026-03-13T23:25:51.685+0100] {logging_mixin.py:188} INFO - [2026-03-13T23:25:51.685+0100] {dagbag.py:545} INFO - Filling up the DagBag from /Users/harshasogala/financial-data-platform/venv/lib/python3.12/site-packages/airflow/example_dags/example_kubernetes_executor.py
[2026-03-13T23:25:51.706+0100] {logging_mixin.py:188} INFO - [2026-03-13T23:25:51.706+0100] {example_kubernetes_executor.py:39} WARNING - The example_kubernetes_executor example DAG requires the kubernetes provider. Please install it with: pip install apache-airflow[cncf.kubernetes]
[2026-03-13T23:25:51.706+0100] {processor.py:842} WARNING - No viable dags retrieved from /Users/harshasogala/financial-data-platform/venv/lib/python3.12/site-packages/airflow/example_dags/example_kubernetes_executor.py
[2026-03-13T23:25:51.748+0100] {processor.py:183} INFO - Processing /Users/harshasogala/financial-data-platform/venv/lib/python3.12/site-packages/airflow/example_dags/example_kubernetes_executor.py took 0.066 seconds
[2026-03-13T23:27:04.764+0100] {processor.py:161} INFO - Started process (PID=74150) to work on /Users/harshasogala/financial-data-platform/venv/lib/python3.12/site-packages/airflow/example_dags/example_kubernetes_executor.py
[2026-03-13T23:27:04.765+0100] {processor.py:830} INFO - Processing file /Users/harshasogala/financial-data-platform/venv/lib/python3.12/site-packages/airflow/example_dags/example_kubernetes_executor.py for tasks to queue
[2026-03-13T23:27:04.766+0100] {logging_mixin.py:188} INFO - [2026-03-13T23:27:04.766+0100] {dagbag.py:545} INFO - Filling up the DagBag from /Users/harshasogala/financial-data-platform/venv/lib/python3.12/site-packages/airflow/example_dags/example_kubernetes_executor.py
[2026-03-13T23:27:04.787+0100] {logging_mixin.py:188} INFO - [2026-03-13T23:27:04.787+0100] {example_kubernetes_executor.py:39} WARNING - The example_kubernetes_executor example DAG requires the kubernetes provider. Please install it with: pip install apache-airflow[cncf.kubernetes]
[2026-03-13T23:27:04.787+0100] {processor.py:842} WARNING - No viable dags retrieved from /Users/harshasogala/financial-data-platform/venv/lib/python3.12/site-packages/airflow/example_dags/example_kubernetes_executor.py
[2026-03-13T23:27:04.830+0100] {processor.py:183} INFO - Processing /Users/harshasogala/financial-data-platform/venv/lib/python3.12/site-packages/airflow/example_dags/example_kubernetes_executor.py took 0.068 seconds
[2026-03-13T23:28:26.257+0100] {processor.py:161} INFO - Started process (PID=74246) to work on /Users/harshasogala/financial-data-platform/venv/lib/python3.12/site-packages/airflow/example_dags/example_kubernetes_executor.py
[2026-03-13T23:28:26.258+0100] {processor.py:830} INFO - Processing file /Users/harshasogala/financial-data-platform/venv/lib/python3.12/site-packages/airflow/example_dags/example_kubernetes_executor.py for tasks to queue
[2026-03-13T23:28:26.259+0100] {logging_mixin.py:188} INFO - [2026-03-13T23:28:26.259+0100] {dagbag.py:545} INFO - Filling up the DagBag from /Users/harshasogala/financial-data-platform/venv/lib/python3.12/site-packages/airflow/example_dags/example_kubernetes_executor.py
[2026-03-13T23:28:26.281+0100] {logging_mixin.py:188} INFO - [2026-03-13T23:28:26.281+0100] {example_kubernetes_executor.py:39} WARNING - The example_kubernetes_executor example DAG requires the kubernetes provider. Please install it with: pip install apache-airflow[cncf.kubernetes]
[2026-03-13T23:28:26.282+0100] {processor.py:842} WARNING - No viable dags retrieved from /Users/harshasogala/financial-data-platform/venv/lib/python3.12/site-packages/airflow/example_dags/example_kubernetes_executor.py
[2026-03-13T23:28:26.327+0100] {processor.py:183} INFO - Processing /Users/harshasogala/financial-data-platform/venv/lib/python3.12/site-packages/airflow/example_dags/example_kubernetes_executor.py took 0.072 seconds
[2026-03-13T23:29:40.042+0100] {processor.py:161} INFO - Started process (PID=74305) to work on /Users/harshasogala/financial-data-platform/venv/lib/python3.12/site-packages/airflow/example_dags/example_kubernetes_executor.py
[2026-03-13T23:29:40.042+0100] {processor.py:830} INFO - Processing file /Users/harshasogala/financial-data-platform/venv/lib/python3.12/site-packages/airflow/example_dags/example_kubernetes_executor.py for tasks to queue
[2026-03-13T23:29:40.043+0100] {logging_mixin.py:188} INFO - [2026-03-13T23:29:40.043+0100] {dagbag.py:545} INFO - Filling up the DagBag from /Users/harshasogala/financial-data-platform/venv/lib/python3.12/site-packages/airflow/example_dags/example_kubernetes_executor.py
[2026-03-13T23:29:40.064+0100] {logging_mixin.py:188} INFO - [2026-03-13T23:29:40.064+0100] {example_kubernetes_executor.py:39} WARNING - The example_kubernetes_executor example DAG requires the kubernetes provider. Please install it with: pip install apache-airflow[cncf.kubernetes]
[2026-03-13T23:29:40.064+0100] {processor.py:842} WARNING - No viable dags retrieved from /Users/harshasogala/financial-data-platform/venv/lib/python3.12/site-packages/airflow/example_dags/example_kubernetes_executor.py
[2026-03-13T23:29:40.108+0100] {processor.py:183} INFO - Processing /Users/harshasogala/financial-data-platform/venv/lib/python3.12/site-packages/airflow/example_dags/example_kubernetes_executor.py took 0.068 seconds
[2026-03-13T23:30:59.220+0100] {processor.py:161} INFO - Started process (PID=74408) to work on /Users/harshasogala/financial-data-platform/venv/lib/python3.12/site-packages/airflow/example_dags/example_kubernetes_executor.py
[2026-03-13T23:30:59.221+0100] {processor.py:830} INFO - Processing file /Users/harshasogala/financial-data-platform/venv/lib/python3.12/site-packages/airflow/example_dags/example_kubernetes_executor.py for tasks to queue
[2026-03-13T23:30:59.222+0100] {logging_mixin.py:188} INFO - [2026-03-13T23:30:59.222+0100] {dagbag.py:545} INFO - Filling up the DagBag from /Users/harshasogala/financial-data-platform/venv/lib/python3.12/site-packages/airflow/example_dags/example_kubernetes_executor.py
[2026-03-13T23:30:59.243+0100] {logging_mixin.py:188} INFO - [2026-03-13T23:30:59.243+0100] {example_kubernetes_executor.py:39} WARNING - The example_kubernetes_executor example DAG requires the kubernetes provider. Please install it with: pip install apache-airflow[cncf.kubernetes]
[2026-03-13T23:30:59.244+0100] {processor.py:842} WARNING - No viable dags retrieved from /Users/harshasogala/financial-data-platform/venv/lib/python3.12/site-packages/airflow/example_dags/example_kubernetes_executor.py
[2026-03-13T23:30:59.287+0100] {processor.py:183} INFO - Processing /Users/harshasogala/financial-data-platform/venv/lib/python3.12/site-packages/airflow/example_dags/example_kubernetes_executor.py took 0.068 seconds
[2026-03-13T23:32:15.141+0100] {processor.py:161} INFO - Started process (PID=74924) to work on /Users/harshasogala/financial-data-platform/venv/lib/python3.12/site-packages/airflow/example_dags/example_kubernetes_executor.py
[2026-03-13T23:32:15.142+0100] {processor.py:830} INFO - Processing file /Users/harshasogala/financial-data-platform/venv/lib/python3.12/site-packages/airflow/example_dags/example_kubernetes_executor.py for tasks to queue
[2026-03-13T23:32:15.143+0100] {logging_mixin.py:188} INFO - [2026-03-13T23:32:15.142+0100] {dagbag.py:545} INFO - Filling up the DagBag from /Users/harshasogala/financial-data-platform/venv/lib/python3.12/site-packages/airflow/example_dags/example_kubernetes_executor.py
[2026-03-13T23:32:15.164+0100] {logging_mixin.py:188} INFO - [2026-03-13T23:32:15.164+0100] {example_kubernetes_executor.py:39} WARNING - The example_kubernetes_executor example DAG requires the kubernetes provider. Please install it with: pip install apache-airflow[cncf.kubernetes]
[2026-03-13T23:32:15.164+0100] {processor.py:842} WARNING - No viable dags retrieved from /Users/harshasogala/financial-data-platform/venv/lib/python3.12/site-packages/airflow/example_dags/example_kubernetes_executor.py
[2026-03-13T23:32:15.207+0100] {processor.py:183} INFO - Processing /Users/harshasogala/financial-data-platform/venv/lib/python3.12/site-packages/airflow/example_dags/example_kubernetes_executor.py took 0.068 seconds
[2026-03-13T23:33:34.794+0100] {processor.py:161} INFO - Started process (PID=75023) to work on /Users/harshasogala/financial-data-platform/venv/lib/python3.12/site-packages/airflow/example_dags/example_kubernetes_executor.py
[2026-03-13T23:33:34.796+0100] {processor.py:830} INFO - Processing file /Users/harshasogala/financial-data-platform/venv/lib/python3.12/site-packages/airflow/example_dags/example_kubernetes_executor.py for tasks to queue
[2026-03-13T23:33:34.797+0100] {logging_mixin.py:188} INFO - [2026-03-13T23:33:34.797+0100] {dagbag.py:545} INFO - Filling up the DagBag from /Users/harshasogala/financial-data-platform/venv/lib/python3.12/site-packages/airflow/example_dags/example_kubernetes_executor.py
[2026-03-13T23:33:34.818+0100] {logging_mixin.py:188} INFO - [2026-03-13T23:33:34.818+0100] {example_kubernetes_executor.py:39} WARNING - The example_kubernetes_executor example DAG requires the kubernetes provider. Please install it with: pip install apache-airflow[cncf.kubernetes]
[2026-03-13T23:33:34.818+0100] {processor.py:842} WARNING - No viable dags retrieved from /Users/harshasogala/financial-data-platform/venv/lib/python3.12/site-packages/airflow/example_dags/example_kubernetes_executor.py
[2026-03-13T23:33:34.866+0100] {processor.py:183} INFO - Processing /Users/harshasogala/financial-data-platform/venv/lib/python3.12/site-packages/airflow/example_dags/example_kubernetes_executor.py took 0.075 seconds
