[2026-03-13T22:18:01.392+0100] {processor.py:161} INFO - Started process (PID=65479) to work on /Users/harshasogala/financial-data-platform/venv/lib/python3.12/site-packages/airflow/example_dags/example_xcomargs.py
[2026-03-13T22:18:01.392+0100] {processor.py:830} INFO - Processing file /Users/harshasogala/financial-data-platform/venv/lib/python3.12/site-packages/airflow/example_dags/example_xcomargs.py for tasks to queue
[2026-03-13T22:18:01.393+0100] {logging_mixin.py:188} INFO - [2026-03-13T22:18:01.393+0100] {dagbag.py:545} INFO - Filling up the DagBag from /Users/harshasogala/financial-data-platform/venv/lib/python3.12/site-packages/airflow/example_dags/example_xcomargs.py
[2026-03-13T22:18:01.416+0100] {processor.py:840} INFO - DAG(s) 'example_xcom_args', 'example_xcom_args_with_operators' retrieved from /Users/harshasogala/financial-data-platform/venv/lib/python3.12/site-packages/airflow/example_dags/example_xcomargs.py
[2026-03-13T22:18:01.514+0100] {logging_mixin.py:188} INFO - [2026-03-13T22:18:01.513+0100] {override.py:1858} INFO - Created Permission View: can delete on DAG:example_xcom_args
[2026-03-13T22:18:01.518+0100] {logging_mixin.py:188} INFO - [2026-03-13T22:18:01.518+0100] {override.py:1858} INFO - Created Permission View: can edit on DAG:example_xcom_args
[2026-03-13T22:18:01.521+0100] {logging_mixin.py:188} INFO - [2026-03-13T22:18:01.521+0100] {override.py:1858} INFO - Created Permission View: can read on DAG:example_xcom_args
[2026-03-13T22:18:01.528+0100] {logging_mixin.py:188} INFO - [2026-03-13T22:18:01.528+0100] {override.py:1858} INFO - Created Permission View: can delete on DAG:example_xcom_args_with_operators
[2026-03-13T22:18:01.531+0100] {logging_mixin.py:188} INFO - [2026-03-13T22:18:01.531+0100] {override.py:1858} INFO - Created Permission View: can edit on DAG:example_xcom_args_with_operators
[2026-03-13T22:18:01.534+0100] {logging_mixin.py:188} INFO - [2026-03-13T22:18:01.534+0100] {override.py:1858} INFO - Created Permission View: can read on DAG:example_xcom_args_with_operators
[2026-03-13T22:18:01.534+0100] {logging_mixin.py:188} INFO - [2026-03-13T22:18:01.534+0100] {dag.py:3089} INFO - Sync 2 DAGs
[2026-03-13T22:18:01.540+0100] {logging_mixin.py:188} INFO - [2026-03-13T22:18:01.540+0100] {dag.py:3111} INFO - Creating ORM DAG for example_xcom_args_with_operators
[2026-03-13T22:18:01.540+0100] {logging_mixin.py:188} INFO - [2026-03-13T22:18:01.540+0100] {dag.py:3111} INFO - Creating ORM DAG for example_xcom_args
[2026-03-13T22:18:01.541+0100] {logging_mixin.py:188} INFO - [2026-03-13T22:18:01.540+0100] {dag.py:3947} INFO - Setting next_dagrun for example_xcom_args to None, run_after=None
[2026-03-13T22:18:01.541+0100] {logging_mixin.py:188} INFO - [2026-03-13T22:18:01.541+0100] {dag.py:3947} INFO - Setting next_dagrun for example_xcom_args_with_operators to None, run_after=None
[2026-03-13T22:18:01.551+0100] {processor.py:183} INFO - Processing /Users/harshasogala/financial-data-platform/venv/lib/python3.12/site-packages/airflow/example_dags/example_xcomargs.py took 0.162 seconds
[2026-03-13T22:19:50.137+0100] {processor.py:161} INFO - Started process (PID=66067) to work on /Users/harshasogala/financial-data-platform/venv/lib/python3.12/site-packages/airflow/example_dags/example_xcomargs.py
[2026-03-13T22:19:50.138+0100] {processor.py:830} INFO - Processing file /Users/harshasogala/financial-data-platform/venv/lib/python3.12/site-packages/airflow/example_dags/example_xcomargs.py for tasks to queue
[2026-03-13T22:19:50.140+0100] {logging_mixin.py:188} INFO - [2026-03-13T22:19:50.140+0100] {dagbag.py:545} INFO - Filling up the DagBag from /Users/harshasogala/financial-data-platform/venv/lib/python3.12/site-packages/airflow/example_dags/example_xcomargs.py
[2026-03-13T22:19:50.216+0100] {processor.py:840} INFO - DAG(s) 'example_xcom_args_with_operators', 'example_xcom_args' retrieved from /Users/harshasogala/financial-data-platform/venv/lib/python3.12/site-packages/airflow/example_dags/example_xcomargs.py
[2026-03-13T22:19:50.415+0100] {logging_mixin.py:188} INFO - [2026-03-13T22:19:50.415+0100] {dag.py:3089} INFO - Sync 2 DAGs
[2026-03-13T22:19:50.429+0100] {logging_mixin.py:188} INFO - [2026-03-13T22:19:50.429+0100] {dag.py:3947} INFO - Setting next_dagrun for example_xcom_args to None, run_after=None
[2026-03-13T22:19:50.434+0100] {logging_mixin.py:188} INFO - [2026-03-13T22:19:50.434+0100] {dag.py:3947} INFO - Setting next_dagrun for example_xcom_args_with_operators to None, run_after=None
[2026-03-13T22:19:50.456+0100] {processor.py:183} INFO - Processing /Users/harshasogala/financial-data-platform/venv/lib/python3.12/site-packages/airflow/example_dags/example_xcomargs.py took 0.324 seconds
[2026-03-13T22:21:09.441+0100] {processor.py:161} INFO - Started process (PID=66133) to work on /Users/harshasogala/financial-data-platform/venv/lib/python3.12/site-packages/airflow/example_dags/example_xcomargs.py
[2026-03-13T22:21:09.442+0100] {processor.py:830} INFO - Processing file /Users/harshasogala/financial-data-platform/venv/lib/python3.12/site-packages/airflow/example_dags/example_xcomargs.py for tasks to queue
[2026-03-13T22:21:09.442+0100] {logging_mixin.py:188} INFO - [2026-03-13T22:21:09.442+0100] {dagbag.py:545} INFO - Filling up the DagBag from /Users/harshasogala/financial-data-platform/venv/lib/python3.12/site-packages/airflow/example_dags/example_xcomargs.py
[2026-03-13T22:21:09.466+0100] {processor.py:840} INFO - DAG(s) 'example_xcom_args', 'example_xcom_args_with_operators' retrieved from /Users/harshasogala/financial-data-platform/venv/lib/python3.12/site-packages/airflow/example_dags/example_xcomargs.py
[2026-03-13T22:21:09.522+0100] {logging_mixin.py:188} INFO - [2026-03-13T22:21:09.521+0100] {dag.py:3089} INFO - Sync 2 DAGs
[2026-03-13T22:21:09.527+0100] {logging_mixin.py:188} INFO - [2026-03-13T22:21:09.527+0100] {dag.py:3947} INFO - Setting next_dagrun for example_xcom_args to None, run_after=None
[2026-03-13T22:21:09.528+0100] {logging_mixin.py:188} INFO - [2026-03-13T22:21:09.528+0100] {dag.py:3947} INFO - Setting next_dagrun for example_xcom_args_with_operators to None, run_after=None
[2026-03-13T22:21:09.537+0100] {processor.py:183} INFO - Processing /Users/harshasogala/financial-data-platform/venv/lib/python3.12/site-packages/airflow/example_dags/example_xcomargs.py took 0.098 seconds
[2026-03-13T22:27:06.961+0100] {processor.py:161} INFO - Started process (PID=67101) to work on /Users/harshasogala/financial-data-platform/venv/lib/python3.12/site-packages/airflow/example_dags/example_xcomargs.py
[2026-03-13T22:27:06.962+0100] {processor.py:830} INFO - Processing file /Users/harshasogala/financial-data-platform/venv/lib/python3.12/site-packages/airflow/example_dags/example_xcomargs.py for tasks to queue
[2026-03-13T22:27:06.962+0100] {logging_mixin.py:188} INFO - [2026-03-13T22:27:06.962+0100] {dagbag.py:545} INFO - Filling up the DagBag from /Users/harshasogala/financial-data-platform/venv/lib/python3.12/site-packages/airflow/example_dags/example_xcomargs.py
[2026-03-13T22:27:06.994+0100] {processor.py:840} INFO - DAG(s) 'example_xcom_args_with_operators', 'example_xcom_args' retrieved from /Users/harshasogala/financial-data-platform/venv/lib/python3.12/site-packages/airflow/example_dags/example_xcomargs.py
[2026-03-13T22:27:07.081+0100] {logging_mixin.py:188} INFO - [2026-03-13T22:27:07.080+0100] {dag.py:3089} INFO - Sync 2 DAGs
[2026-03-13T22:27:07.090+0100] {logging_mixin.py:188} INFO - [2026-03-13T22:27:07.090+0100] {dag.py:3947} INFO - Setting next_dagrun for example_xcom_args to None, run_after=None
[2026-03-13T22:27:07.093+0100] {logging_mixin.py:188} INFO - [2026-03-13T22:27:07.093+0100] {dag.py:3947} INFO - Setting next_dagrun for example_xcom_args_with_operators to None, run_after=None
[2026-03-13T22:27:07.111+0100] {processor.py:183} INFO - Processing /Users/harshasogala/financial-data-platform/venv/lib/python3.12/site-packages/airflow/example_dags/example_xcomargs.py took 0.152 seconds
[2026-03-13T22:29:07.370+0100] {processor.py:161} INFO - Started process (PID=67366) to work on /Users/harshasogala/financial-data-platform/venv/lib/python3.12/site-packages/airflow/example_dags/example_xcomargs.py
[2026-03-13T22:29:07.372+0100] {processor.py:830} INFO - Processing file /Users/harshasogala/financial-data-platform/venv/lib/python3.12/site-packages/airflow/example_dags/example_xcomargs.py for tasks to queue
[2026-03-13T22:29:07.372+0100] {logging_mixin.py:188} INFO - [2026-03-13T22:29:07.372+0100] {dagbag.py:545} INFO - Filling up the DagBag from /Users/harshasogala/financial-data-platform/venv/lib/python3.12/site-packages/airflow/example_dags/example_xcomargs.py
[2026-03-13T22:29:07.395+0100] {processor.py:840} INFO - DAG(s) 'example_xcom_args', 'example_xcom_args_with_operators' retrieved from /Users/harshasogala/financial-data-platform/venv/lib/python3.12/site-packages/airflow/example_dags/example_xcomargs.py
[2026-03-13T22:29:07.450+0100] {logging_mixin.py:188} INFO - [2026-03-13T22:29:07.450+0100] {dag.py:3089} INFO - Sync 2 DAGs
[2026-03-13T22:29:07.456+0100] {logging_mixin.py:188} INFO - [2026-03-13T22:29:07.455+0100] {dag.py:3947} INFO - Setting next_dagrun for example_xcom_args to None, run_after=None
[2026-03-13T22:29:07.457+0100] {logging_mixin.py:188} INFO - [2026-03-13T22:29:07.457+0100] {dag.py:3947} INFO - Setting next_dagrun for example_xcom_args_with_operators to None, run_after=None
[2026-03-13T22:29:07.467+0100] {processor.py:183} INFO - Processing /Users/harshasogala/financial-data-platform/venv/lib/python3.12/site-packages/airflow/example_dags/example_xcomargs.py took 0.098 seconds
[2026-03-13T22:30:13.854+0100] {processor.py:161} INFO - Started process (PID=67495) to work on /Users/harshasogala/financial-data-platform/venv/lib/python3.12/site-packages/airflow/example_dags/example_xcomargs.py
[2026-03-13T22:30:13.855+0100] {processor.py:830} INFO - Processing file /Users/harshasogala/financial-data-platform/venv/lib/python3.12/site-packages/airflow/example_dags/example_xcomargs.py for tasks to queue
[2026-03-13T22:30:13.856+0100] {logging_mixin.py:188} INFO - [2026-03-13T22:30:13.855+0100] {dagbag.py:545} INFO - Filling up the DagBag from /Users/harshasogala/financial-data-platform/venv/lib/python3.12/site-packages/airflow/example_dags/example_xcomargs.py
[2026-03-13T22:30:13.879+0100] {processor.py:840} INFO - DAG(s) 'example_xcom_args_with_operators', 'example_xcom_args' retrieved from /Users/harshasogala/financial-data-platform/venv/lib/python3.12/site-packages/airflow/example_dags/example_xcomargs.py
[2026-03-13T22:30:13.934+0100] {logging_mixin.py:188} INFO - [2026-03-13T22:30:13.934+0100] {dag.py:3089} INFO - Sync 2 DAGs
[2026-03-13T22:30:13.939+0100] {logging_mixin.py:188} INFO - [2026-03-13T22:30:13.939+0100] {dag.py:3947} INFO - Setting next_dagrun for example_xcom_args to None, run_after=None
[2026-03-13T22:30:13.941+0100] {logging_mixin.py:188} INFO - [2026-03-13T22:30:13.940+0100] {dag.py:3947} INFO - Setting next_dagrun for example_xcom_args_with_operators to None, run_after=None
[2026-03-13T22:30:13.950+0100] {processor.py:183} INFO - Processing /Users/harshasogala/financial-data-platform/venv/lib/python3.12/site-packages/airflow/example_dags/example_xcomargs.py took 0.098 seconds
[2026-03-13T22:31:22.427+0100] {processor.py:161} INFO - Started process (PID=67654) to work on /Users/harshasogala/financial-data-platform/venv/lib/python3.12/site-packages/airflow/example_dags/example_xcomargs.py
[2026-03-13T22:31:22.428+0100] {processor.py:830} INFO - Processing file /Users/harshasogala/financial-data-platform/venv/lib/python3.12/site-packages/airflow/example_dags/example_xcomargs.py for tasks to queue
[2026-03-13T22:31:22.429+0100] {logging_mixin.py:188} INFO - [2026-03-13T22:31:22.429+0100] {dagbag.py:545} INFO - Filling up the DagBag from /Users/harshasogala/financial-data-platform/venv/lib/python3.12/site-packages/airflow/example_dags/example_xcomargs.py
[2026-03-13T22:31:22.490+0100] {processor.py:840} INFO - DAG(s) 'example_xcom_args_with_operators', 'example_xcom_args' retrieved from /Users/harshasogala/financial-data-platform/venv/lib/python3.12/site-packages/airflow/example_dags/example_xcomargs.py
[2026-03-13T22:31:22.677+0100] {logging_mixin.py:188} INFO - [2026-03-13T22:31:22.677+0100] {dag.py:3089} INFO - Sync 2 DAGs
[2026-03-13T22:31:22.687+0100] {logging_mixin.py:188} INFO - [2026-03-13T22:31:22.687+0100] {dag.py:3947} INFO - Setting next_dagrun for example_xcom_args to None, run_after=None
[2026-03-13T22:31:22.690+0100] {logging_mixin.py:188} INFO - [2026-03-13T22:31:22.690+0100] {dag.py:3947} INFO - Setting next_dagrun for example_xcom_args_with_operators to None, run_after=None
[2026-03-13T22:31:22.708+0100] {processor.py:183} INFO - Processing /Users/harshasogala/financial-data-platform/venv/lib/python3.12/site-packages/airflow/example_dags/example_xcomargs.py took 0.291 seconds
[2026-03-13T22:32:47.172+0100] {processor.py:161} INFO - Started process (PID=68726) to work on /Users/harshasogala/financial-data-platform/venv/lib/python3.12/site-packages/airflow/example_dags/example_xcomargs.py
[2026-03-13T22:32:47.173+0100] {processor.py:830} INFO - Processing file /Users/harshasogala/financial-data-platform/venv/lib/python3.12/site-packages/airflow/example_dags/example_xcomargs.py for tasks to queue
[2026-03-13T22:32:47.173+0100] {logging_mixin.py:188} INFO - [2026-03-13T22:32:47.173+0100] {dagbag.py:545} INFO - Filling up the DagBag from /Users/harshasogala/financial-data-platform/venv/lib/python3.12/site-packages/airflow/example_dags/example_xcomargs.py
[2026-03-13T22:32:47.198+0100] {processor.py:840} INFO - DAG(s) 'example_xcom_args', 'example_xcom_args_with_operators' retrieved from /Users/harshasogala/financial-data-platform/venv/lib/python3.12/site-packages/airflow/example_dags/example_xcomargs.py
[2026-03-13T22:32:47.295+0100] {logging_mixin.py:188} INFO - [2026-03-13T22:32:47.295+0100] {dag.py:3089} INFO - Sync 2 DAGs
[2026-03-13T22:32:47.302+0100] {logging_mixin.py:188} INFO - [2026-03-13T22:32:47.302+0100] {dag.py:3947} INFO - Setting next_dagrun for example_xcom_args to None, run_after=None
[2026-03-13T22:32:47.304+0100] {logging_mixin.py:188} INFO - [2026-03-13T22:32:47.304+0100] {dag.py:3947} INFO - Setting next_dagrun for example_xcom_args_with_operators to None, run_after=None
[2026-03-13T22:32:47.323+0100] {processor.py:183} INFO - Processing /Users/harshasogala/financial-data-platform/venv/lib/python3.12/site-packages/airflow/example_dags/example_xcomargs.py took 0.153 seconds
[2026-03-13T22:34:08.736+0100] {processor.py:161} INFO - Started process (PID=69173) to work on /Users/harshasogala/financial-data-platform/venv/lib/python3.12/site-packages/airflow/example_dags/example_xcomargs.py
[2026-03-13T22:34:08.737+0100] {processor.py:830} INFO - Processing file /Users/harshasogala/financial-data-platform/venv/lib/python3.12/site-packages/airflow/example_dags/example_xcomargs.py for tasks to queue
[2026-03-13T22:34:08.737+0100] {logging_mixin.py:188} INFO - [2026-03-13T22:34:08.737+0100] {dagbag.py:545} INFO - Filling up the DagBag from /Users/harshasogala/financial-data-platform/venv/lib/python3.12/site-packages/airflow/example_dags/example_xcomargs.py
[2026-03-13T22:34:08.761+0100] {processor.py:840} INFO - DAG(s) 'example_xcom_args', 'example_xcom_args_with_operators' retrieved from /Users/harshasogala/financial-data-platform/venv/lib/python3.12/site-packages/airflow/example_dags/example_xcomargs.py
[2026-03-13T22:34:08.852+0100] {logging_mixin.py:188} INFO - [2026-03-13T22:34:08.852+0100] {dag.py:3089} INFO - Sync 2 DAGs
[2026-03-13T22:34:08.858+0100] {logging_mixin.py:188} INFO - [2026-03-13T22:34:08.858+0100] {dag.py:3947} INFO - Setting next_dagrun for example_xcom_args to None, run_after=None
[2026-03-13T22:34:08.859+0100] {logging_mixin.py:188} INFO - [2026-03-13T22:34:08.859+0100] {dag.py:3947} INFO - Setting next_dagrun for example_xcom_args_with_operators to None, run_after=None
[2026-03-13T22:34:08.870+0100] {processor.py:183} INFO - Processing /Users/harshasogala/financial-data-platform/venv/lib/python3.12/site-packages/airflow/example_dags/example_xcomargs.py took 0.136 seconds
[2026-03-13T22:35:24.003+0100] {processor.py:161} INFO - Started process (PID=69234) to work on /Users/harshasogala/financial-data-platform/venv/lib/python3.12/site-packages/airflow/example_dags/example_xcomargs.py
[2026-03-13T22:35:24.004+0100] {processor.py:830} INFO - Processing file /Users/harshasogala/financial-data-platform/venv/lib/python3.12/site-packages/airflow/example_dags/example_xcomargs.py for tasks to queue
[2026-03-13T22:35:24.004+0100] {logging_mixin.py:188} INFO - [2026-03-13T22:35:24.004+0100] {dagbag.py:545} INFO - Filling up the DagBag from /Users/harshasogala/financial-data-platform/venv/lib/python3.12/site-packages/airflow/example_dags/example_xcomargs.py
[2026-03-13T22:35:24.027+0100] {processor.py:840} INFO - DAG(s) 'example_xcom_args', 'example_xcom_args_with_operators' retrieved from /Users/harshasogala/financial-data-platform/venv/lib/python3.12/site-packages/airflow/example_dags/example_xcomargs.py
[2026-03-13T22:35:24.117+0100] {logging_mixin.py:188} INFO - [2026-03-13T22:35:24.117+0100] {dag.py:3089} INFO - Sync 2 DAGs
[2026-03-13T22:35:24.122+0100] {logging_mixin.py:188} INFO - [2026-03-13T22:35:24.122+0100] {dag.py:3947} INFO - Setting next_dagrun for example_xcom_args to None, run_after=None
[2026-03-13T22:35:24.124+0100] {logging_mixin.py:188} INFO - [2026-03-13T22:35:24.124+0100] {dag.py:3947} INFO - Setting next_dagrun for example_xcom_args_with_operators to None, run_after=None
[2026-03-13T22:35:24.134+0100] {processor.py:183} INFO - Processing /Users/harshasogala/financial-data-platform/venv/lib/python3.12/site-packages/airflow/example_dags/example_xcomargs.py took 0.133 seconds
[2026-03-13T22:36:38.195+0100] {processor.py:161} INFO - Started process (PID=69312) to work on /Users/harshasogala/financial-data-platform/venv/lib/python3.12/site-packages/airflow/example_dags/example_xcomargs.py
[2026-03-13T22:36:38.196+0100] {processor.py:830} INFO - Processing file /Users/harshasogala/financial-data-platform/venv/lib/python3.12/site-packages/airflow/example_dags/example_xcomargs.py for tasks to queue
[2026-03-13T22:36:38.197+0100] {logging_mixin.py:188} INFO - [2026-03-13T22:36:38.196+0100] {dagbag.py:545} INFO - Filling up the DagBag from /Users/harshasogala/financial-data-platform/venv/lib/python3.12/site-packages/airflow/example_dags/example_xcomargs.py
[2026-03-13T22:36:38.220+0100] {processor.py:840} INFO - DAG(s) 'example_xcom_args', 'example_xcom_args_with_operators' retrieved from /Users/harshasogala/financial-data-platform/venv/lib/python3.12/site-packages/airflow/example_dags/example_xcomargs.py
[2026-03-13T22:36:38.308+0100] {logging_mixin.py:188} INFO - [2026-03-13T22:36:38.308+0100] {dag.py:3089} INFO - Sync 2 DAGs
[2026-03-13T22:36:38.314+0100] {logging_mixin.py:188} INFO - [2026-03-13T22:36:38.314+0100] {dag.py:3947} INFO - Setting next_dagrun for example_xcom_args to None, run_after=None
[2026-03-13T22:36:38.315+0100] {logging_mixin.py:188} INFO - [2026-03-13T22:36:38.315+0100] {dag.py:3947} INFO - Setting next_dagrun for example_xcom_args_with_operators to None, run_after=None
[2026-03-13T22:36:38.326+0100] {processor.py:183} INFO - Processing /Users/harshasogala/financial-data-platform/venv/lib/python3.12/site-packages/airflow/example_dags/example_xcomargs.py took 0.132 seconds
[2026-03-13T22:37:52.154+0100] {processor.py:161} INFO - Started process (PID=69370) to work on /Users/harshasogala/financial-data-platform/venv/lib/python3.12/site-packages/airflow/example_dags/example_xcomargs.py
[2026-03-13T22:37:52.155+0100] {processor.py:830} INFO - Processing file /Users/harshasogala/financial-data-platform/venv/lib/python3.12/site-packages/airflow/example_dags/example_xcomargs.py for tasks to queue
[2026-03-13T22:37:52.155+0100] {logging_mixin.py:188} INFO - [2026-03-13T22:37:52.155+0100] {dagbag.py:545} INFO - Filling up the DagBag from /Users/harshasogala/financial-data-platform/venv/lib/python3.12/site-packages/airflow/example_dags/example_xcomargs.py
[2026-03-13T22:37:52.178+0100] {processor.py:840} INFO - DAG(s) 'example_xcom_args_with_operators', 'example_xcom_args' retrieved from /Users/harshasogala/financial-data-platform/venv/lib/python3.12/site-packages/airflow/example_dags/example_xcomargs.py
[2026-03-13T22:37:52.267+0100] {logging_mixin.py:188} INFO - [2026-03-13T22:37:52.267+0100] {dag.py:3089} INFO - Sync 2 DAGs
[2026-03-13T22:37:52.273+0100] {logging_mixin.py:188} INFO - [2026-03-13T22:37:52.273+0100] {dag.py:3947} INFO - Setting next_dagrun for example_xcom_args to None, run_after=None
[2026-03-13T22:37:52.274+0100] {logging_mixin.py:188} INFO - [2026-03-13T22:37:52.274+0100] {dag.py:3947} INFO - Setting next_dagrun for example_xcom_args_with_operators to None, run_after=None
[2026-03-13T22:37:52.284+0100] {processor.py:183} INFO - Processing /Users/harshasogala/financial-data-platform/venv/lib/python3.12/site-packages/airflow/example_dags/example_xcomargs.py took 0.132 seconds
[2026-03-13T22:39:06.413+0100] {processor.py:161} INFO - Started process (PID=69439) to work on /Users/harshasogala/financial-data-platform/venv/lib/python3.12/site-packages/airflow/example_dags/example_xcomargs.py
[2026-03-13T22:39:06.414+0100] {processor.py:830} INFO - Processing file /Users/harshasogala/financial-data-platform/venv/lib/python3.12/site-packages/airflow/example_dags/example_xcomargs.py for tasks to queue
[2026-03-13T22:39:06.415+0100] {logging_mixin.py:188} INFO - [2026-03-13T22:39:06.415+0100] {dagbag.py:545} INFO - Filling up the DagBag from /Users/harshasogala/financial-data-platform/venv/lib/python3.12/site-packages/airflow/example_dags/example_xcomargs.py
[2026-03-13T22:39:06.440+0100] {processor.py:840} INFO - DAG(s) 'example_xcom_args_with_operators', 'example_xcom_args' retrieved from /Users/harshasogala/financial-data-platform/venv/lib/python3.12/site-packages/airflow/example_dags/example_xcomargs.py
[2026-03-13T22:39:06.529+0100] {logging_mixin.py:188} INFO - [2026-03-13T22:39:06.529+0100] {dag.py:3089} INFO - Sync 2 DAGs
[2026-03-13T22:39:06.534+0100] {logging_mixin.py:188} INFO - [2026-03-13T22:39:06.534+0100] {dag.py:3947} INFO - Setting next_dagrun for example_xcom_args to None, run_after=None
[2026-03-13T22:39:06.536+0100] {logging_mixin.py:188} INFO - [2026-03-13T22:39:06.536+0100] {dag.py:3947} INFO - Setting next_dagrun for example_xcom_args_with_operators to None, run_after=None
[2026-03-13T22:39:06.545+0100] {processor.py:183} INFO - Processing /Users/harshasogala/financial-data-platform/venv/lib/python3.12/site-packages/airflow/example_dags/example_xcomargs.py took 0.134 seconds
[2026-03-13T22:40:26.946+0100] {processor.py:161} INFO - Started process (PID=69660) to work on /Users/harshasogala/financial-data-platform/venv/lib/python3.12/site-packages/airflow/example_dags/example_xcomargs.py
[2026-03-13T22:40:26.946+0100] {processor.py:830} INFO - Processing file /Users/harshasogala/financial-data-platform/venv/lib/python3.12/site-packages/airflow/example_dags/example_xcomargs.py for tasks to queue
[2026-03-13T22:40:26.947+0100] {logging_mixin.py:188} INFO - [2026-03-13T22:40:26.947+0100] {dagbag.py:545} INFO - Filling up the DagBag from /Users/harshasogala/financial-data-platform/venv/lib/python3.12/site-packages/airflow/example_dags/example_xcomargs.py
[2026-03-13T22:40:26.974+0100] {processor.py:840} INFO - DAG(s) 'example_xcom_args', 'example_xcom_args_with_operators' retrieved from /Users/harshasogala/financial-data-platform/venv/lib/python3.12/site-packages/airflow/example_dags/example_xcomargs.py
[2026-03-13T22:40:27.065+0100] {logging_mixin.py:188} INFO - [2026-03-13T22:40:27.065+0100] {dag.py:3089} INFO - Sync 2 DAGs
[2026-03-13T22:40:27.071+0100] {logging_mixin.py:188} INFO - [2026-03-13T22:40:27.070+0100] {dag.py:3947} INFO - Setting next_dagrun for example_xcom_args to None, run_after=None
[2026-03-13T22:40:27.072+0100] {logging_mixin.py:188} INFO - [2026-03-13T22:40:27.072+0100] {dag.py:3947} INFO - Setting next_dagrun for example_xcom_args_with_operators to None, run_after=None
[2026-03-13T22:40:27.082+0100] {processor.py:183} INFO - Processing /Users/harshasogala/financial-data-platform/venv/lib/python3.12/site-packages/airflow/example_dags/example_xcomargs.py took 0.138 seconds
[2026-03-13T22:41:45.358+0100] {processor.py:161} INFO - Started process (PID=69719) to work on /Users/harshasogala/financial-data-platform/venv/lib/python3.12/site-packages/airflow/example_dags/example_xcomargs.py
[2026-03-13T22:41:45.359+0100] {processor.py:830} INFO - Processing file /Users/harshasogala/financial-data-platform/venv/lib/python3.12/site-packages/airflow/example_dags/example_xcomargs.py for tasks to queue
[2026-03-13T22:41:45.360+0100] {logging_mixin.py:188} INFO - [2026-03-13T22:41:45.359+0100] {dagbag.py:545} INFO - Filling up the DagBag from /Users/harshasogala/financial-data-platform/venv/lib/python3.12/site-packages/airflow/example_dags/example_xcomargs.py
[2026-03-13T22:41:45.384+0100] {processor.py:840} INFO - DAG(s) 'example_xcom_args', 'example_xcom_args_with_operators' retrieved from /Users/harshasogala/financial-data-platform/venv/lib/python3.12/site-packages/airflow/example_dags/example_xcomargs.py
[2026-03-13T22:41:45.477+0100] {logging_mixin.py:188} INFO - [2026-03-13T22:41:45.477+0100] {dag.py:3089} INFO - Sync 2 DAGs
[2026-03-13T22:41:45.482+0100] {logging_mixin.py:188} INFO - [2026-03-13T22:41:45.482+0100] {dag.py:3947} INFO - Setting next_dagrun for example_xcom_args to None, run_after=None
[2026-03-13T22:41:45.484+0100] {logging_mixin.py:188} INFO - [2026-03-13T22:41:45.484+0100] {dag.py:3947} INFO - Setting next_dagrun for example_xcom_args_with_operators to None, run_after=None
[2026-03-13T22:41:45.493+0100] {processor.py:183} INFO - Processing /Users/harshasogala/financial-data-platform/venv/lib/python3.12/site-packages/airflow/example_dags/example_xcomargs.py took 0.137 seconds
[2026-03-13T22:43:03.945+0100] {processor.py:161} INFO - Started process (PID=69784) to work on /Users/harshasogala/financial-data-platform/venv/lib/python3.12/site-packages/airflow/example_dags/example_xcomargs.py
[2026-03-13T22:43:03.947+0100] {processor.py:830} INFO - Processing file /Users/harshasogala/financial-data-platform/venv/lib/python3.12/site-packages/airflow/example_dags/example_xcomargs.py for tasks to queue
[2026-03-13T22:43:03.947+0100] {logging_mixin.py:188} INFO - [2026-03-13T22:43:03.947+0100] {dagbag.py:545} INFO - Filling up the DagBag from /Users/harshasogala/financial-data-platform/venv/lib/python3.12/site-packages/airflow/example_dags/example_xcomargs.py
[2026-03-13T22:43:03.971+0100] {processor.py:840} INFO - DAG(s) 'example_xcom_args_with_operators', 'example_xcom_args' retrieved from /Users/harshasogala/financial-data-platform/venv/lib/python3.12/site-packages/airflow/example_dags/example_xcomargs.py
[2026-03-13T22:43:04.058+0100] {logging_mixin.py:188} INFO - [2026-03-13T22:43:04.058+0100] {dag.py:3089} INFO - Sync 2 DAGs
[2026-03-13T22:43:04.063+0100] {logging_mixin.py:188} INFO - [2026-03-13T22:43:04.063+0100] {dag.py:3947} INFO - Setting next_dagrun for example_xcom_args to None, run_after=None
[2026-03-13T22:43:04.065+0100] {logging_mixin.py:188} INFO - [2026-03-13T22:43:04.065+0100] {dag.py:3947} INFO - Setting next_dagrun for example_xcom_args_with_operators to None, run_after=None
[2026-03-13T22:43:04.075+0100] {processor.py:183} INFO - Processing /Users/harshasogala/financial-data-platform/venv/lib/python3.12/site-packages/airflow/example_dags/example_xcomargs.py took 0.131 seconds
[2026-03-13T22:44:26.086+0100] {processor.py:161} INFO - Started process (PID=70038) to work on /Users/harshasogala/financial-data-platform/venv/lib/python3.12/site-packages/airflow/example_dags/example_xcomargs.py
[2026-03-13T22:44:26.087+0100] {processor.py:830} INFO - Processing file /Users/harshasogala/financial-data-platform/venv/lib/python3.12/site-packages/airflow/example_dags/example_xcomargs.py for tasks to queue
[2026-03-13T22:44:26.087+0100] {logging_mixin.py:188} INFO - [2026-03-13T22:44:26.087+0100] {dagbag.py:545} INFO - Filling up the DagBag from /Users/harshasogala/financial-data-platform/venv/lib/python3.12/site-packages/airflow/example_dags/example_xcomargs.py
[2026-03-13T22:44:26.112+0100] {processor.py:840} INFO - DAG(s) 'example_xcom_args_with_operators', 'example_xcom_args' retrieved from /Users/harshasogala/financial-data-platform/venv/lib/python3.12/site-packages/airflow/example_dags/example_xcomargs.py
[2026-03-13T22:44:26.202+0100] {logging_mixin.py:188} INFO - [2026-03-13T22:44:26.202+0100] {dag.py:3089} INFO - Sync 2 DAGs
[2026-03-13T22:44:26.207+0100] {logging_mixin.py:188} INFO - [2026-03-13T22:44:26.207+0100] {dag.py:3947} INFO - Setting next_dagrun for example_xcom_args to None, run_after=None
[2026-03-13T22:44:26.209+0100] {logging_mixin.py:188} INFO - [2026-03-13T22:44:26.209+0100] {dag.py:3947} INFO - Setting next_dagrun for example_xcom_args_with_operators to None, run_after=None
[2026-03-13T22:44:26.219+0100] {processor.py:183} INFO - Processing /Users/harshasogala/financial-data-platform/venv/lib/python3.12/site-packages/airflow/example_dags/example_xcomargs.py took 0.135 seconds
[2026-03-13T22:45:58.247+0100] {processor.py:161} INFO - Started process (PID=70342) to work on /Users/harshasogala/financial-data-platform/venv/lib/python3.12/site-packages/airflow/example_dags/example_xcomargs.py
[2026-03-13T22:45:58.247+0100] {processor.py:830} INFO - Processing file /Users/harshasogala/financial-data-platform/venv/lib/python3.12/site-packages/airflow/example_dags/example_xcomargs.py for tasks to queue
[2026-03-13T22:45:58.248+0100] {logging_mixin.py:188} INFO - [2026-03-13T22:45:58.248+0100] {dagbag.py:545} INFO - Filling up the DagBag from /Users/harshasogala/financial-data-platform/venv/lib/python3.12/site-packages/airflow/example_dags/example_xcomargs.py
[2026-03-13T22:45:58.272+0100] {processor.py:840} INFO - DAG(s) 'example_xcom_args', 'example_xcom_args_with_operators' retrieved from /Users/harshasogala/financial-data-platform/venv/lib/python3.12/site-packages/airflow/example_dags/example_xcomargs.py
[2026-03-13T22:45:58.371+0100] {logging_mixin.py:188} INFO - [2026-03-13T22:45:58.371+0100] {dag.py:3089} INFO - Sync 2 DAGs
[2026-03-13T22:45:58.377+0100] {logging_mixin.py:188} INFO - [2026-03-13T22:45:58.377+0100] {dag.py:3947} INFO - Setting next_dagrun for example_xcom_args to None, run_after=None
[2026-03-13T22:45:58.379+0100] {logging_mixin.py:188} INFO - [2026-03-13T22:45:58.379+0100] {dag.py:3947} INFO - Setting next_dagrun for example_xcom_args_with_operators to None, run_after=None
[2026-03-13T22:45:58.393+0100] {processor.py:183} INFO - Processing /Users/harshasogala/financial-data-platform/venv/lib/python3.12/site-packages/airflow/example_dags/example_xcomargs.py took 0.149 seconds
[2026-03-13T22:47:23.897+0100] {processor.py:161} INFO - Started process (PID=71370) to work on /Users/harshasogala/financial-data-platform/venv/lib/python3.12/site-packages/airflow/example_dags/example_xcomargs.py
[2026-03-13T22:47:23.898+0100] {processor.py:830} INFO - Processing file /Users/harshasogala/financial-data-platform/venv/lib/python3.12/site-packages/airflow/example_dags/example_xcomargs.py for tasks to queue
[2026-03-13T22:47:23.898+0100] {logging_mixin.py:188} INFO - [2026-03-13T22:47:23.898+0100] {dagbag.py:545} INFO - Filling up the DagBag from /Users/harshasogala/financial-data-platform/venv/lib/python3.12/site-packages/airflow/example_dags/example_xcomargs.py
[2026-03-13T22:47:23.922+0100] {processor.py:840} INFO - DAG(s) 'example_xcom_args', 'example_xcom_args_with_operators' retrieved from /Users/harshasogala/financial-data-platform/venv/lib/python3.12/site-packages/airflow/example_dags/example_xcomargs.py
[2026-03-13T22:47:24.012+0100] {logging_mixin.py:188} INFO - [2026-03-13T22:47:24.012+0100] {dag.py:3089} INFO - Sync 2 DAGs
[2026-03-13T22:47:24.018+0100] {logging_mixin.py:188} INFO - [2026-03-13T22:47:24.017+0100] {dag.py:3947} INFO - Setting next_dagrun for example_xcom_args to None, run_after=None
[2026-03-13T22:47:24.019+0100] {logging_mixin.py:188} INFO - [2026-03-13T22:47:24.019+0100] {dag.py:3947} INFO - Setting next_dagrun for example_xcom_args_with_operators to None, run_after=None
[2026-03-13T22:47:24.029+0100] {processor.py:183} INFO - Processing /Users/harshasogala/financial-data-platform/venv/lib/python3.12/site-packages/airflow/example_dags/example_xcomargs.py took 0.134 seconds
[2026-03-13T22:48:40.232+0100] {processor.py:161} INFO - Started process (PID=71438) to work on /Users/harshasogala/financial-data-platform/venv/lib/python3.12/site-packages/airflow/example_dags/example_xcomargs.py
[2026-03-13T22:48:40.233+0100] {processor.py:830} INFO - Processing file /Users/harshasogala/financial-data-platform/venv/lib/python3.12/site-packages/airflow/example_dags/example_xcomargs.py for tasks to queue
[2026-03-13T22:48:40.234+0100] {logging_mixin.py:188} INFO - [2026-03-13T22:48:40.233+0100] {dagbag.py:545} INFO - Filling up the DagBag from /Users/harshasogala/financial-data-platform/venv/lib/python3.12/site-packages/airflow/example_dags/example_xcomargs.py
[2026-03-13T22:48:40.260+0100] {processor.py:840} INFO - DAG(s) 'example_xcom_args_with_operators', 'example_xcom_args' retrieved from /Users/harshasogala/financial-data-platform/venv/lib/python3.12/site-packages/airflow/example_dags/example_xcomargs.py
[2026-03-13T22:48:40.352+0100] {logging_mixin.py:188} INFO - [2026-03-13T22:48:40.352+0100] {dag.py:3089} INFO - Sync 2 DAGs
[2026-03-13T22:48:40.357+0100] {logging_mixin.py:188} INFO - [2026-03-13T22:48:40.357+0100] {dag.py:3947} INFO - Setting next_dagrun for example_xcom_args to None, run_after=None
[2026-03-13T22:48:40.359+0100] {logging_mixin.py:188} INFO - [2026-03-13T22:48:40.359+0100] {dag.py:3947} INFO - Setting next_dagrun for example_xcom_args_with_operators to None, run_after=None
[2026-03-13T22:48:40.369+0100] {processor.py:183} INFO - Processing /Users/harshasogala/financial-data-platform/venv/lib/python3.12/site-packages/airflow/example_dags/example_xcomargs.py took 0.139 seconds
[2026-03-13T22:49:26.852+0100] {processor.py:161} INFO - Started process (PID=71479) to work on /Users/harshasogala/financial-data-platform/venv/lib/python3.12/site-packages/airflow/example_dags/example_xcomargs.py
[2026-03-13T22:49:26.853+0100] {processor.py:830} INFO - Processing file /Users/harshasogala/financial-data-platform/venv/lib/python3.12/site-packages/airflow/example_dags/example_xcomargs.py for tasks to queue
[2026-03-13T22:49:26.853+0100] {logging_mixin.py:188} INFO - [2026-03-13T22:49:26.853+0100] {dagbag.py:545} INFO - Filling up the DagBag from /Users/harshasogala/financial-data-platform/venv/lib/python3.12/site-packages/airflow/example_dags/example_xcomargs.py
[2026-03-13T22:49:26.878+0100] {processor.py:840} INFO - DAG(s) 'example_xcom_args_with_operators', 'example_xcom_args' retrieved from /Users/harshasogala/financial-data-platform/venv/lib/python3.12/site-packages/airflow/example_dags/example_xcomargs.py
[2026-03-13T22:49:26.971+0100] {logging_mixin.py:188} INFO - [2026-03-13T22:49:26.971+0100] {dag.py:3089} INFO - Sync 2 DAGs
[2026-03-13T22:49:26.976+0100] {logging_mixin.py:188} INFO - [2026-03-13T22:49:26.976+0100] {dag.py:3947} INFO - Setting next_dagrun for example_xcom_args to None, run_after=None
[2026-03-13T22:49:26.978+0100] {logging_mixin.py:188} INFO - [2026-03-13T22:49:26.978+0100] {dag.py:3947} INFO - Setting next_dagrun for example_xcom_args_with_operators to None, run_after=None
[2026-03-13T22:49:26.988+0100] {processor.py:183} INFO - Processing /Users/harshasogala/financial-data-platform/venv/lib/python3.12/site-packages/airflow/example_dags/example_xcomargs.py took 0.139 seconds
[2026-03-13T22:50:53.465+0100] {processor.py:161} INFO - Started process (PID=72015) to work on /Users/harshasogala/financial-data-platform/venv/lib/python3.12/site-packages/airflow/example_dags/example_xcomargs.py
[2026-03-13T22:50:53.466+0100] {processor.py:830} INFO - Processing file /Users/harshasogala/financial-data-platform/venv/lib/python3.12/site-packages/airflow/example_dags/example_xcomargs.py for tasks to queue
[2026-03-13T22:50:53.466+0100] {logging_mixin.py:188} INFO - [2026-03-13T22:50:53.466+0100] {dagbag.py:545} INFO - Filling up the DagBag from /Users/harshasogala/financial-data-platform/venv/lib/python3.12/site-packages/airflow/example_dags/example_xcomargs.py
[2026-03-13T22:50:53.495+0100] {processor.py:840} INFO - DAG(s) 'example_xcom_args_with_operators', 'example_xcom_args' retrieved from /Users/harshasogala/financial-data-platform/venv/lib/python3.12/site-packages/airflow/example_dags/example_xcomargs.py
[2026-03-13T22:50:53.591+0100] {logging_mixin.py:188} INFO - [2026-03-13T22:50:53.590+0100] {dag.py:3089} INFO - Sync 2 DAGs
[2026-03-13T22:50:53.596+0100] {logging_mixin.py:188} INFO - [2026-03-13T22:50:53.596+0100] {dag.py:3947} INFO - Setting next_dagrun for example_xcom_args to None, run_after=None
[2026-03-13T22:50:53.598+0100] {logging_mixin.py:188} INFO - [2026-03-13T22:50:53.598+0100] {dag.py:3947} INFO - Setting next_dagrun for example_xcom_args_with_operators to None, run_after=None
[2026-03-13T22:50:53.608+0100] {processor.py:183} INFO - Processing /Users/harshasogala/financial-data-platform/venv/lib/python3.12/site-packages/airflow/example_dags/example_xcomargs.py took 0.145 seconds
[2026-03-13T22:52:08.889+0100] {processor.py:161} INFO - Started process (PID=72203) to work on /Users/harshasogala/financial-data-platform/venv/lib/python3.12/site-packages/airflow/example_dags/example_xcomargs.py
[2026-03-13T22:52:08.890+0100] {processor.py:830} INFO - Processing file /Users/harshasogala/financial-data-platform/venv/lib/python3.12/site-packages/airflow/example_dags/example_xcomargs.py for tasks to queue
[2026-03-13T22:52:08.891+0100] {logging_mixin.py:188} INFO - [2026-03-13T22:52:08.891+0100] {dagbag.py:545} INFO - Filling up the DagBag from /Users/harshasogala/financial-data-platform/venv/lib/python3.12/site-packages/airflow/example_dags/example_xcomargs.py
[2026-03-13T22:52:08.914+0100] {processor.py:840} INFO - DAG(s) 'example_xcom_args', 'example_xcom_args_with_operators' retrieved from /Users/harshasogala/financial-data-platform/venv/lib/python3.12/site-packages/airflow/example_dags/example_xcomargs.py
[2026-03-13T22:52:09.005+0100] {logging_mixin.py:188} INFO - [2026-03-13T22:52:09.005+0100] {dag.py:3089} INFO - Sync 2 DAGs
[2026-03-13T22:52:09.010+0100] {logging_mixin.py:188} INFO - [2026-03-13T22:52:09.010+0100] {dag.py:3947} INFO - Setting next_dagrun for example_xcom_args to None, run_after=None
[2026-03-13T22:52:09.012+0100] {logging_mixin.py:188} INFO - [2026-03-13T22:52:09.012+0100] {dag.py:3947} INFO - Setting next_dagrun for example_xcom_args_with_operators to None, run_after=None
[2026-03-13T22:52:09.021+0100] {processor.py:183} INFO - Processing /Users/harshasogala/financial-data-platform/venv/lib/python3.12/site-packages/airflow/example_dags/example_xcomargs.py took 0.133 seconds
[2026-03-13T22:53:26.122+0100] {processor.py:161} INFO - Started process (PID=72412) to work on /Users/harshasogala/financial-data-platform/venv/lib/python3.12/site-packages/airflow/example_dags/example_xcomargs.py
[2026-03-13T22:53:26.123+0100] {processor.py:830} INFO - Processing file /Users/harshasogala/financial-data-platform/venv/lib/python3.12/site-packages/airflow/example_dags/example_xcomargs.py for tasks to queue
[2026-03-13T22:53:26.124+0100] {logging_mixin.py:188} INFO - [2026-03-13T22:53:26.124+0100] {dagbag.py:545} INFO - Filling up the DagBag from /Users/harshasogala/financial-data-platform/venv/lib/python3.12/site-packages/airflow/example_dags/example_xcomargs.py
[2026-03-13T22:53:26.150+0100] {processor.py:840} INFO - DAG(s) 'example_xcom_args', 'example_xcom_args_with_operators' retrieved from /Users/harshasogala/financial-data-platform/venv/lib/python3.12/site-packages/airflow/example_dags/example_xcomargs.py
[2026-03-13T22:53:26.238+0100] {logging_mixin.py:188} INFO - [2026-03-13T22:53:26.238+0100] {dag.py:3089} INFO - Sync 2 DAGs
[2026-03-13T22:53:26.244+0100] {logging_mixin.py:188} INFO - [2026-03-13T22:53:26.243+0100] {dag.py:3947} INFO - Setting next_dagrun for example_xcom_args to None, run_after=None
[2026-03-13T22:53:26.245+0100] {logging_mixin.py:188} INFO - [2026-03-13T22:53:26.245+0100] {dag.py:3947} INFO - Setting next_dagrun for example_xcom_args_with_operators to None, run_after=None
[2026-03-13T22:53:26.255+0100] {processor.py:183} INFO - Processing /Users/harshasogala/financial-data-platform/venv/lib/python3.12/site-packages/airflow/example_dags/example_xcomargs.py took 0.135 seconds
[2026-03-13T22:54:55.928+0100] {processor.py:161} INFO - Started process (PID=72515) to work on /Users/harshasogala/financial-data-platform/venv/lib/python3.12/site-packages/airflow/example_dags/example_xcomargs.py
[2026-03-13T22:54:55.929+0100] {processor.py:830} INFO - Processing file /Users/harshasogala/financial-data-platform/venv/lib/python3.12/site-packages/airflow/example_dags/example_xcomargs.py for tasks to queue
[2026-03-13T22:54:55.929+0100] {logging_mixin.py:188} INFO - [2026-03-13T22:54:55.929+0100] {dagbag.py:545} INFO - Filling up the DagBag from /Users/harshasogala/financial-data-platform/venv/lib/python3.12/site-packages/airflow/example_dags/example_xcomargs.py
[2026-03-13T22:54:55.952+0100] {processor.py:840} INFO - DAG(s) 'example_xcom_args_with_operators', 'example_xcom_args' retrieved from /Users/harshasogala/financial-data-platform/venv/lib/python3.12/site-packages/airflow/example_dags/example_xcomargs.py
[2026-03-13T22:54:56.041+0100] {logging_mixin.py:188} INFO - [2026-03-13T22:54:56.040+0100] {dag.py:3089} INFO - Sync 2 DAGs
[2026-03-13T22:54:56.046+0100] {logging_mixin.py:188} INFO - [2026-03-13T22:54:56.046+0100] {dag.py:3947} INFO - Setting next_dagrun for example_xcom_args to None, run_after=None
[2026-03-13T22:54:56.047+0100] {logging_mixin.py:188} INFO - [2026-03-13T22:54:56.047+0100] {dag.py:3947} INFO - Setting next_dagrun for example_xcom_args_with_operators to None, run_after=None
[2026-03-13T22:54:56.057+0100] {processor.py:183} INFO - Processing /Users/harshasogala/financial-data-platform/venv/lib/python3.12/site-packages/airflow/example_dags/example_xcomargs.py took 0.131 seconds
[2026-03-13T22:56:13.686+0100] {processor.py:161} INFO - Started process (PID=72610) to work on /Users/harshasogala/financial-data-platform/venv/lib/python3.12/site-packages/airflow/example_dags/example_xcomargs.py
[2026-03-13T22:56:13.687+0100] {processor.py:830} INFO - Processing file /Users/harshasogala/financial-data-platform/venv/lib/python3.12/site-packages/airflow/example_dags/example_xcomargs.py for tasks to queue
[2026-03-13T22:56:13.687+0100] {logging_mixin.py:188} INFO - [2026-03-13T22:56:13.687+0100] {dagbag.py:545} INFO - Filling up the DagBag from /Users/harshasogala/financial-data-platform/venv/lib/python3.12/site-packages/airflow/example_dags/example_xcomargs.py
[2026-03-13T22:56:13.712+0100] {processor.py:840} INFO - DAG(s) 'example_xcom_args', 'example_xcom_args_with_operators' retrieved from /Users/harshasogala/financial-data-platform/venv/lib/python3.12/site-packages/airflow/example_dags/example_xcomargs.py
[2026-03-13T22:56:13.803+0100] {logging_mixin.py:188} INFO - [2026-03-13T22:56:13.803+0100] {dag.py:3089} INFO - Sync 2 DAGs
[2026-03-13T22:56:13.810+0100] {logging_mixin.py:188} INFO - [2026-03-13T22:56:13.810+0100] {dag.py:3947} INFO - Setting next_dagrun for example_xcom_args to None, run_after=None
[2026-03-13T22:56:13.811+0100] {logging_mixin.py:188} INFO - [2026-03-13T22:56:13.811+0100] {dag.py:3947} INFO - Setting next_dagrun for example_xcom_args_with_operators to None, run_after=None
[2026-03-13T22:56:13.821+0100] {processor.py:183} INFO - Processing /Users/harshasogala/financial-data-platform/venv/lib/python3.12/site-packages/airflow/example_dags/example_xcomargs.py took 0.137 seconds
[2026-03-13T22:57:32.833+0100] {processor.py:161} INFO - Started process (PID=72670) to work on /Users/harshasogala/financial-data-platform/venv/lib/python3.12/site-packages/airflow/example_dags/example_xcomargs.py
[2026-03-13T22:57:32.834+0100] {processor.py:830} INFO - Processing file /Users/harshasogala/financial-data-platform/venv/lib/python3.12/site-packages/airflow/example_dags/example_xcomargs.py for tasks to queue
[2026-03-13T22:57:32.834+0100] {logging_mixin.py:188} INFO - [2026-03-13T22:57:32.834+0100] {dagbag.py:545} INFO - Filling up the DagBag from /Users/harshasogala/financial-data-platform/venv/lib/python3.12/site-packages/airflow/example_dags/example_xcomargs.py
[2026-03-13T22:57:32.858+0100] {processor.py:840} INFO - DAG(s) 'example_xcom_args_with_operators', 'example_xcom_args' retrieved from /Users/harshasogala/financial-data-platform/venv/lib/python3.12/site-packages/airflow/example_dags/example_xcomargs.py
[2026-03-13T22:57:32.948+0100] {logging_mixin.py:188} INFO - [2026-03-13T22:57:32.948+0100] {dag.py:3089} INFO - Sync 2 DAGs
[2026-03-13T22:57:32.953+0100] {logging_mixin.py:188} INFO - [2026-03-13T22:57:32.953+0100] {dag.py:3947} INFO - Setting next_dagrun for example_xcom_args to None, run_after=None
[2026-03-13T22:57:32.955+0100] {logging_mixin.py:188} INFO - [2026-03-13T22:57:32.955+0100] {dag.py:3947} INFO - Setting next_dagrun for example_xcom_args_with_operators to None, run_after=None
[2026-03-13T22:57:32.965+0100] {processor.py:183} INFO - Processing /Users/harshasogala/financial-data-platform/venv/lib/python3.12/site-packages/airflow/example_dags/example_xcomargs.py took 0.134 seconds
[2026-03-13T22:58:56.585+0100] {processor.py:161} INFO - Started process (PID=72744) to work on /Users/harshasogala/financial-data-platform/venv/lib/python3.12/site-packages/airflow/example_dags/example_xcomargs.py
[2026-03-13T22:58:56.587+0100] {processor.py:830} INFO - Processing file /Users/harshasogala/financial-data-platform/venv/lib/python3.12/site-packages/airflow/example_dags/example_xcomargs.py for tasks to queue
[2026-03-13T22:58:56.587+0100] {logging_mixin.py:188} INFO - [2026-03-13T22:58:56.587+0100] {dagbag.py:545} INFO - Filling up the DagBag from /Users/harshasogala/financial-data-platform/venv/lib/python3.12/site-packages/airflow/example_dags/example_xcomargs.py
[2026-03-13T22:58:56.610+0100] {processor.py:840} INFO - DAG(s) 'example_xcom_args_with_operators', 'example_xcom_args' retrieved from /Users/harshasogala/financial-data-platform/venv/lib/python3.12/site-packages/airflow/example_dags/example_xcomargs.py
[2026-03-13T22:58:56.700+0100] {logging_mixin.py:188} INFO - [2026-03-13T22:58:56.700+0100] {dag.py:3089} INFO - Sync 2 DAGs
[2026-03-13T22:58:56.705+0100] {logging_mixin.py:188} INFO - [2026-03-13T22:58:56.705+0100] {dag.py:3947} INFO - Setting next_dagrun for example_xcom_args to None, run_after=None
[2026-03-13T22:58:56.707+0100] {logging_mixin.py:188} INFO - [2026-03-13T22:58:56.707+0100] {dag.py:3947} INFO - Setting next_dagrun for example_xcom_args_with_operators to None, run_after=None
[2026-03-13T22:58:56.717+0100] {processor.py:183} INFO - Processing /Users/harshasogala/financial-data-platform/venv/lib/python3.12/site-packages/airflow/example_dags/example_xcomargs.py took 0.133 seconds
[2026-03-13T23:00:12.429+0100] {processor.py:161} INFO - Started process (PID=72811) to work on /Users/harshasogala/financial-data-platform/venv/lib/python3.12/site-packages/airflow/example_dags/example_xcomargs.py
[2026-03-13T23:00:12.431+0100] {processor.py:830} INFO - Processing file /Users/harshasogala/financial-data-platform/venv/lib/python3.12/site-packages/airflow/example_dags/example_xcomargs.py for tasks to queue
[2026-03-13T23:00:12.432+0100] {logging_mixin.py:188} INFO - [2026-03-13T23:00:12.432+0100] {dagbag.py:545} INFO - Filling up the DagBag from /Users/harshasogala/financial-data-platform/venv/lib/python3.12/site-packages/airflow/example_dags/example_xcomargs.py
[2026-03-13T23:00:12.459+0100] {processor.py:840} INFO - DAG(s) 'example_xcom_args', 'example_xcom_args_with_operators' retrieved from /Users/harshasogala/financial-data-platform/venv/lib/python3.12/site-packages/airflow/example_dags/example_xcomargs.py
[2026-03-13T23:00:12.549+0100] {logging_mixin.py:188} INFO - [2026-03-13T23:00:12.549+0100] {dag.py:3089} INFO - Sync 2 DAGs
[2026-03-13T23:00:12.554+0100] {logging_mixin.py:188} INFO - [2026-03-13T23:00:12.554+0100] {dag.py:3947} INFO - Setting next_dagrun for example_xcom_args to None, run_after=None
[2026-03-13T23:00:12.556+0100] {logging_mixin.py:188} INFO - [2026-03-13T23:00:12.556+0100] {dag.py:3947} INFO - Setting next_dagrun for example_xcom_args_with_operators to None, run_after=None
[2026-03-13T23:00:12.566+0100] {processor.py:183} INFO - Processing /Users/harshasogala/financial-data-platform/venv/lib/python3.12/site-packages/airflow/example_dags/example_xcomargs.py took 0.139 seconds
[2026-03-13T23:01:35.378+0100] {processor.py:161} INFO - Started process (PID=72878) to work on /Users/harshasogala/financial-data-platform/venv/lib/python3.12/site-packages/airflow/example_dags/example_xcomargs.py
[2026-03-13T23:01:35.379+0100] {processor.py:830} INFO - Processing file /Users/harshasogala/financial-data-platform/venv/lib/python3.12/site-packages/airflow/example_dags/example_xcomargs.py for tasks to queue
[2026-03-13T23:01:35.379+0100] {logging_mixin.py:188} INFO - [2026-03-13T23:01:35.379+0100] {dagbag.py:545} INFO - Filling up the DagBag from /Users/harshasogala/financial-data-platform/venv/lib/python3.12/site-packages/airflow/example_dags/example_xcomargs.py
[2026-03-13T23:01:35.405+0100] {processor.py:840} INFO - DAG(s) 'example_xcom_args_with_operators', 'example_xcom_args' retrieved from /Users/harshasogala/financial-data-platform/venv/lib/python3.12/site-packages/airflow/example_dags/example_xcomargs.py
[2026-03-13T23:01:35.504+0100] {logging_mixin.py:188} INFO - [2026-03-13T23:01:35.504+0100] {dag.py:3089} INFO - Sync 2 DAGs
[2026-03-13T23:01:35.509+0100] {logging_mixin.py:188} INFO - [2026-03-13T23:01:35.509+0100] {dag.py:3947} INFO - Setting next_dagrun for example_xcom_args to None, run_after=None
[2026-03-13T23:01:35.512+0100] {logging_mixin.py:188} INFO - [2026-03-13T23:01:35.512+0100] {dag.py:3947} INFO - Setting next_dagrun for example_xcom_args_with_operators to None, run_after=None
[2026-03-13T23:01:35.524+0100] {processor.py:183} INFO - Processing /Users/harshasogala/financial-data-platform/venv/lib/python3.12/site-packages/airflow/example_dags/example_xcomargs.py took 0.148 seconds
[2026-03-13T23:02:51.558+0100] {processor.py:161} INFO - Started process (PID=72936) to work on /Users/harshasogala/financial-data-platform/venv/lib/python3.12/site-packages/airflow/example_dags/example_xcomargs.py
[2026-03-13T23:02:51.559+0100] {processor.py:830} INFO - Processing file /Users/harshasogala/financial-data-platform/venv/lib/python3.12/site-packages/airflow/example_dags/example_xcomargs.py for tasks to queue
[2026-03-13T23:02:51.559+0100] {logging_mixin.py:188} INFO - [2026-03-13T23:02:51.559+0100] {dagbag.py:545} INFO - Filling up the DagBag from /Users/harshasogala/financial-data-platform/venv/lib/python3.12/site-packages/airflow/example_dags/example_xcomargs.py
[2026-03-13T23:02:51.588+0100] {processor.py:840} INFO - DAG(s) 'example_xcom_args_with_operators', 'example_xcom_args' retrieved from /Users/harshasogala/financial-data-platform/venv/lib/python3.12/site-packages/airflow/example_dags/example_xcomargs.py
[2026-03-13T23:02:51.683+0100] {logging_mixin.py:188} INFO - [2026-03-13T23:02:51.682+0100] {dag.py:3089} INFO - Sync 2 DAGs
[2026-03-13T23:02:51.689+0100] {logging_mixin.py:188} INFO - [2026-03-13T23:02:51.689+0100] {dag.py:3947} INFO - Setting next_dagrun for example_xcom_args to None, run_after=None
[2026-03-13T23:02:51.691+0100] {logging_mixin.py:188} INFO - [2026-03-13T23:02:51.691+0100] {dag.py:3947} INFO - Setting next_dagrun for example_xcom_args_with_operators to None, run_after=None
[2026-03-13T23:02:51.703+0100] {processor.py:183} INFO - Processing /Users/harshasogala/financial-data-platform/venv/lib/python3.12/site-packages/airflow/example_dags/example_xcomargs.py took 0.147 seconds
[2026-03-13T23:04:11.064+0100] {processor.py:161} INFO - Started process (PID=72997) to work on /Users/harshasogala/financial-data-platform/venv/lib/python3.12/site-packages/airflow/example_dags/example_xcomargs.py
[2026-03-13T23:04:11.065+0100] {processor.py:830} INFO - Processing file /Users/harshasogala/financial-data-platform/venv/lib/python3.12/site-packages/airflow/example_dags/example_xcomargs.py for tasks to queue
[2026-03-13T23:04:11.066+0100] {logging_mixin.py:188} INFO - [2026-03-13T23:04:11.065+0100] {dagbag.py:545} INFO - Filling up the DagBag from /Users/harshasogala/financial-data-platform/venv/lib/python3.12/site-packages/airflow/example_dags/example_xcomargs.py
[2026-03-13T23:04:11.089+0100] {processor.py:840} INFO - DAG(s) 'example_xcom_args', 'example_xcom_args_with_operators' retrieved from /Users/harshasogala/financial-data-platform/venv/lib/python3.12/site-packages/airflow/example_dags/example_xcomargs.py
[2026-03-13T23:04:11.179+0100] {logging_mixin.py:188} INFO - [2026-03-13T23:04:11.179+0100] {dag.py:3089} INFO - Sync 2 DAGs
[2026-03-13T23:04:11.184+0100] {logging_mixin.py:188} INFO - [2026-03-13T23:04:11.184+0100] {dag.py:3947} INFO - Setting next_dagrun for example_xcom_args to None, run_after=None
[2026-03-13T23:04:11.186+0100] {logging_mixin.py:188} INFO - [2026-03-13T23:04:11.186+0100] {dag.py:3947} INFO - Setting next_dagrun for example_xcom_args_with_operators to None, run_after=None
[2026-03-13T23:04:11.197+0100] {processor.py:183} INFO - Processing /Users/harshasogala/financial-data-platform/venv/lib/python3.12/site-packages/airflow/example_dags/example_xcomargs.py took 0.135 seconds
[2026-03-13T23:05:28.082+0100] {processor.py:161} INFO - Started process (PID=73058) to work on /Users/harshasogala/financial-data-platform/venv/lib/python3.12/site-packages/airflow/example_dags/example_xcomargs.py
[2026-03-13T23:05:28.083+0100] {processor.py:830} INFO - Processing file /Users/harshasogala/financial-data-platform/venv/lib/python3.12/site-packages/airflow/example_dags/example_xcomargs.py for tasks to queue
[2026-03-13T23:05:28.083+0100] {logging_mixin.py:188} INFO - [2026-03-13T23:05:28.083+0100] {dagbag.py:545} INFO - Filling up the DagBag from /Users/harshasogala/financial-data-platform/venv/lib/python3.12/site-packages/airflow/example_dags/example_xcomargs.py
[2026-03-13T23:05:28.108+0100] {processor.py:840} INFO - DAG(s) 'example_xcom_args_with_operators', 'example_xcom_args' retrieved from /Users/harshasogala/financial-data-platform/venv/lib/python3.12/site-packages/airflow/example_dags/example_xcomargs.py
[2026-03-13T23:05:28.197+0100] {logging_mixin.py:188} INFO - [2026-03-13T23:05:28.197+0100] {dag.py:3089} INFO - Sync 2 DAGs
[2026-03-13T23:05:28.202+0100] {logging_mixin.py:188} INFO - [2026-03-13T23:05:28.202+0100] {dag.py:3947} INFO - Setting next_dagrun for example_xcom_args to None, run_after=None
[2026-03-13T23:05:28.204+0100] {logging_mixin.py:188} INFO - [2026-03-13T23:05:28.204+0100] {dag.py:3947} INFO - Setting next_dagrun for example_xcom_args_with_operators to None, run_after=None
[2026-03-13T23:05:28.215+0100] {processor.py:183} INFO - Processing /Users/harshasogala/financial-data-platform/venv/lib/python3.12/site-packages/airflow/example_dags/example_xcomargs.py took 0.134 seconds
[2026-03-13T23:06:49.404+0100] {processor.py:161} INFO - Started process (PID=73127) to work on /Users/harshasogala/financial-data-platform/venv/lib/python3.12/site-packages/airflow/example_dags/example_xcomargs.py
[2026-03-13T23:06:49.406+0100] {processor.py:830} INFO - Processing file /Users/harshasogala/financial-data-platform/venv/lib/python3.12/site-packages/airflow/example_dags/example_xcomargs.py for tasks to queue
[2026-03-13T23:06:49.406+0100] {logging_mixin.py:188} INFO - [2026-03-13T23:06:49.406+0100] {dagbag.py:545} INFO - Filling up the DagBag from /Users/harshasogala/financial-data-platform/venv/lib/python3.12/site-packages/airflow/example_dags/example_xcomargs.py
[2026-03-13T23:06:49.430+0100] {processor.py:840} INFO - DAG(s) 'example_xcom_args_with_operators', 'example_xcom_args' retrieved from /Users/harshasogala/financial-data-platform/venv/lib/python3.12/site-packages/airflow/example_dags/example_xcomargs.py
[2026-03-13T23:06:49.520+0100] {logging_mixin.py:188} INFO - [2026-03-13T23:06:49.520+0100] {dag.py:3089} INFO - Sync 2 DAGs
[2026-03-13T23:06:49.526+0100] {logging_mixin.py:188} INFO - [2026-03-13T23:06:49.525+0100] {dag.py:3947} INFO - Setting next_dagrun for example_xcom_args to None, run_after=None
[2026-03-13T23:06:49.527+0100] {logging_mixin.py:188} INFO - [2026-03-13T23:06:49.527+0100] {dag.py:3947} INFO - Setting next_dagrun for example_xcom_args_with_operators to None, run_after=None
[2026-03-13T23:06:49.538+0100] {processor.py:183} INFO - Processing /Users/harshasogala/financial-data-platform/venv/lib/python3.12/site-packages/airflow/example_dags/example_xcomargs.py took 0.135 seconds
[2026-03-13T23:08:08.583+0100] {processor.py:161} INFO - Started process (PID=73190) to work on /Users/harshasogala/financial-data-platform/venv/lib/python3.12/site-packages/airflow/example_dags/example_xcomargs.py
[2026-03-13T23:08:08.585+0100] {processor.py:830} INFO - Processing file /Users/harshasogala/financial-data-platform/venv/lib/python3.12/site-packages/airflow/example_dags/example_xcomargs.py for tasks to queue
[2026-03-13T23:08:08.585+0100] {logging_mixin.py:188} INFO - [2026-03-13T23:08:08.585+0100] {dagbag.py:545} INFO - Filling up the DagBag from /Users/harshasogala/financial-data-platform/venv/lib/python3.12/site-packages/airflow/example_dags/example_xcomargs.py
[2026-03-13T23:08:08.609+0100] {processor.py:840} INFO - DAG(s) 'example_xcom_args', 'example_xcom_args_with_operators' retrieved from /Users/harshasogala/financial-data-platform/venv/lib/python3.12/site-packages/airflow/example_dags/example_xcomargs.py
[2026-03-13T23:08:08.697+0100] {logging_mixin.py:188} INFO - [2026-03-13T23:08:08.697+0100] {dag.py:3089} INFO - Sync 2 DAGs
[2026-03-13T23:08:08.702+0100] {logging_mixin.py:188} INFO - [2026-03-13T23:08:08.702+0100] {dag.py:3947} INFO - Setting next_dagrun for example_xcom_args to None, run_after=None
[2026-03-13T23:08:08.704+0100] {logging_mixin.py:188} INFO - [2026-03-13T23:08:08.704+0100] {dag.py:3947} INFO - Setting next_dagrun for example_xcom_args_with_operators to None, run_after=None
[2026-03-13T23:08:08.716+0100] {processor.py:183} INFO - Processing /Users/harshasogala/financial-data-platform/venv/lib/python3.12/site-packages/airflow/example_dags/example_xcomargs.py took 0.134 seconds
[2026-03-13T23:09:20.983+0100] {processor.py:161} INFO - Started process (PID=73249) to work on /Users/harshasogala/financial-data-platform/venv/lib/python3.12/site-packages/airflow/example_dags/example_xcomargs.py
[2026-03-13T23:09:20.983+0100] {processor.py:830} INFO - Processing file /Users/harshasogala/financial-data-platform/venv/lib/python3.12/site-packages/airflow/example_dags/example_xcomargs.py for tasks to queue
[2026-03-13T23:09:20.984+0100] {logging_mixin.py:188} INFO - [2026-03-13T23:09:20.984+0100] {dagbag.py:545} INFO - Filling up the DagBag from /Users/harshasogala/financial-data-platform/venv/lib/python3.12/site-packages/airflow/example_dags/example_xcomargs.py
[2026-03-13T23:09:21.010+0100] {processor.py:840} INFO - DAG(s) 'example_xcom_args_with_operators', 'example_xcom_args' retrieved from /Users/harshasogala/financial-data-platform/venv/lib/python3.12/site-packages/airflow/example_dags/example_xcomargs.py
[2026-03-13T23:09:21.100+0100] {logging_mixin.py:188} INFO - [2026-03-13T23:09:21.100+0100] {dag.py:3089} INFO - Sync 2 DAGs
[2026-03-13T23:09:21.105+0100] {logging_mixin.py:188} INFO - [2026-03-13T23:09:21.105+0100] {dag.py:3947} INFO - Setting next_dagrun for example_xcom_args to None, run_after=None
[2026-03-13T23:09:21.107+0100] {logging_mixin.py:188} INFO - [2026-03-13T23:09:21.107+0100] {dag.py:3947} INFO - Setting next_dagrun for example_xcom_args_with_operators to None, run_after=None
[2026-03-13T23:09:21.119+0100] {processor.py:183} INFO - Processing /Users/harshasogala/financial-data-platform/venv/lib/python3.12/site-packages/airflow/example_dags/example_xcomargs.py took 0.138 seconds
[2026-03-13T23:10:34.276+0100] {processor.py:161} INFO - Started process (PID=73306) to work on /Users/harshasogala/financial-data-platform/venv/lib/python3.12/site-packages/airflow/example_dags/example_xcomargs.py
[2026-03-13T23:10:34.276+0100] {processor.py:830} INFO - Processing file /Users/harshasogala/financial-data-platform/venv/lib/python3.12/site-packages/airflow/example_dags/example_xcomargs.py for tasks to queue
[2026-03-13T23:10:34.277+0100] {logging_mixin.py:188} INFO - [2026-03-13T23:10:34.277+0100] {dagbag.py:545} INFO - Filling up the DagBag from /Users/harshasogala/financial-data-platform/venv/lib/python3.12/site-packages/airflow/example_dags/example_xcomargs.py
[2026-03-13T23:10:34.300+0100] {processor.py:840} INFO - DAG(s) 'example_xcom_args_with_operators', 'example_xcom_args' retrieved from /Users/harshasogala/financial-data-platform/venv/lib/python3.12/site-packages/airflow/example_dags/example_xcomargs.py
[2026-03-13T23:10:34.389+0100] {logging_mixin.py:188} INFO - [2026-03-13T23:10:34.389+0100] {dag.py:3089} INFO - Sync 2 DAGs
[2026-03-13T23:10:34.394+0100] {logging_mixin.py:188} INFO - [2026-03-13T23:10:34.394+0100] {dag.py:3947} INFO - Setting next_dagrun for example_xcom_args to None, run_after=None
[2026-03-13T23:10:34.396+0100] {logging_mixin.py:188} INFO - [2026-03-13T23:10:34.396+0100] {dag.py:3947} INFO - Setting next_dagrun for example_xcom_args_with_operators to None, run_after=None
[2026-03-13T23:10:34.407+0100] {processor.py:183} INFO - Processing /Users/harshasogala/financial-data-platform/venv/lib/python3.12/site-packages/airflow/example_dags/example_xcomargs.py took 0.133 seconds
[2026-03-13T23:11:47.580+0100] {processor.py:161} INFO - Started process (PID=73375) to work on /Users/harshasogala/financial-data-platform/venv/lib/python3.12/site-packages/airflow/example_dags/example_xcomargs.py
[2026-03-13T23:11:47.581+0100] {processor.py:830} INFO - Processing file /Users/harshasogala/financial-data-platform/venv/lib/python3.12/site-packages/airflow/example_dags/example_xcomargs.py for tasks to queue
[2026-03-13T23:11:47.582+0100] {logging_mixin.py:188} INFO - [2026-03-13T23:11:47.582+0100] {dagbag.py:545} INFO - Filling up the DagBag from /Users/harshasogala/financial-data-platform/venv/lib/python3.12/site-packages/airflow/example_dags/example_xcomargs.py
[2026-03-13T23:11:47.605+0100] {processor.py:840} INFO - DAG(s) 'example_xcom_args', 'example_xcom_args_with_operators' retrieved from /Users/harshasogala/financial-data-platform/venv/lib/python3.12/site-packages/airflow/example_dags/example_xcomargs.py
[2026-03-13T23:11:47.694+0100] {logging_mixin.py:188} INFO - [2026-03-13T23:11:47.694+0100] {dag.py:3089} INFO - Sync 2 DAGs
[2026-03-13T23:11:47.699+0100] {logging_mixin.py:188} INFO - [2026-03-13T23:11:47.699+0100] {dag.py:3947} INFO - Setting next_dagrun for example_xcom_args to None, run_after=None
[2026-03-13T23:11:47.701+0100] {logging_mixin.py:188} INFO - [2026-03-13T23:11:47.701+0100] {dag.py:3947} INFO - Setting next_dagrun for example_xcom_args_with_operators to None, run_after=None
[2026-03-13T23:11:47.712+0100] {processor.py:183} INFO - Processing /Users/harshasogala/financial-data-platform/venv/lib/python3.12/site-packages/airflow/example_dags/example_xcomargs.py took 0.134 seconds
[2026-03-13T23:13:02.327+0100] {processor.py:161} INFO - Started process (PID=73433) to work on /Users/harshasogala/financial-data-platform/venv/lib/python3.12/site-packages/airflow/example_dags/example_xcomargs.py
[2026-03-13T23:13:02.328+0100] {processor.py:830} INFO - Processing file /Users/harshasogala/financial-data-platform/venv/lib/python3.12/site-packages/airflow/example_dags/example_xcomargs.py for tasks to queue
[2026-03-13T23:13:02.329+0100] {logging_mixin.py:188} INFO - [2026-03-13T23:13:02.329+0100] {dagbag.py:545} INFO - Filling up the DagBag from /Users/harshasogala/financial-data-platform/venv/lib/python3.12/site-packages/airflow/example_dags/example_xcomargs.py
[2026-03-13T23:13:02.352+0100] {processor.py:840} INFO - DAG(s) 'example_xcom_args_with_operators', 'example_xcom_args' retrieved from /Users/harshasogala/financial-data-platform/venv/lib/python3.12/site-packages/airflow/example_dags/example_xcomargs.py
[2026-03-13T23:13:02.442+0100] {logging_mixin.py:188} INFO - [2026-03-13T23:13:02.441+0100] {dag.py:3089} INFO - Sync 2 DAGs
[2026-03-13T23:13:02.447+0100] {logging_mixin.py:188} INFO - [2026-03-13T23:13:02.447+0100] {dag.py:3947} INFO - Setting next_dagrun for example_xcom_args to None, run_after=None
[2026-03-13T23:13:02.449+0100] {logging_mixin.py:188} INFO - [2026-03-13T23:13:02.448+0100] {dag.py:3947} INFO - Setting next_dagrun for example_xcom_args_with_operators to None, run_after=None
[2026-03-13T23:13:02.460+0100] {processor.py:183} INFO - Processing /Users/harshasogala/financial-data-platform/venv/lib/python3.12/site-packages/airflow/example_dags/example_xcomargs.py took 0.135 seconds
[2026-03-13T23:14:16.087+0100] {processor.py:161} INFO - Started process (PID=73495) to work on /Users/harshasogala/financial-data-platform/venv/lib/python3.12/site-packages/airflow/example_dags/example_xcomargs.py
[2026-03-13T23:14:16.087+0100] {processor.py:830} INFO - Processing file /Users/harshasogala/financial-data-platform/venv/lib/python3.12/site-packages/airflow/example_dags/example_xcomargs.py for tasks to queue
[2026-03-13T23:14:16.088+0100] {logging_mixin.py:188} INFO - [2026-03-13T23:14:16.088+0100] {dagbag.py:545} INFO - Filling up the DagBag from /Users/harshasogala/financial-data-platform/venv/lib/python3.12/site-packages/airflow/example_dags/example_xcomargs.py
[2026-03-13T23:14:16.112+0100] {processor.py:840} INFO - DAG(s) 'example_xcom_args_with_operators', 'example_xcom_args' retrieved from /Users/harshasogala/financial-data-platform/venv/lib/python3.12/site-packages/airflow/example_dags/example_xcomargs.py
[2026-03-13T23:14:16.201+0100] {logging_mixin.py:188} INFO - [2026-03-13T23:14:16.201+0100] {dag.py:3089} INFO - Sync 2 DAGs
[2026-03-13T23:14:16.206+0100] {logging_mixin.py:188} INFO - [2026-03-13T23:14:16.206+0100] {dag.py:3947} INFO - Setting next_dagrun for example_xcom_args to None, run_after=None
[2026-03-13T23:14:16.208+0100] {logging_mixin.py:188} INFO - [2026-03-13T23:14:16.208+0100] {dag.py:3947} INFO - Setting next_dagrun for example_xcom_args_with_operators to None, run_after=None
[2026-03-13T23:14:16.218+0100] {processor.py:183} INFO - Processing /Users/harshasogala/financial-data-platform/venv/lib/python3.12/site-packages/airflow/example_dags/example_xcomargs.py took 0.133 seconds
[2026-03-13T23:15:31.982+0100] {processor.py:161} INFO - Started process (PID=73555) to work on /Users/harshasogala/financial-data-platform/venv/lib/python3.12/site-packages/airflow/example_dags/example_xcomargs.py
[2026-03-13T23:15:31.983+0100] {processor.py:830} INFO - Processing file /Users/harshasogala/financial-data-platform/venv/lib/python3.12/site-packages/airflow/example_dags/example_xcomargs.py for tasks to queue
[2026-03-13T23:15:31.983+0100] {logging_mixin.py:188} INFO - [2026-03-13T23:15:31.983+0100] {dagbag.py:545} INFO - Filling up the DagBag from /Users/harshasogala/financial-data-platform/venv/lib/python3.12/site-packages/airflow/example_dags/example_xcomargs.py
[2026-03-13T23:15:32.007+0100] {processor.py:840} INFO - DAG(s) 'example_xcom_args', 'example_xcom_args_with_operators' retrieved from /Users/harshasogala/financial-data-platform/venv/lib/python3.12/site-packages/airflow/example_dags/example_xcomargs.py
[2026-03-13T23:15:32.097+0100] {logging_mixin.py:188} INFO - [2026-03-13T23:15:32.097+0100] {dag.py:3089} INFO - Sync 2 DAGs
[2026-03-13T23:15:32.102+0100] {logging_mixin.py:188} INFO - [2026-03-13T23:15:32.102+0100] {dag.py:3947} INFO - Setting next_dagrun for example_xcom_args to None, run_after=None
[2026-03-13T23:15:32.104+0100] {logging_mixin.py:188} INFO - [2026-03-13T23:15:32.104+0100] {dag.py:3947} INFO - Setting next_dagrun for example_xcom_args_with_operators to None, run_after=None
[2026-03-13T23:15:32.114+0100] {processor.py:183} INFO - Processing /Users/harshasogala/financial-data-platform/venv/lib/python3.12/site-packages/airflow/example_dags/example_xcomargs.py took 0.134 seconds
[2026-03-13T23:16:46.641+0100] {processor.py:161} INFO - Started process (PID=73618) to work on /Users/harshasogala/financial-data-platform/venv/lib/python3.12/site-packages/airflow/example_dags/example_xcomargs.py
[2026-03-13T23:16:46.642+0100] {processor.py:830} INFO - Processing file /Users/harshasogala/financial-data-platform/venv/lib/python3.12/site-packages/airflow/example_dags/example_xcomargs.py for tasks to queue
[2026-03-13T23:16:46.642+0100] {logging_mixin.py:188} INFO - [2026-03-13T23:16:46.642+0100] {dagbag.py:545} INFO - Filling up the DagBag from /Users/harshasogala/financial-data-platform/venv/lib/python3.12/site-packages/airflow/example_dags/example_xcomargs.py
[2026-03-13T23:16:46.667+0100] {processor.py:840} INFO - DAG(s) 'example_xcom_args_with_operators', 'example_xcom_args' retrieved from /Users/harshasogala/financial-data-platform/venv/lib/python3.12/site-packages/airflow/example_dags/example_xcomargs.py
[2026-03-13T23:16:46.757+0100] {logging_mixin.py:188} INFO - [2026-03-13T23:16:46.757+0100] {dag.py:3089} INFO - Sync 2 DAGs
[2026-03-13T23:16:46.763+0100] {logging_mixin.py:188} INFO - [2026-03-13T23:16:46.763+0100] {dag.py:3947} INFO - Setting next_dagrun for example_xcom_args to None, run_after=None
[2026-03-13T23:16:46.764+0100] {logging_mixin.py:188} INFO - [2026-03-13T23:16:46.764+0100] {dag.py:3947} INFO - Setting next_dagrun for example_xcom_args_with_operators to None, run_after=None
[2026-03-13T23:16:46.775+0100] {processor.py:183} INFO - Processing /Users/harshasogala/financial-data-platform/venv/lib/python3.12/site-packages/airflow/example_dags/example_xcomargs.py took 0.136 seconds
[2026-03-13T23:18:04.248+0100] {processor.py:161} INFO - Started process (PID=73685) to work on /Users/harshasogala/financial-data-platform/venv/lib/python3.12/site-packages/airflow/example_dags/example_xcomargs.py
[2026-03-13T23:18:04.249+0100] {processor.py:830} INFO - Processing file /Users/harshasogala/financial-data-platform/venv/lib/python3.12/site-packages/airflow/example_dags/example_xcomargs.py for tasks to queue
[2026-03-13T23:18:04.250+0100] {logging_mixin.py:188} INFO - [2026-03-13T23:18:04.250+0100] {dagbag.py:545} INFO - Filling up the DagBag from /Users/harshasogala/financial-data-platform/venv/lib/python3.12/site-packages/airflow/example_dags/example_xcomargs.py
[2026-03-13T23:18:04.274+0100] {processor.py:840} INFO - DAG(s) 'example_xcom_args', 'example_xcom_args_with_operators' retrieved from /Users/harshasogala/financial-data-platform/venv/lib/python3.12/site-packages/airflow/example_dags/example_xcomargs.py
[2026-03-13T23:18:04.362+0100] {logging_mixin.py:188} INFO - [2026-03-13T23:18:04.362+0100] {dag.py:3089} INFO - Sync 2 DAGs
[2026-03-13T23:18:04.368+0100] {logging_mixin.py:188} INFO - [2026-03-13T23:18:04.368+0100] {dag.py:3947} INFO - Setting next_dagrun for example_xcom_args to None, run_after=None
[2026-03-13T23:18:04.369+0100] {logging_mixin.py:188} INFO - [2026-03-13T23:18:04.369+0100] {dag.py:3947} INFO - Setting next_dagrun for example_xcom_args_with_operators to None, run_after=None
[2026-03-13T23:18:04.379+0100] {processor.py:183} INFO - Processing /Users/harshasogala/financial-data-platform/venv/lib/python3.12/site-packages/airflow/example_dags/example_xcomargs.py took 0.133 seconds
[2026-03-13T23:19:19.535+0100] {processor.py:161} INFO - Started process (PID=73745) to work on /Users/harshasogala/financial-data-platform/venv/lib/python3.12/site-packages/airflow/example_dags/example_xcomargs.py
[2026-03-13T23:19:19.536+0100] {processor.py:830} INFO - Processing file /Users/harshasogala/financial-data-platform/venv/lib/python3.12/site-packages/airflow/example_dags/example_xcomargs.py for tasks to queue
[2026-03-13T23:19:19.536+0100] {logging_mixin.py:188} INFO - [2026-03-13T23:19:19.536+0100] {dagbag.py:545} INFO - Filling up the DagBag from /Users/harshasogala/financial-data-platform/venv/lib/python3.12/site-packages/airflow/example_dags/example_xcomargs.py
[2026-03-13T23:19:19.560+0100] {processor.py:840} INFO - DAG(s) 'example_xcom_args', 'example_xcom_args_with_operators' retrieved from /Users/harshasogala/financial-data-platform/venv/lib/python3.12/site-packages/airflow/example_dags/example_xcomargs.py
[2026-03-13T23:19:19.648+0100] {logging_mixin.py:188} INFO - [2026-03-13T23:19:19.648+0100] {dag.py:3089} INFO - Sync 2 DAGs
[2026-03-13T23:19:19.654+0100] {logging_mixin.py:188} INFO - [2026-03-13T23:19:19.654+0100] {dag.py:3947} INFO - Setting next_dagrun for example_xcom_args to None, run_after=None
[2026-03-13T23:19:19.655+0100] {logging_mixin.py:188} INFO - [2026-03-13T23:19:19.655+0100] {dag.py:3947} INFO - Setting next_dagrun for example_xcom_args_with_operators to None, run_after=None
[2026-03-13T23:19:19.665+0100] {processor.py:183} INFO - Processing /Users/harshasogala/financial-data-platform/venv/lib/python3.12/site-packages/airflow/example_dags/example_xcomargs.py took 0.132 seconds
[2026-03-13T23:20:38.700+0100] {processor.py:161} INFO - Started process (PID=73811) to work on /Users/harshasogala/financial-data-platform/venv/lib/python3.12/site-packages/airflow/example_dags/example_xcomargs.py
[2026-03-13T23:20:38.702+0100] {processor.py:830} INFO - Processing file /Users/harshasogala/financial-data-platform/venv/lib/python3.12/site-packages/airflow/example_dags/example_xcomargs.py for tasks to queue
[2026-03-13T23:20:38.702+0100] {logging_mixin.py:188} INFO - [2026-03-13T23:20:38.702+0100] {dagbag.py:545} INFO - Filling up the DagBag from /Users/harshasogala/financial-data-platform/venv/lib/python3.12/site-packages/airflow/example_dags/example_xcomargs.py
[2026-03-13T23:20:38.727+0100] {processor.py:840} INFO - DAG(s) 'example_xcom_args', 'example_xcom_args_with_operators' retrieved from /Users/harshasogala/financial-data-platform/venv/lib/python3.12/site-packages/airflow/example_dags/example_xcomargs.py
[2026-03-13T23:20:38.817+0100] {logging_mixin.py:188} INFO - [2026-03-13T23:20:38.817+0100] {dag.py:3089} INFO - Sync 2 DAGs
[2026-03-13T23:20:38.822+0100] {logging_mixin.py:188} INFO - [2026-03-13T23:20:38.822+0100] {dag.py:3947} INFO - Setting next_dagrun for example_xcom_args to None, run_after=None
[2026-03-13T23:20:38.824+0100] {logging_mixin.py:188} INFO - [2026-03-13T23:20:38.824+0100] {dag.py:3947} INFO - Setting next_dagrun for example_xcom_args_with_operators to None, run_after=None
[2026-03-13T23:20:38.833+0100] {processor.py:183} INFO - Processing /Users/harshasogala/financial-data-platform/venv/lib/python3.12/site-packages/airflow/example_dags/example_xcomargs.py took 0.135 seconds
[2026-03-13T23:21:51.961+0100] {processor.py:161} INFO - Started process (PID=73894) to work on /Users/harshasogala/financial-data-platform/venv/lib/python3.12/site-packages/airflow/example_dags/example_xcomargs.py
[2026-03-13T23:21:51.962+0100] {processor.py:830} INFO - Processing file /Users/harshasogala/financial-data-platform/venv/lib/python3.12/site-packages/airflow/example_dags/example_xcomargs.py for tasks to queue
[2026-03-13T23:21:51.962+0100] {logging_mixin.py:188} INFO - [2026-03-13T23:21:51.962+0100] {dagbag.py:545} INFO - Filling up the DagBag from /Users/harshasogala/financial-data-platform/venv/lib/python3.12/site-packages/airflow/example_dags/example_xcomargs.py
[2026-03-13T23:21:51.986+0100] {processor.py:840} INFO - DAG(s) 'example_xcom_args_with_operators', 'example_xcom_args' retrieved from /Users/harshasogala/financial-data-platform/venv/lib/python3.12/site-packages/airflow/example_dags/example_xcomargs.py
[2026-03-13T23:21:52.073+0100] {logging_mixin.py:188} INFO - [2026-03-13T23:21:52.073+0100] {dag.py:3089} INFO - Sync 2 DAGs
[2026-03-13T23:21:52.079+0100] {logging_mixin.py:188} INFO - [2026-03-13T23:21:52.078+0100] {dag.py:3947} INFO - Setting next_dagrun for example_xcom_args to None, run_after=None
[2026-03-13T23:21:52.080+0100] {logging_mixin.py:188} INFO - [2026-03-13T23:21:52.080+0100] {dag.py:3947} INFO - Setting next_dagrun for example_xcom_args_with_operators to None, run_after=None
[2026-03-13T23:21:52.090+0100] {processor.py:183} INFO - Processing /Users/harshasogala/financial-data-platform/venv/lib/python3.12/site-packages/airflow/example_dags/example_xcomargs.py took 0.131 seconds
[2026-03-13T23:23:06.739+0100] {processor.py:161} INFO - Started process (PID=73956) to work on /Users/harshasogala/financial-data-platform/venv/lib/python3.12/site-packages/airflow/example_dags/example_xcomargs.py
[2026-03-13T23:23:06.741+0100] {processor.py:830} INFO - Processing file /Users/harshasogala/financial-data-platform/venv/lib/python3.12/site-packages/airflow/example_dags/example_xcomargs.py for tasks to queue
[2026-03-13T23:23:06.741+0100] {logging_mixin.py:188} INFO - [2026-03-13T23:23:06.741+0100] {dagbag.py:545} INFO - Filling up the DagBag from /Users/harshasogala/financial-data-platform/venv/lib/python3.12/site-packages/airflow/example_dags/example_xcomargs.py
[2026-03-13T23:23:06.765+0100] {processor.py:840} INFO - DAG(s) 'example_xcom_args', 'example_xcom_args_with_operators' retrieved from /Users/harshasogala/financial-data-platform/venv/lib/python3.12/site-packages/airflow/example_dags/example_xcomargs.py
[2026-03-13T23:23:06.853+0100] {logging_mixin.py:188} INFO - [2026-03-13T23:23:06.853+0100] {dag.py:3089} INFO - Sync 2 DAGs
[2026-03-13T23:23:06.859+0100] {logging_mixin.py:188} INFO - [2026-03-13T23:23:06.859+0100] {dag.py:3947} INFO - Setting next_dagrun for example_xcom_args to None, run_after=None
[2026-03-13T23:23:06.860+0100] {logging_mixin.py:188} INFO - [2026-03-13T23:23:06.860+0100] {dag.py:3947} INFO - Setting next_dagrun for example_xcom_args_with_operators to None, run_after=None
[2026-03-13T23:23:06.870+0100] {processor.py:183} INFO - Processing /Users/harshasogala/financial-data-platform/venv/lib/python3.12/site-packages/airflow/example_dags/example_xcomargs.py took 0.132 seconds
[2026-03-13T23:24:18.321+0100] {processor.py:161} INFO - Started process (PID=74014) to work on /Users/harshasogala/financial-data-platform/venv/lib/python3.12/site-packages/airflow/example_dags/example_xcomargs.py
[2026-03-13T23:24:18.322+0100] {processor.py:830} INFO - Processing file /Users/harshasogala/financial-data-platform/venv/lib/python3.12/site-packages/airflow/example_dags/example_xcomargs.py for tasks to queue
[2026-03-13T23:24:18.323+0100] {logging_mixin.py:188} INFO - [2026-03-13T23:24:18.323+0100] {dagbag.py:545} INFO - Filling up the DagBag from /Users/harshasogala/financial-data-platform/venv/lib/python3.12/site-packages/airflow/example_dags/example_xcomargs.py
[2026-03-13T23:24:18.346+0100] {processor.py:840} INFO - DAG(s) 'example_xcom_args_with_operators', 'example_xcom_args' retrieved from /Users/harshasogala/financial-data-platform/venv/lib/python3.12/site-packages/airflow/example_dags/example_xcomargs.py
[2026-03-13T23:24:18.488+0100] {logging_mixin.py:188} INFO - [2026-03-13T23:24:18.487+0100] {dag.py:3089} INFO - Sync 2 DAGs
[2026-03-13T23:24:18.493+0100] {logging_mixin.py:188} INFO - [2026-03-13T23:24:18.493+0100] {dag.py:3947} INFO - Setting next_dagrun for example_xcom_args to None, run_after=None
[2026-03-13T23:24:18.495+0100] {logging_mixin.py:188} INFO - [2026-03-13T23:24:18.494+0100] {dag.py:3947} INFO - Setting next_dagrun for example_xcom_args_with_operators to None, run_after=None
[2026-03-13T23:24:18.505+0100] {processor.py:183} INFO - Processing /Users/harshasogala/financial-data-platform/venv/lib/python3.12/site-packages/airflow/example_dags/example_xcomargs.py took 0.185 seconds
[2026-03-13T23:25:40.152+0100] {processor.py:161} INFO - Started process (PID=74076) to work on /Users/harshasogala/financial-data-platform/venv/lib/python3.12/site-packages/airflow/example_dags/example_xcomargs.py
[2026-03-13T23:25:40.154+0100] {processor.py:830} INFO - Processing file /Users/harshasogala/financial-data-platform/venv/lib/python3.12/site-packages/airflow/example_dags/example_xcomargs.py for tasks to queue
[2026-03-13T23:25:40.155+0100] {logging_mixin.py:188} INFO - [2026-03-13T23:25:40.155+0100] {dagbag.py:545} INFO - Filling up the DagBag from /Users/harshasogala/financial-data-platform/venv/lib/python3.12/site-packages/airflow/example_dags/example_xcomargs.py
[2026-03-13T23:25:40.181+0100] {processor.py:840} INFO - DAG(s) 'example_xcom_args', 'example_xcom_args_with_operators' retrieved from /Users/harshasogala/financial-data-platform/venv/lib/python3.12/site-packages/airflow/example_dags/example_xcomargs.py
[2026-03-13T23:25:40.272+0100] {logging_mixin.py:188} INFO - [2026-03-13T23:25:40.272+0100] {dag.py:3089} INFO - Sync 2 DAGs
[2026-03-13T23:25:40.277+0100] {logging_mixin.py:188} INFO - [2026-03-13T23:25:40.277+0100] {dag.py:3947} INFO - Setting next_dagrun for example_xcom_args to None, run_after=None
[2026-03-13T23:25:40.279+0100] {logging_mixin.py:188} INFO - [2026-03-13T23:25:40.279+0100] {dag.py:3947} INFO - Setting next_dagrun for example_xcom_args_with_operators to None, run_after=None
[2026-03-13T23:25:40.289+0100] {processor.py:183} INFO - Processing /Users/harshasogala/financial-data-platform/venv/lib/python3.12/site-packages/airflow/example_dags/example_xcomargs.py took 0.138 seconds
[2026-03-13T23:26:51.968+0100] {processor.py:161} INFO - Started process (PID=74135) to work on /Users/harshasogala/financial-data-platform/venv/lib/python3.12/site-packages/airflow/example_dags/example_xcomargs.py
[2026-03-13T23:26:51.969+0100] {processor.py:830} INFO - Processing file /Users/harshasogala/financial-data-platform/venv/lib/python3.12/site-packages/airflow/example_dags/example_xcomargs.py for tasks to queue
[2026-03-13T23:26:51.969+0100] {logging_mixin.py:188} INFO - [2026-03-13T23:26:51.969+0100] {dagbag.py:545} INFO - Filling up the DagBag from /Users/harshasogala/financial-data-platform/venv/lib/python3.12/site-packages/airflow/example_dags/example_xcomargs.py
[2026-03-13T23:26:51.993+0100] {processor.py:840} INFO - DAG(s) 'example_xcom_args_with_operators', 'example_xcom_args' retrieved from /Users/harshasogala/financial-data-platform/venv/lib/python3.12/site-packages/airflow/example_dags/example_xcomargs.py
[2026-03-13T23:26:52.082+0100] {logging_mixin.py:188} INFO - [2026-03-13T23:26:52.082+0100] {dag.py:3089} INFO - Sync 2 DAGs
[2026-03-13T23:26:52.088+0100] {logging_mixin.py:188} INFO - [2026-03-13T23:26:52.088+0100] {dag.py:3947} INFO - Setting next_dagrun for example_xcom_args to None, run_after=None
[2026-03-13T23:26:52.089+0100] {logging_mixin.py:188} INFO - [2026-03-13T23:26:52.089+0100] {dag.py:3947} INFO - Setting next_dagrun for example_xcom_args_with_operators to None, run_after=None
[2026-03-13T23:26:52.099+0100] {processor.py:183} INFO - Processing /Users/harshasogala/financial-data-platform/venv/lib/python3.12/site-packages/airflow/example_dags/example_xcomargs.py took 0.133 seconds
[2026-03-13T23:28:14.169+0100] {processor.py:161} INFO - Started process (PID=74235) to work on /Users/harshasogala/financial-data-platform/venv/lib/python3.12/site-packages/airflow/example_dags/example_xcomargs.py
[2026-03-13T23:28:14.171+0100] {processor.py:830} INFO - Processing file /Users/harshasogala/financial-data-platform/venv/lib/python3.12/site-packages/airflow/example_dags/example_xcomargs.py for tasks to queue
[2026-03-13T23:28:14.171+0100] {logging_mixin.py:188} INFO - [2026-03-13T23:28:14.171+0100] {dagbag.py:545} INFO - Filling up the DagBag from /Users/harshasogala/financial-data-platform/venv/lib/python3.12/site-packages/airflow/example_dags/example_xcomargs.py
[2026-03-13T23:28:14.195+0100] {processor.py:840} INFO - DAG(s) 'example_xcom_args', 'example_xcom_args_with_operators' retrieved from /Users/harshasogala/financial-data-platform/venv/lib/python3.12/site-packages/airflow/example_dags/example_xcomargs.py
[2026-03-13T23:28:14.286+0100] {logging_mixin.py:188} INFO - [2026-03-13T23:28:14.286+0100] {dag.py:3089} INFO - Sync 2 DAGs
[2026-03-13T23:28:14.292+0100] {logging_mixin.py:188} INFO - [2026-03-13T23:28:14.291+0100] {dag.py:3947} INFO - Setting next_dagrun for example_xcom_args to None, run_after=None
[2026-03-13T23:28:14.293+0100] {logging_mixin.py:188} INFO - [2026-03-13T23:28:14.293+0100] {dag.py:3947} INFO - Setting next_dagrun for example_xcom_args_with_operators to None, run_after=None
[2026-03-13T23:28:14.304+0100] {processor.py:183} INFO - Processing /Users/harshasogala/financial-data-platform/venv/lib/python3.12/site-packages/airflow/example_dags/example_xcomargs.py took 0.136 seconds
[2026-03-13T23:29:28.540+0100] {processor.py:161} INFO - Started process (PID=74296) to work on /Users/harshasogala/financial-data-platform/venv/lib/python3.12/site-packages/airflow/example_dags/example_xcomargs.py
[2026-03-13T23:29:28.541+0100] {processor.py:830} INFO - Processing file /Users/harshasogala/financial-data-platform/venv/lib/python3.12/site-packages/airflow/example_dags/example_xcomargs.py for tasks to queue
[2026-03-13T23:29:28.541+0100] {logging_mixin.py:188} INFO - [2026-03-13T23:29:28.541+0100] {dagbag.py:545} INFO - Filling up the DagBag from /Users/harshasogala/financial-data-platform/venv/lib/python3.12/site-packages/airflow/example_dags/example_xcomargs.py
[2026-03-13T23:29:28.564+0100] {processor.py:840} INFO - DAG(s) 'example_xcom_args_with_operators', 'example_xcom_args' retrieved from /Users/harshasogala/financial-data-platform/venv/lib/python3.12/site-packages/airflow/example_dags/example_xcomargs.py
[2026-03-13T23:29:28.652+0100] {logging_mixin.py:188} INFO - [2026-03-13T23:29:28.652+0100] {dag.py:3089} INFO - Sync 2 DAGs
[2026-03-13T23:29:28.657+0100] {logging_mixin.py:188} INFO - [2026-03-13T23:29:28.657+0100] {dag.py:3947} INFO - Setting next_dagrun for example_xcom_args to None, run_after=None
[2026-03-13T23:29:28.659+0100] {logging_mixin.py:188} INFO - [2026-03-13T23:29:28.659+0100] {dag.py:3947} INFO - Setting next_dagrun for example_xcom_args_with_operators to None, run_after=None
[2026-03-13T23:29:28.668+0100] {processor.py:183} INFO - Processing /Users/harshasogala/financial-data-platform/venv/lib/python3.12/site-packages/airflow/example_dags/example_xcomargs.py took 0.130 seconds
[2026-03-13T23:30:47.220+0100] {processor.py:161} INFO - Started process (PID=74388) to work on /Users/harshasogala/financial-data-platform/venv/lib/python3.12/site-packages/airflow/example_dags/example_xcomargs.py
[2026-03-13T23:30:47.220+0100] {processor.py:830} INFO - Processing file /Users/harshasogala/financial-data-platform/venv/lib/python3.12/site-packages/airflow/example_dags/example_xcomargs.py for tasks to queue
[2026-03-13T23:30:47.221+0100] {logging_mixin.py:188} INFO - [2026-03-13T23:30:47.221+0100] {dagbag.py:545} INFO - Filling up the DagBag from /Users/harshasogala/financial-data-platform/venv/lib/python3.12/site-packages/airflow/example_dags/example_xcomargs.py
[2026-03-13T23:30:47.253+0100] {processor.py:840} INFO - DAG(s) 'example_xcom_args', 'example_xcom_args_with_operators' retrieved from /Users/harshasogala/financial-data-platform/venv/lib/python3.12/site-packages/airflow/example_dags/example_xcomargs.py
[2026-03-13T23:30:47.357+0100] {logging_mixin.py:188} INFO - [2026-03-13T23:30:47.356+0100] {dag.py:3089} INFO - Sync 2 DAGs
[2026-03-13T23:30:47.363+0100] {logging_mixin.py:188} INFO - [2026-03-13T23:30:47.362+0100] {dag.py:3947} INFO - Setting next_dagrun for example_xcom_args to None, run_after=None
[2026-03-13T23:30:47.365+0100] {logging_mixin.py:188} INFO - [2026-03-13T23:30:47.365+0100] {dag.py:3947} INFO - Setting next_dagrun for example_xcom_args_with_operators to None, run_after=None
[2026-03-13T23:30:47.375+0100] {processor.py:183} INFO - Processing /Users/harshasogala/financial-data-platform/venv/lib/python3.12/site-packages/airflow/example_dags/example_xcomargs.py took 0.157 seconds
[2026-03-13T23:32:03.207+0100] {processor.py:161} INFO - Started process (PID=74821) to work on /Users/harshasogala/financial-data-platform/venv/lib/python3.12/site-packages/airflow/example_dags/example_xcomargs.py
[2026-03-13T23:32:03.208+0100] {processor.py:830} INFO - Processing file /Users/harshasogala/financial-data-platform/venv/lib/python3.12/site-packages/airflow/example_dags/example_xcomargs.py for tasks to queue
[2026-03-13T23:32:03.208+0100] {logging_mixin.py:188} INFO - [2026-03-13T23:32:03.208+0100] {dagbag.py:545} INFO - Filling up the DagBag from /Users/harshasogala/financial-data-platform/venv/lib/python3.12/site-packages/airflow/example_dags/example_xcomargs.py
[2026-03-13T23:32:03.232+0100] {processor.py:840} INFO - DAG(s) 'example_xcom_args', 'example_xcom_args_with_operators' retrieved from /Users/harshasogala/financial-data-platform/venv/lib/python3.12/site-packages/airflow/example_dags/example_xcomargs.py
[2026-03-13T23:32:03.320+0100] {logging_mixin.py:188} INFO - [2026-03-13T23:32:03.319+0100] {dag.py:3089} INFO - Sync 2 DAGs
[2026-03-13T23:32:03.325+0100] {logging_mixin.py:188} INFO - [2026-03-13T23:32:03.325+0100] {dag.py:3947} INFO - Setting next_dagrun for example_xcom_args to None, run_after=None
[2026-03-13T23:32:03.326+0100] {logging_mixin.py:188} INFO - [2026-03-13T23:32:03.326+0100] {dag.py:3947} INFO - Setting next_dagrun for example_xcom_args_with_operators to None, run_after=None
[2026-03-13T23:32:03.336+0100] {processor.py:183} INFO - Processing /Users/harshasogala/financial-data-platform/venv/lib/python3.12/site-packages/airflow/example_dags/example_xcomargs.py took 0.131 seconds
[2026-03-13T23:33:22.610+0100] {processor.py:161} INFO - Started process (PID=75011) to work on /Users/harshasogala/financial-data-platform/venv/lib/python3.12/site-packages/airflow/example_dags/example_xcomargs.py
[2026-03-13T23:33:22.611+0100] {processor.py:830} INFO - Processing file /Users/harshasogala/financial-data-platform/venv/lib/python3.12/site-packages/airflow/example_dags/example_xcomargs.py for tasks to queue
[2026-03-13T23:33:22.611+0100] {logging_mixin.py:188} INFO - [2026-03-13T23:33:22.611+0100] {dagbag.py:545} INFO - Filling up the DagBag from /Users/harshasogala/financial-data-platform/venv/lib/python3.12/site-packages/airflow/example_dags/example_xcomargs.py
[2026-03-13T23:33:22.635+0100] {processor.py:840} INFO - DAG(s) 'example_xcom_args', 'example_xcom_args_with_operators' retrieved from /Users/harshasogala/financial-data-platform/venv/lib/python3.12/site-packages/airflow/example_dags/example_xcomargs.py
[2026-03-13T23:33:22.725+0100] {logging_mixin.py:188} INFO - [2026-03-13T23:33:22.724+0100] {dag.py:3089} INFO - Sync 2 DAGs
[2026-03-13T23:33:22.730+0100] {logging_mixin.py:188} INFO - [2026-03-13T23:33:22.730+0100] {dag.py:3947} INFO - Setting next_dagrun for example_xcom_args to None, run_after=None
[2026-03-13T23:33:22.732+0100] {logging_mixin.py:188} INFO - [2026-03-13T23:33:22.732+0100] {dag.py:3947} INFO - Setting next_dagrun for example_xcom_args_with_operators to None, run_after=None
[2026-03-13T23:33:22.742+0100] {processor.py:183} INFO - Processing /Users/harshasogala/financial-data-platform/venv/lib/python3.12/site-packages/airflow/example_dags/example_xcomargs.py took 0.135 seconds
