[2026-03-13T22:19:11.409+0100] {processor.py:161} INFO - Started process (PID=66036) to work on /Users/harshasogala/financial-data-platform/venv/lib/python3.12/site-packages/airflow/example_dags/example_branch_python_dop_operator_3.py
[2026-03-13T22:19:11.409+0100] {processor.py:830} INFO - Processing file /Users/harshasogala/financial-data-platform/venv/lib/python3.12/site-packages/airflow/example_dags/example_branch_python_dop_operator_3.py for tasks to queue
[2026-03-13T22:19:11.410+0100] {logging_mixin.py:188} INFO - [2026-03-13T22:19:11.410+0100] {dagbag.py:545} INFO - Filling up the DagBag from /Users/harshasogala/financial-data-platform/venv/lib/python3.12/site-packages/airflow/example_dags/example_branch_python_dop_operator_3.py
[2026-03-13T22:19:11.434+0100] {processor.py:840} INFO - DAG(s) 'example_branch_dop_operator_v3' retrieved from /Users/harshasogala/financial-data-platform/venv/lib/python3.12/site-packages/airflow/example_dags/example_branch_python_dop_operator_3.py
[2026-03-13T22:19:11.532+0100] {logging_mixin.py:188} INFO - [2026-03-13T22:19:11.531+0100] {override.py:1858} INFO - Created Permission View: can delete on DAG:example_branch_dop_operator_v3
[2026-03-13T22:19:11.536+0100] {logging_mixin.py:188} INFO - [2026-03-13T22:19:11.536+0100] {override.py:1858} INFO - Created Permission View: can read on DAG:example_branch_dop_operator_v3
[2026-03-13T22:19:11.539+0100] {logging_mixin.py:188} INFO - [2026-03-13T22:19:11.539+0100] {override.py:1858} INFO - Created Permission View: can edit on DAG:example_branch_dop_operator_v3
[2026-03-13T22:19:11.540+0100] {logging_mixin.py:188} INFO - [2026-03-13T22:19:11.539+0100] {dag.py:3089} INFO - Sync 1 DAGs
[2026-03-13T22:19:11.545+0100] {logging_mixin.py:188} INFO - [2026-03-13T22:19:11.545+0100] {dag.py:3111} INFO - Creating ORM DAG for example_branch_dop_operator_v3
[2026-03-13T22:19:11.551+0100] {logging_mixin.py:188} INFO - [2026-03-13T22:19:11.551+0100] {dag.py:3947} INFO - Setting next_dagrun for example_branch_dop_operator_v3 to 2026-03-13 21:18:00+00:00, run_after=2026-03-13 21:19:00+00:00
[2026-03-13T22:19:11.596+0100] {processor.py:183} INFO - Processing /Users/harshasogala/financial-data-platform/venv/lib/python3.12/site-packages/airflow/example_dags/example_branch_python_dop_operator_3.py took 0.189 seconds
[2026-03-13T22:21:47.230+0100] {processor.py:161} INFO - Started process (PID=66181) to work on /Users/harshasogala/financial-data-platform/venv/lib/python3.12/site-packages/airflow/example_dags/example_branch_python_dop_operator_3.py
[2026-03-13T22:21:47.230+0100] {processor.py:830} INFO - Processing file /Users/harshasogala/financial-data-platform/venv/lib/python3.12/site-packages/airflow/example_dags/example_branch_python_dop_operator_3.py for tasks to queue
[2026-03-13T22:21:47.231+0100] {logging_mixin.py:188} INFO - [2026-03-13T22:21:47.231+0100] {dagbag.py:545} INFO - Filling up the DagBag from /Users/harshasogala/financial-data-platform/venv/lib/python3.12/site-packages/airflow/example_dags/example_branch_python_dop_operator_3.py
[2026-03-13T22:21:47.261+0100] {processor.py:840} INFO - DAG(s) 'example_branch_dop_operator_v3' retrieved from /Users/harshasogala/financial-data-platform/venv/lib/python3.12/site-packages/airflow/example_dags/example_branch_python_dop_operator_3.py
[2026-03-13T22:21:47.321+0100] {logging_mixin.py:188} INFO - [2026-03-13T22:21:47.321+0100] {dag.py:3089} INFO - Sync 1 DAGs
[2026-03-13T22:21:47.332+0100] {logging_mixin.py:188} INFO - [2026-03-13T22:21:47.332+0100] {dag.py:3947} INFO - Setting next_dagrun for example_branch_dop_operator_v3 to 2026-03-13 21:20:00+00:00, run_after=2026-03-13 21:21:00+00:00
[2026-03-13T22:21:47.343+0100] {processor.py:183} INFO - Processing /Users/harshasogala/financial-data-platform/venv/lib/python3.12/site-packages/airflow/example_dags/example_branch_python_dop_operator_3.py took 0.115 seconds
[2026-03-13T22:28:48.369+0100] {processor.py:161} INFO - Started process (PID=67349) to work on /Users/harshasogala/financial-data-platform/venv/lib/python3.12/site-packages/airflow/example_dags/example_branch_python_dop_operator_3.py
[2026-03-13T22:28:48.371+0100] {processor.py:830} INFO - Processing file /Users/harshasogala/financial-data-platform/venv/lib/python3.12/site-packages/airflow/example_dags/example_branch_python_dop_operator_3.py for tasks to queue
[2026-03-13T22:28:48.371+0100] {logging_mixin.py:188} INFO - [2026-03-13T22:28:48.371+0100] {dagbag.py:545} INFO - Filling up the DagBag from /Users/harshasogala/financial-data-platform/venv/lib/python3.12/site-packages/airflow/example_dags/example_branch_python_dop_operator_3.py
[2026-03-13T22:28:48.396+0100] {processor.py:840} INFO - DAG(s) 'example_branch_dop_operator_v3' retrieved from /Users/harshasogala/financial-data-platform/venv/lib/python3.12/site-packages/airflow/example_dags/example_branch_python_dop_operator_3.py
[2026-03-13T22:28:48.450+0100] {logging_mixin.py:188} INFO - [2026-03-13T22:28:48.450+0100] {dag.py:3089} INFO - Sync 1 DAGs
[2026-03-13T22:28:48.461+0100] {logging_mixin.py:188} INFO - [2026-03-13T22:28:48.461+0100] {dag.py:3947} INFO - Setting next_dagrun for example_branch_dop_operator_v3 to 2026-03-13 21:27:00+00:00, run_after=2026-03-13 21:28:00+00:00
[2026-03-13T22:28:48.472+0100] {processor.py:183} INFO - Processing /Users/harshasogala/financial-data-platform/venv/lib/python3.12/site-packages/airflow/example_dags/example_branch_python_dop_operator_3.py took 0.104 seconds
[2026-03-13T22:29:53.933+0100] {processor.py:161} INFO - Started process (PID=67474) to work on /Users/harshasogala/financial-data-platform/venv/lib/python3.12/site-packages/airflow/example_dags/example_branch_python_dop_operator_3.py
[2026-03-13T22:29:53.934+0100] {processor.py:830} INFO - Processing file /Users/harshasogala/financial-data-platform/venv/lib/python3.12/site-packages/airflow/example_dags/example_branch_python_dop_operator_3.py for tasks to queue
[2026-03-13T22:29:53.935+0100] {logging_mixin.py:188} INFO - [2026-03-13T22:29:53.935+0100] {dagbag.py:545} INFO - Filling up the DagBag from /Users/harshasogala/financial-data-platform/venv/lib/python3.12/site-packages/airflow/example_dags/example_branch_python_dop_operator_3.py
[2026-03-13T22:29:53.961+0100] {processor.py:840} INFO - DAG(s) 'example_branch_dop_operator_v3' retrieved from /Users/harshasogala/financial-data-platform/venv/lib/python3.12/site-packages/airflow/example_dags/example_branch_python_dop_operator_3.py
[2026-03-13T22:29:54.018+0100] {logging_mixin.py:188} INFO - [2026-03-13T22:29:54.018+0100] {dag.py:3089} INFO - Sync 1 DAGs
[2026-03-13T22:29:54.030+0100] {logging_mixin.py:188} INFO - [2026-03-13T22:29:54.030+0100] {dag.py:3947} INFO - Setting next_dagrun for example_branch_dop_operator_v3 to 2026-03-13 21:28:00+00:00, run_after=2026-03-13 21:29:00+00:00
[2026-03-13T22:29:54.041+0100] {processor.py:183} INFO - Processing /Users/harshasogala/financial-data-platform/venv/lib/python3.12/site-packages/airflow/example_dags/example_branch_python_dop_operator_3.py took 0.110 seconds
[2026-03-13T22:31:01.431+0100] {processor.py:161} INFO - Started process (PID=67542) to work on /Users/harshasogala/financial-data-platform/venv/lib/python3.12/site-packages/airflow/example_dags/example_branch_python_dop_operator_3.py
[2026-03-13T22:31:01.431+0100] {processor.py:830} INFO - Processing file /Users/harshasogala/financial-data-platform/venv/lib/python3.12/site-packages/airflow/example_dags/example_branch_python_dop_operator_3.py for tasks to queue
[2026-03-13T22:31:01.432+0100] {logging_mixin.py:188} INFO - [2026-03-13T22:31:01.432+0100] {dagbag.py:545} INFO - Filling up the DagBag from /Users/harshasogala/financial-data-platform/venv/lib/python3.12/site-packages/airflow/example_dags/example_branch_python_dop_operator_3.py
[2026-03-13T22:31:01.456+0100] {processor.py:840} INFO - DAG(s) 'example_branch_dop_operator_v3' retrieved from /Users/harshasogala/financial-data-platform/venv/lib/python3.12/site-packages/airflow/example_dags/example_branch_python_dop_operator_3.py
[2026-03-13T22:31:01.510+0100] {logging_mixin.py:188} INFO - [2026-03-13T22:31:01.510+0100] {dag.py:3089} INFO - Sync 1 DAGs
[2026-03-13T22:31:01.521+0100] {logging_mixin.py:188} INFO - [2026-03-13T22:31:01.521+0100] {dag.py:3947} INFO - Setting next_dagrun for example_branch_dop_operator_v3 to 2026-03-13 21:30:00+00:00, run_after=2026-03-13 21:31:00+00:00
[2026-03-13T22:31:01.532+0100] {processor.py:183} INFO - Processing /Users/harshasogala/financial-data-platform/venv/lib/python3.12/site-packages/airflow/example_dags/example_branch_python_dop_operator_3.py took 0.103 seconds
[2026-03-13T22:32:24.963+0100] {processor.py:161} INFO - Started process (PID=68703) to work on /Users/harshasogala/financial-data-platform/venv/lib/python3.12/site-packages/airflow/example_dags/example_branch_python_dop_operator_3.py
[2026-03-13T22:32:24.964+0100] {processor.py:830} INFO - Processing file /Users/harshasogala/financial-data-platform/venv/lib/python3.12/site-packages/airflow/example_dags/example_branch_python_dop_operator_3.py for tasks to queue
[2026-03-13T22:32:24.964+0100] {logging_mixin.py:188} INFO - [2026-03-13T22:32:24.964+0100] {dagbag.py:545} INFO - Filling up the DagBag from /Users/harshasogala/financial-data-platform/venv/lib/python3.12/site-packages/airflow/example_dags/example_branch_python_dop_operator_3.py
[2026-03-13T22:32:24.991+0100] {processor.py:840} INFO - DAG(s) 'example_branch_dop_operator_v3' retrieved from /Users/harshasogala/financial-data-platform/venv/lib/python3.12/site-packages/airflow/example_dags/example_branch_python_dop_operator_3.py
[2026-03-13T22:32:25.046+0100] {logging_mixin.py:188} INFO - [2026-03-13T22:32:25.046+0100] {dag.py:3089} INFO - Sync 1 DAGs
[2026-03-13T22:32:25.094+0100] {logging_mixin.py:188} INFO - [2026-03-13T22:32:25.093+0100] {dag.py:3947} INFO - Setting next_dagrun for example_branch_dop_operator_v3 to 2026-03-13 21:31:00+00:00, run_after=2026-03-13 21:32:00+00:00
[2026-03-13T22:32:25.104+0100] {processor.py:183} INFO - Processing /Users/harshasogala/financial-data-platform/venv/lib/python3.12/site-packages/airflow/example_dags/example_branch_python_dop_operator_3.py took 0.143 seconds
[2026-03-13T22:33:48.559+0100] {processor.py:161} INFO - Started process (PID=69157) to work on /Users/harshasogala/financial-data-platform/venv/lib/python3.12/site-packages/airflow/example_dags/example_branch_python_dop_operator_3.py
[2026-03-13T22:33:48.561+0100] {processor.py:830} INFO - Processing file /Users/harshasogala/financial-data-platform/venv/lib/python3.12/site-packages/airflow/example_dags/example_branch_python_dop_operator_3.py for tasks to queue
[2026-03-13T22:33:48.561+0100] {logging_mixin.py:188} INFO - [2026-03-13T22:33:48.561+0100] {dagbag.py:545} INFO - Filling up the DagBag from /Users/harshasogala/financial-data-platform/venv/lib/python3.12/site-packages/airflow/example_dags/example_branch_python_dop_operator_3.py
[2026-03-13T22:33:48.587+0100] {processor.py:840} INFO - DAG(s) 'example_branch_dop_operator_v3' retrieved from /Users/harshasogala/financial-data-platform/venv/lib/python3.12/site-packages/airflow/example_dags/example_branch_python_dop_operator_3.py
[2026-03-13T22:33:48.641+0100] {logging_mixin.py:188} INFO - [2026-03-13T22:33:48.640+0100] {dag.py:3089} INFO - Sync 1 DAGs
[2026-03-13T22:33:48.687+0100] {logging_mixin.py:188} INFO - [2026-03-13T22:33:48.687+0100] {dag.py:3947} INFO - Setting next_dagrun for example_branch_dop_operator_v3 to 2026-03-13 21:32:00+00:00, run_after=2026-03-13 21:33:00+00:00
[2026-03-13T22:33:48.698+0100] {processor.py:183} INFO - Processing /Users/harshasogala/financial-data-platform/venv/lib/python3.12/site-packages/airflow/example_dags/example_branch_python_dop_operator_3.py took 0.142 seconds
[2026-03-13T22:35:06.557+0100] {processor.py:161} INFO - Started process (PID=69220) to work on /Users/harshasogala/financial-data-platform/venv/lib/python3.12/site-packages/airflow/example_dags/example_branch_python_dop_operator_3.py
[2026-03-13T22:35:06.559+0100] {processor.py:830} INFO - Processing file /Users/harshasogala/financial-data-platform/venv/lib/python3.12/site-packages/airflow/example_dags/example_branch_python_dop_operator_3.py for tasks to queue
[2026-03-13T22:35:06.559+0100] {logging_mixin.py:188} INFO - [2026-03-13T22:35:06.559+0100] {dagbag.py:545} INFO - Filling up the DagBag from /Users/harshasogala/financial-data-platform/venv/lib/python3.12/site-packages/airflow/example_dags/example_branch_python_dop_operator_3.py
[2026-03-13T22:35:06.584+0100] {processor.py:840} INFO - DAG(s) 'example_branch_dop_operator_v3' retrieved from /Users/harshasogala/financial-data-platform/venv/lib/python3.12/site-packages/airflow/example_dags/example_branch_python_dop_operator_3.py
[2026-03-13T22:35:06.641+0100] {logging_mixin.py:188} INFO - [2026-03-13T22:35:06.641+0100] {dag.py:3089} INFO - Sync 1 DAGs
[2026-03-13T22:35:06.691+0100] {logging_mixin.py:188} INFO - [2026-03-13T22:35:06.691+0100] {dag.py:3947} INFO - Setting next_dagrun for example_branch_dop_operator_v3 to 2026-03-13 21:34:00+00:00, run_after=2026-03-13 21:35:00+00:00
[2026-03-13T22:35:06.703+0100] {processor.py:183} INFO - Processing /Users/harshasogala/financial-data-platform/venv/lib/python3.12/site-packages/airflow/example_dags/example_branch_python_dop_operator_3.py took 0.147 seconds
[2026-03-13T22:36:21.696+0100] {processor.py:161} INFO - Started process (PID=69299) to work on /Users/harshasogala/financial-data-platform/venv/lib/python3.12/site-packages/airflow/example_dags/example_branch_python_dop_operator_3.py
[2026-03-13T22:36:21.696+0100] {processor.py:830} INFO - Processing file /Users/harshasogala/financial-data-platform/venv/lib/python3.12/site-packages/airflow/example_dags/example_branch_python_dop_operator_3.py for tasks to queue
[2026-03-13T22:36:21.697+0100] {logging_mixin.py:188} INFO - [2026-03-13T22:36:21.697+0100] {dagbag.py:545} INFO - Filling up the DagBag from /Users/harshasogala/financial-data-platform/venv/lib/python3.12/site-packages/airflow/example_dags/example_branch_python_dop_operator_3.py
[2026-03-13T22:36:21.721+0100] {processor.py:840} INFO - DAG(s) 'example_branch_dop_operator_v3' retrieved from /Users/harshasogala/financial-data-platform/venv/lib/python3.12/site-packages/airflow/example_dags/example_branch_python_dop_operator_3.py
[2026-03-13T22:36:21.774+0100] {logging_mixin.py:188} INFO - [2026-03-13T22:36:21.774+0100] {dag.py:3089} INFO - Sync 1 DAGs
[2026-03-13T22:36:21.820+0100] {logging_mixin.py:188} INFO - [2026-03-13T22:36:21.820+0100] {dag.py:3947} INFO - Setting next_dagrun for example_branch_dop_operator_v3 to 2026-03-13 21:35:00+00:00, run_after=2026-03-13 21:36:00+00:00
[2026-03-13T22:36:21.831+0100] {processor.py:183} INFO - Processing /Users/harshasogala/financial-data-platform/venv/lib/python3.12/site-packages/airflow/example_dags/example_branch_python_dop_operator_3.py took 0.137 seconds
[2026-03-13T22:37:35.750+0100] {processor.py:161} INFO - Started process (PID=69357) to work on /Users/harshasogala/financial-data-platform/venv/lib/python3.12/site-packages/airflow/example_dags/example_branch_python_dop_operator_3.py
[2026-03-13T22:37:35.751+0100] {processor.py:830} INFO - Processing file /Users/harshasogala/financial-data-platform/venv/lib/python3.12/site-packages/airflow/example_dags/example_branch_python_dop_operator_3.py for tasks to queue
[2026-03-13T22:37:35.751+0100] {logging_mixin.py:188} INFO - [2026-03-13T22:37:35.751+0100] {dagbag.py:545} INFO - Filling up the DagBag from /Users/harshasogala/financial-data-platform/venv/lib/python3.12/site-packages/airflow/example_dags/example_branch_python_dop_operator_3.py
[2026-03-13T22:37:35.777+0100] {processor.py:840} INFO - DAG(s) 'example_branch_dop_operator_v3' retrieved from /Users/harshasogala/financial-data-platform/venv/lib/python3.12/site-packages/airflow/example_dags/example_branch_python_dop_operator_3.py
[2026-03-13T22:37:35.830+0100] {logging_mixin.py:188} INFO - [2026-03-13T22:37:35.830+0100] {dag.py:3089} INFO - Sync 1 DAGs
[2026-03-13T22:37:35.875+0100] {logging_mixin.py:188} INFO - [2026-03-13T22:37:35.875+0100] {dag.py:3947} INFO - Setting next_dagrun for example_branch_dop_operator_v3 to 2026-03-13 21:36:00+00:00, run_after=2026-03-13 21:37:00+00:00
[2026-03-13T22:37:35.886+0100] {processor.py:183} INFO - Processing /Users/harshasogala/financial-data-platform/venv/lib/python3.12/site-packages/airflow/example_dags/example_branch_python_dop_operator_3.py took 0.138 seconds
[2026-03-13T22:38:50.037+0100] {processor.py:161} INFO - Started process (PID=69424) to work on /Users/harshasogala/financial-data-platform/venv/lib/python3.12/site-packages/airflow/example_dags/example_branch_python_dop_operator_3.py
[2026-03-13T22:38:50.038+0100] {processor.py:830} INFO - Processing file /Users/harshasogala/financial-data-platform/venv/lib/python3.12/site-packages/airflow/example_dags/example_branch_python_dop_operator_3.py for tasks to queue
[2026-03-13T22:38:50.038+0100] {logging_mixin.py:188} INFO - [2026-03-13T22:38:50.038+0100] {dagbag.py:545} INFO - Filling up the DagBag from /Users/harshasogala/financial-data-platform/venv/lib/python3.12/site-packages/airflow/example_dags/example_branch_python_dop_operator_3.py
[2026-03-13T22:38:50.064+0100] {processor.py:840} INFO - DAG(s) 'example_branch_dop_operator_v3' retrieved from /Users/harshasogala/financial-data-platform/venv/lib/python3.12/site-packages/airflow/example_dags/example_branch_python_dop_operator_3.py
[2026-03-13T22:38:50.118+0100] {logging_mixin.py:188} INFO - [2026-03-13T22:38:50.117+0100] {dag.py:3089} INFO - Sync 1 DAGs
[2026-03-13T22:38:50.163+0100] {logging_mixin.py:188} INFO - [2026-03-13T22:38:50.163+0100] {dag.py:3947} INFO - Setting next_dagrun for example_branch_dop_operator_v3 to 2026-03-13 21:37:00+00:00, run_after=2026-03-13 21:38:00+00:00
[2026-03-13T22:38:50.173+0100] {processor.py:183} INFO - Processing /Users/harshasogala/financial-data-platform/venv/lib/python3.12/site-packages/airflow/example_dags/example_branch_python_dop_operator_3.py took 0.138 seconds
[2026-03-13T22:40:04.499+0100] {processor.py:161} INFO - Started process (PID=69645) to work on /Users/harshasogala/financial-data-platform/venv/lib/python3.12/site-packages/airflow/example_dags/example_branch_python_dop_operator_3.py
[2026-03-13T22:40:04.500+0100] {processor.py:830} INFO - Processing file /Users/harshasogala/financial-data-platform/venv/lib/python3.12/site-packages/airflow/example_dags/example_branch_python_dop_operator_3.py for tasks to queue
[2026-03-13T22:40:04.501+0100] {logging_mixin.py:188} INFO - [2026-03-13T22:40:04.501+0100] {dagbag.py:545} INFO - Filling up the DagBag from /Users/harshasogala/financial-data-platform/venv/lib/python3.12/site-packages/airflow/example_dags/example_branch_python_dop_operator_3.py
[2026-03-13T22:40:04.525+0100] {processor.py:840} INFO - DAG(s) 'example_branch_dop_operator_v3' retrieved from /Users/harshasogala/financial-data-platform/venv/lib/python3.12/site-packages/airflow/example_dags/example_branch_python_dop_operator_3.py
[2026-03-13T22:40:04.578+0100] {logging_mixin.py:188} INFO - [2026-03-13T22:40:04.578+0100] {dag.py:3089} INFO - Sync 1 DAGs
[2026-03-13T22:40:04.623+0100] {logging_mixin.py:188} INFO - [2026-03-13T22:40:04.623+0100] {dag.py:3947} INFO - Setting next_dagrun for example_branch_dop_operator_v3 to 2026-03-13 21:39:00+00:00, run_after=2026-03-13 21:40:00+00:00
[2026-03-13T22:40:04.633+0100] {processor.py:183} INFO - Processing /Users/harshasogala/financial-data-platform/venv/lib/python3.12/site-packages/airflow/example_dags/example_branch_python_dop_operator_3.py took 0.136 seconds
[2026-03-13T22:41:27.837+0100] {processor.py:161} INFO - Started process (PID=69705) to work on /Users/harshasogala/financial-data-platform/venv/lib/python3.12/site-packages/airflow/example_dags/example_branch_python_dop_operator_3.py
[2026-03-13T22:41:27.838+0100] {processor.py:830} INFO - Processing file /Users/harshasogala/financial-data-platform/venv/lib/python3.12/site-packages/airflow/example_dags/example_branch_python_dop_operator_3.py for tasks to queue
[2026-03-13T22:41:27.838+0100] {logging_mixin.py:188} INFO - [2026-03-13T22:41:27.838+0100] {dagbag.py:545} INFO - Filling up the DagBag from /Users/harshasogala/financial-data-platform/venv/lib/python3.12/site-packages/airflow/example_dags/example_branch_python_dop_operator_3.py
[2026-03-13T22:41:27.864+0100] {processor.py:840} INFO - DAG(s) 'example_branch_dop_operator_v3' retrieved from /Users/harshasogala/financial-data-platform/venv/lib/python3.12/site-packages/airflow/example_dags/example_branch_python_dop_operator_3.py
[2026-03-13T22:41:27.919+0100] {logging_mixin.py:188} INFO - [2026-03-13T22:41:27.918+0100] {dag.py:3089} INFO - Sync 1 DAGs
[2026-03-13T22:41:27.964+0100] {logging_mixin.py:188} INFO - [2026-03-13T22:41:27.964+0100] {dag.py:3947} INFO - Setting next_dagrun for example_branch_dop_operator_v3 to 2026-03-13 21:40:00+00:00, run_after=2026-03-13 21:41:00+00:00
[2026-03-13T22:41:27.975+0100] {processor.py:183} INFO - Processing /Users/harshasogala/financial-data-platform/venv/lib/python3.12/site-packages/airflow/example_dags/example_branch_python_dop_operator_3.py took 0.140 seconds
[2026-03-13T22:42:45.393+0100] {processor.py:161} INFO - Started process (PID=69766) to work on /Users/harshasogala/financial-data-platform/venv/lib/python3.12/site-packages/airflow/example_dags/example_branch_python_dop_operator_3.py
[2026-03-13T22:42:45.394+0100] {processor.py:830} INFO - Processing file /Users/harshasogala/financial-data-platform/venv/lib/python3.12/site-packages/airflow/example_dags/example_branch_python_dop_operator_3.py for tasks to queue
[2026-03-13T22:42:45.395+0100] {logging_mixin.py:188} INFO - [2026-03-13T22:42:45.394+0100] {dagbag.py:545} INFO - Filling up the DagBag from /Users/harshasogala/financial-data-platform/venv/lib/python3.12/site-packages/airflow/example_dags/example_branch_python_dop_operator_3.py
[2026-03-13T22:42:45.419+0100] {processor.py:840} INFO - DAG(s) 'example_branch_dop_operator_v3' retrieved from /Users/harshasogala/financial-data-platform/venv/lib/python3.12/site-packages/airflow/example_dags/example_branch_python_dop_operator_3.py
[2026-03-13T22:42:45.472+0100] {logging_mixin.py:188} INFO - [2026-03-13T22:42:45.471+0100] {dag.py:3089} INFO - Sync 1 DAGs
[2026-03-13T22:42:45.516+0100] {logging_mixin.py:188} INFO - [2026-03-13T22:42:45.516+0100] {dag.py:3947} INFO - Setting next_dagrun for example_branch_dop_operator_v3 to 2026-03-13 21:41:00+00:00, run_after=2026-03-13 21:42:00+00:00
[2026-03-13T22:42:45.527+0100] {processor.py:183} INFO - Processing /Users/harshasogala/financial-data-platform/venv/lib/python3.12/site-packages/airflow/example_dags/example_branch_python_dop_operator_3.py took 0.136 seconds
[2026-03-13T22:44:06.402+0100] {processor.py:161} INFO - Started process (PID=70021) to work on /Users/harshasogala/financial-data-platform/venv/lib/python3.12/site-packages/airflow/example_dags/example_branch_python_dop_operator_3.py
[2026-03-13T22:44:06.403+0100] {processor.py:830} INFO - Processing file /Users/harshasogala/financial-data-platform/venv/lib/python3.12/site-packages/airflow/example_dags/example_branch_python_dop_operator_3.py for tasks to queue
[2026-03-13T22:44:06.403+0100] {logging_mixin.py:188} INFO - [2026-03-13T22:44:06.403+0100] {dagbag.py:545} INFO - Filling up the DagBag from /Users/harshasogala/financial-data-platform/venv/lib/python3.12/site-packages/airflow/example_dags/example_branch_python_dop_operator_3.py
[2026-03-13T22:44:06.431+0100] {processor.py:840} INFO - DAG(s) 'example_branch_dop_operator_v3' retrieved from /Users/harshasogala/financial-data-platform/venv/lib/python3.12/site-packages/airflow/example_dags/example_branch_python_dop_operator_3.py
[2026-03-13T22:44:06.484+0100] {logging_mixin.py:188} INFO - [2026-03-13T22:44:06.484+0100] {dag.py:3089} INFO - Sync 1 DAGs
[2026-03-13T22:44:06.529+0100] {logging_mixin.py:188} INFO - [2026-03-13T22:44:06.529+0100] {dag.py:3947} INFO - Setting next_dagrun for example_branch_dop_operator_v3 to 2026-03-13 21:43:00+00:00, run_after=2026-03-13 21:44:00+00:00
[2026-03-13T22:44:06.540+0100] {processor.py:183} INFO - Processing /Users/harshasogala/financial-data-platform/venv/lib/python3.12/site-packages/airflow/example_dags/example_branch_python_dop_operator_3.py took 0.140 seconds
[2026-03-13T22:45:36.018+0100] {processor.py:161} INFO - Started process (PID=70307) to work on /Users/harshasogala/financial-data-platform/venv/lib/python3.12/site-packages/airflow/example_dags/example_branch_python_dop_operator_3.py
[2026-03-13T22:45:36.019+0100] {processor.py:830} INFO - Processing file /Users/harshasogala/financial-data-platform/venv/lib/python3.12/site-packages/airflow/example_dags/example_branch_python_dop_operator_3.py for tasks to queue
[2026-03-13T22:45:36.019+0100] {logging_mixin.py:188} INFO - [2026-03-13T22:45:36.019+0100] {dagbag.py:545} INFO - Filling up the DagBag from /Users/harshasogala/financial-data-platform/venv/lib/python3.12/site-packages/airflow/example_dags/example_branch_python_dop_operator_3.py
[2026-03-13T22:45:36.044+0100] {processor.py:840} INFO - DAG(s) 'example_branch_dop_operator_v3' retrieved from /Users/harshasogala/financial-data-platform/venv/lib/python3.12/site-packages/airflow/example_dags/example_branch_python_dop_operator_3.py
[2026-03-13T22:45:36.097+0100] {logging_mixin.py:188} INFO - [2026-03-13T22:45:36.097+0100] {dag.py:3089} INFO - Sync 1 DAGs
[2026-03-13T22:45:36.142+0100] {logging_mixin.py:188} INFO - [2026-03-13T22:45:36.142+0100] {dag.py:3947} INFO - Setting next_dagrun for example_branch_dop_operator_v3 to 2026-03-13 21:44:00+00:00, run_after=2026-03-13 21:45:00+00:00
[2026-03-13T22:45:36.152+0100] {processor.py:183} INFO - Processing /Users/harshasogala/financial-data-platform/venv/lib/python3.12/site-packages/airflow/example_dags/example_branch_python_dop_operator_3.py took 0.136 seconds
[2026-03-13T22:47:05.071+0100] {processor.py:161} INFO - Started process (PID=70619) to work on /Users/harshasogala/financial-data-platform/venv/lib/python3.12/site-packages/airflow/example_dags/example_branch_python_dop_operator_3.py
[2026-03-13T22:47:05.072+0100] {processor.py:830} INFO - Processing file /Users/harshasogala/financial-data-platform/venv/lib/python3.12/site-packages/airflow/example_dags/example_branch_python_dop_operator_3.py for tasks to queue
[2026-03-13T22:47:05.073+0100] {logging_mixin.py:188} INFO - [2026-03-13T22:47:05.073+0100] {dagbag.py:545} INFO - Filling up the DagBag from /Users/harshasogala/financial-data-platform/venv/lib/python3.12/site-packages/airflow/example_dags/example_branch_python_dop_operator_3.py
[2026-03-13T22:47:05.099+0100] {processor.py:840} INFO - DAG(s) 'example_branch_dop_operator_v3' retrieved from /Users/harshasogala/financial-data-platform/venv/lib/python3.12/site-packages/airflow/example_dags/example_branch_python_dop_operator_3.py
[2026-03-13T22:47:05.153+0100] {logging_mixin.py:188} INFO - [2026-03-13T22:47:05.153+0100] {dag.py:3089} INFO - Sync 1 DAGs
[2026-03-13T22:47:05.202+0100] {logging_mixin.py:188} INFO - [2026-03-13T22:47:05.202+0100] {dag.py:3947} INFO - Setting next_dagrun for example_branch_dop_operator_v3 to 2026-03-13 21:46:00+00:00, run_after=2026-03-13 21:47:00+00:00
[2026-03-13T22:47:05.213+0100] {processor.py:183} INFO - Processing /Users/harshasogala/financial-data-platform/venv/lib/python3.12/site-packages/airflow/example_dags/example_branch_python_dop_operator_3.py took 0.143 seconds
[2026-03-13T22:48:26.246+0100] {processor.py:161} INFO - Started process (PID=71424) to work on /Users/harshasogala/financial-data-platform/venv/lib/python3.12/site-packages/airflow/example_dags/example_branch_python_dop_operator_3.py
[2026-03-13T22:48:26.247+0100] {processor.py:830} INFO - Processing file /Users/harshasogala/financial-data-platform/venv/lib/python3.12/site-packages/airflow/example_dags/example_branch_python_dop_operator_3.py for tasks to queue
[2026-03-13T22:48:26.247+0100] {logging_mixin.py:188} INFO - [2026-03-13T22:48:26.247+0100] {dagbag.py:545} INFO - Filling up the DagBag from /Users/harshasogala/financial-data-platform/venv/lib/python3.12/site-packages/airflow/example_dags/example_branch_python_dop_operator_3.py
[2026-03-13T22:48:26.272+0100] {processor.py:840} INFO - DAG(s) 'example_branch_dop_operator_v3' retrieved from /Users/harshasogala/financial-data-platform/venv/lib/python3.12/site-packages/airflow/example_dags/example_branch_python_dop_operator_3.py
[2026-03-13T22:48:26.326+0100] {logging_mixin.py:188} INFO - [2026-03-13T22:48:26.326+0100] {dag.py:3089} INFO - Sync 1 DAGs
[2026-03-13T22:48:26.373+0100] {logging_mixin.py:188} INFO - [2026-03-13T22:48:26.373+0100] {dag.py:3947} INFO - Setting next_dagrun for example_branch_dop_operator_v3 to 2026-03-13 21:47:00+00:00, run_after=2026-03-13 21:48:00+00:00
[2026-03-13T22:48:26.384+0100] {processor.py:183} INFO - Processing /Users/harshasogala/financial-data-platform/venv/lib/python3.12/site-packages/airflow/example_dags/example_branch_python_dop_operator_3.py took 0.140 seconds
[2026-03-13T22:49:46.182+0100] {processor.py:161} INFO - Started process (PID=71498) to work on /Users/harshasogala/financial-data-platform/venv/lib/python3.12/site-packages/airflow/example_dags/example_branch_python_dop_operator_3.py
[2026-03-13T22:49:46.184+0100] {processor.py:830} INFO - Processing file /Users/harshasogala/financial-data-platform/venv/lib/python3.12/site-packages/airflow/example_dags/example_branch_python_dop_operator_3.py for tasks to queue
[2026-03-13T22:49:46.184+0100] {logging_mixin.py:188} INFO - [2026-03-13T22:49:46.184+0100] {dagbag.py:545} INFO - Filling up the DagBag from /Users/harshasogala/financial-data-platform/venv/lib/python3.12/site-packages/airflow/example_dags/example_branch_python_dop_operator_3.py
[2026-03-13T22:49:46.210+0100] {processor.py:840} INFO - DAG(s) 'example_branch_dop_operator_v3' retrieved from /Users/harshasogala/financial-data-platform/venv/lib/python3.12/site-packages/airflow/example_dags/example_branch_python_dop_operator_3.py
[2026-03-13T22:49:46.265+0100] {logging_mixin.py:188} INFO - [2026-03-13T22:49:46.265+0100] {dag.py:3089} INFO - Sync 1 DAGs
[2026-03-13T22:49:46.311+0100] {logging_mixin.py:188} INFO - [2026-03-13T22:49:46.311+0100] {dag.py:3947} INFO - Setting next_dagrun for example_branch_dop_operator_v3 to 2026-03-13 21:48:00+00:00, run_after=2026-03-13 21:49:00+00:00
[2026-03-13T22:49:46.324+0100] {processor.py:183} INFO - Processing /Users/harshasogala/financial-data-platform/venv/lib/python3.12/site-packages/airflow/example_dags/example_branch_python_dop_operator_3.py took 0.143 seconds
[2026-03-13T22:51:16.667+0100] {processor.py:161} INFO - Started process (PID=72035) to work on /Users/harshasogala/financial-data-platform/venv/lib/python3.12/site-packages/airflow/example_dags/example_branch_python_dop_operator_3.py
[2026-03-13T22:51:16.667+0100] {processor.py:830} INFO - Processing file /Users/harshasogala/financial-data-platform/venv/lib/python3.12/site-packages/airflow/example_dags/example_branch_python_dop_operator_3.py for tasks to queue
[2026-03-13T22:51:16.668+0100] {logging_mixin.py:188} INFO - [2026-03-13T22:51:16.668+0100] {dagbag.py:545} INFO - Filling up the DagBag from /Users/harshasogala/financial-data-platform/venv/lib/python3.12/site-packages/airflow/example_dags/example_branch_python_dop_operator_3.py
[2026-03-13T22:51:16.693+0100] {processor.py:840} INFO - DAG(s) 'example_branch_dop_operator_v3' retrieved from /Users/harshasogala/financial-data-platform/venv/lib/python3.12/site-packages/airflow/example_dags/example_branch_python_dop_operator_3.py
[2026-03-13T22:51:16.748+0100] {logging_mixin.py:188} INFO - [2026-03-13T22:51:16.748+0100] {dag.py:3089} INFO - Sync 1 DAGs
[2026-03-13T22:51:16.796+0100] {logging_mixin.py:188} INFO - [2026-03-13T22:51:16.796+0100] {dag.py:3947} INFO - Setting next_dagrun for example_branch_dop_operator_v3 to 2026-03-13 21:50:00+00:00, run_after=2026-03-13 21:51:00+00:00
[2026-03-13T22:51:16.807+0100] {processor.py:183} INFO - Processing /Users/harshasogala/financial-data-platform/venv/lib/python3.12/site-packages/airflow/example_dags/example_branch_python_dop_operator_3.py took 0.142 seconds
[2026-03-13T22:52:32.257+0100] {processor.py:161} INFO - Started process (PID=72332) to work on /Users/harshasogala/financial-data-platform/venv/lib/python3.12/site-packages/airflow/example_dags/example_branch_python_dop_operator_3.py
[2026-03-13T22:52:32.258+0100] {processor.py:830} INFO - Processing file /Users/harshasogala/financial-data-platform/venv/lib/python3.12/site-packages/airflow/example_dags/example_branch_python_dop_operator_3.py for tasks to queue
[2026-03-13T22:52:32.258+0100] {logging_mixin.py:188} INFO - [2026-03-13T22:52:32.258+0100] {dagbag.py:545} INFO - Filling up the DagBag from /Users/harshasogala/financial-data-platform/venv/lib/python3.12/site-packages/airflow/example_dags/example_branch_python_dop_operator_3.py
[2026-03-13T22:52:32.283+0100] {processor.py:840} INFO - DAG(s) 'example_branch_dop_operator_v3' retrieved from /Users/harshasogala/financial-data-platform/venv/lib/python3.12/site-packages/airflow/example_dags/example_branch_python_dop_operator_3.py
[2026-03-13T22:52:32.336+0100] {logging_mixin.py:188} INFO - [2026-03-13T22:52:32.336+0100] {dag.py:3089} INFO - Sync 1 DAGs
[2026-03-13T22:52:32.381+0100] {logging_mixin.py:188} INFO - [2026-03-13T22:52:32.381+0100] {dag.py:3947} INFO - Setting next_dagrun for example_branch_dop_operator_v3 to 2026-03-13 21:51:00+00:00, run_after=2026-03-13 21:52:00+00:00
[2026-03-13T22:52:32.392+0100] {processor.py:183} INFO - Processing /Users/harshasogala/financial-data-platform/venv/lib/python3.12/site-packages/airflow/example_dags/example_branch_python_dop_operator_3.py took 0.137 seconds
[2026-03-13T22:53:48.408+0100] {processor.py:161} INFO - Started process (PID=72434) to work on /Users/harshasogala/financial-data-platform/venv/lib/python3.12/site-packages/airflow/example_dags/example_branch_python_dop_operator_3.py
[2026-03-13T22:53:48.417+0100] {processor.py:830} INFO - Processing file /Users/harshasogala/financial-data-platform/venv/lib/python3.12/site-packages/airflow/example_dags/example_branch_python_dop_operator_3.py for tasks to queue
[2026-03-13T22:53:48.417+0100] {logging_mixin.py:188} INFO - [2026-03-13T22:53:48.417+0100] {dagbag.py:545} INFO - Filling up the DagBag from /Users/harshasogala/financial-data-platform/venv/lib/python3.12/site-packages/airflow/example_dags/example_branch_python_dop_operator_3.py
[2026-03-13T22:53:48.447+0100] {processor.py:840} INFO - DAG(s) 'example_branch_dop_operator_v3' retrieved from /Users/harshasogala/financial-data-platform/venv/lib/python3.12/site-packages/airflow/example_dags/example_branch_python_dop_operator_3.py
[2026-03-13T22:53:48.509+0100] {logging_mixin.py:188} INFO - [2026-03-13T22:53:48.508+0100] {dag.py:3089} INFO - Sync 1 DAGs
[2026-03-13T22:53:48.555+0100] {logging_mixin.py:188} INFO - [2026-03-13T22:53:48.555+0100] {dag.py:3947} INFO - Setting next_dagrun for example_branch_dop_operator_v3 to 2026-03-13 21:52:00+00:00, run_after=2026-03-13 21:53:00+00:00
[2026-03-13T22:53:48.567+0100] {processor.py:183} INFO - Processing /Users/harshasogala/financial-data-platform/venv/lib/python3.12/site-packages/airflow/example_dags/example_branch_python_dop_operator_3.py took 0.166 seconds
[2026-03-13T22:55:18.030+0100] {processor.py:161} INFO - Started process (PID=72533) to work on /Users/harshasogala/financial-data-platform/venv/lib/python3.12/site-packages/airflow/example_dags/example_branch_python_dop_operator_3.py
[2026-03-13T22:55:18.032+0100] {processor.py:830} INFO - Processing file /Users/harshasogala/financial-data-platform/venv/lib/python3.12/site-packages/airflow/example_dags/example_branch_python_dop_operator_3.py for tasks to queue
[2026-03-13T22:55:18.032+0100] {logging_mixin.py:188} INFO - [2026-03-13T22:55:18.032+0100] {dagbag.py:545} INFO - Filling up the DagBag from /Users/harshasogala/financial-data-platform/venv/lib/python3.12/site-packages/airflow/example_dags/example_branch_python_dop_operator_3.py
[2026-03-13T22:55:18.056+0100] {processor.py:840} INFO - DAG(s) 'example_branch_dop_operator_v3' retrieved from /Users/harshasogala/financial-data-platform/venv/lib/python3.12/site-packages/airflow/example_dags/example_branch_python_dop_operator_3.py
[2026-03-13T22:55:18.110+0100] {logging_mixin.py:188} INFO - [2026-03-13T22:55:18.109+0100] {dag.py:3089} INFO - Sync 1 DAGs
[2026-03-13T22:55:18.154+0100] {logging_mixin.py:188} INFO - [2026-03-13T22:55:18.154+0100] {dag.py:3947} INFO - Setting next_dagrun for example_branch_dop_operator_v3 to 2026-03-13 21:54:00+00:00, run_after=2026-03-13 21:55:00+00:00
[2026-03-13T22:55:18.165+0100] {processor.py:183} INFO - Processing /Users/harshasogala/financial-data-platform/venv/lib/python3.12/site-packages/airflow/example_dags/example_branch_python_dop_operator_3.py took 0.136 seconds
[2026-03-13T22:56:37.471+0100] {processor.py:161} INFO - Started process (PID=72628) to work on /Users/harshasogala/financial-data-platform/venv/lib/python3.12/site-packages/airflow/example_dags/example_branch_python_dop_operator_3.py
[2026-03-13T22:56:37.472+0100] {processor.py:830} INFO - Processing file /Users/harshasogala/financial-data-platform/venv/lib/python3.12/site-packages/airflow/example_dags/example_branch_python_dop_operator_3.py for tasks to queue
[2026-03-13T22:56:37.472+0100] {logging_mixin.py:188} INFO - [2026-03-13T22:56:37.472+0100] {dagbag.py:545} INFO - Filling up the DagBag from /Users/harshasogala/financial-data-platform/venv/lib/python3.12/site-packages/airflow/example_dags/example_branch_python_dop_operator_3.py
[2026-03-13T22:56:37.497+0100] {processor.py:840} INFO - DAG(s) 'example_branch_dop_operator_v3' retrieved from /Users/harshasogala/financial-data-platform/venv/lib/python3.12/site-packages/airflow/example_dags/example_branch_python_dop_operator_3.py
[2026-03-13T22:56:37.549+0100] {logging_mixin.py:188} INFO - [2026-03-13T22:56:37.549+0100] {dag.py:3089} INFO - Sync 1 DAGs
[2026-03-13T22:56:37.640+0100] {logging_mixin.py:188} INFO - [2026-03-13T22:56:37.640+0100] {dag.py:3947} INFO - Setting next_dagrun for example_branch_dop_operator_v3 to 2026-03-13 21:55:00+00:00, run_after=2026-03-13 21:56:00+00:00
[2026-03-13T22:56:37.656+0100] {processor.py:183} INFO - Processing /Users/harshasogala/financial-data-platform/venv/lib/python3.12/site-packages/airflow/example_dags/example_branch_python_dop_operator_3.py took 0.186 seconds
[2026-03-13T22:57:56.181+0100] {processor.py:161} INFO - Started process (PID=72689) to work on /Users/harshasogala/financial-data-platform/venv/lib/python3.12/site-packages/airflow/example_dags/example_branch_python_dop_operator_3.py
[2026-03-13T22:57:56.182+0100] {processor.py:830} INFO - Processing file /Users/harshasogala/financial-data-platform/venv/lib/python3.12/site-packages/airflow/example_dags/example_branch_python_dop_operator_3.py for tasks to queue
[2026-03-13T22:57:56.182+0100] {logging_mixin.py:188} INFO - [2026-03-13T22:57:56.182+0100] {dagbag.py:545} INFO - Filling up the DagBag from /Users/harshasogala/financial-data-platform/venv/lib/python3.12/site-packages/airflow/example_dags/example_branch_python_dop_operator_3.py
[2026-03-13T22:57:56.207+0100] {processor.py:840} INFO - DAG(s) 'example_branch_dop_operator_v3' retrieved from /Users/harshasogala/financial-data-platform/venv/lib/python3.12/site-packages/airflow/example_dags/example_branch_python_dop_operator_3.py
[2026-03-13T22:57:56.261+0100] {logging_mixin.py:188} INFO - [2026-03-13T22:57:56.261+0100] {dag.py:3089} INFO - Sync 1 DAGs
[2026-03-13T22:57:56.309+0100] {logging_mixin.py:188} INFO - [2026-03-13T22:57:56.309+0100] {dag.py:3947} INFO - Setting next_dagrun for example_branch_dop_operator_v3 to 2026-03-13 21:56:00+00:00, run_after=2026-03-13 21:57:00+00:00
[2026-03-13T22:57:56.321+0100] {processor.py:183} INFO - Processing /Users/harshasogala/financial-data-platform/venv/lib/python3.12/site-packages/airflow/example_dags/example_branch_python_dop_operator_3.py took 0.144 seconds
[2026-03-13T22:59:20.067+0100] {processor.py:161} INFO - Started process (PID=72763) to work on /Users/harshasogala/financial-data-platform/venv/lib/python3.12/site-packages/airflow/example_dags/example_branch_python_dop_operator_3.py
[2026-03-13T22:59:20.068+0100] {processor.py:830} INFO - Processing file /Users/harshasogala/financial-data-platform/venv/lib/python3.12/site-packages/airflow/example_dags/example_branch_python_dop_operator_3.py for tasks to queue
[2026-03-13T22:59:20.068+0100] {logging_mixin.py:188} INFO - [2026-03-13T22:59:20.068+0100] {dagbag.py:545} INFO - Filling up the DagBag from /Users/harshasogala/financial-data-platform/venv/lib/python3.12/site-packages/airflow/example_dags/example_branch_python_dop_operator_3.py
[2026-03-13T22:59:20.092+0100] {processor.py:840} INFO - DAG(s) 'example_branch_dop_operator_v3' retrieved from /Users/harshasogala/financial-data-platform/venv/lib/python3.12/site-packages/airflow/example_dags/example_branch_python_dop_operator_3.py
[2026-03-13T22:59:20.144+0100] {logging_mixin.py:188} INFO - [2026-03-13T22:59:20.144+0100] {dag.py:3089} INFO - Sync 1 DAGs
[2026-03-13T22:59:20.189+0100] {logging_mixin.py:188} INFO - [2026-03-13T22:59:20.189+0100] {dag.py:3947} INFO - Setting next_dagrun for example_branch_dop_operator_v3 to 2026-03-13 21:58:00+00:00, run_after=2026-03-13 21:59:00+00:00
[2026-03-13T22:59:20.200+0100] {processor.py:183} INFO - Processing /Users/harshasogala/financial-data-platform/venv/lib/python3.12/site-packages/airflow/example_dags/example_branch_python_dop_operator_3.py took 0.134 seconds
[2026-03-13T23:00:36.788+0100] {processor.py:161} INFO - Started process (PID=72834) to work on /Users/harshasogala/financial-data-platform/venv/lib/python3.12/site-packages/airflow/example_dags/example_branch_python_dop_operator_3.py
[2026-03-13T23:00:36.789+0100] {processor.py:830} INFO - Processing file /Users/harshasogala/financial-data-platform/venv/lib/python3.12/site-packages/airflow/example_dags/example_branch_python_dop_operator_3.py for tasks to queue
[2026-03-13T23:00:36.789+0100] {logging_mixin.py:188} INFO - [2026-03-13T23:00:36.789+0100] {dagbag.py:545} INFO - Filling up the DagBag from /Users/harshasogala/financial-data-platform/venv/lib/python3.12/site-packages/airflow/example_dags/example_branch_python_dop_operator_3.py
[2026-03-13T23:00:36.813+0100] {processor.py:840} INFO - DAG(s) 'example_branch_dop_operator_v3' retrieved from /Users/harshasogala/financial-data-platform/venv/lib/python3.12/site-packages/airflow/example_dags/example_branch_python_dop_operator_3.py
[2026-03-13T23:00:36.866+0100] {logging_mixin.py:188} INFO - [2026-03-13T23:00:36.866+0100] {dag.py:3089} INFO - Sync 1 DAGs
[2026-03-13T23:00:36.942+0100] {logging_mixin.py:188} INFO - [2026-03-13T23:00:36.942+0100] {dag.py:3947} INFO - Setting next_dagrun for example_branch_dop_operator_v3 to 2026-03-13 21:59:00+00:00, run_after=2026-03-13 22:00:00+00:00
[2026-03-13T23:00:36.956+0100] {processor.py:183} INFO - Processing /Users/harshasogala/financial-data-platform/venv/lib/python3.12/site-packages/airflow/example_dags/example_branch_python_dop_operator_3.py took 0.169 seconds
[2026-03-13T23:01:57.991+0100] {processor.py:161} INFO - Started process (PID=72895) to work on /Users/harshasogala/financial-data-platform/venv/lib/python3.12/site-packages/airflow/example_dags/example_branch_python_dop_operator_3.py
[2026-03-13T23:01:57.993+0100] {processor.py:830} INFO - Processing file /Users/harshasogala/financial-data-platform/venv/lib/python3.12/site-packages/airflow/example_dags/example_branch_python_dop_operator_3.py for tasks to queue
[2026-03-13T23:01:57.993+0100] {logging_mixin.py:188} INFO - [2026-03-13T23:01:57.993+0100] {dagbag.py:545} INFO - Filling up the DagBag from /Users/harshasogala/financial-data-platform/venv/lib/python3.12/site-packages/airflow/example_dags/example_branch_python_dop_operator_3.py
[2026-03-13T23:01:58.022+0100] {processor.py:840} INFO - DAG(s) 'example_branch_dop_operator_v3' retrieved from /Users/harshasogala/financial-data-platform/venv/lib/python3.12/site-packages/airflow/example_dags/example_branch_python_dop_operator_3.py
[2026-03-13T23:01:58.077+0100] {logging_mixin.py:188} INFO - [2026-03-13T23:01:58.077+0100] {dag.py:3089} INFO - Sync 1 DAGs
[2026-03-13T23:01:58.125+0100] {logging_mixin.py:188} INFO - [2026-03-13T23:01:58.125+0100] {dag.py:3947} INFO - Setting next_dagrun for example_branch_dop_operator_v3 to 2026-03-13 22:00:00+00:00, run_after=2026-03-13 22:01:00+00:00
[2026-03-13T23:01:58.136+0100] {processor.py:183} INFO - Processing /Users/harshasogala/financial-data-platform/venv/lib/python3.12/site-packages/airflow/example_dags/example_branch_python_dop_operator_3.py took 0.150 seconds
[2026-03-13T23:03:16.274+0100] {processor.py:161} INFO - Started process (PID=72953) to work on /Users/harshasogala/financial-data-platform/venv/lib/python3.12/site-packages/airflow/example_dags/example_branch_python_dop_operator_3.py
[2026-03-13T23:03:16.275+0100] {processor.py:830} INFO - Processing file /Users/harshasogala/financial-data-platform/venv/lib/python3.12/site-packages/airflow/example_dags/example_branch_python_dop_operator_3.py for tasks to queue
[2026-03-13T23:03:16.276+0100] {logging_mixin.py:188} INFO - [2026-03-13T23:03:16.276+0100] {dagbag.py:545} INFO - Filling up the DagBag from /Users/harshasogala/financial-data-platform/venv/lib/python3.12/site-packages/airflow/example_dags/example_branch_python_dop_operator_3.py
[2026-03-13T23:03:16.300+0100] {processor.py:840} INFO - DAG(s) 'example_branch_dop_operator_v3' retrieved from /Users/harshasogala/financial-data-platform/venv/lib/python3.12/site-packages/airflow/example_dags/example_branch_python_dop_operator_3.py
[2026-03-13T23:03:16.353+0100] {logging_mixin.py:188} INFO - [2026-03-13T23:03:16.353+0100] {dag.py:3089} INFO - Sync 1 DAGs
[2026-03-13T23:03:16.399+0100] {logging_mixin.py:188} INFO - [2026-03-13T23:03:16.399+0100] {dag.py:3947} INFO - Setting next_dagrun for example_branch_dop_operator_v3 to 2026-03-13 22:02:00+00:00, run_after=2026-03-13 22:03:00+00:00
[2026-03-13T23:03:16.409+0100] {processor.py:183} INFO - Processing /Users/harshasogala/financial-data-platform/venv/lib/python3.12/site-packages/airflow/example_dags/example_branch_python_dop_operator_3.py took 0.137 seconds
[2026-03-13T23:04:34.395+0100] {processor.py:161} INFO - Started process (PID=73014) to work on /Users/harshasogala/financial-data-platform/venv/lib/python3.12/site-packages/airflow/example_dags/example_branch_python_dop_operator_3.py
[2026-03-13T23:04:34.397+0100] {processor.py:830} INFO - Processing file /Users/harshasogala/financial-data-platform/venv/lib/python3.12/site-packages/airflow/example_dags/example_branch_python_dop_operator_3.py for tasks to queue
[2026-03-13T23:04:34.397+0100] {logging_mixin.py:188} INFO - [2026-03-13T23:04:34.397+0100] {dagbag.py:545} INFO - Filling up the DagBag from /Users/harshasogala/financial-data-platform/venv/lib/python3.12/site-packages/airflow/example_dags/example_branch_python_dop_operator_3.py
[2026-03-13T23:04:34.421+0100] {processor.py:840} INFO - DAG(s) 'example_branch_dop_operator_v3' retrieved from /Users/harshasogala/financial-data-platform/venv/lib/python3.12/site-packages/airflow/example_dags/example_branch_python_dop_operator_3.py
[2026-03-13T23:04:34.474+0100] {logging_mixin.py:188} INFO - [2026-03-13T23:04:34.474+0100] {dag.py:3089} INFO - Sync 1 DAGs
[2026-03-13T23:04:34.520+0100] {logging_mixin.py:188} INFO - [2026-03-13T23:04:34.519+0100] {dag.py:3947} INFO - Setting next_dagrun for example_branch_dop_operator_v3 to 2026-03-13 22:03:00+00:00, run_after=2026-03-13 22:04:00+00:00
[2026-03-13T23:04:34.530+0100] {processor.py:183} INFO - Processing /Users/harshasogala/financial-data-platform/venv/lib/python3.12/site-packages/airflow/example_dags/example_branch_python_dop_operator_3.py took 0.136 seconds
[2026-03-13T23:05:51.117+0100] {processor.py:161} INFO - Started process (PID=73080) to work on /Users/harshasogala/financial-data-platform/venv/lib/python3.12/site-packages/airflow/example_dags/example_branch_python_dop_operator_3.py
[2026-03-13T23:05:51.118+0100] {processor.py:830} INFO - Processing file /Users/harshasogala/financial-data-platform/venv/lib/python3.12/site-packages/airflow/example_dags/example_branch_python_dop_operator_3.py for tasks to queue
[2026-03-13T23:05:51.119+0100] {logging_mixin.py:188} INFO - [2026-03-13T23:05:51.119+0100] {dagbag.py:545} INFO - Filling up the DagBag from /Users/harshasogala/financial-data-platform/venv/lib/python3.12/site-packages/airflow/example_dags/example_branch_python_dop_operator_3.py
[2026-03-13T23:05:51.143+0100] {processor.py:840} INFO - DAG(s) 'example_branch_dop_operator_v3' retrieved from /Users/harshasogala/financial-data-platform/venv/lib/python3.12/site-packages/airflow/example_dags/example_branch_python_dop_operator_3.py
[2026-03-13T23:05:51.197+0100] {logging_mixin.py:188} INFO - [2026-03-13T23:05:51.197+0100] {dag.py:3089} INFO - Sync 1 DAGs
[2026-03-13T23:05:51.241+0100] {logging_mixin.py:188} INFO - [2026-03-13T23:05:51.241+0100] {dag.py:3947} INFO - Setting next_dagrun for example_branch_dop_operator_v3 to 2026-03-13 22:04:00+00:00, run_after=2026-03-13 22:05:00+00:00
[2026-03-13T23:05:51.252+0100] {processor.py:183} INFO - Processing /Users/harshasogala/financial-data-platform/venv/lib/python3.12/site-packages/airflow/example_dags/example_branch_python_dop_operator_3.py took 0.137 seconds
[2026-03-13T23:07:12.033+0100] {processor.py:161} INFO - Started process (PID=73148) to work on /Users/harshasogala/financial-data-platform/venv/lib/python3.12/site-packages/airflow/example_dags/example_branch_python_dop_operator_3.py
[2026-03-13T23:07:12.034+0100] {processor.py:830} INFO - Processing file /Users/harshasogala/financial-data-platform/venv/lib/python3.12/site-packages/airflow/example_dags/example_branch_python_dop_operator_3.py for tasks to queue
[2026-03-13T23:07:12.034+0100] {logging_mixin.py:188} INFO - [2026-03-13T23:07:12.034+0100] {dagbag.py:545} INFO - Filling up the DagBag from /Users/harshasogala/financial-data-platform/venv/lib/python3.12/site-packages/airflow/example_dags/example_branch_python_dop_operator_3.py
[2026-03-13T23:07:12.059+0100] {processor.py:840} INFO - DAG(s) 'example_branch_dop_operator_v3' retrieved from /Users/harshasogala/financial-data-platform/venv/lib/python3.12/site-packages/airflow/example_dags/example_branch_python_dop_operator_3.py
[2026-03-13T23:07:12.114+0100] {logging_mixin.py:188} INFO - [2026-03-13T23:07:12.114+0100] {dag.py:3089} INFO - Sync 1 DAGs
[2026-03-13T23:07:12.161+0100] {logging_mixin.py:188} INFO - [2026-03-13T23:07:12.161+0100] {dag.py:3947} INFO - Setting next_dagrun for example_branch_dop_operator_v3 to 2026-03-13 22:06:00+00:00, run_after=2026-03-13 22:07:00+00:00
[2026-03-13T23:07:12.172+0100] {processor.py:183} INFO - Processing /Users/harshasogala/financial-data-platform/venv/lib/python3.12/site-packages/airflow/example_dags/example_branch_python_dop_operator_3.py took 0.141 seconds
[2026-03-13T23:08:30.671+0100] {processor.py:161} INFO - Started process (PID=73210) to work on /Users/harshasogala/financial-data-platform/venv/lib/python3.12/site-packages/airflow/example_dags/example_branch_python_dop_operator_3.py
[2026-03-13T23:08:30.672+0100] {processor.py:830} INFO - Processing file /Users/harshasogala/financial-data-platform/venv/lib/python3.12/site-packages/airflow/example_dags/example_branch_python_dop_operator_3.py for tasks to queue
[2026-03-13T23:08:30.672+0100] {logging_mixin.py:188} INFO - [2026-03-13T23:08:30.672+0100] {dagbag.py:545} INFO - Filling up the DagBag from /Users/harshasogala/financial-data-platform/venv/lib/python3.12/site-packages/airflow/example_dags/example_branch_python_dop_operator_3.py
[2026-03-13T23:08:30.696+0100] {processor.py:840} INFO - DAG(s) 'example_branch_dop_operator_v3' retrieved from /Users/harshasogala/financial-data-platform/venv/lib/python3.12/site-packages/airflow/example_dags/example_branch_python_dop_operator_3.py
[2026-03-13T23:08:30.750+0100] {logging_mixin.py:188} INFO - [2026-03-13T23:08:30.750+0100] {dag.py:3089} INFO - Sync 1 DAGs
[2026-03-13T23:08:30.796+0100] {logging_mixin.py:188} INFO - [2026-03-13T23:08:30.796+0100] {dag.py:3947} INFO - Setting next_dagrun for example_branch_dop_operator_v3 to 2026-03-13 22:07:00+00:00, run_after=2026-03-13 22:08:00+00:00
[2026-03-13T23:08:30.809+0100] {processor.py:183} INFO - Processing /Users/harshasogala/financial-data-platform/venv/lib/python3.12/site-packages/airflow/example_dags/example_branch_python_dop_operator_3.py took 0.140 seconds
[2026-03-13T23:09:42.956+0100] {processor.py:161} INFO - Started process (PID=73266) to work on /Users/harshasogala/financial-data-platform/venv/lib/python3.12/site-packages/airflow/example_dags/example_branch_python_dop_operator_3.py
[2026-03-13T23:09:42.957+0100] {processor.py:830} INFO - Processing file /Users/harshasogala/financial-data-platform/venv/lib/python3.12/site-packages/airflow/example_dags/example_branch_python_dop_operator_3.py for tasks to queue
[2026-03-13T23:09:42.958+0100] {logging_mixin.py:188} INFO - [2026-03-13T23:09:42.957+0100] {dagbag.py:545} INFO - Filling up the DagBag from /Users/harshasogala/financial-data-platform/venv/lib/python3.12/site-packages/airflow/example_dags/example_branch_python_dop_operator_3.py
[2026-03-13T23:09:42.981+0100] {processor.py:840} INFO - DAG(s) 'example_branch_dop_operator_v3' retrieved from /Users/harshasogala/financial-data-platform/venv/lib/python3.12/site-packages/airflow/example_dags/example_branch_python_dop_operator_3.py
[2026-03-13T23:09:43.034+0100] {logging_mixin.py:188} INFO - [2026-03-13T23:09:43.034+0100] {dag.py:3089} INFO - Sync 1 DAGs
[2026-03-13T23:09:43.079+0100] {logging_mixin.py:188} INFO - [2026-03-13T23:09:43.079+0100] {dag.py:3947} INFO - Setting next_dagrun for example_branch_dop_operator_v3 to 2026-03-13 22:08:00+00:00, run_after=2026-03-13 22:09:00+00:00
[2026-03-13T23:09:43.089+0100] {processor.py:183} INFO - Processing /Users/harshasogala/financial-data-platform/venv/lib/python3.12/site-packages/airflow/example_dags/example_branch_python_dop_operator_3.py took 0.135 seconds
[2026-03-13T23:10:56.164+0100] {processor.py:161} INFO - Started process (PID=73323) to work on /Users/harshasogala/financial-data-platform/venv/lib/python3.12/site-packages/airflow/example_dags/example_branch_python_dop_operator_3.py
[2026-03-13T23:10:56.165+0100] {processor.py:830} INFO - Processing file /Users/harshasogala/financial-data-platform/venv/lib/python3.12/site-packages/airflow/example_dags/example_branch_python_dop_operator_3.py for tasks to queue
[2026-03-13T23:10:56.165+0100] {logging_mixin.py:188} INFO - [2026-03-13T23:10:56.165+0100] {dagbag.py:545} INFO - Filling up the DagBag from /Users/harshasogala/financial-data-platform/venv/lib/python3.12/site-packages/airflow/example_dags/example_branch_python_dop_operator_3.py
[2026-03-13T23:10:56.190+0100] {processor.py:840} INFO - DAG(s) 'example_branch_dop_operator_v3' retrieved from /Users/harshasogala/financial-data-platform/venv/lib/python3.12/site-packages/airflow/example_dags/example_branch_python_dop_operator_3.py
[2026-03-13T23:10:56.244+0100] {logging_mixin.py:188} INFO - [2026-03-13T23:10:56.244+0100] {dag.py:3089} INFO - Sync 1 DAGs
[2026-03-13T23:10:56.290+0100] {logging_mixin.py:188} INFO - [2026-03-13T23:10:56.290+0100] {dag.py:3947} INFO - Setting next_dagrun for example_branch_dop_operator_v3 to 2026-03-13 22:09:00+00:00, run_after=2026-03-13 22:10:00+00:00
[2026-03-13T23:10:56.300+0100] {processor.py:183} INFO - Processing /Users/harshasogala/financial-data-platform/venv/lib/python3.12/site-packages/airflow/example_dags/example_branch_python_dop_operator_3.py took 0.138 seconds
[2026-03-13T23:12:09.506+0100] {processor.py:161} INFO - Started process (PID=73393) to work on /Users/harshasogala/financial-data-platform/venv/lib/python3.12/site-packages/airflow/example_dags/example_branch_python_dop_operator_3.py
[2026-03-13T23:12:09.508+0100] {processor.py:830} INFO - Processing file /Users/harshasogala/financial-data-platform/venv/lib/python3.12/site-packages/airflow/example_dags/example_branch_python_dop_operator_3.py for tasks to queue
[2026-03-13T23:12:09.509+0100] {logging_mixin.py:188} INFO - [2026-03-13T23:12:09.509+0100] {dagbag.py:545} INFO - Filling up the DagBag from /Users/harshasogala/financial-data-platform/venv/lib/python3.12/site-packages/airflow/example_dags/example_branch_python_dop_operator_3.py
[2026-03-13T23:12:09.535+0100] {processor.py:840} INFO - DAG(s) 'example_branch_dop_operator_v3' retrieved from /Users/harshasogala/financial-data-platform/venv/lib/python3.12/site-packages/airflow/example_dags/example_branch_python_dop_operator_3.py
[2026-03-13T23:12:09.594+0100] {logging_mixin.py:188} INFO - [2026-03-13T23:12:09.594+0100] {dag.py:3089} INFO - Sync 1 DAGs
[2026-03-13T23:12:09.641+0100] {logging_mixin.py:188} INFO - [2026-03-13T23:12:09.641+0100] {dag.py:3947} INFO - Setting next_dagrun for example_branch_dop_operator_v3 to 2026-03-13 22:11:00+00:00, run_after=2026-03-13 22:12:00+00:00
[2026-03-13T23:12:09.656+0100] {processor.py:183} INFO - Processing /Users/harshasogala/financial-data-platform/venv/lib/python3.12/site-packages/airflow/example_dags/example_branch_python_dop_operator_3.py took 0.152 seconds
[2026-03-13T23:13:25.550+0100] {processor.py:161} INFO - Started process (PID=73452) to work on /Users/harshasogala/financial-data-platform/venv/lib/python3.12/site-packages/airflow/example_dags/example_branch_python_dop_operator_3.py
[2026-03-13T23:13:25.551+0100] {processor.py:830} INFO - Processing file /Users/harshasogala/financial-data-platform/venv/lib/python3.12/site-packages/airflow/example_dags/example_branch_python_dop_operator_3.py for tasks to queue
[2026-03-13T23:13:25.551+0100] {logging_mixin.py:188} INFO - [2026-03-13T23:13:25.551+0100] {dagbag.py:545} INFO - Filling up the DagBag from /Users/harshasogala/financial-data-platform/venv/lib/python3.12/site-packages/airflow/example_dags/example_branch_python_dop_operator_3.py
[2026-03-13T23:13:25.575+0100] {processor.py:840} INFO - DAG(s) 'example_branch_dop_operator_v3' retrieved from /Users/harshasogala/financial-data-platform/venv/lib/python3.12/site-packages/airflow/example_dags/example_branch_python_dop_operator_3.py
[2026-03-13T23:13:25.629+0100] {logging_mixin.py:188} INFO - [2026-03-13T23:13:25.629+0100] {dag.py:3089} INFO - Sync 1 DAGs
[2026-03-13T23:13:25.679+0100] {logging_mixin.py:188} INFO - [2026-03-13T23:13:25.679+0100] {dag.py:3947} INFO - Setting next_dagrun for example_branch_dop_operator_v3 to 2026-03-13 22:12:00+00:00, run_after=2026-03-13 22:13:00+00:00
[2026-03-13T23:13:25.692+0100] {processor.py:183} INFO - Processing /Users/harshasogala/financial-data-platform/venv/lib/python3.12/site-packages/airflow/example_dags/example_branch_python_dop_operator_3.py took 0.144 seconds
[2026-03-13T23:14:38.625+0100] {processor.py:161} INFO - Started process (PID=73512) to work on /Users/harshasogala/financial-data-platform/venv/lib/python3.12/site-packages/airflow/example_dags/example_branch_python_dop_operator_3.py
[2026-03-13T23:14:38.626+0100] {processor.py:830} INFO - Processing file /Users/harshasogala/financial-data-platform/venv/lib/python3.12/site-packages/airflow/example_dags/example_branch_python_dop_operator_3.py for tasks to queue
[2026-03-13T23:14:38.627+0100] {logging_mixin.py:188} INFO - [2026-03-13T23:14:38.627+0100] {dagbag.py:545} INFO - Filling up the DagBag from /Users/harshasogala/financial-data-platform/venv/lib/python3.12/site-packages/airflow/example_dags/example_branch_python_dop_operator_3.py
[2026-03-13T23:14:38.651+0100] {processor.py:840} INFO - DAG(s) 'example_branch_dop_operator_v3' retrieved from /Users/harshasogala/financial-data-platform/venv/lib/python3.12/site-packages/airflow/example_dags/example_branch_python_dop_operator_3.py
[2026-03-13T23:14:38.704+0100] {logging_mixin.py:188} INFO - [2026-03-13T23:14:38.704+0100] {dag.py:3089} INFO - Sync 1 DAGs
[2026-03-13T23:14:38.749+0100] {logging_mixin.py:188} INFO - [2026-03-13T23:14:38.749+0100] {dag.py:3947} INFO - Setting next_dagrun for example_branch_dop_operator_v3 to 2026-03-13 22:13:00+00:00, run_after=2026-03-13 22:14:00+00:00
[2026-03-13T23:14:38.761+0100] {processor.py:183} INFO - Processing /Users/harshasogala/financial-data-platform/venv/lib/python3.12/site-packages/airflow/example_dags/example_branch_python_dop_operator_3.py took 0.137 seconds
[2026-03-13T23:15:53.968+0100] {processor.py:161} INFO - Started process (PID=73572) to work on /Users/harshasogala/financial-data-platform/venv/lib/python3.12/site-packages/airflow/example_dags/example_branch_python_dop_operator_3.py
[2026-03-13T23:15:53.969+0100] {processor.py:830} INFO - Processing file /Users/harshasogala/financial-data-platform/venv/lib/python3.12/site-packages/airflow/example_dags/example_branch_python_dop_operator_3.py for tasks to queue
[2026-03-13T23:15:53.970+0100] {logging_mixin.py:188} INFO - [2026-03-13T23:15:53.970+0100] {dagbag.py:545} INFO - Filling up the DagBag from /Users/harshasogala/financial-data-platform/venv/lib/python3.12/site-packages/airflow/example_dags/example_branch_python_dop_operator_3.py
[2026-03-13T23:15:53.996+0100] {processor.py:840} INFO - DAG(s) 'example_branch_dop_operator_v3' retrieved from /Users/harshasogala/financial-data-platform/venv/lib/python3.12/site-packages/airflow/example_dags/example_branch_python_dop_operator_3.py
[2026-03-13T23:15:54.052+0100] {logging_mixin.py:188} INFO - [2026-03-13T23:15:54.051+0100] {dag.py:3089} INFO - Sync 1 DAGs
[2026-03-13T23:15:54.100+0100] {logging_mixin.py:188} INFO - [2026-03-13T23:15:54.100+0100] {dag.py:3947} INFO - Setting next_dagrun for example_branch_dop_operator_v3 to 2026-03-13 22:14:00+00:00, run_after=2026-03-13 22:15:00+00:00
[2026-03-13T23:15:54.112+0100] {processor.py:183} INFO - Processing /Users/harshasogala/financial-data-platform/venv/lib/python3.12/site-packages/airflow/example_dags/example_branch_python_dop_operator_3.py took 0.146 seconds
[2026-03-13T23:17:08.941+0100] {processor.py:161} INFO - Started process (PID=73642) to work on /Users/harshasogala/financial-data-platform/venv/lib/python3.12/site-packages/airflow/example_dags/example_branch_python_dop_operator_3.py
[2026-03-13T23:17:08.941+0100] {processor.py:830} INFO - Processing file /Users/harshasogala/financial-data-platform/venv/lib/python3.12/site-packages/airflow/example_dags/example_branch_python_dop_operator_3.py for tasks to queue
[2026-03-13T23:17:08.942+0100] {logging_mixin.py:188} INFO - [2026-03-13T23:17:08.942+0100] {dagbag.py:545} INFO - Filling up the DagBag from /Users/harshasogala/financial-data-platform/venv/lib/python3.12/site-packages/airflow/example_dags/example_branch_python_dop_operator_3.py
[2026-03-13T23:17:08.966+0100] {processor.py:840} INFO - DAG(s) 'example_branch_dop_operator_v3' retrieved from /Users/harshasogala/financial-data-platform/venv/lib/python3.12/site-packages/airflow/example_dags/example_branch_python_dop_operator_3.py
[2026-03-13T23:17:09.018+0100] {logging_mixin.py:188} INFO - [2026-03-13T23:17:09.018+0100] {dag.py:3089} INFO - Sync 1 DAGs
[2026-03-13T23:17:09.063+0100] {logging_mixin.py:188} INFO - [2026-03-13T23:17:09.063+0100] {dag.py:3947} INFO - Setting next_dagrun for example_branch_dop_operator_v3 to 2026-03-13 22:16:00+00:00, run_after=2026-03-13 22:17:00+00:00
[2026-03-13T23:17:09.074+0100] {processor.py:183} INFO - Processing /Users/harshasogala/financial-data-platform/venv/lib/python3.12/site-packages/airflow/example_dags/example_branch_python_dop_operator_3.py took 0.135 seconds
[2026-03-13T23:18:26.538+0100] {processor.py:161} INFO - Started process (PID=73704) to work on /Users/harshasogala/financial-data-platform/venv/lib/python3.12/site-packages/airflow/example_dags/example_branch_python_dop_operator_3.py
[2026-03-13T23:18:26.539+0100] {processor.py:830} INFO - Processing file /Users/harshasogala/financial-data-platform/venv/lib/python3.12/site-packages/airflow/example_dags/example_branch_python_dop_operator_3.py for tasks to queue
[2026-03-13T23:18:26.539+0100] {logging_mixin.py:188} INFO - [2026-03-13T23:18:26.539+0100] {dagbag.py:545} INFO - Filling up the DagBag from /Users/harshasogala/financial-data-platform/venv/lib/python3.12/site-packages/airflow/example_dags/example_branch_python_dop_operator_3.py
[2026-03-13T23:18:26.563+0100] {processor.py:840} INFO - DAG(s) 'example_branch_dop_operator_v3' retrieved from /Users/harshasogala/financial-data-platform/venv/lib/python3.12/site-packages/airflow/example_dags/example_branch_python_dop_operator_3.py
[2026-03-13T23:18:26.617+0100] {logging_mixin.py:188} INFO - [2026-03-13T23:18:26.617+0100] {dag.py:3089} INFO - Sync 1 DAGs
[2026-03-13T23:18:26.662+0100] {logging_mixin.py:188} INFO - [2026-03-13T23:18:26.662+0100] {dag.py:3947} INFO - Setting next_dagrun for example_branch_dop_operator_v3 to 2026-03-13 22:17:00+00:00, run_after=2026-03-13 22:18:00+00:00
[2026-03-13T23:18:26.673+0100] {processor.py:183} INFO - Processing /Users/harshasogala/financial-data-platform/venv/lib/python3.12/site-packages/airflow/example_dags/example_branch_python_dop_operator_3.py took 0.137 seconds
[2026-03-13T23:19:42.061+0100] {processor.py:161} INFO - Started process (PID=73764) to work on /Users/harshasogala/financial-data-platform/venv/lib/python3.12/site-packages/airflow/example_dags/example_branch_python_dop_operator_3.py
[2026-03-13T23:19:42.062+0100] {processor.py:830} INFO - Processing file /Users/harshasogala/financial-data-platform/venv/lib/python3.12/site-packages/airflow/example_dags/example_branch_python_dop_operator_3.py for tasks to queue
[2026-03-13T23:19:42.063+0100] {logging_mixin.py:188} INFO - [2026-03-13T23:19:42.063+0100] {dagbag.py:545} INFO - Filling up the DagBag from /Users/harshasogala/financial-data-platform/venv/lib/python3.12/site-packages/airflow/example_dags/example_branch_python_dop_operator_3.py
[2026-03-13T23:19:42.087+0100] {processor.py:840} INFO - DAG(s) 'example_branch_dop_operator_v3' retrieved from /Users/harshasogala/financial-data-platform/venv/lib/python3.12/site-packages/airflow/example_dags/example_branch_python_dop_operator_3.py
[2026-03-13T23:19:42.149+0100] {logging_mixin.py:188} INFO - [2026-03-13T23:19:42.149+0100] {dag.py:3089} INFO - Sync 1 DAGs
[2026-03-13T23:19:42.197+0100] {logging_mixin.py:188} INFO - [2026-03-13T23:19:42.196+0100] {dag.py:3947} INFO - Setting next_dagrun for example_branch_dop_operator_v3 to 2026-03-13 22:18:00+00:00, run_after=2026-03-13 22:19:00+00:00
[2026-03-13T23:19:42.208+0100] {processor.py:183} INFO - Processing /Users/harshasogala/financial-data-platform/venv/lib/python3.12/site-packages/airflow/example_dags/example_branch_python_dop_operator_3.py took 0.148 seconds
[2026-03-13T23:21:00.582+0100] {processor.py:161} INFO - Started process (PID=73835) to work on /Users/harshasogala/financial-data-platform/venv/lib/python3.12/site-packages/airflow/example_dags/example_branch_python_dop_operator_3.py
[2026-03-13T23:21:00.583+0100] {processor.py:830} INFO - Processing file /Users/harshasogala/financial-data-platform/venv/lib/python3.12/site-packages/airflow/example_dags/example_branch_python_dop_operator_3.py for tasks to queue
[2026-03-13T23:21:00.583+0100] {logging_mixin.py:188} INFO - [2026-03-13T23:21:00.583+0100] {dagbag.py:545} INFO - Filling up the DagBag from /Users/harshasogala/financial-data-platform/venv/lib/python3.12/site-packages/airflow/example_dags/example_branch_python_dop_operator_3.py
[2026-03-13T23:21:00.607+0100] {processor.py:840} INFO - DAG(s) 'example_branch_dop_operator_v3' retrieved from /Users/harshasogala/financial-data-platform/venv/lib/python3.12/site-packages/airflow/example_dags/example_branch_python_dop_operator_3.py
[2026-03-13T23:21:00.660+0100] {logging_mixin.py:188} INFO - [2026-03-13T23:21:00.659+0100] {dag.py:3089} INFO - Sync 1 DAGs
[2026-03-13T23:21:00.705+0100] {logging_mixin.py:188} INFO - [2026-03-13T23:21:00.705+0100] {dag.py:3947} INFO - Setting next_dagrun for example_branch_dop_operator_v3 to 2026-03-13 22:20:00+00:00, run_after=2026-03-13 22:21:00+00:00
[2026-03-13T23:21:00.715+0100] {processor.py:183} INFO - Processing /Users/harshasogala/financial-data-platform/venv/lib/python3.12/site-packages/airflow/example_dags/example_branch_python_dop_operator_3.py took 0.135 seconds
[2026-03-13T23:22:13.648+0100] {processor.py:161} INFO - Started process (PID=73911) to work on /Users/harshasogala/financial-data-platform/venv/lib/python3.12/site-packages/airflow/example_dags/example_branch_python_dop_operator_3.py
[2026-03-13T23:22:13.649+0100] {processor.py:830} INFO - Processing file /Users/harshasogala/financial-data-platform/venv/lib/python3.12/site-packages/airflow/example_dags/example_branch_python_dop_operator_3.py for tasks to queue
[2026-03-13T23:22:13.649+0100] {logging_mixin.py:188} INFO - [2026-03-13T23:22:13.649+0100] {dagbag.py:545} INFO - Filling up the DagBag from /Users/harshasogala/financial-data-platform/venv/lib/python3.12/site-packages/airflow/example_dags/example_branch_python_dop_operator_3.py
[2026-03-13T23:22:13.673+0100] {processor.py:840} INFO - DAG(s) 'example_branch_dop_operator_v3' retrieved from /Users/harshasogala/financial-data-platform/venv/lib/python3.12/site-packages/airflow/example_dags/example_branch_python_dop_operator_3.py
[2026-03-13T23:22:13.726+0100] {logging_mixin.py:188} INFO - [2026-03-13T23:22:13.726+0100] {dag.py:3089} INFO - Sync 1 DAGs
[2026-03-13T23:22:13.771+0100] {logging_mixin.py:188} INFO - [2026-03-13T23:22:13.771+0100] {dag.py:3947} INFO - Setting next_dagrun for example_branch_dop_operator_v3 to 2026-03-13 22:21:00+00:00, run_after=2026-03-13 22:22:00+00:00
[2026-03-13T23:22:13.781+0100] {processor.py:183} INFO - Processing /Users/harshasogala/financial-data-platform/venv/lib/python3.12/site-packages/airflow/example_dags/example_branch_python_dop_operator_3.py took 0.135 seconds
[2026-03-13T23:23:28.914+0100] {processor.py:161} INFO - Started process (PID=73975) to work on /Users/harshasogala/financial-data-platform/venv/lib/python3.12/site-packages/airflow/example_dags/example_branch_python_dop_operator_3.py
[2026-03-13T23:23:28.915+0100] {processor.py:830} INFO - Processing file /Users/harshasogala/financial-data-platform/venv/lib/python3.12/site-packages/airflow/example_dags/example_branch_python_dop_operator_3.py for tasks to queue
[2026-03-13T23:23:28.916+0100] {logging_mixin.py:188} INFO - [2026-03-13T23:23:28.916+0100] {dagbag.py:545} INFO - Filling up the DagBag from /Users/harshasogala/financial-data-platform/venv/lib/python3.12/site-packages/airflow/example_dags/example_branch_python_dop_operator_3.py
[2026-03-13T23:23:28.941+0100] {processor.py:840} INFO - DAG(s) 'example_branch_dop_operator_v3' retrieved from /Users/harshasogala/financial-data-platform/venv/lib/python3.12/site-packages/airflow/example_dags/example_branch_python_dop_operator_3.py
[2026-03-13T23:23:28.994+0100] {logging_mixin.py:188} INFO - [2026-03-13T23:23:28.994+0100] {dag.py:3089} INFO - Sync 1 DAGs
[2026-03-13T23:23:29.039+0100] {logging_mixin.py:188} INFO - [2026-03-13T23:23:29.039+0100] {dag.py:3947} INFO - Setting next_dagrun for example_branch_dop_operator_v3 to 2026-03-13 22:22:00+00:00, run_after=2026-03-13 22:23:00+00:00
[2026-03-13T23:23:29.050+0100] {processor.py:183} INFO - Processing /Users/harshasogala/financial-data-platform/venv/lib/python3.12/site-packages/airflow/example_dags/example_branch_python_dop_operator_3.py took 0.137 seconds
[2026-03-13T23:24:43.011+0100] {processor.py:161} INFO - Started process (PID=74033) to work on /Users/harshasogala/financial-data-platform/venv/lib/python3.12/site-packages/airflow/example_dags/example_branch_python_dop_operator_3.py
[2026-03-13T23:24:43.012+0100] {processor.py:830} INFO - Processing file /Users/harshasogala/financial-data-platform/venv/lib/python3.12/site-packages/airflow/example_dags/example_branch_python_dop_operator_3.py for tasks to queue
[2026-03-13T23:24:43.013+0100] {logging_mixin.py:188} INFO - [2026-03-13T23:24:43.013+0100] {dagbag.py:545} INFO - Filling up the DagBag from /Users/harshasogala/financial-data-platform/venv/lib/python3.12/site-packages/airflow/example_dags/example_branch_python_dop_operator_3.py
[2026-03-13T23:24:43.043+0100] {processor.py:840} INFO - DAG(s) 'example_branch_dop_operator_v3' retrieved from /Users/harshasogala/financial-data-platform/venv/lib/python3.12/site-packages/airflow/example_dags/example_branch_python_dop_operator_3.py
[2026-03-13T23:24:43.100+0100] {logging_mixin.py:188} INFO - [2026-03-13T23:24:43.100+0100] {dag.py:3089} INFO - Sync 1 DAGs
[2026-03-13T23:24:43.157+0100] {logging_mixin.py:188} INFO - [2026-03-13T23:24:43.157+0100] {dag.py:3947} INFO - Setting next_dagrun for example_branch_dop_operator_v3 to 2026-03-13 22:23:00+00:00, run_after=2026-03-13 22:24:00+00:00
[2026-03-13T23:24:43.172+0100] {processor.py:183} INFO - Processing /Users/harshasogala/financial-data-platform/venv/lib/python3.12/site-packages/airflow/example_dags/example_branch_python_dop_operator_3.py took 0.169 seconds
[2026-03-13T23:26:02.041+0100] {processor.py:161} INFO - Started process (PID=74093) to work on /Users/harshasogala/financial-data-platform/venv/lib/python3.12/site-packages/airflow/example_dags/example_branch_python_dop_operator_3.py
[2026-03-13T23:26:02.043+0100] {processor.py:830} INFO - Processing file /Users/harshasogala/financial-data-platform/venv/lib/python3.12/site-packages/airflow/example_dags/example_branch_python_dop_operator_3.py for tasks to queue
[2026-03-13T23:26:02.044+0100] {logging_mixin.py:188} INFO - [2026-03-13T23:26:02.043+0100] {dagbag.py:545} INFO - Filling up the DagBag from /Users/harshasogala/financial-data-platform/venv/lib/python3.12/site-packages/airflow/example_dags/example_branch_python_dop_operator_3.py
[2026-03-13T23:26:02.069+0100] {processor.py:840} INFO - DAG(s) 'example_branch_dop_operator_v3' retrieved from /Users/harshasogala/financial-data-platform/venv/lib/python3.12/site-packages/airflow/example_dags/example_branch_python_dop_operator_3.py
[2026-03-13T23:26:02.121+0100] {logging_mixin.py:188} INFO - [2026-03-13T23:26:02.121+0100] {dag.py:3089} INFO - Sync 1 DAGs
[2026-03-13T23:26:02.167+0100] {logging_mixin.py:188} INFO - [2026-03-13T23:26:02.167+0100] {dag.py:3947} INFO - Setting next_dagrun for example_branch_dop_operator_v3 to 2026-03-13 22:25:00+00:00, run_after=2026-03-13 22:26:00+00:00
[2026-03-13T23:26:02.177+0100] {processor.py:183} INFO - Processing /Users/harshasogala/financial-data-platform/venv/lib/python3.12/site-packages/airflow/example_dags/example_branch_python_dop_operator_3.py took 0.138 seconds
[2026-03-13T23:27:16.104+0100] {processor.py:161} INFO - Started process (PID=74158) to work on /Users/harshasogala/financial-data-platform/venv/lib/python3.12/site-packages/airflow/example_dags/example_branch_python_dop_operator_3.py
[2026-03-13T23:27:16.105+0100] {processor.py:830} INFO - Processing file /Users/harshasogala/financial-data-platform/venv/lib/python3.12/site-packages/airflow/example_dags/example_branch_python_dop_operator_3.py for tasks to queue
[2026-03-13T23:27:16.105+0100] {logging_mixin.py:188} INFO - [2026-03-13T23:27:16.105+0100] {dagbag.py:545} INFO - Filling up the DagBag from /Users/harshasogala/financial-data-platform/venv/lib/python3.12/site-packages/airflow/example_dags/example_branch_python_dop_operator_3.py
[2026-03-13T23:27:16.129+0100] {processor.py:840} INFO - DAG(s) 'example_branch_dop_operator_v3' retrieved from /Users/harshasogala/financial-data-platform/venv/lib/python3.12/site-packages/airflow/example_dags/example_branch_python_dop_operator_3.py
[2026-03-13T23:27:16.181+0100] {logging_mixin.py:188} INFO - [2026-03-13T23:27:16.180+0100] {dag.py:3089} INFO - Sync 1 DAGs
[2026-03-13T23:27:16.226+0100] {logging_mixin.py:188} INFO - [2026-03-13T23:27:16.226+0100] {dag.py:3947} INFO - Setting next_dagrun for example_branch_dop_operator_v3 to 2026-03-13 22:26:00+00:00, run_after=2026-03-13 22:27:00+00:00
[2026-03-13T23:27:16.238+0100] {processor.py:183} INFO - Processing /Users/harshasogala/financial-data-platform/venv/lib/python3.12/site-packages/airflow/example_dags/example_branch_python_dop_operator_3.py took 0.135 seconds
[2026-03-13T23:28:36.925+0100] {processor.py:161} INFO - Started process (PID=74255) to work on /Users/harshasogala/financial-data-platform/venv/lib/python3.12/site-packages/airflow/example_dags/example_branch_python_dop_operator_3.py
[2026-03-13T23:28:36.926+0100] {processor.py:830} INFO - Processing file /Users/harshasogala/financial-data-platform/venv/lib/python3.12/site-packages/airflow/example_dags/example_branch_python_dop_operator_3.py for tasks to queue
[2026-03-13T23:28:36.927+0100] {logging_mixin.py:188} INFO - [2026-03-13T23:28:36.927+0100] {dagbag.py:545} INFO - Filling up the DagBag from /Users/harshasogala/financial-data-platform/venv/lib/python3.12/site-packages/airflow/example_dags/example_branch_python_dop_operator_3.py
[2026-03-13T23:28:36.951+0100] {processor.py:840} INFO - DAG(s) 'example_branch_dop_operator_v3' retrieved from /Users/harshasogala/financial-data-platform/venv/lib/python3.12/site-packages/airflow/example_dags/example_branch_python_dop_operator_3.py
[2026-03-13T23:28:37.003+0100] {logging_mixin.py:188} INFO - [2026-03-13T23:28:37.003+0100] {dag.py:3089} INFO - Sync 1 DAGs
[2026-03-13T23:28:37.048+0100] {logging_mixin.py:188} INFO - [2026-03-13T23:28:37.048+0100] {dag.py:3947} INFO - Setting next_dagrun for example_branch_dop_operator_v3 to 2026-03-13 22:27:00+00:00, run_after=2026-03-13 22:28:00+00:00
[2026-03-13T23:28:37.059+0100] {processor.py:183} INFO - Processing /Users/harshasogala/financial-data-platform/venv/lib/python3.12/site-packages/airflow/example_dags/example_branch_python_dop_operator_3.py took 0.135 seconds
[2026-03-13T23:29:50.438+0100] {processor.py:161} INFO - Started process (PID=74313) to work on /Users/harshasogala/financial-data-platform/venv/lib/python3.12/site-packages/airflow/example_dags/example_branch_python_dop_operator_3.py
[2026-03-13T23:29:50.439+0100] {processor.py:830} INFO - Processing file /Users/harshasogala/financial-data-platform/venv/lib/python3.12/site-packages/airflow/example_dags/example_branch_python_dop_operator_3.py for tasks to queue
[2026-03-13T23:29:50.440+0100] {logging_mixin.py:188} INFO - [2026-03-13T23:29:50.440+0100] {dagbag.py:545} INFO - Filling up the DagBag from /Users/harshasogala/financial-data-platform/venv/lib/python3.12/site-packages/airflow/example_dags/example_branch_python_dop_operator_3.py
[2026-03-13T23:29:50.464+0100] {processor.py:840} INFO - DAG(s) 'example_branch_dop_operator_v3' retrieved from /Users/harshasogala/financial-data-platform/venv/lib/python3.12/site-packages/airflow/example_dags/example_branch_python_dop_operator_3.py
[2026-03-13T23:29:50.516+0100] {logging_mixin.py:188} INFO - [2026-03-13T23:29:50.516+0100] {dag.py:3089} INFO - Sync 1 DAGs
[2026-03-13T23:29:50.561+0100] {logging_mixin.py:188} INFO - [2026-03-13T23:29:50.561+0100] {dag.py:3947} INFO - Setting next_dagrun for example_branch_dop_operator_v3 to 2026-03-13 22:28:00+00:00, run_after=2026-03-13 22:29:00+00:00
[2026-03-13T23:29:50.571+0100] {processor.py:183} INFO - Processing /Users/harshasogala/financial-data-platform/venv/lib/python3.12/site-packages/airflow/example_dags/example_branch_python_dop_operator_3.py took 0.135 seconds
[2026-03-13T23:31:10.107+0100] {processor.py:161} INFO - Started process (PID=74606) to work on /Users/harshasogala/financial-data-platform/venv/lib/python3.12/site-packages/airflow/example_dags/example_branch_python_dop_operator_3.py
[2026-03-13T23:31:10.108+0100] {processor.py:830} INFO - Processing file /Users/harshasogala/financial-data-platform/venv/lib/python3.12/site-packages/airflow/example_dags/example_branch_python_dop_operator_3.py for tasks to queue
[2026-03-13T23:31:10.108+0100] {logging_mixin.py:188} INFO - [2026-03-13T23:31:10.108+0100] {dagbag.py:545} INFO - Filling up the DagBag from /Users/harshasogala/financial-data-platform/venv/lib/python3.12/site-packages/airflow/example_dags/example_branch_python_dop_operator_3.py
[2026-03-13T23:31:10.132+0100] {processor.py:840} INFO - DAG(s) 'example_branch_dop_operator_v3' retrieved from /Users/harshasogala/financial-data-platform/venv/lib/python3.12/site-packages/airflow/example_dags/example_branch_python_dop_operator_3.py
[2026-03-13T23:31:10.186+0100] {logging_mixin.py:188} INFO - [2026-03-13T23:31:10.185+0100] {dag.py:3089} INFO - Sync 1 DAGs
[2026-03-13T23:31:10.231+0100] {logging_mixin.py:188} INFO - [2026-03-13T23:31:10.231+0100] {dag.py:3947} INFO - Setting next_dagrun for example_branch_dop_operator_v3 to 2026-03-13 22:30:00+00:00, run_after=2026-03-13 22:31:00+00:00
[2026-03-13T23:31:10.241+0100] {processor.py:183} INFO - Processing /Users/harshasogala/financial-data-platform/venv/lib/python3.12/site-packages/airflow/example_dags/example_branch_python_dop_operator_3.py took 0.136 seconds
[2026-03-13T23:32:25.965+0100] {processor.py:161} INFO - Started process (PID=74949) to work on /Users/harshasogala/financial-data-platform/venv/lib/python3.12/site-packages/airflow/example_dags/example_branch_python_dop_operator_3.py
[2026-03-13T23:32:25.966+0100] {processor.py:830} INFO - Processing file /Users/harshasogala/financial-data-platform/venv/lib/python3.12/site-packages/airflow/example_dags/example_branch_python_dop_operator_3.py for tasks to queue
[2026-03-13T23:32:25.966+0100] {logging_mixin.py:188} INFO - [2026-03-13T23:32:25.966+0100] {dagbag.py:545} INFO - Filling up the DagBag from /Users/harshasogala/financial-data-platform/venv/lib/python3.12/site-packages/airflow/example_dags/example_branch_python_dop_operator_3.py
[2026-03-13T23:32:25.991+0100] {processor.py:840} INFO - DAG(s) 'example_branch_dop_operator_v3' retrieved from /Users/harshasogala/financial-data-platform/venv/lib/python3.12/site-packages/airflow/example_dags/example_branch_python_dop_operator_3.py
[2026-03-13T23:32:26.045+0100] {logging_mixin.py:188} INFO - [2026-03-13T23:32:26.045+0100] {dag.py:3089} INFO - Sync 1 DAGs
[2026-03-13T23:32:26.092+0100] {logging_mixin.py:188} INFO - [2026-03-13T23:32:26.092+0100] {dag.py:3947} INFO - Setting next_dagrun for example_branch_dop_operator_v3 to 2026-03-13 22:31:00+00:00, run_after=2026-03-13 22:32:00+00:00
[2026-03-13T23:32:26.104+0100] {processor.py:183} INFO - Processing /Users/harshasogala/financial-data-platform/venv/lib/python3.12/site-packages/airflow/example_dags/example_branch_python_dop_operator_3.py took 0.140 seconds
