[2026-03-13T22:19:03.299+0100] {processor.py:161} INFO - Started process (PID=66032) to work on /Users/harshasogala/financial-data-platform/venv/lib/python3.12/site-packages/airflow/example_dags/example_display_name.py
[2026-03-13T22:19:03.299+0100] {processor.py:830} INFO - Processing file /Users/harshasogala/financial-data-platform/venv/lib/python3.12/site-packages/airflow/example_dags/example_display_name.py for tasks to queue
[2026-03-13T22:19:03.300+0100] {logging_mixin.py:188} INFO - [2026-03-13T22:19:03.300+0100] {dagbag.py:545} INFO - Filling up the DagBag from /Users/harshasogala/financial-data-platform/venv/lib/python3.12/site-packages/airflow/example_dags/example_display_name.py
[2026-03-13T22:19:03.324+0100] {processor.py:840} INFO - DAG(s) 'example_display_name' retrieved from /Users/harshasogala/financial-data-platform/venv/lib/python3.12/site-packages/airflow/example_dags/example_display_name.py
[2026-03-13T22:19:03.431+0100] {logging_mixin.py:188} INFO - [2026-03-13T22:19:03.431+0100] {override.py:1858} INFO - Created Permission View: can read on DAG:example_display_name
[2026-03-13T22:19:03.436+0100] {logging_mixin.py:188} INFO - [2026-03-13T22:19:03.436+0100] {override.py:1858} INFO - Created Permission View: can delete on DAG:example_display_name
[2026-03-13T22:19:03.439+0100] {logging_mixin.py:188} INFO - [2026-03-13T22:19:03.439+0100] {override.py:1858} INFO - Created Permission View: can edit on DAG:example_display_name
[2026-03-13T22:19:03.439+0100] {logging_mixin.py:188} INFO - [2026-03-13T22:19:03.439+0100] {dag.py:3089} INFO - Sync 1 DAGs
[2026-03-13T22:19:03.445+0100] {logging_mixin.py:188} INFO - [2026-03-13T22:19:03.445+0100] {dag.py:3111} INFO - Creating ORM DAG for example_display_name
[2026-03-13T22:19:03.446+0100] {logging_mixin.py:188} INFO - [2026-03-13T22:19:03.446+0100] {dag.py:3947} INFO - Setting next_dagrun for example_display_name to None, run_after=None
[2026-03-13T22:19:03.458+0100] {processor.py:183} INFO - Processing /Users/harshasogala/financial-data-platform/venv/lib/python3.12/site-packages/airflow/example_dags/example_display_name.py took 0.161 seconds
[2026-03-13T22:21:40.268+0100] {processor.py:161} INFO - Started process (PID=66175) to work on /Users/harshasogala/financial-data-platform/venv/lib/python3.12/site-packages/airflow/example_dags/example_display_name.py
[2026-03-13T22:21:40.269+0100] {processor.py:830} INFO - Processing file /Users/harshasogala/financial-data-platform/venv/lib/python3.12/site-packages/airflow/example_dags/example_display_name.py for tasks to queue
[2026-03-13T22:21:40.270+0100] {logging_mixin.py:188} INFO - [2026-03-13T22:21:40.270+0100] {dagbag.py:545} INFO - Filling up the DagBag from /Users/harshasogala/financial-data-platform/venv/lib/python3.12/site-packages/airflow/example_dags/example_display_name.py
[2026-03-13T22:21:40.293+0100] {processor.py:840} INFO - DAG(s) 'example_display_name' retrieved from /Users/harshasogala/financial-data-platform/venv/lib/python3.12/site-packages/airflow/example_dags/example_display_name.py
[2026-03-13T22:21:40.346+0100] {logging_mixin.py:188} INFO - [2026-03-13T22:21:40.346+0100] {dag.py:3089} INFO - Sync 1 DAGs
[2026-03-13T22:21:40.351+0100] {logging_mixin.py:188} INFO - [2026-03-13T22:21:40.351+0100] {dag.py:3947} INFO - Setting next_dagrun for example_display_name to None, run_after=None
[2026-03-13T22:21:40.365+0100] {processor.py:183} INFO - Processing /Users/harshasogala/financial-data-platform/venv/lib/python3.12/site-packages/airflow/example_dags/example_display_name.py took 0.098 seconds
[2026-03-13T22:28:43.279+0100] {processor.py:161} INFO - Started process (PID=67345) to work on /Users/harshasogala/financial-data-platform/venv/lib/python3.12/site-packages/airflow/example_dags/example_display_name.py
[2026-03-13T22:28:43.280+0100] {processor.py:830} INFO - Processing file /Users/harshasogala/financial-data-platform/venv/lib/python3.12/site-packages/airflow/example_dags/example_display_name.py for tasks to queue
[2026-03-13T22:28:43.281+0100] {logging_mixin.py:188} INFO - [2026-03-13T22:28:43.281+0100] {dagbag.py:545} INFO - Filling up the DagBag from /Users/harshasogala/financial-data-platform/venv/lib/python3.12/site-packages/airflow/example_dags/example_display_name.py
[2026-03-13T22:28:43.304+0100] {processor.py:840} INFO - DAG(s) 'example_display_name' retrieved from /Users/harshasogala/financial-data-platform/venv/lib/python3.12/site-packages/airflow/example_dags/example_display_name.py
[2026-03-13T22:28:43.360+0100] {logging_mixin.py:188} INFO - [2026-03-13T22:28:43.360+0100] {dag.py:3089} INFO - Sync 1 DAGs
[2026-03-13T22:28:43.365+0100] {logging_mixin.py:188} INFO - [2026-03-13T22:28:43.365+0100] {dag.py:3947} INFO - Setting next_dagrun for example_display_name to None, run_after=None
[2026-03-13T22:28:43.377+0100] {processor.py:183} INFO - Processing /Users/harshasogala/financial-data-platform/venv/lib/python3.12/site-packages/airflow/example_dags/example_display_name.py took 0.099 seconds
[2026-03-13T22:29:48.672+0100] {processor.py:161} INFO - Started process (PID=67470) to work on /Users/harshasogala/financial-data-platform/venv/lib/python3.12/site-packages/airflow/example_dags/example_display_name.py
[2026-03-13T22:29:48.674+0100] {processor.py:830} INFO - Processing file /Users/harshasogala/financial-data-platform/venv/lib/python3.12/site-packages/airflow/example_dags/example_display_name.py for tasks to queue
[2026-03-13T22:29:48.674+0100] {logging_mixin.py:188} INFO - [2026-03-13T22:29:48.674+0100] {dagbag.py:545} INFO - Filling up the DagBag from /Users/harshasogala/financial-data-platform/venv/lib/python3.12/site-packages/airflow/example_dags/example_display_name.py
[2026-03-13T22:29:48.697+0100] {processor.py:840} INFO - DAG(s) 'example_display_name' retrieved from /Users/harshasogala/financial-data-platform/venv/lib/python3.12/site-packages/airflow/example_dags/example_display_name.py
[2026-03-13T22:29:48.749+0100] {logging_mixin.py:188} INFO - [2026-03-13T22:29:48.749+0100] {dag.py:3089} INFO - Sync 1 DAGs
[2026-03-13T22:29:48.754+0100] {logging_mixin.py:188} INFO - [2026-03-13T22:29:48.754+0100] {dag.py:3947} INFO - Setting next_dagrun for example_display_name to None, run_after=None
[2026-03-13T22:29:48.765+0100] {processor.py:183} INFO - Processing /Users/harshasogala/financial-data-platform/venv/lib/python3.12/site-packages/airflow/example_dags/example_display_name.py took 0.095 seconds
[2026-03-13T22:30:56.266+0100] {processor.py:161} INFO - Started process (PID=67538) to work on /Users/harshasogala/financial-data-platform/venv/lib/python3.12/site-packages/airflow/example_dags/example_display_name.py
[2026-03-13T22:30:56.267+0100] {processor.py:830} INFO - Processing file /Users/harshasogala/financial-data-platform/venv/lib/python3.12/site-packages/airflow/example_dags/example_display_name.py for tasks to queue
[2026-03-13T22:30:56.268+0100] {logging_mixin.py:188} INFO - [2026-03-13T22:30:56.267+0100] {dagbag.py:545} INFO - Filling up the DagBag from /Users/harshasogala/financial-data-platform/venv/lib/python3.12/site-packages/airflow/example_dags/example_display_name.py
[2026-03-13T22:30:56.290+0100] {processor.py:840} INFO - DAG(s) 'example_display_name' retrieved from /Users/harshasogala/financial-data-platform/venv/lib/python3.12/site-packages/airflow/example_dags/example_display_name.py
[2026-03-13T22:30:56.343+0100] {logging_mixin.py:188} INFO - [2026-03-13T22:30:56.343+0100] {dag.py:3089} INFO - Sync 1 DAGs
[2026-03-13T22:30:56.348+0100] {logging_mixin.py:188} INFO - [2026-03-13T22:30:56.348+0100] {dag.py:3947} INFO - Setting next_dagrun for example_display_name to None, run_after=None
[2026-03-13T22:30:56.360+0100] {processor.py:183} INFO - Processing /Users/harshasogala/financial-data-platform/venv/lib/python3.12/site-packages/airflow/example_dags/example_display_name.py took 0.095 seconds
[2026-03-13T22:32:19.280+0100] {processor.py:161} INFO - Started process (PID=68604) to work on /Users/harshasogala/financial-data-platform/venv/lib/python3.12/site-packages/airflow/example_dags/example_display_name.py
[2026-03-13T22:32:19.281+0100] {processor.py:830} INFO - Processing file /Users/harshasogala/financial-data-platform/venv/lib/python3.12/site-packages/airflow/example_dags/example_display_name.py for tasks to queue
[2026-03-13T22:32:19.281+0100] {logging_mixin.py:188} INFO - [2026-03-13T22:32:19.281+0100] {dagbag.py:545} INFO - Filling up the DagBag from /Users/harshasogala/financial-data-platform/venv/lib/python3.12/site-packages/airflow/example_dags/example_display_name.py
[2026-03-13T22:32:19.305+0100] {processor.py:840} INFO - DAG(s) 'example_display_name' retrieved from /Users/harshasogala/financial-data-platform/venv/lib/python3.12/site-packages/airflow/example_dags/example_display_name.py
[2026-03-13T22:32:19.361+0100] {logging_mixin.py:188} INFO - [2026-03-13T22:32:19.361+0100] {dag.py:3089} INFO - Sync 1 DAGs
[2026-03-13T22:32:19.404+0100] {logging_mixin.py:188} INFO - [2026-03-13T22:32:19.404+0100] {dag.py:3947} INFO - Setting next_dagrun for example_display_name to None, run_after=None
[2026-03-13T22:32:19.416+0100] {processor.py:183} INFO - Processing /Users/harshasogala/financial-data-platform/venv/lib/python3.12/site-packages/airflow/example_dags/example_display_name.py took 0.139 seconds
[2026-03-13T22:33:43.000+0100] {processor.py:161} INFO - Started process (PID=69153) to work on /Users/harshasogala/financial-data-platform/venv/lib/python3.12/site-packages/airflow/example_dags/example_display_name.py
[2026-03-13T22:33:43.001+0100] {processor.py:830} INFO - Processing file /Users/harshasogala/financial-data-platform/venv/lib/python3.12/site-packages/airflow/example_dags/example_display_name.py for tasks to queue
[2026-03-13T22:33:43.001+0100] {logging_mixin.py:188} INFO - [2026-03-13T22:33:43.001+0100] {dagbag.py:545} INFO - Filling up the DagBag from /Users/harshasogala/financial-data-platform/venv/lib/python3.12/site-packages/airflow/example_dags/example_display_name.py
[2026-03-13T22:33:43.024+0100] {processor.py:840} INFO - DAG(s) 'example_display_name' retrieved from /Users/harshasogala/financial-data-platform/venv/lib/python3.12/site-packages/airflow/example_dags/example_display_name.py
[2026-03-13T22:33:43.076+0100] {logging_mixin.py:188} INFO - [2026-03-13T22:33:43.076+0100] {dag.py:3089} INFO - Sync 1 DAGs
[2026-03-13T22:33:43.115+0100] {logging_mixin.py:188} INFO - [2026-03-13T22:33:43.115+0100] {dag.py:3947} INFO - Setting next_dagrun for example_display_name to None, run_after=None
[2026-03-13T22:33:43.126+0100] {processor.py:183} INFO - Processing /Users/harshasogala/financial-data-platform/venv/lib/python3.12/site-packages/airflow/example_dags/example_display_name.py took 0.128 seconds
[2026-03-13T22:35:01.019+0100] {processor.py:161} INFO - Started process (PID=69216) to work on /Users/harshasogala/financial-data-platform/venv/lib/python3.12/site-packages/airflow/example_dags/example_display_name.py
[2026-03-13T22:35:01.020+0100] {processor.py:830} INFO - Processing file /Users/harshasogala/financial-data-platform/venv/lib/python3.12/site-packages/airflow/example_dags/example_display_name.py for tasks to queue
[2026-03-13T22:35:01.020+0100] {logging_mixin.py:188} INFO - [2026-03-13T22:35:01.020+0100] {dagbag.py:545} INFO - Filling up the DagBag from /Users/harshasogala/financial-data-platform/venv/lib/python3.12/site-packages/airflow/example_dags/example_display_name.py
[2026-03-13T22:35:01.048+0100] {processor.py:840} INFO - DAG(s) 'example_display_name' retrieved from /Users/harshasogala/financial-data-platform/venv/lib/python3.12/site-packages/airflow/example_dags/example_display_name.py
[2026-03-13T22:35:01.103+0100] {logging_mixin.py:188} INFO - [2026-03-13T22:35:01.103+0100] {dag.py:3089} INFO - Sync 1 DAGs
[2026-03-13T22:35:01.143+0100] {logging_mixin.py:188} INFO - [2026-03-13T22:35:01.143+0100] {dag.py:3947} INFO - Setting next_dagrun for example_display_name to None, run_after=None
[2026-03-13T22:35:01.154+0100] {processor.py:183} INFO - Processing /Users/harshasogala/financial-data-platform/venv/lib/python3.12/site-packages/airflow/example_dags/example_display_name.py took 0.137 seconds
[2026-03-13T22:36:16.328+0100] {processor.py:161} INFO - Started process (PID=69295) to work on /Users/harshasogala/financial-data-platform/venv/lib/python3.12/site-packages/airflow/example_dags/example_display_name.py
[2026-03-13T22:36:16.329+0100] {processor.py:830} INFO - Processing file /Users/harshasogala/financial-data-platform/venv/lib/python3.12/site-packages/airflow/example_dags/example_display_name.py for tasks to queue
[2026-03-13T22:36:16.329+0100] {logging_mixin.py:188} INFO - [2026-03-13T22:36:16.329+0100] {dagbag.py:545} INFO - Filling up the DagBag from /Users/harshasogala/financial-data-platform/venv/lib/python3.12/site-packages/airflow/example_dags/example_display_name.py
[2026-03-13T22:36:16.352+0100] {processor.py:840} INFO - DAG(s) 'example_display_name' retrieved from /Users/harshasogala/financial-data-platform/venv/lib/python3.12/site-packages/airflow/example_dags/example_display_name.py
[2026-03-13T22:36:16.405+0100] {logging_mixin.py:188} INFO - [2026-03-13T22:36:16.405+0100] {dag.py:3089} INFO - Sync 1 DAGs
[2026-03-13T22:36:16.444+0100] {logging_mixin.py:188} INFO - [2026-03-13T22:36:16.444+0100] {dag.py:3947} INFO - Setting next_dagrun for example_display_name to None, run_after=None
[2026-03-13T22:36:16.455+0100] {processor.py:183} INFO - Processing /Users/harshasogala/financial-data-platform/venv/lib/python3.12/site-packages/airflow/example_dags/example_display_name.py took 0.129 seconds
[2026-03-13T22:37:30.332+0100] {processor.py:161} INFO - Started process (PID=69353) to work on /Users/harshasogala/financial-data-platform/venv/lib/python3.12/site-packages/airflow/example_dags/example_display_name.py
[2026-03-13T22:37:30.333+0100] {processor.py:830} INFO - Processing file /Users/harshasogala/financial-data-platform/venv/lib/python3.12/site-packages/airflow/example_dags/example_display_name.py for tasks to queue
[2026-03-13T22:37:30.334+0100] {logging_mixin.py:188} INFO - [2026-03-13T22:37:30.334+0100] {dagbag.py:545} INFO - Filling up the DagBag from /Users/harshasogala/financial-data-platform/venv/lib/python3.12/site-packages/airflow/example_dags/example_display_name.py
[2026-03-13T22:37:30.359+0100] {processor.py:840} INFO - DAG(s) 'example_display_name' retrieved from /Users/harshasogala/financial-data-platform/venv/lib/python3.12/site-packages/airflow/example_dags/example_display_name.py
[2026-03-13T22:37:30.414+0100] {logging_mixin.py:188} INFO - [2026-03-13T22:37:30.414+0100] {dag.py:3089} INFO - Sync 1 DAGs
[2026-03-13T22:37:30.457+0100] {logging_mixin.py:188} INFO - [2026-03-13T22:37:30.456+0100] {dag.py:3947} INFO - Setting next_dagrun for example_display_name to None, run_after=None
[2026-03-13T22:37:30.468+0100] {processor.py:183} INFO - Processing /Users/harshasogala/financial-data-platform/venv/lib/python3.12/site-packages/airflow/example_dags/example_display_name.py took 0.138 seconds
[2026-03-13T22:38:44.562+0100] {processor.py:161} INFO - Started process (PID=69417) to work on /Users/harshasogala/financial-data-platform/venv/lib/python3.12/site-packages/airflow/example_dags/example_display_name.py
[2026-03-13T22:38:44.563+0100] {processor.py:830} INFO - Processing file /Users/harshasogala/financial-data-platform/venv/lib/python3.12/site-packages/airflow/example_dags/example_display_name.py for tasks to queue
[2026-03-13T22:38:44.564+0100] {logging_mixin.py:188} INFO - [2026-03-13T22:38:44.564+0100] {dagbag.py:545} INFO - Filling up the DagBag from /Users/harshasogala/financial-data-platform/venv/lib/python3.12/site-packages/airflow/example_dags/example_display_name.py
[2026-03-13T22:38:44.586+0100] {processor.py:840} INFO - DAG(s) 'example_display_name' retrieved from /Users/harshasogala/financial-data-platform/venv/lib/python3.12/site-packages/airflow/example_dags/example_display_name.py
[2026-03-13T22:38:44.638+0100] {logging_mixin.py:188} INFO - [2026-03-13T22:38:44.638+0100] {dag.py:3089} INFO - Sync 1 DAGs
[2026-03-13T22:38:44.677+0100] {logging_mixin.py:188} INFO - [2026-03-13T22:38:44.677+0100] {dag.py:3947} INFO - Setting next_dagrun for example_display_name to None, run_after=None
[2026-03-13T22:38:44.688+0100] {processor.py:183} INFO - Processing /Users/harshasogala/financial-data-platform/venv/lib/python3.12/site-packages/airflow/example_dags/example_display_name.py took 0.127 seconds
[2026-03-13T22:39:58.660+0100] {processor.py:161} INFO - Started process (PID=69639) to work on /Users/harshasogala/financial-data-platform/venv/lib/python3.12/site-packages/airflow/example_dags/example_display_name.py
[2026-03-13T22:39:58.661+0100] {processor.py:830} INFO - Processing file /Users/harshasogala/financial-data-platform/venv/lib/python3.12/site-packages/airflow/example_dags/example_display_name.py for tasks to queue
[2026-03-13T22:39:58.661+0100] {logging_mixin.py:188} INFO - [2026-03-13T22:39:58.661+0100] {dagbag.py:545} INFO - Filling up the DagBag from /Users/harshasogala/financial-data-platform/venv/lib/python3.12/site-packages/airflow/example_dags/example_display_name.py
[2026-03-13T22:39:58.684+0100] {processor.py:840} INFO - DAG(s) 'example_display_name' retrieved from /Users/harshasogala/financial-data-platform/venv/lib/python3.12/site-packages/airflow/example_dags/example_display_name.py
[2026-03-13T22:39:58.737+0100] {logging_mixin.py:188} INFO - [2026-03-13T22:39:58.737+0100] {dag.py:3089} INFO - Sync 1 DAGs
[2026-03-13T22:39:58.777+0100] {logging_mixin.py:188} INFO - [2026-03-13T22:39:58.777+0100] {dag.py:3947} INFO - Setting next_dagrun for example_display_name to None, run_after=None
[2026-03-13T22:39:58.788+0100] {processor.py:183} INFO - Processing /Users/harshasogala/financial-data-platform/venv/lib/python3.12/site-packages/airflow/example_dags/example_display_name.py took 0.130 seconds
[2026-03-13T22:41:22.460+0100] {processor.py:161} INFO - Started process (PID=69701) to work on /Users/harshasogala/financial-data-platform/venv/lib/python3.12/site-packages/airflow/example_dags/example_display_name.py
[2026-03-13T22:41:22.462+0100] {processor.py:830} INFO - Processing file /Users/harshasogala/financial-data-platform/venv/lib/python3.12/site-packages/airflow/example_dags/example_display_name.py for tasks to queue
[2026-03-13T22:41:22.462+0100] {logging_mixin.py:188} INFO - [2026-03-13T22:41:22.462+0100] {dagbag.py:545} INFO - Filling up the DagBag from /Users/harshasogala/financial-data-platform/venv/lib/python3.12/site-packages/airflow/example_dags/example_display_name.py
[2026-03-13T22:41:22.486+0100] {processor.py:840} INFO - DAG(s) 'example_display_name' retrieved from /Users/harshasogala/financial-data-platform/venv/lib/python3.12/site-packages/airflow/example_dags/example_display_name.py
[2026-03-13T22:41:22.539+0100] {logging_mixin.py:188} INFO - [2026-03-13T22:41:22.539+0100] {dag.py:3089} INFO - Sync 1 DAGs
[2026-03-13T22:41:22.582+0100] {logging_mixin.py:188} INFO - [2026-03-13T22:41:22.581+0100] {dag.py:3947} INFO - Setting next_dagrun for example_display_name to None, run_after=None
[2026-03-13T22:41:22.593+0100] {processor.py:183} INFO - Processing /Users/harshasogala/financial-data-platform/venv/lib/python3.12/site-packages/airflow/example_dags/example_display_name.py took 0.135 seconds
[2026-03-13T22:42:39.956+0100] {processor.py:161} INFO - Started process (PID=69761) to work on /Users/harshasogala/financial-data-platform/venv/lib/python3.12/site-packages/airflow/example_dags/example_display_name.py
[2026-03-13T22:42:39.958+0100] {processor.py:830} INFO - Processing file /Users/harshasogala/financial-data-platform/venv/lib/python3.12/site-packages/airflow/example_dags/example_display_name.py for tasks to queue
[2026-03-13T22:42:39.958+0100] {logging_mixin.py:188} INFO - [2026-03-13T22:42:39.958+0100] {dagbag.py:545} INFO - Filling up the DagBag from /Users/harshasogala/financial-data-platform/venv/lib/python3.12/site-packages/airflow/example_dags/example_display_name.py
[2026-03-13T22:42:39.982+0100] {processor.py:840} INFO - DAG(s) 'example_display_name' retrieved from /Users/harshasogala/financial-data-platform/venv/lib/python3.12/site-packages/airflow/example_dags/example_display_name.py
[2026-03-13T22:42:40.035+0100] {logging_mixin.py:188} INFO - [2026-03-13T22:42:40.035+0100] {dag.py:3089} INFO - Sync 1 DAGs
[2026-03-13T22:42:40.075+0100] {logging_mixin.py:188} INFO - [2026-03-13T22:42:40.075+0100] {dag.py:3947} INFO - Setting next_dagrun for example_display_name to None, run_after=None
[2026-03-13T22:42:40.085+0100] {processor.py:183} INFO - Processing /Users/harshasogala/financial-data-platform/venv/lib/python3.12/site-packages/airflow/example_dags/example_display_name.py took 0.131 seconds
[2026-03-13T22:43:59.794+0100] {processor.py:161} INFO - Started process (PID=69921) to work on /Users/harshasogala/financial-data-platform/venv/lib/python3.12/site-packages/airflow/example_dags/example_display_name.py
[2026-03-13T22:43:59.795+0100] {processor.py:830} INFO - Processing file /Users/harshasogala/financial-data-platform/venv/lib/python3.12/site-packages/airflow/example_dags/example_display_name.py for tasks to queue
[2026-03-13T22:43:59.795+0100] {logging_mixin.py:188} INFO - [2026-03-13T22:43:59.795+0100] {dagbag.py:545} INFO - Filling up the DagBag from /Users/harshasogala/financial-data-platform/venv/lib/python3.12/site-packages/airflow/example_dags/example_display_name.py
[2026-03-13T22:43:59.817+0100] {processor.py:840} INFO - DAG(s) 'example_display_name' retrieved from /Users/harshasogala/financial-data-platform/venv/lib/python3.12/site-packages/airflow/example_dags/example_display_name.py
[2026-03-13T22:43:59.871+0100] {logging_mixin.py:188} INFO - [2026-03-13T22:43:59.870+0100] {dag.py:3089} INFO - Sync 1 DAGs
[2026-03-13T22:43:59.911+0100] {logging_mixin.py:188} INFO - [2026-03-13T22:43:59.910+0100] {dag.py:3947} INFO - Setting next_dagrun for example_display_name to None, run_after=None
[2026-03-13T22:43:59.924+0100] {processor.py:183} INFO - Processing /Users/harshasogala/financial-data-platform/venv/lib/python3.12/site-packages/airflow/example_dags/example_display_name.py took 0.132 seconds
[2026-03-13T22:45:30.435+0100] {processor.py:161} INFO - Started process (PID=70298) to work on /Users/harshasogala/financial-data-platform/venv/lib/python3.12/site-packages/airflow/example_dags/example_display_name.py
[2026-03-13T22:45:30.436+0100] {processor.py:830} INFO - Processing file /Users/harshasogala/financial-data-platform/venv/lib/python3.12/site-packages/airflow/example_dags/example_display_name.py for tasks to queue
[2026-03-13T22:45:30.436+0100] {logging_mixin.py:188} INFO - [2026-03-13T22:45:30.436+0100] {dagbag.py:545} INFO - Filling up the DagBag from /Users/harshasogala/financial-data-platform/venv/lib/python3.12/site-packages/airflow/example_dags/example_display_name.py
[2026-03-13T22:45:30.459+0100] {processor.py:840} INFO - DAG(s) 'example_display_name' retrieved from /Users/harshasogala/financial-data-platform/venv/lib/python3.12/site-packages/airflow/example_dags/example_display_name.py
[2026-03-13T22:45:30.511+0100] {logging_mixin.py:188} INFO - [2026-03-13T22:45:30.511+0100] {dag.py:3089} INFO - Sync 1 DAGs
[2026-03-13T22:45:30.551+0100] {logging_mixin.py:188} INFO - [2026-03-13T22:45:30.551+0100] {dag.py:3947} INFO - Setting next_dagrun for example_display_name to None, run_after=None
[2026-03-13T22:45:30.562+0100] {processor.py:183} INFO - Processing /Users/harshasogala/financial-data-platform/venv/lib/python3.12/site-packages/airflow/example_dags/example_display_name.py took 0.129 seconds
[2026-03-13T22:46:58.401+0100] {processor.py:161} INFO - Started process (PID=70614) to work on /Users/harshasogala/financial-data-platform/venv/lib/python3.12/site-packages/airflow/example_dags/example_display_name.py
[2026-03-13T22:46:58.402+0100] {processor.py:830} INFO - Processing file /Users/harshasogala/financial-data-platform/venv/lib/python3.12/site-packages/airflow/example_dags/example_display_name.py for tasks to queue
[2026-03-13T22:46:58.402+0100] {logging_mixin.py:188} INFO - [2026-03-13T22:46:58.402+0100] {dagbag.py:545} INFO - Filling up the DagBag from /Users/harshasogala/financial-data-platform/venv/lib/python3.12/site-packages/airflow/example_dags/example_display_name.py
[2026-03-13T22:46:58.426+0100] {processor.py:840} INFO - DAG(s) 'example_display_name' retrieved from /Users/harshasogala/financial-data-platform/venv/lib/python3.12/site-packages/airflow/example_dags/example_display_name.py
[2026-03-13T22:46:58.479+0100] {logging_mixin.py:188} INFO - [2026-03-13T22:46:58.479+0100] {dag.py:3089} INFO - Sync 1 DAGs
[2026-03-13T22:46:58.527+0100] {logging_mixin.py:188} INFO - [2026-03-13T22:46:58.527+0100] {dag.py:3947} INFO - Setting next_dagrun for example_display_name to None, run_after=None
[2026-03-13T22:46:58.539+0100] {processor.py:183} INFO - Processing /Users/harshasogala/financial-data-platform/venv/lib/python3.12/site-packages/airflow/example_dags/example_display_name.py took 0.140 seconds
[2026-03-13T22:48:20.482+0100] {processor.py:161} INFO - Started process (PID=71420) to work on /Users/harshasogala/financial-data-platform/venv/lib/python3.12/site-packages/airflow/example_dags/example_display_name.py
[2026-03-13T22:48:20.484+0100] {processor.py:830} INFO - Processing file /Users/harshasogala/financial-data-platform/venv/lib/python3.12/site-packages/airflow/example_dags/example_display_name.py for tasks to queue
[2026-03-13T22:48:20.484+0100] {logging_mixin.py:188} INFO - [2026-03-13T22:48:20.484+0100] {dagbag.py:545} INFO - Filling up the DagBag from /Users/harshasogala/financial-data-platform/venv/lib/python3.12/site-packages/airflow/example_dags/example_display_name.py
[2026-03-13T22:48:20.508+0100] {processor.py:840} INFO - DAG(s) 'example_display_name' retrieved from /Users/harshasogala/financial-data-platform/venv/lib/python3.12/site-packages/airflow/example_dags/example_display_name.py
[2026-03-13T22:48:20.563+0100] {logging_mixin.py:188} INFO - [2026-03-13T22:48:20.563+0100] {dag.py:3089} INFO - Sync 1 DAGs
[2026-03-13T22:48:20.605+0100] {logging_mixin.py:188} INFO - [2026-03-13T22:48:20.605+0100] {dag.py:3947} INFO - Setting next_dagrun for example_display_name to None, run_after=None
[2026-03-13T22:48:20.617+0100] {processor.py:183} INFO - Processing /Users/harshasogala/financial-data-platform/venv/lib/python3.12/site-packages/airflow/example_dags/example_display_name.py took 0.137 seconds
[2026-03-13T22:49:40.443+0100] {processor.py:161} INFO - Started process (PID=71492) to work on /Users/harshasogala/financial-data-platform/venv/lib/python3.12/site-packages/airflow/example_dags/example_display_name.py
[2026-03-13T22:49:40.445+0100] {processor.py:830} INFO - Processing file /Users/harshasogala/financial-data-platform/venv/lib/python3.12/site-packages/airflow/example_dags/example_display_name.py for tasks to queue
[2026-03-13T22:49:40.445+0100] {logging_mixin.py:188} INFO - [2026-03-13T22:49:40.445+0100] {dagbag.py:545} INFO - Filling up the DagBag from /Users/harshasogala/financial-data-platform/venv/lib/python3.12/site-packages/airflow/example_dags/example_display_name.py
[2026-03-13T22:49:40.473+0100] {processor.py:840} INFO - DAG(s) 'example_display_name' retrieved from /Users/harshasogala/financial-data-platform/venv/lib/python3.12/site-packages/airflow/example_dags/example_display_name.py
[2026-03-13T22:49:40.566+0100] {logging_mixin.py:188} INFO - [2026-03-13T22:49:40.566+0100] {dag.py:3089} INFO - Sync 1 DAGs
[2026-03-13T22:49:40.614+0100] {logging_mixin.py:188} INFO - [2026-03-13T22:49:40.614+0100] {dag.py:3947} INFO - Setting next_dagrun for example_display_name to None, run_after=None
[2026-03-13T22:49:40.626+0100] {processor.py:183} INFO - Processing /Users/harshasogala/financial-data-platform/venv/lib/python3.12/site-packages/airflow/example_dags/example_display_name.py took 0.186 seconds
[2026-03-13T22:51:10.791+0100] {processor.py:161} INFO - Started process (PID=72029) to work on /Users/harshasogala/financial-data-platform/venv/lib/python3.12/site-packages/airflow/example_dags/example_display_name.py
[2026-03-13T22:51:10.792+0100] {processor.py:830} INFO - Processing file /Users/harshasogala/financial-data-platform/venv/lib/python3.12/site-packages/airflow/example_dags/example_display_name.py for tasks to queue
[2026-03-13T22:51:10.793+0100] {logging_mixin.py:188} INFO - [2026-03-13T22:51:10.792+0100] {dagbag.py:545} INFO - Filling up the DagBag from /Users/harshasogala/financial-data-platform/venv/lib/python3.12/site-packages/airflow/example_dags/example_display_name.py
[2026-03-13T22:51:10.815+0100] {processor.py:840} INFO - DAG(s) 'example_display_name' retrieved from /Users/harshasogala/financial-data-platform/venv/lib/python3.12/site-packages/airflow/example_dags/example_display_name.py
[2026-03-13T22:51:10.871+0100] {logging_mixin.py:188} INFO - [2026-03-13T22:51:10.871+0100] {dag.py:3089} INFO - Sync 1 DAGs
[2026-03-13T22:51:10.926+0100] {logging_mixin.py:188} INFO - [2026-03-13T22:51:10.926+0100] {dag.py:3947} INFO - Setting next_dagrun for example_display_name to None, run_after=None
[2026-03-13T22:51:10.950+0100] {processor.py:183} INFO - Processing /Users/harshasogala/financial-data-platform/venv/lib/python3.12/site-packages/airflow/example_dags/example_display_name.py took 0.161 seconds
[2026-03-13T22:52:26.687+0100] {processor.py:161} INFO - Started process (PID=72328) to work on /Users/harshasogala/financial-data-platform/venv/lib/python3.12/site-packages/airflow/example_dags/example_display_name.py
[2026-03-13T22:52:26.689+0100] {processor.py:830} INFO - Processing file /Users/harshasogala/financial-data-platform/venv/lib/python3.12/site-packages/airflow/example_dags/example_display_name.py for tasks to queue
[2026-03-13T22:52:26.689+0100] {logging_mixin.py:188} INFO - [2026-03-13T22:52:26.689+0100] {dagbag.py:545} INFO - Filling up the DagBag from /Users/harshasogala/financial-data-platform/venv/lib/python3.12/site-packages/airflow/example_dags/example_display_name.py
[2026-03-13T22:52:26.714+0100] {processor.py:840} INFO - DAG(s) 'example_display_name' retrieved from /Users/harshasogala/financial-data-platform/venv/lib/python3.12/site-packages/airflow/example_dags/example_display_name.py
[2026-03-13T22:52:26.769+0100] {logging_mixin.py:188} INFO - [2026-03-13T22:52:26.769+0100] {dag.py:3089} INFO - Sync 1 DAGs
[2026-03-13T22:52:26.809+0100] {logging_mixin.py:188} INFO - [2026-03-13T22:52:26.809+0100] {dag.py:3947} INFO - Setting next_dagrun for example_display_name to None, run_after=None
[2026-03-13T22:52:26.821+0100] {processor.py:183} INFO - Processing /Users/harshasogala/financial-data-platform/venv/lib/python3.12/site-packages/airflow/example_dags/example_display_name.py took 0.136 seconds
[2026-03-13T22:53:42.893+0100] {processor.py:161} INFO - Started process (PID=72425) to work on /Users/harshasogala/financial-data-platform/venv/lib/python3.12/site-packages/airflow/example_dags/example_display_name.py
[2026-03-13T22:53:42.894+0100] {processor.py:830} INFO - Processing file /Users/harshasogala/financial-data-platform/venv/lib/python3.12/site-packages/airflow/example_dags/example_display_name.py for tasks to queue
[2026-03-13T22:53:42.894+0100] {logging_mixin.py:188} INFO - [2026-03-13T22:53:42.894+0100] {dagbag.py:545} INFO - Filling up the DagBag from /Users/harshasogala/financial-data-platform/venv/lib/python3.12/site-packages/airflow/example_dags/example_display_name.py
[2026-03-13T22:53:42.917+0100] {processor.py:840} INFO - DAG(s) 'example_display_name' retrieved from /Users/harshasogala/financial-data-platform/venv/lib/python3.12/site-packages/airflow/example_dags/example_display_name.py
[2026-03-13T22:53:42.968+0100] {logging_mixin.py:188} INFO - [2026-03-13T22:53:42.968+0100] {dag.py:3089} INFO - Sync 1 DAGs
[2026-03-13T22:53:43.009+0100] {logging_mixin.py:188} INFO - [2026-03-13T22:53:43.009+0100] {dag.py:3947} INFO - Setting next_dagrun for example_display_name to None, run_after=None
[2026-03-13T22:53:43.020+0100] {processor.py:183} INFO - Processing /Users/harshasogala/financial-data-platform/venv/lib/python3.12/site-packages/airflow/example_dags/example_display_name.py took 0.129 seconds
[2026-03-13T22:55:12.571+0100] {processor.py:161} INFO - Started process (PID=72529) to work on /Users/harshasogala/financial-data-platform/venv/lib/python3.12/site-packages/airflow/example_dags/example_display_name.py
[2026-03-13T22:55:12.572+0100] {processor.py:830} INFO - Processing file /Users/harshasogala/financial-data-platform/venv/lib/python3.12/site-packages/airflow/example_dags/example_display_name.py for tasks to queue
[2026-03-13T22:55:12.573+0100] {logging_mixin.py:188} INFO - [2026-03-13T22:55:12.573+0100] {dagbag.py:545} INFO - Filling up the DagBag from /Users/harshasogala/financial-data-platform/venv/lib/python3.12/site-packages/airflow/example_dags/example_display_name.py
[2026-03-13T22:55:12.595+0100] {processor.py:840} INFO - DAG(s) 'example_display_name' retrieved from /Users/harshasogala/financial-data-platform/venv/lib/python3.12/site-packages/airflow/example_dags/example_display_name.py
[2026-03-13T22:55:12.646+0100] {logging_mixin.py:188} INFO - [2026-03-13T22:55:12.646+0100] {dag.py:3089} INFO - Sync 1 DAGs
[2026-03-13T22:55:12.685+0100] {logging_mixin.py:188} INFO - [2026-03-13T22:55:12.685+0100] {dag.py:3947} INFO - Setting next_dagrun for example_display_name to None, run_after=None
[2026-03-13T22:55:12.697+0100] {processor.py:183} INFO - Processing /Users/harshasogala/financial-data-platform/venv/lib/python3.12/site-packages/airflow/example_dags/example_display_name.py took 0.128 seconds
[2026-03-13T22:56:31.410+0100] {processor.py:161} INFO - Started process (PID=72623) to work on /Users/harshasogala/financial-data-platform/venv/lib/python3.12/site-packages/airflow/example_dags/example_display_name.py
[2026-03-13T22:56:31.416+0100] {processor.py:830} INFO - Processing file /Users/harshasogala/financial-data-platform/venv/lib/python3.12/site-packages/airflow/example_dags/example_display_name.py for tasks to queue
[2026-03-13T22:56:31.418+0100] {logging_mixin.py:188} INFO - [2026-03-13T22:56:31.417+0100] {dagbag.py:545} INFO - Filling up the DagBag from /Users/harshasogala/financial-data-platform/venv/lib/python3.12/site-packages/airflow/example_dags/example_display_name.py
[2026-03-13T22:56:31.474+0100] {processor.py:840} INFO - DAG(s) 'example_display_name' retrieved from /Users/harshasogala/financial-data-platform/venv/lib/python3.12/site-packages/airflow/example_dags/example_display_name.py
[2026-03-13T22:56:31.529+0100] {logging_mixin.py:188} INFO - [2026-03-13T22:56:31.528+0100] {dag.py:3089} INFO - Sync 1 DAGs
[2026-03-13T22:56:31.570+0100] {logging_mixin.py:188} INFO - [2026-03-13T22:56:31.570+0100] {dag.py:3947} INFO - Setting next_dagrun for example_display_name to None, run_after=None
[2026-03-13T22:56:31.583+0100] {processor.py:183} INFO - Processing /Users/harshasogala/financial-data-platform/venv/lib/python3.12/site-packages/airflow/example_dags/example_display_name.py took 0.174 seconds
[2026-03-13T22:57:50.342+0100] {processor.py:161} INFO - Started process (PID=72683) to work on /Users/harshasogala/financial-data-platform/venv/lib/python3.12/site-packages/airflow/example_dags/example_display_name.py
[2026-03-13T22:57:50.343+0100] {processor.py:830} INFO - Processing file /Users/harshasogala/financial-data-platform/venv/lib/python3.12/site-packages/airflow/example_dags/example_display_name.py for tasks to queue
[2026-03-13T22:57:50.343+0100] {logging_mixin.py:188} INFO - [2026-03-13T22:57:50.343+0100] {dagbag.py:545} INFO - Filling up the DagBag from /Users/harshasogala/financial-data-platform/venv/lib/python3.12/site-packages/airflow/example_dags/example_display_name.py
[2026-03-13T22:57:50.366+0100] {processor.py:840} INFO - DAG(s) 'example_display_name' retrieved from /Users/harshasogala/financial-data-platform/venv/lib/python3.12/site-packages/airflow/example_dags/example_display_name.py
[2026-03-13T22:57:50.418+0100] {logging_mixin.py:188} INFO - [2026-03-13T22:57:50.418+0100] {dag.py:3089} INFO - Sync 1 DAGs
[2026-03-13T22:57:50.457+0100] {logging_mixin.py:188} INFO - [2026-03-13T22:57:50.457+0100] {dag.py:3947} INFO - Setting next_dagrun for example_display_name to None, run_after=None
[2026-03-13T22:57:50.469+0100] {processor.py:183} INFO - Processing /Users/harshasogala/financial-data-platform/venv/lib/python3.12/site-packages/airflow/example_dags/example_display_name.py took 0.128 seconds
[2026-03-13T22:59:14.493+0100] {processor.py:161} INFO - Started process (PID=72759) to work on /Users/harshasogala/financial-data-platform/venv/lib/python3.12/site-packages/airflow/example_dags/example_display_name.py
[2026-03-13T22:59:14.495+0100] {processor.py:830} INFO - Processing file /Users/harshasogala/financial-data-platform/venv/lib/python3.12/site-packages/airflow/example_dags/example_display_name.py for tasks to queue
[2026-03-13T22:59:14.496+0100] {logging_mixin.py:188} INFO - [2026-03-13T22:59:14.495+0100] {dagbag.py:545} INFO - Filling up the DagBag from /Users/harshasogala/financial-data-platform/venv/lib/python3.12/site-packages/airflow/example_dags/example_display_name.py
[2026-03-13T22:59:14.539+0100] {processor.py:840} INFO - DAG(s) 'example_display_name' retrieved from /Users/harshasogala/financial-data-platform/venv/lib/python3.12/site-packages/airflow/example_dags/example_display_name.py
[2026-03-13T22:59:14.631+0100] {logging_mixin.py:188} INFO - [2026-03-13T22:59:14.631+0100] {dag.py:3089} INFO - Sync 1 DAGs
[2026-03-13T22:59:14.680+0100] {logging_mixin.py:188} INFO - [2026-03-13T22:59:14.680+0100] {dag.py:3947} INFO - Setting next_dagrun for example_display_name to None, run_after=None
[2026-03-13T22:59:14.693+0100] {processor.py:183} INFO - Processing /Users/harshasogala/financial-data-platform/venv/lib/python3.12/site-packages/airflow/example_dags/example_display_name.py took 0.208 seconds
[2026-03-13T23:00:31.180+0100] {processor.py:161} INFO - Started process (PID=72830) to work on /Users/harshasogala/financial-data-platform/venv/lib/python3.12/site-packages/airflow/example_dags/example_display_name.py
[2026-03-13T23:00:31.181+0100] {processor.py:830} INFO - Processing file /Users/harshasogala/financial-data-platform/venv/lib/python3.12/site-packages/airflow/example_dags/example_display_name.py for tasks to queue
[2026-03-13T23:00:31.182+0100] {logging_mixin.py:188} INFO - [2026-03-13T23:00:31.181+0100] {dagbag.py:545} INFO - Filling up the DagBag from /Users/harshasogala/financial-data-platform/venv/lib/python3.12/site-packages/airflow/example_dags/example_display_name.py
[2026-03-13T23:00:31.204+0100] {processor.py:840} INFO - DAG(s) 'example_display_name' retrieved from /Users/harshasogala/financial-data-platform/venv/lib/python3.12/site-packages/airflow/example_dags/example_display_name.py
[2026-03-13T23:00:31.256+0100] {logging_mixin.py:188} INFO - [2026-03-13T23:00:31.256+0100] {dag.py:3089} INFO - Sync 1 DAGs
[2026-03-13T23:00:31.296+0100] {logging_mixin.py:188} INFO - [2026-03-13T23:00:31.296+0100] {dag.py:3947} INFO - Setting next_dagrun for example_display_name to None, run_after=None
[2026-03-13T23:00:31.308+0100] {processor.py:183} INFO - Processing /Users/harshasogala/financial-data-platform/venv/lib/python3.12/site-packages/airflow/example_dags/example_display_name.py took 0.130 seconds
[2026-03-13T23:01:52.145+0100] {processor.py:161} INFO - Started process (PID=72891) to work on /Users/harshasogala/financial-data-platform/venv/lib/python3.12/site-packages/airflow/example_dags/example_display_name.py
[2026-03-13T23:01:52.146+0100] {processor.py:830} INFO - Processing file /Users/harshasogala/financial-data-platform/venv/lib/python3.12/site-packages/airflow/example_dags/example_display_name.py for tasks to queue
[2026-03-13T23:01:52.147+0100] {logging_mixin.py:188} INFO - [2026-03-13T23:01:52.147+0100] {dagbag.py:545} INFO - Filling up the DagBag from /Users/harshasogala/financial-data-platform/venv/lib/python3.12/site-packages/airflow/example_dags/example_display_name.py
[2026-03-13T23:01:52.169+0100] {processor.py:840} INFO - DAG(s) 'example_display_name' retrieved from /Users/harshasogala/financial-data-platform/venv/lib/python3.12/site-packages/airflow/example_dags/example_display_name.py
[2026-03-13T23:01:52.221+0100] {logging_mixin.py:188} INFO - [2026-03-13T23:01:52.221+0100] {dag.py:3089} INFO - Sync 1 DAGs
[2026-03-13T23:01:52.261+0100] {logging_mixin.py:188} INFO - [2026-03-13T23:01:52.261+0100] {dag.py:3947} INFO - Setting next_dagrun for example_display_name to None, run_after=None
[2026-03-13T23:01:52.274+0100] {processor.py:183} INFO - Processing /Users/harshasogala/financial-data-platform/venv/lib/python3.12/site-packages/airflow/example_dags/example_display_name.py took 0.130 seconds
[2026-03-13T23:03:10.607+0100] {processor.py:161} INFO - Started process (PID=72949) to work on /Users/harshasogala/financial-data-platform/venv/lib/python3.12/site-packages/airflow/example_dags/example_display_name.py
[2026-03-13T23:03:10.609+0100] {processor.py:830} INFO - Processing file /Users/harshasogala/financial-data-platform/venv/lib/python3.12/site-packages/airflow/example_dags/example_display_name.py for tasks to queue
[2026-03-13T23:03:10.609+0100] {logging_mixin.py:188} INFO - [2026-03-13T23:03:10.609+0100] {dagbag.py:545} INFO - Filling up the DagBag from /Users/harshasogala/financial-data-platform/venv/lib/python3.12/site-packages/airflow/example_dags/example_display_name.py
[2026-03-13T23:03:10.634+0100] {processor.py:840} INFO - DAG(s) 'example_display_name' retrieved from /Users/harshasogala/financial-data-platform/venv/lib/python3.12/site-packages/airflow/example_dags/example_display_name.py
[2026-03-13T23:03:10.690+0100] {logging_mixin.py:188} INFO - [2026-03-13T23:03:10.690+0100] {dag.py:3089} INFO - Sync 1 DAGs
[2026-03-13T23:03:10.755+0100] {logging_mixin.py:188} INFO - [2026-03-13T23:03:10.754+0100] {dag.py:3947} INFO - Setting next_dagrun for example_display_name to None, run_after=None
[2026-03-13T23:03:10.769+0100] {processor.py:183} INFO - Processing /Users/harshasogala/financial-data-platform/venv/lib/python3.12/site-packages/airflow/example_dags/example_display_name.py took 0.164 seconds
[2026-03-13T23:04:29.092+0100] {processor.py:161} INFO - Started process (PID=73010) to work on /Users/harshasogala/financial-data-platform/venv/lib/python3.12/site-packages/airflow/example_dags/example_display_name.py
[2026-03-13T23:04:29.093+0100] {processor.py:830} INFO - Processing file /Users/harshasogala/financial-data-platform/venv/lib/python3.12/site-packages/airflow/example_dags/example_display_name.py for tasks to queue
[2026-03-13T23:04:29.094+0100] {logging_mixin.py:188} INFO - [2026-03-13T23:04:29.094+0100] {dagbag.py:545} INFO - Filling up the DagBag from /Users/harshasogala/financial-data-platform/venv/lib/python3.12/site-packages/airflow/example_dags/example_display_name.py
[2026-03-13T23:04:29.117+0100] {processor.py:840} INFO - DAG(s) 'example_display_name' retrieved from /Users/harshasogala/financial-data-platform/venv/lib/python3.12/site-packages/airflow/example_dags/example_display_name.py
[2026-03-13T23:04:29.168+0100] {logging_mixin.py:188} INFO - [2026-03-13T23:04:29.168+0100] {dag.py:3089} INFO - Sync 1 DAGs
[2026-03-13T23:04:29.207+0100] {logging_mixin.py:188} INFO - [2026-03-13T23:04:29.207+0100] {dag.py:3947} INFO - Setting next_dagrun for example_display_name to None, run_after=None
[2026-03-13T23:04:29.218+0100] {processor.py:183} INFO - Processing /Users/harshasogala/financial-data-platform/venv/lib/python3.12/site-packages/airflow/example_dags/example_display_name.py took 0.128 seconds
[2026-03-13T23:05:45.403+0100] {processor.py:161} INFO - Started process (PID=73076) to work on /Users/harshasogala/financial-data-platform/venv/lib/python3.12/site-packages/airflow/example_dags/example_display_name.py
[2026-03-13T23:05:45.404+0100] {processor.py:830} INFO - Processing file /Users/harshasogala/financial-data-platform/venv/lib/python3.12/site-packages/airflow/example_dags/example_display_name.py for tasks to queue
[2026-03-13T23:05:45.404+0100] {logging_mixin.py:188} INFO - [2026-03-13T23:05:45.404+0100] {dagbag.py:545} INFO - Filling up the DagBag from /Users/harshasogala/financial-data-platform/venv/lib/python3.12/site-packages/airflow/example_dags/example_display_name.py
[2026-03-13T23:05:45.427+0100] {processor.py:840} INFO - DAG(s) 'example_display_name' retrieved from /Users/harshasogala/financial-data-platform/venv/lib/python3.12/site-packages/airflow/example_dags/example_display_name.py
[2026-03-13T23:05:45.478+0100] {logging_mixin.py:188} INFO - [2026-03-13T23:05:45.478+0100] {dag.py:3089} INFO - Sync 1 DAGs
[2026-03-13T23:05:45.517+0100] {logging_mixin.py:188} INFO - [2026-03-13T23:05:45.517+0100] {dag.py:3947} INFO - Setting next_dagrun for example_display_name to None, run_after=None
[2026-03-13T23:05:45.530+0100] {processor.py:183} INFO - Processing /Users/harshasogala/financial-data-platform/venv/lib/python3.12/site-packages/airflow/example_dags/example_display_name.py took 0.129 seconds
[2026-03-13T23:07:06.442+0100] {processor.py:161} INFO - Started process (PID=73142) to work on /Users/harshasogala/financial-data-platform/venv/lib/python3.12/site-packages/airflow/example_dags/example_display_name.py
[2026-03-13T23:07:06.443+0100] {processor.py:830} INFO - Processing file /Users/harshasogala/financial-data-platform/venv/lib/python3.12/site-packages/airflow/example_dags/example_display_name.py for tasks to queue
[2026-03-13T23:07:06.443+0100] {logging_mixin.py:188} INFO - [2026-03-13T23:07:06.443+0100] {dagbag.py:545} INFO - Filling up the DagBag from /Users/harshasogala/financial-data-platform/venv/lib/python3.12/site-packages/airflow/example_dags/example_display_name.py
[2026-03-13T23:07:06.466+0100] {processor.py:840} INFO - DAG(s) 'example_display_name' retrieved from /Users/harshasogala/financial-data-platform/venv/lib/python3.12/site-packages/airflow/example_dags/example_display_name.py
[2026-03-13T23:07:06.518+0100] {logging_mixin.py:188} INFO - [2026-03-13T23:07:06.517+0100] {dag.py:3089} INFO - Sync 1 DAGs
[2026-03-13T23:07:06.556+0100] {logging_mixin.py:188} INFO - [2026-03-13T23:07:06.556+0100] {dag.py:3947} INFO - Setting next_dagrun for example_display_name to None, run_after=None
[2026-03-13T23:07:06.568+0100] {processor.py:183} INFO - Processing /Users/harshasogala/financial-data-platform/venv/lib/python3.12/site-packages/airflow/example_dags/example_display_name.py took 0.128 seconds
[2026-03-13T23:08:25.284+0100] {processor.py:161} INFO - Started process (PID=73205) to work on /Users/harshasogala/financial-data-platform/venv/lib/python3.12/site-packages/airflow/example_dags/example_display_name.py
[2026-03-13T23:08:25.285+0100] {processor.py:830} INFO - Processing file /Users/harshasogala/financial-data-platform/venv/lib/python3.12/site-packages/airflow/example_dags/example_display_name.py for tasks to queue
[2026-03-13T23:08:25.285+0100] {logging_mixin.py:188} INFO - [2026-03-13T23:08:25.285+0100] {dagbag.py:545} INFO - Filling up the DagBag from /Users/harshasogala/financial-data-platform/venv/lib/python3.12/site-packages/airflow/example_dags/example_display_name.py
[2026-03-13T23:08:25.308+0100] {processor.py:840} INFO - DAG(s) 'example_display_name' retrieved from /Users/harshasogala/financial-data-platform/venv/lib/python3.12/site-packages/airflow/example_dags/example_display_name.py
[2026-03-13T23:08:25.360+0100] {logging_mixin.py:188} INFO - [2026-03-13T23:08:25.359+0100] {dag.py:3089} INFO - Sync 1 DAGs
[2026-03-13T23:08:25.398+0100] {logging_mixin.py:188} INFO - [2026-03-13T23:08:25.398+0100] {dag.py:3947} INFO - Setting next_dagrun for example_display_name to None, run_after=None
[2026-03-13T23:08:25.409+0100] {processor.py:183} INFO - Processing /Users/harshasogala/financial-data-platform/venv/lib/python3.12/site-packages/airflow/example_dags/example_display_name.py took 0.126 seconds
[2026-03-13T23:09:37.642+0100] {processor.py:161} INFO - Started process (PID=73262) to work on /Users/harshasogala/financial-data-platform/venv/lib/python3.12/site-packages/airflow/example_dags/example_display_name.py
[2026-03-13T23:09:37.643+0100] {processor.py:830} INFO - Processing file /Users/harshasogala/financial-data-platform/venv/lib/python3.12/site-packages/airflow/example_dags/example_display_name.py for tasks to queue
[2026-03-13T23:09:37.644+0100] {logging_mixin.py:188} INFO - [2026-03-13T23:09:37.643+0100] {dagbag.py:545} INFO - Filling up the DagBag from /Users/harshasogala/financial-data-platform/venv/lib/python3.12/site-packages/airflow/example_dags/example_display_name.py
[2026-03-13T23:09:37.666+0100] {processor.py:840} INFO - DAG(s) 'example_display_name' retrieved from /Users/harshasogala/financial-data-platform/venv/lib/python3.12/site-packages/airflow/example_dags/example_display_name.py
[2026-03-13T23:09:37.719+0100] {logging_mixin.py:188} INFO - [2026-03-13T23:09:37.719+0100] {dag.py:3089} INFO - Sync 1 DAGs
[2026-03-13T23:09:37.758+0100] {logging_mixin.py:188} INFO - [2026-03-13T23:09:37.758+0100] {dag.py:3947} INFO - Setting next_dagrun for example_display_name to None, run_after=None
[2026-03-13T23:09:37.769+0100] {processor.py:183} INFO - Processing /Users/harshasogala/financial-data-platform/venv/lib/python3.12/site-packages/airflow/example_dags/example_display_name.py took 0.129 seconds
[2026-03-13T23:10:50.737+0100] {processor.py:161} INFO - Started process (PID=73319) to work on /Users/harshasogala/financial-data-platform/venv/lib/python3.12/site-packages/airflow/example_dags/example_display_name.py
[2026-03-13T23:10:50.738+0100] {processor.py:830} INFO - Processing file /Users/harshasogala/financial-data-platform/venv/lib/python3.12/site-packages/airflow/example_dags/example_display_name.py for tasks to queue
[2026-03-13T23:10:50.739+0100] {logging_mixin.py:188} INFO - [2026-03-13T23:10:50.739+0100] {dagbag.py:545} INFO - Filling up the DagBag from /Users/harshasogala/financial-data-platform/venv/lib/python3.12/site-packages/airflow/example_dags/example_display_name.py
[2026-03-13T23:10:50.761+0100] {processor.py:840} INFO - DAG(s) 'example_display_name' retrieved from /Users/harshasogala/financial-data-platform/venv/lib/python3.12/site-packages/airflow/example_dags/example_display_name.py
[2026-03-13T23:10:50.815+0100] {logging_mixin.py:188} INFO - [2026-03-13T23:10:50.815+0100] {dag.py:3089} INFO - Sync 1 DAGs
[2026-03-13T23:10:50.855+0100] {logging_mixin.py:188} INFO - [2026-03-13T23:10:50.855+0100] {dag.py:3947} INFO - Setting next_dagrun for example_display_name to None, run_after=None
[2026-03-13T23:10:50.866+0100] {processor.py:183} INFO - Processing /Users/harshasogala/financial-data-platform/venv/lib/python3.12/site-packages/airflow/example_dags/example_display_name.py took 0.131 seconds
[2026-03-13T23:12:03.943+0100] {processor.py:161} INFO - Started process (PID=73389) to work on /Users/harshasogala/financial-data-platform/venv/lib/python3.12/site-packages/airflow/example_dags/example_display_name.py
[2026-03-13T23:12:03.944+0100] {processor.py:830} INFO - Processing file /Users/harshasogala/financial-data-platform/venv/lib/python3.12/site-packages/airflow/example_dags/example_display_name.py for tasks to queue
[2026-03-13T23:12:03.945+0100] {logging_mixin.py:188} INFO - [2026-03-13T23:12:03.945+0100] {dagbag.py:545} INFO - Filling up the DagBag from /Users/harshasogala/financial-data-platform/venv/lib/python3.12/site-packages/airflow/example_dags/example_display_name.py
[2026-03-13T23:12:03.968+0100] {processor.py:840} INFO - DAG(s) 'example_display_name' retrieved from /Users/harshasogala/financial-data-platform/venv/lib/python3.12/site-packages/airflow/example_dags/example_display_name.py
[2026-03-13T23:12:04.021+0100] {logging_mixin.py:188} INFO - [2026-03-13T23:12:04.020+0100] {dag.py:3089} INFO - Sync 1 DAGs
[2026-03-13T23:12:04.059+0100] {logging_mixin.py:188} INFO - [2026-03-13T23:12:04.059+0100] {dag.py:3947} INFO - Setting next_dagrun for example_display_name to None, run_after=None
[2026-03-13T23:12:04.072+0100] {processor.py:183} INFO - Processing /Users/harshasogala/financial-data-platform/venv/lib/python3.12/site-packages/airflow/example_dags/example_display_name.py took 0.130 seconds
[2026-03-13T23:13:18.814+0100] {processor.py:161} INFO - Started process (PID=73446) to work on /Users/harshasogala/financial-data-platform/venv/lib/python3.12/site-packages/airflow/example_dags/example_display_name.py
[2026-03-13T23:13:18.815+0100] {processor.py:830} INFO - Processing file /Users/harshasogala/financial-data-platform/venv/lib/python3.12/site-packages/airflow/example_dags/example_display_name.py for tasks to queue
[2026-03-13T23:13:18.815+0100] {logging_mixin.py:188} INFO - [2026-03-13T23:13:18.815+0100] {dagbag.py:545} INFO - Filling up the DagBag from /Users/harshasogala/financial-data-platform/venv/lib/python3.12/site-packages/airflow/example_dags/example_display_name.py
[2026-03-13T23:13:18.838+0100] {processor.py:840} INFO - DAG(s) 'example_display_name' retrieved from /Users/harshasogala/financial-data-platform/venv/lib/python3.12/site-packages/airflow/example_dags/example_display_name.py
[2026-03-13T23:13:18.893+0100] {logging_mixin.py:188} INFO - [2026-03-13T23:13:18.892+0100] {dag.py:3089} INFO - Sync 1 DAGs
[2026-03-13T23:13:18.936+0100] {logging_mixin.py:188} INFO - [2026-03-13T23:13:18.936+0100] {dag.py:3947} INFO - Setting next_dagrun for example_display_name to None, run_after=None
[2026-03-13T23:13:18.948+0100] {processor.py:183} INFO - Processing /Users/harshasogala/financial-data-platform/venv/lib/python3.12/site-packages/airflow/example_dags/example_display_name.py took 0.135 seconds
[2026-03-13T23:14:32.926+0100] {processor.py:161} INFO - Started process (PID=73508) to work on /Users/harshasogala/financial-data-platform/venv/lib/python3.12/site-packages/airflow/example_dags/example_display_name.py
[2026-03-13T23:14:32.927+0100] {processor.py:830} INFO - Processing file /Users/harshasogala/financial-data-platform/venv/lib/python3.12/site-packages/airflow/example_dags/example_display_name.py for tasks to queue
[2026-03-13T23:14:32.927+0100] {logging_mixin.py:188} INFO - [2026-03-13T23:14:32.927+0100] {dagbag.py:545} INFO - Filling up the DagBag from /Users/harshasogala/financial-data-platform/venv/lib/python3.12/site-packages/airflow/example_dags/example_display_name.py
[2026-03-13T23:14:32.950+0100] {processor.py:840} INFO - DAG(s) 'example_display_name' retrieved from /Users/harshasogala/financial-data-platform/venv/lib/python3.12/site-packages/airflow/example_dags/example_display_name.py
[2026-03-13T23:14:33.002+0100] {logging_mixin.py:188} INFO - [2026-03-13T23:14:33.002+0100] {dag.py:3089} INFO - Sync 1 DAGs
[2026-03-13T23:14:33.041+0100] {logging_mixin.py:188} INFO - [2026-03-13T23:14:33.041+0100] {dag.py:3947} INFO - Setting next_dagrun for example_display_name to None, run_after=None
[2026-03-13T23:14:33.052+0100] {processor.py:183} INFO - Processing /Users/harshasogala/financial-data-platform/venv/lib/python3.12/site-packages/airflow/example_dags/example_display_name.py took 0.127 seconds
[2026-03-13T23:15:48.521+0100] {processor.py:161} INFO - Started process (PID=73568) to work on /Users/harshasogala/financial-data-platform/venv/lib/python3.12/site-packages/airflow/example_dags/example_display_name.py
[2026-03-13T23:15:48.522+0100] {processor.py:830} INFO - Processing file /Users/harshasogala/financial-data-platform/venv/lib/python3.12/site-packages/airflow/example_dags/example_display_name.py for tasks to queue
[2026-03-13T23:15:48.523+0100] {logging_mixin.py:188} INFO - [2026-03-13T23:15:48.523+0100] {dagbag.py:545} INFO - Filling up the DagBag from /Users/harshasogala/financial-data-platform/venv/lib/python3.12/site-packages/airflow/example_dags/example_display_name.py
[2026-03-13T23:15:48.545+0100] {processor.py:840} INFO - DAG(s) 'example_display_name' retrieved from /Users/harshasogala/financial-data-platform/venv/lib/python3.12/site-packages/airflow/example_dags/example_display_name.py
[2026-03-13T23:15:48.598+0100] {logging_mixin.py:188} INFO - [2026-03-13T23:15:48.598+0100] {dag.py:3089} INFO - Sync 1 DAGs
[2026-03-13T23:15:48.638+0100] {logging_mixin.py:188} INFO - [2026-03-13T23:15:48.638+0100] {dag.py:3947} INFO - Setting next_dagrun for example_display_name to None, run_after=None
[2026-03-13T23:15:48.648+0100] {processor.py:183} INFO - Processing /Users/harshasogala/financial-data-platform/venv/lib/python3.12/site-packages/airflow/example_dags/example_display_name.py took 0.129 seconds
[2026-03-13T23:17:03.348+0100] {processor.py:161} INFO - Started process (PID=73637) to work on /Users/harshasogala/financial-data-platform/venv/lib/python3.12/site-packages/airflow/example_dags/example_display_name.py
[2026-03-13T23:17:03.348+0100] {processor.py:830} INFO - Processing file /Users/harshasogala/financial-data-platform/venv/lib/python3.12/site-packages/airflow/example_dags/example_display_name.py for tasks to queue
[2026-03-13T23:17:03.349+0100] {logging_mixin.py:188} INFO - [2026-03-13T23:17:03.349+0100] {dagbag.py:545} INFO - Filling up the DagBag from /Users/harshasogala/financial-data-platform/venv/lib/python3.12/site-packages/airflow/example_dags/example_display_name.py
[2026-03-13T23:17:03.373+0100] {processor.py:840} INFO - DAG(s) 'example_display_name' retrieved from /Users/harshasogala/financial-data-platform/venv/lib/python3.12/site-packages/airflow/example_dags/example_display_name.py
[2026-03-13T23:17:03.427+0100] {logging_mixin.py:188} INFO - [2026-03-13T23:17:03.427+0100] {dag.py:3089} INFO - Sync 1 DAGs
[2026-03-13T23:17:03.467+0100] {logging_mixin.py:188} INFO - [2026-03-13T23:17:03.467+0100] {dag.py:3947} INFO - Setting next_dagrun for example_display_name to None, run_after=None
[2026-03-13T23:17:03.480+0100] {processor.py:183} INFO - Processing /Users/harshasogala/financial-data-platform/venv/lib/python3.12/site-packages/airflow/example_dags/example_display_name.py took 0.134 seconds
[2026-03-13T23:18:20.965+0100] {processor.py:161} INFO - Started process (PID=73698) to work on /Users/harshasogala/financial-data-platform/venv/lib/python3.12/site-packages/airflow/example_dags/example_display_name.py
[2026-03-13T23:18:20.965+0100] {processor.py:830} INFO - Processing file /Users/harshasogala/financial-data-platform/venv/lib/python3.12/site-packages/airflow/example_dags/example_display_name.py for tasks to queue
[2026-03-13T23:18:20.966+0100] {logging_mixin.py:188} INFO - [2026-03-13T23:18:20.966+0100] {dagbag.py:545} INFO - Filling up the DagBag from /Users/harshasogala/financial-data-platform/venv/lib/python3.12/site-packages/airflow/example_dags/example_display_name.py
[2026-03-13T23:18:20.988+0100] {processor.py:840} INFO - DAG(s) 'example_display_name' retrieved from /Users/harshasogala/financial-data-platform/venv/lib/python3.12/site-packages/airflow/example_dags/example_display_name.py
[2026-03-13T23:18:21.041+0100] {logging_mixin.py:188} INFO - [2026-03-13T23:18:21.041+0100] {dag.py:3089} INFO - Sync 1 DAGs
[2026-03-13T23:18:21.080+0100] {logging_mixin.py:188} INFO - [2026-03-13T23:18:21.080+0100] {dag.py:3947} INFO - Setting next_dagrun for example_display_name to None, run_after=None
[2026-03-13T23:18:21.092+0100] {processor.py:183} INFO - Processing /Users/harshasogala/financial-data-platform/venv/lib/python3.12/site-packages/airflow/example_dags/example_display_name.py took 0.130 seconds
[2026-03-13T23:19:36.169+0100] {processor.py:161} INFO - Started process (PID=73758) to work on /Users/harshasogala/financial-data-platform/venv/lib/python3.12/site-packages/airflow/example_dags/example_display_name.py
[2026-03-13T23:19:36.170+0100] {processor.py:830} INFO - Processing file /Users/harshasogala/financial-data-platform/venv/lib/python3.12/site-packages/airflow/example_dags/example_display_name.py for tasks to queue
[2026-03-13T23:19:36.170+0100] {logging_mixin.py:188} INFO - [2026-03-13T23:19:36.170+0100] {dagbag.py:545} INFO - Filling up the DagBag from /Users/harshasogala/financial-data-platform/venv/lib/python3.12/site-packages/airflow/example_dags/example_display_name.py
[2026-03-13T23:19:36.193+0100] {processor.py:840} INFO - DAG(s) 'example_display_name' retrieved from /Users/harshasogala/financial-data-platform/venv/lib/python3.12/site-packages/airflow/example_dags/example_display_name.py
[2026-03-13T23:19:36.245+0100] {logging_mixin.py:188} INFO - [2026-03-13T23:19:36.245+0100] {dag.py:3089} INFO - Sync 1 DAGs
[2026-03-13T23:19:36.284+0100] {logging_mixin.py:188} INFO - [2026-03-13T23:19:36.284+0100] {dag.py:3947} INFO - Setting next_dagrun for example_display_name to None, run_after=None
[2026-03-13T23:19:36.295+0100] {processor.py:183} INFO - Processing /Users/harshasogala/financial-data-platform/venv/lib/python3.12/site-packages/airflow/example_dags/example_display_name.py took 0.128 seconds
[2026-03-13T23:20:55.096+0100] {processor.py:161} INFO - Started process (PID=73831) to work on /Users/harshasogala/financial-data-platform/venv/lib/python3.12/site-packages/airflow/example_dags/example_display_name.py
[2026-03-13T23:20:55.097+0100] {processor.py:830} INFO - Processing file /Users/harshasogala/financial-data-platform/venv/lib/python3.12/site-packages/airflow/example_dags/example_display_name.py for tasks to queue
[2026-03-13T23:20:55.098+0100] {logging_mixin.py:188} INFO - [2026-03-13T23:20:55.098+0100] {dagbag.py:545} INFO - Filling up the DagBag from /Users/harshasogala/financial-data-platform/venv/lib/python3.12/site-packages/airflow/example_dags/example_display_name.py
[2026-03-13T23:20:55.120+0100] {processor.py:840} INFO - DAG(s) 'example_display_name' retrieved from /Users/harshasogala/financial-data-platform/venv/lib/python3.12/site-packages/airflow/example_dags/example_display_name.py
[2026-03-13T23:20:55.173+0100] {logging_mixin.py:188} INFO - [2026-03-13T23:20:55.173+0100] {dag.py:3089} INFO - Sync 1 DAGs
[2026-03-13T23:20:55.212+0100] {logging_mixin.py:188} INFO - [2026-03-13T23:20:55.212+0100] {dag.py:3947} INFO - Setting next_dagrun for example_display_name to None, run_after=None
[2026-03-13T23:20:55.223+0100] {processor.py:183} INFO - Processing /Users/harshasogala/financial-data-platform/venv/lib/python3.12/site-packages/airflow/example_dags/example_display_name.py took 0.128 seconds
[2026-03-13T23:22:08.317+0100] {processor.py:161} INFO - Started process (PID=73907) to work on /Users/harshasogala/financial-data-platform/venv/lib/python3.12/site-packages/airflow/example_dags/example_display_name.py
[2026-03-13T23:22:08.318+0100] {processor.py:830} INFO - Processing file /Users/harshasogala/financial-data-platform/venv/lib/python3.12/site-packages/airflow/example_dags/example_display_name.py for tasks to queue
[2026-03-13T23:22:08.319+0100] {logging_mixin.py:188} INFO - [2026-03-13T23:22:08.319+0100] {dagbag.py:545} INFO - Filling up the DagBag from /Users/harshasogala/financial-data-platform/venv/lib/python3.12/site-packages/airflow/example_dags/example_display_name.py
[2026-03-13T23:22:08.341+0100] {processor.py:840} INFO - DAG(s) 'example_display_name' retrieved from /Users/harshasogala/financial-data-platform/venv/lib/python3.12/site-packages/airflow/example_dags/example_display_name.py
[2026-03-13T23:22:08.393+0100] {logging_mixin.py:188} INFO - [2026-03-13T23:22:08.393+0100] {dag.py:3089} INFO - Sync 1 DAGs
[2026-03-13T23:22:08.432+0100] {logging_mixin.py:188} INFO - [2026-03-13T23:22:08.432+0100] {dag.py:3947} INFO - Setting next_dagrun for example_display_name to None, run_after=None
[2026-03-13T23:22:08.445+0100] {processor.py:183} INFO - Processing /Users/harshasogala/financial-data-platform/venv/lib/python3.12/site-packages/airflow/example_dags/example_display_name.py took 0.129 seconds
[2026-03-13T23:23:23.393+0100] {processor.py:161} INFO - Started process (PID=73969) to work on /Users/harshasogala/financial-data-platform/venv/lib/python3.12/site-packages/airflow/example_dags/example_display_name.py
[2026-03-13T23:23:23.394+0100] {processor.py:830} INFO - Processing file /Users/harshasogala/financial-data-platform/venv/lib/python3.12/site-packages/airflow/example_dags/example_display_name.py for tasks to queue
[2026-03-13T23:23:23.394+0100] {logging_mixin.py:188} INFO - [2026-03-13T23:23:23.394+0100] {dagbag.py:545} INFO - Filling up the DagBag from /Users/harshasogala/financial-data-platform/venv/lib/python3.12/site-packages/airflow/example_dags/example_display_name.py
[2026-03-13T23:23:23.417+0100] {processor.py:840} INFO - DAG(s) 'example_display_name' retrieved from /Users/harshasogala/financial-data-platform/venv/lib/python3.12/site-packages/airflow/example_dags/example_display_name.py
[2026-03-13T23:23:23.470+0100] {logging_mixin.py:188} INFO - [2026-03-13T23:23:23.469+0100] {dag.py:3089} INFO - Sync 1 DAGs
[2026-03-13T23:23:23.508+0100] {logging_mixin.py:188} INFO - [2026-03-13T23:23:23.508+0100] {dag.py:3947} INFO - Setting next_dagrun for example_display_name to None, run_after=None
[2026-03-13T23:23:23.519+0100] {processor.py:183} INFO - Processing /Users/harshasogala/financial-data-platform/venv/lib/python3.12/site-packages/airflow/example_dags/example_display_name.py took 0.128 seconds
[2026-03-13T23:24:35.103+0100] {processor.py:161} INFO - Started process (PID=74029) to work on /Users/harshasogala/financial-data-platform/venv/lib/python3.12/site-packages/airflow/example_dags/example_display_name.py
[2026-03-13T23:24:35.105+0100] {processor.py:830} INFO - Processing file /Users/harshasogala/financial-data-platform/venv/lib/python3.12/site-packages/airflow/example_dags/example_display_name.py for tasks to queue
[2026-03-13T23:24:35.105+0100] {logging_mixin.py:188} INFO - [2026-03-13T23:24:35.105+0100] {dagbag.py:545} INFO - Filling up the DagBag from /Users/harshasogala/financial-data-platform/venv/lib/python3.12/site-packages/airflow/example_dags/example_display_name.py
[2026-03-13T23:24:35.127+0100] {processor.py:840} INFO - DAG(s) 'example_display_name' retrieved from /Users/harshasogala/financial-data-platform/venv/lib/python3.12/site-packages/airflow/example_dags/example_display_name.py
[2026-03-13T23:24:35.180+0100] {logging_mixin.py:188} INFO - [2026-03-13T23:24:35.180+0100] {dag.py:3089} INFO - Sync 1 DAGs
[2026-03-13T23:24:35.219+0100] {logging_mixin.py:188} INFO - [2026-03-13T23:24:35.219+0100] {dag.py:3947} INFO - Setting next_dagrun for example_display_name to None, run_after=None
[2026-03-13T23:24:35.230+0100] {processor.py:183} INFO - Processing /Users/harshasogala/financial-data-platform/venv/lib/python3.12/site-packages/airflow/example_dags/example_display_name.py took 0.129 seconds
[2026-03-13T23:25:56.741+0100] {processor.py:161} INFO - Started process (PID=74089) to work on /Users/harshasogala/financial-data-platform/venv/lib/python3.12/site-packages/airflow/example_dags/example_display_name.py
[2026-03-13T23:25:56.742+0100] {processor.py:830} INFO - Processing file /Users/harshasogala/financial-data-platform/venv/lib/python3.12/site-packages/airflow/example_dags/example_display_name.py for tasks to queue
[2026-03-13T23:25:56.743+0100] {logging_mixin.py:188} INFO - [2026-03-13T23:25:56.742+0100] {dagbag.py:545} INFO - Filling up the DagBag from /Users/harshasogala/financial-data-platform/venv/lib/python3.12/site-packages/airflow/example_dags/example_display_name.py
[2026-03-13T23:25:56.765+0100] {processor.py:840} INFO - DAG(s) 'example_display_name' retrieved from /Users/harshasogala/financial-data-platform/venv/lib/python3.12/site-packages/airflow/example_dags/example_display_name.py
[2026-03-13T23:25:56.817+0100] {logging_mixin.py:188} INFO - [2026-03-13T23:25:56.817+0100] {dag.py:3089} INFO - Sync 1 DAGs
[2026-03-13T23:25:56.856+0100] {logging_mixin.py:188} INFO - [2026-03-13T23:25:56.856+0100] {dag.py:3947} INFO - Setting next_dagrun for example_display_name to None, run_after=None
[2026-03-13T23:25:56.867+0100] {processor.py:183} INFO - Processing /Users/harshasogala/financial-data-platform/venv/lib/python3.12/site-packages/airflow/example_dags/example_display_name.py took 0.129 seconds
[2026-03-13T23:27:09.933+0100] {processor.py:161} INFO - Started process (PID=74154) to work on /Users/harshasogala/financial-data-platform/venv/lib/python3.12/site-packages/airflow/example_dags/example_display_name.py
[2026-03-13T23:27:09.935+0100] {processor.py:830} INFO - Processing file /Users/harshasogala/financial-data-platform/venv/lib/python3.12/site-packages/airflow/example_dags/example_display_name.py for tasks to queue
[2026-03-13T23:27:09.935+0100] {logging_mixin.py:188} INFO - [2026-03-13T23:27:09.935+0100] {dagbag.py:545} INFO - Filling up the DagBag from /Users/harshasogala/financial-data-platform/venv/lib/python3.12/site-packages/airflow/example_dags/example_display_name.py
[2026-03-13T23:27:09.958+0100] {processor.py:840} INFO - DAG(s) 'example_display_name' retrieved from /Users/harshasogala/financial-data-platform/venv/lib/python3.12/site-packages/airflow/example_dags/example_display_name.py
[2026-03-13T23:27:10.010+0100] {logging_mixin.py:188} INFO - [2026-03-13T23:27:10.010+0100] {dag.py:3089} INFO - Sync 1 DAGs
[2026-03-13T23:27:10.050+0100] {logging_mixin.py:188} INFO - [2026-03-13T23:27:10.049+0100] {dag.py:3947} INFO - Setting next_dagrun for example_display_name to None, run_after=None
[2026-03-13T23:27:10.064+0100] {processor.py:183} INFO - Processing /Users/harshasogala/financial-data-platform/venv/lib/python3.12/site-packages/airflow/example_dags/example_display_name.py took 0.132 seconds
[2026-03-13T23:28:31.602+0100] {processor.py:161} INFO - Started process (PID=74250) to work on /Users/harshasogala/financial-data-platform/venv/lib/python3.12/site-packages/airflow/example_dags/example_display_name.py
[2026-03-13T23:28:31.603+0100] {processor.py:830} INFO - Processing file /Users/harshasogala/financial-data-platform/venv/lib/python3.12/site-packages/airflow/example_dags/example_display_name.py for tasks to queue
[2026-03-13T23:28:31.604+0100] {logging_mixin.py:188} INFO - [2026-03-13T23:28:31.604+0100] {dagbag.py:545} INFO - Filling up the DagBag from /Users/harshasogala/financial-data-platform/venv/lib/python3.12/site-packages/airflow/example_dags/example_display_name.py
[2026-03-13T23:28:31.626+0100] {processor.py:840} INFO - DAG(s) 'example_display_name' retrieved from /Users/harshasogala/financial-data-platform/venv/lib/python3.12/site-packages/airflow/example_dags/example_display_name.py
[2026-03-13T23:28:31.678+0100] {logging_mixin.py:188} INFO - [2026-03-13T23:28:31.678+0100] {dag.py:3089} INFO - Sync 1 DAGs
[2026-03-13T23:28:31.717+0100] {logging_mixin.py:188} INFO - [2026-03-13T23:28:31.717+0100] {dag.py:3947} INFO - Setting next_dagrun for example_display_name to None, run_after=None
[2026-03-13T23:28:31.727+0100] {processor.py:183} INFO - Processing /Users/harshasogala/financial-data-platform/venv/lib/python3.12/site-packages/airflow/example_dags/example_display_name.py took 0.127 seconds
[2026-03-13T23:29:45.123+0100] {processor.py:161} INFO - Started process (PID=74309) to work on /Users/harshasogala/financial-data-platform/venv/lib/python3.12/site-packages/airflow/example_dags/example_display_name.py
[2026-03-13T23:29:45.124+0100] {processor.py:830} INFO - Processing file /Users/harshasogala/financial-data-platform/venv/lib/python3.12/site-packages/airflow/example_dags/example_display_name.py for tasks to queue
[2026-03-13T23:29:45.124+0100] {logging_mixin.py:188} INFO - [2026-03-13T23:29:45.124+0100] {dagbag.py:545} INFO - Filling up the DagBag from /Users/harshasogala/financial-data-platform/venv/lib/python3.12/site-packages/airflow/example_dags/example_display_name.py
[2026-03-13T23:29:45.146+0100] {processor.py:840} INFO - DAG(s) 'example_display_name' retrieved from /Users/harshasogala/financial-data-platform/venv/lib/python3.12/site-packages/airflow/example_dags/example_display_name.py
[2026-03-13T23:29:45.199+0100] {logging_mixin.py:188} INFO - [2026-03-13T23:29:45.198+0100] {dag.py:3089} INFO - Sync 1 DAGs
[2026-03-13T23:29:45.238+0100] {logging_mixin.py:188} INFO - [2026-03-13T23:29:45.238+0100] {dag.py:3947} INFO - Setting next_dagrun for example_display_name to None, run_after=None
[2026-03-13T23:29:45.249+0100] {processor.py:183} INFO - Processing /Users/harshasogala/financial-data-platform/venv/lib/python3.12/site-packages/airflow/example_dags/example_display_name.py took 0.128 seconds
[2026-03-13T23:31:04.663+0100] {processor.py:161} INFO - Started process (PID=74482) to work on /Users/harshasogala/financial-data-platform/venv/lib/python3.12/site-packages/airflow/example_dags/example_display_name.py
[2026-03-13T23:31:04.664+0100] {processor.py:830} INFO - Processing file /Users/harshasogala/financial-data-platform/venv/lib/python3.12/site-packages/airflow/example_dags/example_display_name.py for tasks to queue
[2026-03-13T23:31:04.665+0100] {logging_mixin.py:188} INFO - [2026-03-13T23:31:04.665+0100] {dagbag.py:545} INFO - Filling up the DagBag from /Users/harshasogala/financial-data-platform/venv/lib/python3.12/site-packages/airflow/example_dags/example_display_name.py
[2026-03-13T23:31:04.687+0100] {processor.py:840} INFO - DAG(s) 'example_display_name' retrieved from /Users/harshasogala/financial-data-platform/venv/lib/python3.12/site-packages/airflow/example_dags/example_display_name.py
[2026-03-13T23:31:04.741+0100] {logging_mixin.py:188} INFO - [2026-03-13T23:31:04.740+0100] {dag.py:3089} INFO - Sync 1 DAGs
[2026-03-13T23:31:04.781+0100] {logging_mixin.py:188} INFO - [2026-03-13T23:31:04.780+0100] {dag.py:3947} INFO - Setting next_dagrun for example_display_name to None, run_after=None
[2026-03-13T23:31:04.793+0100] {processor.py:183} INFO - Processing /Users/harshasogala/financial-data-platform/venv/lib/python3.12/site-packages/airflow/example_dags/example_display_name.py took 0.132 seconds
[2026-03-13T23:32:20.441+0100] {processor.py:161} INFO - Started process (PID=74942) to work on /Users/harshasogala/financial-data-platform/venv/lib/python3.12/site-packages/airflow/example_dags/example_display_name.py
[2026-03-13T23:32:20.442+0100] {processor.py:830} INFO - Processing file /Users/harshasogala/financial-data-platform/venv/lib/python3.12/site-packages/airflow/example_dags/example_display_name.py for tasks to queue
[2026-03-13T23:32:20.443+0100] {logging_mixin.py:188} INFO - [2026-03-13T23:32:20.443+0100] {dagbag.py:545} INFO - Filling up the DagBag from /Users/harshasogala/financial-data-platform/venv/lib/python3.12/site-packages/airflow/example_dags/example_display_name.py
[2026-03-13T23:32:20.466+0100] {processor.py:840} INFO - DAG(s) 'example_display_name' retrieved from /Users/harshasogala/financial-data-platform/venv/lib/python3.12/site-packages/airflow/example_dags/example_display_name.py
[2026-03-13T23:32:20.519+0100] {logging_mixin.py:188} INFO - [2026-03-13T23:32:20.518+0100] {dag.py:3089} INFO - Sync 1 DAGs
[2026-03-13T23:32:20.561+0100] {logging_mixin.py:188} INFO - [2026-03-13T23:32:20.560+0100] {dag.py:3947} INFO - Setting next_dagrun for example_display_name to None, run_after=None
[2026-03-13T23:32:20.572+0100] {processor.py:183} INFO - Processing /Users/harshasogala/financial-data-platform/venv/lib/python3.12/site-packages/airflow/example_dags/example_display_name.py took 0.132 seconds
[2026-03-13T23:33:39.910+0100] {processor.py:161} INFO - Started process (PID=75027) to work on /Users/harshasogala/financial-data-platform/venv/lib/python3.12/site-packages/airflow/example_dags/example_display_name.py
[2026-03-13T23:33:39.911+0100] {processor.py:830} INFO - Processing file /Users/harshasogala/financial-data-platform/venv/lib/python3.12/site-packages/airflow/example_dags/example_display_name.py for tasks to queue
[2026-03-13T23:33:39.912+0100] {logging_mixin.py:188} INFO - [2026-03-13T23:33:39.911+0100] {dagbag.py:545} INFO - Filling up the DagBag from /Users/harshasogala/financial-data-platform/venv/lib/python3.12/site-packages/airflow/example_dags/example_display_name.py
[2026-03-13T23:33:39.934+0100] {processor.py:840} INFO - DAG(s) 'example_display_name' retrieved from /Users/harshasogala/financial-data-platform/venv/lib/python3.12/site-packages/airflow/example_dags/example_display_name.py
[2026-03-13T23:33:39.986+0100] {logging_mixin.py:188} INFO - [2026-03-13T23:33:39.986+0100] {dag.py:3089} INFO - Sync 1 DAGs
[2026-03-13T23:33:40.025+0100] {logging_mixin.py:188} INFO - [2026-03-13T23:33:40.025+0100] {dag.py:3947} INFO - Setting next_dagrun for example_display_name to None, run_after=None
[2026-03-13T23:33:40.036+0100] {processor.py:183} INFO - Processing /Users/harshasogala/financial-data-platform/venv/lib/python3.12/site-packages/airflow/example_dags/example_display_name.py took 0.128 seconds
