[2026-03-13T22:19:25.633+0100] {processor.py:161} INFO - Started process (PID=66043) to work on /Users/harshasogala/financial-data-platform/venv/lib/python3.12/site-packages/airflow/example_dags/example_bash_decorator.py
[2026-03-13T22:19:25.634+0100] {processor.py:830} INFO - Processing file /Users/harshasogala/financial-data-platform/venv/lib/python3.12/site-packages/airflow/example_dags/example_bash_decorator.py for tasks to queue
[2026-03-13T22:19:25.635+0100] {logging_mixin.py:188} INFO - [2026-03-13T22:19:25.635+0100] {dagbag.py:545} INFO - Filling up the DagBag from /Users/harshasogala/financial-data-platform/venv/lib/python3.12/site-packages/airflow/example_dags/example_bash_decorator.py
[2026-03-13T22:19:25.668+0100] {processor.py:840} INFO - DAG(s) 'example_bash_decorator' retrieved from /Users/harshasogala/financial-data-platform/venv/lib/python3.12/site-packages/airflow/example_dags/example_bash_decorator.py
[2026-03-13T22:19:25.770+0100] {logging_mixin.py:188} INFO - [2026-03-13T22:19:25.769+0100] {override.py:1858} INFO - Created Permission View: can delete on DAG:example_bash_decorator
[2026-03-13T22:19:25.774+0100] {logging_mixin.py:188} INFO - [2026-03-13T22:19:25.774+0100] {override.py:1858} INFO - Created Permission View: can edit on DAG:example_bash_decorator
[2026-03-13T22:19:25.777+0100] {logging_mixin.py:188} INFO - [2026-03-13T22:19:25.777+0100] {override.py:1858} INFO - Created Permission View: can read on DAG:example_bash_decorator
[2026-03-13T22:19:25.777+0100] {logging_mixin.py:188} INFO - [2026-03-13T22:19:25.777+0100] {dag.py:3089} INFO - Sync 1 DAGs
[2026-03-13T22:19:25.783+0100] {logging_mixin.py:188} INFO - [2026-03-13T22:19:25.783+0100] {dag.py:3111} INFO - Creating ORM DAG for example_bash_decorator
[2026-03-13T22:19:25.783+0100] {logging_mixin.py:188} INFO - [2026-03-13T22:19:25.783+0100] {dag.py:3947} INFO - Setting next_dagrun for example_bash_decorator to None, run_after=None
[2026-03-13T22:19:25.851+0100] {processor.py:183} INFO - Processing /Users/harshasogala/financial-data-platform/venv/lib/python3.12/site-packages/airflow/example_dags/example_bash_decorator.py took 0.220 seconds
[2026-03-13T22:22:48.343+0100] {processor.py:161} INFO - Started process (PID=66394) to work on /Users/harshasogala/financial-data-platform/venv/lib/python3.12/site-packages/airflow/example_dags/example_bash_decorator.py
[2026-03-13T22:22:48.344+0100] {processor.py:830} INFO - Processing file /Users/harshasogala/financial-data-platform/venv/lib/python3.12/site-packages/airflow/example_dags/example_bash_decorator.py for tasks to queue
[2026-03-13T22:22:48.344+0100] {logging_mixin.py:188} INFO - [2026-03-13T22:22:48.344+0100] {dagbag.py:545} INFO - Filling up the DagBag from /Users/harshasogala/financial-data-platform/venv/lib/python3.12/site-packages/airflow/example_dags/example_bash_decorator.py
[2026-03-13T22:22:48.371+0100] {processor.py:840} INFO - DAG(s) 'example_bash_decorator' retrieved from /Users/harshasogala/financial-data-platform/venv/lib/python3.12/site-packages/airflow/example_dags/example_bash_decorator.py
[2026-03-13T22:22:48.488+0100] {logging_mixin.py:188} INFO - [2026-03-13T22:22:48.488+0100] {dag.py:3089} INFO - Sync 1 DAGs
[2026-03-13T22:22:48.493+0100] {logging_mixin.py:188} INFO - [2026-03-13T22:22:48.493+0100] {dag.py:3947} INFO - Setting next_dagrun for example_bash_decorator to None, run_after=None
[2026-03-13T22:22:48.541+0100] {processor.py:183} INFO - Processing /Users/harshasogala/financial-data-platform/venv/lib/python3.12/site-packages/airflow/example_dags/example_bash_decorator.py took 0.200 seconds
[2026-03-13T22:29:25.808+0100] {processor.py:161} INFO - Started process (PID=67381) to work on /Users/harshasogala/financial-data-platform/venv/lib/python3.12/site-packages/airflow/example_dags/example_bash_decorator.py
[2026-03-13T22:29:25.809+0100] {processor.py:830} INFO - Processing file /Users/harshasogala/financial-data-platform/venv/lib/python3.12/site-packages/airflow/example_dags/example_bash_decorator.py for tasks to queue
[2026-03-13T22:29:25.810+0100] {logging_mixin.py:188} INFO - [2026-03-13T22:29:25.810+0100] {dagbag.py:545} INFO - Filling up the DagBag from /Users/harshasogala/financial-data-platform/venv/lib/python3.12/site-packages/airflow/example_dags/example_bash_decorator.py
[2026-03-13T22:29:25.837+0100] {processor.py:840} INFO - DAG(s) 'example_bash_decorator' retrieved from /Users/harshasogala/financial-data-platform/venv/lib/python3.12/site-packages/airflow/example_dags/example_bash_decorator.py
[2026-03-13T22:29:25.950+0100] {logging_mixin.py:188} INFO - [2026-03-13T22:29:25.950+0100] {dag.py:3089} INFO - Sync 1 DAGs
[2026-03-13T22:29:25.955+0100] {logging_mixin.py:188} INFO - [2026-03-13T22:29:25.955+0100] {dag.py:3947} INFO - Setting next_dagrun for example_bash_decorator to None, run_after=None
[2026-03-13T22:29:26.003+0100] {processor.py:183} INFO - Processing /Users/harshasogala/financial-data-platform/venv/lib/python3.12/site-packages/airflow/example_dags/example_bash_decorator.py took 0.197 seconds
[2026-03-13T22:30:32.513+0100] {processor.py:161} INFO - Started process (PID=67518) to work on /Users/harshasogala/financial-data-platform/venv/lib/python3.12/site-packages/airflow/example_dags/example_bash_decorator.py
[2026-03-13T22:30:32.513+0100] {processor.py:830} INFO - Processing file /Users/harshasogala/financial-data-platform/venv/lib/python3.12/site-packages/airflow/example_dags/example_bash_decorator.py for tasks to queue
[2026-03-13T22:30:32.514+0100] {logging_mixin.py:188} INFO - [2026-03-13T22:30:32.514+0100] {dagbag.py:545} INFO - Filling up the DagBag from /Users/harshasogala/financial-data-platform/venv/lib/python3.12/site-packages/airflow/example_dags/example_bash_decorator.py
[2026-03-13T22:30:32.541+0100] {processor.py:840} INFO - DAG(s) 'example_bash_decorator' retrieved from /Users/harshasogala/financial-data-platform/venv/lib/python3.12/site-packages/airflow/example_dags/example_bash_decorator.py
[2026-03-13T22:30:32.665+0100] {logging_mixin.py:188} INFO - [2026-03-13T22:30:32.665+0100] {dag.py:3089} INFO - Sync 1 DAGs
[2026-03-13T22:30:32.670+0100] {logging_mixin.py:188} INFO - [2026-03-13T22:30:32.670+0100] {dag.py:3947} INFO - Setting next_dagrun for example_bash_decorator to None, run_after=None
[2026-03-13T22:30:32.716+0100] {processor.py:183} INFO - Processing /Users/harshasogala/financial-data-platform/venv/lib/python3.12/site-packages/airflow/example_dags/example_bash_decorator.py took 0.205 seconds
[2026-03-13T22:31:46.718+0100] {processor.py:161} INFO - Started process (PID=68338) to work on /Users/harshasogala/financial-data-platform/venv/lib/python3.12/site-packages/airflow/example_dags/example_bash_decorator.py
[2026-03-13T22:31:46.719+0100] {processor.py:830} INFO - Processing file /Users/harshasogala/financial-data-platform/venv/lib/python3.12/site-packages/airflow/example_dags/example_bash_decorator.py for tasks to queue
[2026-03-13T22:31:46.719+0100] {logging_mixin.py:188} INFO - [2026-03-13T22:31:46.719+0100] {dagbag.py:545} INFO - Filling up the DagBag from /Users/harshasogala/financial-data-platform/venv/lib/python3.12/site-packages/airflow/example_dags/example_bash_decorator.py
[2026-03-13T22:31:46.745+0100] {processor.py:840} INFO - DAG(s) 'example_bash_decorator' retrieved from /Users/harshasogala/financial-data-platform/venv/lib/python3.12/site-packages/airflow/example_dags/example_bash_decorator.py
[2026-03-13T22:31:46.890+0100] {logging_mixin.py:188} INFO - [2026-03-13T22:31:46.890+0100] {dag.py:3089} INFO - Sync 1 DAGs
[2026-03-13T22:31:46.895+0100] {logging_mixin.py:188} INFO - [2026-03-13T22:31:46.895+0100] {dag.py:3947} INFO - Setting next_dagrun for example_bash_decorator to None, run_after=None
[2026-03-13T22:31:46.905+0100] {processor.py:183} INFO - Processing /Users/harshasogala/financial-data-platform/venv/lib/python3.12/site-packages/airflow/example_dags/example_bash_decorator.py took 0.189 seconds
[2026-03-13T22:33:10.119+0100] {processor.py:161} INFO - Started process (PID=69009) to work on /Users/harshasogala/financial-data-platform/venv/lib/python3.12/site-packages/airflow/example_dags/example_bash_decorator.py
[2026-03-13T22:33:10.121+0100] {processor.py:830} INFO - Processing file /Users/harshasogala/financial-data-platform/venv/lib/python3.12/site-packages/airflow/example_dags/example_bash_decorator.py for tasks to queue
[2026-03-13T22:33:10.121+0100] {logging_mixin.py:188} INFO - [2026-03-13T22:33:10.121+0100] {dagbag.py:545} INFO - Filling up the DagBag from /Users/harshasogala/financial-data-platform/venv/lib/python3.12/site-packages/airflow/example_dags/example_bash_decorator.py
[2026-03-13T22:33:10.148+0100] {processor.py:840} INFO - DAG(s) 'example_bash_decorator' retrieved from /Users/harshasogala/financial-data-platform/venv/lib/python3.12/site-packages/airflow/example_dags/example_bash_decorator.py
[2026-03-13T22:33:10.296+0100] {logging_mixin.py:188} INFO - [2026-03-13T22:33:10.296+0100] {dag.py:3089} INFO - Sync 1 DAGs
[2026-03-13T22:33:10.301+0100] {logging_mixin.py:188} INFO - [2026-03-13T22:33:10.301+0100] {dag.py:3947} INFO - Setting next_dagrun for example_bash_decorator to None, run_after=None
[2026-03-13T22:33:10.312+0100] {processor.py:183} INFO - Processing /Users/harshasogala/financial-data-platform/venv/lib/python3.12/site-packages/airflow/example_dags/example_bash_decorator.py took 0.195 seconds
[2026-03-13T22:34:33.607+0100] {processor.py:161} INFO - Started process (PID=69193) to work on /Users/harshasogala/financial-data-platform/venv/lib/python3.12/site-packages/airflow/example_dags/example_bash_decorator.py
[2026-03-13T22:34:33.609+0100] {processor.py:830} INFO - Processing file /Users/harshasogala/financial-data-platform/venv/lib/python3.12/site-packages/airflow/example_dags/example_bash_decorator.py for tasks to queue
[2026-03-13T22:34:33.609+0100] {logging_mixin.py:188} INFO - [2026-03-13T22:34:33.609+0100] {dagbag.py:545} INFO - Filling up the DagBag from /Users/harshasogala/financial-data-platform/venv/lib/python3.12/site-packages/airflow/example_dags/example_bash_decorator.py
[2026-03-13T22:34:33.636+0100] {processor.py:840} INFO - DAG(s) 'example_bash_decorator' retrieved from /Users/harshasogala/financial-data-platform/venv/lib/python3.12/site-packages/airflow/example_dags/example_bash_decorator.py
[2026-03-13T22:34:33.783+0100] {logging_mixin.py:188} INFO - [2026-03-13T22:34:33.783+0100] {dag.py:3089} INFO - Sync 1 DAGs
[2026-03-13T22:34:33.788+0100] {logging_mixin.py:188} INFO - [2026-03-13T22:34:33.788+0100] {dag.py:3947} INFO - Setting next_dagrun for example_bash_decorator to None, run_after=None
[2026-03-13T22:34:33.799+0100] {processor.py:183} INFO - Processing /Users/harshasogala/financial-data-platform/venv/lib/python3.12/site-packages/airflow/example_dags/example_bash_decorator.py took 0.193 seconds
[2026-03-13T22:35:49.327+0100] {processor.py:161} INFO - Started process (PID=69274) to work on /Users/harshasogala/financial-data-platform/venv/lib/python3.12/site-packages/airflow/example_dags/example_bash_decorator.py
[2026-03-13T22:35:49.328+0100] {processor.py:830} INFO - Processing file /Users/harshasogala/financial-data-platform/venv/lib/python3.12/site-packages/airflow/example_dags/example_bash_decorator.py for tasks to queue
[2026-03-13T22:35:49.328+0100] {logging_mixin.py:188} INFO - [2026-03-13T22:35:49.328+0100] {dagbag.py:545} INFO - Filling up the DagBag from /Users/harshasogala/financial-data-platform/venv/lib/python3.12/site-packages/airflow/example_dags/example_bash_decorator.py
[2026-03-13T22:35:49.356+0100] {processor.py:840} INFO - DAG(s) 'example_bash_decorator' retrieved from /Users/harshasogala/financial-data-platform/venv/lib/python3.12/site-packages/airflow/example_dags/example_bash_decorator.py
[2026-03-13T22:35:49.505+0100] {logging_mixin.py:188} INFO - [2026-03-13T22:35:49.504+0100] {dag.py:3089} INFO - Sync 1 DAGs
[2026-03-13T22:35:49.509+0100] {logging_mixin.py:188} INFO - [2026-03-13T22:35:49.509+0100] {dag.py:3947} INFO - Setting next_dagrun for example_bash_decorator to None, run_after=None
[2026-03-13T22:35:49.520+0100] {processor.py:183} INFO - Processing /Users/harshasogala/financial-data-platform/venv/lib/python3.12/site-packages/airflow/example_dags/example_bash_decorator.py took 0.195 seconds
[2026-03-13T22:37:03.065+0100] {processor.py:161} INFO - Started process (PID=69332) to work on /Users/harshasogala/financial-data-platform/venv/lib/python3.12/site-packages/airflow/example_dags/example_bash_decorator.py
[2026-03-13T22:37:03.066+0100] {processor.py:830} INFO - Processing file /Users/harshasogala/financial-data-platform/venv/lib/python3.12/site-packages/airflow/example_dags/example_bash_decorator.py for tasks to queue
[2026-03-13T22:37:03.067+0100] {logging_mixin.py:188} INFO - [2026-03-13T22:37:03.066+0100] {dagbag.py:545} INFO - Filling up the DagBag from /Users/harshasogala/financial-data-platform/venv/lib/python3.12/site-packages/airflow/example_dags/example_bash_decorator.py
[2026-03-13T22:37:03.094+0100] {processor.py:840} INFO - DAG(s) 'example_bash_decorator' retrieved from /Users/harshasogala/financial-data-platform/venv/lib/python3.12/site-packages/airflow/example_dags/example_bash_decorator.py
[2026-03-13T22:37:03.245+0100] {logging_mixin.py:188} INFO - [2026-03-13T22:37:03.245+0100] {dag.py:3089} INFO - Sync 1 DAGs
[2026-03-13T22:37:03.250+0100] {logging_mixin.py:188} INFO - [2026-03-13T22:37:03.250+0100] {dag.py:3947} INFO - Setting next_dagrun for example_bash_decorator to None, run_after=None
[2026-03-13T22:37:03.261+0100] {processor.py:183} INFO - Processing /Users/harshasogala/financial-data-platform/venv/lib/python3.12/site-packages/airflow/example_dags/example_bash_decorator.py took 0.198 seconds
[2026-03-13T22:38:16.969+0100] {processor.py:161} INFO - Started process (PID=69390) to work on /Users/harshasogala/financial-data-platform/venv/lib/python3.12/site-packages/airflow/example_dags/example_bash_decorator.py
[2026-03-13T22:38:16.970+0100] {processor.py:830} INFO - Processing file /Users/harshasogala/financial-data-platform/venv/lib/python3.12/site-packages/airflow/example_dags/example_bash_decorator.py for tasks to queue
[2026-03-13T22:38:16.971+0100] {logging_mixin.py:188} INFO - [2026-03-13T22:38:16.970+0100] {dagbag.py:545} INFO - Filling up the DagBag from /Users/harshasogala/financial-data-platform/venv/lib/python3.12/site-packages/airflow/example_dags/example_bash_decorator.py
[2026-03-13T22:38:16.997+0100] {processor.py:840} INFO - DAG(s) 'example_bash_decorator' retrieved from /Users/harshasogala/financial-data-platform/venv/lib/python3.12/site-packages/airflow/example_dags/example_bash_decorator.py
[2026-03-13T22:38:17.145+0100] {logging_mixin.py:188} INFO - [2026-03-13T22:38:17.145+0100] {dag.py:3089} INFO - Sync 1 DAGs
[2026-03-13T22:38:17.150+0100] {logging_mixin.py:188} INFO - [2026-03-13T22:38:17.150+0100] {dag.py:3947} INFO - Setting next_dagrun for example_bash_decorator to None, run_after=None
[2026-03-13T22:38:17.161+0100] {processor.py:183} INFO - Processing /Users/harshasogala/financial-data-platform/venv/lib/python3.12/site-packages/airflow/example_dags/example_bash_decorator.py took 0.194 seconds
[2026-03-13T22:39:31.214+0100] {processor.py:161} INFO - Started process (PID=69458) to work on /Users/harshasogala/financial-data-platform/venv/lib/python3.12/site-packages/airflow/example_dags/example_bash_decorator.py
[2026-03-13T22:39:31.215+0100] {processor.py:830} INFO - Processing file /Users/harshasogala/financial-data-platform/venv/lib/python3.12/site-packages/airflow/example_dags/example_bash_decorator.py for tasks to queue
[2026-03-13T22:39:31.216+0100] {logging_mixin.py:188} INFO - [2026-03-13T22:39:31.215+0100] {dagbag.py:545} INFO - Filling up the DagBag from /Users/harshasogala/financial-data-platform/venv/lib/python3.12/site-packages/airflow/example_dags/example_bash_decorator.py
[2026-03-13T22:39:31.244+0100] {processor.py:840} INFO - DAG(s) 'example_bash_decorator' retrieved from /Users/harshasogala/financial-data-platform/venv/lib/python3.12/site-packages/airflow/example_dags/example_bash_decorator.py
[2026-03-13T22:39:31.397+0100] {logging_mixin.py:188} INFO - [2026-03-13T22:39:31.396+0100] {dag.py:3089} INFO - Sync 1 DAGs
[2026-03-13T22:39:31.402+0100] {logging_mixin.py:188} INFO - [2026-03-13T22:39:31.402+0100] {dag.py:3947} INFO - Setting next_dagrun for example_bash_decorator to None, run_after=None
[2026-03-13T22:39:31.415+0100] {processor.py:183} INFO - Processing /Users/harshasogala/financial-data-platform/venv/lib/python3.12/site-packages/airflow/example_dags/example_bash_decorator.py took 0.202 seconds
[2026-03-13T22:40:53.409+0100] {processor.py:161} INFO - Started process (PID=69679) to work on /Users/harshasogala/financial-data-platform/venv/lib/python3.12/site-packages/airflow/example_dags/example_bash_decorator.py
[2026-03-13T22:40:53.411+0100] {processor.py:830} INFO - Processing file /Users/harshasogala/financial-data-platform/venv/lib/python3.12/site-packages/airflow/example_dags/example_bash_decorator.py for tasks to queue
[2026-03-13T22:40:53.411+0100] {logging_mixin.py:188} INFO - [2026-03-13T22:40:53.411+0100] {dagbag.py:545} INFO - Filling up the DagBag from /Users/harshasogala/financial-data-platform/venv/lib/python3.12/site-packages/airflow/example_dags/example_bash_decorator.py
[2026-03-13T22:40:53.437+0100] {processor.py:840} INFO - DAG(s) 'example_bash_decorator' retrieved from /Users/harshasogala/financial-data-platform/venv/lib/python3.12/site-packages/airflow/example_dags/example_bash_decorator.py
[2026-03-13T22:40:53.587+0100] {logging_mixin.py:188} INFO - [2026-03-13T22:40:53.586+0100] {dag.py:3089} INFO - Sync 1 DAGs
[2026-03-13T22:40:53.592+0100] {logging_mixin.py:188} INFO - [2026-03-13T22:40:53.592+0100] {dag.py:3947} INFO - Setting next_dagrun for example_bash_decorator to None, run_after=None
[2026-03-13T22:40:53.602+0100] {processor.py:183} INFO - Processing /Users/harshasogala/financial-data-platform/venv/lib/python3.12/site-packages/airflow/example_dags/example_bash_decorator.py took 0.194 seconds
[2026-03-13T22:42:11.634+0100] {processor.py:161} INFO - Started process (PID=69738) to work on /Users/harshasogala/financial-data-platform/venv/lib/python3.12/site-packages/airflow/example_dags/example_bash_decorator.py
[2026-03-13T22:42:11.635+0100] {processor.py:830} INFO - Processing file /Users/harshasogala/financial-data-platform/venv/lib/python3.12/site-packages/airflow/example_dags/example_bash_decorator.py for tasks to queue
[2026-03-13T22:42:11.636+0100] {logging_mixin.py:188} INFO - [2026-03-13T22:42:11.636+0100] {dagbag.py:545} INFO - Filling up the DagBag from /Users/harshasogala/financial-data-platform/venv/lib/python3.12/site-packages/airflow/example_dags/example_bash_decorator.py
[2026-03-13T22:42:11.662+0100] {processor.py:840} INFO - DAG(s) 'example_bash_decorator' retrieved from /Users/harshasogala/financial-data-platform/venv/lib/python3.12/site-packages/airflow/example_dags/example_bash_decorator.py
[2026-03-13T22:42:11.806+0100] {logging_mixin.py:188} INFO - [2026-03-13T22:42:11.806+0100] {dag.py:3089} INFO - Sync 1 DAGs
[2026-03-13T22:42:11.811+0100] {logging_mixin.py:188} INFO - [2026-03-13T22:42:11.811+0100] {dag.py:3947} INFO - Setting next_dagrun for example_bash_decorator to None, run_after=None
[2026-03-13T22:42:11.821+0100] {processor.py:183} INFO - Processing /Users/harshasogala/financial-data-platform/venv/lib/python3.12/site-packages/airflow/example_dags/example_bash_decorator.py took 0.189 seconds
[2026-03-13T22:43:29.984+0100] {processor.py:161} INFO - Started process (PID=69816) to work on /Users/harshasogala/financial-data-platform/venv/lib/python3.12/site-packages/airflow/example_dags/example_bash_decorator.py
[2026-03-13T22:43:29.985+0100] {processor.py:830} INFO - Processing file /Users/harshasogala/financial-data-platform/venv/lib/python3.12/site-packages/airflow/example_dags/example_bash_decorator.py for tasks to queue
[2026-03-13T22:43:29.986+0100] {logging_mixin.py:188} INFO - [2026-03-13T22:43:29.986+0100] {dagbag.py:545} INFO - Filling up the DagBag from /Users/harshasogala/financial-data-platform/venv/lib/python3.12/site-packages/airflow/example_dags/example_bash_decorator.py
[2026-03-13T22:43:30.019+0100] {processor.py:840} INFO - DAG(s) 'example_bash_decorator' retrieved from /Users/harshasogala/financial-data-platform/venv/lib/python3.12/site-packages/airflow/example_dags/example_bash_decorator.py
[2026-03-13T22:43:30.186+0100] {logging_mixin.py:188} INFO - [2026-03-13T22:43:30.186+0100] {dag.py:3089} INFO - Sync 1 DAGs
[2026-03-13T22:43:30.191+0100] {logging_mixin.py:188} INFO - [2026-03-13T22:43:30.191+0100] {dag.py:3947} INFO - Setting next_dagrun for example_bash_decorator to None, run_after=None
[2026-03-13T22:43:30.202+0100] {processor.py:183} INFO - Processing /Users/harshasogala/financial-data-platform/venv/lib/python3.12/site-packages/airflow/example_dags/example_bash_decorator.py took 0.220 seconds
[2026-03-13T22:44:51.881+0100] {processor.py:161} INFO - Started process (PID=70057) to work on /Users/harshasogala/financial-data-platform/venv/lib/python3.12/site-packages/airflow/example_dags/example_bash_decorator.py
[2026-03-13T22:44:51.883+0100] {processor.py:830} INFO - Processing file /Users/harshasogala/financial-data-platform/venv/lib/python3.12/site-packages/airflow/example_dags/example_bash_decorator.py for tasks to queue
[2026-03-13T22:44:51.883+0100] {logging_mixin.py:188} INFO - [2026-03-13T22:44:51.883+0100] {dagbag.py:545} INFO - Filling up the DagBag from /Users/harshasogala/financial-data-platform/venv/lib/python3.12/site-packages/airflow/example_dags/example_bash_decorator.py
[2026-03-13T22:44:51.909+0100] {processor.py:840} INFO - DAG(s) 'example_bash_decorator' retrieved from /Users/harshasogala/financial-data-platform/venv/lib/python3.12/site-packages/airflow/example_dags/example_bash_decorator.py
[2026-03-13T22:44:52.064+0100] {logging_mixin.py:188} INFO - [2026-03-13T22:44:52.063+0100] {dag.py:3089} INFO - Sync 1 DAGs
[2026-03-13T22:44:52.069+0100] {logging_mixin.py:188} INFO - [2026-03-13T22:44:52.069+0100] {dag.py:3947} INFO - Setting next_dagrun for example_bash_decorator to None, run_after=None
[2026-03-13T22:44:52.080+0100] {processor.py:183} INFO - Processing /Users/harshasogala/financial-data-platform/venv/lib/python3.12/site-packages/airflow/example_dags/example_bash_decorator.py took 0.201 seconds
[2026-03-13T22:46:28.356+0100] {processor.py:161} INFO - Started process (PID=70589) to work on /Users/harshasogala/financial-data-platform/venv/lib/python3.12/site-packages/airflow/example_dags/example_bash_decorator.py
[2026-03-13T22:46:28.357+0100] {processor.py:830} INFO - Processing file /Users/harshasogala/financial-data-platform/venv/lib/python3.12/site-packages/airflow/example_dags/example_bash_decorator.py for tasks to queue
[2026-03-13T22:46:28.357+0100] {logging_mixin.py:188} INFO - [2026-03-13T22:46:28.357+0100] {dagbag.py:545} INFO - Filling up the DagBag from /Users/harshasogala/financial-data-platform/venv/lib/python3.12/site-packages/airflow/example_dags/example_bash_decorator.py
[2026-03-13T22:46:28.383+0100] {processor.py:840} INFO - DAG(s) 'example_bash_decorator' retrieved from /Users/harshasogala/financial-data-platform/venv/lib/python3.12/site-packages/airflow/example_dags/example_bash_decorator.py
[2026-03-13T22:46:28.527+0100] {logging_mixin.py:188} INFO - [2026-03-13T22:46:28.527+0100] {dag.py:3089} INFO - Sync 1 DAGs
[2026-03-13T22:46:28.532+0100] {logging_mixin.py:188} INFO - [2026-03-13T22:46:28.532+0100] {dag.py:3947} INFO - Setting next_dagrun for example_bash_decorator to None, run_after=None
[2026-03-13T22:46:28.542+0100] {processor.py:183} INFO - Processing /Users/harshasogala/financial-data-platform/venv/lib/python3.12/site-packages/airflow/example_dags/example_bash_decorator.py took 0.188 seconds
[2026-03-13T22:47:52.798+0100] {processor.py:161} INFO - Started process (PID=71392) to work on /Users/harshasogala/financial-data-platform/venv/lib/python3.12/site-packages/airflow/example_dags/example_bash_decorator.py
[2026-03-13T22:47:52.799+0100] {processor.py:830} INFO - Processing file /Users/harshasogala/financial-data-platform/venv/lib/python3.12/site-packages/airflow/example_dags/example_bash_decorator.py for tasks to queue
[2026-03-13T22:47:52.800+0100] {logging_mixin.py:188} INFO - [2026-03-13T22:47:52.800+0100] {dagbag.py:545} INFO - Filling up the DagBag from /Users/harshasogala/financial-data-platform/venv/lib/python3.12/site-packages/airflow/example_dags/example_bash_decorator.py
[2026-03-13T22:47:52.827+0100] {processor.py:840} INFO - DAG(s) 'example_bash_decorator' retrieved from /Users/harshasogala/financial-data-platform/venv/lib/python3.12/site-packages/airflow/example_dags/example_bash_decorator.py
[2026-03-13T22:47:52.973+0100] {logging_mixin.py:188} INFO - [2026-03-13T22:47:52.973+0100] {dag.py:3089} INFO - Sync 1 DAGs
[2026-03-13T22:47:52.978+0100] {logging_mixin.py:188} INFO - [2026-03-13T22:47:52.977+0100] {dag.py:3947} INFO - Setting next_dagrun for example_bash_decorator to None, run_after=None
[2026-03-13T22:47:52.988+0100] {processor.py:183} INFO - Processing /Users/harshasogala/financial-data-platform/venv/lib/python3.12/site-packages/airflow/example_dags/example_bash_decorator.py took 0.192 seconds
[2026-03-13T22:49:10.918+0100] {processor.py:161} INFO - Started process (PID=71466) to work on /Users/harshasogala/financial-data-platform/venv/lib/python3.12/site-packages/airflow/example_dags/example_bash_decorator.py
[2026-03-13T22:49:10.919+0100] {processor.py:830} INFO - Processing file /Users/harshasogala/financial-data-platform/venv/lib/python3.12/site-packages/airflow/example_dags/example_bash_decorator.py for tasks to queue
[2026-03-13T22:49:10.920+0100] {logging_mixin.py:188} INFO - [2026-03-13T22:49:10.919+0100] {dagbag.py:545} INFO - Filling up the DagBag from /Users/harshasogala/financial-data-platform/venv/lib/python3.12/site-packages/airflow/example_dags/example_bash_decorator.py
[2026-03-13T22:49:10.947+0100] {processor.py:840} INFO - DAG(s) 'example_bash_decorator' retrieved from /Users/harshasogala/financial-data-platform/venv/lib/python3.12/site-packages/airflow/example_dags/example_bash_decorator.py
[2026-03-13T22:49:11.094+0100] {logging_mixin.py:188} INFO - [2026-03-13T22:49:11.094+0100] {dag.py:3089} INFO - Sync 1 DAGs
[2026-03-13T22:49:11.099+0100] {logging_mixin.py:188} INFO - [2026-03-13T22:49:11.099+0100] {dag.py:3947} INFO - Setting next_dagrun for example_bash_decorator to None, run_after=None
[2026-03-13T22:49:11.110+0100] {processor.py:183} INFO - Processing /Users/harshasogala/financial-data-platform/venv/lib/python3.12/site-packages/airflow/example_dags/example_bash_decorator.py took 0.194 seconds
[2026-03-13T22:50:35.621+0100] {processor.py:161} INFO - Started process (PID=71719) to work on /Users/harshasogala/financial-data-platform/venv/lib/python3.12/site-packages/airflow/example_dags/example_bash_decorator.py
[2026-03-13T22:50:35.623+0100] {processor.py:830} INFO - Processing file /Users/harshasogala/financial-data-platform/venv/lib/python3.12/site-packages/airflow/example_dags/example_bash_decorator.py for tasks to queue
[2026-03-13T22:50:35.624+0100] {logging_mixin.py:188} INFO - [2026-03-13T22:50:35.623+0100] {dagbag.py:545} INFO - Filling up the DagBag from /Users/harshasogala/financial-data-platform/venv/lib/python3.12/site-packages/airflow/example_dags/example_bash_decorator.py
[2026-03-13T22:50:35.686+0100] {processor.py:840} INFO - DAG(s) 'example_bash_decorator' retrieved from /Users/harshasogala/financial-data-platform/venv/lib/python3.12/site-packages/airflow/example_dags/example_bash_decorator.py
[2026-03-13T22:50:36.242+0100] {logging_mixin.py:188} INFO - [2026-03-13T22:50:36.242+0100] {dag.py:3089} INFO - Sync 1 DAGs
[2026-03-13T22:50:36.266+0100] {logging_mixin.py:188} INFO - [2026-03-13T22:50:36.266+0100] {dag.py:3947} INFO - Setting next_dagrun for example_bash_decorator to None, run_after=None
[2026-03-13T22:50:36.294+0100] {processor.py:183} INFO - Processing /Users/harshasogala/financial-data-platform/venv/lib/python3.12/site-packages/airflow/example_dags/example_bash_decorator.py took 0.678 seconds
[2026-03-13T22:51:59.509+0100] {processor.py:161} INFO - Started process (PID=72077) to work on /Users/harshasogala/financial-data-platform/venv/lib/python3.12/site-packages/airflow/example_dags/example_bash_decorator.py
[2026-03-13T22:51:59.510+0100] {processor.py:830} INFO - Processing file /Users/harshasogala/financial-data-platform/venv/lib/python3.12/site-packages/airflow/example_dags/example_bash_decorator.py for tasks to queue
[2026-03-13T22:51:59.511+0100] {logging_mixin.py:188} INFO - [2026-03-13T22:51:59.511+0100] {dagbag.py:545} INFO - Filling up the DagBag from /Users/harshasogala/financial-data-platform/venv/lib/python3.12/site-packages/airflow/example_dags/example_bash_decorator.py
[2026-03-13T22:51:59.537+0100] {processor.py:840} INFO - DAG(s) 'example_bash_decorator' retrieved from /Users/harshasogala/financial-data-platform/venv/lib/python3.12/site-packages/airflow/example_dags/example_bash_decorator.py
[2026-03-13T22:51:59.685+0100] {logging_mixin.py:188} INFO - [2026-03-13T22:51:59.685+0100] {dag.py:3089} INFO - Sync 1 DAGs
[2026-03-13T22:51:59.690+0100] {logging_mixin.py:188} INFO - [2026-03-13T22:51:59.689+0100] {dag.py:3947} INFO - Setting next_dagrun for example_bash_decorator to None, run_after=None
[2026-03-13T22:51:59.701+0100] {processor.py:183} INFO - Processing /Users/harshasogala/financial-data-platform/venv/lib/python3.12/site-packages/airflow/example_dags/example_bash_decorator.py took 0.194 seconds
[2026-03-13T22:53:15.005+0100] {processor.py:161} INFO - Started process (PID=72402) to work on /Users/harshasogala/financial-data-platform/venv/lib/python3.12/site-packages/airflow/example_dags/example_bash_decorator.py
[2026-03-13T22:53:15.006+0100] {processor.py:830} INFO - Processing file /Users/harshasogala/financial-data-platform/venv/lib/python3.12/site-packages/airflow/example_dags/example_bash_decorator.py for tasks to queue
[2026-03-13T22:53:15.006+0100] {logging_mixin.py:188} INFO - [2026-03-13T22:53:15.006+0100] {dagbag.py:545} INFO - Filling up the DagBag from /Users/harshasogala/financial-data-platform/venv/lib/python3.12/site-packages/airflow/example_dags/example_bash_decorator.py
[2026-03-13T22:53:15.034+0100] {processor.py:840} INFO - DAG(s) 'example_bash_decorator' retrieved from /Users/harshasogala/financial-data-platform/venv/lib/python3.12/site-packages/airflow/example_dags/example_bash_decorator.py
[2026-03-13T22:53:15.218+0100] {logging_mixin.py:188} INFO - [2026-03-13T22:53:15.218+0100] {dag.py:3089} INFO - Sync 1 DAGs
[2026-03-13T22:53:15.225+0100] {logging_mixin.py:188} INFO - [2026-03-13T22:53:15.224+0100] {dag.py:3947} INFO - Setting next_dagrun for example_bash_decorator to None, run_after=None
[2026-03-13T22:53:15.243+0100] {processor.py:183} INFO - Processing /Users/harshasogala/financial-data-platform/venv/lib/python3.12/site-packages/airflow/example_dags/example_bash_decorator.py took 0.240 seconds
[2026-03-13T22:54:38.767+0100] {processor.py:161} INFO - Started process (PID=72502) to work on /Users/harshasogala/financial-data-platform/venv/lib/python3.12/site-packages/airflow/example_dags/example_bash_decorator.py
[2026-03-13T22:54:38.767+0100] {processor.py:830} INFO - Processing file /Users/harshasogala/financial-data-platform/venv/lib/python3.12/site-packages/airflow/example_dags/example_bash_decorator.py for tasks to queue
[2026-03-13T22:54:38.768+0100] {logging_mixin.py:188} INFO - [2026-03-13T22:54:38.768+0100] {dagbag.py:545} INFO - Filling up the DagBag from /Users/harshasogala/financial-data-platform/venv/lib/python3.12/site-packages/airflow/example_dags/example_bash_decorator.py
[2026-03-13T22:54:38.795+0100] {processor.py:840} INFO - DAG(s) 'example_bash_decorator' retrieved from /Users/harshasogala/financial-data-platform/venv/lib/python3.12/site-packages/airflow/example_dags/example_bash_decorator.py
[2026-03-13T22:54:38.941+0100] {logging_mixin.py:188} INFO - [2026-03-13T22:54:38.941+0100] {dag.py:3089} INFO - Sync 1 DAGs
[2026-03-13T22:54:38.953+0100] {logging_mixin.py:188} INFO - [2026-03-13T22:54:38.952+0100] {dag.py:3947} INFO - Setting next_dagrun for example_bash_decorator to None, run_after=None
[2026-03-13T22:54:38.983+0100] {processor.py:183} INFO - Processing /Users/harshasogala/financial-data-platform/venv/lib/python3.12/site-packages/airflow/example_dags/example_bash_decorator.py took 0.218 seconds
[2026-03-13T22:56:01.760+0100] {processor.py:161} INFO - Started process (PID=72587) to work on /Users/harshasogala/financial-data-platform/venv/lib/python3.12/site-packages/airflow/example_dags/example_bash_decorator.py
[2026-03-13T22:56:01.761+0100] {processor.py:830} INFO - Processing file /Users/harshasogala/financial-data-platform/venv/lib/python3.12/site-packages/airflow/example_dags/example_bash_decorator.py for tasks to queue
[2026-03-13T22:56:01.762+0100] {logging_mixin.py:188} INFO - [2026-03-13T22:56:01.762+0100] {dagbag.py:545} INFO - Filling up the DagBag from /Users/harshasogala/financial-data-platform/venv/lib/python3.12/site-packages/airflow/example_dags/example_bash_decorator.py
[2026-03-13T22:56:01.800+0100] {processor.py:840} INFO - DAG(s) 'example_bash_decorator' retrieved from /Users/harshasogala/financial-data-platform/venv/lib/python3.12/site-packages/airflow/example_dags/example_bash_decorator.py
[2026-03-13T22:56:01.985+0100] {logging_mixin.py:188} INFO - [2026-03-13T22:56:01.985+0100] {dag.py:3089} INFO - Sync 1 DAGs
[2026-03-13T22:56:01.990+0100] {logging_mixin.py:188} INFO - [2026-03-13T22:56:01.990+0100] {dag.py:3947} INFO - Setting next_dagrun for example_bash_decorator to None, run_after=None
[2026-03-13T22:56:02.001+0100] {processor.py:183} INFO - Processing /Users/harshasogala/financial-data-platform/venv/lib/python3.12/site-packages/airflow/example_dags/example_bash_decorator.py took 0.244 seconds
[2026-03-13T22:57:22.395+0100] {processor.py:161} INFO - Started process (PID=72662) to work on /Users/harshasogala/financial-data-platform/venv/lib/python3.12/site-packages/airflow/example_dags/example_bash_decorator.py
[2026-03-13T22:57:22.398+0100] {processor.py:830} INFO - Processing file /Users/harshasogala/financial-data-platform/venv/lib/python3.12/site-packages/airflow/example_dags/example_bash_decorator.py for tasks to queue
[2026-03-13T22:57:22.398+0100] {logging_mixin.py:188} INFO - [2026-03-13T22:57:22.398+0100] {dagbag.py:545} INFO - Filling up the DagBag from /Users/harshasogala/financial-data-platform/venv/lib/python3.12/site-packages/airflow/example_dags/example_bash_decorator.py
[2026-03-13T22:57:22.425+0100] {processor.py:840} INFO - DAG(s) 'example_bash_decorator' retrieved from /Users/harshasogala/financial-data-platform/venv/lib/python3.12/site-packages/airflow/example_dags/example_bash_decorator.py
[2026-03-13T22:57:22.583+0100] {logging_mixin.py:188} INFO - [2026-03-13T22:57:22.583+0100] {dag.py:3089} INFO - Sync 1 DAGs
[2026-03-13T22:57:22.589+0100] {logging_mixin.py:188} INFO - [2026-03-13T22:57:22.589+0100] {dag.py:3947} INFO - Setting next_dagrun for example_bash_decorator to None, run_after=None
[2026-03-13T22:57:22.603+0100] {processor.py:183} INFO - Processing /Users/harshasogala/financial-data-platform/venv/lib/python3.12/site-packages/airflow/example_dags/example_bash_decorator.py took 0.209 seconds
[2026-03-13T22:58:44.124+0100] {processor.py:161} INFO - Started process (PID=72732) to work on /Users/harshasogala/financial-data-platform/venv/lib/python3.12/site-packages/airflow/example_dags/example_bash_decorator.py
[2026-03-13T22:58:44.126+0100] {processor.py:830} INFO - Processing file /Users/harshasogala/financial-data-platform/venv/lib/python3.12/site-packages/airflow/example_dags/example_bash_decorator.py for tasks to queue
[2026-03-13T22:58:44.126+0100] {logging_mixin.py:188} INFO - [2026-03-13T22:58:44.126+0100] {dagbag.py:545} INFO - Filling up the DagBag from /Users/harshasogala/financial-data-platform/venv/lib/python3.12/site-packages/airflow/example_dags/example_bash_decorator.py
[2026-03-13T22:58:44.153+0100] {processor.py:840} INFO - DAG(s) 'example_bash_decorator' retrieved from /Users/harshasogala/financial-data-platform/venv/lib/python3.12/site-packages/airflow/example_dags/example_bash_decorator.py
[2026-03-13T22:58:44.299+0100] {logging_mixin.py:188} INFO - [2026-03-13T22:58:44.299+0100] {dag.py:3089} INFO - Sync 1 DAGs
[2026-03-13T22:58:44.304+0100] {logging_mixin.py:188} INFO - [2026-03-13T22:58:44.304+0100] {dag.py:3947} INFO - Setting next_dagrun for example_bash_decorator to None, run_after=None
[2026-03-13T22:58:44.315+0100] {processor.py:183} INFO - Processing /Users/harshasogala/financial-data-platform/venv/lib/python3.12/site-packages/airflow/example_dags/example_bash_decorator.py took 0.192 seconds
[2026-03-13T23:00:02.450+0100] {processor.py:161} INFO - Started process (PID=72801) to work on /Users/harshasogala/financial-data-platform/venv/lib/python3.12/site-packages/airflow/example_dags/example_bash_decorator.py
[2026-03-13T23:00:02.452+0100] {processor.py:830} INFO - Processing file /Users/harshasogala/financial-data-platform/venv/lib/python3.12/site-packages/airflow/example_dags/example_bash_decorator.py for tasks to queue
[2026-03-13T23:00:02.452+0100] {logging_mixin.py:188} INFO - [2026-03-13T23:00:02.452+0100] {dagbag.py:545} INFO - Filling up the DagBag from /Users/harshasogala/financial-data-platform/venv/lib/python3.12/site-packages/airflow/example_dags/example_bash_decorator.py
[2026-03-13T23:00:02.478+0100] {processor.py:840} INFO - DAG(s) 'example_bash_decorator' retrieved from /Users/harshasogala/financial-data-platform/venv/lib/python3.12/site-packages/airflow/example_dags/example_bash_decorator.py
[2026-03-13T23:00:02.622+0100] {logging_mixin.py:188} INFO - [2026-03-13T23:00:02.622+0100] {dag.py:3089} INFO - Sync 1 DAGs
[2026-03-13T23:00:02.627+0100] {logging_mixin.py:188} INFO - [2026-03-13T23:00:02.627+0100] {dag.py:3947} INFO - Setting next_dagrun for example_bash_decorator to None, run_after=None
[2026-03-13T23:00:02.638+0100] {processor.py:183} INFO - Processing /Users/harshasogala/financial-data-platform/venv/lib/python3.12/site-packages/airflow/example_dags/example_bash_decorator.py took 0.189 seconds
[2026-03-13T23:01:22.389+0100] {processor.py:161} INFO - Started process (PID=72870) to work on /Users/harshasogala/financial-data-platform/venv/lib/python3.12/site-packages/airflow/example_dags/example_bash_decorator.py
[2026-03-13T23:01:22.390+0100] {processor.py:830} INFO - Processing file /Users/harshasogala/financial-data-platform/venv/lib/python3.12/site-packages/airflow/example_dags/example_bash_decorator.py for tasks to queue
[2026-03-13T23:01:22.390+0100] {logging_mixin.py:188} INFO - [2026-03-13T23:01:22.390+0100] {dagbag.py:545} INFO - Filling up the DagBag from /Users/harshasogala/financial-data-platform/venv/lib/python3.12/site-packages/airflow/example_dags/example_bash_decorator.py
[2026-03-13T23:01:22.417+0100] {processor.py:840} INFO - DAG(s) 'example_bash_decorator' retrieved from /Users/harshasogala/financial-data-platform/venv/lib/python3.12/site-packages/airflow/example_dags/example_bash_decorator.py
[2026-03-13T23:01:22.565+0100] {logging_mixin.py:188} INFO - [2026-03-13T23:01:22.565+0100] {dag.py:3089} INFO - Sync 1 DAGs
[2026-03-13T23:01:22.570+0100] {logging_mixin.py:188} INFO - [2026-03-13T23:01:22.569+0100] {dag.py:3947} INFO - Setting next_dagrun for example_bash_decorator to None, run_after=None
[2026-03-13T23:01:22.580+0100] {processor.py:183} INFO - Processing /Users/harshasogala/financial-data-platform/venv/lib/python3.12/site-packages/airflow/example_dags/example_bash_decorator.py took 0.193 seconds
[2026-03-13T23:02:40.807+0100] {processor.py:161} INFO - Started process (PID=72928) to work on /Users/harshasogala/financial-data-platform/venv/lib/python3.12/site-packages/airflow/example_dags/example_bash_decorator.py
[2026-03-13T23:02:40.808+0100] {processor.py:830} INFO - Processing file /Users/harshasogala/financial-data-platform/venv/lib/python3.12/site-packages/airflow/example_dags/example_bash_decorator.py for tasks to queue
[2026-03-13T23:02:40.808+0100] {logging_mixin.py:188} INFO - [2026-03-13T23:02:40.808+0100] {dagbag.py:545} INFO - Filling up the DagBag from /Users/harshasogala/financial-data-platform/venv/lib/python3.12/site-packages/airflow/example_dags/example_bash_decorator.py
[2026-03-13T23:02:40.835+0100] {processor.py:840} INFO - DAG(s) 'example_bash_decorator' retrieved from /Users/harshasogala/financial-data-platform/venv/lib/python3.12/site-packages/airflow/example_dags/example_bash_decorator.py
[2026-03-13T23:02:41.010+0100] {logging_mixin.py:188} INFO - [2026-03-13T23:02:41.009+0100] {dag.py:3089} INFO - Sync 1 DAGs
[2026-03-13T23:02:41.027+0100] {logging_mixin.py:188} INFO - [2026-03-13T23:02:41.027+0100] {dag.py:3947} INFO - Setting next_dagrun for example_bash_decorator to None, run_after=None
[2026-03-13T23:02:41.067+0100] {processor.py:183} INFO - Processing /Users/harshasogala/financial-data-platform/venv/lib/python3.12/site-packages/airflow/example_dags/example_bash_decorator.py took 0.262 seconds
[2026-03-13T23:04:00.440+0100] {processor.py:161} INFO - Started process (PID=72989) to work on /Users/harshasogala/financial-data-platform/venv/lib/python3.12/site-packages/airflow/example_dags/example_bash_decorator.py
[2026-03-13T23:04:00.442+0100] {processor.py:830} INFO - Processing file /Users/harshasogala/financial-data-platform/venv/lib/python3.12/site-packages/airflow/example_dags/example_bash_decorator.py for tasks to queue
[2026-03-13T23:04:00.442+0100] {logging_mixin.py:188} INFO - [2026-03-13T23:04:00.442+0100] {dagbag.py:545} INFO - Filling up the DagBag from /Users/harshasogala/financial-data-platform/venv/lib/python3.12/site-packages/airflow/example_dags/example_bash_decorator.py
[2026-03-13T23:04:00.468+0100] {processor.py:840} INFO - DAG(s) 'example_bash_decorator' retrieved from /Users/harshasogala/financial-data-platform/venv/lib/python3.12/site-packages/airflow/example_dags/example_bash_decorator.py
[2026-03-13T23:04:00.608+0100] {logging_mixin.py:188} INFO - [2026-03-13T23:04:00.608+0100] {dag.py:3089} INFO - Sync 1 DAGs
[2026-03-13T23:04:00.613+0100] {logging_mixin.py:188} INFO - [2026-03-13T23:04:00.613+0100] {dag.py:3947} INFO - Setting next_dagrun for example_bash_decorator to None, run_after=None
[2026-03-13T23:04:00.626+0100] {processor.py:183} INFO - Processing /Users/harshasogala/financial-data-platform/venv/lib/python3.12/site-packages/airflow/example_dags/example_bash_decorator.py took 0.188 seconds
[2026-03-13T23:05:17.857+0100] {processor.py:161} INFO - Started process (PID=73047) to work on /Users/harshasogala/financial-data-platform/venv/lib/python3.12/site-packages/airflow/example_dags/example_bash_decorator.py
[2026-03-13T23:05:17.858+0100] {processor.py:830} INFO - Processing file /Users/harshasogala/financial-data-platform/venv/lib/python3.12/site-packages/airflow/example_dags/example_bash_decorator.py for tasks to queue
[2026-03-13T23:05:17.859+0100] {logging_mixin.py:188} INFO - [2026-03-13T23:05:17.858+0100] {dagbag.py:545} INFO - Filling up the DagBag from /Users/harshasogala/financial-data-platform/venv/lib/python3.12/site-packages/airflow/example_dags/example_bash_decorator.py
[2026-03-13T23:05:17.885+0100] {processor.py:840} INFO - DAG(s) 'example_bash_decorator' retrieved from /Users/harshasogala/financial-data-platform/venv/lib/python3.12/site-packages/airflow/example_dags/example_bash_decorator.py
[2026-03-13T23:05:18.028+0100] {logging_mixin.py:188} INFO - [2026-03-13T23:05:18.028+0100] {dag.py:3089} INFO - Sync 1 DAGs
[2026-03-13T23:05:18.033+0100] {logging_mixin.py:188} INFO - [2026-03-13T23:05:18.033+0100] {dag.py:3947} INFO - Setting next_dagrun for example_bash_decorator to None, run_after=None
[2026-03-13T23:05:18.044+0100] {processor.py:183} INFO - Processing /Users/harshasogala/financial-data-platform/venv/lib/python3.12/site-packages/airflow/example_dags/example_bash_decorator.py took 0.188 seconds
[2026-03-13T23:06:35.717+0100] {processor.py:161} INFO - Started process (PID=73117) to work on /Users/harshasogala/financial-data-platform/venv/lib/python3.12/site-packages/airflow/example_dags/example_bash_decorator.py
[2026-03-13T23:06:35.718+0100] {processor.py:830} INFO - Processing file /Users/harshasogala/financial-data-platform/venv/lib/python3.12/site-packages/airflow/example_dags/example_bash_decorator.py for tasks to queue
[2026-03-13T23:06:35.718+0100] {logging_mixin.py:188} INFO - [2026-03-13T23:06:35.718+0100] {dagbag.py:545} INFO - Filling up the DagBag from /Users/harshasogala/financial-data-platform/venv/lib/python3.12/site-packages/airflow/example_dags/example_bash_decorator.py
[2026-03-13T23:06:35.831+0100] {processor.py:840} INFO - DAG(s) 'example_bash_decorator' retrieved from /Users/harshasogala/financial-data-platform/venv/lib/python3.12/site-packages/airflow/example_dags/example_bash_decorator.py
[2026-03-13T23:06:35.985+0100] {logging_mixin.py:188} INFO - [2026-03-13T23:06:35.985+0100] {dag.py:3089} INFO - Sync 1 DAGs
[2026-03-13T23:06:35.990+0100] {logging_mixin.py:188} INFO - [2026-03-13T23:06:35.990+0100] {dag.py:3947} INFO - Setting next_dagrun for example_bash_decorator to None, run_after=None
[2026-03-13T23:06:36.001+0100] {processor.py:183} INFO - Processing /Users/harshasogala/financial-data-platform/venv/lib/python3.12/site-packages/airflow/example_dags/example_bash_decorator.py took 0.287 seconds
[2026-03-13T23:07:58.505+0100] {processor.py:161} INFO - Started process (PID=73182) to work on /Users/harshasogala/financial-data-platform/venv/lib/python3.12/site-packages/airflow/example_dags/example_bash_decorator.py
[2026-03-13T23:07:58.506+0100] {processor.py:830} INFO - Processing file /Users/harshasogala/financial-data-platform/venv/lib/python3.12/site-packages/airflow/example_dags/example_bash_decorator.py for tasks to queue
[2026-03-13T23:07:58.507+0100] {logging_mixin.py:188} INFO - [2026-03-13T23:07:58.506+0100] {dagbag.py:545} INFO - Filling up the DagBag from /Users/harshasogala/financial-data-platform/venv/lib/python3.12/site-packages/airflow/example_dags/example_bash_decorator.py
[2026-03-13T23:07:58.533+0100] {processor.py:840} INFO - DAG(s) 'example_bash_decorator' retrieved from /Users/harshasogala/financial-data-platform/venv/lib/python3.12/site-packages/airflow/example_dags/example_bash_decorator.py
[2026-03-13T23:07:58.677+0100] {logging_mixin.py:188} INFO - [2026-03-13T23:07:58.677+0100] {dag.py:3089} INFO - Sync 1 DAGs
[2026-03-13T23:07:58.682+0100] {logging_mixin.py:188} INFO - [2026-03-13T23:07:58.682+0100] {dag.py:3947} INFO - Setting next_dagrun for example_bash_decorator to None, run_after=None
[2026-03-13T23:07:58.693+0100] {processor.py:183} INFO - Processing /Users/harshasogala/financial-data-platform/venv/lib/python3.12/site-packages/airflow/example_dags/example_bash_decorator.py took 0.190 seconds
[2026-03-13T23:09:12.154+0100] {processor.py:161} INFO - Started process (PID=73242) to work on /Users/harshasogala/financial-data-platform/venv/lib/python3.12/site-packages/airflow/example_dags/example_bash_decorator.py
[2026-03-13T23:09:12.155+0100] {processor.py:830} INFO - Processing file /Users/harshasogala/financial-data-platform/venv/lib/python3.12/site-packages/airflow/example_dags/example_bash_decorator.py for tasks to queue
[2026-03-13T23:09:12.156+0100] {logging_mixin.py:188} INFO - [2026-03-13T23:09:12.155+0100] {dagbag.py:545} INFO - Filling up the DagBag from /Users/harshasogala/financial-data-platform/venv/lib/python3.12/site-packages/airflow/example_dags/example_bash_decorator.py
[2026-03-13T23:09:12.185+0100] {processor.py:840} INFO - DAG(s) 'example_bash_decorator' retrieved from /Users/harshasogala/financial-data-platform/venv/lib/python3.12/site-packages/airflow/example_dags/example_bash_decorator.py
[2026-03-13T23:09:12.333+0100] {logging_mixin.py:188} INFO - [2026-03-13T23:09:12.333+0100] {dag.py:3089} INFO - Sync 1 DAGs
[2026-03-13T23:09:12.338+0100] {logging_mixin.py:188} INFO - [2026-03-13T23:09:12.338+0100] {dag.py:3947} INFO - Setting next_dagrun for example_bash_decorator to None, run_after=None
[2026-03-13T23:09:12.349+0100] {processor.py:183} INFO - Processing /Users/harshasogala/financial-data-platform/venv/lib/python3.12/site-packages/airflow/example_dags/example_bash_decorator.py took 0.197 seconds
[2026-03-13T23:10:24.220+0100] {processor.py:161} INFO - Started process (PID=73298) to work on /Users/harshasogala/financial-data-platform/venv/lib/python3.12/site-packages/airflow/example_dags/example_bash_decorator.py
[2026-03-13T23:10:24.221+0100] {processor.py:830} INFO - Processing file /Users/harshasogala/financial-data-platform/venv/lib/python3.12/site-packages/airflow/example_dags/example_bash_decorator.py for tasks to queue
[2026-03-13T23:10:24.221+0100] {logging_mixin.py:188} INFO - [2026-03-13T23:10:24.221+0100] {dagbag.py:545} INFO - Filling up the DagBag from /Users/harshasogala/financial-data-platform/venv/lib/python3.12/site-packages/airflow/example_dags/example_bash_decorator.py
[2026-03-13T23:10:24.248+0100] {processor.py:840} INFO - DAG(s) 'example_bash_decorator' retrieved from /Users/harshasogala/financial-data-platform/venv/lib/python3.12/site-packages/airflow/example_dags/example_bash_decorator.py
[2026-03-13T23:10:24.393+0100] {logging_mixin.py:188} INFO - [2026-03-13T23:10:24.393+0100] {dag.py:3089} INFO - Sync 1 DAGs
[2026-03-13T23:10:24.398+0100] {logging_mixin.py:188} INFO - [2026-03-13T23:10:24.398+0100] {dag.py:3947} INFO - Setting next_dagrun for example_bash_decorator to None, run_after=None
[2026-03-13T23:10:24.410+0100] {processor.py:183} INFO - Processing /Users/harshasogala/financial-data-platform/venv/lib/python3.12/site-packages/airflow/example_dags/example_bash_decorator.py took 0.192 seconds
[2026-03-13T23:11:37.681+0100] {processor.py:161} INFO - Started process (PID=73367) to work on /Users/harshasogala/financial-data-platform/venv/lib/python3.12/site-packages/airflow/example_dags/example_bash_decorator.py
[2026-03-13T23:11:37.682+0100] {processor.py:830} INFO - Processing file /Users/harshasogala/financial-data-platform/venv/lib/python3.12/site-packages/airflow/example_dags/example_bash_decorator.py for tasks to queue
[2026-03-13T23:11:37.683+0100] {logging_mixin.py:188} INFO - [2026-03-13T23:11:37.682+0100] {dagbag.py:545} INFO - Filling up the DagBag from /Users/harshasogala/financial-data-platform/venv/lib/python3.12/site-packages/airflow/example_dags/example_bash_decorator.py
[2026-03-13T23:11:37.716+0100] {processor.py:840} INFO - DAG(s) 'example_bash_decorator' retrieved from /Users/harshasogala/financial-data-platform/venv/lib/python3.12/site-packages/airflow/example_dags/example_bash_decorator.py
[2026-03-13T23:11:37.874+0100] {logging_mixin.py:188} INFO - [2026-03-13T23:11:37.874+0100] {dag.py:3089} INFO - Sync 1 DAGs
[2026-03-13T23:11:37.879+0100] {logging_mixin.py:188} INFO - [2026-03-13T23:11:37.879+0100] {dag.py:3947} INFO - Setting next_dagrun for example_bash_decorator to None, run_after=None
[2026-03-13T23:11:37.889+0100] {processor.py:183} INFO - Processing /Users/harshasogala/financial-data-platform/venv/lib/python3.12/site-packages/airflow/example_dags/example_bash_decorator.py took 0.210 seconds
[2026-03-13T23:12:51.888+0100] {processor.py:161} INFO - Started process (PID=73425) to work on /Users/harshasogala/financial-data-platform/venv/lib/python3.12/site-packages/airflow/example_dags/example_bash_decorator.py
[2026-03-13T23:12:51.888+0100] {processor.py:830} INFO - Processing file /Users/harshasogala/financial-data-platform/venv/lib/python3.12/site-packages/airflow/example_dags/example_bash_decorator.py for tasks to queue
[2026-03-13T23:12:51.889+0100] {logging_mixin.py:188} INFO - [2026-03-13T23:12:51.889+0100] {dagbag.py:545} INFO - Filling up the DagBag from /Users/harshasogala/financial-data-platform/venv/lib/python3.12/site-packages/airflow/example_dags/example_bash_decorator.py
[2026-03-13T23:12:51.915+0100] {processor.py:840} INFO - DAG(s) 'example_bash_decorator' retrieved from /Users/harshasogala/financial-data-platform/venv/lib/python3.12/site-packages/airflow/example_dags/example_bash_decorator.py
[2026-03-13T23:12:52.058+0100] {logging_mixin.py:188} INFO - [2026-03-13T23:12:52.057+0100] {dag.py:3089} INFO - Sync 1 DAGs
[2026-03-13T23:12:52.062+0100] {logging_mixin.py:188} INFO - [2026-03-13T23:12:52.062+0100] {dag.py:3947} INFO - Setting next_dagrun for example_bash_decorator to None, run_after=None
[2026-03-13T23:12:52.074+0100] {processor.py:183} INFO - Processing /Users/harshasogala/financial-data-platform/venv/lib/python3.12/site-packages/airflow/example_dags/example_bash_decorator.py took 0.188 seconds
[2026-03-13T23:14:07.393+0100] {processor.py:161} INFO - Started process (PID=73486) to work on /Users/harshasogala/financial-data-platform/venv/lib/python3.12/site-packages/airflow/example_dags/example_bash_decorator.py
[2026-03-13T23:14:07.394+0100] {processor.py:830} INFO - Processing file /Users/harshasogala/financial-data-platform/venv/lib/python3.12/site-packages/airflow/example_dags/example_bash_decorator.py for tasks to queue
[2026-03-13T23:14:07.395+0100] {logging_mixin.py:188} INFO - [2026-03-13T23:14:07.395+0100] {dagbag.py:545} INFO - Filling up the DagBag from /Users/harshasogala/financial-data-platform/venv/lib/python3.12/site-packages/airflow/example_dags/example_bash_decorator.py
[2026-03-13T23:14:07.421+0100] {processor.py:840} INFO - DAG(s) 'example_bash_decorator' retrieved from /Users/harshasogala/financial-data-platform/venv/lib/python3.12/site-packages/airflow/example_dags/example_bash_decorator.py
[2026-03-13T23:14:07.568+0100] {logging_mixin.py:188} INFO - [2026-03-13T23:14:07.568+0100] {dag.py:3089} INFO - Sync 1 DAGs
[2026-03-13T23:14:07.573+0100] {logging_mixin.py:188} INFO - [2026-03-13T23:14:07.573+0100] {dag.py:3947} INFO - Setting next_dagrun for example_bash_decorator to None, run_after=None
[2026-03-13T23:14:07.584+0100] {processor.py:183} INFO - Processing /Users/harshasogala/financial-data-platform/venv/lib/python3.12/site-packages/airflow/example_dags/example_bash_decorator.py took 0.192 seconds
[2026-03-13T23:15:21.521+0100] {processor.py:161} INFO - Started process (PID=73547) to work on /Users/harshasogala/financial-data-platform/venv/lib/python3.12/site-packages/airflow/example_dags/example_bash_decorator.py
[2026-03-13T23:15:21.522+0100] {processor.py:830} INFO - Processing file /Users/harshasogala/financial-data-platform/venv/lib/python3.12/site-packages/airflow/example_dags/example_bash_decorator.py for tasks to queue
[2026-03-13T23:15:21.523+0100] {logging_mixin.py:188} INFO - [2026-03-13T23:15:21.523+0100] {dagbag.py:545} INFO - Filling up the DagBag from /Users/harshasogala/financial-data-platform/venv/lib/python3.12/site-packages/airflow/example_dags/example_bash_decorator.py
[2026-03-13T23:15:21.552+0100] {processor.py:840} INFO - DAG(s) 'example_bash_decorator' retrieved from /Users/harshasogala/financial-data-platform/venv/lib/python3.12/site-packages/airflow/example_dags/example_bash_decorator.py
[2026-03-13T23:15:21.697+0100] {logging_mixin.py:188} INFO - [2026-03-13T23:15:21.697+0100] {dag.py:3089} INFO - Sync 1 DAGs
[2026-03-13T23:15:21.702+0100] {logging_mixin.py:188} INFO - [2026-03-13T23:15:21.701+0100] {dag.py:3947} INFO - Setting next_dagrun for example_bash_decorator to None, run_after=None
[2026-03-13T23:15:21.713+0100] {processor.py:183} INFO - Processing /Users/harshasogala/financial-data-platform/venv/lib/python3.12/site-packages/airflow/example_dags/example_bash_decorator.py took 0.194 seconds
[2026-03-13T23:16:35.469+0100] {processor.py:161} INFO - Started process (PID=73610) to work on /Users/harshasogala/financial-data-platform/venv/lib/python3.12/site-packages/airflow/example_dags/example_bash_decorator.py
[2026-03-13T23:16:35.470+0100] {processor.py:830} INFO - Processing file /Users/harshasogala/financial-data-platform/venv/lib/python3.12/site-packages/airflow/example_dags/example_bash_decorator.py for tasks to queue
[2026-03-13T23:16:35.471+0100] {logging_mixin.py:188} INFO - [2026-03-13T23:16:35.470+0100] {dagbag.py:545} INFO - Filling up the DagBag from /Users/harshasogala/financial-data-platform/venv/lib/python3.12/site-packages/airflow/example_dags/example_bash_decorator.py
[2026-03-13T23:16:35.497+0100] {processor.py:840} INFO - DAG(s) 'example_bash_decorator' retrieved from /Users/harshasogala/financial-data-platform/venv/lib/python3.12/site-packages/airflow/example_dags/example_bash_decorator.py
[2026-03-13T23:16:35.648+0100] {logging_mixin.py:188} INFO - [2026-03-13T23:16:35.648+0100] {dag.py:3089} INFO - Sync 1 DAGs
[2026-03-13T23:16:35.652+0100] {logging_mixin.py:188} INFO - [2026-03-13T23:16:35.652+0100] {dag.py:3947} INFO - Setting next_dagrun for example_bash_decorator to None, run_after=None
[2026-03-13T23:16:35.663+0100] {processor.py:183} INFO - Processing /Users/harshasogala/financial-data-platform/venv/lib/python3.12/site-packages/airflow/example_dags/example_bash_decorator.py took 0.196 seconds
[2026-03-13T23:17:53.043+0100] {processor.py:161} INFO - Started process (PID=73676) to work on /Users/harshasogala/financial-data-platform/venv/lib/python3.12/site-packages/airflow/example_dags/example_bash_decorator.py
[2026-03-13T23:17:53.044+0100] {processor.py:830} INFO - Processing file /Users/harshasogala/financial-data-platform/venv/lib/python3.12/site-packages/airflow/example_dags/example_bash_decorator.py for tasks to queue
[2026-03-13T23:17:53.044+0100] {logging_mixin.py:188} INFO - [2026-03-13T23:17:53.044+0100] {dagbag.py:545} INFO - Filling up the DagBag from /Users/harshasogala/financial-data-platform/venv/lib/python3.12/site-packages/airflow/example_dags/example_bash_decorator.py
[2026-03-13T23:17:53.070+0100] {processor.py:840} INFO - DAG(s) 'example_bash_decorator' retrieved from /Users/harshasogala/financial-data-platform/venv/lib/python3.12/site-packages/airflow/example_dags/example_bash_decorator.py
[2026-03-13T23:17:53.212+0100] {logging_mixin.py:188} INFO - [2026-03-13T23:17:53.212+0100] {dag.py:3089} INFO - Sync 1 DAGs
[2026-03-13T23:17:53.217+0100] {logging_mixin.py:188} INFO - [2026-03-13T23:17:53.217+0100] {dag.py:3947} INFO - Setting next_dagrun for example_bash_decorator to None, run_after=None
[2026-03-13T23:17:53.227+0100] {processor.py:183} INFO - Processing /Users/harshasogala/financial-data-platform/venv/lib/python3.12/site-packages/airflow/example_dags/example_bash_decorator.py took 0.186 seconds
[2026-03-13T23:19:09.392+0100] {processor.py:161} INFO - Started process (PID=73737) to work on /Users/harshasogala/financial-data-platform/venv/lib/python3.12/site-packages/airflow/example_dags/example_bash_decorator.py
[2026-03-13T23:19:09.394+0100] {processor.py:830} INFO - Processing file /Users/harshasogala/financial-data-platform/venv/lib/python3.12/site-packages/airflow/example_dags/example_bash_decorator.py for tasks to queue
[2026-03-13T23:19:09.395+0100] {logging_mixin.py:188} INFO - [2026-03-13T23:19:09.394+0100] {dagbag.py:545} INFO - Filling up the DagBag from /Users/harshasogala/financial-data-platform/venv/lib/python3.12/site-packages/airflow/example_dags/example_bash_decorator.py
[2026-03-13T23:19:09.422+0100] {processor.py:840} INFO - DAG(s) 'example_bash_decorator' retrieved from /Users/harshasogala/financial-data-platform/venv/lib/python3.12/site-packages/airflow/example_dags/example_bash_decorator.py
[2026-03-13T23:19:09.566+0100] {logging_mixin.py:188} INFO - [2026-03-13T23:19:09.566+0100] {dag.py:3089} INFO - Sync 1 DAGs
[2026-03-13T23:19:09.571+0100] {logging_mixin.py:188} INFO - [2026-03-13T23:19:09.571+0100] {dag.py:3947} INFO - Setting next_dagrun for example_bash_decorator to None, run_after=None
[2026-03-13T23:19:09.582+0100] {processor.py:183} INFO - Processing /Users/harshasogala/financial-data-platform/venv/lib/python3.12/site-packages/airflow/example_dags/example_bash_decorator.py took 0.191 seconds
[2026-03-13T23:20:27.097+0100] {processor.py:161} INFO - Started process (PID=73802) to work on /Users/harshasogala/financial-data-platform/venv/lib/python3.12/site-packages/airflow/example_dags/example_bash_decorator.py
[2026-03-13T23:20:27.099+0100] {processor.py:830} INFO - Processing file /Users/harshasogala/financial-data-platform/venv/lib/python3.12/site-packages/airflow/example_dags/example_bash_decorator.py for tasks to queue
[2026-03-13T23:20:27.099+0100] {logging_mixin.py:188} INFO - [2026-03-13T23:20:27.099+0100] {dagbag.py:545} INFO - Filling up the DagBag from /Users/harshasogala/financial-data-platform/venv/lib/python3.12/site-packages/airflow/example_dags/example_bash_decorator.py
[2026-03-13T23:20:27.127+0100] {processor.py:840} INFO - DAG(s) 'example_bash_decorator' retrieved from /Users/harshasogala/financial-data-platform/venv/lib/python3.12/site-packages/airflow/example_dags/example_bash_decorator.py
[2026-03-13T23:20:27.285+0100] {logging_mixin.py:188} INFO - [2026-03-13T23:20:27.284+0100] {dag.py:3089} INFO - Sync 1 DAGs
[2026-03-13T23:20:27.290+0100] {logging_mixin.py:188} INFO - [2026-03-13T23:20:27.290+0100] {dag.py:3947} INFO - Setting next_dagrun for example_bash_decorator to None, run_after=None
[2026-03-13T23:20:27.302+0100] {processor.py:183} INFO - Processing /Users/harshasogala/financial-data-platform/venv/lib/python3.12/site-packages/airflow/example_dags/example_bash_decorator.py took 0.207 seconds
[2026-03-13T23:21:41.873+0100] {processor.py:161} INFO - Started process (PID=73886) to work on /Users/harshasogala/financial-data-platform/venv/lib/python3.12/site-packages/airflow/example_dags/example_bash_decorator.py
[2026-03-13T23:21:41.874+0100] {processor.py:830} INFO - Processing file /Users/harshasogala/financial-data-platform/venv/lib/python3.12/site-packages/airflow/example_dags/example_bash_decorator.py for tasks to queue
[2026-03-13T23:21:41.875+0100] {logging_mixin.py:188} INFO - [2026-03-13T23:21:41.875+0100] {dagbag.py:545} INFO - Filling up the DagBag from /Users/harshasogala/financial-data-platform/venv/lib/python3.12/site-packages/airflow/example_dags/example_bash_decorator.py
[2026-03-13T23:21:41.902+0100] {processor.py:840} INFO - DAG(s) 'example_bash_decorator' retrieved from /Users/harshasogala/financial-data-platform/venv/lib/python3.12/site-packages/airflow/example_dags/example_bash_decorator.py
[2026-03-13T23:21:42.049+0100] {logging_mixin.py:188} INFO - [2026-03-13T23:21:42.049+0100] {dag.py:3089} INFO - Sync 1 DAGs
[2026-03-13T23:21:42.055+0100] {logging_mixin.py:188} INFO - [2026-03-13T23:21:42.054+0100] {dag.py:3947} INFO - Setting next_dagrun for example_bash_decorator to None, run_after=None
[2026-03-13T23:21:42.066+0100] {processor.py:183} INFO - Processing /Users/harshasogala/financial-data-platform/venv/lib/python3.12/site-packages/airflow/example_dags/example_bash_decorator.py took 0.194 seconds
[2026-03-13T23:22:55.337+0100] {processor.py:161} INFO - Started process (PID=73948) to work on /Users/harshasogala/financial-data-platform/venv/lib/python3.12/site-packages/airflow/example_dags/example_bash_decorator.py
[2026-03-13T23:22:55.339+0100] {processor.py:830} INFO - Processing file /Users/harshasogala/financial-data-platform/venv/lib/python3.12/site-packages/airflow/example_dags/example_bash_decorator.py for tasks to queue
[2026-03-13T23:22:55.339+0100] {logging_mixin.py:188} INFO - [2026-03-13T23:22:55.339+0100] {dagbag.py:545} INFO - Filling up the DagBag from /Users/harshasogala/financial-data-platform/venv/lib/python3.12/site-packages/airflow/example_dags/example_bash_decorator.py
[2026-03-13T23:22:55.386+0100] {processor.py:840} INFO - DAG(s) 'example_bash_decorator' retrieved from /Users/harshasogala/financial-data-platform/venv/lib/python3.12/site-packages/airflow/example_dags/example_bash_decorator.py
[2026-03-13T23:22:55.580+0100] {logging_mixin.py:188} INFO - [2026-03-13T23:22:55.580+0100] {dag.py:3089} INFO - Sync 1 DAGs
[2026-03-13T23:22:55.586+0100] {logging_mixin.py:188} INFO - [2026-03-13T23:22:55.586+0100] {dag.py:3947} INFO - Setting next_dagrun for example_bash_decorator to None, run_after=None
[2026-03-13T23:22:55.598+0100] {processor.py:183} INFO - Processing /Users/harshasogala/financial-data-platform/venv/lib/python3.12/site-packages/airflow/example_dags/example_bash_decorator.py took 0.264 seconds
[2026-03-13T23:24:09.590+0100] {processor.py:161} INFO - Started process (PID=74007) to work on /Users/harshasogala/financial-data-platform/venv/lib/python3.12/site-packages/airflow/example_dags/example_bash_decorator.py
[2026-03-13T23:24:09.591+0100] {processor.py:830} INFO - Processing file /Users/harshasogala/financial-data-platform/venv/lib/python3.12/site-packages/airflow/example_dags/example_bash_decorator.py for tasks to queue
[2026-03-13T23:24:09.592+0100] {logging_mixin.py:188} INFO - [2026-03-13T23:24:09.592+0100] {dagbag.py:545} INFO - Filling up the DagBag from /Users/harshasogala/financial-data-platform/venv/lib/python3.12/site-packages/airflow/example_dags/example_bash_decorator.py
[2026-03-13T23:24:09.618+0100] {processor.py:840} INFO - DAG(s) 'example_bash_decorator' retrieved from /Users/harshasogala/financial-data-platform/venv/lib/python3.12/site-packages/airflow/example_dags/example_bash_decorator.py
[2026-03-13T23:24:09.762+0100] {logging_mixin.py:188} INFO - [2026-03-13T23:24:09.762+0100] {dag.py:3089} INFO - Sync 1 DAGs
[2026-03-13T23:24:09.767+0100] {logging_mixin.py:188} INFO - [2026-03-13T23:24:09.767+0100] {dag.py:3947} INFO - Setting next_dagrun for example_bash_decorator to None, run_after=None
[2026-03-13T23:24:09.778+0100] {processor.py:183} INFO - Processing /Users/harshasogala/financial-data-platform/venv/lib/python3.12/site-packages/airflow/example_dags/example_bash_decorator.py took 0.189 seconds
[2026-03-13T23:25:28.924+0100] {processor.py:161} INFO - Started process (PID=74067) to work on /Users/harshasogala/financial-data-platform/venv/lib/python3.12/site-packages/airflow/example_dags/example_bash_decorator.py
[2026-03-13T23:25:28.926+0100] {processor.py:830} INFO - Processing file /Users/harshasogala/financial-data-platform/venv/lib/python3.12/site-packages/airflow/example_dags/example_bash_decorator.py for tasks to queue
[2026-03-13T23:25:28.926+0100] {logging_mixin.py:188} INFO - [2026-03-13T23:25:28.926+0100] {dagbag.py:545} INFO - Filling up the DagBag from /Users/harshasogala/financial-data-platform/venv/lib/python3.12/site-packages/airflow/example_dags/example_bash_decorator.py
[2026-03-13T23:25:28.958+0100] {processor.py:840} INFO - DAG(s) 'example_bash_decorator' retrieved from /Users/harshasogala/financial-data-platform/venv/lib/python3.12/site-packages/airflow/example_dags/example_bash_decorator.py
[2026-03-13T23:25:29.111+0100] {logging_mixin.py:188} INFO - [2026-03-13T23:25:29.111+0100] {dag.py:3089} INFO - Sync 1 DAGs
[2026-03-13T23:25:29.116+0100] {logging_mixin.py:188} INFO - [2026-03-13T23:25:29.116+0100] {dag.py:3947} INFO - Setting next_dagrun for example_bash_decorator to None, run_after=None
[2026-03-13T23:25:29.127+0100] {processor.py:183} INFO - Processing /Users/harshasogala/financial-data-platform/venv/lib/python3.12/site-packages/airflow/example_dags/example_bash_decorator.py took 0.205 seconds
[2026-03-13T23:26:43.177+0100] {processor.py:161} INFO - Started process (PID=74126) to work on /Users/harshasogala/financial-data-platform/venv/lib/python3.12/site-packages/airflow/example_dags/example_bash_decorator.py
[2026-03-13T23:26:43.178+0100] {processor.py:830} INFO - Processing file /Users/harshasogala/financial-data-platform/venv/lib/python3.12/site-packages/airflow/example_dags/example_bash_decorator.py for tasks to queue
[2026-03-13T23:26:43.179+0100] {logging_mixin.py:188} INFO - [2026-03-13T23:26:43.179+0100] {dagbag.py:545} INFO - Filling up the DagBag from /Users/harshasogala/financial-data-platform/venv/lib/python3.12/site-packages/airflow/example_dags/example_bash_decorator.py
[2026-03-13T23:26:43.206+0100] {processor.py:840} INFO - DAG(s) 'example_bash_decorator' retrieved from /Users/harshasogala/financial-data-platform/venv/lib/python3.12/site-packages/airflow/example_dags/example_bash_decorator.py
[2026-03-13T23:26:43.351+0100] {logging_mixin.py:188} INFO - [2026-03-13T23:26:43.350+0100] {dag.py:3089} INFO - Sync 1 DAGs
[2026-03-13T23:26:43.355+0100] {logging_mixin.py:188} INFO - [2026-03-13T23:26:43.355+0100] {dag.py:3947} INFO - Setting next_dagrun for example_bash_decorator to None, run_after=None
[2026-03-13T23:26:43.366+0100] {processor.py:183} INFO - Processing /Users/harshasogala/financial-data-platform/venv/lib/python3.12/site-packages/airflow/example_dags/example_bash_decorator.py took 0.191 seconds
[2026-03-13T23:28:02.785+0100] {processor.py:161} INFO - Started process (PID=74225) to work on /Users/harshasogala/financial-data-platform/venv/lib/python3.12/site-packages/airflow/example_dags/example_bash_decorator.py
[2026-03-13T23:28:02.786+0100] {processor.py:830} INFO - Processing file /Users/harshasogala/financial-data-platform/venv/lib/python3.12/site-packages/airflow/example_dags/example_bash_decorator.py for tasks to queue
[2026-03-13T23:28:02.787+0100] {logging_mixin.py:188} INFO - [2026-03-13T23:28:02.787+0100] {dagbag.py:545} INFO - Filling up the DagBag from /Users/harshasogala/financial-data-platform/venv/lib/python3.12/site-packages/airflow/example_dags/example_bash_decorator.py
[2026-03-13T23:28:02.814+0100] {processor.py:840} INFO - DAG(s) 'example_bash_decorator' retrieved from /Users/harshasogala/financial-data-platform/venv/lib/python3.12/site-packages/airflow/example_dags/example_bash_decorator.py
[2026-03-13T23:28:02.959+0100] {logging_mixin.py:188} INFO - [2026-03-13T23:28:02.958+0100] {dag.py:3089} INFO - Sync 1 DAGs
[2026-03-13T23:28:02.963+0100] {logging_mixin.py:188} INFO - [2026-03-13T23:28:02.963+0100] {dag.py:3947} INFO - Setting next_dagrun for example_bash_decorator to None, run_after=None
[2026-03-13T23:28:02.974+0100] {processor.py:183} INFO - Processing /Users/harshasogala/financial-data-platform/venv/lib/python3.12/site-packages/airflow/example_dags/example_bash_decorator.py took 0.190 seconds
[2026-03-13T23:29:19.100+0100] {processor.py:161} INFO - Started process (PID=74289) to work on /Users/harshasogala/financial-data-platform/venv/lib/python3.12/site-packages/airflow/example_dags/example_bash_decorator.py
[2026-03-13T23:29:19.101+0100] {processor.py:830} INFO - Processing file /Users/harshasogala/financial-data-platform/venv/lib/python3.12/site-packages/airflow/example_dags/example_bash_decorator.py for tasks to queue
[2026-03-13T23:29:19.101+0100] {logging_mixin.py:188} INFO - [2026-03-13T23:29:19.101+0100] {dagbag.py:545} INFO - Filling up the DagBag from /Users/harshasogala/financial-data-platform/venv/lib/python3.12/site-packages/airflow/example_dags/example_bash_decorator.py
[2026-03-13T23:29:19.127+0100] {processor.py:840} INFO - DAG(s) 'example_bash_decorator' retrieved from /Users/harshasogala/financial-data-platform/venv/lib/python3.12/site-packages/airflow/example_dags/example_bash_decorator.py
[2026-03-13T23:29:19.269+0100] {logging_mixin.py:188} INFO - [2026-03-13T23:29:19.268+0100] {dag.py:3089} INFO - Sync 1 DAGs
[2026-03-13T23:29:19.273+0100] {logging_mixin.py:188} INFO - [2026-03-13T23:29:19.273+0100] {dag.py:3947} INFO - Setting next_dagrun for example_bash_decorator to None, run_after=None
[2026-03-13T23:29:19.284+0100] {processor.py:183} INFO - Processing /Users/harshasogala/financial-data-platform/venv/lib/python3.12/site-packages/airflow/example_dags/example_bash_decorator.py took 0.186 seconds
[2026-03-13T23:30:34.789+0100] {processor.py:161} INFO - Started process (PID=74379) to work on /Users/harshasogala/financial-data-platform/venv/lib/python3.12/site-packages/airflow/example_dags/example_bash_decorator.py
[2026-03-13T23:30:34.790+0100] {processor.py:830} INFO - Processing file /Users/harshasogala/financial-data-platform/venv/lib/python3.12/site-packages/airflow/example_dags/example_bash_decorator.py for tasks to queue
[2026-03-13T23:30:34.790+0100] {logging_mixin.py:188} INFO - [2026-03-13T23:30:34.790+0100] {dagbag.py:545} INFO - Filling up the DagBag from /Users/harshasogala/financial-data-platform/venv/lib/python3.12/site-packages/airflow/example_dags/example_bash_decorator.py
[2026-03-13T23:30:34.817+0100] {processor.py:840} INFO - DAG(s) 'example_bash_decorator' retrieved from /Users/harshasogala/financial-data-platform/venv/lib/python3.12/site-packages/airflow/example_dags/example_bash_decorator.py
[2026-03-13T23:30:34.963+0100] {logging_mixin.py:188} INFO - [2026-03-13T23:30:34.963+0100] {dag.py:3089} INFO - Sync 1 DAGs
[2026-03-13T23:30:34.968+0100] {logging_mixin.py:188} INFO - [2026-03-13T23:30:34.968+0100] {dag.py:3947} INFO - Setting next_dagrun for example_bash_decorator to None, run_after=None
[2026-03-13T23:30:34.979+0100] {processor.py:183} INFO - Processing /Users/harshasogala/financial-data-platform/venv/lib/python3.12/site-packages/airflow/example_dags/example_bash_decorator.py took 0.192 seconds
[2026-03-13T23:31:52.855+0100] {processor.py:161} INFO - Started process (PID=74811) to work on /Users/harshasogala/financial-data-platform/venv/lib/python3.12/site-packages/airflow/example_dags/example_bash_decorator.py
[2026-03-13T23:31:52.857+0100] {processor.py:830} INFO - Processing file /Users/harshasogala/financial-data-platform/venv/lib/python3.12/site-packages/airflow/example_dags/example_bash_decorator.py for tasks to queue
[2026-03-13T23:31:52.857+0100] {logging_mixin.py:188} INFO - [2026-03-13T23:31:52.857+0100] {dagbag.py:545} INFO - Filling up the DagBag from /Users/harshasogala/financial-data-platform/venv/lib/python3.12/site-packages/airflow/example_dags/example_bash_decorator.py
[2026-03-13T23:31:52.886+0100] {processor.py:840} INFO - DAG(s) 'example_bash_decorator' retrieved from /Users/harshasogala/financial-data-platform/venv/lib/python3.12/site-packages/airflow/example_dags/example_bash_decorator.py
[2026-03-13T23:31:53.033+0100] {logging_mixin.py:188} INFO - [2026-03-13T23:31:53.033+0100] {dag.py:3089} INFO - Sync 1 DAGs
[2026-03-13T23:31:53.038+0100] {logging_mixin.py:188} INFO - [2026-03-13T23:31:53.038+0100] {dag.py:3947} INFO - Setting next_dagrun for example_bash_decorator to None, run_after=None
[2026-03-13T23:31:53.049+0100] {processor.py:183} INFO - Processing /Users/harshasogala/financial-data-platform/venv/lib/python3.12/site-packages/airflow/example_dags/example_bash_decorator.py took 0.196 seconds
[2026-03-13T23:33:10.412+0100] {processor.py:161} INFO - Started process (PID=74999) to work on /Users/harshasogala/financial-data-platform/venv/lib/python3.12/site-packages/airflow/example_dags/example_bash_decorator.py
[2026-03-13T23:33:10.413+0100] {processor.py:830} INFO - Processing file /Users/harshasogala/financial-data-platform/venv/lib/python3.12/site-packages/airflow/example_dags/example_bash_decorator.py for tasks to queue
[2026-03-13T23:33:10.413+0100] {logging_mixin.py:188} INFO - [2026-03-13T23:33:10.413+0100] {dagbag.py:545} INFO - Filling up the DagBag from /Users/harshasogala/financial-data-platform/venv/lib/python3.12/site-packages/airflow/example_dags/example_bash_decorator.py
[2026-03-13T23:33:10.442+0100] {processor.py:840} INFO - DAG(s) 'example_bash_decorator' retrieved from /Users/harshasogala/financial-data-platform/venv/lib/python3.12/site-packages/airflow/example_dags/example_bash_decorator.py
[2026-03-13T23:33:10.594+0100] {logging_mixin.py:188} INFO - [2026-03-13T23:33:10.594+0100] {dag.py:3089} INFO - Sync 1 DAGs
[2026-03-13T23:33:10.599+0100] {logging_mixin.py:188} INFO - [2026-03-13T23:33:10.599+0100] {dag.py:3947} INFO - Setting next_dagrun for example_bash_decorator to None, run_after=None
[2026-03-13T23:33:10.610+0100] {processor.py:183} INFO - Processing /Users/harshasogala/financial-data-platform/venv/lib/python3.12/site-packages/airflow/example_dags/example_bash_decorator.py took 0.200 seconds
