[2026-03-13T22:18:22.748+0100] {processor.py:161} INFO - Started process (PID=66010) to work on /Users/harshasogala/financial-data-platform/venv/lib/python3.12/site-packages/airflow/example_dags/example_short_circuit_operator.py
[2026-03-13T22:18:22.749+0100] {processor.py:830} INFO - Processing file /Users/harshasogala/financial-data-platform/venv/lib/python3.12/site-packages/airflow/example_dags/example_short_circuit_operator.py for tasks to queue
[2026-03-13T22:18:22.749+0100] {logging_mixin.py:188} INFO - [2026-03-13T22:18:22.749+0100] {dagbag.py:545} INFO - Filling up the DagBag from /Users/harshasogala/financial-data-platform/venv/lib/python3.12/site-packages/airflow/example_dags/example_short_circuit_operator.py
[2026-03-13T22:18:22.767+0100] {processor.py:840} INFO - DAG(s) 'example_short_circuit_operator' retrieved from /Users/harshasogala/financial-data-platform/venv/lib/python3.12/site-packages/airflow/example_dags/example_short_circuit_operator.py
[2026-03-13T22:18:22.869+0100] {logging_mixin.py:188} INFO - [2026-03-13T22:18:22.868+0100] {override.py:1858} INFO - Created Permission View: can edit on DAG:example_short_circuit_operator
[2026-03-13T22:18:22.873+0100] {logging_mixin.py:188} INFO - [2026-03-13T22:18:22.873+0100] {override.py:1858} INFO - Created Permission View: can read on DAG:example_short_circuit_operator
[2026-03-13T22:18:22.876+0100] {logging_mixin.py:188} INFO - [2026-03-13T22:18:22.876+0100] {override.py:1858} INFO - Created Permission View: can delete on DAG:example_short_circuit_operator
[2026-03-13T22:18:22.876+0100] {logging_mixin.py:188} INFO - [2026-03-13T22:18:22.876+0100] {dag.py:3089} INFO - Sync 1 DAGs
[2026-03-13T22:18:22.882+0100] {logging_mixin.py:188} INFO - [2026-03-13T22:18:22.882+0100] {dag.py:3111} INFO - Creating ORM DAG for example_short_circuit_operator
[2026-03-13T22:18:22.886+0100] {logging_mixin.py:188} INFO - [2026-03-13T22:18:22.886+0100] {dag.py:3947} INFO - Setting next_dagrun for example_short_circuit_operator to 2026-03-12 00:00:00+00:00, run_after=2026-03-13 00:00:00+00:00
[2026-03-13T22:18:22.896+0100] {processor.py:183} INFO - Processing /Users/harshasogala/financial-data-platform/venv/lib/python3.12/site-packages/airflow/example_dags/example_short_circuit_operator.py took 0.150 seconds
[2026-03-13T22:20:11.247+0100] {processor.py:161} INFO - Started process (PID=66084) to work on /Users/harshasogala/financial-data-platform/venv/lib/python3.12/site-packages/airflow/example_dags/example_short_circuit_operator.py
[2026-03-13T22:20:11.247+0100] {processor.py:830} INFO - Processing file /Users/harshasogala/financial-data-platform/venv/lib/python3.12/site-packages/airflow/example_dags/example_short_circuit_operator.py for tasks to queue
[2026-03-13T22:20:11.248+0100] {logging_mixin.py:188} INFO - [2026-03-13T22:20:11.248+0100] {dagbag.py:545} INFO - Filling up the DagBag from /Users/harshasogala/financial-data-platform/venv/lib/python3.12/site-packages/airflow/example_dags/example_short_circuit_operator.py
[2026-03-13T22:20:11.264+0100] {processor.py:840} INFO - DAG(s) 'example_short_circuit_operator' retrieved from /Users/harshasogala/financial-data-platform/venv/lib/python3.12/site-packages/airflow/example_dags/example_short_circuit_operator.py
[2026-03-13T22:20:11.319+0100] {logging_mixin.py:188} INFO - [2026-03-13T22:20:11.319+0100] {dag.py:3089} INFO - Sync 1 DAGs
[2026-03-13T22:20:11.328+0100] {logging_mixin.py:188} INFO - [2026-03-13T22:20:11.328+0100] {dag.py:3947} INFO - Setting next_dagrun for example_short_circuit_operator to 2026-03-12 00:00:00+00:00, run_after=2026-03-13 00:00:00+00:00
[2026-03-13T22:20:11.338+0100] {processor.py:183} INFO - Processing /Users/harshasogala/financial-data-platform/venv/lib/python3.12/site-packages/airflow/example_dags/example_short_circuit_operator.py took 0.094 seconds
[2026-03-13T22:21:30.244+0100] {processor.py:161} INFO - Started process (PID=66166) to work on /Users/harshasogala/financial-data-platform/venv/lib/python3.12/site-packages/airflow/example_dags/example_short_circuit_operator.py
[2026-03-13T22:21:30.245+0100] {processor.py:830} INFO - Processing file /Users/harshasogala/financial-data-platform/venv/lib/python3.12/site-packages/airflow/example_dags/example_short_circuit_operator.py for tasks to queue
[2026-03-13T22:21:30.245+0100] {logging_mixin.py:188} INFO - [2026-03-13T22:21:30.245+0100] {dagbag.py:545} INFO - Filling up the DagBag from /Users/harshasogala/financial-data-platform/venv/lib/python3.12/site-packages/airflow/example_dags/example_short_circuit_operator.py
[2026-03-13T22:21:30.262+0100] {processor.py:840} INFO - DAG(s) 'example_short_circuit_operator' retrieved from /Users/harshasogala/financial-data-platform/venv/lib/python3.12/site-packages/airflow/example_dags/example_short_circuit_operator.py
[2026-03-13T22:21:30.317+0100] {logging_mixin.py:188} INFO - [2026-03-13T22:21:30.317+0100] {dag.py:3089} INFO - Sync 1 DAGs
[2026-03-13T22:21:30.326+0100] {logging_mixin.py:188} INFO - [2026-03-13T22:21:30.326+0100] {dag.py:3947} INFO - Setting next_dagrun for example_short_circuit_operator to 2026-03-12 00:00:00+00:00, run_after=2026-03-13 00:00:00+00:00
[2026-03-13T22:21:30.336+0100] {processor.py:183} INFO - Processing /Users/harshasogala/financial-data-platform/venv/lib/python3.12/site-packages/airflow/example_dags/example_short_circuit_operator.py took 0.095 seconds
[2026-03-13T22:28:20.595+0100] {processor.py:161} INFO - Started process (PID=67318) to work on /Users/harshasogala/financial-data-platform/venv/lib/python3.12/site-packages/airflow/example_dags/example_short_circuit_operator.py
[2026-03-13T22:28:20.596+0100] {processor.py:830} INFO - Processing file /Users/harshasogala/financial-data-platform/venv/lib/python3.12/site-packages/airflow/example_dags/example_short_circuit_operator.py for tasks to queue
[2026-03-13T22:28:20.596+0100] {logging_mixin.py:188} INFO - [2026-03-13T22:28:20.596+0100] {dagbag.py:545} INFO - Filling up the DagBag from /Users/harshasogala/financial-data-platform/venv/lib/python3.12/site-packages/airflow/example_dags/example_short_circuit_operator.py
[2026-03-13T22:28:20.613+0100] {processor.py:840} INFO - DAG(s) 'example_short_circuit_operator' retrieved from /Users/harshasogala/financial-data-platform/venv/lib/python3.12/site-packages/airflow/example_dags/example_short_circuit_operator.py
[2026-03-13T22:28:20.669+0100] {logging_mixin.py:188} INFO - [2026-03-13T22:28:20.669+0100] {dag.py:3089} INFO - Sync 1 DAGs
[2026-03-13T22:28:20.678+0100] {logging_mixin.py:188} INFO - [2026-03-13T22:28:20.678+0100] {dag.py:3947} INFO - Setting next_dagrun for example_short_circuit_operator to 2026-03-12 00:00:00+00:00, run_after=2026-03-13 00:00:00+00:00
[2026-03-13T22:28:20.689+0100] {processor.py:183} INFO - Processing /Users/harshasogala/financial-data-platform/venv/lib/python3.12/site-packages/airflow/example_dags/example_short_circuit_operator.py took 0.096 seconds
[2026-03-13T22:29:19.604+0100] {processor.py:161} INFO - Started process (PID=67376) to work on /Users/harshasogala/financial-data-platform/venv/lib/python3.12/site-packages/airflow/example_dags/example_short_circuit_operator.py
[2026-03-13T22:29:19.605+0100] {processor.py:830} INFO - Processing file /Users/harshasogala/financial-data-platform/venv/lib/python3.12/site-packages/airflow/example_dags/example_short_circuit_operator.py for tasks to queue
[2026-03-13T22:29:19.605+0100] {logging_mixin.py:188} INFO - [2026-03-13T22:29:19.605+0100] {dagbag.py:545} INFO - Filling up the DagBag from /Users/harshasogala/financial-data-platform/venv/lib/python3.12/site-packages/airflow/example_dags/example_short_circuit_operator.py
[2026-03-13T22:29:19.622+0100] {processor.py:840} INFO - DAG(s) 'example_short_circuit_operator' retrieved from /Users/harshasogala/financial-data-platform/venv/lib/python3.12/site-packages/airflow/example_dags/example_short_circuit_operator.py
[2026-03-13T22:29:19.678+0100] {logging_mixin.py:188} INFO - [2026-03-13T22:29:19.678+0100] {dag.py:3089} INFO - Sync 1 DAGs
[2026-03-13T22:29:19.687+0100] {logging_mixin.py:188} INFO - [2026-03-13T22:29:19.687+0100] {dag.py:3947} INFO - Setting next_dagrun for example_short_circuit_operator to 2026-03-12 00:00:00+00:00, run_after=2026-03-13 00:00:00+00:00
[2026-03-13T22:29:19.699+0100] {processor.py:183} INFO - Processing /Users/harshasogala/financial-data-platform/venv/lib/python3.12/site-packages/airflow/example_dags/example_short_circuit_operator.py took 0.097 seconds
[2026-03-13T22:30:26.293+0100] {processor.py:161} INFO - Started process (PID=67511) to work on /Users/harshasogala/financial-data-platform/venv/lib/python3.12/site-packages/airflow/example_dags/example_short_circuit_operator.py
[2026-03-13T22:30:26.294+0100] {processor.py:830} INFO - Processing file /Users/harshasogala/financial-data-platform/venv/lib/python3.12/site-packages/airflow/example_dags/example_short_circuit_operator.py for tasks to queue
[2026-03-13T22:30:26.295+0100] {logging_mixin.py:188} INFO - [2026-03-13T22:30:26.295+0100] {dagbag.py:545} INFO - Filling up the DagBag from /Users/harshasogala/financial-data-platform/venv/lib/python3.12/site-packages/airflow/example_dags/example_short_circuit_operator.py
[2026-03-13T22:30:26.313+0100] {processor.py:840} INFO - DAG(s) 'example_short_circuit_operator' retrieved from /Users/harshasogala/financial-data-platform/venv/lib/python3.12/site-packages/airflow/example_dags/example_short_circuit_operator.py
[2026-03-13T22:30:26.371+0100] {logging_mixin.py:188} INFO - [2026-03-13T22:30:26.371+0100] {dag.py:3089} INFO - Sync 1 DAGs
[2026-03-13T22:30:26.381+0100] {logging_mixin.py:188} INFO - [2026-03-13T22:30:26.381+0100] {dag.py:3947} INFO - Setting next_dagrun for example_short_circuit_operator to 2026-03-12 00:00:00+00:00, run_after=2026-03-13 00:00:00+00:00
[2026-03-13T22:30:26.393+0100] {processor.py:183} INFO - Processing /Users/harshasogala/financial-data-platform/venv/lib/python3.12/site-packages/airflow/example_dags/example_short_circuit_operator.py took 0.102 seconds
[2026-03-13T22:31:40.078+0100] {processor.py:161} INFO - Started process (PID=68234) to work on /Users/harshasogala/financial-data-platform/venv/lib/python3.12/site-packages/airflow/example_dags/example_short_circuit_operator.py
[2026-03-13T22:31:40.079+0100] {processor.py:830} INFO - Processing file /Users/harshasogala/financial-data-platform/venv/lib/python3.12/site-packages/airflow/example_dags/example_short_circuit_operator.py for tasks to queue
[2026-03-13T22:31:40.080+0100] {logging_mixin.py:188} INFO - [2026-03-13T22:31:40.080+0100] {dagbag.py:545} INFO - Filling up the DagBag from /Users/harshasogala/financial-data-platform/venv/lib/python3.12/site-packages/airflow/example_dags/example_short_circuit_operator.py
[2026-03-13T22:31:40.096+0100] {processor.py:840} INFO - DAG(s) 'example_short_circuit_operator' retrieved from /Users/harshasogala/financial-data-platform/venv/lib/python3.12/site-packages/airflow/example_dags/example_short_circuit_operator.py
[2026-03-13T22:31:40.153+0100] {logging_mixin.py:188} INFO - [2026-03-13T22:31:40.153+0100] {dag.py:3089} INFO - Sync 1 DAGs
[2026-03-13T22:31:40.201+0100] {logging_mixin.py:188} INFO - [2026-03-13T22:31:40.201+0100] {dag.py:3947} INFO - Setting next_dagrun for example_short_circuit_operator to 2026-03-12 00:00:00+00:00, run_after=2026-03-13 00:00:00+00:00
[2026-03-13T22:31:40.211+0100] {processor.py:183} INFO - Processing /Users/harshasogala/financial-data-platform/venv/lib/python3.12/site-packages/airflow/example_dags/example_short_circuit_operator.py took 0.134 seconds
[2026-03-13T22:33:00.483+0100] {processor.py:161} INFO - Started process (PID=68841) to work on /Users/harshasogala/financial-data-platform/venv/lib/python3.12/site-packages/airflow/example_dags/example_short_circuit_operator.py
[2026-03-13T22:33:00.484+0100] {processor.py:830} INFO - Processing file /Users/harshasogala/financial-data-platform/venv/lib/python3.12/site-packages/airflow/example_dags/example_short_circuit_operator.py for tasks to queue
[2026-03-13T22:33:00.484+0100] {logging_mixin.py:188} INFO - [2026-03-13T22:33:00.484+0100] {dagbag.py:545} INFO - Filling up the DagBag from /Users/harshasogala/financial-data-platform/venv/lib/python3.12/site-packages/airflow/example_dags/example_short_circuit_operator.py
[2026-03-13T22:33:00.502+0100] {processor.py:840} INFO - DAG(s) 'example_short_circuit_operator' retrieved from /Users/harshasogala/financial-data-platform/venv/lib/python3.12/site-packages/airflow/example_dags/example_short_circuit_operator.py
[2026-03-13T22:33:00.556+0100] {logging_mixin.py:188} INFO - [2026-03-13T22:33:00.555+0100] {dag.py:3089} INFO - Sync 1 DAGs
[2026-03-13T22:33:00.599+0100] {logging_mixin.py:188} INFO - [2026-03-13T22:33:00.599+0100] {dag.py:3947} INFO - Setting next_dagrun for example_short_circuit_operator to 2026-03-12 00:00:00+00:00, run_after=2026-03-13 00:00:00+00:00
[2026-03-13T22:33:00.609+0100] {processor.py:183} INFO - Processing /Users/harshasogala/financial-data-platform/venv/lib/python3.12/site-packages/airflow/example_dags/example_short_circuit_operator.py took 0.128 seconds
[2026-03-13T22:34:21.662+0100] {processor.py:161} INFO - Started process (PID=69183) to work on /Users/harshasogala/financial-data-platform/venv/lib/python3.12/site-packages/airflow/example_dags/example_short_circuit_operator.py
[2026-03-13T22:34:21.663+0100] {processor.py:830} INFO - Processing file /Users/harshasogala/financial-data-platform/venv/lib/python3.12/site-packages/airflow/example_dags/example_short_circuit_operator.py for tasks to queue
[2026-03-13T22:34:21.663+0100] {logging_mixin.py:188} INFO - [2026-03-13T22:34:21.663+0100] {dagbag.py:545} INFO - Filling up the DagBag from /Users/harshasogala/financial-data-platform/venv/lib/python3.12/site-packages/airflow/example_dags/example_short_circuit_operator.py
[2026-03-13T22:34:21.680+0100] {processor.py:840} INFO - DAG(s) 'example_short_circuit_operator' retrieved from /Users/harshasogala/financial-data-platform/venv/lib/python3.12/site-packages/airflow/example_dags/example_short_circuit_operator.py
[2026-03-13T22:34:21.735+0100] {logging_mixin.py:188} INFO - [2026-03-13T22:34:21.735+0100] {dag.py:3089} INFO - Sync 1 DAGs
[2026-03-13T22:34:21.779+0100] {logging_mixin.py:188} INFO - [2026-03-13T22:34:21.779+0100] {dag.py:3947} INFO - Setting next_dagrun for example_short_circuit_operator to 2026-03-12 00:00:00+00:00, run_after=2026-03-13 00:00:00+00:00
[2026-03-13T22:34:21.790+0100] {processor.py:183} INFO - Processing /Users/harshasogala/financial-data-platform/venv/lib/python3.12/site-packages/airflow/example_dags/example_short_circuit_operator.py took 0.131 seconds
[2026-03-13T22:35:37.163+0100] {processor.py:161} INFO - Started process (PID=69244) to work on /Users/harshasogala/financial-data-platform/venv/lib/python3.12/site-packages/airflow/example_dags/example_short_circuit_operator.py
[2026-03-13T22:35:37.164+0100] {processor.py:830} INFO - Processing file /Users/harshasogala/financial-data-platform/venv/lib/python3.12/site-packages/airflow/example_dags/example_short_circuit_operator.py for tasks to queue
[2026-03-13T22:35:37.165+0100] {logging_mixin.py:188} INFO - [2026-03-13T22:35:37.165+0100] {dagbag.py:545} INFO - Filling up the DagBag from /Users/harshasogala/financial-data-platform/venv/lib/python3.12/site-packages/airflow/example_dags/example_short_circuit_operator.py
[2026-03-13T22:35:37.181+0100] {processor.py:840} INFO - DAG(s) 'example_short_circuit_operator' retrieved from /Users/harshasogala/financial-data-platform/venv/lib/python3.12/site-packages/airflow/example_dags/example_short_circuit_operator.py
[2026-03-13T22:35:37.235+0100] {logging_mixin.py:188} INFO - [2026-03-13T22:35:37.235+0100] {dag.py:3089} INFO - Sync 1 DAGs
[2026-03-13T22:35:37.278+0100] {logging_mixin.py:188} INFO - [2026-03-13T22:35:37.278+0100] {dag.py:3947} INFO - Setting next_dagrun for example_short_circuit_operator to 2026-03-12 00:00:00+00:00, run_after=2026-03-13 00:00:00+00:00
[2026-03-13T22:35:37.289+0100] {processor.py:183} INFO - Processing /Users/harshasogala/financial-data-platform/venv/lib/python3.12/site-packages/airflow/example_dags/example_short_circuit_operator.py took 0.127 seconds
[2026-03-13T22:36:51.111+0100] {processor.py:161} INFO - Started process (PID=69322) to work on /Users/harshasogala/financial-data-platform/venv/lib/python3.12/site-packages/airflow/example_dags/example_short_circuit_operator.py
[2026-03-13T22:36:51.112+0100] {processor.py:830} INFO - Processing file /Users/harshasogala/financial-data-platform/venv/lib/python3.12/site-packages/airflow/example_dags/example_short_circuit_operator.py for tasks to queue
[2026-03-13T22:36:51.112+0100] {logging_mixin.py:188} INFO - [2026-03-13T22:36:51.112+0100] {dagbag.py:545} INFO - Filling up the DagBag from /Users/harshasogala/financial-data-platform/venv/lib/python3.12/site-packages/airflow/example_dags/example_short_circuit_operator.py
[2026-03-13T22:36:51.129+0100] {processor.py:840} INFO - DAG(s) 'example_short_circuit_operator' retrieved from /Users/harshasogala/financial-data-platform/venv/lib/python3.12/site-packages/airflow/example_dags/example_short_circuit_operator.py
[2026-03-13T22:36:51.187+0100] {logging_mixin.py:188} INFO - [2026-03-13T22:36:51.186+0100] {dag.py:3089} INFO - Sync 1 DAGs
[2026-03-13T22:36:51.232+0100] {logging_mixin.py:188} INFO - [2026-03-13T22:36:51.231+0100] {dag.py:3947} INFO - Setting next_dagrun for example_short_circuit_operator to 2026-03-12 00:00:00+00:00, run_after=2026-03-13 00:00:00+00:00
[2026-03-13T22:36:51.243+0100] {processor.py:183} INFO - Processing /Users/harshasogala/financial-data-platform/venv/lib/python3.12/site-packages/airflow/example_dags/example_short_circuit_operator.py took 0.134 seconds
[2026-03-13T22:38:04.850+0100] {processor.py:161} INFO - Started process (PID=69380) to work on /Users/harshasogala/financial-data-platform/venv/lib/python3.12/site-packages/airflow/example_dags/example_short_circuit_operator.py
[2026-03-13T22:38:04.851+0100] {processor.py:830} INFO - Processing file /Users/harshasogala/financial-data-platform/venv/lib/python3.12/site-packages/airflow/example_dags/example_short_circuit_operator.py for tasks to queue
[2026-03-13T22:38:04.852+0100] {logging_mixin.py:188} INFO - [2026-03-13T22:38:04.852+0100] {dagbag.py:545} INFO - Filling up the DagBag from /Users/harshasogala/financial-data-platform/venv/lib/python3.12/site-packages/airflow/example_dags/example_short_circuit_operator.py
[2026-03-13T22:38:04.869+0100] {processor.py:840} INFO - DAG(s) 'example_short_circuit_operator' retrieved from /Users/harshasogala/financial-data-platform/venv/lib/python3.12/site-packages/airflow/example_dags/example_short_circuit_operator.py
[2026-03-13T22:38:04.924+0100] {logging_mixin.py:188} INFO - [2026-03-13T22:38:04.923+0100] {dag.py:3089} INFO - Sync 1 DAGs
[2026-03-13T22:38:04.968+0100] {logging_mixin.py:188} INFO - [2026-03-13T22:38:04.968+0100] {dag.py:3947} INFO - Setting next_dagrun for example_short_circuit_operator to 2026-03-12 00:00:00+00:00, run_after=2026-03-13 00:00:00+00:00
[2026-03-13T22:38:04.980+0100] {processor.py:183} INFO - Processing /Users/harshasogala/financial-data-platform/venv/lib/python3.12/site-packages/airflow/example_dags/example_short_circuit_operator.py took 0.132 seconds
[2026-03-13T22:39:19.230+0100] {processor.py:161} INFO - Started process (PID=69449) to work on /Users/harshasogala/financial-data-platform/venv/lib/python3.12/site-packages/airflow/example_dags/example_short_circuit_operator.py
[2026-03-13T22:39:19.232+0100] {processor.py:830} INFO - Processing file /Users/harshasogala/financial-data-platform/venv/lib/python3.12/site-packages/airflow/example_dags/example_short_circuit_operator.py for tasks to queue
[2026-03-13T22:39:19.232+0100] {logging_mixin.py:188} INFO - [2026-03-13T22:39:19.232+0100] {dagbag.py:545} INFO - Filling up the DagBag from /Users/harshasogala/financial-data-platform/venv/lib/python3.12/site-packages/airflow/example_dags/example_short_circuit_operator.py
[2026-03-13T22:39:19.249+0100] {processor.py:840} INFO - DAG(s) 'example_short_circuit_operator' retrieved from /Users/harshasogala/financial-data-platform/venv/lib/python3.12/site-packages/airflow/example_dags/example_short_circuit_operator.py
[2026-03-13T22:39:19.304+0100] {logging_mixin.py:188} INFO - [2026-03-13T22:39:19.303+0100] {dag.py:3089} INFO - Sync 1 DAGs
[2026-03-13T22:39:19.347+0100] {logging_mixin.py:188} INFO - [2026-03-13T22:39:19.347+0100] {dag.py:3947} INFO - Setting next_dagrun for example_short_circuit_operator to 2026-03-12 00:00:00+00:00, run_after=2026-03-13 00:00:00+00:00
[2026-03-13T22:39:19.358+0100] {processor.py:183} INFO - Processing /Users/harshasogala/financial-data-platform/venv/lib/python3.12/site-packages/airflow/example_dags/example_short_circuit_operator.py took 0.129 seconds
[2026-03-13T22:40:41.844+0100] {processor.py:161} INFO - Started process (PID=69670) to work on /Users/harshasogala/financial-data-platform/venv/lib/python3.12/site-packages/airflow/example_dags/example_short_circuit_operator.py
[2026-03-13T22:40:41.845+0100] {processor.py:830} INFO - Processing file /Users/harshasogala/financial-data-platform/venv/lib/python3.12/site-packages/airflow/example_dags/example_short_circuit_operator.py for tasks to queue
[2026-03-13T22:40:41.846+0100] {logging_mixin.py:188} INFO - [2026-03-13T22:40:41.846+0100] {dagbag.py:545} INFO - Filling up the DagBag from /Users/harshasogala/financial-data-platform/venv/lib/python3.12/site-packages/airflow/example_dags/example_short_circuit_operator.py
[2026-03-13T22:40:41.862+0100] {processor.py:840} INFO - DAG(s) 'example_short_circuit_operator' retrieved from /Users/harshasogala/financial-data-platform/venv/lib/python3.12/site-packages/airflow/example_dags/example_short_circuit_operator.py
[2026-03-13T22:40:41.916+0100] {logging_mixin.py:188} INFO - [2026-03-13T22:40:41.916+0100] {dag.py:3089} INFO - Sync 1 DAGs
[2026-03-13T22:40:41.962+0100] {logging_mixin.py:188} INFO - [2026-03-13T22:40:41.962+0100] {dag.py:3947} INFO - Setting next_dagrun for example_short_circuit_operator to 2026-03-12 00:00:00+00:00, run_after=2026-03-13 00:00:00+00:00
[2026-03-13T22:40:41.973+0100] {processor.py:183} INFO - Processing /Users/harshasogala/financial-data-platform/venv/lib/python3.12/site-packages/airflow/example_dags/example_short_circuit_operator.py took 0.130 seconds
[2026-03-13T22:42:00.086+0100] {processor.py:161} INFO - Started process (PID=69729) to work on /Users/harshasogala/financial-data-platform/venv/lib/python3.12/site-packages/airflow/example_dags/example_short_circuit_operator.py
[2026-03-13T22:42:00.087+0100] {processor.py:830} INFO - Processing file /Users/harshasogala/financial-data-platform/venv/lib/python3.12/site-packages/airflow/example_dags/example_short_circuit_operator.py for tasks to queue
[2026-03-13T22:42:00.088+0100] {logging_mixin.py:188} INFO - [2026-03-13T22:42:00.087+0100] {dagbag.py:545} INFO - Filling up the DagBag from /Users/harshasogala/financial-data-platform/venv/lib/python3.12/site-packages/airflow/example_dags/example_short_circuit_operator.py
[2026-03-13T22:42:00.107+0100] {processor.py:840} INFO - DAG(s) 'example_short_circuit_operator' retrieved from /Users/harshasogala/financial-data-platform/venv/lib/python3.12/site-packages/airflow/example_dags/example_short_circuit_operator.py
[2026-03-13T22:42:00.174+0100] {logging_mixin.py:188} INFO - [2026-03-13T22:42:00.173+0100] {dag.py:3089} INFO - Sync 1 DAGs
[2026-03-13T22:42:00.224+0100] {logging_mixin.py:188} INFO - [2026-03-13T22:42:00.224+0100] {dag.py:3947} INFO - Setting next_dagrun for example_short_circuit_operator to 2026-03-12 00:00:00+00:00, run_after=2026-03-13 00:00:00+00:00
[2026-03-13T22:42:00.237+0100] {processor.py:183} INFO - Processing /Users/harshasogala/financial-data-platform/venv/lib/python3.12/site-packages/airflow/example_dags/example_short_circuit_operator.py took 0.156 seconds
[2026-03-13T22:43:17.154+0100] {processor.py:161} INFO - Started process (PID=69795) to work on /Users/harshasogala/financial-data-platform/venv/lib/python3.12/site-packages/airflow/example_dags/example_short_circuit_operator.py
[2026-03-13T22:43:17.155+0100] {processor.py:830} INFO - Processing file /Users/harshasogala/financial-data-platform/venv/lib/python3.12/site-packages/airflow/example_dags/example_short_circuit_operator.py for tasks to queue
[2026-03-13T22:43:17.156+0100] {logging_mixin.py:188} INFO - [2026-03-13T22:43:17.156+0100] {dagbag.py:545} INFO - Filling up the DagBag from /Users/harshasogala/financial-data-platform/venv/lib/python3.12/site-packages/airflow/example_dags/example_short_circuit_operator.py
[2026-03-13T22:43:17.175+0100] {processor.py:840} INFO - DAG(s) 'example_short_circuit_operator' retrieved from /Users/harshasogala/financial-data-platform/venv/lib/python3.12/site-packages/airflow/example_dags/example_short_circuit_operator.py
[2026-03-13T22:43:17.230+0100] {logging_mixin.py:188} INFO - [2026-03-13T22:43:17.229+0100] {dag.py:3089} INFO - Sync 1 DAGs
[2026-03-13T22:43:17.274+0100] {logging_mixin.py:188} INFO - [2026-03-13T22:43:17.274+0100] {dag.py:3947} INFO - Setting next_dagrun for example_short_circuit_operator to 2026-03-12 00:00:00+00:00, run_after=2026-03-13 00:00:00+00:00
[2026-03-13T22:43:17.285+0100] {processor.py:183} INFO - Processing /Users/harshasogala/financial-data-platform/venv/lib/python3.12/site-packages/airflow/example_dags/example_short_circuit_operator.py took 0.133 seconds
[2026-03-13T22:44:39.718+0100] {processor.py:161} INFO - Started process (PID=70048) to work on /Users/harshasogala/financial-data-platform/venv/lib/python3.12/site-packages/airflow/example_dags/example_short_circuit_operator.py
[2026-03-13T22:44:39.719+0100] {processor.py:830} INFO - Processing file /Users/harshasogala/financial-data-platform/venv/lib/python3.12/site-packages/airflow/example_dags/example_short_circuit_operator.py for tasks to queue
[2026-03-13T22:44:39.719+0100] {logging_mixin.py:188} INFO - [2026-03-13T22:44:39.719+0100] {dagbag.py:545} INFO - Filling up the DagBag from /Users/harshasogala/financial-data-platform/venv/lib/python3.12/site-packages/airflow/example_dags/example_short_circuit_operator.py
[2026-03-13T22:44:39.744+0100] {processor.py:840} INFO - DAG(s) 'example_short_circuit_operator' retrieved from /Users/harshasogala/financial-data-platform/venv/lib/python3.12/site-packages/airflow/example_dags/example_short_circuit_operator.py
[2026-03-13T22:44:39.818+0100] {logging_mixin.py:188} INFO - [2026-03-13T22:44:39.817+0100] {dag.py:3089} INFO - Sync 1 DAGs
[2026-03-13T22:44:39.865+0100] {logging_mixin.py:188} INFO - [2026-03-13T22:44:39.865+0100] {dag.py:3947} INFO - Setting next_dagrun for example_short_circuit_operator to 2026-03-12 00:00:00+00:00, run_after=2026-03-13 00:00:00+00:00
[2026-03-13T22:44:39.877+0100] {processor.py:183} INFO - Processing /Users/harshasogala/financial-data-platform/venv/lib/python3.12/site-packages/airflow/example_dags/example_short_circuit_operator.py took 0.161 seconds
[2026-03-13T22:46:12.317+0100] {processor.py:161} INFO - Started process (PID=70370) to work on /Users/harshasogala/financial-data-platform/venv/lib/python3.12/site-packages/airflow/example_dags/example_short_circuit_operator.py
[2026-03-13T22:46:12.319+0100] {processor.py:830} INFO - Processing file /Users/harshasogala/financial-data-platform/venv/lib/python3.12/site-packages/airflow/example_dags/example_short_circuit_operator.py for tasks to queue
[2026-03-13T22:46:12.319+0100] {logging_mixin.py:188} INFO - [2026-03-13T22:46:12.319+0100] {dagbag.py:545} INFO - Filling up the DagBag from /Users/harshasogala/financial-data-platform/venv/lib/python3.12/site-packages/airflow/example_dags/example_short_circuit_operator.py
[2026-03-13T22:46:12.336+0100] {processor.py:840} INFO - DAG(s) 'example_short_circuit_operator' retrieved from /Users/harshasogala/financial-data-platform/venv/lib/python3.12/site-packages/airflow/example_dags/example_short_circuit_operator.py
[2026-03-13T22:46:12.390+0100] {logging_mixin.py:188} INFO - [2026-03-13T22:46:12.390+0100] {dag.py:3089} INFO - Sync 1 DAGs
[2026-03-13T22:46:12.434+0100] {logging_mixin.py:188} INFO - [2026-03-13T22:46:12.433+0100] {dag.py:3947} INFO - Setting next_dagrun for example_short_circuit_operator to 2026-03-12 00:00:00+00:00, run_after=2026-03-13 00:00:00+00:00
[2026-03-13T22:46:12.444+0100] {processor.py:183} INFO - Processing /Users/harshasogala/financial-data-platform/venv/lib/python3.12/site-packages/airflow/example_dags/example_short_circuit_operator.py took 0.129 seconds
[2026-03-13T22:47:37.140+0100] {processor.py:161} INFO - Started process (PID=71380) to work on /Users/harshasogala/financial-data-platform/venv/lib/python3.12/site-packages/airflow/example_dags/example_short_circuit_operator.py
[2026-03-13T22:47:37.140+0100] {processor.py:830} INFO - Processing file /Users/harshasogala/financial-data-platform/venv/lib/python3.12/site-packages/airflow/example_dags/example_short_circuit_operator.py for tasks to queue
[2026-03-13T22:47:37.141+0100] {logging_mixin.py:188} INFO - [2026-03-13T22:47:37.141+0100] {dagbag.py:545} INFO - Filling up the DagBag from /Users/harshasogala/financial-data-platform/venv/lib/python3.12/site-packages/airflow/example_dags/example_short_circuit_operator.py
[2026-03-13T22:47:37.159+0100] {processor.py:840} INFO - DAG(s) 'example_short_circuit_operator' retrieved from /Users/harshasogala/financial-data-platform/venv/lib/python3.12/site-packages/airflow/example_dags/example_short_circuit_operator.py
[2026-03-13T22:47:37.214+0100] {logging_mixin.py:188} INFO - [2026-03-13T22:47:37.214+0100] {dag.py:3089} INFO - Sync 1 DAGs
[2026-03-13T22:47:37.260+0100] {logging_mixin.py:188} INFO - [2026-03-13T22:47:37.260+0100] {dag.py:3947} INFO - Setting next_dagrun for example_short_circuit_operator to 2026-03-12 00:00:00+00:00, run_after=2026-03-13 00:00:00+00:00
[2026-03-13T22:47:37.271+0100] {processor.py:183} INFO - Processing /Users/harshasogala/financial-data-platform/venv/lib/python3.12/site-packages/airflow/example_dags/example_short_circuit_operator.py took 0.133 seconds
[2026-03-13T22:48:54.133+0100] {processor.py:161} INFO - Started process (PID=71451) to work on /Users/harshasogala/financial-data-platform/venv/lib/python3.12/site-packages/airflow/example_dags/example_short_circuit_operator.py
[2026-03-13T22:48:54.134+0100] {processor.py:830} INFO - Processing file /Users/harshasogala/financial-data-platform/venv/lib/python3.12/site-packages/airflow/example_dags/example_short_circuit_operator.py for tasks to queue
[2026-03-13T22:48:54.134+0100] {logging_mixin.py:188} INFO - [2026-03-13T22:48:54.134+0100] {dagbag.py:545} INFO - Filling up the DagBag from /Users/harshasogala/financial-data-platform/venv/lib/python3.12/site-packages/airflow/example_dags/example_short_circuit_operator.py
[2026-03-13T22:48:54.152+0100] {processor.py:840} INFO - DAG(s) 'example_short_circuit_operator' retrieved from /Users/harshasogala/financial-data-platform/venv/lib/python3.12/site-packages/airflow/example_dags/example_short_circuit_operator.py
[2026-03-13T22:48:54.207+0100] {logging_mixin.py:188} INFO - [2026-03-13T22:48:54.207+0100] {dag.py:3089} INFO - Sync 1 DAGs
[2026-03-13T22:48:54.252+0100] {logging_mixin.py:188} INFO - [2026-03-13T22:48:54.252+0100] {dag.py:3947} INFO - Setting next_dagrun for example_short_circuit_operator to 2026-03-12 00:00:00+00:00, run_after=2026-03-13 00:00:00+00:00
[2026-03-13T22:48:54.264+0100] {processor.py:183} INFO - Processing /Users/harshasogala/financial-data-platform/venv/lib/python3.12/site-packages/airflow/example_dags/example_short_circuit_operator.py took 0.133 seconds
[2026-03-13T22:50:14.477+0100] {processor.py:161} INFO - Started process (PID=71702) to work on /Users/harshasogala/financial-data-platform/venv/lib/python3.12/site-packages/airflow/example_dags/example_short_circuit_operator.py
[2026-03-13T22:50:14.478+0100] {processor.py:830} INFO - Processing file /Users/harshasogala/financial-data-platform/venv/lib/python3.12/site-packages/airflow/example_dags/example_short_circuit_operator.py for tasks to queue
[2026-03-13T22:50:14.478+0100] {logging_mixin.py:188} INFO - [2026-03-13T22:50:14.478+0100] {dagbag.py:545} INFO - Filling up the DagBag from /Users/harshasogala/financial-data-platform/venv/lib/python3.12/site-packages/airflow/example_dags/example_short_circuit_operator.py
[2026-03-13T22:50:14.496+0100] {processor.py:840} INFO - DAG(s) 'example_short_circuit_operator' retrieved from /Users/harshasogala/financial-data-platform/venv/lib/python3.12/site-packages/airflow/example_dags/example_short_circuit_operator.py
[2026-03-13T22:50:14.551+0100] {logging_mixin.py:188} INFO - [2026-03-13T22:50:14.550+0100] {dag.py:3089} INFO - Sync 1 DAGs
[2026-03-13T22:50:14.597+0100] {logging_mixin.py:188} INFO - [2026-03-13T22:50:14.596+0100] {dag.py:3947} INFO - Setting next_dagrun for example_short_circuit_operator to 2026-03-12 00:00:00+00:00, run_after=2026-03-13 00:00:00+00:00
[2026-03-13T22:50:14.607+0100] {processor.py:183} INFO - Processing /Users/harshasogala/financial-data-platform/venv/lib/python3.12/site-packages/airflow/example_dags/example_short_circuit_operator.py took 0.132 seconds
[2026-03-13T22:51:43.924+0100] {processor.py:161} INFO - Started process (PID=72065) to work on /Users/harshasogala/financial-data-platform/venv/lib/python3.12/site-packages/airflow/example_dags/example_short_circuit_operator.py
[2026-03-13T22:51:43.924+0100] {processor.py:830} INFO - Processing file /Users/harshasogala/financial-data-platform/venv/lib/python3.12/site-packages/airflow/example_dags/example_short_circuit_operator.py for tasks to queue
[2026-03-13T22:51:43.925+0100] {logging_mixin.py:188} INFO - [2026-03-13T22:51:43.925+0100] {dagbag.py:545} INFO - Filling up the DagBag from /Users/harshasogala/financial-data-platform/venv/lib/python3.12/site-packages/airflow/example_dags/example_short_circuit_operator.py
[2026-03-13T22:51:43.942+0100] {processor.py:840} INFO - DAG(s) 'example_short_circuit_operator' retrieved from /Users/harshasogala/financial-data-platform/venv/lib/python3.12/site-packages/airflow/example_dags/example_short_circuit_operator.py
[2026-03-13T22:51:43.996+0100] {logging_mixin.py:188} INFO - [2026-03-13T22:51:43.995+0100] {dag.py:3089} INFO - Sync 1 DAGs
[2026-03-13T22:51:44.039+0100] {logging_mixin.py:188} INFO - [2026-03-13T22:51:44.038+0100] {dag.py:3947} INFO - Setting next_dagrun for example_short_circuit_operator to 2026-03-12 00:00:00+00:00, run_after=2026-03-13 00:00:00+00:00
[2026-03-13T22:51:44.049+0100] {processor.py:183} INFO - Processing /Users/harshasogala/financial-data-platform/venv/lib/python3.12/site-packages/airflow/example_dags/example_short_circuit_operator.py took 0.128 seconds
[2026-03-13T22:52:59.199+0100] {processor.py:161} INFO - Started process (PID=72390) to work on /Users/harshasogala/financial-data-platform/venv/lib/python3.12/site-packages/airflow/example_dags/example_short_circuit_operator.py
[2026-03-13T22:52:59.199+0100] {processor.py:830} INFO - Processing file /Users/harshasogala/financial-data-platform/venv/lib/python3.12/site-packages/airflow/example_dags/example_short_circuit_operator.py for tasks to queue
[2026-03-13T22:52:59.200+0100] {logging_mixin.py:188} INFO - [2026-03-13T22:52:59.200+0100] {dagbag.py:545} INFO - Filling up the DagBag from /Users/harshasogala/financial-data-platform/venv/lib/python3.12/site-packages/airflow/example_dags/example_short_circuit_operator.py
[2026-03-13T22:52:59.216+0100] {processor.py:840} INFO - DAG(s) 'example_short_circuit_operator' retrieved from /Users/harshasogala/financial-data-platform/venv/lib/python3.12/site-packages/airflow/example_dags/example_short_circuit_operator.py
[2026-03-13T22:52:59.270+0100] {logging_mixin.py:188} INFO - [2026-03-13T22:52:59.269+0100] {dag.py:3089} INFO - Sync 1 DAGs
[2026-03-13T22:52:59.314+0100] {logging_mixin.py:188} INFO - [2026-03-13T22:52:59.314+0100] {dag.py:3947} INFO - Setting next_dagrun for example_short_circuit_operator to 2026-03-12 00:00:00+00:00, run_after=2026-03-13 00:00:00+00:00
[2026-03-13T22:52:59.326+0100] {processor.py:183} INFO - Processing /Users/harshasogala/financial-data-platform/venv/lib/python3.12/site-packages/airflow/example_dags/example_short_circuit_operator.py took 0.129 seconds
[2026-03-13T22:54:20.305+0100] {processor.py:161} INFO - Started process (PID=72481) to work on /Users/harshasogala/financial-data-platform/venv/lib/python3.12/site-packages/airflow/example_dags/example_short_circuit_operator.py
[2026-03-13T22:54:20.306+0100] {processor.py:830} INFO - Processing file /Users/harshasogala/financial-data-platform/venv/lib/python3.12/site-packages/airflow/example_dags/example_short_circuit_operator.py for tasks to queue
[2026-03-13T22:54:20.306+0100] {logging_mixin.py:188} INFO - [2026-03-13T22:54:20.306+0100] {dagbag.py:545} INFO - Filling up the DagBag from /Users/harshasogala/financial-data-platform/venv/lib/python3.12/site-packages/airflow/example_dags/example_short_circuit_operator.py
[2026-03-13T22:54:20.328+0100] {processor.py:840} INFO - DAG(s) 'example_short_circuit_operator' retrieved from /Users/harshasogala/financial-data-platform/venv/lib/python3.12/site-packages/airflow/example_dags/example_short_circuit_operator.py
[2026-03-13T22:54:20.382+0100] {logging_mixin.py:188} INFO - [2026-03-13T22:54:20.382+0100] {dag.py:3089} INFO - Sync 1 DAGs
[2026-03-13T22:54:20.427+0100] {logging_mixin.py:188} INFO - [2026-03-13T22:54:20.427+0100] {dag.py:3947} INFO - Setting next_dagrun for example_short_circuit_operator to 2026-03-12 00:00:00+00:00, run_after=2026-03-13 00:00:00+00:00
[2026-03-13T22:54:20.438+0100] {processor.py:183} INFO - Processing /Users/harshasogala/financial-data-platform/venv/lib/python3.12/site-packages/airflow/example_dags/example_short_circuit_operator.py took 0.135 seconds
[2026-03-13T22:55:44.489+0100] {processor.py:161} INFO - Started process (PID=72553) to work on /Users/harshasogala/financial-data-platform/venv/lib/python3.12/site-packages/airflow/example_dags/example_short_circuit_operator.py
[2026-03-13T22:55:44.490+0100] {processor.py:830} INFO - Processing file /Users/harshasogala/financial-data-platform/venv/lib/python3.12/site-packages/airflow/example_dags/example_short_circuit_operator.py for tasks to queue
[2026-03-13T22:55:44.491+0100] {logging_mixin.py:188} INFO - [2026-03-13T22:55:44.491+0100] {dagbag.py:545} INFO - Filling up the DagBag from /Users/harshasogala/financial-data-platform/venv/lib/python3.12/site-packages/airflow/example_dags/example_short_circuit_operator.py
[2026-03-13T22:55:44.508+0100] {processor.py:840} INFO - DAG(s) 'example_short_circuit_operator' retrieved from /Users/harshasogala/financial-data-platform/venv/lib/python3.12/site-packages/airflow/example_dags/example_short_circuit_operator.py
[2026-03-13T22:55:44.566+0100] {logging_mixin.py:188} INFO - [2026-03-13T22:55:44.565+0100] {dag.py:3089} INFO - Sync 1 DAGs
[2026-03-13T22:55:44.612+0100] {logging_mixin.py:188} INFO - [2026-03-13T22:55:44.612+0100] {dag.py:3947} INFO - Setting next_dagrun for example_short_circuit_operator to 2026-03-12 00:00:00+00:00, run_after=2026-03-13 00:00:00+00:00
[2026-03-13T22:55:44.623+0100] {processor.py:183} INFO - Processing /Users/harshasogala/financial-data-platform/venv/lib/python3.12/site-packages/airflow/example_dags/example_short_circuit_operator.py took 0.136 seconds
[2026-03-13T22:57:06.192+0100] {processor.py:161} INFO - Started process (PID=72650) to work on /Users/harshasogala/financial-data-platform/venv/lib/python3.12/site-packages/airflow/example_dags/example_short_circuit_operator.py
[2026-03-13T22:57:06.193+0100] {processor.py:830} INFO - Processing file /Users/harshasogala/financial-data-platform/venv/lib/python3.12/site-packages/airflow/example_dags/example_short_circuit_operator.py for tasks to queue
[2026-03-13T22:57:06.193+0100] {logging_mixin.py:188} INFO - [2026-03-13T22:57:06.193+0100] {dagbag.py:545} INFO - Filling up the DagBag from /Users/harshasogala/financial-data-platform/venv/lib/python3.12/site-packages/airflow/example_dags/example_short_circuit_operator.py
[2026-03-13T22:57:06.210+0100] {processor.py:840} INFO - DAG(s) 'example_short_circuit_operator' retrieved from /Users/harshasogala/financial-data-platform/venv/lib/python3.12/site-packages/airflow/example_dags/example_short_circuit_operator.py
[2026-03-13T22:57:06.265+0100] {logging_mixin.py:188} INFO - [2026-03-13T22:57:06.264+0100] {dag.py:3089} INFO - Sync 1 DAGs
[2026-03-13T22:57:06.312+0100] {logging_mixin.py:188} INFO - [2026-03-13T22:57:06.312+0100] {dag.py:3947} INFO - Setting next_dagrun for example_short_circuit_operator to 2026-03-12 00:00:00+00:00, run_after=2026-03-13 00:00:00+00:00
[2026-03-13T22:57:06.323+0100] {processor.py:183} INFO - Processing /Users/harshasogala/financial-data-platform/venv/lib/python3.12/site-packages/airflow/example_dags/example_short_circuit_operator.py took 0.133 seconds
[2026-03-13T22:58:26.100+0100] {processor.py:161} INFO - Started process (PID=72713) to work on /Users/harshasogala/financial-data-platform/venv/lib/python3.12/site-packages/airflow/example_dags/example_short_circuit_operator.py
[2026-03-13T22:58:26.101+0100] {processor.py:830} INFO - Processing file /Users/harshasogala/financial-data-platform/venv/lib/python3.12/site-packages/airflow/example_dags/example_short_circuit_operator.py for tasks to queue
[2026-03-13T22:58:26.101+0100] {logging_mixin.py:188} INFO - [2026-03-13T22:58:26.101+0100] {dagbag.py:545} INFO - Filling up the DagBag from /Users/harshasogala/financial-data-platform/venv/lib/python3.12/site-packages/airflow/example_dags/example_short_circuit_operator.py
[2026-03-13T22:58:26.118+0100] {processor.py:840} INFO - DAG(s) 'example_short_circuit_operator' retrieved from /Users/harshasogala/financial-data-platform/venv/lib/python3.12/site-packages/airflow/example_dags/example_short_circuit_operator.py
[2026-03-13T22:58:26.174+0100] {logging_mixin.py:188} INFO - [2026-03-13T22:58:26.174+0100] {dag.py:3089} INFO - Sync 1 DAGs
[2026-03-13T22:58:26.219+0100] {logging_mixin.py:188} INFO - [2026-03-13T22:58:26.219+0100] {dag.py:3947} INFO - Setting next_dagrun for example_short_circuit_operator to 2026-03-12 00:00:00+00:00, run_after=2026-03-13 00:00:00+00:00
[2026-03-13T22:58:26.230+0100] {processor.py:183} INFO - Processing /Users/harshasogala/financial-data-platform/venv/lib/python3.12/site-packages/airflow/example_dags/example_short_circuit_operator.py took 0.132 seconds
[2026-03-13T22:59:46.490+0100] {processor.py:161} INFO - Started process (PID=72787) to work on /Users/harshasogala/financial-data-platform/venv/lib/python3.12/site-packages/airflow/example_dags/example_short_circuit_operator.py
[2026-03-13T22:59:46.492+0100] {processor.py:830} INFO - Processing file /Users/harshasogala/financial-data-platform/venv/lib/python3.12/site-packages/airflow/example_dags/example_short_circuit_operator.py for tasks to queue
[2026-03-13T22:59:46.492+0100] {logging_mixin.py:188} INFO - [2026-03-13T22:59:46.492+0100] {dagbag.py:545} INFO - Filling up the DagBag from /Users/harshasogala/financial-data-platform/venv/lib/python3.12/site-packages/airflow/example_dags/example_short_circuit_operator.py
[2026-03-13T22:59:46.509+0100] {processor.py:840} INFO - DAG(s) 'example_short_circuit_operator' retrieved from /Users/harshasogala/financial-data-platform/venv/lib/python3.12/site-packages/airflow/example_dags/example_short_circuit_operator.py
[2026-03-13T22:59:46.564+0100] {logging_mixin.py:188} INFO - [2026-03-13T22:59:46.563+0100] {dag.py:3089} INFO - Sync 1 DAGs
[2026-03-13T22:59:46.607+0100] {logging_mixin.py:188} INFO - [2026-03-13T22:59:46.606+0100] {dag.py:3947} INFO - Setting next_dagrun for example_short_circuit_operator to 2026-03-12 00:00:00+00:00, run_after=2026-03-13 00:00:00+00:00
[2026-03-13T22:59:46.618+0100] {processor.py:183} INFO - Processing /Users/harshasogala/financial-data-platform/venv/lib/python3.12/site-packages/airflow/example_dags/example_short_circuit_operator.py took 0.129 seconds
[2026-03-13T23:01:06.463+0100] {processor.py:161} INFO - Started process (PID=72856) to work on /Users/harshasogala/financial-data-platform/venv/lib/python3.12/site-packages/airflow/example_dags/example_short_circuit_operator.py
[2026-03-13T23:01:06.463+0100] {processor.py:830} INFO - Processing file /Users/harshasogala/financial-data-platform/venv/lib/python3.12/site-packages/airflow/example_dags/example_short_circuit_operator.py for tasks to queue
[2026-03-13T23:01:06.464+0100] {logging_mixin.py:188} INFO - [2026-03-13T23:01:06.464+0100] {dagbag.py:545} INFO - Filling up the DagBag from /Users/harshasogala/financial-data-platform/venv/lib/python3.12/site-packages/airflow/example_dags/example_short_circuit_operator.py
[2026-03-13T23:01:06.482+0100] {processor.py:840} INFO - DAG(s) 'example_short_circuit_operator' retrieved from /Users/harshasogala/financial-data-platform/venv/lib/python3.12/site-packages/airflow/example_dags/example_short_circuit_operator.py
[2026-03-13T23:01:06.539+0100] {logging_mixin.py:188} INFO - [2026-03-13T23:01:06.538+0100] {dag.py:3089} INFO - Sync 1 DAGs
[2026-03-13T23:01:06.583+0100] {logging_mixin.py:188} INFO - [2026-03-13T23:01:06.583+0100] {dag.py:3947} INFO - Setting next_dagrun for example_short_circuit_operator to 2026-03-12 00:00:00+00:00, run_after=2026-03-13 00:00:00+00:00
[2026-03-13T23:01:06.595+0100] {processor.py:183} INFO - Processing /Users/harshasogala/financial-data-platform/venv/lib/python3.12/site-packages/airflow/example_dags/example_short_circuit_operator.py took 0.134 seconds
[2026-03-13T23:02:25.234+0100] {processor.py:161} INFO - Started process (PID=72916) to work on /Users/harshasogala/financial-data-platform/venv/lib/python3.12/site-packages/airflow/example_dags/example_short_circuit_operator.py
[2026-03-13T23:02:25.235+0100] {processor.py:830} INFO - Processing file /Users/harshasogala/financial-data-platform/venv/lib/python3.12/site-packages/airflow/example_dags/example_short_circuit_operator.py for tasks to queue
[2026-03-13T23:02:25.236+0100] {logging_mixin.py:188} INFO - [2026-03-13T23:02:25.236+0100] {dagbag.py:545} INFO - Filling up the DagBag from /Users/harshasogala/financial-data-platform/venv/lib/python3.12/site-packages/airflow/example_dags/example_short_circuit_operator.py
[2026-03-13T23:02:25.257+0100] {processor.py:840} INFO - DAG(s) 'example_short_circuit_operator' retrieved from /Users/harshasogala/financial-data-platform/venv/lib/python3.12/site-packages/airflow/example_dags/example_short_circuit_operator.py
[2026-03-13T23:02:25.317+0100] {logging_mixin.py:188} INFO - [2026-03-13T23:02:25.316+0100] {dag.py:3089} INFO - Sync 1 DAGs
[2026-03-13T23:02:25.366+0100] {logging_mixin.py:188} INFO - [2026-03-13T23:02:25.366+0100] {dag.py:3947} INFO - Setting next_dagrun for example_short_circuit_operator to 2026-03-12 00:00:00+00:00, run_after=2026-03-13 00:00:00+00:00
[2026-03-13T23:02:25.379+0100] {processor.py:183} INFO - Processing /Users/harshasogala/financial-data-platform/venv/lib/python3.12/site-packages/airflow/example_dags/example_short_circuit_operator.py took 0.147 seconds
[2026-03-13T23:03:44.913+0100] {processor.py:161} INFO - Started process (PID=72977) to work on /Users/harshasogala/financial-data-platform/venv/lib/python3.12/site-packages/airflow/example_dags/example_short_circuit_operator.py
[2026-03-13T23:03:44.914+0100] {processor.py:830} INFO - Processing file /Users/harshasogala/financial-data-platform/venv/lib/python3.12/site-packages/airflow/example_dags/example_short_circuit_operator.py for tasks to queue
[2026-03-13T23:03:44.915+0100] {logging_mixin.py:188} INFO - [2026-03-13T23:03:44.915+0100] {dagbag.py:545} INFO - Filling up the DagBag from /Users/harshasogala/financial-data-platform/venv/lib/python3.12/site-packages/airflow/example_dags/example_short_circuit_operator.py
[2026-03-13T23:03:44.934+0100] {processor.py:840} INFO - DAG(s) 'example_short_circuit_operator' retrieved from /Users/harshasogala/financial-data-platform/venv/lib/python3.12/site-packages/airflow/example_dags/example_short_circuit_operator.py
[2026-03-13T23:03:44.991+0100] {logging_mixin.py:188} INFO - [2026-03-13T23:03:44.990+0100] {dag.py:3089} INFO - Sync 1 DAGs
[2026-03-13T23:03:45.041+0100] {logging_mixin.py:188} INFO - [2026-03-13T23:03:45.041+0100] {dag.py:3947} INFO - Setting next_dagrun for example_short_circuit_operator to 2026-03-12 00:00:00+00:00, run_after=2026-03-13 00:00:00+00:00
[2026-03-13T23:03:45.051+0100] {processor.py:183} INFO - Processing /Users/harshasogala/financial-data-platform/venv/lib/python3.12/site-packages/airflow/example_dags/example_short_circuit_operator.py took 0.141 seconds
[2026-03-13T23:05:01.792+0100] {processor.py:161} INFO - Started process (PID=73035) to work on /Users/harshasogala/financial-data-platform/venv/lib/python3.12/site-packages/airflow/example_dags/example_short_circuit_operator.py
[2026-03-13T23:05:01.793+0100] {processor.py:830} INFO - Processing file /Users/harshasogala/financial-data-platform/venv/lib/python3.12/site-packages/airflow/example_dags/example_short_circuit_operator.py for tasks to queue
[2026-03-13T23:05:01.794+0100] {logging_mixin.py:188} INFO - [2026-03-13T23:05:01.793+0100] {dagbag.py:545} INFO - Filling up the DagBag from /Users/harshasogala/financial-data-platform/venv/lib/python3.12/site-packages/airflow/example_dags/example_short_circuit_operator.py
[2026-03-13T23:05:01.810+0100] {processor.py:840} INFO - DAG(s) 'example_short_circuit_operator' retrieved from /Users/harshasogala/financial-data-platform/venv/lib/python3.12/site-packages/airflow/example_dags/example_short_circuit_operator.py
[2026-03-13T23:05:01.865+0100] {logging_mixin.py:188} INFO - [2026-03-13T23:05:01.864+0100] {dag.py:3089} INFO - Sync 1 DAGs
[2026-03-13T23:05:01.908+0100] {logging_mixin.py:188} INFO - [2026-03-13T23:05:01.908+0100] {dag.py:3947} INFO - Setting next_dagrun for example_short_circuit_operator to 2026-03-12 00:00:00+00:00, run_after=2026-03-13 00:00:00+00:00
[2026-03-13T23:05:01.919+0100] {processor.py:183} INFO - Processing /Users/harshasogala/financial-data-platform/venv/lib/python3.12/site-packages/airflow/example_dags/example_short_circuit_operator.py took 0.129 seconds
[2026-03-13T23:06:18.404+0100] {processor.py:161} INFO - Started process (PID=73103) to work on /Users/harshasogala/financial-data-platform/venv/lib/python3.12/site-packages/airflow/example_dags/example_short_circuit_operator.py
[2026-03-13T23:06:18.405+0100] {processor.py:830} INFO - Processing file /Users/harshasogala/financial-data-platform/venv/lib/python3.12/site-packages/airflow/example_dags/example_short_circuit_operator.py for tasks to queue
[2026-03-13T23:06:18.405+0100] {logging_mixin.py:188} INFO - [2026-03-13T23:06:18.405+0100] {dagbag.py:545} INFO - Filling up the DagBag from /Users/harshasogala/financial-data-platform/venv/lib/python3.12/site-packages/airflow/example_dags/example_short_circuit_operator.py
[2026-03-13T23:06:18.518+0100] {processor.py:840} INFO - DAG(s) 'example_short_circuit_operator' retrieved from /Users/harshasogala/financial-data-platform/venv/lib/python3.12/site-packages/airflow/example_dags/example_short_circuit_operator.py
[2026-03-13T23:06:18.680+0100] {logging_mixin.py:188} INFO - [2026-03-13T23:06:18.680+0100] {dag.py:3089} INFO - Sync 1 DAGs
[2026-03-13T23:06:18.752+0100] {logging_mixin.py:188} INFO - [2026-03-13T23:06:18.752+0100] {dag.py:3947} INFO - Setting next_dagrun for example_short_circuit_operator to 2026-03-12 00:00:00+00:00, run_after=2026-03-13 00:00:00+00:00
[2026-03-13T23:06:18.766+0100] {processor.py:183} INFO - Processing /Users/harshasogala/financial-data-platform/venv/lib/python3.12/site-packages/airflow/example_dags/example_short_circuit_operator.py took 0.365 seconds
[2026-03-13T23:07:42.773+0100] {processor.py:161} INFO - Started process (PID=73170) to work on /Users/harshasogala/financial-data-platform/venv/lib/python3.12/site-packages/airflow/example_dags/example_short_circuit_operator.py
[2026-03-13T23:07:42.775+0100] {processor.py:830} INFO - Processing file /Users/harshasogala/financial-data-platform/venv/lib/python3.12/site-packages/airflow/example_dags/example_short_circuit_operator.py for tasks to queue
[2026-03-13T23:07:42.775+0100] {logging_mixin.py:188} INFO - [2026-03-13T23:07:42.775+0100] {dagbag.py:545} INFO - Filling up the DagBag from /Users/harshasogala/financial-data-platform/venv/lib/python3.12/site-packages/airflow/example_dags/example_short_circuit_operator.py
[2026-03-13T23:07:42.792+0100] {processor.py:840} INFO - DAG(s) 'example_short_circuit_operator' retrieved from /Users/harshasogala/financial-data-platform/venv/lib/python3.12/site-packages/airflow/example_dags/example_short_circuit_operator.py
[2026-03-13T23:07:42.848+0100] {logging_mixin.py:188} INFO - [2026-03-13T23:07:42.848+0100] {dag.py:3089} INFO - Sync 1 DAGs
[2026-03-13T23:07:42.892+0100] {logging_mixin.py:188} INFO - [2026-03-13T23:07:42.892+0100] {dag.py:3947} INFO - Setting next_dagrun for example_short_circuit_operator to 2026-03-12 00:00:00+00:00, run_after=2026-03-13 00:00:00+00:00
[2026-03-13T23:07:42.904+0100] {processor.py:183} INFO - Processing /Users/harshasogala/financial-data-platform/venv/lib/python3.12/site-packages/airflow/example_dags/example_short_circuit_operator.py took 0.133 seconds
[2026-03-13T23:08:56.481+0100] {processor.py:161} INFO - Started process (PID=73230) to work on /Users/harshasogala/financial-data-platform/venv/lib/python3.12/site-packages/airflow/example_dags/example_short_circuit_operator.py
[2026-03-13T23:08:56.482+0100] {processor.py:830} INFO - Processing file /Users/harshasogala/financial-data-platform/venv/lib/python3.12/site-packages/airflow/example_dags/example_short_circuit_operator.py for tasks to queue
[2026-03-13T23:08:56.482+0100] {logging_mixin.py:188} INFO - [2026-03-13T23:08:56.482+0100] {dagbag.py:545} INFO - Filling up the DagBag from /Users/harshasogala/financial-data-platform/venv/lib/python3.12/site-packages/airflow/example_dags/example_short_circuit_operator.py
[2026-03-13T23:08:56.527+0100] {processor.py:840} INFO - DAG(s) 'example_short_circuit_operator' retrieved from /Users/harshasogala/financial-data-platform/venv/lib/python3.12/site-packages/airflow/example_dags/example_short_circuit_operator.py
[2026-03-13T23:08:56.596+0100] {logging_mixin.py:188} INFO - [2026-03-13T23:08:56.596+0100] {dag.py:3089} INFO - Sync 1 DAGs
[2026-03-13T23:08:56.648+0100] {logging_mixin.py:188} INFO - [2026-03-13T23:08:56.648+0100] {dag.py:3947} INFO - Setting next_dagrun for example_short_circuit_operator to 2026-03-12 00:00:00+00:00, run_after=2026-03-13 00:00:00+00:00
[2026-03-13T23:08:56.659+0100] {processor.py:183} INFO - Processing /Users/harshasogala/financial-data-platform/venv/lib/python3.12/site-packages/airflow/example_dags/example_short_circuit_operator.py took 0.180 seconds
[2026-03-13T23:10:08.327+0100] {processor.py:161} INFO - Started process (PID=73286) to work on /Users/harshasogala/financial-data-platform/venv/lib/python3.12/site-packages/airflow/example_dags/example_short_circuit_operator.py
[2026-03-13T23:10:08.329+0100] {processor.py:830} INFO - Processing file /Users/harshasogala/financial-data-platform/venv/lib/python3.12/site-packages/airflow/example_dags/example_short_circuit_operator.py for tasks to queue
[2026-03-13T23:10:08.329+0100] {logging_mixin.py:188} INFO - [2026-03-13T23:10:08.329+0100] {dagbag.py:545} INFO - Filling up the DagBag from /Users/harshasogala/financial-data-platform/venv/lib/python3.12/site-packages/airflow/example_dags/example_short_circuit_operator.py
[2026-03-13T23:10:08.347+0100] {processor.py:840} INFO - DAG(s) 'example_short_circuit_operator' retrieved from /Users/harshasogala/financial-data-platform/venv/lib/python3.12/site-packages/airflow/example_dags/example_short_circuit_operator.py
[2026-03-13T23:10:08.401+0100] {logging_mixin.py:188} INFO - [2026-03-13T23:10:08.401+0100] {dag.py:3089} INFO - Sync 1 DAGs
[2026-03-13T23:10:08.445+0100] {logging_mixin.py:188} INFO - [2026-03-13T23:10:08.445+0100] {dag.py:3947} INFO - Setting next_dagrun for example_short_circuit_operator to 2026-03-12 00:00:00+00:00, run_after=2026-03-13 00:00:00+00:00
[2026-03-13T23:10:08.457+0100] {processor.py:183} INFO - Processing /Users/harshasogala/financial-data-platform/venv/lib/python3.12/site-packages/airflow/example_dags/example_short_circuit_operator.py took 0.131 seconds
[2026-03-13T23:11:21.978+0100] {processor.py:161} INFO - Started process (PID=73351) to work on /Users/harshasogala/financial-data-platform/venv/lib/python3.12/site-packages/airflow/example_dags/example_short_circuit_operator.py
[2026-03-13T23:11:21.979+0100] {processor.py:830} INFO - Processing file /Users/harshasogala/financial-data-platform/venv/lib/python3.12/site-packages/airflow/example_dags/example_short_circuit_operator.py for tasks to queue
[2026-03-13T23:11:21.979+0100] {logging_mixin.py:188} INFO - [2026-03-13T23:11:21.979+0100] {dagbag.py:545} INFO - Filling up the DagBag from /Users/harshasogala/financial-data-platform/venv/lib/python3.12/site-packages/airflow/example_dags/example_short_circuit_operator.py
[2026-03-13T23:11:21.997+0100] {processor.py:840} INFO - DAG(s) 'example_short_circuit_operator' retrieved from /Users/harshasogala/financial-data-platform/venv/lib/python3.12/site-packages/airflow/example_dags/example_short_circuit_operator.py
[2026-03-13T23:11:22.053+0100] {logging_mixin.py:188} INFO - [2026-03-13T23:11:22.053+0100] {dag.py:3089} INFO - Sync 1 DAGs
[2026-03-13T23:11:22.100+0100] {logging_mixin.py:188} INFO - [2026-03-13T23:11:22.100+0100] {dag.py:3947} INFO - Setting next_dagrun for example_short_circuit_operator to 2026-03-12 00:00:00+00:00, run_after=2026-03-13 00:00:00+00:00
[2026-03-13T23:11:22.112+0100] {processor.py:183} INFO - Processing /Users/harshasogala/financial-data-platform/venv/lib/python3.12/site-packages/airflow/example_dags/example_short_circuit_operator.py took 0.136 seconds
[2026-03-13T23:12:35.934+0100] {processor.py:161} INFO - Started process (PID=73413) to work on /Users/harshasogala/financial-data-platform/venv/lib/python3.12/site-packages/airflow/example_dags/example_short_circuit_operator.py
[2026-03-13T23:12:35.935+0100] {processor.py:830} INFO - Processing file /Users/harshasogala/financial-data-platform/venv/lib/python3.12/site-packages/airflow/example_dags/example_short_circuit_operator.py for tasks to queue
[2026-03-13T23:12:35.935+0100] {logging_mixin.py:188} INFO - [2026-03-13T23:12:35.935+0100] {dagbag.py:545} INFO - Filling up the DagBag from /Users/harshasogala/financial-data-platform/venv/lib/python3.12/site-packages/airflow/example_dags/example_short_circuit_operator.py
[2026-03-13T23:12:35.952+0100] {processor.py:840} INFO - DAG(s) 'example_short_circuit_operator' retrieved from /Users/harshasogala/financial-data-platform/venv/lib/python3.12/site-packages/airflow/example_dags/example_short_circuit_operator.py
[2026-03-13T23:12:36.006+0100] {logging_mixin.py:188} INFO - [2026-03-13T23:12:36.006+0100] {dag.py:3089} INFO - Sync 1 DAGs
[2026-03-13T23:12:36.050+0100] {logging_mixin.py:188} INFO - [2026-03-13T23:12:36.049+0100] {dag.py:3947} INFO - Setting next_dagrun for example_short_circuit_operator to 2026-03-12 00:00:00+00:00, run_after=2026-03-13 00:00:00+00:00
[2026-03-13T23:12:36.060+0100] {processor.py:183} INFO - Processing /Users/harshasogala/financial-data-platform/venv/lib/python3.12/site-packages/airflow/example_dags/example_short_circuit_operator.py took 0.129 seconds
[2026-03-13T23:13:52.003+0100] {processor.py:161} INFO - Started process (PID=73474) to work on /Users/harshasogala/financial-data-platform/venv/lib/python3.12/site-packages/airflow/example_dags/example_short_circuit_operator.py
[2026-03-13T23:13:52.004+0100] {processor.py:830} INFO - Processing file /Users/harshasogala/financial-data-platform/venv/lib/python3.12/site-packages/airflow/example_dags/example_short_circuit_operator.py for tasks to queue
[2026-03-13T23:13:52.005+0100] {logging_mixin.py:188} INFO - [2026-03-13T23:13:52.005+0100] {dagbag.py:545} INFO - Filling up the DagBag from /Users/harshasogala/financial-data-platform/venv/lib/python3.12/site-packages/airflow/example_dags/example_short_circuit_operator.py
[2026-03-13T23:13:52.021+0100] {processor.py:840} INFO - DAG(s) 'example_short_circuit_operator' retrieved from /Users/harshasogala/financial-data-platform/venv/lib/python3.12/site-packages/airflow/example_dags/example_short_circuit_operator.py
[2026-03-13T23:13:52.075+0100] {logging_mixin.py:188} INFO - [2026-03-13T23:13:52.075+0100] {dag.py:3089} INFO - Sync 1 DAGs
[2026-03-13T23:13:52.118+0100] {logging_mixin.py:188} INFO - [2026-03-13T23:13:52.118+0100] {dag.py:3947} INFO - Setting next_dagrun for example_short_circuit_operator to 2026-03-12 00:00:00+00:00, run_after=2026-03-13 00:00:00+00:00
[2026-03-13T23:13:52.129+0100] {processor.py:183} INFO - Processing /Users/harshasogala/financial-data-platform/venv/lib/python3.12/site-packages/airflow/example_dags/example_short_circuit_operator.py took 0.127 seconds
[2026-03-13T23:15:06.024+0100] {processor.py:161} INFO - Started process (PID=73533) to work on /Users/harshasogala/financial-data-platform/venv/lib/python3.12/site-packages/airflow/example_dags/example_short_circuit_operator.py
[2026-03-13T23:15:06.025+0100] {processor.py:830} INFO - Processing file /Users/harshasogala/financial-data-platform/venv/lib/python3.12/site-packages/airflow/example_dags/example_short_circuit_operator.py for tasks to queue
[2026-03-13T23:15:06.026+0100] {logging_mixin.py:188} INFO - [2026-03-13T23:15:06.026+0100] {dagbag.py:545} INFO - Filling up the DagBag from /Users/harshasogala/financial-data-platform/venv/lib/python3.12/site-packages/airflow/example_dags/example_short_circuit_operator.py
[2026-03-13T23:15:06.042+0100] {processor.py:840} INFO - DAG(s) 'example_short_circuit_operator' retrieved from /Users/harshasogala/financial-data-platform/venv/lib/python3.12/site-packages/airflow/example_dags/example_short_circuit_operator.py
[2026-03-13T23:15:06.101+0100] {logging_mixin.py:188} INFO - [2026-03-13T23:15:06.101+0100] {dag.py:3089} INFO - Sync 1 DAGs
[2026-03-13T23:15:06.148+0100] {logging_mixin.py:188} INFO - [2026-03-13T23:15:06.148+0100] {dag.py:3947} INFO - Setting next_dagrun for example_short_circuit_operator to 2026-03-12 00:00:00+00:00, run_after=2026-03-13 00:00:00+00:00
[2026-03-13T23:15:06.161+0100] {processor.py:183} INFO - Processing /Users/harshasogala/financial-data-platform/venv/lib/python3.12/site-packages/airflow/example_dags/example_short_circuit_operator.py took 0.139 seconds
[2026-03-13T23:16:19.640+0100] {processor.py:161} INFO - Started process (PID=73595) to work on /Users/harshasogala/financial-data-platform/venv/lib/python3.12/site-packages/airflow/example_dags/example_short_circuit_operator.py
[2026-03-13T23:16:19.641+0100] {processor.py:830} INFO - Processing file /Users/harshasogala/financial-data-platform/venv/lib/python3.12/site-packages/airflow/example_dags/example_short_circuit_operator.py for tasks to queue
[2026-03-13T23:16:19.641+0100] {logging_mixin.py:188} INFO - [2026-03-13T23:16:19.641+0100] {dagbag.py:545} INFO - Filling up the DagBag from /Users/harshasogala/financial-data-platform/venv/lib/python3.12/site-packages/airflow/example_dags/example_short_circuit_operator.py
[2026-03-13T23:16:19.659+0100] {processor.py:840} INFO - DAG(s) 'example_short_circuit_operator' retrieved from /Users/harshasogala/financial-data-platform/venv/lib/python3.12/site-packages/airflow/example_dags/example_short_circuit_operator.py
[2026-03-13T23:16:19.713+0100] {logging_mixin.py:188} INFO - [2026-03-13T23:16:19.713+0100] {dag.py:3089} INFO - Sync 1 DAGs
[2026-03-13T23:16:19.757+0100] {logging_mixin.py:188} INFO - [2026-03-13T23:16:19.757+0100] {dag.py:3947} INFO - Setting next_dagrun for example_short_circuit_operator to 2026-03-12 00:00:00+00:00, run_after=2026-03-13 00:00:00+00:00
[2026-03-13T23:16:19.768+0100] {processor.py:183} INFO - Processing /Users/harshasogala/financial-data-platform/venv/lib/python3.12/site-packages/airflow/example_dags/example_short_circuit_operator.py took 0.130 seconds
[2026-03-13T23:17:37.308+0100] {processor.py:161} INFO - Started process (PID=73664) to work on /Users/harshasogala/financial-data-platform/venv/lib/python3.12/site-packages/airflow/example_dags/example_short_circuit_operator.py
[2026-03-13T23:17:37.309+0100] {processor.py:830} INFO - Processing file /Users/harshasogala/financial-data-platform/venv/lib/python3.12/site-packages/airflow/example_dags/example_short_circuit_operator.py for tasks to queue
[2026-03-13T23:17:37.309+0100] {logging_mixin.py:188} INFO - [2026-03-13T23:17:37.309+0100] {dagbag.py:545} INFO - Filling up the DagBag from /Users/harshasogala/financial-data-platform/venv/lib/python3.12/site-packages/airflow/example_dags/example_short_circuit_operator.py
[2026-03-13T23:17:37.326+0100] {processor.py:840} INFO - DAG(s) 'example_short_circuit_operator' retrieved from /Users/harshasogala/financial-data-platform/venv/lib/python3.12/site-packages/airflow/example_dags/example_short_circuit_operator.py
[2026-03-13T23:17:37.380+0100] {logging_mixin.py:188} INFO - [2026-03-13T23:17:37.380+0100] {dag.py:3089} INFO - Sync 1 DAGs
[2026-03-13T23:17:37.424+0100] {logging_mixin.py:188} INFO - [2026-03-13T23:17:37.423+0100] {dag.py:3947} INFO - Setting next_dagrun for example_short_circuit_operator to 2026-03-12 00:00:00+00:00, run_after=2026-03-13 00:00:00+00:00
[2026-03-13T23:17:37.435+0100] {processor.py:183} INFO - Processing /Users/harshasogala/financial-data-platform/venv/lib/python3.12/site-packages/airflow/example_dags/example_short_circuit_operator.py took 0.128 seconds
[2026-03-13T23:18:53.334+0100] {processor.py:161} INFO - Started process (PID=73725) to work on /Users/harshasogala/financial-data-platform/venv/lib/python3.12/site-packages/airflow/example_dags/example_short_circuit_operator.py
[2026-03-13T23:18:53.336+0100] {processor.py:830} INFO - Processing file /Users/harshasogala/financial-data-platform/venv/lib/python3.12/site-packages/airflow/example_dags/example_short_circuit_operator.py for tasks to queue
[2026-03-13T23:18:53.336+0100] {logging_mixin.py:188} INFO - [2026-03-13T23:18:53.336+0100] {dagbag.py:545} INFO - Filling up the DagBag from /Users/harshasogala/financial-data-platform/venv/lib/python3.12/site-packages/airflow/example_dags/example_short_circuit_operator.py
[2026-03-13T23:18:53.354+0100] {processor.py:840} INFO - DAG(s) 'example_short_circuit_operator' retrieved from /Users/harshasogala/financial-data-platform/venv/lib/python3.12/site-packages/airflow/example_dags/example_short_circuit_operator.py
[2026-03-13T23:18:53.408+0100] {logging_mixin.py:188} INFO - [2026-03-13T23:18:53.408+0100] {dag.py:3089} INFO - Sync 1 DAGs
[2026-03-13T23:18:53.451+0100] {logging_mixin.py:188} INFO - [2026-03-13T23:18:53.451+0100] {dag.py:3947} INFO - Setting next_dagrun for example_short_circuit_operator to 2026-03-12 00:00:00+00:00, run_after=2026-03-13 00:00:00+00:00
[2026-03-13T23:18:53.462+0100] {processor.py:183} INFO - Processing /Users/harshasogala/financial-data-platform/venv/lib/python3.12/site-packages/airflow/example_dags/example_short_circuit_operator.py took 0.129 seconds
[2026-03-13T23:20:10.969+0100] {processor.py:161} INFO - Started process (PID=73790) to work on /Users/harshasogala/financial-data-platform/venv/lib/python3.12/site-packages/airflow/example_dags/example_short_circuit_operator.py
[2026-03-13T23:20:10.970+0100] {processor.py:830} INFO - Processing file /Users/harshasogala/financial-data-platform/venv/lib/python3.12/site-packages/airflow/example_dags/example_short_circuit_operator.py for tasks to queue
[2026-03-13T23:20:10.971+0100] {logging_mixin.py:188} INFO - [2026-03-13T23:20:10.971+0100] {dagbag.py:545} INFO - Filling up the DagBag from /Users/harshasogala/financial-data-platform/venv/lib/python3.12/site-packages/airflow/example_dags/example_short_circuit_operator.py
[2026-03-13T23:20:10.988+0100] {processor.py:840} INFO - DAG(s) 'example_short_circuit_operator' retrieved from /Users/harshasogala/financial-data-platform/venv/lib/python3.12/site-packages/airflow/example_dags/example_short_circuit_operator.py
[2026-03-13T23:20:11.043+0100] {logging_mixin.py:188} INFO - [2026-03-13T23:20:11.043+0100] {dag.py:3089} INFO - Sync 1 DAGs
[2026-03-13T23:20:11.086+0100] {logging_mixin.py:188} INFO - [2026-03-13T23:20:11.086+0100] {dag.py:3947} INFO - Setting next_dagrun for example_short_circuit_operator to 2026-03-12 00:00:00+00:00, run_after=2026-03-13 00:00:00+00:00
[2026-03-13T23:20:11.097+0100] {processor.py:183} INFO - Processing /Users/harshasogala/financial-data-platform/venv/lib/python3.12/site-packages/airflow/example_dags/example_short_circuit_operator.py took 0.130 seconds
[2026-03-13T23:21:25.927+0100] {processor.py:161} INFO - Started process (PID=73872) to work on /Users/harshasogala/financial-data-platform/venv/lib/python3.12/site-packages/airflow/example_dags/example_short_circuit_operator.py
[2026-03-13T23:21:25.928+0100] {processor.py:830} INFO - Processing file /Users/harshasogala/financial-data-platform/venv/lib/python3.12/site-packages/airflow/example_dags/example_short_circuit_operator.py for tasks to queue
[2026-03-13T23:21:25.929+0100] {logging_mixin.py:188} INFO - [2026-03-13T23:21:25.928+0100] {dagbag.py:545} INFO - Filling up the DagBag from /Users/harshasogala/financial-data-platform/venv/lib/python3.12/site-packages/airflow/example_dags/example_short_circuit_operator.py
[2026-03-13T23:21:25.945+0100] {processor.py:840} INFO - DAG(s) 'example_short_circuit_operator' retrieved from /Users/harshasogala/financial-data-platform/venv/lib/python3.12/site-packages/airflow/example_dags/example_short_circuit_operator.py
[2026-03-13T23:21:25.998+0100] {logging_mixin.py:188} INFO - [2026-03-13T23:21:25.998+0100] {dag.py:3089} INFO - Sync 1 DAGs
[2026-03-13T23:21:26.053+0100] {logging_mixin.py:188} INFO - [2026-03-13T23:21:26.053+0100] {dag.py:3947} INFO - Setting next_dagrun for example_short_circuit_operator to 2026-03-12 00:00:00+00:00, run_after=2026-03-13 00:00:00+00:00
[2026-03-13T23:21:26.066+0100] {processor.py:183} INFO - Processing /Users/harshasogala/financial-data-platform/venv/lib/python3.12/site-packages/airflow/example_dags/example_short_circuit_operator.py took 0.141 seconds
[2026-03-13T23:22:38.736+0100] {processor.py:161} INFO - Started process (PID=73931) to work on /Users/harshasogala/financial-data-platform/venv/lib/python3.12/site-packages/airflow/example_dags/example_short_circuit_operator.py
[2026-03-13T23:22:38.737+0100] {processor.py:830} INFO - Processing file /Users/harshasogala/financial-data-platform/venv/lib/python3.12/site-packages/airflow/example_dags/example_short_circuit_operator.py for tasks to queue
[2026-03-13T23:22:38.738+0100] {logging_mixin.py:188} INFO - [2026-03-13T23:22:38.738+0100] {dagbag.py:545} INFO - Filling up the DagBag from /Users/harshasogala/financial-data-platform/venv/lib/python3.12/site-packages/airflow/example_dags/example_short_circuit_operator.py
[2026-03-13T23:22:38.755+0100] {processor.py:840} INFO - DAG(s) 'example_short_circuit_operator' retrieved from /Users/harshasogala/financial-data-platform/venv/lib/python3.12/site-packages/airflow/example_dags/example_short_circuit_operator.py
[2026-03-13T23:22:38.808+0100] {logging_mixin.py:188} INFO - [2026-03-13T23:22:38.808+0100] {dag.py:3089} INFO - Sync 1 DAGs
[2026-03-13T23:22:38.851+0100] {logging_mixin.py:188} INFO - [2026-03-13T23:22:38.851+0100] {dag.py:3947} INFO - Setting next_dagrun for example_short_circuit_operator to 2026-03-12 00:00:00+00:00, run_after=2026-03-13 00:00:00+00:00
[2026-03-13T23:22:38.862+0100] {processor.py:183} INFO - Processing /Users/harshasogala/financial-data-platform/venv/lib/python3.12/site-packages/airflow/example_dags/example_short_circuit_operator.py took 0.128 seconds
[2026-03-13T23:23:54.241+0100] {processor.py:161} INFO - Started process (PID=73995) to work on /Users/harshasogala/financial-data-platform/venv/lib/python3.12/site-packages/airflow/example_dags/example_short_circuit_operator.py
[2026-03-13T23:23:54.242+0100] {processor.py:830} INFO - Processing file /Users/harshasogala/financial-data-platform/venv/lib/python3.12/site-packages/airflow/example_dags/example_short_circuit_operator.py for tasks to queue
[2026-03-13T23:23:54.243+0100] {logging_mixin.py:188} INFO - [2026-03-13T23:23:54.242+0100] {dagbag.py:545} INFO - Filling up the DagBag from /Users/harshasogala/financial-data-platform/venv/lib/python3.12/site-packages/airflow/example_dags/example_short_circuit_operator.py
[2026-03-13T23:23:54.259+0100] {processor.py:840} INFO - DAG(s) 'example_short_circuit_operator' retrieved from /Users/harshasogala/financial-data-platform/venv/lib/python3.12/site-packages/airflow/example_dags/example_short_circuit_operator.py
[2026-03-13T23:23:54.314+0100] {logging_mixin.py:188} INFO - [2026-03-13T23:23:54.313+0100] {dag.py:3089} INFO - Sync 1 DAGs
[2026-03-13T23:23:54.357+0100] {logging_mixin.py:188} INFO - [2026-03-13T23:23:54.356+0100] {dag.py:3947} INFO - Setting next_dagrun for example_short_circuit_operator to 2026-03-12 00:00:00+00:00, run_after=2026-03-13 00:00:00+00:00
[2026-03-13T23:23:54.367+0100] {processor.py:183} INFO - Processing /Users/harshasogala/financial-data-platform/venv/lib/python3.12/site-packages/airflow/example_dags/example_short_circuit_operator.py took 0.127 seconds
[2026-03-13T23:25:10.916+0100] {processor.py:161} INFO - Started process (PID=74055) to work on /Users/harshasogala/financial-data-platform/venv/lib/python3.12/site-packages/airflow/example_dags/example_short_circuit_operator.py
[2026-03-13T23:25:10.917+0100] {processor.py:830} INFO - Processing file /Users/harshasogala/financial-data-platform/venv/lib/python3.12/site-packages/airflow/example_dags/example_short_circuit_operator.py for tasks to queue
[2026-03-13T23:25:10.918+0100] {logging_mixin.py:188} INFO - [2026-03-13T23:25:10.918+0100] {dagbag.py:545} INFO - Filling up the DagBag from /Users/harshasogala/financial-data-platform/venv/lib/python3.12/site-packages/airflow/example_dags/example_short_circuit_operator.py
[2026-03-13T23:25:10.934+0100] {processor.py:840} INFO - DAG(s) 'example_short_circuit_operator' retrieved from /Users/harshasogala/financial-data-platform/venv/lib/python3.12/site-packages/airflow/example_dags/example_short_circuit_operator.py
[2026-03-13T23:25:10.989+0100] {logging_mixin.py:188} INFO - [2026-03-13T23:25:10.988+0100] {dag.py:3089} INFO - Sync 1 DAGs
[2026-03-13T23:25:11.031+0100] {logging_mixin.py:188} INFO - [2026-03-13T23:25:11.031+0100] {dag.py:3947} INFO - Setting next_dagrun for example_short_circuit_operator to 2026-03-12 00:00:00+00:00, run_after=2026-03-13 00:00:00+00:00
[2026-03-13T23:25:11.042+0100] {processor.py:183} INFO - Processing /Users/harshasogala/financial-data-platform/venv/lib/python3.12/site-packages/airflow/example_dags/example_short_circuit_operator.py took 0.127 seconds
[2026-03-13T23:26:27.467+0100] {processor.py:161} INFO - Started process (PID=74113) to work on /Users/harshasogala/financial-data-platform/venv/lib/python3.12/site-packages/airflow/example_dags/example_short_circuit_operator.py
[2026-03-13T23:26:27.469+0100] {processor.py:830} INFO - Processing file /Users/harshasogala/financial-data-platform/venv/lib/python3.12/site-packages/airflow/example_dags/example_short_circuit_operator.py for tasks to queue
[2026-03-13T23:26:27.469+0100] {logging_mixin.py:188} INFO - [2026-03-13T23:26:27.469+0100] {dagbag.py:545} INFO - Filling up the DagBag from /Users/harshasogala/financial-data-platform/venv/lib/python3.12/site-packages/airflow/example_dags/example_short_circuit_operator.py
[2026-03-13T23:26:27.486+0100] {processor.py:840} INFO - DAG(s) 'example_short_circuit_operator' retrieved from /Users/harshasogala/financial-data-platform/venv/lib/python3.12/site-packages/airflow/example_dags/example_short_circuit_operator.py
[2026-03-13T23:26:27.540+0100] {logging_mixin.py:188} INFO - [2026-03-13T23:26:27.540+0100] {dag.py:3089} INFO - Sync 1 DAGs
[2026-03-13T23:26:27.584+0100] {logging_mixin.py:188} INFO - [2026-03-13T23:26:27.584+0100] {dag.py:3947} INFO - Setting next_dagrun for example_short_circuit_operator to 2026-03-12 00:00:00+00:00, run_after=2026-03-13 00:00:00+00:00
[2026-03-13T23:26:27.595+0100] {processor.py:183} INFO - Processing /Users/harshasogala/financial-data-platform/venv/lib/python3.12/site-packages/airflow/example_dags/example_short_circuit_operator.py took 0.129 seconds
[2026-03-13T23:27:45.396+0100] {processor.py:161} INFO - Started process (PID=74209) to work on /Users/harshasogala/financial-data-platform/venv/lib/python3.12/site-packages/airflow/example_dags/example_short_circuit_operator.py
[2026-03-13T23:27:45.397+0100] {processor.py:830} INFO - Processing file /Users/harshasogala/financial-data-platform/venv/lib/python3.12/site-packages/airflow/example_dags/example_short_circuit_operator.py for tasks to queue
[2026-03-13T23:27:45.398+0100] {logging_mixin.py:188} INFO - [2026-03-13T23:27:45.398+0100] {dagbag.py:545} INFO - Filling up the DagBag from /Users/harshasogala/financial-data-platform/venv/lib/python3.12/site-packages/airflow/example_dags/example_short_circuit_operator.py
[2026-03-13T23:27:45.415+0100] {processor.py:840} INFO - DAG(s) 'example_short_circuit_operator' retrieved from /Users/harshasogala/financial-data-platform/venv/lib/python3.12/site-packages/airflow/example_dags/example_short_circuit_operator.py
[2026-03-13T23:27:45.470+0100] {logging_mixin.py:188} INFO - [2026-03-13T23:27:45.470+0100] {dag.py:3089} INFO - Sync 1 DAGs
[2026-03-13T23:27:45.514+0100] {logging_mixin.py:188} INFO - [2026-03-13T23:27:45.514+0100] {dag.py:3947} INFO - Setting next_dagrun for example_short_circuit_operator to 2026-03-12 00:00:00+00:00, run_after=2026-03-13 00:00:00+00:00
[2026-03-13T23:27:45.524+0100] {processor.py:183} INFO - Processing /Users/harshasogala/financial-data-platform/venv/lib/python3.12/site-packages/airflow/example_dags/example_short_circuit_operator.py took 0.130 seconds
[2026-03-13T23:29:03.566+0100] {processor.py:161} INFO - Started process (PID=74277) to work on /Users/harshasogala/financial-data-platform/venv/lib/python3.12/site-packages/airflow/example_dags/example_short_circuit_operator.py
[2026-03-13T23:29:03.568+0100] {processor.py:830} INFO - Processing file /Users/harshasogala/financial-data-platform/venv/lib/python3.12/site-packages/airflow/example_dags/example_short_circuit_operator.py for tasks to queue
[2026-03-13T23:29:03.568+0100] {logging_mixin.py:188} INFO - [2026-03-13T23:29:03.568+0100] {dagbag.py:545} INFO - Filling up the DagBag from /Users/harshasogala/financial-data-platform/venv/lib/python3.12/site-packages/airflow/example_dags/example_short_circuit_operator.py
[2026-03-13T23:29:03.586+0100] {processor.py:840} INFO - DAG(s) 'example_short_circuit_operator' retrieved from /Users/harshasogala/financial-data-platform/venv/lib/python3.12/site-packages/airflow/example_dags/example_short_circuit_operator.py
[2026-03-13T23:29:03.643+0100] {logging_mixin.py:188} INFO - [2026-03-13T23:29:03.643+0100] {dag.py:3089} INFO - Sync 1 DAGs
[2026-03-13T23:29:03.688+0100] {logging_mixin.py:188} INFO - [2026-03-13T23:29:03.688+0100] {dag.py:3947} INFO - Setting next_dagrun for example_short_circuit_operator to 2026-03-12 00:00:00+00:00, run_after=2026-03-13 00:00:00+00:00
[2026-03-13T23:29:03.699+0100] {processor.py:183} INFO - Processing /Users/harshasogala/financial-data-platform/venv/lib/python3.12/site-packages/airflow/example_dags/example_short_circuit_operator.py took 0.134 seconds
[2026-03-13T23:30:18.129+0100] {processor.py:161} INFO - Started process (PID=74364) to work on /Users/harshasogala/financial-data-platform/venv/lib/python3.12/site-packages/airflow/example_dags/example_short_circuit_operator.py
[2026-03-13T23:30:18.130+0100] {processor.py:830} INFO - Processing file /Users/harshasogala/financial-data-platform/venv/lib/python3.12/site-packages/airflow/example_dags/example_short_circuit_operator.py for tasks to queue
[2026-03-13T23:30:18.131+0100] {logging_mixin.py:188} INFO - [2026-03-13T23:30:18.130+0100] {dagbag.py:545} INFO - Filling up the DagBag from /Users/harshasogala/financial-data-platform/venv/lib/python3.12/site-packages/airflow/example_dags/example_short_circuit_operator.py
[2026-03-13T23:30:18.150+0100] {processor.py:840} INFO - DAG(s) 'example_short_circuit_operator' retrieved from /Users/harshasogala/financial-data-platform/venv/lib/python3.12/site-packages/airflow/example_dags/example_short_circuit_operator.py
[2026-03-13T23:30:18.209+0100] {logging_mixin.py:188} INFO - [2026-03-13T23:30:18.209+0100] {dag.py:3089} INFO - Sync 1 DAGs
[2026-03-13T23:30:18.257+0100] {logging_mixin.py:188} INFO - [2026-03-13T23:30:18.257+0100] {dag.py:3947} INFO - Setting next_dagrun for example_short_circuit_operator to 2026-03-12 00:00:00+00:00, run_after=2026-03-13 00:00:00+00:00
[2026-03-13T23:30:18.270+0100] {processor.py:183} INFO - Processing /Users/harshasogala/financial-data-platform/venv/lib/python3.12/site-packages/airflow/example_dags/example_short_circuit_operator.py took 0.144 seconds
[2026-03-13T23:31:36.877+0100] {processor.py:161} INFO - Started process (PID=74796) to work on /Users/harshasogala/financial-data-platform/venv/lib/python3.12/site-packages/airflow/example_dags/example_short_circuit_operator.py
[2026-03-13T23:31:36.878+0100] {processor.py:830} INFO - Processing file /Users/harshasogala/financial-data-platform/venv/lib/python3.12/site-packages/airflow/example_dags/example_short_circuit_operator.py for tasks to queue
[2026-03-13T23:31:36.879+0100] {logging_mixin.py:188} INFO - [2026-03-13T23:31:36.879+0100] {dagbag.py:545} INFO - Filling up the DagBag from /Users/harshasogala/financial-data-platform/venv/lib/python3.12/site-packages/airflow/example_dags/example_short_circuit_operator.py
[2026-03-13T23:31:36.896+0100] {processor.py:840} INFO - DAG(s) 'example_short_circuit_operator' retrieved from /Users/harshasogala/financial-data-platform/venv/lib/python3.12/site-packages/airflow/example_dags/example_short_circuit_operator.py
[2026-03-13T23:31:36.951+0100] {logging_mixin.py:188} INFO - [2026-03-13T23:31:36.950+0100] {dag.py:3089} INFO - Sync 1 DAGs
[2026-03-13T23:31:36.994+0100] {logging_mixin.py:188} INFO - [2026-03-13T23:31:36.994+0100] {dag.py:3947} INFO - Setting next_dagrun for example_short_circuit_operator to 2026-03-12 00:00:00+00:00, run_after=2026-03-13 00:00:00+00:00
[2026-03-13T23:31:37.006+0100] {processor.py:183} INFO - Processing /Users/harshasogala/financial-data-platform/venv/lib/python3.12/site-packages/airflow/example_dags/example_short_circuit_operator.py took 0.131 seconds
[2026-03-13T23:32:54.016+0100] {processor.py:161} INFO - Started process (PID=74977) to work on /Users/harshasogala/financial-data-platform/venv/lib/python3.12/site-packages/airflow/example_dags/example_short_circuit_operator.py
[2026-03-13T23:32:54.017+0100] {processor.py:830} INFO - Processing file /Users/harshasogala/financial-data-platform/venv/lib/python3.12/site-packages/airflow/example_dags/example_short_circuit_operator.py for tasks to queue
[2026-03-13T23:32:54.017+0100] {logging_mixin.py:188} INFO - [2026-03-13T23:32:54.017+0100] {dagbag.py:545} INFO - Filling up the DagBag from /Users/harshasogala/financial-data-platform/venv/lib/python3.12/site-packages/airflow/example_dags/example_short_circuit_operator.py
[2026-03-13T23:32:54.034+0100] {processor.py:840} INFO - DAG(s) 'example_short_circuit_operator' retrieved from /Users/harshasogala/financial-data-platform/venv/lib/python3.12/site-packages/airflow/example_dags/example_short_circuit_operator.py
[2026-03-13T23:32:54.089+0100] {logging_mixin.py:188} INFO - [2026-03-13T23:32:54.089+0100] {dag.py:3089} INFO - Sync 1 DAGs
[2026-03-13T23:32:54.132+0100] {logging_mixin.py:188} INFO - [2026-03-13T23:32:54.132+0100] {dag.py:3947} INFO - Setting next_dagrun for example_short_circuit_operator to 2026-03-12 00:00:00+00:00, run_after=2026-03-13 00:00:00+00:00
[2026-03-13T23:32:54.145+0100] {processor.py:183} INFO - Processing /Users/harshasogala/financial-data-platform/venv/lib/python3.12/site-packages/airflow/example_dags/example_short_circuit_operator.py took 0.131 seconds
