[2026-03-13T22:19:19.183+0100] {processor.py:161} INFO - Started process (PID=66040) to work on /Users/harshasogala/financial-data-platform/venv/lib/python3.12/site-packages/airflow/example_dags/example_branch_day_of_week_operator.py
[2026-03-13T22:19:19.184+0100] {processor.py:830} INFO - Processing file /Users/harshasogala/financial-data-platform/venv/lib/python3.12/site-packages/airflow/example_dags/example_branch_day_of_week_operator.py for tasks to queue
[2026-03-13T22:19:19.184+0100] {logging_mixin.py:188} INFO - [2026-03-13T22:19:19.184+0100] {dagbag.py:545} INFO - Filling up the DagBag from /Users/harshasogala/financial-data-platform/venv/lib/python3.12/site-packages/airflow/example_dags/example_branch_day_of_week_operator.py
[2026-03-13T22:19:19.191+0100] {processor.py:840} INFO - DAG(s) 'example_weekday_branch_operator' retrieved from /Users/harshasogala/financial-data-platform/venv/lib/python3.12/site-packages/airflow/example_dags/example_branch_day_of_week_operator.py
[2026-03-13T22:19:19.293+0100] {logging_mixin.py:188} INFO - [2026-03-13T22:19:19.292+0100] {override.py:1858} INFO - Created Permission View: can delete on DAG:example_weekday_branch_operator
[2026-03-13T22:19:19.298+0100] {logging_mixin.py:188} INFO - [2026-03-13T22:19:19.297+0100] {override.py:1858} INFO - Created Permission View: can read on DAG:example_weekday_branch_operator
[2026-03-13T22:19:19.302+0100] {logging_mixin.py:188} INFO - [2026-03-13T22:19:19.302+0100] {override.py:1858} INFO - Created Permission View: can edit on DAG:example_weekday_branch_operator
[2026-03-13T22:19:19.302+0100] {logging_mixin.py:188} INFO - [2026-03-13T22:19:19.302+0100] {dag.py:3089} INFO - Sync 1 DAGs
[2026-03-13T22:19:19.308+0100] {logging_mixin.py:188} INFO - [2026-03-13T22:19:19.307+0100] {dag.py:3111} INFO - Creating ORM DAG for example_weekday_branch_operator
[2026-03-13T22:19:19.312+0100] {logging_mixin.py:188} INFO - [2026-03-13T22:19:19.312+0100] {dag.py:3947} INFO - Setting next_dagrun for example_weekday_branch_operator to 2026-03-12 00:00:00+00:00, run_after=2026-03-13 00:00:00+00:00
[2026-03-13T22:19:19.322+0100] {processor.py:183} INFO - Processing /Users/harshasogala/financial-data-platform/venv/lib/python3.12/site-packages/airflow/example_dags/example_branch_day_of_week_operator.py took 0.141 seconds
[2026-03-13T22:21:52.839+0100] {processor.py:161} INFO - Started process (PID=66205) to work on /Users/harshasogala/financial-data-platform/venv/lib/python3.12/site-packages/airflow/example_dags/example_branch_day_of_week_operator.py
[2026-03-13T22:21:52.840+0100] {processor.py:830} INFO - Processing file /Users/harshasogala/financial-data-platform/venv/lib/python3.12/site-packages/airflow/example_dags/example_branch_day_of_week_operator.py for tasks to queue
[2026-03-13T22:21:52.841+0100] {logging_mixin.py:188} INFO - [2026-03-13T22:21:52.841+0100] {dagbag.py:545} INFO - Filling up the DagBag from /Users/harshasogala/financial-data-platform/venv/lib/python3.12/site-packages/airflow/example_dags/example_branch_day_of_week_operator.py
[2026-03-13T22:21:52.848+0100] {processor.py:840} INFO - DAG(s) 'example_weekday_branch_operator' retrieved from /Users/harshasogala/financial-data-platform/venv/lib/python3.12/site-packages/airflow/example_dags/example_branch_day_of_week_operator.py
[2026-03-13T22:21:52.919+0100] {logging_mixin.py:188} INFO - [2026-03-13T22:21:52.918+0100] {dag.py:3089} INFO - Sync 1 DAGs
[2026-03-13T22:21:52.933+0100] {logging_mixin.py:188} INFO - [2026-03-13T22:21:52.933+0100] {dag.py:3947} INFO - Setting next_dagrun for example_weekday_branch_operator to 2026-03-12 00:00:00+00:00, run_after=2026-03-13 00:00:00+00:00
[2026-03-13T22:21:52.948+0100] {processor.py:183} INFO - Processing /Users/harshasogala/financial-data-platform/venv/lib/python3.12/site-packages/airflow/example_dags/example_branch_day_of_week_operator.py took 0.111 seconds
[2026-03-13T22:28:53.274+0100] {processor.py:161} INFO - Started process (PID=67353) to work on /Users/harshasogala/financial-data-platform/venv/lib/python3.12/site-packages/airflow/example_dags/example_branch_day_of_week_operator.py
[2026-03-13T22:28:53.276+0100] {processor.py:830} INFO - Processing file /Users/harshasogala/financial-data-platform/venv/lib/python3.12/site-packages/airflow/example_dags/example_branch_day_of_week_operator.py for tasks to queue
[2026-03-13T22:28:53.276+0100] {logging_mixin.py:188} INFO - [2026-03-13T22:28:53.276+0100] {dagbag.py:545} INFO - Filling up the DagBag from /Users/harshasogala/financial-data-platform/venv/lib/python3.12/site-packages/airflow/example_dags/example_branch_day_of_week_operator.py
[2026-03-13T22:28:53.285+0100] {processor.py:840} INFO - DAG(s) 'example_weekday_branch_operator' retrieved from /Users/harshasogala/financial-data-platform/venv/lib/python3.12/site-packages/airflow/example_dags/example_branch_day_of_week_operator.py
[2026-03-13T22:28:53.343+0100] {logging_mixin.py:188} INFO - [2026-03-13T22:28:53.342+0100] {dag.py:3089} INFO - Sync 1 DAGs
[2026-03-13T22:28:53.353+0100] {logging_mixin.py:188} INFO - [2026-03-13T22:28:53.352+0100] {dag.py:3947} INFO - Setting next_dagrun for example_weekday_branch_operator to 2026-03-12 00:00:00+00:00, run_after=2026-03-13 00:00:00+00:00
[2026-03-13T22:28:53.363+0100] {processor.py:183} INFO - Processing /Users/harshasogala/financial-data-platform/venv/lib/python3.12/site-packages/airflow/example_dags/example_branch_day_of_week_operator.py took 0.091 seconds
[2026-03-13T22:29:58.656+0100] {processor.py:161} INFO - Started process (PID=67478) to work on /Users/harshasogala/financial-data-platform/venv/lib/python3.12/site-packages/airflow/example_dags/example_branch_day_of_week_operator.py
[2026-03-13T22:29:58.657+0100] {processor.py:830} INFO - Processing file /Users/harshasogala/financial-data-platform/venv/lib/python3.12/site-packages/airflow/example_dags/example_branch_day_of_week_operator.py for tasks to queue
[2026-03-13T22:29:58.657+0100] {logging_mixin.py:188} INFO - [2026-03-13T22:29:58.657+0100] {dagbag.py:545} INFO - Filling up the DagBag from /Users/harshasogala/financial-data-platform/venv/lib/python3.12/site-packages/airflow/example_dags/example_branch_day_of_week_operator.py
[2026-03-13T22:29:58.666+0100] {processor.py:840} INFO - DAG(s) 'example_weekday_branch_operator' retrieved from /Users/harshasogala/financial-data-platform/venv/lib/python3.12/site-packages/airflow/example_dags/example_branch_day_of_week_operator.py
[2026-03-13T22:29:58.721+0100] {logging_mixin.py:188} INFO - [2026-03-13T22:29:58.721+0100] {dag.py:3089} INFO - Sync 1 DAGs
[2026-03-13T22:29:58.731+0100] {logging_mixin.py:188} INFO - [2026-03-13T22:29:58.731+0100] {dag.py:3947} INFO - Setting next_dagrun for example_weekday_branch_operator to 2026-03-12 00:00:00+00:00, run_after=2026-03-13 00:00:00+00:00
[2026-03-13T22:29:58.743+0100] {processor.py:183} INFO - Processing /Users/harshasogala/financial-data-platform/venv/lib/python3.12/site-packages/airflow/example_dags/example_branch_day_of_week_operator.py took 0.089 seconds
[2026-03-13T22:31:06.114+0100] {processor.py:161} INFO - Started process (PID=67546) to work on /Users/harshasogala/financial-data-platform/venv/lib/python3.12/site-packages/airflow/example_dags/example_branch_day_of_week_operator.py
[2026-03-13T22:31:06.115+0100] {processor.py:830} INFO - Processing file /Users/harshasogala/financial-data-platform/venv/lib/python3.12/site-packages/airflow/example_dags/example_branch_day_of_week_operator.py for tasks to queue
[2026-03-13T22:31:06.116+0100] {logging_mixin.py:188} INFO - [2026-03-13T22:31:06.115+0100] {dagbag.py:545} INFO - Filling up the DagBag from /Users/harshasogala/financial-data-platform/venv/lib/python3.12/site-packages/airflow/example_dags/example_branch_day_of_week_operator.py
[2026-03-13T22:31:06.122+0100] {processor.py:840} INFO - DAG(s) 'example_weekday_branch_operator' retrieved from /Users/harshasogala/financial-data-platform/venv/lib/python3.12/site-packages/airflow/example_dags/example_branch_day_of_week_operator.py
[2026-03-13T22:31:06.178+0100] {logging_mixin.py:188} INFO - [2026-03-13T22:31:06.178+0100] {dag.py:3089} INFO - Sync 1 DAGs
[2026-03-13T22:31:06.189+0100] {logging_mixin.py:188} INFO - [2026-03-13T22:31:06.188+0100] {dag.py:3947} INFO - Setting next_dagrun for example_weekday_branch_operator to 2026-03-12 00:00:00+00:00, run_after=2026-03-13 00:00:00+00:00
[2026-03-13T22:31:06.199+0100] {processor.py:183} INFO - Processing /Users/harshasogala/financial-data-platform/venv/lib/python3.12/site-packages/airflow/example_dags/example_branch_day_of_week_operator.py took 0.086 seconds
[2026-03-13T22:32:30.094+0100] {processor.py:161} INFO - Started process (PID=68711) to work on /Users/harshasogala/financial-data-platform/venv/lib/python3.12/site-packages/airflow/example_dags/example_branch_day_of_week_operator.py
[2026-03-13T22:32:30.095+0100] {processor.py:830} INFO - Processing file /Users/harshasogala/financial-data-platform/venv/lib/python3.12/site-packages/airflow/example_dags/example_branch_day_of_week_operator.py for tasks to queue
[2026-03-13T22:32:30.096+0100] {logging_mixin.py:188} INFO - [2026-03-13T22:32:30.096+0100] {dagbag.py:545} INFO - Filling up the DagBag from /Users/harshasogala/financial-data-platform/venv/lib/python3.12/site-packages/airflow/example_dags/example_branch_day_of_week_operator.py
[2026-03-13T22:32:30.103+0100] {processor.py:840} INFO - DAG(s) 'example_weekday_branch_operator' retrieved from /Users/harshasogala/financial-data-platform/venv/lib/python3.12/site-packages/airflow/example_dags/example_branch_day_of_week_operator.py
[2026-03-13T22:32:30.159+0100] {logging_mixin.py:188} INFO - [2026-03-13T22:32:30.159+0100] {dag.py:3089} INFO - Sync 1 DAGs
[2026-03-13T22:32:30.168+0100] {logging_mixin.py:188} INFO - [2026-03-13T22:32:30.168+0100] {dag.py:3947} INFO - Setting next_dagrun for example_weekday_branch_operator to 2026-03-12 00:00:00+00:00, run_after=2026-03-13 00:00:00+00:00
[2026-03-13T22:32:30.179+0100] {processor.py:183} INFO - Processing /Users/harshasogala/financial-data-platform/venv/lib/python3.12/site-packages/airflow/example_dags/example_branch_day_of_week_operator.py took 0.087 seconds
[2026-03-13T22:33:53.664+0100] {processor.py:161} INFO - Started process (PID=69161) to work on /Users/harshasogala/financial-data-platform/venv/lib/python3.12/site-packages/airflow/example_dags/example_branch_day_of_week_operator.py
[2026-03-13T22:33:53.665+0100] {processor.py:830} INFO - Processing file /Users/harshasogala/financial-data-platform/venv/lib/python3.12/site-packages/airflow/example_dags/example_branch_day_of_week_operator.py for tasks to queue
[2026-03-13T22:33:53.666+0100] {logging_mixin.py:188} INFO - [2026-03-13T22:33:53.665+0100] {dagbag.py:545} INFO - Filling up the DagBag from /Users/harshasogala/financial-data-platform/venv/lib/python3.12/site-packages/airflow/example_dags/example_branch_day_of_week_operator.py
[2026-03-13T22:33:53.672+0100] {processor.py:840} INFO - DAG(s) 'example_weekday_branch_operator' retrieved from /Users/harshasogala/financial-data-platform/venv/lib/python3.12/site-packages/airflow/example_dags/example_branch_day_of_week_operator.py
[2026-03-13T22:33:53.728+0100] {logging_mixin.py:188} INFO - [2026-03-13T22:33:53.728+0100] {dag.py:3089} INFO - Sync 1 DAGs
[2026-03-13T22:33:53.737+0100] {logging_mixin.py:188} INFO - [2026-03-13T22:33:53.737+0100] {dag.py:3947} INFO - Setting next_dagrun for example_weekday_branch_operator to 2026-03-12 00:00:00+00:00, run_after=2026-03-13 00:00:00+00:00
[2026-03-13T22:33:53.749+0100] {processor.py:183} INFO - Processing /Users/harshasogala/financial-data-platform/venv/lib/python3.12/site-packages/airflow/example_dags/example_branch_day_of_week_operator.py took 0.087 seconds
[2026-03-13T22:35:11.555+0100] {processor.py:161} INFO - Started process (PID=69224) to work on /Users/harshasogala/financial-data-platform/venv/lib/python3.12/site-packages/airflow/example_dags/example_branch_day_of_week_operator.py
[2026-03-13T22:35:11.556+0100] {processor.py:830} INFO - Processing file /Users/harshasogala/financial-data-platform/venv/lib/python3.12/site-packages/airflow/example_dags/example_branch_day_of_week_operator.py for tasks to queue
[2026-03-13T22:35:11.556+0100] {logging_mixin.py:188} INFO - [2026-03-13T22:35:11.556+0100] {dagbag.py:545} INFO - Filling up the DagBag from /Users/harshasogala/financial-data-platform/venv/lib/python3.12/site-packages/airflow/example_dags/example_branch_day_of_week_operator.py
[2026-03-13T22:35:11.563+0100] {processor.py:840} INFO - DAG(s) 'example_weekday_branch_operator' retrieved from /Users/harshasogala/financial-data-platform/venv/lib/python3.12/site-packages/airflow/example_dags/example_branch_day_of_week_operator.py
[2026-03-13T22:35:11.618+0100] {logging_mixin.py:188} INFO - [2026-03-13T22:35:11.618+0100] {dag.py:3089} INFO - Sync 1 DAGs
[2026-03-13T22:35:11.628+0100] {logging_mixin.py:188} INFO - [2026-03-13T22:35:11.628+0100] {dag.py:3947} INFO - Setting next_dagrun for example_weekday_branch_operator to 2026-03-12 00:00:00+00:00, run_after=2026-03-13 00:00:00+00:00
[2026-03-13T22:35:11.640+0100] {processor.py:183} INFO - Processing /Users/harshasogala/financial-data-platform/venv/lib/python3.12/site-packages/airflow/example_dags/example_branch_day_of_week_operator.py took 0.086 seconds
[2026-03-13T22:36:26.801+0100] {processor.py:161} INFO - Started process (PID=69303) to work on /Users/harshasogala/financial-data-platform/venv/lib/python3.12/site-packages/airflow/example_dags/example_branch_day_of_week_operator.py
[2026-03-13T22:36:26.803+0100] {processor.py:830} INFO - Processing file /Users/harshasogala/financial-data-platform/venv/lib/python3.12/site-packages/airflow/example_dags/example_branch_day_of_week_operator.py for tasks to queue
[2026-03-13T22:36:26.803+0100] {logging_mixin.py:188} INFO - [2026-03-13T22:36:26.803+0100] {dagbag.py:545} INFO - Filling up the DagBag from /Users/harshasogala/financial-data-platform/venv/lib/python3.12/site-packages/airflow/example_dags/example_branch_day_of_week_operator.py
[2026-03-13T22:36:26.810+0100] {processor.py:840} INFO - DAG(s) 'example_weekday_branch_operator' retrieved from /Users/harshasogala/financial-data-platform/venv/lib/python3.12/site-packages/airflow/example_dags/example_branch_day_of_week_operator.py
[2026-03-13T22:36:26.865+0100] {logging_mixin.py:188} INFO - [2026-03-13T22:36:26.865+0100] {dag.py:3089} INFO - Sync 1 DAGs
[2026-03-13T22:36:26.874+0100] {logging_mixin.py:188} INFO - [2026-03-13T22:36:26.874+0100] {dag.py:3947} INFO - Setting next_dagrun for example_weekday_branch_operator to 2026-03-12 00:00:00+00:00, run_after=2026-03-13 00:00:00+00:00
[2026-03-13T22:36:26.886+0100] {processor.py:183} INFO - Processing /Users/harshasogala/financial-data-platform/venv/lib/python3.12/site-packages/airflow/example_dags/example_branch_day_of_week_operator.py took 0.087 seconds
[2026-03-13T22:37:40.716+0100] {processor.py:161} INFO - Started process (PID=69361) to work on /Users/harshasogala/financial-data-platform/venv/lib/python3.12/site-packages/airflow/example_dags/example_branch_day_of_week_operator.py
[2026-03-13T22:37:40.717+0100] {processor.py:830} INFO - Processing file /Users/harshasogala/financial-data-platform/venv/lib/python3.12/site-packages/airflow/example_dags/example_branch_day_of_week_operator.py for tasks to queue
[2026-03-13T22:37:40.717+0100] {logging_mixin.py:188} INFO - [2026-03-13T22:37:40.717+0100] {dagbag.py:545} INFO - Filling up the DagBag from /Users/harshasogala/financial-data-platform/venv/lib/python3.12/site-packages/airflow/example_dags/example_branch_day_of_week_operator.py
[2026-03-13T22:37:40.724+0100] {processor.py:840} INFO - DAG(s) 'example_weekday_branch_operator' retrieved from /Users/harshasogala/financial-data-platform/venv/lib/python3.12/site-packages/airflow/example_dags/example_branch_day_of_week_operator.py
[2026-03-13T22:37:40.781+0100] {logging_mixin.py:188} INFO - [2026-03-13T22:37:40.780+0100] {dag.py:3089} INFO - Sync 1 DAGs
[2026-03-13T22:37:40.790+0100] {logging_mixin.py:188} INFO - [2026-03-13T22:37:40.790+0100] {dag.py:3947} INFO - Setting next_dagrun for example_weekday_branch_operator to 2026-03-12 00:00:00+00:00, run_after=2026-03-13 00:00:00+00:00
[2026-03-13T22:37:40.801+0100] {processor.py:183} INFO - Processing /Users/harshasogala/financial-data-platform/venv/lib/python3.12/site-packages/airflow/example_dags/example_branch_day_of_week_operator.py took 0.087 seconds
[2026-03-13T22:38:55.024+0100] {processor.py:161} INFO - Started process (PID=69430) to work on /Users/harshasogala/financial-data-platform/venv/lib/python3.12/site-packages/airflow/example_dags/example_branch_day_of_week_operator.py
[2026-03-13T22:38:55.025+0100] {processor.py:830} INFO - Processing file /Users/harshasogala/financial-data-platform/venv/lib/python3.12/site-packages/airflow/example_dags/example_branch_day_of_week_operator.py for tasks to queue
[2026-03-13T22:38:55.025+0100] {logging_mixin.py:188} INFO - [2026-03-13T22:38:55.025+0100] {dagbag.py:545} INFO - Filling up the DagBag from /Users/harshasogala/financial-data-platform/venv/lib/python3.12/site-packages/airflow/example_dags/example_branch_day_of_week_operator.py
[2026-03-13T22:38:55.032+0100] {processor.py:840} INFO - DAG(s) 'example_weekday_branch_operator' retrieved from /Users/harshasogala/financial-data-platform/venv/lib/python3.12/site-packages/airflow/example_dags/example_branch_day_of_week_operator.py
[2026-03-13T22:38:55.087+0100] {logging_mixin.py:188} INFO - [2026-03-13T22:38:55.087+0100] {dag.py:3089} INFO - Sync 1 DAGs
[2026-03-13T22:38:55.096+0100] {logging_mixin.py:188} INFO - [2026-03-13T22:38:55.096+0100] {dag.py:3947} INFO - Setting next_dagrun for example_weekday_branch_operator to 2026-03-12 00:00:00+00:00, run_after=2026-03-13 00:00:00+00:00
[2026-03-13T22:38:55.107+0100] {processor.py:183} INFO - Processing /Users/harshasogala/financial-data-platform/venv/lib/python3.12/site-packages/airflow/example_dags/example_branch_day_of_week_operator.py took 0.085 seconds
[2026-03-13T22:40:10.587+0100] {processor.py:161} INFO - Started process (PID=69649) to work on /Users/harshasogala/financial-data-platform/venv/lib/python3.12/site-packages/airflow/example_dags/example_branch_day_of_week_operator.py
[2026-03-13T22:40:10.590+0100] {processor.py:830} INFO - Processing file /Users/harshasogala/financial-data-platform/venv/lib/python3.12/site-packages/airflow/example_dags/example_branch_day_of_week_operator.py for tasks to queue
[2026-03-13T22:40:10.591+0100] {logging_mixin.py:188} INFO - [2026-03-13T22:40:10.591+0100] {dagbag.py:545} INFO - Filling up the DagBag from /Users/harshasogala/financial-data-platform/venv/lib/python3.12/site-packages/airflow/example_dags/example_branch_day_of_week_operator.py
[2026-03-13T22:40:10.609+0100] {processor.py:840} INFO - DAG(s) 'example_weekday_branch_operator' retrieved from /Users/harshasogala/financial-data-platform/venv/lib/python3.12/site-packages/airflow/example_dags/example_branch_day_of_week_operator.py
[2026-03-13T22:40:10.719+0100] {logging_mixin.py:188} INFO - [2026-03-13T22:40:10.719+0100] {dag.py:3089} INFO - Sync 1 DAGs
[2026-03-13T22:40:10.734+0100] {logging_mixin.py:188} INFO - [2026-03-13T22:40:10.734+0100] {dag.py:3947} INFO - Setting next_dagrun for example_weekday_branch_operator to 2026-03-12 00:00:00+00:00, run_after=2026-03-13 00:00:00+00:00
[2026-03-13T22:40:10.750+0100] {processor.py:183} INFO - Processing /Users/harshasogala/financial-data-platform/venv/lib/python3.12/site-packages/airflow/example_dags/example_branch_day_of_week_operator.py took 0.170 seconds
[2026-03-13T22:41:32.821+0100] {processor.py:161} INFO - Started process (PID=69709) to work on /Users/harshasogala/financial-data-platform/venv/lib/python3.12/site-packages/airflow/example_dags/example_branch_day_of_week_operator.py
[2026-03-13T22:41:32.822+0100] {processor.py:830} INFO - Processing file /Users/harshasogala/financial-data-platform/venv/lib/python3.12/site-packages/airflow/example_dags/example_branch_day_of_week_operator.py for tasks to queue
[2026-03-13T22:41:32.823+0100] {logging_mixin.py:188} INFO - [2026-03-13T22:41:32.822+0100] {dagbag.py:545} INFO - Filling up the DagBag from /Users/harshasogala/financial-data-platform/venv/lib/python3.12/site-packages/airflow/example_dags/example_branch_day_of_week_operator.py
[2026-03-13T22:41:32.830+0100] {processor.py:840} INFO - DAG(s) 'example_weekday_branch_operator' retrieved from /Users/harshasogala/financial-data-platform/venv/lib/python3.12/site-packages/airflow/example_dags/example_branch_day_of_week_operator.py
[2026-03-13T22:41:32.885+0100] {logging_mixin.py:188} INFO - [2026-03-13T22:41:32.884+0100] {dag.py:3089} INFO - Sync 1 DAGs
[2026-03-13T22:41:32.894+0100] {logging_mixin.py:188} INFO - [2026-03-13T22:41:32.894+0100] {dag.py:3947} INFO - Setting next_dagrun for example_weekday_branch_operator to 2026-03-12 00:00:00+00:00, run_after=2026-03-13 00:00:00+00:00
[2026-03-13T22:41:32.906+0100] {processor.py:183} INFO - Processing /Users/harshasogala/financial-data-platform/venv/lib/python3.12/site-packages/airflow/example_dags/example_branch_day_of_week_operator.py took 0.087 seconds
[2026-03-13T22:42:51.185+0100] {processor.py:161} INFO - Started process (PID=69773) to work on /Users/harshasogala/financial-data-platform/venv/lib/python3.12/site-packages/airflow/example_dags/example_branch_day_of_week_operator.py
[2026-03-13T22:42:51.186+0100] {processor.py:830} INFO - Processing file /Users/harshasogala/financial-data-platform/venv/lib/python3.12/site-packages/airflow/example_dags/example_branch_day_of_week_operator.py for tasks to queue
[2026-03-13T22:42:51.186+0100] {logging_mixin.py:188} INFO - [2026-03-13T22:42:51.186+0100] {dagbag.py:545} INFO - Filling up the DagBag from /Users/harshasogala/financial-data-platform/venv/lib/python3.12/site-packages/airflow/example_dags/example_branch_day_of_week_operator.py
[2026-03-13T22:42:51.194+0100] {processor.py:840} INFO - DAG(s) 'example_weekday_branch_operator' retrieved from /Users/harshasogala/financial-data-platform/venv/lib/python3.12/site-packages/airflow/example_dags/example_branch_day_of_week_operator.py
[2026-03-13T22:42:51.249+0100] {logging_mixin.py:188} INFO - [2026-03-13T22:42:51.249+0100] {dag.py:3089} INFO - Sync 1 DAGs
[2026-03-13T22:42:51.259+0100] {logging_mixin.py:188} INFO - [2026-03-13T22:42:51.258+0100] {dag.py:3947} INFO - Setting next_dagrun for example_weekday_branch_operator to 2026-03-12 00:00:00+00:00, run_after=2026-03-13 00:00:00+00:00
[2026-03-13T22:42:51.270+0100] {processor.py:183} INFO - Processing /Users/harshasogala/financial-data-platform/venv/lib/python3.12/site-packages/airflow/example_dags/example_branch_day_of_week_operator.py took 0.087 seconds
[2026-03-13T22:44:11.678+0100] {processor.py:161} INFO - Started process (PID=70027) to work on /Users/harshasogala/financial-data-platform/venv/lib/python3.12/site-packages/airflow/example_dags/example_branch_day_of_week_operator.py
[2026-03-13T22:44:11.680+0100] {processor.py:830} INFO - Processing file /Users/harshasogala/financial-data-platform/venv/lib/python3.12/site-packages/airflow/example_dags/example_branch_day_of_week_operator.py for tasks to queue
[2026-03-13T22:44:11.681+0100] {logging_mixin.py:188} INFO - [2026-03-13T22:44:11.681+0100] {dagbag.py:545} INFO - Filling up the DagBag from /Users/harshasogala/financial-data-platform/venv/lib/python3.12/site-packages/airflow/example_dags/example_branch_day_of_week_operator.py
[2026-03-13T22:44:11.689+0100] {processor.py:840} INFO - DAG(s) 'example_weekday_branch_operator' retrieved from /Users/harshasogala/financial-data-platform/venv/lib/python3.12/site-packages/airflow/example_dags/example_branch_day_of_week_operator.py
[2026-03-13T22:44:11.747+0100] {logging_mixin.py:188} INFO - [2026-03-13T22:44:11.747+0100] {dag.py:3089} INFO - Sync 1 DAGs
[2026-03-13T22:44:11.758+0100] {logging_mixin.py:188} INFO - [2026-03-13T22:44:11.758+0100] {dag.py:3947} INFO - Setting next_dagrun for example_weekday_branch_operator to 2026-03-12 00:00:00+00:00, run_after=2026-03-13 00:00:00+00:00
[2026-03-13T22:44:11.772+0100] {processor.py:183} INFO - Processing /Users/harshasogala/financial-data-platform/venv/lib/python3.12/site-packages/airflow/example_dags/example_branch_day_of_week_operator.py took 0.098 seconds
[2026-03-13T22:45:41.410+0100] {processor.py:161} INFO - Started process (PID=70314) to work on /Users/harshasogala/financial-data-platform/venv/lib/python3.12/site-packages/airflow/example_dags/example_branch_day_of_week_operator.py
[2026-03-13T22:45:41.411+0100] {processor.py:830} INFO - Processing file /Users/harshasogala/financial-data-platform/venv/lib/python3.12/site-packages/airflow/example_dags/example_branch_day_of_week_operator.py for tasks to queue
[2026-03-13T22:45:41.412+0100] {logging_mixin.py:188} INFO - [2026-03-13T22:45:41.411+0100] {dagbag.py:545} INFO - Filling up the DagBag from /Users/harshasogala/financial-data-platform/venv/lib/python3.12/site-packages/airflow/example_dags/example_branch_day_of_week_operator.py
[2026-03-13T22:45:41.418+0100] {processor.py:840} INFO - DAG(s) 'example_weekday_branch_operator' retrieved from /Users/harshasogala/financial-data-platform/venv/lib/python3.12/site-packages/airflow/example_dags/example_branch_day_of_week_operator.py
[2026-03-13T22:45:41.473+0100] {logging_mixin.py:188} INFO - [2026-03-13T22:45:41.473+0100] {dag.py:3089} INFO - Sync 1 DAGs
[2026-03-13T22:45:41.482+0100] {logging_mixin.py:188} INFO - [2026-03-13T22:45:41.482+0100] {dag.py:3947} INFO - Setting next_dagrun for example_weekday_branch_operator to 2026-03-12 00:00:00+00:00, run_after=2026-03-13 00:00:00+00:00
[2026-03-13T22:45:41.494+0100] {processor.py:183} INFO - Processing /Users/harshasogala/financial-data-platform/venv/lib/python3.12/site-packages/airflow/example_dags/example_branch_day_of_week_operator.py took 0.086 seconds
[2026-03-13T22:47:10.545+0100] {processor.py:161} INFO - Started process (PID=70627) to work on /Users/harshasogala/financial-data-platform/venv/lib/python3.12/site-packages/airflow/example_dags/example_branch_day_of_week_operator.py
[2026-03-13T22:47:10.546+0100] {processor.py:830} INFO - Processing file /Users/harshasogala/financial-data-platform/venv/lib/python3.12/site-packages/airflow/example_dags/example_branch_day_of_week_operator.py for tasks to queue
[2026-03-13T22:47:10.546+0100] {logging_mixin.py:188} INFO - [2026-03-13T22:47:10.546+0100] {dagbag.py:545} INFO - Filling up the DagBag from /Users/harshasogala/financial-data-platform/venv/lib/python3.12/site-packages/airflow/example_dags/example_branch_day_of_week_operator.py
[2026-03-13T22:47:10.555+0100] {processor.py:840} INFO - DAG(s) 'example_weekday_branch_operator' retrieved from /Users/harshasogala/financial-data-platform/venv/lib/python3.12/site-packages/airflow/example_dags/example_branch_day_of_week_operator.py
[2026-03-13T22:47:10.620+0100] {logging_mixin.py:188} INFO - [2026-03-13T22:47:10.620+0100] {dag.py:3089} INFO - Sync 1 DAGs
[2026-03-13T22:47:10.635+0100] {logging_mixin.py:188} INFO - [2026-03-13T22:47:10.634+0100] {dag.py:3947} INFO - Setting next_dagrun for example_weekday_branch_operator to 2026-03-12 00:00:00+00:00, run_after=2026-03-13 00:00:00+00:00
[2026-03-13T22:47:10.649+0100] {processor.py:183} INFO - Processing /Users/harshasogala/financial-data-platform/venv/lib/python3.12/site-packages/airflow/example_dags/example_branch_day_of_week_operator.py took 0.107 seconds
[2026-03-13T22:48:31.412+0100] {processor.py:161} INFO - Started process (PID=71431) to work on /Users/harshasogala/financial-data-platform/venv/lib/python3.12/site-packages/airflow/example_dags/example_branch_day_of_week_operator.py
[2026-03-13T22:48:31.413+0100] {processor.py:830} INFO - Processing file /Users/harshasogala/financial-data-platform/venv/lib/python3.12/site-packages/airflow/example_dags/example_branch_day_of_week_operator.py for tasks to queue
[2026-03-13T22:48:31.413+0100] {logging_mixin.py:188} INFO - [2026-03-13T22:48:31.413+0100] {dagbag.py:545} INFO - Filling up the DagBag from /Users/harshasogala/financial-data-platform/venv/lib/python3.12/site-packages/airflow/example_dags/example_branch_day_of_week_operator.py
[2026-03-13T22:48:31.421+0100] {processor.py:840} INFO - DAG(s) 'example_weekday_branch_operator' retrieved from /Users/harshasogala/financial-data-platform/venv/lib/python3.12/site-packages/airflow/example_dags/example_branch_day_of_week_operator.py
[2026-03-13T22:48:31.477+0100] {logging_mixin.py:188} INFO - [2026-03-13T22:48:31.476+0100] {dag.py:3089} INFO - Sync 1 DAGs
[2026-03-13T22:48:31.487+0100] {logging_mixin.py:188} INFO - [2026-03-13T22:48:31.487+0100] {dag.py:3947} INFO - Setting next_dagrun for example_weekday_branch_operator to 2026-03-12 00:00:00+00:00, run_after=2026-03-13 00:00:00+00:00
[2026-03-13T22:48:31.498+0100] {processor.py:183} INFO - Processing /Users/harshasogala/financial-data-platform/venv/lib/python3.12/site-packages/airflow/example_dags/example_branch_day_of_week_operator.py took 0.088 seconds
[2026-03-13T22:49:51.405+0100] {processor.py:161} INFO - Started process (PID=71503) to work on /Users/harshasogala/financial-data-platform/venv/lib/python3.12/site-packages/airflow/example_dags/example_branch_day_of_week_operator.py
[2026-03-13T22:49:51.405+0100] {processor.py:830} INFO - Processing file /Users/harshasogala/financial-data-platform/venv/lib/python3.12/site-packages/airflow/example_dags/example_branch_day_of_week_operator.py for tasks to queue
[2026-03-13T22:49:51.406+0100] {logging_mixin.py:188} INFO - [2026-03-13T22:49:51.406+0100] {dagbag.py:545} INFO - Filling up the DagBag from /Users/harshasogala/financial-data-platform/venv/lib/python3.12/site-packages/airflow/example_dags/example_branch_day_of_week_operator.py
[2026-03-13T22:49:51.412+0100] {processor.py:840} INFO - DAG(s) 'example_weekday_branch_operator' retrieved from /Users/harshasogala/financial-data-platform/venv/lib/python3.12/site-packages/airflow/example_dags/example_branch_day_of_week_operator.py
[2026-03-13T22:49:51.467+0100] {logging_mixin.py:188} INFO - [2026-03-13T22:49:51.467+0100] {dag.py:3089} INFO - Sync 1 DAGs
[2026-03-13T22:49:51.476+0100] {logging_mixin.py:188} INFO - [2026-03-13T22:49:51.476+0100] {dag.py:3947} INFO - Setting next_dagrun for example_weekday_branch_operator to 2026-03-12 00:00:00+00:00, run_after=2026-03-13 00:00:00+00:00
[2026-03-13T22:49:51.487+0100] {processor.py:183} INFO - Processing /Users/harshasogala/financial-data-platform/venv/lib/python3.12/site-packages/airflow/example_dags/example_branch_day_of_week_operator.py took 0.084 seconds
[2026-03-13T22:51:21.972+0100] {processor.py:161} INFO - Started process (PID=72042) to work on /Users/harshasogala/financial-data-platform/venv/lib/python3.12/site-packages/airflow/example_dags/example_branch_day_of_week_operator.py
[2026-03-13T22:51:21.973+0100] {processor.py:830} INFO - Processing file /Users/harshasogala/financial-data-platform/venv/lib/python3.12/site-packages/airflow/example_dags/example_branch_day_of_week_operator.py for tasks to queue
[2026-03-13T22:51:21.973+0100] {logging_mixin.py:188} INFO - [2026-03-13T22:51:21.973+0100] {dagbag.py:545} INFO - Filling up the DagBag from /Users/harshasogala/financial-data-platform/venv/lib/python3.12/site-packages/airflow/example_dags/example_branch_day_of_week_operator.py
[2026-03-13T22:51:21.980+0100] {processor.py:840} INFO - DAG(s) 'example_weekday_branch_operator' retrieved from /Users/harshasogala/financial-data-platform/venv/lib/python3.12/site-packages/airflow/example_dags/example_branch_day_of_week_operator.py
[2026-03-13T22:51:22.038+0100] {logging_mixin.py:188} INFO - [2026-03-13T22:51:22.037+0100] {dag.py:3089} INFO - Sync 1 DAGs
[2026-03-13T22:51:22.049+0100] {logging_mixin.py:188} INFO - [2026-03-13T22:51:22.048+0100] {dag.py:3947} INFO - Setting next_dagrun for example_weekday_branch_operator to 2026-03-12 00:00:00+00:00, run_after=2026-03-13 00:00:00+00:00
[2026-03-13T22:51:22.063+0100] {processor.py:183} INFO - Processing /Users/harshasogala/financial-data-platform/venv/lib/python3.12/site-packages/airflow/example_dags/example_branch_day_of_week_operator.py took 0.092 seconds
[2026-03-13T22:52:37.572+0100] {processor.py:161} INFO - Started process (PID=72365) to work on /Users/harshasogala/financial-data-platform/venv/lib/python3.12/site-packages/airflow/example_dags/example_branch_day_of_week_operator.py
[2026-03-13T22:52:37.573+0100] {processor.py:830} INFO - Processing file /Users/harshasogala/financial-data-platform/venv/lib/python3.12/site-packages/airflow/example_dags/example_branch_day_of_week_operator.py for tasks to queue
[2026-03-13T22:52:37.573+0100] {logging_mixin.py:188} INFO - [2026-03-13T22:52:37.573+0100] {dagbag.py:545} INFO - Filling up the DagBag from /Users/harshasogala/financial-data-platform/venv/lib/python3.12/site-packages/airflow/example_dags/example_branch_day_of_week_operator.py
[2026-03-13T22:52:37.580+0100] {processor.py:840} INFO - DAG(s) 'example_weekday_branch_operator' retrieved from /Users/harshasogala/financial-data-platform/venv/lib/python3.12/site-packages/airflow/example_dags/example_branch_day_of_week_operator.py
[2026-03-13T22:52:37.635+0100] {logging_mixin.py:188} INFO - [2026-03-13T22:52:37.635+0100] {dag.py:3089} INFO - Sync 1 DAGs
[2026-03-13T22:52:37.644+0100] {logging_mixin.py:188} INFO - [2026-03-13T22:52:37.644+0100] {dag.py:3947} INFO - Setting next_dagrun for example_weekday_branch_operator to 2026-03-12 00:00:00+00:00, run_after=2026-03-13 00:00:00+00:00
[2026-03-13T22:52:37.656+0100] {processor.py:183} INFO - Processing /Users/harshasogala/financial-data-platform/venv/lib/python3.12/site-packages/airflow/example_dags/example_branch_day_of_week_operator.py took 0.085 seconds
[2026-03-13T22:53:53.756+0100] {processor.py:161} INFO - Started process (PID=72441) to work on /Users/harshasogala/financial-data-platform/venv/lib/python3.12/site-packages/airflow/example_dags/example_branch_day_of_week_operator.py
[2026-03-13T22:53:53.756+0100] {processor.py:830} INFO - Processing file /Users/harshasogala/financial-data-platform/venv/lib/python3.12/site-packages/airflow/example_dags/example_branch_day_of_week_operator.py for tasks to queue
[2026-03-13T22:53:53.757+0100] {logging_mixin.py:188} INFO - [2026-03-13T22:53:53.757+0100] {dagbag.py:545} INFO - Filling up the DagBag from /Users/harshasogala/financial-data-platform/venv/lib/python3.12/site-packages/airflow/example_dags/example_branch_day_of_week_operator.py
[2026-03-13T22:53:53.764+0100] {processor.py:840} INFO - DAG(s) 'example_weekday_branch_operator' retrieved from /Users/harshasogala/financial-data-platform/venv/lib/python3.12/site-packages/airflow/example_dags/example_branch_day_of_week_operator.py
[2026-03-13T22:53:53.821+0100] {logging_mixin.py:188} INFO - [2026-03-13T22:53:53.820+0100] {dag.py:3089} INFO - Sync 1 DAGs
[2026-03-13T22:53:53.831+0100] {logging_mixin.py:188} INFO - [2026-03-13T22:53:53.831+0100] {dag.py:3947} INFO - Setting next_dagrun for example_weekday_branch_operator to 2026-03-12 00:00:00+00:00, run_after=2026-03-13 00:00:00+00:00
[2026-03-13T22:53:53.845+0100] {processor.py:183} INFO - Processing /Users/harshasogala/financial-data-platform/venv/lib/python3.12/site-packages/airflow/example_dags/example_branch_day_of_week_operator.py took 0.092 seconds
[2026-03-13T22:55:22.990+0100] {processor.py:161} INFO - Started process (PID=72537) to work on /Users/harshasogala/financial-data-platform/venv/lib/python3.12/site-packages/airflow/example_dags/example_branch_day_of_week_operator.py
[2026-03-13T22:55:22.991+0100] {processor.py:830} INFO - Processing file /Users/harshasogala/financial-data-platform/venv/lib/python3.12/site-packages/airflow/example_dags/example_branch_day_of_week_operator.py for tasks to queue
[2026-03-13T22:55:22.991+0100] {logging_mixin.py:188} INFO - [2026-03-13T22:55:22.991+0100] {dagbag.py:545} INFO - Filling up the DagBag from /Users/harshasogala/financial-data-platform/venv/lib/python3.12/site-packages/airflow/example_dags/example_branch_day_of_week_operator.py
[2026-03-13T22:55:22.998+0100] {processor.py:840} INFO - DAG(s) 'example_weekday_branch_operator' retrieved from /Users/harshasogala/financial-data-platform/venv/lib/python3.12/site-packages/airflow/example_dags/example_branch_day_of_week_operator.py
[2026-03-13T22:55:23.053+0100] {logging_mixin.py:188} INFO - [2026-03-13T22:55:23.053+0100] {dag.py:3089} INFO - Sync 1 DAGs
[2026-03-13T22:55:23.062+0100] {logging_mixin.py:188} INFO - [2026-03-13T22:55:23.062+0100] {dag.py:3947} INFO - Setting next_dagrun for example_weekday_branch_operator to 2026-03-12 00:00:00+00:00, run_after=2026-03-13 00:00:00+00:00
[2026-03-13T22:55:23.074+0100] {processor.py:183} INFO - Processing /Users/harshasogala/financial-data-platform/venv/lib/python3.12/site-packages/airflow/example_dags/example_branch_day_of_week_operator.py took 0.086 seconds
[2026-03-13T22:56:42.961+0100] {processor.py:161} INFO - Started process (PID=72632) to work on /Users/harshasogala/financial-data-platform/venv/lib/python3.12/site-packages/airflow/example_dags/example_branch_day_of_week_operator.py
[2026-03-13T22:56:42.962+0100] {processor.py:830} INFO - Processing file /Users/harshasogala/financial-data-platform/venv/lib/python3.12/site-packages/airflow/example_dags/example_branch_day_of_week_operator.py for tasks to queue
[2026-03-13T22:56:42.962+0100] {logging_mixin.py:188} INFO - [2026-03-13T22:56:42.962+0100] {dagbag.py:545} INFO - Filling up the DagBag from /Users/harshasogala/financial-data-platform/venv/lib/python3.12/site-packages/airflow/example_dags/example_branch_day_of_week_operator.py
[2026-03-13T22:56:42.969+0100] {processor.py:840} INFO - DAG(s) 'example_weekday_branch_operator' retrieved from /Users/harshasogala/financial-data-platform/venv/lib/python3.12/site-packages/airflow/example_dags/example_branch_day_of_week_operator.py
[2026-03-13T22:56:43.025+0100] {logging_mixin.py:188} INFO - [2026-03-13T22:56:43.025+0100] {dag.py:3089} INFO - Sync 1 DAGs
[2026-03-13T22:56:43.036+0100] {logging_mixin.py:188} INFO - [2026-03-13T22:56:43.035+0100] {dag.py:3947} INFO - Setting next_dagrun for example_weekday_branch_operator to 2026-03-12 00:00:00+00:00, run_after=2026-03-13 00:00:00+00:00
[2026-03-13T22:56:43.047+0100] {processor.py:183} INFO - Processing /Users/harshasogala/financial-data-platform/venv/lib/python3.12/site-packages/airflow/example_dags/example_branch_day_of_week_operator.py took 0.088 seconds
[2026-03-13T22:58:02.225+0100] {processor.py:161} INFO - Started process (PID=72693) to work on /Users/harshasogala/financial-data-platform/venv/lib/python3.12/site-packages/airflow/example_dags/example_branch_day_of_week_operator.py
[2026-03-13T22:58:02.226+0100] {processor.py:830} INFO - Processing file /Users/harshasogala/financial-data-platform/venv/lib/python3.12/site-packages/airflow/example_dags/example_branch_day_of_week_operator.py for tasks to queue
[2026-03-13T22:58:02.226+0100] {logging_mixin.py:188} INFO - [2026-03-13T22:58:02.226+0100] {dagbag.py:545} INFO - Filling up the DagBag from /Users/harshasogala/financial-data-platform/venv/lib/python3.12/site-packages/airflow/example_dags/example_branch_day_of_week_operator.py
[2026-03-13T22:58:02.233+0100] {processor.py:840} INFO - DAG(s) 'example_weekday_branch_operator' retrieved from /Users/harshasogala/financial-data-platform/venv/lib/python3.12/site-packages/airflow/example_dags/example_branch_day_of_week_operator.py
[2026-03-13T22:58:02.289+0100] {logging_mixin.py:188} INFO - [2026-03-13T22:58:02.289+0100] {dag.py:3089} INFO - Sync 1 DAGs
[2026-03-13T22:58:02.298+0100] {logging_mixin.py:188} INFO - [2026-03-13T22:58:02.298+0100] {dag.py:3947} INFO - Setting next_dagrun for example_weekday_branch_operator to 2026-03-12 00:00:00+00:00, run_after=2026-03-13 00:00:00+00:00
[2026-03-13T22:58:02.309+0100] {processor.py:183} INFO - Processing /Users/harshasogala/financial-data-platform/venv/lib/python3.12/site-packages/airflow/example_dags/example_branch_day_of_week_operator.py took 0.086 seconds
[2026-03-13T22:59:25.258+0100] {processor.py:161} INFO - Started process (PID=72767) to work on /Users/harshasogala/financial-data-platform/venv/lib/python3.12/site-packages/airflow/example_dags/example_branch_day_of_week_operator.py
[2026-03-13T22:59:25.259+0100] {processor.py:830} INFO - Processing file /Users/harshasogala/financial-data-platform/venv/lib/python3.12/site-packages/airflow/example_dags/example_branch_day_of_week_operator.py for tasks to queue
[2026-03-13T22:59:25.260+0100] {logging_mixin.py:188} INFO - [2026-03-13T22:59:25.259+0100] {dagbag.py:545} INFO - Filling up the DagBag from /Users/harshasogala/financial-data-platform/venv/lib/python3.12/site-packages/airflow/example_dags/example_branch_day_of_week_operator.py
[2026-03-13T22:59:25.268+0100] {processor.py:840} INFO - DAG(s) 'example_weekday_branch_operator' retrieved from /Users/harshasogala/financial-data-platform/venv/lib/python3.12/site-packages/airflow/example_dags/example_branch_day_of_week_operator.py
[2026-03-13T22:59:25.346+0100] {logging_mixin.py:188} INFO - [2026-03-13T22:59:25.346+0100] {dag.py:3089} INFO - Sync 1 DAGs
[2026-03-13T22:59:25.358+0100] {logging_mixin.py:188} INFO - [2026-03-13T22:59:25.357+0100] {dag.py:3947} INFO - Setting next_dagrun for example_weekday_branch_operator to 2026-03-12 00:00:00+00:00, run_after=2026-03-13 00:00:00+00:00
[2026-03-13T22:59:25.380+0100] {processor.py:183} INFO - Processing /Users/harshasogala/financial-data-platform/venv/lib/python3.12/site-packages/airflow/example_dags/example_branch_day_of_week_operator.py took 0.124 seconds
[2026-03-13T23:00:42.012+0100] {processor.py:161} INFO - Started process (PID=72838) to work on /Users/harshasogala/financial-data-platform/venv/lib/python3.12/site-packages/airflow/example_dags/example_branch_day_of_week_operator.py
[2026-03-13T23:00:42.013+0100] {processor.py:830} INFO - Processing file /Users/harshasogala/financial-data-platform/venv/lib/python3.12/site-packages/airflow/example_dags/example_branch_day_of_week_operator.py for tasks to queue
[2026-03-13T23:00:42.013+0100] {logging_mixin.py:188} INFO - [2026-03-13T23:00:42.013+0100] {dagbag.py:545} INFO - Filling up the DagBag from /Users/harshasogala/financial-data-platform/venv/lib/python3.12/site-packages/airflow/example_dags/example_branch_day_of_week_operator.py
[2026-03-13T23:00:42.020+0100] {processor.py:840} INFO - DAG(s) 'example_weekday_branch_operator' retrieved from /Users/harshasogala/financial-data-platform/venv/lib/python3.12/site-packages/airflow/example_dags/example_branch_day_of_week_operator.py
[2026-03-13T23:00:42.076+0100] {logging_mixin.py:188} INFO - [2026-03-13T23:00:42.076+0100] {dag.py:3089} INFO - Sync 1 DAGs
[2026-03-13T23:00:42.085+0100] {logging_mixin.py:188} INFO - [2026-03-13T23:00:42.085+0100] {dag.py:3947} INFO - Setting next_dagrun for example_weekday_branch_operator to 2026-03-12 00:00:00+00:00, run_after=2026-03-13 00:00:00+00:00
[2026-03-13T23:00:42.098+0100] {processor.py:183} INFO - Processing /Users/harshasogala/financial-data-platform/venv/lib/python3.12/site-packages/airflow/example_dags/example_branch_day_of_week_operator.py took 0.088 seconds
[2026-03-13T23:02:02.998+0100] {processor.py:161} INFO - Started process (PID=72899) to work on /Users/harshasogala/financial-data-platform/venv/lib/python3.12/site-packages/airflow/example_dags/example_branch_day_of_week_operator.py
[2026-03-13T23:02:02.999+0100] {processor.py:830} INFO - Processing file /Users/harshasogala/financial-data-platform/venv/lib/python3.12/site-packages/airflow/example_dags/example_branch_day_of_week_operator.py for tasks to queue
[2026-03-13T23:02:03.000+0100] {logging_mixin.py:188} INFO - [2026-03-13T23:02:02.999+0100] {dagbag.py:545} INFO - Filling up the DagBag from /Users/harshasogala/financial-data-platform/venv/lib/python3.12/site-packages/airflow/example_dags/example_branch_day_of_week_operator.py
[2026-03-13T23:02:03.006+0100] {processor.py:840} INFO - DAG(s) 'example_weekday_branch_operator' retrieved from /Users/harshasogala/financial-data-platform/venv/lib/python3.12/site-packages/airflow/example_dags/example_branch_day_of_week_operator.py
[2026-03-13T23:02:03.062+0100] {logging_mixin.py:188} INFO - [2026-03-13T23:02:03.062+0100] {dag.py:3089} INFO - Sync 1 DAGs
[2026-03-13T23:02:03.071+0100] {logging_mixin.py:188} INFO - [2026-03-13T23:02:03.071+0100] {dag.py:3947} INFO - Setting next_dagrun for example_weekday_branch_operator to 2026-03-12 00:00:00+00:00, run_after=2026-03-13 00:00:00+00:00
[2026-03-13T23:02:03.083+0100] {processor.py:183} INFO - Processing /Users/harshasogala/financial-data-platform/venv/lib/python3.12/site-packages/airflow/example_dags/example_branch_day_of_week_operator.py took 0.086 seconds
[2026-03-13T23:03:21.610+0100] {processor.py:161} INFO - Started process (PID=72959) to work on /Users/harshasogala/financial-data-platform/venv/lib/python3.12/site-packages/airflow/example_dags/example_branch_day_of_week_operator.py
[2026-03-13T23:03:21.611+0100] {processor.py:830} INFO - Processing file /Users/harshasogala/financial-data-platform/venv/lib/python3.12/site-packages/airflow/example_dags/example_branch_day_of_week_operator.py for tasks to queue
[2026-03-13T23:03:21.611+0100] {logging_mixin.py:188} INFO - [2026-03-13T23:03:21.611+0100] {dagbag.py:545} INFO - Filling up the DagBag from /Users/harshasogala/financial-data-platform/venv/lib/python3.12/site-packages/airflow/example_dags/example_branch_day_of_week_operator.py
[2026-03-13T23:03:21.618+0100] {processor.py:840} INFO - DAG(s) 'example_weekday_branch_operator' retrieved from /Users/harshasogala/financial-data-platform/venv/lib/python3.12/site-packages/airflow/example_dags/example_branch_day_of_week_operator.py
[2026-03-13T23:03:21.672+0100] {logging_mixin.py:188} INFO - [2026-03-13T23:03:21.672+0100] {dag.py:3089} INFO - Sync 1 DAGs
[2026-03-13T23:03:21.681+0100] {logging_mixin.py:188} INFO - [2026-03-13T23:03:21.681+0100] {dag.py:3947} INFO - Setting next_dagrun for example_weekday_branch_operator to 2026-03-12 00:00:00+00:00, run_after=2026-03-13 00:00:00+00:00
[2026-03-13T23:03:21.693+0100] {processor.py:183} INFO - Processing /Users/harshasogala/financial-data-platform/venv/lib/python3.12/site-packages/airflow/example_dags/example_branch_day_of_week_operator.py took 0.084 seconds
[2026-03-13T23:04:39.338+0100] {processor.py:161} INFO - Started process (PID=73018) to work on /Users/harshasogala/financial-data-platform/venv/lib/python3.12/site-packages/airflow/example_dags/example_branch_day_of_week_operator.py
[2026-03-13T23:04:39.339+0100] {processor.py:830} INFO - Processing file /Users/harshasogala/financial-data-platform/venv/lib/python3.12/site-packages/airflow/example_dags/example_branch_day_of_week_operator.py for tasks to queue
[2026-03-13T23:04:39.339+0100] {logging_mixin.py:188} INFO - [2026-03-13T23:04:39.339+0100] {dagbag.py:545} INFO - Filling up the DagBag from /Users/harshasogala/financial-data-platform/venv/lib/python3.12/site-packages/airflow/example_dags/example_branch_day_of_week_operator.py
[2026-03-13T23:04:39.346+0100] {processor.py:840} INFO - DAG(s) 'example_weekday_branch_operator' retrieved from /Users/harshasogala/financial-data-platform/venv/lib/python3.12/site-packages/airflow/example_dags/example_branch_day_of_week_operator.py
[2026-03-13T23:04:39.400+0100] {logging_mixin.py:188} INFO - [2026-03-13T23:04:39.400+0100] {dag.py:3089} INFO - Sync 1 DAGs
[2026-03-13T23:04:39.410+0100] {logging_mixin.py:188} INFO - [2026-03-13T23:04:39.410+0100] {dag.py:3947} INFO - Setting next_dagrun for example_weekday_branch_operator to 2026-03-12 00:00:00+00:00, run_after=2026-03-13 00:00:00+00:00
[2026-03-13T23:04:39.424+0100] {processor.py:183} INFO - Processing /Users/harshasogala/financial-data-platform/venv/lib/python3.12/site-packages/airflow/example_dags/example_branch_day_of_week_operator.py took 0.088 seconds
[2026-03-13T23:05:56.042+0100] {processor.py:161} INFO - Started process (PID=73084) to work on /Users/harshasogala/financial-data-platform/venv/lib/python3.12/site-packages/airflow/example_dags/example_branch_day_of_week_operator.py
[2026-03-13T23:05:56.043+0100] {processor.py:830} INFO - Processing file /Users/harshasogala/financial-data-platform/venv/lib/python3.12/site-packages/airflow/example_dags/example_branch_day_of_week_operator.py for tasks to queue
[2026-03-13T23:05:56.044+0100] {logging_mixin.py:188} INFO - [2026-03-13T23:05:56.044+0100] {dagbag.py:545} INFO - Filling up the DagBag from /Users/harshasogala/financial-data-platform/venv/lib/python3.12/site-packages/airflow/example_dags/example_branch_day_of_week_operator.py
[2026-03-13T23:05:56.051+0100] {processor.py:840} INFO - DAG(s) 'example_weekday_branch_operator' retrieved from /Users/harshasogala/financial-data-platform/venv/lib/python3.12/site-packages/airflow/example_dags/example_branch_day_of_week_operator.py
[2026-03-13T23:05:56.106+0100] {logging_mixin.py:188} INFO - [2026-03-13T23:05:56.106+0100] {dag.py:3089} INFO - Sync 1 DAGs
[2026-03-13T23:05:56.115+0100] {logging_mixin.py:188} INFO - [2026-03-13T23:05:56.115+0100] {dag.py:3947} INFO - Setting next_dagrun for example_weekday_branch_operator to 2026-03-12 00:00:00+00:00, run_after=2026-03-13 00:00:00+00:00
[2026-03-13T23:05:56.126+0100] {processor.py:183} INFO - Processing /Users/harshasogala/financial-data-platform/venv/lib/python3.12/site-packages/airflow/example_dags/example_branch_day_of_week_operator.py took 0.086 seconds
[2026-03-13T23:07:18.327+0100] {processor.py:161} INFO - Started process (PID=73152) to work on /Users/harshasogala/financial-data-platform/venv/lib/python3.12/site-packages/airflow/example_dags/example_branch_day_of_week_operator.py
[2026-03-13T23:07:18.328+0100] {processor.py:830} INFO - Processing file /Users/harshasogala/financial-data-platform/venv/lib/python3.12/site-packages/airflow/example_dags/example_branch_day_of_week_operator.py for tasks to queue
[2026-03-13T23:07:18.329+0100] {logging_mixin.py:188} INFO - [2026-03-13T23:07:18.329+0100] {dagbag.py:545} INFO - Filling up the DagBag from /Users/harshasogala/financial-data-platform/venv/lib/python3.12/site-packages/airflow/example_dags/example_branch_day_of_week_operator.py
[2026-03-13T23:07:18.336+0100] {processor.py:840} INFO - DAG(s) 'example_weekday_branch_operator' retrieved from /Users/harshasogala/financial-data-platform/venv/lib/python3.12/site-packages/airflow/example_dags/example_branch_day_of_week_operator.py
[2026-03-13T23:07:18.392+0100] {logging_mixin.py:188} INFO - [2026-03-13T23:07:18.391+0100] {dag.py:3089} INFO - Sync 1 DAGs
[2026-03-13T23:07:18.402+0100] {logging_mixin.py:188} INFO - [2026-03-13T23:07:18.401+0100] {dag.py:3947} INFO - Setting next_dagrun for example_weekday_branch_operator to 2026-03-12 00:00:00+00:00, run_after=2026-03-13 00:00:00+00:00
[2026-03-13T23:07:18.413+0100] {processor.py:183} INFO - Processing /Users/harshasogala/financial-data-platform/venv/lib/python3.12/site-packages/airflow/example_dags/example_branch_day_of_week_operator.py took 0.088 seconds
[2026-03-13T23:08:36.102+0100] {processor.py:161} INFO - Started process (PID=73214) to work on /Users/harshasogala/financial-data-platform/venv/lib/python3.12/site-packages/airflow/example_dags/example_branch_day_of_week_operator.py
[2026-03-13T23:08:36.103+0100] {processor.py:830} INFO - Processing file /Users/harshasogala/financial-data-platform/venv/lib/python3.12/site-packages/airflow/example_dags/example_branch_day_of_week_operator.py for tasks to queue
[2026-03-13T23:08:36.104+0100] {logging_mixin.py:188} INFO - [2026-03-13T23:08:36.104+0100] {dagbag.py:545} INFO - Filling up the DagBag from /Users/harshasogala/financial-data-platform/venv/lib/python3.12/site-packages/airflow/example_dags/example_branch_day_of_week_operator.py
[2026-03-13T23:08:36.111+0100] {processor.py:840} INFO - DAG(s) 'example_weekday_branch_operator' retrieved from /Users/harshasogala/financial-data-platform/venv/lib/python3.12/site-packages/airflow/example_dags/example_branch_day_of_week_operator.py
[2026-03-13T23:08:36.169+0100] {logging_mixin.py:188} INFO - [2026-03-13T23:08:36.169+0100] {dag.py:3089} INFO - Sync 1 DAGs
[2026-03-13T23:08:36.180+0100] {logging_mixin.py:188} INFO - [2026-03-13T23:08:36.180+0100] {dag.py:3947} INFO - Setting next_dagrun for example_weekday_branch_operator to 2026-03-12 00:00:00+00:00, run_after=2026-03-13 00:00:00+00:00
[2026-03-13T23:08:36.191+0100] {processor.py:183} INFO - Processing /Users/harshasogala/financial-data-platform/venv/lib/python3.12/site-packages/airflow/example_dags/example_branch_day_of_week_operator.py took 0.091 seconds
[2026-03-13T23:09:47.954+0100] {processor.py:161} INFO - Started process (PID=73270) to work on /Users/harshasogala/financial-data-platform/venv/lib/python3.12/site-packages/airflow/example_dags/example_branch_day_of_week_operator.py
[2026-03-13T23:09:47.955+0100] {processor.py:830} INFO - Processing file /Users/harshasogala/financial-data-platform/venv/lib/python3.12/site-packages/airflow/example_dags/example_branch_day_of_week_operator.py for tasks to queue
[2026-03-13T23:09:47.955+0100] {logging_mixin.py:188} INFO - [2026-03-13T23:09:47.955+0100] {dagbag.py:545} INFO - Filling up the DagBag from /Users/harshasogala/financial-data-platform/venv/lib/python3.12/site-packages/airflow/example_dags/example_branch_day_of_week_operator.py
[2026-03-13T23:09:47.962+0100] {processor.py:840} INFO - DAG(s) 'example_weekday_branch_operator' retrieved from /Users/harshasogala/financial-data-platform/venv/lib/python3.12/site-packages/airflow/example_dags/example_branch_day_of_week_operator.py
[2026-03-13T23:09:48.018+0100] {logging_mixin.py:188} INFO - [2026-03-13T23:09:48.017+0100] {dag.py:3089} INFO - Sync 1 DAGs
[2026-03-13T23:09:48.027+0100] {logging_mixin.py:188} INFO - [2026-03-13T23:09:48.027+0100] {dag.py:3947} INFO - Setting next_dagrun for example_weekday_branch_operator to 2026-03-12 00:00:00+00:00, run_after=2026-03-13 00:00:00+00:00
[2026-03-13T23:09:48.039+0100] {processor.py:183} INFO - Processing /Users/harshasogala/financial-data-platform/venv/lib/python3.12/site-packages/airflow/example_dags/example_branch_day_of_week_operator.py took 0.087 seconds
[2026-03-13T23:11:01.168+0100] {processor.py:161} INFO - Started process (PID=73327) to work on /Users/harshasogala/financial-data-platform/venv/lib/python3.12/site-packages/airflow/example_dags/example_branch_day_of_week_operator.py
[2026-03-13T23:11:01.169+0100] {processor.py:830} INFO - Processing file /Users/harshasogala/financial-data-platform/venv/lib/python3.12/site-packages/airflow/example_dags/example_branch_day_of_week_operator.py for tasks to queue
[2026-03-13T23:11:01.170+0100] {logging_mixin.py:188} INFO - [2026-03-13T23:11:01.169+0100] {dagbag.py:545} INFO - Filling up the DagBag from /Users/harshasogala/financial-data-platform/venv/lib/python3.12/site-packages/airflow/example_dags/example_branch_day_of_week_operator.py
[2026-03-13T23:11:01.176+0100] {processor.py:840} INFO - DAG(s) 'example_weekday_branch_operator' retrieved from /Users/harshasogala/financial-data-platform/venv/lib/python3.12/site-packages/airflow/example_dags/example_branch_day_of_week_operator.py
[2026-03-13T23:11:01.232+0100] {logging_mixin.py:188} INFO - [2026-03-13T23:11:01.231+0100] {dag.py:3089} INFO - Sync 1 DAGs
[2026-03-13T23:11:01.241+0100] {logging_mixin.py:188} INFO - [2026-03-13T23:11:01.241+0100] {dag.py:3947} INFO - Setting next_dagrun for example_weekday_branch_operator to 2026-03-12 00:00:00+00:00, run_after=2026-03-13 00:00:00+00:00
[2026-03-13T23:11:01.255+0100] {processor.py:183} INFO - Processing /Users/harshasogala/financial-data-platform/venv/lib/python3.12/site-packages/airflow/example_dags/example_branch_day_of_week_operator.py took 0.088 seconds
[2026-03-13T23:12:14.631+0100] {processor.py:161} INFO - Started process (PID=73397) to work on /Users/harshasogala/financial-data-platform/venv/lib/python3.12/site-packages/airflow/example_dags/example_branch_day_of_week_operator.py
[2026-03-13T23:12:14.631+0100] {processor.py:830} INFO - Processing file /Users/harshasogala/financial-data-platform/venv/lib/python3.12/site-packages/airflow/example_dags/example_branch_day_of_week_operator.py for tasks to queue
[2026-03-13T23:12:14.632+0100] {logging_mixin.py:188} INFO - [2026-03-13T23:12:14.632+0100] {dagbag.py:545} INFO - Filling up the DagBag from /Users/harshasogala/financial-data-platform/venv/lib/python3.12/site-packages/airflow/example_dags/example_branch_day_of_week_operator.py
[2026-03-13T23:12:14.639+0100] {processor.py:840} INFO - DAG(s) 'example_weekday_branch_operator' retrieved from /Users/harshasogala/financial-data-platform/venv/lib/python3.12/site-packages/airflow/example_dags/example_branch_day_of_week_operator.py
[2026-03-13T23:12:14.694+0100] {logging_mixin.py:188} INFO - [2026-03-13T23:12:14.694+0100] {dag.py:3089} INFO - Sync 1 DAGs
[2026-03-13T23:12:14.703+0100] {logging_mixin.py:188} INFO - [2026-03-13T23:12:14.703+0100] {dag.py:3947} INFO - Setting next_dagrun for example_weekday_branch_operator to 2026-03-12 00:00:00+00:00, run_after=2026-03-13 00:00:00+00:00
[2026-03-13T23:12:14.714+0100] {processor.py:183} INFO - Processing /Users/harshasogala/financial-data-platform/venv/lib/python3.12/site-packages/airflow/example_dags/example_branch_day_of_week_operator.py took 0.086 seconds
[2026-03-13T23:13:30.538+0100] {processor.py:161} INFO - Started process (PID=73456) to work on /Users/harshasogala/financial-data-platform/venv/lib/python3.12/site-packages/airflow/example_dags/example_branch_day_of_week_operator.py
[2026-03-13T23:13:30.539+0100] {processor.py:830} INFO - Processing file /Users/harshasogala/financial-data-platform/venv/lib/python3.12/site-packages/airflow/example_dags/example_branch_day_of_week_operator.py for tasks to queue
[2026-03-13T23:13:30.539+0100] {logging_mixin.py:188} INFO - [2026-03-13T23:13:30.539+0100] {dagbag.py:545} INFO - Filling up the DagBag from /Users/harshasogala/financial-data-platform/venv/lib/python3.12/site-packages/airflow/example_dags/example_branch_day_of_week_operator.py
[2026-03-13T23:13:30.546+0100] {processor.py:840} INFO - DAG(s) 'example_weekday_branch_operator' retrieved from /Users/harshasogala/financial-data-platform/venv/lib/python3.12/site-packages/airflow/example_dags/example_branch_day_of_week_operator.py
[2026-03-13T23:13:30.601+0100] {logging_mixin.py:188} INFO - [2026-03-13T23:13:30.601+0100] {dag.py:3089} INFO - Sync 1 DAGs
[2026-03-13T23:13:30.610+0100] {logging_mixin.py:188} INFO - [2026-03-13T23:13:30.610+0100] {dag.py:3947} INFO - Setting next_dagrun for example_weekday_branch_operator to 2026-03-12 00:00:00+00:00, run_after=2026-03-13 00:00:00+00:00
[2026-03-13T23:13:30.624+0100] {processor.py:183} INFO - Processing /Users/harshasogala/financial-data-platform/venv/lib/python3.12/site-packages/airflow/example_dags/example_branch_day_of_week_operator.py took 0.088 seconds
[2026-03-13T23:14:44.253+0100] {processor.py:161} INFO - Started process (PID=73516) to work on /Users/harshasogala/financial-data-platform/venv/lib/python3.12/site-packages/airflow/example_dags/example_branch_day_of_week_operator.py
[2026-03-13T23:14:44.254+0100] {processor.py:830} INFO - Processing file /Users/harshasogala/financial-data-platform/venv/lib/python3.12/site-packages/airflow/example_dags/example_branch_day_of_week_operator.py for tasks to queue
[2026-03-13T23:14:44.255+0100] {logging_mixin.py:188} INFO - [2026-03-13T23:14:44.254+0100] {dagbag.py:545} INFO - Filling up the DagBag from /Users/harshasogala/financial-data-platform/venv/lib/python3.12/site-packages/airflow/example_dags/example_branch_day_of_week_operator.py
[2026-03-13T23:14:44.261+0100] {processor.py:840} INFO - DAG(s) 'example_weekday_branch_operator' retrieved from /Users/harshasogala/financial-data-platform/venv/lib/python3.12/site-packages/airflow/example_dags/example_branch_day_of_week_operator.py
[2026-03-13T23:14:44.316+0100] {logging_mixin.py:188} INFO - [2026-03-13T23:14:44.316+0100] {dag.py:3089} INFO - Sync 1 DAGs
[2026-03-13T23:14:44.325+0100] {logging_mixin.py:188} INFO - [2026-03-13T23:14:44.325+0100] {dag.py:3947} INFO - Setting next_dagrun for example_weekday_branch_operator to 2026-03-12 00:00:00+00:00, run_after=2026-03-13 00:00:00+00:00
[2026-03-13T23:14:44.337+0100] {processor.py:183} INFO - Processing /Users/harshasogala/financial-data-platform/venv/lib/python3.12/site-packages/airflow/example_dags/example_branch_day_of_week_operator.py took 0.086 seconds
[2026-03-13T23:15:59.106+0100] {processor.py:161} INFO - Started process (PID=73576) to work on /Users/harshasogala/financial-data-platform/venv/lib/python3.12/site-packages/airflow/example_dags/example_branch_day_of_week_operator.py
[2026-03-13T23:15:59.107+0100] {processor.py:830} INFO - Processing file /Users/harshasogala/financial-data-platform/venv/lib/python3.12/site-packages/airflow/example_dags/example_branch_day_of_week_operator.py for tasks to queue
[2026-03-13T23:15:59.107+0100] {logging_mixin.py:188} INFO - [2026-03-13T23:15:59.107+0100] {dagbag.py:545} INFO - Filling up the DagBag from /Users/harshasogala/financial-data-platform/venv/lib/python3.12/site-packages/airflow/example_dags/example_branch_day_of_week_operator.py
[2026-03-13T23:15:59.114+0100] {processor.py:840} INFO - DAG(s) 'example_weekday_branch_operator' retrieved from /Users/harshasogala/financial-data-platform/venv/lib/python3.12/site-packages/airflow/example_dags/example_branch_day_of_week_operator.py
[2026-03-13T23:15:59.170+0100] {logging_mixin.py:188} INFO - [2026-03-13T23:15:59.170+0100] {dag.py:3089} INFO - Sync 1 DAGs
[2026-03-13T23:15:59.181+0100] {logging_mixin.py:188} INFO - [2026-03-13T23:15:59.181+0100] {dag.py:3947} INFO - Setting next_dagrun for example_weekday_branch_operator to 2026-03-12 00:00:00+00:00, run_after=2026-03-13 00:00:00+00:00
[2026-03-13T23:15:59.193+0100] {processor.py:183} INFO - Processing /Users/harshasogala/financial-data-platform/venv/lib/python3.12/site-packages/airflow/example_dags/example_branch_day_of_week_operator.py took 0.089 seconds
[2026-03-13T23:17:14.075+0100] {processor.py:161} INFO - Started process (PID=73647) to work on /Users/harshasogala/financial-data-platform/venv/lib/python3.12/site-packages/airflow/example_dags/example_branch_day_of_week_operator.py
[2026-03-13T23:17:14.076+0100] {processor.py:830} INFO - Processing file /Users/harshasogala/financial-data-platform/venv/lib/python3.12/site-packages/airflow/example_dags/example_branch_day_of_week_operator.py for tasks to queue
[2026-03-13T23:17:14.077+0100] {logging_mixin.py:188} INFO - [2026-03-13T23:17:14.077+0100] {dagbag.py:545} INFO - Filling up the DagBag from /Users/harshasogala/financial-data-platform/venv/lib/python3.12/site-packages/airflow/example_dags/example_branch_day_of_week_operator.py
[2026-03-13T23:17:14.084+0100] {processor.py:840} INFO - DAG(s) 'example_weekday_branch_operator' retrieved from /Users/harshasogala/financial-data-platform/venv/lib/python3.12/site-packages/airflow/example_dags/example_branch_day_of_week_operator.py
[2026-03-13T23:17:14.265+0100] {logging_mixin.py:188} INFO - [2026-03-13T23:17:14.265+0100] {dag.py:3089} INFO - Sync 1 DAGs
[2026-03-13T23:17:14.275+0100] {logging_mixin.py:188} INFO - [2026-03-13T23:17:14.275+0100] {dag.py:3947} INFO - Setting next_dagrun for example_weekday_branch_operator to 2026-03-12 00:00:00+00:00, run_after=2026-03-13 00:00:00+00:00
[2026-03-13T23:17:14.287+0100] {processor.py:183} INFO - Processing /Users/harshasogala/financial-data-platform/venv/lib/python3.12/site-packages/airflow/example_dags/example_branch_day_of_week_operator.py took 0.215 seconds
[2026-03-13T23:18:31.553+0100] {processor.py:161} INFO - Started process (PID=73709) to work on /Users/harshasogala/financial-data-platform/venv/lib/python3.12/site-packages/airflow/example_dags/example_branch_day_of_week_operator.py
[2026-03-13T23:18:31.554+0100] {processor.py:830} INFO - Processing file /Users/harshasogala/financial-data-platform/venv/lib/python3.12/site-packages/airflow/example_dags/example_branch_day_of_week_operator.py for tasks to queue
[2026-03-13T23:18:31.554+0100] {logging_mixin.py:188} INFO - [2026-03-13T23:18:31.554+0100] {dagbag.py:545} INFO - Filling up the DagBag from /Users/harshasogala/financial-data-platform/venv/lib/python3.12/site-packages/airflow/example_dags/example_branch_day_of_week_operator.py
[2026-03-13T23:18:31.561+0100] {processor.py:840} INFO - DAG(s) 'example_weekday_branch_operator' retrieved from /Users/harshasogala/financial-data-platform/venv/lib/python3.12/site-packages/airflow/example_dags/example_branch_day_of_week_operator.py
[2026-03-13T23:18:31.617+0100] {logging_mixin.py:188} INFO - [2026-03-13T23:18:31.617+0100] {dag.py:3089} INFO - Sync 1 DAGs
[2026-03-13T23:18:31.628+0100] {logging_mixin.py:188} INFO - [2026-03-13T23:18:31.628+0100] {dag.py:3947} INFO - Setting next_dagrun for example_weekday_branch_operator to 2026-03-12 00:00:00+00:00, run_after=2026-03-13 00:00:00+00:00
[2026-03-13T23:18:31.639+0100] {processor.py:183} INFO - Processing /Users/harshasogala/financial-data-platform/venv/lib/python3.12/site-packages/airflow/example_dags/example_branch_day_of_week_operator.py took 0.088 seconds
[2026-03-13T23:19:47.956+0100] {processor.py:161} INFO - Started process (PID=73768) to work on /Users/harshasogala/financial-data-platform/venv/lib/python3.12/site-packages/airflow/example_dags/example_branch_day_of_week_operator.py
[2026-03-13T23:19:47.957+0100] {processor.py:830} INFO - Processing file /Users/harshasogala/financial-data-platform/venv/lib/python3.12/site-packages/airflow/example_dags/example_branch_day_of_week_operator.py for tasks to queue
[2026-03-13T23:19:47.957+0100] {logging_mixin.py:188} INFO - [2026-03-13T23:19:47.957+0100] {dagbag.py:545} INFO - Filling up the DagBag from /Users/harshasogala/financial-data-platform/venv/lib/python3.12/site-packages/airflow/example_dags/example_branch_day_of_week_operator.py
[2026-03-13T23:19:47.964+0100] {processor.py:840} INFO - DAG(s) 'example_weekday_branch_operator' retrieved from /Users/harshasogala/financial-data-platform/venv/lib/python3.12/site-packages/airflow/example_dags/example_branch_day_of_week_operator.py
[2026-03-13T23:19:48.020+0100] {logging_mixin.py:188} INFO - [2026-03-13T23:19:48.019+0100] {dag.py:3089} INFO - Sync 1 DAGs
[2026-03-13T23:19:48.029+0100] {logging_mixin.py:188} INFO - [2026-03-13T23:19:48.029+0100] {dag.py:3947} INFO - Setting next_dagrun for example_weekday_branch_operator to 2026-03-12 00:00:00+00:00, run_after=2026-03-13 00:00:00+00:00
[2026-03-13T23:19:48.040+0100] {processor.py:183} INFO - Processing /Users/harshasogala/financial-data-platform/venv/lib/python3.12/site-packages/airflow/example_dags/example_branch_day_of_week_operator.py took 0.086 seconds
[2026-03-13T23:21:05.544+0100] {processor.py:161} INFO - Started process (PID=73839) to work on /Users/harshasogala/financial-data-platform/venv/lib/python3.12/site-packages/airflow/example_dags/example_branch_day_of_week_operator.py
[2026-03-13T23:21:05.546+0100] {processor.py:830} INFO - Processing file /Users/harshasogala/financial-data-platform/venv/lib/python3.12/site-packages/airflow/example_dags/example_branch_day_of_week_operator.py for tasks to queue
[2026-03-13T23:21:05.546+0100] {logging_mixin.py:188} INFO - [2026-03-13T23:21:05.546+0100] {dagbag.py:545} INFO - Filling up the DagBag from /Users/harshasogala/financial-data-platform/venv/lib/python3.12/site-packages/airflow/example_dags/example_branch_day_of_week_operator.py
[2026-03-13T23:21:05.553+0100] {processor.py:840} INFO - DAG(s) 'example_weekday_branch_operator' retrieved from /Users/harshasogala/financial-data-platform/venv/lib/python3.12/site-packages/airflow/example_dags/example_branch_day_of_week_operator.py
[2026-03-13T23:21:05.607+0100] {logging_mixin.py:188} INFO - [2026-03-13T23:21:05.607+0100] {dag.py:3089} INFO - Sync 1 DAGs
[2026-03-13T23:21:05.616+0100] {logging_mixin.py:188} INFO - [2026-03-13T23:21:05.616+0100] {dag.py:3947} INFO - Setting next_dagrun for example_weekday_branch_operator to 2026-03-12 00:00:00+00:00, run_after=2026-03-13 00:00:00+00:00
[2026-03-13T23:21:05.627+0100] {processor.py:183} INFO - Processing /Users/harshasogala/financial-data-platform/venv/lib/python3.12/site-packages/airflow/example_dags/example_branch_day_of_week_operator.py took 0.085 seconds
[2026-03-13T23:22:18.571+0100] {processor.py:161} INFO - Started process (PID=73915) to work on /Users/harshasogala/financial-data-platform/venv/lib/python3.12/site-packages/airflow/example_dags/example_branch_day_of_week_operator.py
[2026-03-13T23:22:18.572+0100] {processor.py:830} INFO - Processing file /Users/harshasogala/financial-data-platform/venv/lib/python3.12/site-packages/airflow/example_dags/example_branch_day_of_week_operator.py for tasks to queue
[2026-03-13T23:22:18.573+0100] {logging_mixin.py:188} INFO - [2026-03-13T23:22:18.573+0100] {dagbag.py:545} INFO - Filling up the DagBag from /Users/harshasogala/financial-data-platform/venv/lib/python3.12/site-packages/airflow/example_dags/example_branch_day_of_week_operator.py
[2026-03-13T23:22:18.579+0100] {processor.py:840} INFO - DAG(s) 'example_weekday_branch_operator' retrieved from /Users/harshasogala/financial-data-platform/venv/lib/python3.12/site-packages/airflow/example_dags/example_branch_day_of_week_operator.py
[2026-03-13T23:22:18.634+0100] {logging_mixin.py:188} INFO - [2026-03-13T23:22:18.634+0100] {dag.py:3089} INFO - Sync 1 DAGs
[2026-03-13T23:22:18.643+0100] {logging_mixin.py:188} INFO - [2026-03-13T23:22:18.643+0100] {dag.py:3947} INFO - Setting next_dagrun for example_weekday_branch_operator to 2026-03-12 00:00:00+00:00, run_after=2026-03-13 00:00:00+00:00
[2026-03-13T23:22:18.654+0100] {processor.py:183} INFO - Processing /Users/harshasogala/financial-data-platform/venv/lib/python3.12/site-packages/airflow/example_dags/example_branch_day_of_week_operator.py took 0.085 seconds
[2026-03-13T23:23:33.905+0100] {processor.py:161} INFO - Started process (PID=73979) to work on /Users/harshasogala/financial-data-platform/venv/lib/python3.12/site-packages/airflow/example_dags/example_branch_day_of_week_operator.py
[2026-03-13T23:23:33.906+0100] {processor.py:830} INFO - Processing file /Users/harshasogala/financial-data-platform/venv/lib/python3.12/site-packages/airflow/example_dags/example_branch_day_of_week_operator.py for tasks to queue
[2026-03-13T23:23:33.906+0100] {logging_mixin.py:188} INFO - [2026-03-13T23:23:33.906+0100] {dagbag.py:545} INFO - Filling up the DagBag from /Users/harshasogala/financial-data-platform/venv/lib/python3.12/site-packages/airflow/example_dags/example_branch_day_of_week_operator.py
[2026-03-13T23:23:33.913+0100] {processor.py:840} INFO - DAG(s) 'example_weekday_branch_operator' retrieved from /Users/harshasogala/financial-data-platform/venv/lib/python3.12/site-packages/airflow/example_dags/example_branch_day_of_week_operator.py
[2026-03-13T23:23:33.968+0100] {logging_mixin.py:188} INFO - [2026-03-13T23:23:33.968+0100] {dag.py:3089} INFO - Sync 1 DAGs
[2026-03-13T23:23:33.977+0100] {logging_mixin.py:188} INFO - [2026-03-13T23:23:33.977+0100] {dag.py:3947} INFO - Setting next_dagrun for example_weekday_branch_operator to 2026-03-12 00:00:00+00:00, run_after=2026-03-13 00:00:00+00:00
[2026-03-13T23:23:33.989+0100] {processor.py:183} INFO - Processing /Users/harshasogala/financial-data-platform/venv/lib/python3.12/site-packages/airflow/example_dags/example_branch_day_of_week_operator.py took 0.086 seconds
[2026-03-13T23:24:48.156+0100] {processor.py:161} INFO - Started process (PID=74037) to work on /Users/harshasogala/financial-data-platform/venv/lib/python3.12/site-packages/airflow/example_dags/example_branch_day_of_week_operator.py
[2026-03-13T23:24:48.157+0100] {processor.py:830} INFO - Processing file /Users/harshasogala/financial-data-platform/venv/lib/python3.12/site-packages/airflow/example_dags/example_branch_day_of_week_operator.py for tasks to queue
[2026-03-13T23:24:48.158+0100] {logging_mixin.py:188} INFO - [2026-03-13T23:24:48.158+0100] {dagbag.py:545} INFO - Filling up the DagBag from /Users/harshasogala/financial-data-platform/venv/lib/python3.12/site-packages/airflow/example_dags/example_branch_day_of_week_operator.py
[2026-03-13T23:24:48.165+0100] {processor.py:840} INFO - DAG(s) 'example_weekday_branch_operator' retrieved from /Users/harshasogala/financial-data-platform/venv/lib/python3.12/site-packages/airflow/example_dags/example_branch_day_of_week_operator.py
[2026-03-13T23:24:48.219+0100] {logging_mixin.py:188} INFO - [2026-03-13T23:24:48.219+0100] {dag.py:3089} INFO - Sync 1 DAGs
[2026-03-13T23:24:48.229+0100] {logging_mixin.py:188} INFO - [2026-03-13T23:24:48.229+0100] {dag.py:3947} INFO - Setting next_dagrun for example_weekday_branch_operator to 2026-03-12 00:00:00+00:00, run_after=2026-03-13 00:00:00+00:00
[2026-03-13T23:24:48.240+0100] {processor.py:183} INFO - Processing /Users/harshasogala/financial-data-platform/venv/lib/python3.12/site-packages/airflow/example_dags/example_branch_day_of_week_operator.py took 0.086 seconds
[2026-03-13T23:26:07.009+0100] {processor.py:161} INFO - Started process (PID=74097) to work on /Users/harshasogala/financial-data-platform/venv/lib/python3.12/site-packages/airflow/example_dags/example_branch_day_of_week_operator.py
[2026-03-13T23:26:07.010+0100] {processor.py:830} INFO - Processing file /Users/harshasogala/financial-data-platform/venv/lib/python3.12/site-packages/airflow/example_dags/example_branch_day_of_week_operator.py for tasks to queue
[2026-03-13T23:26:07.010+0100] {logging_mixin.py:188} INFO - [2026-03-13T23:26:07.010+0100] {dagbag.py:545} INFO - Filling up the DagBag from /Users/harshasogala/financial-data-platform/venv/lib/python3.12/site-packages/airflow/example_dags/example_branch_day_of_week_operator.py
[2026-03-13T23:26:07.017+0100] {processor.py:840} INFO - DAG(s) 'example_weekday_branch_operator' retrieved from /Users/harshasogala/financial-data-platform/venv/lib/python3.12/site-packages/airflow/example_dags/example_branch_day_of_week_operator.py
[2026-03-13T23:26:07.074+0100] {logging_mixin.py:188} INFO - [2026-03-13T23:26:07.073+0100] {dag.py:3089} INFO - Sync 1 DAGs
[2026-03-13T23:26:07.084+0100] {logging_mixin.py:188} INFO - [2026-03-13T23:26:07.084+0100] {dag.py:3947} INFO - Setting next_dagrun for example_weekday_branch_operator to 2026-03-12 00:00:00+00:00, run_after=2026-03-13 00:00:00+00:00
[2026-03-13T23:26:07.097+0100] {processor.py:183} INFO - Processing /Users/harshasogala/financial-data-platform/venv/lib/python3.12/site-packages/airflow/example_dags/example_branch_day_of_week_operator.py took 0.090 seconds
[2026-03-13T23:27:21.591+0100] {processor.py:161} INFO - Started process (PID=74166) to work on /Users/harshasogala/financial-data-platform/venv/lib/python3.12/site-packages/airflow/example_dags/example_branch_day_of_week_operator.py
[2026-03-13T23:27:21.592+0100] {processor.py:830} INFO - Processing file /Users/harshasogala/financial-data-platform/venv/lib/python3.12/site-packages/airflow/example_dags/example_branch_day_of_week_operator.py for tasks to queue
[2026-03-13T23:27:21.592+0100] {logging_mixin.py:188} INFO - [2026-03-13T23:27:21.592+0100] {dagbag.py:545} INFO - Filling up the DagBag from /Users/harshasogala/financial-data-platform/venv/lib/python3.12/site-packages/airflow/example_dags/example_branch_day_of_week_operator.py
[2026-03-13T23:27:21.600+0100] {processor.py:840} INFO - DAG(s) 'example_weekday_branch_operator' retrieved from /Users/harshasogala/financial-data-platform/venv/lib/python3.12/site-packages/airflow/example_dags/example_branch_day_of_week_operator.py
[2026-03-13T23:27:21.656+0100] {logging_mixin.py:188} INFO - [2026-03-13T23:27:21.656+0100] {dag.py:3089} INFO - Sync 1 DAGs
[2026-03-13T23:27:21.667+0100] {logging_mixin.py:188} INFO - [2026-03-13T23:27:21.667+0100] {dag.py:3947} INFO - Setting next_dagrun for example_weekday_branch_operator to 2026-03-12 00:00:00+00:00, run_after=2026-03-13 00:00:00+00:00
[2026-03-13T23:27:21.678+0100] {processor.py:183} INFO - Processing /Users/harshasogala/financial-data-platform/venv/lib/python3.12/site-packages/airflow/example_dags/example_branch_day_of_week_operator.py took 0.089 seconds
[2026-03-13T23:28:41.953+0100] {processor.py:161} INFO - Started process (PID=74259) to work on /Users/harshasogala/financial-data-platform/venv/lib/python3.12/site-packages/airflow/example_dags/example_branch_day_of_week_operator.py
[2026-03-13T23:28:41.954+0100] {processor.py:830} INFO - Processing file /Users/harshasogala/financial-data-platform/venv/lib/python3.12/site-packages/airflow/example_dags/example_branch_day_of_week_operator.py for tasks to queue
[2026-03-13T23:28:41.955+0100] {logging_mixin.py:188} INFO - [2026-03-13T23:28:41.954+0100] {dagbag.py:545} INFO - Filling up the DagBag from /Users/harshasogala/financial-data-platform/venv/lib/python3.12/site-packages/airflow/example_dags/example_branch_day_of_week_operator.py
[2026-03-13T23:28:41.961+0100] {processor.py:840} INFO - DAG(s) 'example_weekday_branch_operator' retrieved from /Users/harshasogala/financial-data-platform/venv/lib/python3.12/site-packages/airflow/example_dags/example_branch_day_of_week_operator.py
[2026-03-13T23:28:42.016+0100] {logging_mixin.py:188} INFO - [2026-03-13T23:28:42.016+0100] {dag.py:3089} INFO - Sync 1 DAGs
[2026-03-13T23:28:42.025+0100] {logging_mixin.py:188} INFO - [2026-03-13T23:28:42.025+0100] {dag.py:3947} INFO - Setting next_dagrun for example_weekday_branch_operator to 2026-03-12 00:00:00+00:00, run_after=2026-03-13 00:00:00+00:00
[2026-03-13T23:28:42.037+0100] {processor.py:183} INFO - Processing /Users/harshasogala/financial-data-platform/venv/lib/python3.12/site-packages/airflow/example_dags/example_branch_day_of_week_operator.py took 0.085 seconds
[2026-03-13T23:29:55.742+0100] {processor.py:161} INFO - Started process (PID=74317) to work on /Users/harshasogala/financial-data-platform/venv/lib/python3.12/site-packages/airflow/example_dags/example_branch_day_of_week_operator.py
[2026-03-13T23:29:55.743+0100] {processor.py:830} INFO - Processing file /Users/harshasogala/financial-data-platform/venv/lib/python3.12/site-packages/airflow/example_dags/example_branch_day_of_week_operator.py for tasks to queue
[2026-03-13T23:29:55.743+0100] {logging_mixin.py:188} INFO - [2026-03-13T23:29:55.743+0100] {dagbag.py:545} INFO - Filling up the DagBag from /Users/harshasogala/financial-data-platform/venv/lib/python3.12/site-packages/airflow/example_dags/example_branch_day_of_week_operator.py
[2026-03-13T23:29:55.750+0100] {processor.py:840} INFO - DAG(s) 'example_weekday_branch_operator' retrieved from /Users/harshasogala/financial-data-platform/venv/lib/python3.12/site-packages/airflow/example_dags/example_branch_day_of_week_operator.py
[2026-03-13T23:29:55.804+0100] {logging_mixin.py:188} INFO - [2026-03-13T23:29:55.804+0100] {dag.py:3089} INFO - Sync 1 DAGs
[2026-03-13T23:29:55.813+0100] {logging_mixin.py:188} INFO - [2026-03-13T23:29:55.813+0100] {dag.py:3947} INFO - Setting next_dagrun for example_weekday_branch_operator to 2026-03-12 00:00:00+00:00, run_after=2026-03-13 00:00:00+00:00
[2026-03-13T23:29:55.827+0100] {processor.py:183} INFO - Processing /Users/harshasogala/financial-data-platform/venv/lib/python3.12/site-packages/airflow/example_dags/example_branch_day_of_week_operator.py took 0.087 seconds
[2026-03-13T23:31:15.196+0100] {processor.py:161} INFO - Started process (PID=74614) to work on /Users/harshasogala/financial-data-platform/venv/lib/python3.12/site-packages/airflow/example_dags/example_branch_day_of_week_operator.py
[2026-03-13T23:31:15.197+0100] {processor.py:830} INFO - Processing file /Users/harshasogala/financial-data-platform/venv/lib/python3.12/site-packages/airflow/example_dags/example_branch_day_of_week_operator.py for tasks to queue
[2026-03-13T23:31:15.198+0100] {logging_mixin.py:188} INFO - [2026-03-13T23:31:15.197+0100] {dagbag.py:545} INFO - Filling up the DagBag from /Users/harshasogala/financial-data-platform/venv/lib/python3.12/site-packages/airflow/example_dags/example_branch_day_of_week_operator.py
[2026-03-13T23:31:15.204+0100] {processor.py:840} INFO - DAG(s) 'example_weekday_branch_operator' retrieved from /Users/harshasogala/financial-data-platform/venv/lib/python3.12/site-packages/airflow/example_dags/example_branch_day_of_week_operator.py
[2026-03-13T23:31:15.259+0100] {logging_mixin.py:188} INFO - [2026-03-13T23:31:15.259+0100] {dag.py:3089} INFO - Sync 1 DAGs
[2026-03-13T23:31:15.269+0100] {logging_mixin.py:188} INFO - [2026-03-13T23:31:15.268+0100] {dag.py:3947} INFO - Setting next_dagrun for example_weekday_branch_operator to 2026-03-12 00:00:00+00:00, run_after=2026-03-13 00:00:00+00:00
[2026-03-13T23:31:15.280+0100] {processor.py:183} INFO - Processing /Users/harshasogala/financial-data-platform/venv/lib/python3.12/site-packages/airflow/example_dags/example_branch_day_of_week_operator.py took 0.086 seconds
[2026-03-13T23:32:31.023+0100] {processor.py:161} INFO - Started process (PID=74953) to work on /Users/harshasogala/financial-data-platform/venv/lib/python3.12/site-packages/airflow/example_dags/example_branch_day_of_week_operator.py
[2026-03-13T23:32:31.024+0100] {processor.py:830} INFO - Processing file /Users/harshasogala/financial-data-platform/venv/lib/python3.12/site-packages/airflow/example_dags/example_branch_day_of_week_operator.py for tasks to queue
[2026-03-13T23:32:31.024+0100] {logging_mixin.py:188} INFO - [2026-03-13T23:32:31.024+0100] {dagbag.py:545} INFO - Filling up the DagBag from /Users/harshasogala/financial-data-platform/venv/lib/python3.12/site-packages/airflow/example_dags/example_branch_day_of_week_operator.py
[2026-03-13T23:32:31.031+0100] {processor.py:840} INFO - DAG(s) 'example_weekday_branch_operator' retrieved from /Users/harshasogala/financial-data-platform/venv/lib/python3.12/site-packages/airflow/example_dags/example_branch_day_of_week_operator.py
[2026-03-13T23:32:31.087+0100] {logging_mixin.py:188} INFO - [2026-03-13T23:32:31.086+0100] {dag.py:3089} INFO - Sync 1 DAGs
[2026-03-13T23:32:31.096+0100] {logging_mixin.py:188} INFO - [2026-03-13T23:32:31.096+0100] {dag.py:3947} INFO - Setting next_dagrun for example_weekday_branch_operator to 2026-03-12 00:00:00+00:00, run_after=2026-03-13 00:00:00+00:00
[2026-03-13T23:32:31.109+0100] {processor.py:183} INFO - Processing /Users/harshasogala/financial-data-platform/venv/lib/python3.12/site-packages/airflow/example_dags/example_branch_day_of_week_operator.py took 0.087 seconds
