[2026-03-13T22:18:11.841+0100] {processor.py:161} INFO - Started process (PID=65492) to work on /Users/harshasogala/financial-data-platform/venv/lib/python3.12/site-packages/airflow/example_dags/example_task_group_decorator.py
[2026-03-13T22:18:11.841+0100] {processor.py:830} INFO - Processing file /Users/harshasogala/financial-data-platform/venv/lib/python3.12/site-packages/airflow/example_dags/example_task_group_decorator.py for tasks to queue
[2026-03-13T22:18:11.842+0100] {logging_mixin.py:188} INFO - [2026-03-13T22:18:11.842+0100] {dagbag.py:545} INFO - Filling up the DagBag from /Users/harshasogala/financial-data-platform/venv/lib/python3.12/site-packages/airflow/example_dags/example_task_group_decorator.py
[2026-03-13T22:18:11.869+0100] {processor.py:840} INFO - DAG(s) 'example_task_group_decorator' retrieved from /Users/harshasogala/financial-data-platform/venv/lib/python3.12/site-packages/airflow/example_dags/example_task_group_decorator.py
[2026-03-13T22:18:11.973+0100] {logging_mixin.py:188} INFO - [2026-03-13T22:18:11.972+0100] {override.py:1858} INFO - Created Permission View: can edit on DAG:example_task_group_decorator
[2026-03-13T22:18:11.977+0100] {logging_mixin.py:188} INFO - [2026-03-13T22:18:11.977+0100] {override.py:1858} INFO - Created Permission View: can delete on DAG:example_task_group_decorator
[2026-03-13T22:18:11.980+0100] {logging_mixin.py:188} INFO - [2026-03-13T22:18:11.980+0100] {override.py:1858} INFO - Created Permission View: can read on DAG:example_task_group_decorator
[2026-03-13T22:18:11.981+0100] {logging_mixin.py:188} INFO - [2026-03-13T22:18:11.981+0100] {dag.py:3089} INFO - Sync 1 DAGs
[2026-03-13T22:18:11.986+0100] {logging_mixin.py:188} INFO - [2026-03-13T22:18:11.986+0100] {dag.py:3111} INFO - Creating ORM DAG for example_task_group_decorator
[2026-03-13T22:18:11.993+0100] {logging_mixin.py:188} INFO - [2026-03-13T22:18:11.993+0100] {dag.py:3947} INFO - Setting next_dagrun for example_task_group_decorator to 2026-03-12 00:00:00+00:00, run_after=2026-03-13 00:00:00+00:00
[2026-03-13T22:18:12.039+0100] {processor.py:183} INFO - Processing /Users/harshasogala/financial-data-platform/venv/lib/python3.12/site-packages/airflow/example_dags/example_task_group_decorator.py took 0.199 seconds
[2026-03-13T22:20:01.046+0100] {processor.py:161} INFO - Started process (PID=66078) to work on /Users/harshasogala/financial-data-platform/venv/lib/python3.12/site-packages/airflow/example_dags/example_task_group_decorator.py
[2026-03-13T22:20:01.047+0100] {processor.py:830} INFO - Processing file /Users/harshasogala/financial-data-platform/venv/lib/python3.12/site-packages/airflow/example_dags/example_task_group_decorator.py for tasks to queue
[2026-03-13T22:20:01.048+0100] {logging_mixin.py:188} INFO - [2026-03-13T22:20:01.047+0100] {dagbag.py:545} INFO - Filling up the DagBag from /Users/harshasogala/financial-data-platform/venv/lib/python3.12/site-packages/airflow/example_dags/example_task_group_decorator.py
[2026-03-13T22:20:01.074+0100] {processor.py:840} INFO - DAG(s) 'example_task_group_decorator' retrieved from /Users/harshasogala/financial-data-platform/venv/lib/python3.12/site-packages/airflow/example_dags/example_task_group_decorator.py
[2026-03-13T22:20:01.130+0100] {logging_mixin.py:188} INFO - [2026-03-13T22:20:01.130+0100] {dag.py:3089} INFO - Sync 1 DAGs
[2026-03-13T22:20:01.140+0100] {logging_mixin.py:188} INFO - [2026-03-13T22:20:01.140+0100] {dag.py:3947} INFO - Setting next_dagrun for example_task_group_decorator to 2026-03-12 00:00:00+00:00, run_after=2026-03-13 00:00:00+00:00
[2026-03-13T22:20:01.151+0100] {processor.py:183} INFO - Processing /Users/harshasogala/financial-data-platform/venv/lib/python3.12/site-packages/airflow/example_dags/example_task_group_decorator.py took 0.106 seconds
[2026-03-13T22:21:19.524+0100] {processor.py:161} INFO - Started process (PID=66151) to work on /Users/harshasogala/financial-data-platform/venv/lib/python3.12/site-packages/airflow/example_dags/example_task_group_decorator.py
[2026-03-13T22:21:19.525+0100] {processor.py:830} INFO - Processing file /Users/harshasogala/financial-data-platform/venv/lib/python3.12/site-packages/airflow/example_dags/example_task_group_decorator.py for tasks to queue
[2026-03-13T22:21:19.526+0100] {logging_mixin.py:188} INFO - [2026-03-13T22:21:19.526+0100] {dagbag.py:545} INFO - Filling up the DagBag from /Users/harshasogala/financial-data-platform/venv/lib/python3.12/site-packages/airflow/example_dags/example_task_group_decorator.py
[2026-03-13T22:21:19.554+0100] {processor.py:840} INFO - DAG(s) 'example_task_group_decorator' retrieved from /Users/harshasogala/financial-data-platform/venv/lib/python3.12/site-packages/airflow/example_dags/example_task_group_decorator.py
[2026-03-13T22:21:19.612+0100] {logging_mixin.py:188} INFO - [2026-03-13T22:21:19.611+0100] {dag.py:3089} INFO - Sync 1 DAGs
[2026-03-13T22:21:19.621+0100] {logging_mixin.py:188} INFO - [2026-03-13T22:21:19.620+0100] {dag.py:3947} INFO - Setting next_dagrun for example_task_group_decorator to 2026-03-12 00:00:00+00:00, run_after=2026-03-13 00:00:00+00:00
[2026-03-13T22:21:19.633+0100] {processor.py:183} INFO - Processing /Users/harshasogala/financial-data-platform/venv/lib/python3.12/site-packages/airflow/example_dags/example_task_group_decorator.py took 0.111 seconds
[2026-03-13T22:27:44.622+0100] {processor.py:161} INFO - Started process (PID=67228) to work on /Users/harshasogala/financial-data-platform/venv/lib/python3.12/site-packages/airflow/example_dags/example_task_group_decorator.py
[2026-03-13T22:27:44.623+0100] {processor.py:830} INFO - Processing file /Users/harshasogala/financial-data-platform/venv/lib/python3.12/site-packages/airflow/example_dags/example_task_group_decorator.py for tasks to queue
[2026-03-13T22:27:44.624+0100] {logging_mixin.py:188} INFO - [2026-03-13T22:27:44.624+0100] {dagbag.py:545} INFO - Filling up the DagBag from /Users/harshasogala/financial-data-platform/venv/lib/python3.12/site-packages/airflow/example_dags/example_task_group_decorator.py
[2026-03-13T22:27:44.659+0100] {processor.py:840} INFO - DAG(s) 'example_task_group_decorator' retrieved from /Users/harshasogala/financial-data-platform/venv/lib/python3.12/site-packages/airflow/example_dags/example_task_group_decorator.py
[2026-03-13T22:27:44.771+0100] {logging_mixin.py:188} INFO - [2026-03-13T22:27:44.770+0100] {dag.py:3089} INFO - Sync 1 DAGs
[2026-03-13T22:27:44.789+0100] {logging_mixin.py:188} INFO - [2026-03-13T22:27:44.789+0100] {dag.py:3947} INFO - Setting next_dagrun for example_task_group_decorator to 2026-03-12 00:00:00+00:00, run_after=2026-03-13 00:00:00+00:00
[2026-03-13T22:27:44.808+0100] {processor.py:183} INFO - Processing /Users/harshasogala/financial-data-platform/venv/lib/python3.12/site-packages/airflow/example_dags/example_task_group_decorator.py took 0.189 seconds
[2026-03-13T22:29:13.449+0100] {processor.py:161} INFO - Started process (PID=67371) to work on /Users/harshasogala/financial-data-platform/venv/lib/python3.12/site-packages/airflow/example_dags/example_task_group_decorator.py
[2026-03-13T22:29:13.451+0100] {processor.py:830} INFO - Processing file /Users/harshasogala/financial-data-platform/venv/lib/python3.12/site-packages/airflow/example_dags/example_task_group_decorator.py for tasks to queue
[2026-03-13T22:29:13.451+0100] {logging_mixin.py:188} INFO - [2026-03-13T22:29:13.451+0100] {dagbag.py:545} INFO - Filling up the DagBag from /Users/harshasogala/financial-data-platform/venv/lib/python3.12/site-packages/airflow/example_dags/example_task_group_decorator.py
[2026-03-13T22:29:13.479+0100] {processor.py:840} INFO - DAG(s) 'example_task_group_decorator' retrieved from /Users/harshasogala/financial-data-platform/venv/lib/python3.12/site-packages/airflow/example_dags/example_task_group_decorator.py
[2026-03-13T22:29:13.535+0100] {logging_mixin.py:188} INFO - [2026-03-13T22:29:13.535+0100] {dag.py:3089} INFO - Sync 1 DAGs
[2026-03-13T22:29:13.544+0100] {logging_mixin.py:188} INFO - [2026-03-13T22:29:13.544+0100] {dag.py:3947} INFO - Setting next_dagrun for example_task_group_decorator to 2026-03-12 00:00:00+00:00, run_after=2026-03-13 00:00:00+00:00
[2026-03-13T22:29:13.556+0100] {processor.py:183} INFO - Processing /Users/harshasogala/financial-data-platform/venv/lib/python3.12/site-packages/airflow/example_dags/example_task_group_decorator.py took 0.108 seconds
[2026-03-13T22:30:19.798+0100] {processor.py:161} INFO - Started process (PID=67503) to work on /Users/harshasogala/financial-data-platform/venv/lib/python3.12/site-packages/airflow/example_dags/example_task_group_decorator.py
[2026-03-13T22:30:19.798+0100] {processor.py:830} INFO - Processing file /Users/harshasogala/financial-data-platform/venv/lib/python3.12/site-packages/airflow/example_dags/example_task_group_decorator.py for tasks to queue
[2026-03-13T22:30:19.799+0100] {logging_mixin.py:188} INFO - [2026-03-13T22:30:19.799+0100] {dagbag.py:545} INFO - Filling up the DagBag from /Users/harshasogala/financial-data-platform/venv/lib/python3.12/site-packages/airflow/example_dags/example_task_group_decorator.py
[2026-03-13T22:30:19.825+0100] {processor.py:840} INFO - DAG(s) 'example_task_group_decorator' retrieved from /Users/harshasogala/financial-data-platform/venv/lib/python3.12/site-packages/airflow/example_dags/example_task_group_decorator.py
[2026-03-13T22:30:19.880+0100] {logging_mixin.py:188} INFO - [2026-03-13T22:30:19.879+0100] {dag.py:3089} INFO - Sync 1 DAGs
[2026-03-13T22:30:19.888+0100] {logging_mixin.py:188} INFO - [2026-03-13T22:30:19.888+0100] {dag.py:3947} INFO - Setting next_dagrun for example_task_group_decorator to 2026-03-12 00:00:00+00:00, run_after=2026-03-13 00:00:00+00:00
[2026-03-13T22:30:19.899+0100] {processor.py:183} INFO - Processing /Users/harshasogala/financial-data-platform/venv/lib/python3.12/site-packages/airflow/example_dags/example_task_group_decorator.py took 0.104 seconds
[2026-03-13T22:31:32.300+0100] {processor.py:161} INFO - Started process (PID=68226) to work on /Users/harshasogala/financial-data-platform/venv/lib/python3.12/site-packages/airflow/example_dags/example_task_group_decorator.py
[2026-03-13T22:31:32.301+0100] {processor.py:830} INFO - Processing file /Users/harshasogala/financial-data-platform/venv/lib/python3.12/site-packages/airflow/example_dags/example_task_group_decorator.py for tasks to queue
[2026-03-13T22:31:32.301+0100] {logging_mixin.py:188} INFO - [2026-03-13T22:31:32.301+0100] {dagbag.py:545} INFO - Filling up the DagBag from /Users/harshasogala/financial-data-platform/venv/lib/python3.12/site-packages/airflow/example_dags/example_task_group_decorator.py
[2026-03-13T22:31:32.332+0100] {processor.py:840} INFO - DAG(s) 'example_task_group_decorator' retrieved from /Users/harshasogala/financial-data-platform/venv/lib/python3.12/site-packages/airflow/example_dags/example_task_group_decorator.py
[2026-03-13T22:31:32.465+0100] {logging_mixin.py:188} INFO - [2026-03-13T22:31:32.463+0100] {dag.py:3089} INFO - Sync 1 DAGs
[2026-03-13T22:31:32.496+0100] {logging_mixin.py:188} INFO - [2026-03-13T22:31:32.495+0100] {dag.py:3947} INFO - Setting next_dagrun for example_task_group_decorator to 2026-03-12 00:00:00+00:00, run_after=2026-03-13 00:00:00+00:00
[2026-03-13T22:31:32.522+0100] {processor.py:183} INFO - Processing /Users/harshasogala/financial-data-platform/venv/lib/python3.12/site-packages/airflow/example_dags/example_task_group_decorator.py took 0.225 seconds
[2026-03-13T22:32:53.933+0100] {processor.py:161} INFO - Started process (PID=68835) to work on /Users/harshasogala/financial-data-platform/venv/lib/python3.12/site-packages/airflow/example_dags/example_task_group_decorator.py
[2026-03-13T22:32:53.934+0100] {processor.py:830} INFO - Processing file /Users/harshasogala/financial-data-platform/venv/lib/python3.12/site-packages/airflow/example_dags/example_task_group_decorator.py for tasks to queue
[2026-03-13T22:32:53.934+0100] {logging_mixin.py:188} INFO - [2026-03-13T22:32:53.934+0100] {dagbag.py:545} INFO - Filling up the DagBag from /Users/harshasogala/financial-data-platform/venv/lib/python3.12/site-packages/airflow/example_dags/example_task_group_decorator.py
[2026-03-13T22:32:53.965+0100] {processor.py:840} INFO - DAG(s) 'example_task_group_decorator' retrieved from /Users/harshasogala/financial-data-platform/venv/lib/python3.12/site-packages/airflow/example_dags/example_task_group_decorator.py
[2026-03-13T22:32:54.063+0100] {logging_mixin.py:188} INFO - [2026-03-13T22:32:54.062+0100] {dag.py:3089} INFO - Sync 1 DAGs
[2026-03-13T22:32:54.072+0100] {logging_mixin.py:188} INFO - [2026-03-13T22:32:54.072+0100] {dag.py:3947} INFO - Setting next_dagrun for example_task_group_decorator to 2026-03-12 00:00:00+00:00, run_after=2026-03-13 00:00:00+00:00
[2026-03-13T22:32:54.083+0100] {processor.py:183} INFO - Processing /Users/harshasogala/financial-data-platform/venv/lib/python3.12/site-packages/airflow/example_dags/example_task_group_decorator.py took 0.152 seconds
[2026-03-13T22:34:15.160+0100] {processor.py:161} INFO - Started process (PID=69178) to work on /Users/harshasogala/financial-data-platform/venv/lib/python3.12/site-packages/airflow/example_dags/example_task_group_decorator.py
[2026-03-13T22:34:15.161+0100] {processor.py:830} INFO - Processing file /Users/harshasogala/financial-data-platform/venv/lib/python3.12/site-packages/airflow/example_dags/example_task_group_decorator.py for tasks to queue
[2026-03-13T22:34:15.162+0100] {logging_mixin.py:188} INFO - [2026-03-13T22:34:15.161+0100] {dagbag.py:545} INFO - Filling up the DagBag from /Users/harshasogala/financial-data-platform/venv/lib/python3.12/site-packages/airflow/example_dags/example_task_group_decorator.py
[2026-03-13T22:34:15.188+0100] {processor.py:840} INFO - DAG(s) 'example_task_group_decorator' retrieved from /Users/harshasogala/financial-data-platform/venv/lib/python3.12/site-packages/airflow/example_dags/example_task_group_decorator.py
[2026-03-13T22:34:15.280+0100] {logging_mixin.py:188} INFO - [2026-03-13T22:34:15.279+0100] {dag.py:3089} INFO - Sync 1 DAGs
[2026-03-13T22:34:15.289+0100] {logging_mixin.py:188} INFO - [2026-03-13T22:34:15.289+0100] {dag.py:3947} INFO - Setting next_dagrun for example_task_group_decorator to 2026-03-12 00:00:00+00:00, run_after=2026-03-13 00:00:00+00:00
[2026-03-13T22:34:15.300+0100] {processor.py:183} INFO - Processing /Users/harshasogala/financial-data-platform/venv/lib/python3.12/site-packages/airflow/example_dags/example_task_group_decorator.py took 0.141 seconds
[2026-03-13T22:35:30.639+0100] {processor.py:161} INFO - Started process (PID=69239) to work on /Users/harshasogala/financial-data-platform/venv/lib/python3.12/site-packages/airflow/example_dags/example_task_group_decorator.py
[2026-03-13T22:35:30.640+0100] {processor.py:830} INFO - Processing file /Users/harshasogala/financial-data-platform/venv/lib/python3.12/site-packages/airflow/example_dags/example_task_group_decorator.py for tasks to queue
[2026-03-13T22:35:30.640+0100] {logging_mixin.py:188} INFO - [2026-03-13T22:35:30.640+0100] {dagbag.py:545} INFO - Filling up the DagBag from /Users/harshasogala/financial-data-platform/venv/lib/python3.12/site-packages/airflow/example_dags/example_task_group_decorator.py
[2026-03-13T22:35:30.666+0100] {processor.py:840} INFO - DAG(s) 'example_task_group_decorator' retrieved from /Users/harshasogala/financial-data-platform/venv/lib/python3.12/site-packages/airflow/example_dags/example_task_group_decorator.py
[2026-03-13T22:35:30.756+0100] {logging_mixin.py:188} INFO - [2026-03-13T22:35:30.756+0100] {dag.py:3089} INFO - Sync 1 DAGs
[2026-03-13T22:35:30.766+0100] {logging_mixin.py:188} INFO - [2026-03-13T22:35:30.766+0100] {dag.py:3947} INFO - Setting next_dagrun for example_task_group_decorator to 2026-03-12 00:00:00+00:00, run_after=2026-03-13 00:00:00+00:00
[2026-03-13T22:35:30.776+0100] {processor.py:183} INFO - Processing /Users/harshasogala/financial-data-platform/venv/lib/python3.12/site-packages/airflow/example_dags/example_task_group_decorator.py took 0.139 seconds
[2026-03-13T22:36:44.607+0100] {processor.py:161} INFO - Started process (PID=69317) to work on /Users/harshasogala/financial-data-platform/venv/lib/python3.12/site-packages/airflow/example_dags/example_task_group_decorator.py
[2026-03-13T22:36:44.609+0100] {processor.py:830} INFO - Processing file /Users/harshasogala/financial-data-platform/venv/lib/python3.12/site-packages/airflow/example_dags/example_task_group_decorator.py for tasks to queue
[2026-03-13T22:36:44.609+0100] {logging_mixin.py:188} INFO - [2026-03-13T22:36:44.609+0100] {dagbag.py:545} INFO - Filling up the DagBag from /Users/harshasogala/financial-data-platform/venv/lib/python3.12/site-packages/airflow/example_dags/example_task_group_decorator.py
[2026-03-13T22:36:44.641+0100] {processor.py:840} INFO - DAG(s) 'example_task_group_decorator' retrieved from /Users/harshasogala/financial-data-platform/venv/lib/python3.12/site-packages/airflow/example_dags/example_task_group_decorator.py
[2026-03-13T22:36:44.732+0100] {logging_mixin.py:188} INFO - [2026-03-13T22:36:44.732+0100] {dag.py:3089} INFO - Sync 1 DAGs
[2026-03-13T22:36:44.742+0100] {logging_mixin.py:188} INFO - [2026-03-13T22:36:44.742+0100] {dag.py:3947} INFO - Setting next_dagrun for example_task_group_decorator to 2026-03-12 00:00:00+00:00, run_after=2026-03-13 00:00:00+00:00
[2026-03-13T22:36:44.753+0100] {processor.py:183} INFO - Processing /Users/harshasogala/financial-data-platform/venv/lib/python3.12/site-packages/airflow/example_dags/example_task_group_decorator.py took 0.147 seconds
[2026-03-13T22:37:58.458+0100] {processor.py:161} INFO - Started process (PID=69375) to work on /Users/harshasogala/financial-data-platform/venv/lib/python3.12/site-packages/airflow/example_dags/example_task_group_decorator.py
[2026-03-13T22:37:58.459+0100] {processor.py:830} INFO - Processing file /Users/harshasogala/financial-data-platform/venv/lib/python3.12/site-packages/airflow/example_dags/example_task_group_decorator.py for tasks to queue
[2026-03-13T22:37:58.460+0100] {logging_mixin.py:188} INFO - [2026-03-13T22:37:58.460+0100] {dagbag.py:545} INFO - Filling up the DagBag from /Users/harshasogala/financial-data-platform/venv/lib/python3.12/site-packages/airflow/example_dags/example_task_group_decorator.py
[2026-03-13T22:37:58.486+0100] {processor.py:840} INFO - DAG(s) 'example_task_group_decorator' retrieved from /Users/harshasogala/financial-data-platform/venv/lib/python3.12/site-packages/airflow/example_dags/example_task_group_decorator.py
[2026-03-13T22:37:58.577+0100] {logging_mixin.py:188} INFO - [2026-03-13T22:37:58.577+0100] {dag.py:3089} INFO - Sync 1 DAGs
[2026-03-13T22:37:58.586+0100] {logging_mixin.py:188} INFO - [2026-03-13T22:37:58.586+0100] {dag.py:3947} INFO - Setting next_dagrun for example_task_group_decorator to 2026-03-12 00:00:00+00:00, run_after=2026-03-13 00:00:00+00:00
[2026-03-13T22:37:58.597+0100] {processor.py:183} INFO - Processing /Users/harshasogala/financial-data-platform/venv/lib/python3.12/site-packages/airflow/example_dags/example_task_group_decorator.py took 0.140 seconds
[2026-03-13T22:39:12.789+0100] {processor.py:161} INFO - Started process (PID=69444) to work on /Users/harshasogala/financial-data-platform/venv/lib/python3.12/site-packages/airflow/example_dags/example_task_group_decorator.py
[2026-03-13T22:39:12.790+0100] {processor.py:830} INFO - Processing file /Users/harshasogala/financial-data-platform/venv/lib/python3.12/site-packages/airflow/example_dags/example_task_group_decorator.py for tasks to queue
[2026-03-13T22:39:12.791+0100] {logging_mixin.py:188} INFO - [2026-03-13T22:39:12.790+0100] {dagbag.py:545} INFO - Filling up the DagBag from /Users/harshasogala/financial-data-platform/venv/lib/python3.12/site-packages/airflow/example_dags/example_task_group_decorator.py
[2026-03-13T22:39:12.817+0100] {processor.py:840} INFO - DAG(s) 'example_task_group_decorator' retrieved from /Users/harshasogala/financial-data-platform/venv/lib/python3.12/site-packages/airflow/example_dags/example_task_group_decorator.py
[2026-03-13T22:39:12.907+0100] {logging_mixin.py:188} INFO - [2026-03-13T22:39:12.907+0100] {dag.py:3089} INFO - Sync 1 DAGs
[2026-03-13T22:39:12.917+0100] {logging_mixin.py:188} INFO - [2026-03-13T22:39:12.917+0100] {dag.py:3947} INFO - Setting next_dagrun for example_task_group_decorator to 2026-03-12 00:00:00+00:00, run_after=2026-03-13 00:00:00+00:00
[2026-03-13T22:39:12.927+0100] {processor.py:183} INFO - Processing /Users/harshasogala/financial-data-platform/venv/lib/python3.12/site-packages/airflow/example_dags/example_task_group_decorator.py took 0.139 seconds
[2026-03-13T22:40:34.066+0100] {processor.py:161} INFO - Started process (PID=69665) to work on /Users/harshasogala/financial-data-platform/venv/lib/python3.12/site-packages/airflow/example_dags/example_task_group_decorator.py
[2026-03-13T22:40:34.067+0100] {processor.py:830} INFO - Processing file /Users/harshasogala/financial-data-platform/venv/lib/python3.12/site-packages/airflow/example_dags/example_task_group_decorator.py for tasks to queue
[2026-03-13T22:40:34.067+0100] {logging_mixin.py:188} INFO - [2026-03-13T22:40:34.067+0100] {dagbag.py:545} INFO - Filling up the DagBag from /Users/harshasogala/financial-data-platform/venv/lib/python3.12/site-packages/airflow/example_dags/example_task_group_decorator.py
[2026-03-13T22:40:34.093+0100] {processor.py:840} INFO - DAG(s) 'example_task_group_decorator' retrieved from /Users/harshasogala/financial-data-platform/venv/lib/python3.12/site-packages/airflow/example_dags/example_task_group_decorator.py
[2026-03-13T22:40:34.183+0100] {logging_mixin.py:188} INFO - [2026-03-13T22:40:34.182+0100] {dag.py:3089} INFO - Sync 1 DAGs
[2026-03-13T22:40:34.192+0100] {logging_mixin.py:188} INFO - [2026-03-13T22:40:34.192+0100] {dag.py:3947} INFO - Setting next_dagrun for example_task_group_decorator to 2026-03-12 00:00:00+00:00, run_after=2026-03-13 00:00:00+00:00
[2026-03-13T22:40:34.203+0100] {processor.py:183} INFO - Processing /Users/harshasogala/financial-data-platform/venv/lib/python3.12/site-packages/airflow/example_dags/example_task_group_decorator.py took 0.139 seconds
[2026-03-13T22:41:52.110+0100] {processor.py:161} INFO - Started process (PID=69724) to work on /Users/harshasogala/financial-data-platform/venv/lib/python3.12/site-packages/airflow/example_dags/example_task_group_decorator.py
[2026-03-13T22:41:52.111+0100] {processor.py:830} INFO - Processing file /Users/harshasogala/financial-data-platform/venv/lib/python3.12/site-packages/airflow/example_dags/example_task_group_decorator.py for tasks to queue
[2026-03-13T22:41:52.111+0100] {logging_mixin.py:188} INFO - [2026-03-13T22:41:52.111+0100] {dagbag.py:545} INFO - Filling up the DagBag from /Users/harshasogala/financial-data-platform/venv/lib/python3.12/site-packages/airflow/example_dags/example_task_group_decorator.py
[2026-03-13T22:41:52.138+0100] {processor.py:840} INFO - DAG(s) 'example_task_group_decorator' retrieved from /Users/harshasogala/financial-data-platform/venv/lib/python3.12/site-packages/airflow/example_dags/example_task_group_decorator.py
[2026-03-13T22:41:52.229+0100] {logging_mixin.py:188} INFO - [2026-03-13T22:41:52.228+0100] {dag.py:3089} INFO - Sync 1 DAGs
[2026-03-13T22:41:52.238+0100] {logging_mixin.py:188} INFO - [2026-03-13T22:41:52.238+0100] {dag.py:3947} INFO - Setting next_dagrun for example_task_group_decorator to 2026-03-12 00:00:00+00:00, run_after=2026-03-13 00:00:00+00:00
[2026-03-13T22:41:52.250+0100] {processor.py:183} INFO - Processing /Users/harshasogala/financial-data-platform/venv/lib/python3.12/site-packages/airflow/example_dags/example_task_group_decorator.py took 0.142 seconds
[2026-03-13T22:43:10.533+0100] {processor.py:161} INFO - Started process (PID=69790) to work on /Users/harshasogala/financial-data-platform/venv/lib/python3.12/site-packages/airflow/example_dags/example_task_group_decorator.py
[2026-03-13T22:43:10.534+0100] {processor.py:830} INFO - Processing file /Users/harshasogala/financial-data-platform/venv/lib/python3.12/site-packages/airflow/example_dags/example_task_group_decorator.py for tasks to queue
[2026-03-13T22:43:10.534+0100] {logging_mixin.py:188} INFO - [2026-03-13T22:43:10.534+0100] {dagbag.py:545} INFO - Filling up the DagBag from /Users/harshasogala/financial-data-platform/venv/lib/python3.12/site-packages/airflow/example_dags/example_task_group_decorator.py
[2026-03-13T22:43:10.561+0100] {processor.py:840} INFO - DAG(s) 'example_task_group_decorator' retrieved from /Users/harshasogala/financial-data-platform/venv/lib/python3.12/site-packages/airflow/example_dags/example_task_group_decorator.py
[2026-03-13T22:43:10.655+0100] {logging_mixin.py:188} INFO - [2026-03-13T22:43:10.655+0100] {dag.py:3089} INFO - Sync 1 DAGs
[2026-03-13T22:43:10.664+0100] {logging_mixin.py:188} INFO - [2026-03-13T22:43:10.664+0100] {dag.py:3947} INFO - Setting next_dagrun for example_task_group_decorator to 2026-03-12 00:00:00+00:00, run_after=2026-03-13 00:00:00+00:00
[2026-03-13T22:43:10.675+0100] {processor.py:183} INFO - Processing /Users/harshasogala/financial-data-platform/venv/lib/python3.12/site-packages/airflow/example_dags/example_task_group_decorator.py took 0.144 seconds
[2026-03-13T22:44:33.012+0100] {processor.py:161} INFO - Started process (PID=70043) to work on /Users/harshasogala/financial-data-platform/venv/lib/python3.12/site-packages/airflow/example_dags/example_task_group_decorator.py
[2026-03-13T22:44:33.013+0100] {processor.py:830} INFO - Processing file /Users/harshasogala/financial-data-platform/venv/lib/python3.12/site-packages/airflow/example_dags/example_task_group_decorator.py for tasks to queue
[2026-03-13T22:44:33.013+0100] {logging_mixin.py:188} INFO - [2026-03-13T22:44:33.013+0100] {dagbag.py:545} INFO - Filling up the DagBag from /Users/harshasogala/financial-data-platform/venv/lib/python3.12/site-packages/airflow/example_dags/example_task_group_decorator.py
[2026-03-13T22:44:33.039+0100] {processor.py:840} INFO - DAG(s) 'example_task_group_decorator' retrieved from /Users/harshasogala/financial-data-platform/venv/lib/python3.12/site-packages/airflow/example_dags/example_task_group_decorator.py
[2026-03-13T22:44:33.133+0100] {logging_mixin.py:188} INFO - [2026-03-13T22:44:33.133+0100] {dag.py:3089} INFO - Sync 1 DAGs
[2026-03-13T22:44:33.143+0100] {logging_mixin.py:188} INFO - [2026-03-13T22:44:33.143+0100] {dag.py:3947} INFO - Setting next_dagrun for example_task_group_decorator to 2026-03-12 00:00:00+00:00, run_after=2026-03-13 00:00:00+00:00
[2026-03-13T22:44:33.155+0100] {processor.py:183} INFO - Processing /Users/harshasogala/financial-data-platform/venv/lib/python3.12/site-packages/airflow/example_dags/example_task_group_decorator.py took 0.145 seconds
[2026-03-13T22:46:05.720+0100] {processor.py:161} INFO - Started process (PID=70347) to work on /Users/harshasogala/financial-data-platform/venv/lib/python3.12/site-packages/airflow/example_dags/example_task_group_decorator.py
[2026-03-13T22:46:05.721+0100] {processor.py:830} INFO - Processing file /Users/harshasogala/financial-data-platform/venv/lib/python3.12/site-packages/airflow/example_dags/example_task_group_decorator.py for tasks to queue
[2026-03-13T22:46:05.721+0100] {logging_mixin.py:188} INFO - [2026-03-13T22:46:05.721+0100] {dagbag.py:545} INFO - Filling up the DagBag from /Users/harshasogala/financial-data-platform/venv/lib/python3.12/site-packages/airflow/example_dags/example_task_group_decorator.py
[2026-03-13T22:46:05.748+0100] {processor.py:840} INFO - DAG(s) 'example_task_group_decorator' retrieved from /Users/harshasogala/financial-data-platform/venv/lib/python3.12/site-packages/airflow/example_dags/example_task_group_decorator.py
[2026-03-13T22:46:05.842+0100] {logging_mixin.py:188} INFO - [2026-03-13T22:46:05.841+0100] {dag.py:3089} INFO - Sync 1 DAGs
[2026-03-13T22:46:05.851+0100] {logging_mixin.py:188} INFO - [2026-03-13T22:46:05.851+0100] {dag.py:3947} INFO - Setting next_dagrun for example_task_group_decorator to 2026-03-12 00:00:00+00:00, run_after=2026-03-13 00:00:00+00:00
[2026-03-13T22:46:05.862+0100] {processor.py:183} INFO - Processing /Users/harshasogala/financial-data-platform/venv/lib/python3.12/site-packages/airflow/example_dags/example_task_group_decorator.py took 0.143 seconds
[2026-03-13T22:47:30.322+0100] {processor.py:161} INFO - Started process (PID=71375) to work on /Users/harshasogala/financial-data-platform/venv/lib/python3.12/site-packages/airflow/example_dags/example_task_group_decorator.py
[2026-03-13T22:47:30.323+0100] {processor.py:830} INFO - Processing file /Users/harshasogala/financial-data-platform/venv/lib/python3.12/site-packages/airflow/example_dags/example_task_group_decorator.py for tasks to queue
[2026-03-13T22:47:30.324+0100] {logging_mixin.py:188} INFO - [2026-03-13T22:47:30.323+0100] {dagbag.py:545} INFO - Filling up the DagBag from /Users/harshasogala/financial-data-platform/venv/lib/python3.12/site-packages/airflow/example_dags/example_task_group_decorator.py
[2026-03-13T22:47:30.350+0100] {processor.py:840} INFO - DAG(s) 'example_task_group_decorator' retrieved from /Users/harshasogala/financial-data-platform/venv/lib/python3.12/site-packages/airflow/example_dags/example_task_group_decorator.py
[2026-03-13T22:47:30.439+0100] {logging_mixin.py:188} INFO - [2026-03-13T22:47:30.439+0100] {dag.py:3089} INFO - Sync 1 DAGs
[2026-03-13T22:47:30.449+0100] {logging_mixin.py:188} INFO - [2026-03-13T22:47:30.449+0100] {dag.py:3947} INFO - Setting next_dagrun for example_task_group_decorator to 2026-03-12 00:00:00+00:00, run_after=2026-03-13 00:00:00+00:00
[2026-03-13T22:47:30.459+0100] {processor.py:183} INFO - Processing /Users/harshasogala/financial-data-platform/venv/lib/python3.12/site-packages/airflow/example_dags/example_task_group_decorator.py took 0.139 seconds
[2026-03-13T22:48:47.351+0100] {processor.py:161} INFO - Started process (PID=71444) to work on /Users/harshasogala/financial-data-platform/venv/lib/python3.12/site-packages/airflow/example_dags/example_task_group_decorator.py
[2026-03-13T22:48:47.352+0100] {processor.py:830} INFO - Processing file /Users/harshasogala/financial-data-platform/venv/lib/python3.12/site-packages/airflow/example_dags/example_task_group_decorator.py for tasks to queue
[2026-03-13T22:48:47.353+0100] {logging_mixin.py:188} INFO - [2026-03-13T22:48:47.353+0100] {dagbag.py:545} INFO - Filling up the DagBag from /Users/harshasogala/financial-data-platform/venv/lib/python3.12/site-packages/airflow/example_dags/example_task_group_decorator.py
[2026-03-13T22:48:47.380+0100] {processor.py:840} INFO - DAG(s) 'example_task_group_decorator' retrieved from /Users/harshasogala/financial-data-platform/venv/lib/python3.12/site-packages/airflow/example_dags/example_task_group_decorator.py
[2026-03-13T22:48:47.471+0100] {logging_mixin.py:188} INFO - [2026-03-13T22:48:47.471+0100] {dag.py:3089} INFO - Sync 1 DAGs
[2026-03-13T22:48:47.480+0100] {logging_mixin.py:188} INFO - [2026-03-13T22:48:47.480+0100] {dag.py:3947} INFO - Setting next_dagrun for example_task_group_decorator to 2026-03-12 00:00:00+00:00, run_after=2026-03-13 00:00:00+00:00
[2026-03-13T22:48:47.490+0100] {processor.py:183} INFO - Processing /Users/harshasogala/financial-data-platform/venv/lib/python3.12/site-packages/airflow/example_dags/example_task_group_decorator.py took 0.141 seconds
[2026-03-13T22:50:08.047+0100] {processor.py:161} INFO - Started process (PID=71697) to work on /Users/harshasogala/financial-data-platform/venv/lib/python3.12/site-packages/airflow/example_dags/example_task_group_decorator.py
[2026-03-13T22:50:08.048+0100] {processor.py:830} INFO - Processing file /Users/harshasogala/financial-data-platform/venv/lib/python3.12/site-packages/airflow/example_dags/example_task_group_decorator.py for tasks to queue
[2026-03-13T22:50:08.049+0100] {logging_mixin.py:188} INFO - [2026-03-13T22:50:08.049+0100] {dagbag.py:545} INFO - Filling up the DagBag from /Users/harshasogala/financial-data-platform/venv/lib/python3.12/site-packages/airflow/example_dags/example_task_group_decorator.py
[2026-03-13T22:50:08.076+0100] {processor.py:840} INFO - DAG(s) 'example_task_group_decorator' retrieved from /Users/harshasogala/financial-data-platform/venv/lib/python3.12/site-packages/airflow/example_dags/example_task_group_decorator.py
[2026-03-13T22:50:08.167+0100] {logging_mixin.py:188} INFO - [2026-03-13T22:50:08.166+0100] {dag.py:3089} INFO - Sync 1 DAGs
[2026-03-13T22:50:08.176+0100] {logging_mixin.py:188} INFO - [2026-03-13T22:50:08.175+0100] {dag.py:3947} INFO - Setting next_dagrun for example_task_group_decorator to 2026-03-12 00:00:00+00:00, run_after=2026-03-13 00:00:00+00:00
[2026-03-13T22:50:08.186+0100] {processor.py:183} INFO - Processing /Users/harshasogala/financial-data-platform/venv/lib/python3.12/site-packages/airflow/example_dags/example_task_group_decorator.py took 0.141 seconds
[2026-03-13T22:51:37.532+0100] {processor.py:161} INFO - Started process (PID=72060) to work on /Users/harshasogala/financial-data-platform/venv/lib/python3.12/site-packages/airflow/example_dags/example_task_group_decorator.py
[2026-03-13T22:51:37.533+0100] {processor.py:830} INFO - Processing file /Users/harshasogala/financial-data-platform/venv/lib/python3.12/site-packages/airflow/example_dags/example_task_group_decorator.py for tasks to queue
[2026-03-13T22:51:37.533+0100] {logging_mixin.py:188} INFO - [2026-03-13T22:51:37.533+0100] {dagbag.py:545} INFO - Filling up the DagBag from /Users/harshasogala/financial-data-platform/venv/lib/python3.12/site-packages/airflow/example_dags/example_task_group_decorator.py
[2026-03-13T22:51:37.560+0100] {processor.py:840} INFO - DAG(s) 'example_task_group_decorator' retrieved from /Users/harshasogala/financial-data-platform/venv/lib/python3.12/site-packages/airflow/example_dags/example_task_group_decorator.py
[2026-03-13T22:51:37.651+0100] {logging_mixin.py:188} INFO - [2026-03-13T22:51:37.651+0100] {dag.py:3089} INFO - Sync 1 DAGs
[2026-03-13T22:51:37.661+0100] {logging_mixin.py:188} INFO - [2026-03-13T22:51:37.661+0100] {dag.py:3947} INFO - Setting next_dagrun for example_task_group_decorator to 2026-03-12 00:00:00+00:00, run_after=2026-03-13 00:00:00+00:00
[2026-03-13T22:51:37.671+0100] {processor.py:183} INFO - Processing /Users/harshasogala/financial-data-platform/venv/lib/python3.12/site-packages/airflow/example_dags/example_task_group_decorator.py took 0.141 seconds
[2026-03-13T22:52:52.683+0100] {processor.py:161} INFO - Started process (PID=72385) to work on /Users/harshasogala/financial-data-platform/venv/lib/python3.12/site-packages/airflow/example_dags/example_task_group_decorator.py
[2026-03-13T22:52:52.684+0100] {processor.py:830} INFO - Processing file /Users/harshasogala/financial-data-platform/venv/lib/python3.12/site-packages/airflow/example_dags/example_task_group_decorator.py for tasks to queue
[2026-03-13T22:52:52.684+0100] {logging_mixin.py:188} INFO - [2026-03-13T22:52:52.684+0100] {dagbag.py:545} INFO - Filling up the DagBag from /Users/harshasogala/financial-data-platform/venv/lib/python3.12/site-packages/airflow/example_dags/example_task_group_decorator.py
[2026-03-13T22:52:52.711+0100] {processor.py:840} INFO - DAG(s) 'example_task_group_decorator' retrieved from /Users/harshasogala/financial-data-platform/venv/lib/python3.12/site-packages/airflow/example_dags/example_task_group_decorator.py
[2026-03-13T22:52:52.803+0100] {logging_mixin.py:188} INFO - [2026-03-13T22:52:52.802+0100] {dag.py:3089} INFO - Sync 1 DAGs
[2026-03-13T22:52:52.812+0100] {logging_mixin.py:188} INFO - [2026-03-13T22:52:52.812+0100] {dag.py:3947} INFO - Setting next_dagrun for example_task_group_decorator to 2026-03-12 00:00:00+00:00, run_after=2026-03-13 00:00:00+00:00
[2026-03-13T22:52:52.823+0100] {processor.py:183} INFO - Processing /Users/harshasogala/financial-data-platform/venv/lib/python3.12/site-packages/airflow/example_dags/example_task_group_decorator.py took 0.142 seconds
[2026-03-13T22:54:10.430+0100] {processor.py:161} INFO - Started process (PID=72467) to work on /Users/harshasogala/financial-data-platform/venv/lib/python3.12/site-packages/airflow/example_dags/example_task_group_decorator.py
[2026-03-13T22:54:10.431+0100] {processor.py:830} INFO - Processing file /Users/harshasogala/financial-data-platform/venv/lib/python3.12/site-packages/airflow/example_dags/example_task_group_decorator.py for tasks to queue
[2026-03-13T22:54:10.431+0100] {logging_mixin.py:188} INFO - [2026-03-13T22:54:10.431+0100] {dagbag.py:545} INFO - Filling up the DagBag from /Users/harshasogala/financial-data-platform/venv/lib/python3.12/site-packages/airflow/example_dags/example_task_group_decorator.py
[2026-03-13T22:54:10.460+0100] {processor.py:840} INFO - DAG(s) 'example_task_group_decorator' retrieved from /Users/harshasogala/financial-data-platform/venv/lib/python3.12/site-packages/airflow/example_dags/example_task_group_decorator.py
[2026-03-13T22:54:10.552+0100] {logging_mixin.py:188} INFO - [2026-03-13T22:54:10.552+0100] {dag.py:3089} INFO - Sync 1 DAGs
[2026-03-13T22:54:10.561+0100] {logging_mixin.py:188} INFO - [2026-03-13T22:54:10.561+0100] {dag.py:3947} INFO - Setting next_dagrun for example_task_group_decorator to 2026-03-12 00:00:00+00:00, run_after=2026-03-13 00:00:00+00:00
[2026-03-13T22:54:10.571+0100] {processor.py:183} INFO - Processing /Users/harshasogala/financial-data-platform/venv/lib/python3.12/site-packages/airflow/example_dags/example_task_group_decorator.py took 0.144 seconds
[2026-03-13T22:55:37.854+0100] {processor.py:161} INFO - Started process (PID=72548) to work on /Users/harshasogala/financial-data-platform/venv/lib/python3.12/site-packages/airflow/example_dags/example_task_group_decorator.py
[2026-03-13T22:55:37.856+0100] {processor.py:830} INFO - Processing file /Users/harshasogala/financial-data-platform/venv/lib/python3.12/site-packages/airflow/example_dags/example_task_group_decorator.py for tasks to queue
[2026-03-13T22:55:37.856+0100] {logging_mixin.py:188} INFO - [2026-03-13T22:55:37.856+0100] {dagbag.py:545} INFO - Filling up the DagBag from /Users/harshasogala/financial-data-platform/venv/lib/python3.12/site-packages/airflow/example_dags/example_task_group_decorator.py
[2026-03-13T22:55:37.890+0100] {processor.py:840} INFO - DAG(s) 'example_task_group_decorator' retrieved from /Users/harshasogala/financial-data-platform/venv/lib/python3.12/site-packages/airflow/example_dags/example_task_group_decorator.py
[2026-03-13T22:55:37.990+0100] {logging_mixin.py:188} INFO - [2026-03-13T22:55:37.989+0100] {dag.py:3089} INFO - Sync 1 DAGs
[2026-03-13T22:55:37.999+0100] {logging_mixin.py:188} INFO - [2026-03-13T22:55:37.999+0100] {dag.py:3947} INFO - Setting next_dagrun for example_task_group_decorator to 2026-03-12 00:00:00+00:00, run_after=2026-03-13 00:00:00+00:00
[2026-03-13T22:55:38.011+0100] {processor.py:183} INFO - Processing /Users/harshasogala/financial-data-platform/venv/lib/python3.12/site-packages/airflow/example_dags/example_task_group_decorator.py took 0.159 seconds
[2026-03-13T22:56:59.776+0100] {processor.py:161} INFO - Started process (PID=72645) to work on /Users/harshasogala/financial-data-platform/venv/lib/python3.12/site-packages/airflow/example_dags/example_task_group_decorator.py
[2026-03-13T22:56:59.777+0100] {processor.py:830} INFO - Processing file /Users/harshasogala/financial-data-platform/venv/lib/python3.12/site-packages/airflow/example_dags/example_task_group_decorator.py for tasks to queue
[2026-03-13T22:56:59.777+0100] {logging_mixin.py:188} INFO - [2026-03-13T22:56:59.777+0100] {dagbag.py:545} INFO - Filling up the DagBag from /Users/harshasogala/financial-data-platform/venv/lib/python3.12/site-packages/airflow/example_dags/example_task_group_decorator.py
[2026-03-13T22:56:59.804+0100] {processor.py:840} INFO - DAG(s) 'example_task_group_decorator' retrieved from /Users/harshasogala/financial-data-platform/venv/lib/python3.12/site-packages/airflow/example_dags/example_task_group_decorator.py
[2026-03-13T22:56:59.894+0100] {logging_mixin.py:188} INFO - [2026-03-13T22:56:59.893+0100] {dag.py:3089} INFO - Sync 1 DAGs
[2026-03-13T22:56:59.902+0100] {logging_mixin.py:188} INFO - [2026-03-13T22:56:59.902+0100] {dag.py:3947} INFO - Setting next_dagrun for example_task_group_decorator to 2026-03-12 00:00:00+00:00, run_after=2026-03-13 00:00:00+00:00
[2026-03-13T22:56:59.913+0100] {processor.py:183} INFO - Processing /Users/harshasogala/financial-data-platform/venv/lib/python3.12/site-packages/airflow/example_dags/example_task_group_decorator.py took 0.139 seconds
[2026-03-13T22:58:19.693+0100] {processor.py:161} INFO - Started process (PID=72708) to work on /Users/harshasogala/financial-data-platform/venv/lib/python3.12/site-packages/airflow/example_dags/example_task_group_decorator.py
[2026-03-13T22:58:19.694+0100] {processor.py:830} INFO - Processing file /Users/harshasogala/financial-data-platform/venv/lib/python3.12/site-packages/airflow/example_dags/example_task_group_decorator.py for tasks to queue
[2026-03-13T22:58:19.695+0100] {logging_mixin.py:188} INFO - [2026-03-13T22:58:19.695+0100] {dagbag.py:545} INFO - Filling up the DagBag from /Users/harshasogala/financial-data-platform/venv/lib/python3.12/site-packages/airflow/example_dags/example_task_group_decorator.py
[2026-03-13T22:58:19.721+0100] {processor.py:840} INFO - DAG(s) 'example_task_group_decorator' retrieved from /Users/harshasogala/financial-data-platform/venv/lib/python3.12/site-packages/airflow/example_dags/example_task_group_decorator.py
[2026-03-13T22:58:19.814+0100] {logging_mixin.py:188} INFO - [2026-03-13T22:58:19.814+0100] {dag.py:3089} INFO - Sync 1 DAGs
[2026-03-13T22:58:19.823+0100] {logging_mixin.py:188} INFO - [2026-03-13T22:58:19.823+0100] {dag.py:3947} INFO - Setting next_dagrun for example_task_group_decorator to 2026-03-12 00:00:00+00:00, run_after=2026-03-13 00:00:00+00:00
[2026-03-13T22:58:19.835+0100] {processor.py:183} INFO - Processing /Users/harshasogala/financial-data-platform/venv/lib/python3.12/site-packages/airflow/example_dags/example_task_group_decorator.py took 0.143 seconds
[2026-03-13T22:59:40.064+0100] {processor.py:161} INFO - Started process (PID=72779) to work on /Users/harshasogala/financial-data-platform/venv/lib/python3.12/site-packages/airflow/example_dags/example_task_group_decorator.py
[2026-03-13T22:59:40.066+0100] {processor.py:830} INFO - Processing file /Users/harshasogala/financial-data-platform/venv/lib/python3.12/site-packages/airflow/example_dags/example_task_group_decorator.py for tasks to queue
[2026-03-13T22:59:40.066+0100] {logging_mixin.py:188} INFO - [2026-03-13T22:59:40.066+0100] {dagbag.py:545} INFO - Filling up the DagBag from /Users/harshasogala/financial-data-platform/venv/lib/python3.12/site-packages/airflow/example_dags/example_task_group_decorator.py
[2026-03-13T22:59:40.092+0100] {processor.py:840} INFO - DAG(s) 'example_task_group_decorator' retrieved from /Users/harshasogala/financial-data-platform/venv/lib/python3.12/site-packages/airflow/example_dags/example_task_group_decorator.py
[2026-03-13T22:59:40.181+0100] {logging_mixin.py:188} INFO - [2026-03-13T22:59:40.181+0100] {dag.py:3089} INFO - Sync 1 DAGs
[2026-03-13T22:59:40.190+0100] {logging_mixin.py:188} INFO - [2026-03-13T22:59:40.190+0100] {dag.py:3947} INFO - Setting next_dagrun for example_task_group_decorator to 2026-03-12 00:00:00+00:00, run_after=2026-03-13 00:00:00+00:00
[2026-03-13T22:59:40.200+0100] {processor.py:183} INFO - Processing /Users/harshasogala/financial-data-platform/venv/lib/python3.12/site-packages/airflow/example_dags/example_task_group_decorator.py took 0.138 seconds
[2026-03-13T23:00:59.840+0100] {processor.py:161} INFO - Started process (PID=72851) to work on /Users/harshasogala/financial-data-platform/venv/lib/python3.12/site-packages/airflow/example_dags/example_task_group_decorator.py
[2026-03-13T23:00:59.841+0100] {processor.py:830} INFO - Processing file /Users/harshasogala/financial-data-platform/venv/lib/python3.12/site-packages/airflow/example_dags/example_task_group_decorator.py for tasks to queue
[2026-03-13T23:00:59.842+0100] {logging_mixin.py:188} INFO - [2026-03-13T23:00:59.841+0100] {dagbag.py:545} INFO - Filling up the DagBag from /Users/harshasogala/financial-data-platform/venv/lib/python3.12/site-packages/airflow/example_dags/example_task_group_decorator.py
[2026-03-13T23:00:59.869+0100] {processor.py:840} INFO - DAG(s) 'example_task_group_decorator' retrieved from /Users/harshasogala/financial-data-platform/venv/lib/python3.12/site-packages/airflow/example_dags/example_task_group_decorator.py
[2026-03-13T23:00:59.958+0100] {logging_mixin.py:188} INFO - [2026-03-13T23:00:59.958+0100] {dag.py:3089} INFO - Sync 1 DAGs
[2026-03-13T23:00:59.967+0100] {logging_mixin.py:188} INFO - [2026-03-13T23:00:59.967+0100] {dag.py:3947} INFO - Setting next_dagrun for example_task_group_decorator to 2026-03-12 00:00:00+00:00, run_after=2026-03-13 00:00:00+00:00
[2026-03-13T23:00:59.979+0100] {processor.py:183} INFO - Processing /Users/harshasogala/financial-data-platform/venv/lib/python3.12/site-packages/airflow/example_dags/example_task_group_decorator.py took 0.141 seconds
[2026-03-13T23:02:18.428+0100] {processor.py:161} INFO - Started process (PID=72911) to work on /Users/harshasogala/financial-data-platform/venv/lib/python3.12/site-packages/airflow/example_dags/example_task_group_decorator.py
[2026-03-13T23:02:18.429+0100] {processor.py:830} INFO - Processing file /Users/harshasogala/financial-data-platform/venv/lib/python3.12/site-packages/airflow/example_dags/example_task_group_decorator.py for tasks to queue
[2026-03-13T23:02:18.429+0100] {logging_mixin.py:188} INFO - [2026-03-13T23:02:18.429+0100] {dagbag.py:545} INFO - Filling up the DagBag from /Users/harshasogala/financial-data-platform/venv/lib/python3.12/site-packages/airflow/example_dags/example_task_group_decorator.py
[2026-03-13T23:02:18.456+0100] {processor.py:840} INFO - DAG(s) 'example_task_group_decorator' retrieved from /Users/harshasogala/financial-data-platform/venv/lib/python3.12/site-packages/airflow/example_dags/example_task_group_decorator.py
[2026-03-13T23:02:18.545+0100] {logging_mixin.py:188} INFO - [2026-03-13T23:02:18.545+0100] {dag.py:3089} INFO - Sync 1 DAGs
[2026-03-13T23:02:18.554+0100] {logging_mixin.py:188} INFO - [2026-03-13T23:02:18.554+0100] {dag.py:3947} INFO - Setting next_dagrun for example_task_group_decorator to 2026-03-12 00:00:00+00:00, run_after=2026-03-13 00:00:00+00:00
[2026-03-13T23:02:18.566+0100] {processor.py:183} INFO - Processing /Users/harshasogala/financial-data-platform/venv/lib/python3.12/site-packages/airflow/example_dags/example_task_group_decorator.py took 0.140 seconds
[2026-03-13T23:03:38.427+0100] {processor.py:161} INFO - Started process (PID=72972) to work on /Users/harshasogala/financial-data-platform/venv/lib/python3.12/site-packages/airflow/example_dags/example_task_group_decorator.py
[2026-03-13T23:03:38.428+0100] {processor.py:830} INFO - Processing file /Users/harshasogala/financial-data-platform/venv/lib/python3.12/site-packages/airflow/example_dags/example_task_group_decorator.py for tasks to queue
[2026-03-13T23:03:38.428+0100] {logging_mixin.py:188} INFO - [2026-03-13T23:03:38.428+0100] {dagbag.py:545} INFO - Filling up the DagBag from /Users/harshasogala/financial-data-platform/venv/lib/python3.12/site-packages/airflow/example_dags/example_task_group_decorator.py
[2026-03-13T23:03:38.455+0100] {processor.py:840} INFO - DAG(s) 'example_task_group_decorator' retrieved from /Users/harshasogala/financial-data-platform/venv/lib/python3.12/site-packages/airflow/example_dags/example_task_group_decorator.py
[2026-03-13T23:03:38.544+0100] {logging_mixin.py:188} INFO - [2026-03-13T23:03:38.544+0100] {dag.py:3089} INFO - Sync 1 DAGs
[2026-03-13T23:03:38.554+0100] {logging_mixin.py:188} INFO - [2026-03-13T23:03:38.553+0100] {dag.py:3947} INFO - Setting next_dagrun for example_task_group_decorator to 2026-03-12 00:00:00+00:00, run_after=2026-03-13 00:00:00+00:00
[2026-03-13T23:03:38.564+0100] {processor.py:183} INFO - Processing /Users/harshasogala/financial-data-platform/venv/lib/python3.12/site-packages/airflow/example_dags/example_task_group_decorator.py took 0.139 seconds
[2026-03-13T23:04:55.044+0100] {processor.py:161} INFO - Started process (PID=73030) to work on /Users/harshasogala/financial-data-platform/venv/lib/python3.12/site-packages/airflow/example_dags/example_task_group_decorator.py
[2026-03-13T23:04:55.045+0100] {processor.py:830} INFO - Processing file /Users/harshasogala/financial-data-platform/venv/lib/python3.12/site-packages/airflow/example_dags/example_task_group_decorator.py for tasks to queue
[2026-03-13T23:04:55.046+0100] {logging_mixin.py:188} INFO - [2026-03-13T23:04:55.045+0100] {dagbag.py:545} INFO - Filling up the DagBag from /Users/harshasogala/financial-data-platform/venv/lib/python3.12/site-packages/airflow/example_dags/example_task_group_decorator.py
[2026-03-13T23:04:55.073+0100] {processor.py:840} INFO - DAG(s) 'example_task_group_decorator' retrieved from /Users/harshasogala/financial-data-platform/venv/lib/python3.12/site-packages/airflow/example_dags/example_task_group_decorator.py
[2026-03-13T23:04:55.163+0100] {logging_mixin.py:188} INFO - [2026-03-13T23:04:55.162+0100] {dag.py:3089} INFO - Sync 1 DAGs
[2026-03-13T23:04:55.171+0100] {logging_mixin.py:188} INFO - [2026-03-13T23:04:55.171+0100] {dag.py:3947} INFO - Setting next_dagrun for example_task_group_decorator to 2026-03-12 00:00:00+00:00, run_after=2026-03-13 00:00:00+00:00
[2026-03-13T23:04:55.183+0100] {processor.py:183} INFO - Processing /Users/harshasogala/financial-data-platform/venv/lib/python3.12/site-packages/airflow/example_dags/example_task_group_decorator.py took 0.140 seconds
[2026-03-13T23:06:10.804+0100] {processor.py:161} INFO - Started process (PID=73096) to work on /Users/harshasogala/financial-data-platform/venv/lib/python3.12/site-packages/airflow/example_dags/example_task_group_decorator.py
[2026-03-13T23:06:10.805+0100] {processor.py:830} INFO - Processing file /Users/harshasogala/financial-data-platform/venv/lib/python3.12/site-packages/airflow/example_dags/example_task_group_decorator.py for tasks to queue
[2026-03-13T23:06:10.806+0100] {logging_mixin.py:188} INFO - [2026-03-13T23:06:10.806+0100] {dagbag.py:545} INFO - Filling up the DagBag from /Users/harshasogala/financial-data-platform/venv/lib/python3.12/site-packages/airflow/example_dags/example_task_group_decorator.py
[2026-03-13T23:06:10.835+0100] {processor.py:840} INFO - DAG(s) 'example_task_group_decorator' retrieved from /Users/harshasogala/financial-data-platform/venv/lib/python3.12/site-packages/airflow/example_dags/example_task_group_decorator.py
[2026-03-13T23:06:10.936+0100] {logging_mixin.py:188} INFO - [2026-03-13T23:06:10.936+0100] {dag.py:3089} INFO - Sync 1 DAGs
[2026-03-13T23:06:10.946+0100] {logging_mixin.py:188} INFO - [2026-03-13T23:06:10.946+0100] {dag.py:3947} INFO - Setting next_dagrun for example_task_group_decorator to 2026-03-12 00:00:00+00:00, run_after=2026-03-13 00:00:00+00:00
[2026-03-13T23:06:10.957+0100] {processor.py:183} INFO - Processing /Users/harshasogala/financial-data-platform/venv/lib/python3.12/site-packages/airflow/example_dags/example_task_group_decorator.py took 0.155 seconds
[2026-03-13T23:07:35.476+0100] {processor.py:161} INFO - Started process (PID=73165) to work on /Users/harshasogala/financial-data-platform/venv/lib/python3.12/site-packages/airflow/example_dags/example_task_group_decorator.py
[2026-03-13T23:07:35.476+0100] {processor.py:830} INFO - Processing file /Users/harshasogala/financial-data-platform/venv/lib/python3.12/site-packages/airflow/example_dags/example_task_group_decorator.py for tasks to queue
[2026-03-13T23:07:35.477+0100] {logging_mixin.py:188} INFO - [2026-03-13T23:07:35.477+0100] {dagbag.py:545} INFO - Filling up the DagBag from /Users/harshasogala/financial-data-platform/venv/lib/python3.12/site-packages/airflow/example_dags/example_task_group_decorator.py
[2026-03-13T23:07:35.510+0100] {processor.py:840} INFO - DAG(s) 'example_task_group_decorator' retrieved from /Users/harshasogala/financial-data-platform/venv/lib/python3.12/site-packages/airflow/example_dags/example_task_group_decorator.py
[2026-03-13T23:07:35.604+0100] {logging_mixin.py:188} INFO - [2026-03-13T23:07:35.604+0100] {dag.py:3089} INFO - Sync 1 DAGs
[2026-03-13T23:07:35.613+0100] {logging_mixin.py:188} INFO - [2026-03-13T23:07:35.613+0100] {dag.py:3947} INFO - Setting next_dagrun for example_task_group_decorator to 2026-03-12 00:00:00+00:00, run_after=2026-03-13 00:00:00+00:00
[2026-03-13T23:07:35.625+0100] {processor.py:183} INFO - Processing /Users/harshasogala/financial-data-platform/venv/lib/python3.12/site-packages/airflow/example_dags/example_task_group_decorator.py took 0.152 seconds
[2026-03-13T23:08:50.076+0100] {processor.py:161} INFO - Started process (PID=73225) to work on /Users/harshasogala/financial-data-platform/venv/lib/python3.12/site-packages/airflow/example_dags/example_task_group_decorator.py
[2026-03-13T23:08:50.077+0100] {processor.py:830} INFO - Processing file /Users/harshasogala/financial-data-platform/venv/lib/python3.12/site-packages/airflow/example_dags/example_task_group_decorator.py for tasks to queue
[2026-03-13T23:08:50.078+0100] {logging_mixin.py:188} INFO - [2026-03-13T23:08:50.078+0100] {dagbag.py:545} INFO - Filling up the DagBag from /Users/harshasogala/financial-data-platform/venv/lib/python3.12/site-packages/airflow/example_dags/example_task_group_decorator.py
[2026-03-13T23:08:50.104+0100] {processor.py:840} INFO - DAG(s) 'example_task_group_decorator' retrieved from /Users/harshasogala/financial-data-platform/venv/lib/python3.12/site-packages/airflow/example_dags/example_task_group_decorator.py
[2026-03-13T23:08:50.193+0100] {logging_mixin.py:188} INFO - [2026-03-13T23:08:50.193+0100] {dag.py:3089} INFO - Sync 1 DAGs
[2026-03-13T23:08:50.202+0100] {logging_mixin.py:188} INFO - [2026-03-13T23:08:50.202+0100] {dag.py:3947} INFO - Setting next_dagrun for example_task_group_decorator to 2026-03-12 00:00:00+00:00, run_after=2026-03-13 00:00:00+00:00
[2026-03-13T23:08:50.213+0100] {processor.py:183} INFO - Processing /Users/harshasogala/financial-data-platform/venv/lib/python3.12/site-packages/airflow/example_dags/example_task_group_decorator.py took 0.139 seconds
[2026-03-13T23:10:01.937+0100] {processor.py:161} INFO - Started process (PID=73281) to work on /Users/harshasogala/financial-data-platform/venv/lib/python3.12/site-packages/airflow/example_dags/example_task_group_decorator.py
[2026-03-13T23:10:01.938+0100] {processor.py:830} INFO - Processing file /Users/harshasogala/financial-data-platform/venv/lib/python3.12/site-packages/airflow/example_dags/example_task_group_decorator.py for tasks to queue
[2026-03-13T23:10:01.939+0100] {logging_mixin.py:188} INFO - [2026-03-13T23:10:01.938+0100] {dagbag.py:545} INFO - Filling up the DagBag from /Users/harshasogala/financial-data-platform/venv/lib/python3.12/site-packages/airflow/example_dags/example_task_group_decorator.py
[2026-03-13T23:10:01.965+0100] {processor.py:840} INFO - DAG(s) 'example_task_group_decorator' retrieved from /Users/harshasogala/financial-data-platform/venv/lib/python3.12/site-packages/airflow/example_dags/example_task_group_decorator.py
[2026-03-13T23:10:02.055+0100] {logging_mixin.py:188} INFO - [2026-03-13T23:10:02.054+0100] {dag.py:3089} INFO - Sync 1 DAGs
[2026-03-13T23:10:02.063+0100] {logging_mixin.py:188} INFO - [2026-03-13T23:10:02.063+0100] {dag.py:3947} INFO - Setting next_dagrun for example_task_group_decorator to 2026-03-12 00:00:00+00:00, run_after=2026-03-13 00:00:00+00:00
[2026-03-13T23:10:02.074+0100] {processor.py:183} INFO - Processing /Users/harshasogala/financial-data-platform/venv/lib/python3.12/site-packages/airflow/example_dags/example_task_group_decorator.py took 0.139 seconds
[2026-03-13T23:11:15.343+0100] {processor.py:161} INFO - Started process (PID=73344) to work on /Users/harshasogala/financial-data-platform/venv/lib/python3.12/site-packages/airflow/example_dags/example_task_group_decorator.py
[2026-03-13T23:11:15.344+0100] {processor.py:830} INFO - Processing file /Users/harshasogala/financial-data-platform/venv/lib/python3.12/site-packages/airflow/example_dags/example_task_group_decorator.py for tasks to queue
[2026-03-13T23:11:15.344+0100] {logging_mixin.py:188} INFO - [2026-03-13T23:11:15.344+0100] {dagbag.py:545} INFO - Filling up the DagBag from /Users/harshasogala/financial-data-platform/venv/lib/python3.12/site-packages/airflow/example_dags/example_task_group_decorator.py
[2026-03-13T23:11:15.373+0100] {processor.py:840} INFO - DAG(s) 'example_task_group_decorator' retrieved from /Users/harshasogala/financial-data-platform/venv/lib/python3.12/site-packages/airflow/example_dags/example_task_group_decorator.py
[2026-03-13T23:11:15.465+0100] {logging_mixin.py:188} INFO - [2026-03-13T23:11:15.465+0100] {dag.py:3089} INFO - Sync 1 DAGs
[2026-03-13T23:11:15.475+0100] {logging_mixin.py:188} INFO - [2026-03-13T23:11:15.475+0100] {dag.py:3947} INFO - Setting next_dagrun for example_task_group_decorator to 2026-03-12 00:00:00+00:00, run_after=2026-03-13 00:00:00+00:00
[2026-03-13T23:11:15.487+0100] {processor.py:183} INFO - Processing /Users/harshasogala/financial-data-platform/venv/lib/python3.12/site-packages/airflow/example_dags/example_task_group_decorator.py took 0.146 seconds
[2026-03-13T23:12:28.782+0100] {processor.py:161} INFO - Started process (PID=73408) to work on /Users/harshasogala/financial-data-platform/venv/lib/python3.12/site-packages/airflow/example_dags/example_task_group_decorator.py
[2026-03-13T23:12:28.783+0100] {processor.py:830} INFO - Processing file /Users/harshasogala/financial-data-platform/venv/lib/python3.12/site-packages/airflow/example_dags/example_task_group_decorator.py for tasks to queue
[2026-03-13T23:12:28.784+0100] {logging_mixin.py:188} INFO - [2026-03-13T23:12:28.784+0100] {dagbag.py:545} INFO - Filling up the DagBag from /Users/harshasogala/financial-data-platform/venv/lib/python3.12/site-packages/airflow/example_dags/example_task_group_decorator.py
[2026-03-13T23:12:28.815+0100] {processor.py:840} INFO - DAG(s) 'example_task_group_decorator' retrieved from /Users/harshasogala/financial-data-platform/venv/lib/python3.12/site-packages/airflow/example_dags/example_task_group_decorator.py
[2026-03-13T23:12:28.914+0100] {logging_mixin.py:188} INFO - [2026-03-13T23:12:28.914+0100] {dag.py:3089} INFO - Sync 1 DAGs
[2026-03-13T23:12:28.924+0100] {logging_mixin.py:188} INFO - [2026-03-13T23:12:28.924+0100] {dag.py:3947} INFO - Setting next_dagrun for example_task_group_decorator to 2026-03-12 00:00:00+00:00, run_after=2026-03-13 00:00:00+00:00
[2026-03-13T23:12:28.937+0100] {processor.py:183} INFO - Processing /Users/harshasogala/financial-data-platform/venv/lib/python3.12/site-packages/airflow/example_dags/example_task_group_decorator.py took 0.158 seconds
[2026-03-13T23:13:45.491+0100] {processor.py:161} INFO - Started process (PID=73468) to work on /Users/harshasogala/financial-data-platform/venv/lib/python3.12/site-packages/airflow/example_dags/example_task_group_decorator.py
[2026-03-13T23:13:45.491+0100] {processor.py:830} INFO - Processing file /Users/harshasogala/financial-data-platform/venv/lib/python3.12/site-packages/airflow/example_dags/example_task_group_decorator.py for tasks to queue
[2026-03-13T23:13:45.492+0100] {logging_mixin.py:188} INFO - [2026-03-13T23:13:45.492+0100] {dagbag.py:545} INFO - Filling up the DagBag from /Users/harshasogala/financial-data-platform/venv/lib/python3.12/site-packages/airflow/example_dags/example_task_group_decorator.py
[2026-03-13T23:13:45.519+0100] {processor.py:840} INFO - DAG(s) 'example_task_group_decorator' retrieved from /Users/harshasogala/financial-data-platform/venv/lib/python3.12/site-packages/airflow/example_dags/example_task_group_decorator.py
[2026-03-13T23:13:45.608+0100] {logging_mixin.py:188} INFO - [2026-03-13T23:13:45.608+0100] {dag.py:3089} INFO - Sync 1 DAGs
[2026-03-13T23:13:45.617+0100] {logging_mixin.py:188} INFO - [2026-03-13T23:13:45.617+0100] {dag.py:3947} INFO - Setting next_dagrun for example_task_group_decorator to 2026-03-12 00:00:00+00:00, run_after=2026-03-13 00:00:00+00:00
[2026-03-13T23:13:45.628+0100] {processor.py:183} INFO - Processing /Users/harshasogala/financial-data-platform/venv/lib/python3.12/site-packages/airflow/example_dags/example_task_group_decorator.py took 0.139 seconds
[2026-03-13T23:14:59.238+0100] {processor.py:161} INFO - Started process (PID=73528) to work on /Users/harshasogala/financial-data-platform/venv/lib/python3.12/site-packages/airflow/example_dags/example_task_group_decorator.py
[2026-03-13T23:14:59.239+0100] {processor.py:830} INFO - Processing file /Users/harshasogala/financial-data-platform/venv/lib/python3.12/site-packages/airflow/example_dags/example_task_group_decorator.py for tasks to queue
[2026-03-13T23:14:59.239+0100] {logging_mixin.py:188} INFO - [2026-03-13T23:14:59.239+0100] {dagbag.py:545} INFO - Filling up the DagBag from /Users/harshasogala/financial-data-platform/venv/lib/python3.12/site-packages/airflow/example_dags/example_task_group_decorator.py
[2026-03-13T23:14:59.266+0100] {processor.py:840} INFO - DAG(s) 'example_task_group_decorator' retrieved from /Users/harshasogala/financial-data-platform/venv/lib/python3.12/site-packages/airflow/example_dags/example_task_group_decorator.py
[2026-03-13T23:14:59.356+0100] {logging_mixin.py:188} INFO - [2026-03-13T23:14:59.356+0100] {dag.py:3089} INFO - Sync 1 DAGs
[2026-03-13T23:14:59.365+0100] {logging_mixin.py:188} INFO - [2026-03-13T23:14:59.365+0100] {dag.py:3947} INFO - Setting next_dagrun for example_task_group_decorator to 2026-03-12 00:00:00+00:00, run_after=2026-03-13 00:00:00+00:00
[2026-03-13T23:14:59.376+0100] {processor.py:183} INFO - Processing /Users/harshasogala/financial-data-platform/venv/lib/python3.12/site-packages/airflow/example_dags/example_task_group_decorator.py took 0.140 seconds
[2026-03-13T23:16:13.131+0100] {processor.py:161} INFO - Started process (PID=73589) to work on /Users/harshasogala/financial-data-platform/venv/lib/python3.12/site-packages/airflow/example_dags/example_task_group_decorator.py
[2026-03-13T23:16:13.132+0100] {processor.py:830} INFO - Processing file /Users/harshasogala/financial-data-platform/venv/lib/python3.12/site-packages/airflow/example_dags/example_task_group_decorator.py for tasks to queue
[2026-03-13T23:16:13.133+0100] {logging_mixin.py:188} INFO - [2026-03-13T23:16:13.133+0100] {dagbag.py:545} INFO - Filling up the DagBag from /Users/harshasogala/financial-data-platform/venv/lib/python3.12/site-packages/airflow/example_dags/example_task_group_decorator.py
[2026-03-13T23:16:13.159+0100] {processor.py:840} INFO - DAG(s) 'example_task_group_decorator' retrieved from /Users/harshasogala/financial-data-platform/venv/lib/python3.12/site-packages/airflow/example_dags/example_task_group_decorator.py
[2026-03-13T23:16:13.250+0100] {logging_mixin.py:188} INFO - [2026-03-13T23:16:13.249+0100] {dag.py:3089} INFO - Sync 1 DAGs
[2026-03-13T23:16:13.258+0100] {logging_mixin.py:188} INFO - [2026-03-13T23:16:13.258+0100] {dag.py:3947} INFO - Setting next_dagrun for example_task_group_decorator to 2026-03-12 00:00:00+00:00, run_after=2026-03-13 00:00:00+00:00
[2026-03-13T23:16:13.269+0100] {processor.py:183} INFO - Processing /Users/harshasogala/financial-data-platform/venv/lib/python3.12/site-packages/airflow/example_dags/example_task_group_decorator.py took 0.140 seconds
[2026-03-13T23:17:30.880+0100] {processor.py:161} INFO - Started process (PID=73659) to work on /Users/harshasogala/financial-data-platform/venv/lib/python3.12/site-packages/airflow/example_dags/example_task_group_decorator.py
[2026-03-13T23:17:30.881+0100] {processor.py:830} INFO - Processing file /Users/harshasogala/financial-data-platform/venv/lib/python3.12/site-packages/airflow/example_dags/example_task_group_decorator.py for tasks to queue
[2026-03-13T23:17:30.882+0100] {logging_mixin.py:188} INFO - [2026-03-13T23:17:30.882+0100] {dagbag.py:545} INFO - Filling up the DagBag from /Users/harshasogala/financial-data-platform/venv/lib/python3.12/site-packages/airflow/example_dags/example_task_group_decorator.py
[2026-03-13T23:17:30.909+0100] {processor.py:840} INFO - DAG(s) 'example_task_group_decorator' retrieved from /Users/harshasogala/financial-data-platform/venv/lib/python3.12/site-packages/airflow/example_dags/example_task_group_decorator.py
[2026-03-13T23:17:31.001+0100] {logging_mixin.py:188} INFO - [2026-03-13T23:17:31.001+0100] {dag.py:3089} INFO - Sync 1 DAGs
[2026-03-13T23:17:31.011+0100] {logging_mixin.py:188} INFO - [2026-03-13T23:17:31.011+0100] {dag.py:3947} INFO - Setting next_dagrun for example_task_group_decorator to 2026-03-12 00:00:00+00:00, run_after=2026-03-13 00:00:00+00:00
[2026-03-13T23:17:31.023+0100] {processor.py:183} INFO - Processing /Users/harshasogala/financial-data-platform/venv/lib/python3.12/site-packages/airflow/example_dags/example_task_group_decorator.py took 0.145 seconds
[2026-03-13T23:18:46.838+0100] {processor.py:161} INFO - Started process (PID=73720) to work on /Users/harshasogala/financial-data-platform/venv/lib/python3.12/site-packages/airflow/example_dags/example_task_group_decorator.py
[2026-03-13T23:18:46.839+0100] {processor.py:830} INFO - Processing file /Users/harshasogala/financial-data-platform/venv/lib/python3.12/site-packages/airflow/example_dags/example_task_group_decorator.py for tasks to queue
[2026-03-13T23:18:46.839+0100] {logging_mixin.py:188} INFO - [2026-03-13T23:18:46.839+0100] {dagbag.py:545} INFO - Filling up the DagBag from /Users/harshasogala/financial-data-platform/venv/lib/python3.12/site-packages/airflow/example_dags/example_task_group_decorator.py
[2026-03-13T23:18:46.869+0100] {processor.py:840} INFO - DAG(s) 'example_task_group_decorator' retrieved from /Users/harshasogala/financial-data-platform/venv/lib/python3.12/site-packages/airflow/example_dags/example_task_group_decorator.py
[2026-03-13T23:18:46.965+0100] {logging_mixin.py:188} INFO - [2026-03-13T23:18:46.964+0100] {dag.py:3089} INFO - Sync 1 DAGs
[2026-03-13T23:18:46.974+0100] {logging_mixin.py:188} INFO - [2026-03-13T23:18:46.974+0100] {dag.py:3947} INFO - Setting next_dagrun for example_task_group_decorator to 2026-03-12 00:00:00+00:00, run_after=2026-03-13 00:00:00+00:00
[2026-03-13T23:18:46.985+0100] {processor.py:183} INFO - Processing /Users/harshasogala/financial-data-platform/venv/lib/python3.12/site-packages/airflow/example_dags/example_task_group_decorator.py took 0.149 seconds
[2026-03-13T23:20:04.050+0100] {processor.py:161} INFO - Started process (PID=73785) to work on /Users/harshasogala/financial-data-platform/venv/lib/python3.12/site-packages/airflow/example_dags/example_task_group_decorator.py
[2026-03-13T23:20:04.051+0100] {processor.py:830} INFO - Processing file /Users/harshasogala/financial-data-platform/venv/lib/python3.12/site-packages/airflow/example_dags/example_task_group_decorator.py for tasks to queue
[2026-03-13T23:20:04.052+0100] {logging_mixin.py:188} INFO - [2026-03-13T23:20:04.051+0100] {dagbag.py:545} INFO - Filling up the DagBag from /Users/harshasogala/financial-data-platform/venv/lib/python3.12/site-packages/airflow/example_dags/example_task_group_decorator.py
[2026-03-13T23:20:04.081+0100] {processor.py:840} INFO - DAG(s) 'example_task_group_decorator' retrieved from /Users/harshasogala/financial-data-platform/venv/lib/python3.12/site-packages/airflow/example_dags/example_task_group_decorator.py
[2026-03-13T23:20:04.177+0100] {logging_mixin.py:188} INFO - [2026-03-13T23:20:04.176+0100] {dag.py:3089} INFO - Sync 1 DAGs
[2026-03-13T23:20:04.186+0100] {logging_mixin.py:188} INFO - [2026-03-13T23:20:04.186+0100] {dag.py:3947} INFO - Setting next_dagrun for example_task_group_decorator to 2026-03-12 00:00:00+00:00, run_after=2026-03-13 00:00:00+00:00
[2026-03-13T23:20:04.198+0100] {processor.py:183} INFO - Processing /Users/harshasogala/financial-data-platform/venv/lib/python3.12/site-packages/airflow/example_dags/example_task_group_decorator.py took 0.150 seconds
[2026-03-13T23:21:19.484+0100] {processor.py:161} INFO - Started process (PID=73866) to work on /Users/harshasogala/financial-data-platform/venv/lib/python3.12/site-packages/airflow/example_dags/example_task_group_decorator.py
[2026-03-13T23:21:19.485+0100] {processor.py:830} INFO - Processing file /Users/harshasogala/financial-data-platform/venv/lib/python3.12/site-packages/airflow/example_dags/example_task_group_decorator.py for tasks to queue
[2026-03-13T23:21:19.485+0100] {logging_mixin.py:188} INFO - [2026-03-13T23:21:19.485+0100] {dagbag.py:545} INFO - Filling up the DagBag from /Users/harshasogala/financial-data-platform/venv/lib/python3.12/site-packages/airflow/example_dags/example_task_group_decorator.py
[2026-03-13T23:21:19.512+0100] {processor.py:840} INFO - DAG(s) 'example_task_group_decorator' retrieved from /Users/harshasogala/financial-data-platform/venv/lib/python3.12/site-packages/airflow/example_dags/example_task_group_decorator.py
[2026-03-13T23:21:19.601+0100] {logging_mixin.py:188} INFO - [2026-03-13T23:21:19.601+0100] {dag.py:3089} INFO - Sync 1 DAGs
[2026-03-13T23:21:19.610+0100] {logging_mixin.py:188} INFO - [2026-03-13T23:21:19.610+0100] {dag.py:3947} INFO - Setting next_dagrun for example_task_group_decorator to 2026-03-12 00:00:00+00:00, run_after=2026-03-13 00:00:00+00:00
[2026-03-13T23:21:19.621+0100] {processor.py:183} INFO - Processing /Users/harshasogala/financial-data-platform/venv/lib/python3.12/site-packages/airflow/example_dags/example_task_group_decorator.py took 0.138 seconds
[2026-03-13T23:22:32.324+0100] {processor.py:161} INFO - Started process (PID=73926) to work on /Users/harshasogala/financial-data-platform/venv/lib/python3.12/site-packages/airflow/example_dags/example_task_group_decorator.py
[2026-03-13T23:22:32.326+0100] {processor.py:830} INFO - Processing file /Users/harshasogala/financial-data-platform/venv/lib/python3.12/site-packages/airflow/example_dags/example_task_group_decorator.py for tasks to queue
[2026-03-13T23:22:32.326+0100] {logging_mixin.py:188} INFO - [2026-03-13T23:22:32.326+0100] {dagbag.py:545} INFO - Filling up the DagBag from /Users/harshasogala/financial-data-platform/venv/lib/python3.12/site-packages/airflow/example_dags/example_task_group_decorator.py
[2026-03-13T23:22:32.353+0100] {processor.py:840} INFO - DAG(s) 'example_task_group_decorator' retrieved from /Users/harshasogala/financial-data-platform/venv/lib/python3.12/site-packages/airflow/example_dags/example_task_group_decorator.py
[2026-03-13T23:22:32.442+0100] {logging_mixin.py:188} INFO - [2026-03-13T23:22:32.441+0100] {dag.py:3089} INFO - Sync 1 DAGs
[2026-03-13T23:22:32.451+0100] {logging_mixin.py:188} INFO - [2026-03-13T23:22:32.450+0100] {dag.py:3947} INFO - Setting next_dagrun for example_task_group_decorator to 2026-03-12 00:00:00+00:00, run_after=2026-03-13 00:00:00+00:00
[2026-03-13T23:22:32.461+0100] {processor.py:183} INFO - Processing /Users/harshasogala/financial-data-platform/venv/lib/python3.12/site-packages/airflow/example_dags/example_task_group_decorator.py took 0.139 seconds
[2026-03-13T23:23:47.577+0100] {processor.py:161} INFO - Started process (PID=73990) to work on /Users/harshasogala/financial-data-platform/venv/lib/python3.12/site-packages/airflow/example_dags/example_task_group_decorator.py
[2026-03-13T23:23:47.578+0100] {processor.py:830} INFO - Processing file /Users/harshasogala/financial-data-platform/venv/lib/python3.12/site-packages/airflow/example_dags/example_task_group_decorator.py for tasks to queue
[2026-03-13T23:23:47.579+0100] {logging_mixin.py:188} INFO - [2026-03-13T23:23:47.578+0100] {dagbag.py:545} INFO - Filling up the DagBag from /Users/harshasogala/financial-data-platform/venv/lib/python3.12/site-packages/airflow/example_dags/example_task_group_decorator.py
[2026-03-13T23:23:47.605+0100] {processor.py:840} INFO - DAG(s) 'example_task_group_decorator' retrieved from /Users/harshasogala/financial-data-platform/venv/lib/python3.12/site-packages/airflow/example_dags/example_task_group_decorator.py
[2026-03-13T23:23:47.694+0100] {logging_mixin.py:188} INFO - [2026-03-13T23:23:47.694+0100] {dag.py:3089} INFO - Sync 1 DAGs
[2026-03-13T23:23:47.703+0100] {logging_mixin.py:188} INFO - [2026-03-13T23:23:47.703+0100] {dag.py:3947} INFO - Setting next_dagrun for example_task_group_decorator to 2026-03-12 00:00:00+00:00, run_after=2026-03-13 00:00:00+00:00
[2026-03-13T23:23:47.714+0100] {processor.py:183} INFO - Processing /Users/harshasogala/financial-data-platform/venv/lib/python3.12/site-packages/airflow/example_dags/example_task_group_decorator.py took 0.139 seconds
[2026-03-13T23:25:04.429+0100] {processor.py:161} INFO - Started process (PID=74050) to work on /Users/harshasogala/financial-data-platform/venv/lib/python3.12/site-packages/airflow/example_dags/example_task_group_decorator.py
[2026-03-13T23:25:04.430+0100] {processor.py:830} INFO - Processing file /Users/harshasogala/financial-data-platform/venv/lib/python3.12/site-packages/airflow/example_dags/example_task_group_decorator.py for tasks to queue
[2026-03-13T23:25:04.431+0100] {logging_mixin.py:188} INFO - [2026-03-13T23:25:04.430+0100] {dagbag.py:545} INFO - Filling up the DagBag from /Users/harshasogala/financial-data-platform/venv/lib/python3.12/site-packages/airflow/example_dags/example_task_group_decorator.py
[2026-03-13T23:25:04.457+0100] {processor.py:840} INFO - DAG(s) 'example_task_group_decorator' retrieved from /Users/harshasogala/financial-data-platform/venv/lib/python3.12/site-packages/airflow/example_dags/example_task_group_decorator.py
[2026-03-13T23:25:04.546+0100] {logging_mixin.py:188} INFO - [2026-03-13T23:25:04.546+0100] {dag.py:3089} INFO - Sync 1 DAGs
[2026-03-13T23:25:04.555+0100] {logging_mixin.py:188} INFO - [2026-03-13T23:25:04.555+0100] {dag.py:3947} INFO - Setting next_dagrun for example_task_group_decorator to 2026-03-12 00:00:00+00:00, run_after=2026-03-13 00:00:00+00:00
[2026-03-13T23:25:04.566+0100] {processor.py:183} INFO - Processing /Users/harshasogala/financial-data-platform/venv/lib/python3.12/site-packages/airflow/example_dags/example_task_group_decorator.py took 0.138 seconds
[2026-03-13T23:26:20.987+0100] {processor.py:161} INFO - Started process (PID=74108) to work on /Users/harshasogala/financial-data-platform/venv/lib/python3.12/site-packages/airflow/example_dags/example_task_group_decorator.py
[2026-03-13T23:26:20.988+0100] {processor.py:830} INFO - Processing file /Users/harshasogala/financial-data-platform/venv/lib/python3.12/site-packages/airflow/example_dags/example_task_group_decorator.py for tasks to queue
[2026-03-13T23:26:20.989+0100] {logging_mixin.py:188} INFO - [2026-03-13T23:26:20.989+0100] {dagbag.py:545} INFO - Filling up the DagBag from /Users/harshasogala/financial-data-platform/venv/lib/python3.12/site-packages/airflow/example_dags/example_task_group_decorator.py
[2026-03-13T23:26:21.015+0100] {processor.py:840} INFO - DAG(s) 'example_task_group_decorator' retrieved from /Users/harshasogala/financial-data-platform/venv/lib/python3.12/site-packages/airflow/example_dags/example_task_group_decorator.py
[2026-03-13T23:26:21.109+0100] {logging_mixin.py:188} INFO - [2026-03-13T23:26:21.109+0100] {dag.py:3089} INFO - Sync 1 DAGs
[2026-03-13T23:26:21.118+0100] {logging_mixin.py:188} INFO - [2026-03-13T23:26:21.118+0100] {dag.py:3947} INFO - Setting next_dagrun for example_task_group_decorator to 2026-03-12 00:00:00+00:00, run_after=2026-03-13 00:00:00+00:00
[2026-03-13T23:26:21.129+0100] {processor.py:183} INFO - Processing /Users/harshasogala/financial-data-platform/venv/lib/python3.12/site-packages/airflow/example_dags/example_task_group_decorator.py took 0.144 seconds
[2026-03-13T23:27:38.829+0100] {processor.py:161} INFO - Started process (PID=74190) to work on /Users/harshasogala/financial-data-platform/venv/lib/python3.12/site-packages/airflow/example_dags/example_task_group_decorator.py
[2026-03-13T23:27:38.830+0100] {processor.py:830} INFO - Processing file /Users/harshasogala/financial-data-platform/venv/lib/python3.12/site-packages/airflow/example_dags/example_task_group_decorator.py for tasks to queue
[2026-03-13T23:27:38.830+0100] {logging_mixin.py:188} INFO - [2026-03-13T23:27:38.830+0100] {dagbag.py:545} INFO - Filling up the DagBag from /Users/harshasogala/financial-data-platform/venv/lib/python3.12/site-packages/airflow/example_dags/example_task_group_decorator.py
[2026-03-13T23:27:38.857+0100] {processor.py:840} INFO - DAG(s) 'example_task_group_decorator' retrieved from /Users/harshasogala/financial-data-platform/venv/lib/python3.12/site-packages/airflow/example_dags/example_task_group_decorator.py
[2026-03-13T23:27:38.948+0100] {logging_mixin.py:188} INFO - [2026-03-13T23:27:38.948+0100] {dag.py:3089} INFO - Sync 1 DAGs
[2026-03-13T23:27:38.959+0100] {logging_mixin.py:188} INFO - [2026-03-13T23:27:38.959+0100] {dag.py:3947} INFO - Setting next_dagrun for example_task_group_decorator to 2026-03-12 00:00:00+00:00, run_after=2026-03-13 00:00:00+00:00
[2026-03-13T23:27:38.969+0100] {processor.py:183} INFO - Processing /Users/harshasogala/financial-data-platform/venv/lib/python3.12/site-packages/airflow/example_dags/example_task_group_decorator.py took 0.142 seconds
[2026-03-13T23:28:57.012+0100] {processor.py:161} INFO - Started process (PID=74271) to work on /Users/harshasogala/financial-data-platform/venv/lib/python3.12/site-packages/airflow/example_dags/example_task_group_decorator.py
[2026-03-13T23:28:57.013+0100] {processor.py:830} INFO - Processing file /Users/harshasogala/financial-data-platform/venv/lib/python3.12/site-packages/airflow/example_dags/example_task_group_decorator.py for tasks to queue
[2026-03-13T23:28:57.013+0100] {logging_mixin.py:188} INFO - [2026-03-13T23:28:57.013+0100] {dagbag.py:545} INFO - Filling up the DagBag from /Users/harshasogala/financial-data-platform/venv/lib/python3.12/site-packages/airflow/example_dags/example_task_group_decorator.py
[2026-03-13T23:28:57.040+0100] {processor.py:840} INFO - DAG(s) 'example_task_group_decorator' retrieved from /Users/harshasogala/financial-data-platform/venv/lib/python3.12/site-packages/airflow/example_dags/example_task_group_decorator.py
[2026-03-13T23:28:57.130+0100] {logging_mixin.py:188} INFO - [2026-03-13T23:28:57.129+0100] {dag.py:3089} INFO - Sync 1 DAGs
[2026-03-13T23:28:57.139+0100] {logging_mixin.py:188} INFO - [2026-03-13T23:28:57.139+0100] {dag.py:3947} INFO - Setting next_dagrun for example_task_group_decorator to 2026-03-12 00:00:00+00:00, run_after=2026-03-13 00:00:00+00:00
[2026-03-13T23:28:57.150+0100] {processor.py:183} INFO - Processing /Users/harshasogala/financial-data-platform/venv/lib/python3.12/site-packages/airflow/example_dags/example_task_group_decorator.py took 0.140 seconds
[2026-03-13T23:30:10.505+0100] {processor.py:161} INFO - Started process (PID=74329) to work on /Users/harshasogala/financial-data-platform/venv/lib/python3.12/site-packages/airflow/example_dags/example_task_group_decorator.py
[2026-03-13T23:30:10.505+0100] {processor.py:830} INFO - Processing file /Users/harshasogala/financial-data-platform/venv/lib/python3.12/site-packages/airflow/example_dags/example_task_group_decorator.py for tasks to queue
[2026-03-13T23:30:10.506+0100] {logging_mixin.py:188} INFO - [2026-03-13T23:30:10.506+0100] {dagbag.py:545} INFO - Filling up the DagBag from /Users/harshasogala/financial-data-platform/venv/lib/python3.12/site-packages/airflow/example_dags/example_task_group_decorator.py
[2026-03-13T23:30:10.534+0100] {processor.py:840} INFO - DAG(s) 'example_task_group_decorator' retrieved from /Users/harshasogala/financial-data-platform/venv/lib/python3.12/site-packages/airflow/example_dags/example_task_group_decorator.py
[2026-03-13T23:30:10.624+0100] {logging_mixin.py:188} INFO - [2026-03-13T23:30:10.623+0100] {dag.py:3089} INFO - Sync 1 DAGs
[2026-03-13T23:30:10.633+0100] {logging_mixin.py:188} INFO - [2026-03-13T23:30:10.632+0100] {dag.py:3947} INFO - Setting next_dagrun for example_task_group_decorator to 2026-03-12 00:00:00+00:00, run_after=2026-03-13 00:00:00+00:00
[2026-03-13T23:30:10.643+0100] {processor.py:183} INFO - Processing /Users/harshasogala/financial-data-platform/venv/lib/python3.12/site-packages/airflow/example_dags/example_task_group_decorator.py took 0.140 seconds
[2026-03-13T23:31:30.273+0100] {processor.py:161} INFO - Started process (PID=74634) to work on /Users/harshasogala/financial-data-platform/venv/lib/python3.12/site-packages/airflow/example_dags/example_task_group_decorator.py
[2026-03-13T23:31:30.274+0100] {processor.py:830} INFO - Processing file /Users/harshasogala/financial-data-platform/venv/lib/python3.12/site-packages/airflow/example_dags/example_task_group_decorator.py for tasks to queue
[2026-03-13T23:31:30.275+0100] {logging_mixin.py:188} INFO - [2026-03-13T23:31:30.275+0100] {dagbag.py:545} INFO - Filling up the DagBag from /Users/harshasogala/financial-data-platform/venv/lib/python3.12/site-packages/airflow/example_dags/example_task_group_decorator.py
[2026-03-13T23:31:30.302+0100] {processor.py:840} INFO - DAG(s) 'example_task_group_decorator' retrieved from /Users/harshasogala/financial-data-platform/venv/lib/python3.12/site-packages/airflow/example_dags/example_task_group_decorator.py
[2026-03-13T23:31:30.393+0100] {logging_mixin.py:188} INFO - [2026-03-13T23:31:30.393+0100] {dag.py:3089} INFO - Sync 1 DAGs
[2026-03-13T23:31:30.402+0100] {logging_mixin.py:188} INFO - [2026-03-13T23:31:30.402+0100] {dag.py:3947} INFO - Setting next_dagrun for example_task_group_decorator to 2026-03-12 00:00:00+00:00, run_after=2026-03-13 00:00:00+00:00
[2026-03-13T23:31:30.414+0100] {processor.py:183} INFO - Processing /Users/harshasogala/financial-data-platform/venv/lib/python3.12/site-packages/airflow/example_dags/example_task_group_decorator.py took 0.142 seconds
[2026-03-13T23:32:46.828+0100] {processor.py:161} INFO - Started process (PID=74971) to work on /Users/harshasogala/financial-data-platform/venv/lib/python3.12/site-packages/airflow/example_dags/example_task_group_decorator.py
[2026-03-13T23:32:46.829+0100] {processor.py:830} INFO - Processing file /Users/harshasogala/financial-data-platform/venv/lib/python3.12/site-packages/airflow/example_dags/example_task_group_decorator.py for tasks to queue
[2026-03-13T23:32:46.830+0100] {logging_mixin.py:188} INFO - [2026-03-13T23:32:46.830+0100] {dagbag.py:545} INFO - Filling up the DagBag from /Users/harshasogala/financial-data-platform/venv/lib/python3.12/site-packages/airflow/example_dags/example_task_group_decorator.py
[2026-03-13T23:32:46.857+0100] {processor.py:840} INFO - DAG(s) 'example_task_group_decorator' retrieved from /Users/harshasogala/financial-data-platform/venv/lib/python3.12/site-packages/airflow/example_dags/example_task_group_decorator.py
[2026-03-13T23:32:46.948+0100] {logging_mixin.py:188} INFO - [2026-03-13T23:32:46.947+0100] {dag.py:3089} INFO - Sync 1 DAGs
[2026-03-13T23:32:46.956+0100] {logging_mixin.py:188} INFO - [2026-03-13T23:32:46.956+0100] {dag.py:3947} INFO - Setting next_dagrun for example_task_group_decorator to 2026-03-12 00:00:00+00:00, run_after=2026-03-13 00:00:00+00:00
[2026-03-13T23:32:46.967+0100] {processor.py:183} INFO - Processing /Users/harshasogala/financial-data-platform/venv/lib/python3.12/site-packages/airflow/example_dags/example_task_group_decorator.py took 0.141 seconds
