[2026-03-13T22:19:13.033+0100] {processor.py:161} INFO - Started process (PID=66037) to work on /Users/harshasogala/financial-data-platform/venv/lib/python3.12/site-packages/airflow/example_dags/example_branch_operator_decorator.py
[2026-03-13T22:19:13.034+0100] {processor.py:830} INFO - Processing file /Users/harshasogala/financial-data-platform/venv/lib/python3.12/site-packages/airflow/example_dags/example_branch_operator_decorator.py for tasks to queue
[2026-03-13T22:19:13.034+0100] {logging_mixin.py:188} INFO - [2026-03-13T22:19:13.034+0100] {dagbag.py:545} INFO - Filling up the DagBag from /Users/harshasogala/financial-data-platform/venv/lib/python3.12/site-packages/airflow/example_dags/example_branch_operator_decorator.py
[2026-03-13T22:19:13.048+0100] {processor.py:842} WARNING - No viable dags retrieved from /Users/harshasogala/financial-data-platform/venv/lib/python3.12/site-packages/airflow/example_dags/example_branch_operator_decorator.py
[2026-03-13T22:19:13.090+0100] {processor.py:183} INFO - Processing /Users/harshasogala/financial-data-platform/venv/lib/python3.12/site-packages/airflow/example_dags/example_branch_operator_decorator.py took 0.059 seconds
[2026-03-13T22:21:48.437+0100] {processor.py:161} INFO - Started process (PID=66184) to work on /Users/harshasogala/financial-data-platform/venv/lib/python3.12/site-packages/airflow/example_dags/example_branch_operator_decorator.py
[2026-03-13T22:21:48.438+0100] {processor.py:830} INFO - Processing file /Users/harshasogala/financial-data-platform/venv/lib/python3.12/site-packages/airflow/example_dags/example_branch_operator_decorator.py for tasks to queue
[2026-03-13T22:21:48.438+0100] {logging_mixin.py:188} INFO - [2026-03-13T22:21:48.438+0100] {dagbag.py:545} INFO - Filling up the DagBag from /Users/harshasogala/financial-data-platform/venv/lib/python3.12/site-packages/airflow/example_dags/example_branch_operator_decorator.py
[2026-03-13T22:21:48.452+0100] {processor.py:842} WARNING - No viable dags retrieved from /Users/harshasogala/financial-data-platform/venv/lib/python3.12/site-packages/airflow/example_dags/example_branch_operator_decorator.py
[2026-03-13T22:21:48.495+0100] {processor.py:183} INFO - Processing /Users/harshasogala/financial-data-platform/venv/lib/python3.12/site-packages/airflow/example_dags/example_branch_operator_decorator.py took 0.060 seconds
[2026-03-13T22:28:49.590+0100] {processor.py:161} INFO - Started process (PID=67350) to work on /Users/harshasogala/financial-data-platform/venv/lib/python3.12/site-packages/airflow/example_dags/example_branch_operator_decorator.py
[2026-03-13T22:28:49.590+0100] {processor.py:830} INFO - Processing file /Users/harshasogala/financial-data-platform/venv/lib/python3.12/site-packages/airflow/example_dags/example_branch_operator_decorator.py for tasks to queue
[2026-03-13T22:28:49.591+0100] {logging_mixin.py:188} INFO - [2026-03-13T22:28:49.591+0100] {dagbag.py:545} INFO - Filling up the DagBag from /Users/harshasogala/financial-data-platform/venv/lib/python3.12/site-packages/airflow/example_dags/example_branch_operator_decorator.py
[2026-03-13T22:28:49.605+0100] {processor.py:842} WARNING - No viable dags retrieved from /Users/harshasogala/financial-data-platform/venv/lib/python3.12/site-packages/airflow/example_dags/example_branch_operator_decorator.py
[2026-03-13T22:28:49.654+0100] {processor.py:183} INFO - Processing /Users/harshasogala/financial-data-platform/venv/lib/python3.12/site-packages/airflow/example_dags/example_branch_operator_decorator.py took 0.066 seconds
[2026-03-13T22:29:55.166+0100] {processor.py:161} INFO - Started process (PID=67475) to work on /Users/harshasogala/financial-data-platform/venv/lib/python3.12/site-packages/airflow/example_dags/example_branch_operator_decorator.py
[2026-03-13T22:29:55.167+0100] {processor.py:830} INFO - Processing file /Users/harshasogala/financial-data-platform/venv/lib/python3.12/site-packages/airflow/example_dags/example_branch_operator_decorator.py for tasks to queue
[2026-03-13T22:29:55.168+0100] {logging_mixin.py:188} INFO - [2026-03-13T22:29:55.167+0100] {dagbag.py:545} INFO - Filling up the DagBag from /Users/harshasogala/financial-data-platform/venv/lib/python3.12/site-packages/airflow/example_dags/example_branch_operator_decorator.py
[2026-03-13T22:29:55.181+0100] {processor.py:842} WARNING - No viable dags retrieved from /Users/harshasogala/financial-data-platform/venv/lib/python3.12/site-packages/airflow/example_dags/example_branch_operator_decorator.py
[2026-03-13T22:29:55.226+0100] {processor.py:183} INFO - Processing /Users/harshasogala/financial-data-platform/venv/lib/python3.12/site-packages/airflow/example_dags/example_branch_operator_decorator.py took 0.061 seconds
[2026-03-13T22:31:02.619+0100] {processor.py:161} INFO - Started process (PID=67543) to work on /Users/harshasogala/financial-data-platform/venv/lib/python3.12/site-packages/airflow/example_dags/example_branch_operator_decorator.py
[2026-03-13T22:31:02.619+0100] {processor.py:830} INFO - Processing file /Users/harshasogala/financial-data-platform/venv/lib/python3.12/site-packages/airflow/example_dags/example_branch_operator_decorator.py for tasks to queue
[2026-03-13T22:31:02.620+0100] {logging_mixin.py:188} INFO - [2026-03-13T22:31:02.620+0100] {dagbag.py:545} INFO - Filling up the DagBag from /Users/harshasogala/financial-data-platform/venv/lib/python3.12/site-packages/airflow/example_dags/example_branch_operator_decorator.py
[2026-03-13T22:31:02.634+0100] {processor.py:842} WARNING - No viable dags retrieved from /Users/harshasogala/financial-data-platform/venv/lib/python3.12/site-packages/airflow/example_dags/example_branch_operator_decorator.py
[2026-03-13T22:31:02.679+0100] {processor.py:183} INFO - Processing /Users/harshasogala/financial-data-platform/venv/lib/python3.12/site-packages/airflow/example_dags/example_branch_operator_decorator.py took 0.062 seconds
[2026-03-13T22:32:26.282+0100] {processor.py:161} INFO - Started process (PID=68706) to work on /Users/harshasogala/financial-data-platform/venv/lib/python3.12/site-packages/airflow/example_dags/example_branch_operator_decorator.py
[2026-03-13T22:32:26.283+0100] {processor.py:830} INFO - Processing file /Users/harshasogala/financial-data-platform/venv/lib/python3.12/site-packages/airflow/example_dags/example_branch_operator_decorator.py for tasks to queue
[2026-03-13T22:32:26.284+0100] {logging_mixin.py:188} INFO - [2026-03-13T22:32:26.284+0100] {dagbag.py:545} INFO - Filling up the DagBag from /Users/harshasogala/financial-data-platform/venv/lib/python3.12/site-packages/airflow/example_dags/example_branch_operator_decorator.py
[2026-03-13T22:32:26.297+0100] {processor.py:842} WARNING - No viable dags retrieved from /Users/harshasogala/financial-data-platform/venv/lib/python3.12/site-packages/airflow/example_dags/example_branch_operator_decorator.py
[2026-03-13T22:32:26.343+0100] {processor.py:183} INFO - Processing /Users/harshasogala/financial-data-platform/venv/lib/python3.12/site-packages/airflow/example_dags/example_branch_operator_decorator.py took 0.063 seconds
[2026-03-13T22:33:49.893+0100] {processor.py:161} INFO - Started process (PID=69158) to work on /Users/harshasogala/financial-data-platform/venv/lib/python3.12/site-packages/airflow/example_dags/example_branch_operator_decorator.py
[2026-03-13T22:33:49.895+0100] {processor.py:830} INFO - Processing file /Users/harshasogala/financial-data-platform/venv/lib/python3.12/site-packages/airflow/example_dags/example_branch_operator_decorator.py for tasks to queue
[2026-03-13T22:33:49.895+0100] {logging_mixin.py:188} INFO - [2026-03-13T22:33:49.895+0100] {dagbag.py:545} INFO - Filling up the DagBag from /Users/harshasogala/financial-data-platform/venv/lib/python3.12/site-packages/airflow/example_dags/example_branch_operator_decorator.py
[2026-03-13T22:33:49.908+0100] {processor.py:842} WARNING - No viable dags retrieved from /Users/harshasogala/financial-data-platform/venv/lib/python3.12/site-packages/airflow/example_dags/example_branch_operator_decorator.py
[2026-03-13T22:33:49.952+0100] {processor.py:183} INFO - Processing /Users/harshasogala/financial-data-platform/venv/lib/python3.12/site-packages/airflow/example_dags/example_branch_operator_decorator.py took 0.061 seconds
[2026-03-13T22:35:07.925+0100] {processor.py:161} INFO - Started process (PID=69221) to work on /Users/harshasogala/financial-data-platform/venv/lib/python3.12/site-packages/airflow/example_dags/example_branch_operator_decorator.py
[2026-03-13T22:35:07.926+0100] {processor.py:830} INFO - Processing file /Users/harshasogala/financial-data-platform/venv/lib/python3.12/site-packages/airflow/example_dags/example_branch_operator_decorator.py for tasks to queue
[2026-03-13T22:35:07.927+0100] {logging_mixin.py:188} INFO - [2026-03-13T22:35:07.927+0100] {dagbag.py:545} INFO - Filling up the DagBag from /Users/harshasogala/financial-data-platform/venv/lib/python3.12/site-packages/airflow/example_dags/example_branch_operator_decorator.py
[2026-03-13T22:35:07.940+0100] {processor.py:842} WARNING - No viable dags retrieved from /Users/harshasogala/financial-data-platform/venv/lib/python3.12/site-packages/airflow/example_dags/example_branch_operator_decorator.py
[2026-03-13T22:35:07.983+0100] {processor.py:183} INFO - Processing /Users/harshasogala/financial-data-platform/venv/lib/python3.12/site-packages/airflow/example_dags/example_branch_operator_decorator.py took 0.059 seconds
[2026-03-13T22:36:23.070+0100] {processor.py:161} INFO - Started process (PID=69300) to work on /Users/harshasogala/financial-data-platform/venv/lib/python3.12/site-packages/airflow/example_dags/example_branch_operator_decorator.py
[2026-03-13T22:36:23.071+0100] {processor.py:830} INFO - Processing file /Users/harshasogala/financial-data-platform/venv/lib/python3.12/site-packages/airflow/example_dags/example_branch_operator_decorator.py for tasks to queue
[2026-03-13T22:36:23.071+0100] {logging_mixin.py:188} INFO - [2026-03-13T22:36:23.071+0100] {dagbag.py:545} INFO - Filling up the DagBag from /Users/harshasogala/financial-data-platform/venv/lib/python3.12/site-packages/airflow/example_dags/example_branch_operator_decorator.py
[2026-03-13T22:36:23.084+0100] {processor.py:842} WARNING - No viable dags retrieved from /Users/harshasogala/financial-data-platform/venv/lib/python3.12/site-packages/airflow/example_dags/example_branch_operator_decorator.py
[2026-03-13T22:36:23.127+0100] {processor.py:183} INFO - Processing /Users/harshasogala/financial-data-platform/venv/lib/python3.12/site-packages/airflow/example_dags/example_branch_operator_decorator.py took 0.059 seconds
[2026-03-13T22:37:37.063+0100] {processor.py:161} INFO - Started process (PID=69358) to work on /Users/harshasogala/financial-data-platform/venv/lib/python3.12/site-packages/airflow/example_dags/example_branch_operator_decorator.py
[2026-03-13T22:37:37.065+0100] {processor.py:830} INFO - Processing file /Users/harshasogala/financial-data-platform/venv/lib/python3.12/site-packages/airflow/example_dags/example_branch_operator_decorator.py for tasks to queue
[2026-03-13T22:37:37.065+0100] {logging_mixin.py:188} INFO - [2026-03-13T22:37:37.065+0100] {dagbag.py:545} INFO - Filling up the DagBag from /Users/harshasogala/financial-data-platform/venv/lib/python3.12/site-packages/airflow/example_dags/example_branch_operator_decorator.py
[2026-03-13T22:37:37.077+0100] {processor.py:842} WARNING - No viable dags retrieved from /Users/harshasogala/financial-data-platform/venv/lib/python3.12/site-packages/airflow/example_dags/example_branch_operator_decorator.py
[2026-03-13T22:37:37.121+0100] {processor.py:183} INFO - Processing /Users/harshasogala/financial-data-platform/venv/lib/python3.12/site-packages/airflow/example_dags/example_branch_operator_decorator.py took 0.059 seconds
[2026-03-13T22:38:51.358+0100] {processor.py:161} INFO - Started process (PID=69426) to work on /Users/harshasogala/financial-data-platform/venv/lib/python3.12/site-packages/airflow/example_dags/example_branch_operator_decorator.py
[2026-03-13T22:38:51.359+0100] {processor.py:830} INFO - Processing file /Users/harshasogala/financial-data-platform/venv/lib/python3.12/site-packages/airflow/example_dags/example_branch_operator_decorator.py for tasks to queue
[2026-03-13T22:38:51.360+0100] {logging_mixin.py:188} INFO - [2026-03-13T22:38:51.359+0100] {dagbag.py:545} INFO - Filling up the DagBag from /Users/harshasogala/financial-data-platform/venv/lib/python3.12/site-packages/airflow/example_dags/example_branch_operator_decorator.py
[2026-03-13T22:38:51.372+0100] {processor.py:842} WARNING - No viable dags retrieved from /Users/harshasogala/financial-data-platform/venv/lib/python3.12/site-packages/airflow/example_dags/example_branch_operator_decorator.py
[2026-03-13T22:38:51.415+0100] {processor.py:183} INFO - Processing /Users/harshasogala/financial-data-platform/venv/lib/python3.12/site-packages/airflow/example_dags/example_branch_operator_decorator.py took 0.058 seconds
[2026-03-13T22:40:05.908+0100] {processor.py:161} INFO - Started process (PID=69646) to work on /Users/harshasogala/financial-data-platform/venv/lib/python3.12/site-packages/airflow/example_dags/example_branch_operator_decorator.py
[2026-03-13T22:40:05.909+0100] {processor.py:830} INFO - Processing file /Users/harshasogala/financial-data-platform/venv/lib/python3.12/site-packages/airflow/example_dags/example_branch_operator_decorator.py for tasks to queue
[2026-03-13T22:40:05.909+0100] {logging_mixin.py:188} INFO - [2026-03-13T22:40:05.909+0100] {dagbag.py:545} INFO - Filling up the DagBag from /Users/harshasogala/financial-data-platform/venv/lib/python3.12/site-packages/airflow/example_dags/example_branch_operator_decorator.py
[2026-03-13T22:40:05.922+0100] {processor.py:842} WARNING - No viable dags retrieved from /Users/harshasogala/financial-data-platform/venv/lib/python3.12/site-packages/airflow/example_dags/example_branch_operator_decorator.py
[2026-03-13T22:40:05.967+0100] {processor.py:183} INFO - Processing /Users/harshasogala/financial-data-platform/venv/lib/python3.12/site-packages/airflow/example_dags/example_branch_operator_decorator.py took 0.061 seconds
[2026-03-13T22:41:29.155+0100] {processor.py:161} INFO - Started process (PID=69706) to work on /Users/harshasogala/financial-data-platform/venv/lib/python3.12/site-packages/airflow/example_dags/example_branch_operator_decorator.py
[2026-03-13T22:41:29.157+0100] {processor.py:830} INFO - Processing file /Users/harshasogala/financial-data-platform/venv/lib/python3.12/site-packages/airflow/example_dags/example_branch_operator_decorator.py for tasks to queue
[2026-03-13T22:41:29.157+0100] {logging_mixin.py:188} INFO - [2026-03-13T22:41:29.157+0100] {dagbag.py:545} INFO - Filling up the DagBag from /Users/harshasogala/financial-data-platform/venv/lib/python3.12/site-packages/airflow/example_dags/example_branch_operator_decorator.py
[2026-03-13T22:41:29.170+0100] {processor.py:842} WARNING - No viable dags retrieved from /Users/harshasogala/financial-data-platform/venv/lib/python3.12/site-packages/airflow/example_dags/example_branch_operator_decorator.py
[2026-03-13T22:41:29.212+0100] {processor.py:183} INFO - Processing /Users/harshasogala/financial-data-platform/venv/lib/python3.12/site-packages/airflow/example_dags/example_branch_operator_decorator.py took 0.059 seconds
[2026-03-13T22:42:47.212+0100] {processor.py:161} INFO - Started process (PID=69767) to work on /Users/harshasogala/financial-data-platform/venv/lib/python3.12/site-packages/airflow/example_dags/example_branch_operator_decorator.py
[2026-03-13T22:42:47.214+0100] {processor.py:830} INFO - Processing file /Users/harshasogala/financial-data-platform/venv/lib/python3.12/site-packages/airflow/example_dags/example_branch_operator_decorator.py for tasks to queue
[2026-03-13T22:42:47.215+0100] {logging_mixin.py:188} INFO - [2026-03-13T22:42:47.215+0100] {dagbag.py:545} INFO - Filling up the DagBag from /Users/harshasogala/financial-data-platform/venv/lib/python3.12/site-packages/airflow/example_dags/example_branch_operator_decorator.py
[2026-03-13T22:42:47.228+0100] {processor.py:842} WARNING - No viable dags retrieved from /Users/harshasogala/financial-data-platform/venv/lib/python3.12/site-packages/airflow/example_dags/example_branch_operator_decorator.py
[2026-03-13T22:42:47.273+0100] {processor.py:183} INFO - Processing /Users/harshasogala/financial-data-platform/venv/lib/python3.12/site-packages/airflow/example_dags/example_branch_operator_decorator.py took 0.063 seconds
[2026-03-13T22:44:07.712+0100] {processor.py:161} INFO - Started process (PID=70022) to work on /Users/harshasogala/financial-data-platform/venv/lib/python3.12/site-packages/airflow/example_dags/example_branch_operator_decorator.py
[2026-03-13T22:44:07.713+0100] {processor.py:830} INFO - Processing file /Users/harshasogala/financial-data-platform/venv/lib/python3.12/site-packages/airflow/example_dags/example_branch_operator_decorator.py for tasks to queue
[2026-03-13T22:44:07.713+0100] {logging_mixin.py:188} INFO - [2026-03-13T22:44:07.713+0100] {dagbag.py:545} INFO - Filling up the DagBag from /Users/harshasogala/financial-data-platform/venv/lib/python3.12/site-packages/airflow/example_dags/example_branch_operator_decorator.py
[2026-03-13T22:44:07.726+0100] {processor.py:842} WARNING - No viable dags retrieved from /Users/harshasogala/financial-data-platform/venv/lib/python3.12/site-packages/airflow/example_dags/example_branch_operator_decorator.py
[2026-03-13T22:44:07.769+0100] {processor.py:183} INFO - Processing /Users/harshasogala/financial-data-platform/venv/lib/python3.12/site-packages/airflow/example_dags/example_branch_operator_decorator.py took 0.058 seconds
[2026-03-13T22:45:37.578+0100] {processor.py:161} INFO - Started process (PID=70311) to work on /Users/harshasogala/financial-data-platform/venv/lib/python3.12/site-packages/airflow/example_dags/example_branch_operator_decorator.py
[2026-03-13T22:45:37.579+0100] {processor.py:830} INFO - Processing file /Users/harshasogala/financial-data-platform/venv/lib/python3.12/site-packages/airflow/example_dags/example_branch_operator_decorator.py for tasks to queue
[2026-03-13T22:45:37.579+0100] {logging_mixin.py:188} INFO - [2026-03-13T22:45:37.579+0100] {dagbag.py:545} INFO - Filling up the DagBag from /Users/harshasogala/financial-data-platform/venv/lib/python3.12/site-packages/airflow/example_dags/example_branch_operator_decorator.py
[2026-03-13T22:45:37.594+0100] {processor.py:842} WARNING - No viable dags retrieved from /Users/harshasogala/financial-data-platform/venv/lib/python3.12/site-packages/airflow/example_dags/example_branch_operator_decorator.py
[2026-03-13T22:45:37.640+0100] {processor.py:183} INFO - Processing /Users/harshasogala/financial-data-platform/venv/lib/python3.12/site-packages/airflow/example_dags/example_branch_operator_decorator.py took 0.064 seconds
[2026-03-13T22:47:06.481+0100] {processor.py:161} INFO - Started process (PID=70620) to work on /Users/harshasogala/financial-data-platform/venv/lib/python3.12/site-packages/airflow/example_dags/example_branch_operator_decorator.py
[2026-03-13T22:47:06.481+0100] {processor.py:830} INFO - Processing file /Users/harshasogala/financial-data-platform/venv/lib/python3.12/site-packages/airflow/example_dags/example_branch_operator_decorator.py for tasks to queue
[2026-03-13T22:47:06.482+0100] {logging_mixin.py:188} INFO - [2026-03-13T22:47:06.482+0100] {dagbag.py:545} INFO - Filling up the DagBag from /Users/harshasogala/financial-data-platform/venv/lib/python3.12/site-packages/airflow/example_dags/example_branch_operator_decorator.py
[2026-03-13T22:47:06.498+0100] {processor.py:842} WARNING - No viable dags retrieved from /Users/harshasogala/financial-data-platform/venv/lib/python3.12/site-packages/airflow/example_dags/example_branch_operator_decorator.py
[2026-03-13T22:47:06.557+0100] {processor.py:183} INFO - Processing /Users/harshasogala/financial-data-platform/venv/lib/python3.12/site-packages/airflow/example_dags/example_branch_operator_decorator.py took 0.079 seconds
[2026-03-13T22:48:27.695+0100] {processor.py:161} INFO - Started process (PID=71425) to work on /Users/harshasogala/financial-data-platform/venv/lib/python3.12/site-packages/airflow/example_dags/example_branch_operator_decorator.py
[2026-03-13T22:48:27.696+0100] {processor.py:830} INFO - Processing file /Users/harshasogala/financial-data-platform/venv/lib/python3.12/site-packages/airflow/example_dags/example_branch_operator_decorator.py for tasks to queue
[2026-03-13T22:48:27.697+0100] {logging_mixin.py:188} INFO - [2026-03-13T22:48:27.697+0100] {dagbag.py:545} INFO - Filling up the DagBag from /Users/harshasogala/financial-data-platform/venv/lib/python3.12/site-packages/airflow/example_dags/example_branch_operator_decorator.py
[2026-03-13T22:48:27.710+0100] {processor.py:842} WARNING - No viable dags retrieved from /Users/harshasogala/financial-data-platform/venv/lib/python3.12/site-packages/airflow/example_dags/example_branch_operator_decorator.py
[2026-03-13T22:48:27.755+0100] {processor.py:183} INFO - Processing /Users/harshasogala/financial-data-platform/venv/lib/python3.12/site-packages/airflow/example_dags/example_branch_operator_decorator.py took 0.062 seconds
[2026-03-13T22:49:47.657+0100] {processor.py:161} INFO - Started process (PID=71499) to work on /Users/harshasogala/financial-data-platform/venv/lib/python3.12/site-packages/airflow/example_dags/example_branch_operator_decorator.py
[2026-03-13T22:49:47.658+0100] {processor.py:830} INFO - Processing file /Users/harshasogala/financial-data-platform/venv/lib/python3.12/site-packages/airflow/example_dags/example_branch_operator_decorator.py for tasks to queue
[2026-03-13T22:49:47.658+0100] {logging_mixin.py:188} INFO - [2026-03-13T22:49:47.658+0100] {dagbag.py:545} INFO - Filling up the DagBag from /Users/harshasogala/financial-data-platform/venv/lib/python3.12/site-packages/airflow/example_dags/example_branch_operator_decorator.py
[2026-03-13T22:49:47.673+0100] {processor.py:842} WARNING - No viable dags retrieved from /Users/harshasogala/financial-data-platform/venv/lib/python3.12/site-packages/airflow/example_dags/example_branch_operator_decorator.py
[2026-03-13T22:49:47.719+0100] {processor.py:183} INFO - Processing /Users/harshasogala/financial-data-platform/venv/lib/python3.12/site-packages/airflow/example_dags/example_branch_operator_decorator.py took 0.064 seconds
[2026-03-13T22:51:18.012+0100] {processor.py:161} INFO - Started process (PID=72039) to work on /Users/harshasogala/financial-data-platform/venv/lib/python3.12/site-packages/airflow/example_dags/example_branch_operator_decorator.py
[2026-03-13T22:51:18.013+0100] {processor.py:830} INFO - Processing file /Users/harshasogala/financial-data-platform/venv/lib/python3.12/site-packages/airflow/example_dags/example_branch_operator_decorator.py for tasks to queue
[2026-03-13T22:51:18.014+0100] {logging_mixin.py:188} INFO - [2026-03-13T22:51:18.014+0100] {dagbag.py:545} INFO - Filling up the DagBag from /Users/harshasogala/financial-data-platform/venv/lib/python3.12/site-packages/airflow/example_dags/example_branch_operator_decorator.py
[2026-03-13T22:51:18.026+0100] {processor.py:842} WARNING - No viable dags retrieved from /Users/harshasogala/financial-data-platform/venv/lib/python3.12/site-packages/airflow/example_dags/example_branch_operator_decorator.py
[2026-03-13T22:51:18.069+0100] {processor.py:183} INFO - Processing /Users/harshasogala/financial-data-platform/venv/lib/python3.12/site-packages/airflow/example_dags/example_branch_operator_decorator.py took 0.058 seconds
[2026-03-13T22:52:33.694+0100] {processor.py:161} INFO - Started process (PID=72333) to work on /Users/harshasogala/financial-data-platform/venv/lib/python3.12/site-packages/airflow/example_dags/example_branch_operator_decorator.py
[2026-03-13T22:52:33.694+0100] {processor.py:830} INFO - Processing file /Users/harshasogala/financial-data-platform/venv/lib/python3.12/site-packages/airflow/example_dags/example_branch_operator_decorator.py for tasks to queue
[2026-03-13T22:52:33.695+0100] {logging_mixin.py:188} INFO - [2026-03-13T22:52:33.695+0100] {dagbag.py:545} INFO - Filling up the DagBag from /Users/harshasogala/financial-data-platform/venv/lib/python3.12/site-packages/airflow/example_dags/example_branch_operator_decorator.py
[2026-03-13T22:52:33.708+0100] {processor.py:842} WARNING - No viable dags retrieved from /Users/harshasogala/financial-data-platform/venv/lib/python3.12/site-packages/airflow/example_dags/example_branch_operator_decorator.py
[2026-03-13T22:52:33.755+0100] {processor.py:183} INFO - Processing /Users/harshasogala/financial-data-platform/venv/lib/python3.12/site-packages/airflow/example_dags/example_branch_operator_decorator.py took 0.063 seconds
[2026-03-13T22:53:49.847+0100] {processor.py:161} INFO - Started process (PID=72435) to work on /Users/harshasogala/financial-data-platform/venv/lib/python3.12/site-packages/airflow/example_dags/example_branch_operator_decorator.py
[2026-03-13T22:53:49.849+0100] {processor.py:830} INFO - Processing file /Users/harshasogala/financial-data-platform/venv/lib/python3.12/site-packages/airflow/example_dags/example_branch_operator_decorator.py for tasks to queue
[2026-03-13T22:53:49.849+0100] {logging_mixin.py:188} INFO - [2026-03-13T22:53:49.849+0100] {dagbag.py:545} INFO - Filling up the DagBag from /Users/harshasogala/financial-data-platform/venv/lib/python3.12/site-packages/airflow/example_dags/example_branch_operator_decorator.py
[2026-03-13T22:53:49.862+0100] {processor.py:842} WARNING - No viable dags retrieved from /Users/harshasogala/financial-data-platform/venv/lib/python3.12/site-packages/airflow/example_dags/example_branch_operator_decorator.py
[2026-03-13T22:53:49.911+0100] {processor.py:183} INFO - Processing /Users/harshasogala/financial-data-platform/venv/lib/python3.12/site-packages/airflow/example_dags/example_branch_operator_decorator.py took 0.066 seconds
[2026-03-13T22:55:19.330+0100] {processor.py:161} INFO - Started process (PID=72534) to work on /Users/harshasogala/financial-data-platform/venv/lib/python3.12/site-packages/airflow/example_dags/example_branch_operator_decorator.py
[2026-03-13T22:55:19.331+0100] {processor.py:830} INFO - Processing file /Users/harshasogala/financial-data-platform/venv/lib/python3.12/site-packages/airflow/example_dags/example_branch_operator_decorator.py for tasks to queue
[2026-03-13T22:55:19.331+0100] {logging_mixin.py:188} INFO - [2026-03-13T22:55:19.331+0100] {dagbag.py:545} INFO - Filling up the DagBag from /Users/harshasogala/financial-data-platform/venv/lib/python3.12/site-packages/airflow/example_dags/example_branch_operator_decorator.py
[2026-03-13T22:55:19.344+0100] {processor.py:842} WARNING - No viable dags retrieved from /Users/harshasogala/financial-data-platform/venv/lib/python3.12/site-packages/airflow/example_dags/example_branch_operator_decorator.py
[2026-03-13T22:55:19.387+0100] {processor.py:183} INFO - Processing /Users/harshasogala/financial-data-platform/venv/lib/python3.12/site-packages/airflow/example_dags/example_branch_operator_decorator.py took 0.059 seconds
[2026-03-13T22:56:39.176+0100] {processor.py:161} INFO - Started process (PID=72629) to work on /Users/harshasogala/financial-data-platform/venv/lib/python3.12/site-packages/airflow/example_dags/example_branch_operator_decorator.py
[2026-03-13T22:56:39.177+0100] {processor.py:830} INFO - Processing file /Users/harshasogala/financial-data-platform/venv/lib/python3.12/site-packages/airflow/example_dags/example_branch_operator_decorator.py for tasks to queue
[2026-03-13T22:56:39.178+0100] {logging_mixin.py:188} INFO - [2026-03-13T22:56:39.178+0100] {dagbag.py:545} INFO - Filling up the DagBag from /Users/harshasogala/financial-data-platform/venv/lib/python3.12/site-packages/airflow/example_dags/example_branch_operator_decorator.py
[2026-03-13T22:56:39.201+0100] {processor.py:842} WARNING - No viable dags retrieved from /Users/harshasogala/financial-data-platform/venv/lib/python3.12/site-packages/airflow/example_dags/example_branch_operator_decorator.py
[2026-03-13T22:56:39.250+0100] {processor.py:183} INFO - Processing /Users/harshasogala/financial-data-platform/venv/lib/python3.12/site-packages/airflow/example_dags/example_branch_operator_decorator.py took 0.076 seconds
[2026-03-13T22:57:58.172+0100] {processor.py:161} INFO - Started process (PID=72690) to work on /Users/harshasogala/financial-data-platform/venv/lib/python3.12/site-packages/airflow/example_dags/example_branch_operator_decorator.py
[2026-03-13T22:57:58.173+0100] {processor.py:830} INFO - Processing file /Users/harshasogala/financial-data-platform/venv/lib/python3.12/site-packages/airflow/example_dags/example_branch_operator_decorator.py for tasks to queue
[2026-03-13T22:57:58.173+0100] {logging_mixin.py:188} INFO - [2026-03-13T22:57:58.173+0100] {dagbag.py:545} INFO - Filling up the DagBag from /Users/harshasogala/financial-data-platform/venv/lib/python3.12/site-packages/airflow/example_dags/example_branch_operator_decorator.py
[2026-03-13T22:57:58.187+0100] {processor.py:842} WARNING - No viable dags retrieved from /Users/harshasogala/financial-data-platform/venv/lib/python3.12/site-packages/airflow/example_dags/example_branch_operator_decorator.py
[2026-03-13T22:57:58.229+0100] {processor.py:183} INFO - Processing /Users/harshasogala/financial-data-platform/venv/lib/python3.12/site-packages/airflow/example_dags/example_branch_operator_decorator.py took 0.059 seconds
[2026-03-13T22:59:21.362+0100] {processor.py:161} INFO - Started process (PID=72764) to work on /Users/harshasogala/financial-data-platform/venv/lib/python3.12/site-packages/airflow/example_dags/example_branch_operator_decorator.py
[2026-03-13T22:59:21.363+0100] {processor.py:830} INFO - Processing file /Users/harshasogala/financial-data-platform/venv/lib/python3.12/site-packages/airflow/example_dags/example_branch_operator_decorator.py for tasks to queue
[2026-03-13T22:59:21.363+0100] {logging_mixin.py:188} INFO - [2026-03-13T22:59:21.363+0100] {dagbag.py:545} INFO - Filling up the DagBag from /Users/harshasogala/financial-data-platform/venv/lib/python3.12/site-packages/airflow/example_dags/example_branch_operator_decorator.py
[2026-03-13T22:59:21.375+0100] {processor.py:842} WARNING - No viable dags retrieved from /Users/harshasogala/financial-data-platform/venv/lib/python3.12/site-packages/airflow/example_dags/example_branch_operator_decorator.py
[2026-03-13T22:59:21.418+0100] {processor.py:183} INFO - Processing /Users/harshasogala/financial-data-platform/venv/lib/python3.12/site-packages/airflow/example_dags/example_branch_operator_decorator.py took 0.058 seconds
[2026-03-13T23:00:38.169+0100] {processor.py:161} INFO - Started process (PID=72835) to work on /Users/harshasogala/financial-data-platform/venv/lib/python3.12/site-packages/airflow/example_dags/example_branch_operator_decorator.py
[2026-03-13T23:00:38.170+0100] {processor.py:830} INFO - Processing file /Users/harshasogala/financial-data-platform/venv/lib/python3.12/site-packages/airflow/example_dags/example_branch_operator_decorator.py for tasks to queue
[2026-03-13T23:00:38.171+0100] {logging_mixin.py:188} INFO - [2026-03-13T23:00:38.170+0100] {dagbag.py:545} INFO - Filling up the DagBag from /Users/harshasogala/financial-data-platform/venv/lib/python3.12/site-packages/airflow/example_dags/example_branch_operator_decorator.py
[2026-03-13T23:00:38.183+0100] {processor.py:842} WARNING - No viable dags retrieved from /Users/harshasogala/financial-data-platform/venv/lib/python3.12/site-packages/airflow/example_dags/example_branch_operator_decorator.py
[2026-03-13T23:00:38.226+0100] {processor.py:183} INFO - Processing /Users/harshasogala/financial-data-platform/venv/lib/python3.12/site-packages/airflow/example_dags/example_branch_operator_decorator.py took 0.059 seconds
[2026-03-13T23:01:59.314+0100] {processor.py:161} INFO - Started process (PID=72896) to work on /Users/harshasogala/financial-data-platform/venv/lib/python3.12/site-packages/airflow/example_dags/example_branch_operator_decorator.py
[2026-03-13T23:01:59.315+0100] {processor.py:830} INFO - Processing file /Users/harshasogala/financial-data-platform/venv/lib/python3.12/site-packages/airflow/example_dags/example_branch_operator_decorator.py for tasks to queue
[2026-03-13T23:01:59.315+0100] {logging_mixin.py:188} INFO - [2026-03-13T23:01:59.315+0100] {dagbag.py:545} INFO - Filling up the DagBag from /Users/harshasogala/financial-data-platform/venv/lib/python3.12/site-packages/airflow/example_dags/example_branch_operator_decorator.py
[2026-03-13T23:01:59.328+0100] {processor.py:842} WARNING - No viable dags retrieved from /Users/harshasogala/financial-data-platform/venv/lib/python3.12/site-packages/airflow/example_dags/example_branch_operator_decorator.py
[2026-03-13T23:01:59.371+0100] {processor.py:183} INFO - Processing /Users/harshasogala/financial-data-platform/venv/lib/python3.12/site-packages/airflow/example_dags/example_branch_operator_decorator.py took 0.058 seconds
[2026-03-13T23:03:17.889+0100] {processor.py:161} INFO - Started process (PID=72954) to work on /Users/harshasogala/financial-data-platform/venv/lib/python3.12/site-packages/airflow/example_dags/example_branch_operator_decorator.py
[2026-03-13T23:03:17.890+0100] {processor.py:830} INFO - Processing file /Users/harshasogala/financial-data-platform/venv/lib/python3.12/site-packages/airflow/example_dags/example_branch_operator_decorator.py for tasks to queue
[2026-03-13T23:03:17.891+0100] {logging_mixin.py:188} INFO - [2026-03-13T23:03:17.890+0100] {dagbag.py:545} INFO - Filling up the DagBag from /Users/harshasogala/financial-data-platform/venv/lib/python3.12/site-packages/airflow/example_dags/example_branch_operator_decorator.py
[2026-03-13T23:03:17.904+0100] {processor.py:842} WARNING - No viable dags retrieved from /Users/harshasogala/financial-data-platform/venv/lib/python3.12/site-packages/airflow/example_dags/example_branch_operator_decorator.py
[2026-03-13T23:03:17.952+0100] {processor.py:183} INFO - Processing /Users/harshasogala/financial-data-platform/venv/lib/python3.12/site-packages/airflow/example_dags/example_branch_operator_decorator.py took 0.065 seconds
[2026-03-13T23:04:35.693+0100] {processor.py:161} INFO - Started process (PID=73015) to work on /Users/harshasogala/financial-data-platform/venv/lib/python3.12/site-packages/airflow/example_dags/example_branch_operator_decorator.py
[2026-03-13T23:04:35.695+0100] {processor.py:830} INFO - Processing file /Users/harshasogala/financial-data-platform/venv/lib/python3.12/site-packages/airflow/example_dags/example_branch_operator_decorator.py for tasks to queue
[2026-03-13T23:04:35.695+0100] {logging_mixin.py:188} INFO - [2026-03-13T23:04:35.695+0100] {dagbag.py:545} INFO - Filling up the DagBag from /Users/harshasogala/financial-data-platform/venv/lib/python3.12/site-packages/airflow/example_dags/example_branch_operator_decorator.py
[2026-03-13T23:04:35.708+0100] {processor.py:842} WARNING - No viable dags retrieved from /Users/harshasogala/financial-data-platform/venv/lib/python3.12/site-packages/airflow/example_dags/example_branch_operator_decorator.py
[2026-03-13T23:04:35.751+0100] {processor.py:183} INFO - Processing /Users/harshasogala/financial-data-platform/venv/lib/python3.12/site-packages/airflow/example_dags/example_branch_operator_decorator.py took 0.059 seconds
[2026-03-13T23:05:52.405+0100] {processor.py:161} INFO - Started process (PID=73081) to work on /Users/harshasogala/financial-data-platform/venv/lib/python3.12/site-packages/airflow/example_dags/example_branch_operator_decorator.py
[2026-03-13T23:05:52.406+0100] {processor.py:830} INFO - Processing file /Users/harshasogala/financial-data-platform/venv/lib/python3.12/site-packages/airflow/example_dags/example_branch_operator_decorator.py for tasks to queue
[2026-03-13T23:05:52.407+0100] {logging_mixin.py:188} INFO - [2026-03-13T23:05:52.407+0100] {dagbag.py:545} INFO - Filling up the DagBag from /Users/harshasogala/financial-data-platform/venv/lib/python3.12/site-packages/airflow/example_dags/example_branch_operator_decorator.py
[2026-03-13T23:05:52.419+0100] {processor.py:842} WARNING - No viable dags retrieved from /Users/harshasogala/financial-data-platform/venv/lib/python3.12/site-packages/airflow/example_dags/example_branch_operator_decorator.py
[2026-03-13T23:05:52.462+0100] {processor.py:183} INFO - Processing /Users/harshasogala/financial-data-platform/venv/lib/python3.12/site-packages/airflow/example_dags/example_branch_operator_decorator.py took 0.059 seconds
[2026-03-13T23:07:14.225+0100] {processor.py:161} INFO - Started process (PID=73149) to work on /Users/harshasogala/financial-data-platform/venv/lib/python3.12/site-packages/airflow/example_dags/example_branch_operator_decorator.py
[2026-03-13T23:07:14.227+0100] {processor.py:830} INFO - Processing file /Users/harshasogala/financial-data-platform/venv/lib/python3.12/site-packages/airflow/example_dags/example_branch_operator_decorator.py for tasks to queue
[2026-03-13T23:07:14.228+0100] {logging_mixin.py:188} INFO - [2026-03-13T23:07:14.228+0100] {dagbag.py:545} INFO - Filling up the DagBag from /Users/harshasogala/financial-data-platform/venv/lib/python3.12/site-packages/airflow/example_dags/example_branch_operator_decorator.py
[2026-03-13T23:07:14.247+0100] {processor.py:842} WARNING - No viable dags retrieved from /Users/harshasogala/financial-data-platform/venv/lib/python3.12/site-packages/airflow/example_dags/example_branch_operator_decorator.py
[2026-03-13T23:07:14.315+0100] {processor.py:183} INFO - Processing /Users/harshasogala/financial-data-platform/venv/lib/python3.12/site-packages/airflow/example_dags/example_branch_operator_decorator.py took 0.092 seconds
[2026-03-13T23:08:32.199+0100] {processor.py:161} INFO - Started process (PID=73211) to work on /Users/harshasogala/financial-data-platform/venv/lib/python3.12/site-packages/airflow/example_dags/example_branch_operator_decorator.py
[2026-03-13T23:08:32.200+0100] {processor.py:830} INFO - Processing file /Users/harshasogala/financial-data-platform/venv/lib/python3.12/site-packages/airflow/example_dags/example_branch_operator_decorator.py for tasks to queue
[2026-03-13T23:08:32.200+0100] {logging_mixin.py:188} INFO - [2026-03-13T23:08:32.200+0100] {dagbag.py:545} INFO - Filling up the DagBag from /Users/harshasogala/financial-data-platform/venv/lib/python3.12/site-packages/airflow/example_dags/example_branch_operator_decorator.py
[2026-03-13T23:08:32.213+0100] {processor.py:842} WARNING - No viable dags retrieved from /Users/harshasogala/financial-data-platform/venv/lib/python3.12/site-packages/airflow/example_dags/example_branch_operator_decorator.py
[2026-03-13T23:08:32.257+0100] {processor.py:183} INFO - Processing /Users/harshasogala/financial-data-platform/venv/lib/python3.12/site-packages/airflow/example_dags/example_branch_operator_decorator.py took 0.060 seconds
[2026-03-13T23:09:44.250+0100] {processor.py:161} INFO - Started process (PID=73267) to work on /Users/harshasogala/financial-data-platform/venv/lib/python3.12/site-packages/airflow/example_dags/example_branch_operator_decorator.py
[2026-03-13T23:09:44.252+0100] {processor.py:830} INFO - Processing file /Users/harshasogala/financial-data-platform/venv/lib/python3.12/site-packages/airflow/example_dags/example_branch_operator_decorator.py for tasks to queue
[2026-03-13T23:09:44.252+0100] {logging_mixin.py:188} INFO - [2026-03-13T23:09:44.252+0100] {dagbag.py:545} INFO - Filling up the DagBag from /Users/harshasogala/financial-data-platform/venv/lib/python3.12/site-packages/airflow/example_dags/example_branch_operator_decorator.py
[2026-03-13T23:09:44.265+0100] {processor.py:842} WARNING - No viable dags retrieved from /Users/harshasogala/financial-data-platform/venv/lib/python3.12/site-packages/airflow/example_dags/example_branch_operator_decorator.py
[2026-03-13T23:09:44.308+0100] {processor.py:183} INFO - Processing /Users/harshasogala/financial-data-platform/venv/lib/python3.12/site-packages/airflow/example_dags/example_branch_operator_decorator.py took 0.060 seconds
[2026-03-13T23:10:57.480+0100] {processor.py:161} INFO - Started process (PID=73324) to work on /Users/harshasogala/financial-data-platform/venv/lib/python3.12/site-packages/airflow/example_dags/example_branch_operator_decorator.py
[2026-03-13T23:10:57.481+0100] {processor.py:830} INFO - Processing file /Users/harshasogala/financial-data-platform/venv/lib/python3.12/site-packages/airflow/example_dags/example_branch_operator_decorator.py for tasks to queue
[2026-03-13T23:10:57.482+0100] {logging_mixin.py:188} INFO - [2026-03-13T23:10:57.482+0100] {dagbag.py:545} INFO - Filling up the DagBag from /Users/harshasogala/financial-data-platform/venv/lib/python3.12/site-packages/airflow/example_dags/example_branch_operator_decorator.py
[2026-03-13T23:10:57.494+0100] {processor.py:842} WARNING - No viable dags retrieved from /Users/harshasogala/financial-data-platform/venv/lib/python3.12/site-packages/airflow/example_dags/example_branch_operator_decorator.py
[2026-03-13T23:10:57.539+0100] {processor.py:183} INFO - Processing /Users/harshasogala/financial-data-platform/venv/lib/python3.12/site-packages/airflow/example_dags/example_branch_operator_decorator.py took 0.061 seconds
[2026-03-13T23:12:10.935+0100] {processor.py:161} INFO - Started process (PID=73394) to work on /Users/harshasogala/financial-data-platform/venv/lib/python3.12/site-packages/airflow/example_dags/example_branch_operator_decorator.py
[2026-03-13T23:12:10.937+0100] {processor.py:830} INFO - Processing file /Users/harshasogala/financial-data-platform/venv/lib/python3.12/site-packages/airflow/example_dags/example_branch_operator_decorator.py for tasks to queue
[2026-03-13T23:12:10.937+0100] {logging_mixin.py:188} INFO - [2026-03-13T23:12:10.937+0100] {dagbag.py:545} INFO - Filling up the DagBag from /Users/harshasogala/financial-data-platform/venv/lib/python3.12/site-packages/airflow/example_dags/example_branch_operator_decorator.py
[2026-03-13T23:12:10.949+0100] {processor.py:842} WARNING - No viable dags retrieved from /Users/harshasogala/financial-data-platform/venv/lib/python3.12/site-packages/airflow/example_dags/example_branch_operator_decorator.py
[2026-03-13T23:12:10.991+0100] {processor.py:183} INFO - Processing /Users/harshasogala/financial-data-platform/venv/lib/python3.12/site-packages/airflow/example_dags/example_branch_operator_decorator.py took 0.058 seconds
[2026-03-13T23:13:26.891+0100] {processor.py:161} INFO - Started process (PID=73453) to work on /Users/harshasogala/financial-data-platform/venv/lib/python3.12/site-packages/airflow/example_dags/example_branch_operator_decorator.py
[2026-03-13T23:13:26.892+0100] {processor.py:830} INFO - Processing file /Users/harshasogala/financial-data-platform/venv/lib/python3.12/site-packages/airflow/example_dags/example_branch_operator_decorator.py for tasks to queue
[2026-03-13T23:13:26.893+0100] {logging_mixin.py:188} INFO - [2026-03-13T23:13:26.892+0100] {dagbag.py:545} INFO - Filling up the DagBag from /Users/harshasogala/financial-data-platform/venv/lib/python3.12/site-packages/airflow/example_dags/example_branch_operator_decorator.py
[2026-03-13T23:13:26.905+0100] {processor.py:842} WARNING - No viable dags retrieved from /Users/harshasogala/financial-data-platform/venv/lib/python3.12/site-packages/airflow/example_dags/example_branch_operator_decorator.py
[2026-03-13T23:13:26.949+0100] {processor.py:183} INFO - Processing /Users/harshasogala/financial-data-platform/venv/lib/python3.12/site-packages/airflow/example_dags/example_branch_operator_decorator.py took 0.060 seconds
[2026-03-13T23:14:39.975+0100] {processor.py:161} INFO - Started process (PID=73513) to work on /Users/harshasogala/financial-data-platform/venv/lib/python3.12/site-packages/airflow/example_dags/example_branch_operator_decorator.py
[2026-03-13T23:14:39.976+0100] {processor.py:830} INFO - Processing file /Users/harshasogala/financial-data-platform/venv/lib/python3.12/site-packages/airflow/example_dags/example_branch_operator_decorator.py for tasks to queue
[2026-03-13T23:14:39.976+0100] {logging_mixin.py:188} INFO - [2026-03-13T23:14:39.976+0100] {dagbag.py:545} INFO - Filling up the DagBag from /Users/harshasogala/financial-data-platform/venv/lib/python3.12/site-packages/airflow/example_dags/example_branch_operator_decorator.py
[2026-03-13T23:14:39.989+0100] {processor.py:842} WARNING - No viable dags retrieved from /Users/harshasogala/financial-data-platform/venv/lib/python3.12/site-packages/airflow/example_dags/example_branch_operator_decorator.py
[2026-03-13T23:14:40.036+0100] {processor.py:183} INFO - Processing /Users/harshasogala/financial-data-platform/venv/lib/python3.12/site-packages/airflow/example_dags/example_branch_operator_decorator.py took 0.064 seconds
[2026-03-13T23:15:55.309+0100] {processor.py:161} INFO - Started process (PID=73573) to work on /Users/harshasogala/financial-data-platform/venv/lib/python3.12/site-packages/airflow/example_dags/example_branch_operator_decorator.py
[2026-03-13T23:15:55.310+0100] {processor.py:830} INFO - Processing file /Users/harshasogala/financial-data-platform/venv/lib/python3.12/site-packages/airflow/example_dags/example_branch_operator_decorator.py for tasks to queue
[2026-03-13T23:15:55.310+0100] {logging_mixin.py:188} INFO - [2026-03-13T23:15:55.310+0100] {dagbag.py:545} INFO - Filling up the DagBag from /Users/harshasogala/financial-data-platform/venv/lib/python3.12/site-packages/airflow/example_dags/example_branch_operator_decorator.py
[2026-03-13T23:15:55.323+0100] {processor.py:842} WARNING - No viable dags retrieved from /Users/harshasogala/financial-data-platform/venv/lib/python3.12/site-packages/airflow/example_dags/example_branch_operator_decorator.py
[2026-03-13T23:15:55.366+0100] {processor.py:183} INFO - Processing /Users/harshasogala/financial-data-platform/venv/lib/python3.12/site-packages/airflow/example_dags/example_branch_operator_decorator.py took 0.059 seconds
[2026-03-13T23:17:10.327+0100] {processor.py:161} INFO - Started process (PID=73643) to work on /Users/harshasogala/financial-data-platform/venv/lib/python3.12/site-packages/airflow/example_dags/example_branch_operator_decorator.py
[2026-03-13T23:17:10.328+0100] {processor.py:830} INFO - Processing file /Users/harshasogala/financial-data-platform/venv/lib/python3.12/site-packages/airflow/example_dags/example_branch_operator_decorator.py for tasks to queue
[2026-03-13T23:17:10.329+0100] {logging_mixin.py:188} INFO - [2026-03-13T23:17:10.328+0100] {dagbag.py:545} INFO - Filling up the DagBag from /Users/harshasogala/financial-data-platform/venv/lib/python3.12/site-packages/airflow/example_dags/example_branch_operator_decorator.py
[2026-03-13T23:17:10.341+0100] {processor.py:842} WARNING - No viable dags retrieved from /Users/harshasogala/financial-data-platform/venv/lib/python3.12/site-packages/airflow/example_dags/example_branch_operator_decorator.py
[2026-03-13T23:17:10.385+0100] {processor.py:183} INFO - Processing /Users/harshasogala/financial-data-platform/venv/lib/python3.12/site-packages/airflow/example_dags/example_branch_operator_decorator.py took 0.059 seconds
[2026-03-13T23:18:27.856+0100] {processor.py:161} INFO - Started process (PID=73705) to work on /Users/harshasogala/financial-data-platform/venv/lib/python3.12/site-packages/airflow/example_dags/example_branch_operator_decorator.py
[2026-03-13T23:18:27.857+0100] {processor.py:830} INFO - Processing file /Users/harshasogala/financial-data-platform/venv/lib/python3.12/site-packages/airflow/example_dags/example_branch_operator_decorator.py for tasks to queue
[2026-03-13T23:18:27.857+0100] {logging_mixin.py:188} INFO - [2026-03-13T23:18:27.857+0100] {dagbag.py:545} INFO - Filling up the DagBag from /Users/harshasogala/financial-data-platform/venv/lib/python3.12/site-packages/airflow/example_dags/example_branch_operator_decorator.py
[2026-03-13T23:18:27.870+0100] {processor.py:842} WARNING - No viable dags retrieved from /Users/harshasogala/financial-data-platform/venv/lib/python3.12/site-packages/airflow/example_dags/example_branch_operator_decorator.py
[2026-03-13T23:18:27.913+0100] {processor.py:183} INFO - Processing /Users/harshasogala/financial-data-platform/venv/lib/python3.12/site-packages/airflow/example_dags/example_branch_operator_decorator.py took 0.059 seconds
[2026-03-13T23:19:43.407+0100] {processor.py:161} INFO - Started process (PID=73765) to work on /Users/harshasogala/financial-data-platform/venv/lib/python3.12/site-packages/airflow/example_dags/example_branch_operator_decorator.py
[2026-03-13T23:19:43.407+0100] {processor.py:830} INFO - Processing file /Users/harshasogala/financial-data-platform/venv/lib/python3.12/site-packages/airflow/example_dags/example_branch_operator_decorator.py for tasks to queue
[2026-03-13T23:19:43.408+0100] {logging_mixin.py:188} INFO - [2026-03-13T23:19:43.408+0100] {dagbag.py:545} INFO - Filling up the DagBag from /Users/harshasogala/financial-data-platform/venv/lib/python3.12/site-packages/airflow/example_dags/example_branch_operator_decorator.py
[2026-03-13T23:19:43.421+0100] {processor.py:842} WARNING - No viable dags retrieved from /Users/harshasogala/financial-data-platform/venv/lib/python3.12/site-packages/airflow/example_dags/example_branch_operator_decorator.py
[2026-03-13T23:19:43.465+0100] {processor.py:183} INFO - Processing /Users/harshasogala/financial-data-platform/venv/lib/python3.12/site-packages/airflow/example_dags/example_branch_operator_decorator.py took 0.060 seconds
[2026-03-13T23:21:01.883+0100] {processor.py:161} INFO - Started process (PID=73836) to work on /Users/harshasogala/financial-data-platform/venv/lib/python3.12/site-packages/airflow/example_dags/example_branch_operator_decorator.py
[2026-03-13T23:21:01.884+0100] {processor.py:830} INFO - Processing file /Users/harshasogala/financial-data-platform/venv/lib/python3.12/site-packages/airflow/example_dags/example_branch_operator_decorator.py for tasks to queue
[2026-03-13T23:21:01.884+0100] {logging_mixin.py:188} INFO - [2026-03-13T23:21:01.884+0100] {dagbag.py:545} INFO - Filling up the DagBag from /Users/harshasogala/financial-data-platform/venv/lib/python3.12/site-packages/airflow/example_dags/example_branch_operator_decorator.py
[2026-03-13T23:21:01.896+0100] {processor.py:842} WARNING - No viable dags retrieved from /Users/harshasogala/financial-data-platform/venv/lib/python3.12/site-packages/airflow/example_dags/example_branch_operator_decorator.py
[2026-03-13T23:21:01.939+0100] {processor.py:183} INFO - Processing /Users/harshasogala/financial-data-platform/venv/lib/python3.12/site-packages/airflow/example_dags/example_branch_operator_decorator.py took 0.058 seconds
[2026-03-13T23:22:14.931+0100] {processor.py:161} INFO - Started process (PID=73912) to work on /Users/harshasogala/financial-data-platform/venv/lib/python3.12/site-packages/airflow/example_dags/example_branch_operator_decorator.py
[2026-03-13T23:22:14.931+0100] {processor.py:830} INFO - Processing file /Users/harshasogala/financial-data-platform/venv/lib/python3.12/site-packages/airflow/example_dags/example_branch_operator_decorator.py for tasks to queue
[2026-03-13T23:22:14.932+0100] {logging_mixin.py:188} INFO - [2026-03-13T23:22:14.932+0100] {dagbag.py:545} INFO - Filling up the DagBag from /Users/harshasogala/financial-data-platform/venv/lib/python3.12/site-packages/airflow/example_dags/example_branch_operator_decorator.py
[2026-03-13T23:22:14.944+0100] {processor.py:842} WARNING - No viable dags retrieved from /Users/harshasogala/financial-data-platform/venv/lib/python3.12/site-packages/airflow/example_dags/example_branch_operator_decorator.py
[2026-03-13T23:22:14.987+0100] {processor.py:183} INFO - Processing /Users/harshasogala/financial-data-platform/venv/lib/python3.12/site-packages/airflow/example_dags/example_branch_operator_decorator.py took 0.058 seconds
[2026-03-13T23:23:30.222+0100] {processor.py:161} INFO - Started process (PID=73976) to work on /Users/harshasogala/financial-data-platform/venv/lib/python3.12/site-packages/airflow/example_dags/example_branch_operator_decorator.py
[2026-03-13T23:23:30.222+0100] {processor.py:830} INFO - Processing file /Users/harshasogala/financial-data-platform/venv/lib/python3.12/site-packages/airflow/example_dags/example_branch_operator_decorator.py for tasks to queue
[2026-03-13T23:23:30.223+0100] {logging_mixin.py:188} INFO - [2026-03-13T23:23:30.223+0100] {dagbag.py:545} INFO - Filling up the DagBag from /Users/harshasogala/financial-data-platform/venv/lib/python3.12/site-packages/airflow/example_dags/example_branch_operator_decorator.py
[2026-03-13T23:23:30.235+0100] {processor.py:842} WARNING - No viable dags retrieved from /Users/harshasogala/financial-data-platform/venv/lib/python3.12/site-packages/airflow/example_dags/example_branch_operator_decorator.py
[2026-03-13T23:23:30.278+0100] {processor.py:183} INFO - Processing /Users/harshasogala/financial-data-platform/venv/lib/python3.12/site-packages/airflow/example_dags/example_branch_operator_decorator.py took 0.058 seconds
[2026-03-13T23:24:44.410+0100] {processor.py:161} INFO - Started process (PID=74034) to work on /Users/harshasogala/financial-data-platform/venv/lib/python3.12/site-packages/airflow/example_dags/example_branch_operator_decorator.py
[2026-03-13T23:24:44.411+0100] {processor.py:830} INFO - Processing file /Users/harshasogala/financial-data-platform/venv/lib/python3.12/site-packages/airflow/example_dags/example_branch_operator_decorator.py for tasks to queue
[2026-03-13T23:24:44.411+0100] {logging_mixin.py:188} INFO - [2026-03-13T23:24:44.411+0100] {dagbag.py:545} INFO - Filling up the DagBag from /Users/harshasogala/financial-data-platform/venv/lib/python3.12/site-packages/airflow/example_dags/example_branch_operator_decorator.py
[2026-03-13T23:24:44.424+0100] {processor.py:842} WARNING - No viable dags retrieved from /Users/harshasogala/financial-data-platform/venv/lib/python3.12/site-packages/airflow/example_dags/example_branch_operator_decorator.py
[2026-03-13T23:24:44.468+0100] {processor.py:183} INFO - Processing /Users/harshasogala/financial-data-platform/venv/lib/python3.12/site-packages/airflow/example_dags/example_branch_operator_decorator.py took 0.061 seconds
[2026-03-13T23:26:03.328+0100] {processor.py:161} INFO - Started process (PID=74094) to work on /Users/harshasogala/financial-data-platform/venv/lib/python3.12/site-packages/airflow/example_dags/example_branch_operator_decorator.py
[2026-03-13T23:26:03.330+0100] {processor.py:830} INFO - Processing file /Users/harshasogala/financial-data-platform/venv/lib/python3.12/site-packages/airflow/example_dags/example_branch_operator_decorator.py for tasks to queue
[2026-03-13T23:26:03.330+0100] {logging_mixin.py:188} INFO - [2026-03-13T23:26:03.330+0100] {dagbag.py:545} INFO - Filling up the DagBag from /Users/harshasogala/financial-data-platform/venv/lib/python3.12/site-packages/airflow/example_dags/example_branch_operator_decorator.py
[2026-03-13T23:26:03.345+0100] {processor.py:842} WARNING - No viable dags retrieved from /Users/harshasogala/financial-data-platform/venv/lib/python3.12/site-packages/airflow/example_dags/example_branch_operator_decorator.py
[2026-03-13T23:26:03.388+0100] {processor.py:183} INFO - Processing /Users/harshasogala/financial-data-platform/venv/lib/python3.12/site-packages/airflow/example_dags/example_branch_operator_decorator.py took 0.061 seconds
[2026-03-13T23:27:17.459+0100] {processor.py:161} INFO - Started process (PID=74161) to work on /Users/harshasogala/financial-data-platform/venv/lib/python3.12/site-packages/airflow/example_dags/example_branch_operator_decorator.py
[2026-03-13T23:27:17.459+0100] {processor.py:830} INFO - Processing file /Users/harshasogala/financial-data-platform/venv/lib/python3.12/site-packages/airflow/example_dags/example_branch_operator_decorator.py for tasks to queue
[2026-03-13T23:27:17.460+0100] {logging_mixin.py:188} INFO - [2026-03-13T23:27:17.460+0100] {dagbag.py:545} INFO - Filling up the DagBag from /Users/harshasogala/financial-data-platform/venv/lib/python3.12/site-packages/airflow/example_dags/example_branch_operator_decorator.py
[2026-03-13T23:27:17.472+0100] {processor.py:842} WARNING - No viable dags retrieved from /Users/harshasogala/financial-data-platform/venv/lib/python3.12/site-packages/airflow/example_dags/example_branch_operator_decorator.py
[2026-03-13T23:27:17.517+0100] {processor.py:183} INFO - Processing /Users/harshasogala/financial-data-platform/venv/lib/python3.12/site-packages/airflow/example_dags/example_branch_operator_decorator.py took 0.060 seconds
[2026-03-13T23:28:38.209+0100] {processor.py:161} INFO - Started process (PID=74256) to work on /Users/harshasogala/financial-data-platform/venv/lib/python3.12/site-packages/airflow/example_dags/example_branch_operator_decorator.py
[2026-03-13T23:28:38.209+0100] {processor.py:830} INFO - Processing file /Users/harshasogala/financial-data-platform/venv/lib/python3.12/site-packages/airflow/example_dags/example_branch_operator_decorator.py for tasks to queue
[2026-03-13T23:28:38.210+0100] {logging_mixin.py:188} INFO - [2026-03-13T23:28:38.210+0100] {dagbag.py:545} INFO - Filling up the DagBag from /Users/harshasogala/financial-data-platform/venv/lib/python3.12/site-packages/airflow/example_dags/example_branch_operator_decorator.py
[2026-03-13T23:28:38.222+0100] {processor.py:842} WARNING - No viable dags retrieved from /Users/harshasogala/financial-data-platform/venv/lib/python3.12/site-packages/airflow/example_dags/example_branch_operator_decorator.py
[2026-03-13T23:28:38.265+0100] {processor.py:183} INFO - Processing /Users/harshasogala/financial-data-platform/venv/lib/python3.12/site-packages/airflow/example_dags/example_branch_operator_decorator.py took 0.058 seconds
[2026-03-13T23:29:51.723+0100] {processor.py:161} INFO - Started process (PID=74314) to work on /Users/harshasogala/financial-data-platform/venv/lib/python3.12/site-packages/airflow/example_dags/example_branch_operator_decorator.py
[2026-03-13T23:29:51.724+0100] {processor.py:830} INFO - Processing file /Users/harshasogala/financial-data-platform/venv/lib/python3.12/site-packages/airflow/example_dags/example_branch_operator_decorator.py for tasks to queue
[2026-03-13T23:29:51.725+0100] {logging_mixin.py:188} INFO - [2026-03-13T23:29:51.725+0100] {dagbag.py:545} INFO - Filling up the DagBag from /Users/harshasogala/financial-data-platform/venv/lib/python3.12/site-packages/airflow/example_dags/example_branch_operator_decorator.py
[2026-03-13T23:29:51.738+0100] {processor.py:842} WARNING - No viable dags retrieved from /Users/harshasogala/financial-data-platform/venv/lib/python3.12/site-packages/airflow/example_dags/example_branch_operator_decorator.py
[2026-03-13T23:29:51.781+0100] {processor.py:183} INFO - Processing /Users/harshasogala/financial-data-platform/venv/lib/python3.12/site-packages/airflow/example_dags/example_branch_operator_decorator.py took 0.060 seconds
[2026-03-13T23:31:11.417+0100] {processor.py:161} INFO - Started process (PID=74609) to work on /Users/harshasogala/financial-data-platform/venv/lib/python3.12/site-packages/airflow/example_dags/example_branch_operator_decorator.py
[2026-03-13T23:31:11.418+0100] {processor.py:830} INFO - Processing file /Users/harshasogala/financial-data-platform/venv/lib/python3.12/site-packages/airflow/example_dags/example_branch_operator_decorator.py for tasks to queue
[2026-03-13T23:31:11.418+0100] {logging_mixin.py:188} INFO - [2026-03-13T23:31:11.418+0100] {dagbag.py:545} INFO - Filling up the DagBag from /Users/harshasogala/financial-data-platform/venv/lib/python3.12/site-packages/airflow/example_dags/example_branch_operator_decorator.py
[2026-03-13T23:31:11.431+0100] {processor.py:842} WARNING - No viable dags retrieved from /Users/harshasogala/financial-data-platform/venv/lib/python3.12/site-packages/airflow/example_dags/example_branch_operator_decorator.py
[2026-03-13T23:31:11.475+0100] {processor.py:183} INFO - Processing /Users/harshasogala/financial-data-platform/venv/lib/python3.12/site-packages/airflow/example_dags/example_branch_operator_decorator.py took 0.059 seconds
[2026-03-13T23:32:27.293+0100] {processor.py:161} INFO - Started process (PID=74950) to work on /Users/harshasogala/financial-data-platform/venv/lib/python3.12/site-packages/airflow/example_dags/example_branch_operator_decorator.py
[2026-03-13T23:32:27.294+0100] {processor.py:830} INFO - Processing file /Users/harshasogala/financial-data-platform/venv/lib/python3.12/site-packages/airflow/example_dags/example_branch_operator_decorator.py for tasks to queue
[2026-03-13T23:32:27.295+0100] {logging_mixin.py:188} INFO - [2026-03-13T23:32:27.295+0100] {dagbag.py:545} INFO - Filling up the DagBag from /Users/harshasogala/financial-data-platform/venv/lib/python3.12/site-packages/airflow/example_dags/example_branch_operator_decorator.py
[2026-03-13T23:32:27.308+0100] {processor.py:842} WARNING - No viable dags retrieved from /Users/harshasogala/financial-data-platform/venv/lib/python3.12/site-packages/airflow/example_dags/example_branch_operator_decorator.py
[2026-03-13T23:32:27.353+0100] {processor.py:183} INFO - Processing /Users/harshasogala/financial-data-platform/venv/lib/python3.12/site-packages/airflow/example_dags/example_branch_operator_decorator.py took 0.062 seconds
