[2026-03-13T22:19:16.858+0100] {processor.py:161} INFO - Started process (PID=66039) to work on /Users/harshasogala/financial-data-platform/venv/lib/python3.12/site-packages/airflow/example_dags/example_branch_labels.py
[2026-03-13T22:19:16.859+0100] {processor.py:830} INFO - Processing file /Users/harshasogala/financial-data-platform/venv/lib/python3.12/site-packages/airflow/example_dags/example_branch_labels.py for tasks to queue
[2026-03-13T22:19:16.859+0100] {logging_mixin.py:188} INFO - [2026-03-13T22:19:16.859+0100] {dagbag.py:545} INFO - Filling up the DagBag from /Users/harshasogala/financial-data-platform/venv/lib/python3.12/site-packages/airflow/example_dags/example_branch_labels.py
[2026-03-13T22:19:16.865+0100] {processor.py:840} INFO - DAG(s) 'example_branch_labels' retrieved from /Users/harshasogala/financial-data-platform/venv/lib/python3.12/site-packages/airflow/example_dags/example_branch_labels.py
[2026-03-13T22:19:16.964+0100] {logging_mixin.py:188} INFO - [2026-03-13T22:19:16.964+0100] {override.py:1858} INFO - Created Permission View: can read on DAG:example_branch_labels
[2026-03-13T22:19:16.969+0100] {logging_mixin.py:188} INFO - [2026-03-13T22:19:16.969+0100] {override.py:1858} INFO - Created Permission View: can delete on DAG:example_branch_labels
[2026-03-13T22:19:16.972+0100] {logging_mixin.py:188} INFO - [2026-03-13T22:19:16.972+0100] {override.py:1858} INFO - Created Permission View: can edit on DAG:example_branch_labels
[2026-03-13T22:19:16.972+0100] {logging_mixin.py:188} INFO - [2026-03-13T22:19:16.972+0100] {dag.py:3089} INFO - Sync 1 DAGs
[2026-03-13T22:19:16.978+0100] {logging_mixin.py:188} INFO - [2026-03-13T22:19:16.978+0100] {dag.py:3111} INFO - Creating ORM DAG for example_branch_labels
[2026-03-13T22:19:16.983+0100] {logging_mixin.py:188} INFO - [2026-03-13T22:19:16.983+0100] {dag.py:3947} INFO - Setting next_dagrun for example_branch_labels to 2026-03-12 00:00:00+00:00, run_after=2026-03-13 00:00:00+00:00
[2026-03-13T22:19:16.992+0100] {processor.py:183} INFO - Processing /Users/harshasogala/financial-data-platform/venv/lib/python3.12/site-packages/airflow/example_dags/example_branch_labels.py took 0.136 seconds
[2026-03-13T22:21:50.824+0100] {processor.py:161} INFO - Started process (PID=66200) to work on /Users/harshasogala/financial-data-platform/venv/lib/python3.12/site-packages/airflow/example_dags/example_branch_labels.py
[2026-03-13T22:21:50.825+0100] {processor.py:830} INFO - Processing file /Users/harshasogala/financial-data-platform/venv/lib/python3.12/site-packages/airflow/example_dags/example_branch_labels.py for tasks to queue
[2026-03-13T22:21:50.825+0100] {logging_mixin.py:188} INFO - [2026-03-13T22:21:50.825+0100] {dagbag.py:545} INFO - Filling up the DagBag from /Users/harshasogala/financial-data-platform/venv/lib/python3.12/site-packages/airflow/example_dags/example_branch_labels.py
[2026-03-13T22:21:50.831+0100] {processor.py:840} INFO - DAG(s) 'example_branch_labels' retrieved from /Users/harshasogala/financial-data-platform/venv/lib/python3.12/site-packages/airflow/example_dags/example_branch_labels.py
[2026-03-13T22:21:51.052+0100] {logging_mixin.py:188} INFO - [2026-03-13T22:21:51.052+0100] {dag.py:3089} INFO - Sync 1 DAGs
[2026-03-13T22:21:51.068+0100] {logging_mixin.py:188} INFO - [2026-03-13T22:21:51.068+0100] {dag.py:3947} INFO - Setting next_dagrun for example_branch_labels to 2026-03-12 00:00:00+00:00, run_after=2026-03-13 00:00:00+00:00
[2026-03-13T22:21:51.081+0100] {processor.py:183} INFO - Processing /Users/harshasogala/financial-data-platform/venv/lib/python3.12/site-packages/airflow/example_dags/example_branch_labels.py took 0.259 seconds
[2026-03-13T22:28:52.082+0100] {processor.py:161} INFO - Started process (PID=67352) to work on /Users/harshasogala/financial-data-platform/venv/lib/python3.12/site-packages/airflow/example_dags/example_branch_labels.py
[2026-03-13T22:28:52.082+0100] {processor.py:830} INFO - Processing file /Users/harshasogala/financial-data-platform/venv/lib/python3.12/site-packages/airflow/example_dags/example_branch_labels.py for tasks to queue
[2026-03-13T22:28:52.083+0100] {logging_mixin.py:188} INFO - [2026-03-13T22:28:52.083+0100] {dagbag.py:545} INFO - Filling up the DagBag from /Users/harshasogala/financial-data-platform/venv/lib/python3.12/site-packages/airflow/example_dags/example_branch_labels.py
[2026-03-13T22:28:52.090+0100] {processor.py:840} INFO - DAG(s) 'example_branch_labels' retrieved from /Users/harshasogala/financial-data-platform/venv/lib/python3.12/site-packages/airflow/example_dags/example_branch_labels.py
[2026-03-13T22:28:52.146+0100] {logging_mixin.py:188} INFO - [2026-03-13T22:28:52.146+0100] {dag.py:3089} INFO - Sync 1 DAGs
[2026-03-13T22:28:52.156+0100] {logging_mixin.py:188} INFO - [2026-03-13T22:28:52.156+0100] {dag.py:3947} INFO - Setting next_dagrun for example_branch_labels to 2026-03-12 00:00:00+00:00, run_after=2026-03-13 00:00:00+00:00
[2026-03-13T22:28:52.167+0100] {processor.py:183} INFO - Processing /Users/harshasogala/financial-data-platform/venv/lib/python3.12/site-packages/airflow/example_dags/example_branch_labels.py took 0.087 seconds
[2026-03-13T22:29:57.458+0100] {processor.py:161} INFO - Started process (PID=67477) to work on /Users/harshasogala/financial-data-platform/venv/lib/python3.12/site-packages/airflow/example_dags/example_branch_labels.py
[2026-03-13T22:29:57.460+0100] {processor.py:830} INFO - Processing file /Users/harshasogala/financial-data-platform/venv/lib/python3.12/site-packages/airflow/example_dags/example_branch_labels.py for tasks to queue
[2026-03-13T22:29:57.460+0100] {logging_mixin.py:188} INFO - [2026-03-13T22:29:57.460+0100] {dagbag.py:545} INFO - Filling up the DagBag from /Users/harshasogala/financial-data-platform/venv/lib/python3.12/site-packages/airflow/example_dags/example_branch_labels.py
[2026-03-13T22:29:57.465+0100] {processor.py:840} INFO - DAG(s) 'example_branch_labels' retrieved from /Users/harshasogala/financial-data-platform/venv/lib/python3.12/site-packages/airflow/example_dags/example_branch_labels.py
[2026-03-13T22:29:57.521+0100] {logging_mixin.py:188} INFO - [2026-03-13T22:29:57.521+0100] {dag.py:3089} INFO - Sync 1 DAGs
[2026-03-13T22:29:57.531+0100] {logging_mixin.py:188} INFO - [2026-03-13T22:29:57.531+0100] {dag.py:3947} INFO - Setting next_dagrun for example_branch_labels to 2026-03-12 00:00:00+00:00, run_after=2026-03-13 00:00:00+00:00
[2026-03-13T22:29:57.541+0100] {processor.py:183} INFO - Processing /Users/harshasogala/financial-data-platform/venv/lib/python3.12/site-packages/airflow/example_dags/example_branch_labels.py took 0.085 seconds
[2026-03-13T22:31:04.952+0100] {processor.py:161} INFO - Started process (PID=67545) to work on /Users/harshasogala/financial-data-platform/venv/lib/python3.12/site-packages/airflow/example_dags/example_branch_labels.py
[2026-03-13T22:31:04.953+0100] {processor.py:830} INFO - Processing file /Users/harshasogala/financial-data-platform/venv/lib/python3.12/site-packages/airflow/example_dags/example_branch_labels.py for tasks to queue
[2026-03-13T22:31:04.954+0100] {logging_mixin.py:188} INFO - [2026-03-13T22:31:04.953+0100] {dagbag.py:545} INFO - Filling up the DagBag from /Users/harshasogala/financial-data-platform/venv/lib/python3.12/site-packages/airflow/example_dags/example_branch_labels.py
[2026-03-13T22:31:04.959+0100] {processor.py:840} INFO - DAG(s) 'example_branch_labels' retrieved from /Users/harshasogala/financial-data-platform/venv/lib/python3.12/site-packages/airflow/example_dags/example_branch_labels.py
[2026-03-13T22:31:05.016+0100] {logging_mixin.py:188} INFO - [2026-03-13T22:31:05.016+0100] {dag.py:3089} INFO - Sync 1 DAGs
[2026-03-13T22:31:05.026+0100] {logging_mixin.py:188} INFO - [2026-03-13T22:31:05.026+0100] {dag.py:3947} INFO - Setting next_dagrun for example_branch_labels to 2026-03-12 00:00:00+00:00, run_after=2026-03-13 00:00:00+00:00
[2026-03-13T22:31:05.037+0100] {processor.py:183} INFO - Processing /Users/harshasogala/financial-data-platform/venv/lib/python3.12/site-packages/airflow/example_dags/example_branch_labels.py took 0.087 seconds
[2026-03-13T22:32:28.828+0100] {processor.py:161} INFO - Started process (PID=68710) to work on /Users/harshasogala/financial-data-platform/venv/lib/python3.12/site-packages/airflow/example_dags/example_branch_labels.py
[2026-03-13T22:32:28.829+0100] {processor.py:830} INFO - Processing file /Users/harshasogala/financial-data-platform/venv/lib/python3.12/site-packages/airflow/example_dags/example_branch_labels.py for tasks to queue
[2026-03-13T22:32:28.829+0100] {logging_mixin.py:188} INFO - [2026-03-13T22:32:28.829+0100] {dagbag.py:545} INFO - Filling up the DagBag from /Users/harshasogala/financial-data-platform/venv/lib/python3.12/site-packages/airflow/example_dags/example_branch_labels.py
[2026-03-13T22:32:28.835+0100] {processor.py:840} INFO - DAG(s) 'example_branch_labels' retrieved from /Users/harshasogala/financial-data-platform/venv/lib/python3.12/site-packages/airflow/example_dags/example_branch_labels.py
[2026-03-13T22:32:28.893+0100] {logging_mixin.py:188} INFO - [2026-03-13T22:32:28.893+0100] {dag.py:3089} INFO - Sync 1 DAGs
[2026-03-13T22:32:28.902+0100] {logging_mixin.py:188} INFO - [2026-03-13T22:32:28.902+0100] {dag.py:3947} INFO - Setting next_dagrun for example_branch_labels to 2026-03-12 00:00:00+00:00, run_after=2026-03-13 00:00:00+00:00
[2026-03-13T22:32:28.913+0100] {processor.py:183} INFO - Processing /Users/harshasogala/financial-data-platform/venv/lib/python3.12/site-packages/airflow/example_dags/example_branch_labels.py took 0.088 seconds
[2026-03-13T22:33:52.387+0100] {processor.py:161} INFO - Started process (PID=69160) to work on /Users/harshasogala/financial-data-platform/venv/lib/python3.12/site-packages/airflow/example_dags/example_branch_labels.py
[2026-03-13T22:33:52.388+0100] {processor.py:830} INFO - Processing file /Users/harshasogala/financial-data-platform/venv/lib/python3.12/site-packages/airflow/example_dags/example_branch_labels.py for tasks to queue
[2026-03-13T22:33:52.389+0100] {logging_mixin.py:188} INFO - [2026-03-13T22:33:52.389+0100] {dagbag.py:545} INFO - Filling up the DagBag from /Users/harshasogala/financial-data-platform/venv/lib/python3.12/site-packages/airflow/example_dags/example_branch_labels.py
[2026-03-13T22:33:52.394+0100] {processor.py:840} INFO - DAG(s) 'example_branch_labels' retrieved from /Users/harshasogala/financial-data-platform/venv/lib/python3.12/site-packages/airflow/example_dags/example_branch_labels.py
[2026-03-13T22:33:52.450+0100] {logging_mixin.py:188} INFO - [2026-03-13T22:33:52.450+0100] {dag.py:3089} INFO - Sync 1 DAGs
[2026-03-13T22:33:52.459+0100] {logging_mixin.py:188} INFO - [2026-03-13T22:33:52.459+0100] {dag.py:3947} INFO - Setting next_dagrun for example_branch_labels to 2026-03-12 00:00:00+00:00, run_after=2026-03-13 00:00:00+00:00
[2026-03-13T22:33:52.472+0100] {processor.py:183} INFO - Processing /Users/harshasogala/financial-data-platform/venv/lib/python3.12/site-packages/airflow/example_dags/example_branch_labels.py took 0.086 seconds
[2026-03-13T22:35:10.346+0100] {processor.py:161} INFO - Started process (PID=69223) to work on /Users/harshasogala/financial-data-platform/venv/lib/python3.12/site-packages/airflow/example_dags/example_branch_labels.py
[2026-03-13T22:35:10.348+0100] {processor.py:830} INFO - Processing file /Users/harshasogala/financial-data-platform/venv/lib/python3.12/site-packages/airflow/example_dags/example_branch_labels.py for tasks to queue
[2026-03-13T22:35:10.348+0100] {logging_mixin.py:188} INFO - [2026-03-13T22:35:10.348+0100] {dagbag.py:545} INFO - Filling up the DagBag from /Users/harshasogala/financial-data-platform/venv/lib/python3.12/site-packages/airflow/example_dags/example_branch_labels.py
[2026-03-13T22:35:10.354+0100] {processor.py:840} INFO - DAG(s) 'example_branch_labels' retrieved from /Users/harshasogala/financial-data-platform/venv/lib/python3.12/site-packages/airflow/example_dags/example_branch_labels.py
[2026-03-13T22:35:10.407+0100] {logging_mixin.py:188} INFO - [2026-03-13T22:35:10.406+0100] {dag.py:3089} INFO - Sync 1 DAGs
[2026-03-13T22:35:10.416+0100] {logging_mixin.py:188} INFO - [2026-03-13T22:35:10.415+0100] {dag.py:3947} INFO - Setting next_dagrun for example_branch_labels to 2026-03-12 00:00:00+00:00, run_after=2026-03-13 00:00:00+00:00
[2026-03-13T22:35:10.427+0100] {processor.py:183} INFO - Processing /Users/harshasogala/financial-data-platform/venv/lib/python3.12/site-packages/airflow/example_dags/example_branch_labels.py took 0.082 seconds
[2026-03-13T22:36:25.531+0100] {processor.py:161} INFO - Started process (PID=69302) to work on /Users/harshasogala/financial-data-platform/venv/lib/python3.12/site-packages/airflow/example_dags/example_branch_labels.py
[2026-03-13T22:36:25.532+0100] {processor.py:830} INFO - Processing file /Users/harshasogala/financial-data-platform/venv/lib/python3.12/site-packages/airflow/example_dags/example_branch_labels.py for tasks to queue
[2026-03-13T22:36:25.532+0100] {logging_mixin.py:188} INFO - [2026-03-13T22:36:25.532+0100] {dagbag.py:545} INFO - Filling up the DagBag from /Users/harshasogala/financial-data-platform/venv/lib/python3.12/site-packages/airflow/example_dags/example_branch_labels.py
[2026-03-13T22:36:25.538+0100] {processor.py:840} INFO - DAG(s) 'example_branch_labels' retrieved from /Users/harshasogala/financial-data-platform/venv/lib/python3.12/site-packages/airflow/example_dags/example_branch_labels.py
[2026-03-13T22:36:25.594+0100] {logging_mixin.py:188} INFO - [2026-03-13T22:36:25.594+0100] {dag.py:3089} INFO - Sync 1 DAGs
[2026-03-13T22:36:25.604+0100] {logging_mixin.py:188} INFO - [2026-03-13T22:36:25.604+0100] {dag.py:3947} INFO - Setting next_dagrun for example_branch_labels to 2026-03-12 00:00:00+00:00, run_after=2026-03-13 00:00:00+00:00
[2026-03-13T22:36:25.616+0100] {processor.py:183} INFO - Processing /Users/harshasogala/financial-data-platform/venv/lib/python3.12/site-packages/airflow/example_dags/example_branch_labels.py took 0.087 seconds
[2026-03-13T22:37:39.469+0100] {processor.py:161} INFO - Started process (PID=69360) to work on /Users/harshasogala/financial-data-platform/venv/lib/python3.12/site-packages/airflow/example_dags/example_branch_labels.py
[2026-03-13T22:37:39.470+0100] {processor.py:830} INFO - Processing file /Users/harshasogala/financial-data-platform/venv/lib/python3.12/site-packages/airflow/example_dags/example_branch_labels.py for tasks to queue
[2026-03-13T22:37:39.471+0100] {logging_mixin.py:188} INFO - [2026-03-13T22:37:39.471+0100] {dagbag.py:545} INFO - Filling up the DagBag from /Users/harshasogala/financial-data-platform/venv/lib/python3.12/site-packages/airflow/example_dags/example_branch_labels.py
[2026-03-13T22:37:39.476+0100] {processor.py:840} INFO - DAG(s) 'example_branch_labels' retrieved from /Users/harshasogala/financial-data-platform/venv/lib/python3.12/site-packages/airflow/example_dags/example_branch_labels.py
[2026-03-13T22:37:39.531+0100] {logging_mixin.py:188} INFO - [2026-03-13T22:37:39.531+0100] {dag.py:3089} INFO - Sync 1 DAGs
[2026-03-13T22:37:39.540+0100] {logging_mixin.py:188} INFO - [2026-03-13T22:37:39.540+0100] {dag.py:3947} INFO - Setting next_dagrun for example_branch_labels to 2026-03-12 00:00:00+00:00, run_after=2026-03-13 00:00:00+00:00
[2026-03-13T22:37:39.552+0100] {processor.py:183} INFO - Processing /Users/harshasogala/financial-data-platform/venv/lib/python3.12/site-packages/airflow/example_dags/example_branch_labels.py took 0.084 seconds
[2026-03-13T22:38:53.789+0100] {processor.py:161} INFO - Started process (PID=69428) to work on /Users/harshasogala/financial-data-platform/venv/lib/python3.12/site-packages/airflow/example_dags/example_branch_labels.py
[2026-03-13T22:38:53.790+0100] {processor.py:830} INFO - Processing file /Users/harshasogala/financial-data-platform/venv/lib/python3.12/site-packages/airflow/example_dags/example_branch_labels.py for tasks to queue
[2026-03-13T22:38:53.791+0100] {logging_mixin.py:188} INFO - [2026-03-13T22:38:53.790+0100] {dagbag.py:545} INFO - Filling up the DagBag from /Users/harshasogala/financial-data-platform/venv/lib/python3.12/site-packages/airflow/example_dags/example_branch_labels.py
[2026-03-13T22:38:53.796+0100] {processor.py:840} INFO - DAG(s) 'example_branch_labels' retrieved from /Users/harshasogala/financial-data-platform/venv/lib/python3.12/site-packages/airflow/example_dags/example_branch_labels.py
[2026-03-13T22:38:53.850+0100] {logging_mixin.py:188} INFO - [2026-03-13T22:38:53.850+0100] {dag.py:3089} INFO - Sync 1 DAGs
[2026-03-13T22:38:53.859+0100] {logging_mixin.py:188} INFO - [2026-03-13T22:38:53.859+0100] {dag.py:3947} INFO - Setting next_dagrun for example_branch_labels to 2026-03-12 00:00:00+00:00, run_after=2026-03-13 00:00:00+00:00
[2026-03-13T22:38:53.871+0100] {processor.py:183} INFO - Processing /Users/harshasogala/financial-data-platform/venv/lib/python3.12/site-packages/airflow/example_dags/example_branch_labels.py took 0.084 seconds
[2026-03-13T22:40:08.661+0100] {processor.py:161} INFO - Started process (PID=69648) to work on /Users/harshasogala/financial-data-platform/venv/lib/python3.12/site-packages/airflow/example_dags/example_branch_labels.py
[2026-03-13T22:40:08.662+0100] {processor.py:830} INFO - Processing file /Users/harshasogala/financial-data-platform/venv/lib/python3.12/site-packages/airflow/example_dags/example_branch_labels.py for tasks to queue
[2026-03-13T22:40:08.662+0100] {logging_mixin.py:188} INFO - [2026-03-13T22:40:08.662+0100] {dagbag.py:545} INFO - Filling up the DagBag from /Users/harshasogala/financial-data-platform/venv/lib/python3.12/site-packages/airflow/example_dags/example_branch_labels.py
[2026-03-13T22:40:08.671+0100] {processor.py:840} INFO - DAG(s) 'example_branch_labels' retrieved from /Users/harshasogala/financial-data-platform/venv/lib/python3.12/site-packages/airflow/example_dags/example_branch_labels.py
[2026-03-13T22:40:08.728+0100] {logging_mixin.py:188} INFO - [2026-03-13T22:40:08.728+0100] {dag.py:3089} INFO - Sync 1 DAGs
[2026-03-13T22:40:08.741+0100] {logging_mixin.py:188} INFO - [2026-03-13T22:40:08.741+0100] {dag.py:3947} INFO - Setting next_dagrun for example_branch_labels to 2026-03-12 00:00:00+00:00, run_after=2026-03-13 00:00:00+00:00
[2026-03-13T22:40:08.757+0100] {processor.py:183} INFO - Processing /Users/harshasogala/financial-data-platform/venv/lib/python3.12/site-packages/airflow/example_dags/example_branch_labels.py took 0.097 seconds
[2026-03-13T22:41:31.576+0100] {processor.py:161} INFO - Started process (PID=69708) to work on /Users/harshasogala/financial-data-platform/venv/lib/python3.12/site-packages/airflow/example_dags/example_branch_labels.py
[2026-03-13T22:41:31.577+0100] {processor.py:830} INFO - Processing file /Users/harshasogala/financial-data-platform/venv/lib/python3.12/site-packages/airflow/example_dags/example_branch_labels.py for tasks to queue
[2026-03-13T22:41:31.577+0100] {logging_mixin.py:188} INFO - [2026-03-13T22:41:31.577+0100] {dagbag.py:545} INFO - Filling up the DagBag from /Users/harshasogala/financial-data-platform/venv/lib/python3.12/site-packages/airflow/example_dags/example_branch_labels.py
[2026-03-13T22:41:31.583+0100] {processor.py:840} INFO - DAG(s) 'example_branch_labels' retrieved from /Users/harshasogala/financial-data-platform/venv/lib/python3.12/site-packages/airflow/example_dags/example_branch_labels.py
[2026-03-13T22:41:31.637+0100] {logging_mixin.py:188} INFO - [2026-03-13T22:41:31.637+0100] {dag.py:3089} INFO - Sync 1 DAGs
[2026-03-13T22:41:31.646+0100] {logging_mixin.py:188} INFO - [2026-03-13T22:41:31.646+0100] {dag.py:3947} INFO - Setting next_dagrun for example_branch_labels to 2026-03-12 00:00:00+00:00, run_after=2026-03-13 00:00:00+00:00
[2026-03-13T22:41:31.658+0100] {processor.py:183} INFO - Processing /Users/harshasogala/financial-data-platform/venv/lib/python3.12/site-packages/airflow/example_dags/example_branch_labels.py took 0.083 seconds
[2026-03-13T22:42:49.930+0100] {processor.py:161} INFO - Started process (PID=69772) to work on /Users/harshasogala/financial-data-platform/venv/lib/python3.12/site-packages/airflow/example_dags/example_branch_labels.py
[2026-03-13T22:42:49.931+0100] {processor.py:830} INFO - Processing file /Users/harshasogala/financial-data-platform/venv/lib/python3.12/site-packages/airflow/example_dags/example_branch_labels.py for tasks to queue
[2026-03-13T22:42:49.932+0100] {logging_mixin.py:188} INFO - [2026-03-13T22:42:49.931+0100] {dagbag.py:545} INFO - Filling up the DagBag from /Users/harshasogala/financial-data-platform/venv/lib/python3.12/site-packages/airflow/example_dags/example_branch_labels.py
[2026-03-13T22:42:49.937+0100] {processor.py:840} INFO - DAG(s) 'example_branch_labels' retrieved from /Users/harshasogala/financial-data-platform/venv/lib/python3.12/site-packages/airflow/example_dags/example_branch_labels.py
[2026-03-13T22:42:49.991+0100] {logging_mixin.py:188} INFO - [2026-03-13T22:42:49.991+0100] {dag.py:3089} INFO - Sync 1 DAGs
[2026-03-13T22:42:50.000+0100] {logging_mixin.py:188} INFO - [2026-03-13T22:42:50.000+0100] {dag.py:3947} INFO - Setting next_dagrun for example_branch_labels to 2026-03-12 00:00:00+00:00, run_after=2026-03-13 00:00:00+00:00
[2026-03-13T22:42:50.012+0100] {processor.py:183} INFO - Processing /Users/harshasogala/financial-data-platform/venv/lib/python3.12/site-packages/airflow/example_dags/example_branch_labels.py took 0.083 seconds
[2026-03-13T22:44:10.248+0100] {processor.py:161} INFO - Started process (PID=70026) to work on /Users/harshasogala/financial-data-platform/venv/lib/python3.12/site-packages/airflow/example_dags/example_branch_labels.py
[2026-03-13T22:44:10.248+0100] {processor.py:830} INFO - Processing file /Users/harshasogala/financial-data-platform/venv/lib/python3.12/site-packages/airflow/example_dags/example_branch_labels.py for tasks to queue
[2026-03-13T22:44:10.249+0100] {logging_mixin.py:188} INFO - [2026-03-13T22:44:10.249+0100] {dagbag.py:545} INFO - Filling up the DagBag from /Users/harshasogala/financial-data-platform/venv/lib/python3.12/site-packages/airflow/example_dags/example_branch_labels.py
[2026-03-13T22:44:10.254+0100] {processor.py:840} INFO - DAG(s) 'example_branch_labels' retrieved from /Users/harshasogala/financial-data-platform/venv/lib/python3.12/site-packages/airflow/example_dags/example_branch_labels.py
[2026-03-13T22:44:10.309+0100] {logging_mixin.py:188} INFO - [2026-03-13T22:44:10.309+0100] {dag.py:3089} INFO - Sync 1 DAGs
[2026-03-13T22:44:10.318+0100] {logging_mixin.py:188} INFO - [2026-03-13T22:44:10.318+0100] {dag.py:3947} INFO - Setting next_dagrun for example_branch_labels to 2026-03-12 00:00:00+00:00, run_after=2026-03-13 00:00:00+00:00
[2026-03-13T22:44:10.329+0100] {processor.py:183} INFO - Processing /Users/harshasogala/financial-data-platform/venv/lib/python3.12/site-packages/airflow/example_dags/example_branch_labels.py took 0.083 seconds
[2026-03-13T22:45:40.142+0100] {processor.py:161} INFO - Started process (PID=70313) to work on /Users/harshasogala/financial-data-platform/venv/lib/python3.12/site-packages/airflow/example_dags/example_branch_labels.py
[2026-03-13T22:45:40.143+0100] {processor.py:830} INFO - Processing file /Users/harshasogala/financial-data-platform/venv/lib/python3.12/site-packages/airflow/example_dags/example_branch_labels.py for tasks to queue
[2026-03-13T22:45:40.144+0100] {logging_mixin.py:188} INFO - [2026-03-13T22:45:40.143+0100] {dagbag.py:545} INFO - Filling up the DagBag from /Users/harshasogala/financial-data-platform/venv/lib/python3.12/site-packages/airflow/example_dags/example_branch_labels.py
[2026-03-13T22:45:40.149+0100] {processor.py:840} INFO - DAG(s) 'example_branch_labels' retrieved from /Users/harshasogala/financial-data-platform/venv/lib/python3.12/site-packages/airflow/example_dags/example_branch_labels.py
[2026-03-13T22:45:40.205+0100] {logging_mixin.py:188} INFO - [2026-03-13T22:45:40.205+0100] {dag.py:3089} INFO - Sync 1 DAGs
[2026-03-13T22:45:40.215+0100] {logging_mixin.py:188} INFO - [2026-03-13T22:45:40.215+0100] {dag.py:3947} INFO - Setting next_dagrun for example_branch_labels to 2026-03-12 00:00:00+00:00, run_after=2026-03-13 00:00:00+00:00
[2026-03-13T22:45:40.226+0100] {processor.py:183} INFO - Processing /Users/harshasogala/financial-data-platform/venv/lib/python3.12/site-packages/airflow/example_dags/example_branch_labels.py took 0.085 seconds
[2026-03-13T22:47:09.254+0100] {processor.py:161} INFO - Started process (PID=70626) to work on /Users/harshasogala/financial-data-platform/venv/lib/python3.12/site-packages/airflow/example_dags/example_branch_labels.py
[2026-03-13T22:47:09.255+0100] {processor.py:830} INFO - Processing file /Users/harshasogala/financial-data-platform/venv/lib/python3.12/site-packages/airflow/example_dags/example_branch_labels.py for tasks to queue
[2026-03-13T22:47:09.255+0100] {logging_mixin.py:188} INFO - [2026-03-13T22:47:09.255+0100] {dagbag.py:545} INFO - Filling up the DagBag from /Users/harshasogala/financial-data-platform/venv/lib/python3.12/site-packages/airflow/example_dags/example_branch_labels.py
[2026-03-13T22:47:09.261+0100] {processor.py:840} INFO - DAG(s) 'example_branch_labels' retrieved from /Users/harshasogala/financial-data-platform/venv/lib/python3.12/site-packages/airflow/example_dags/example_branch_labels.py
[2026-03-13T22:47:09.321+0100] {logging_mixin.py:188} INFO - [2026-03-13T22:47:09.320+0100] {dag.py:3089} INFO - Sync 1 DAGs
[2026-03-13T22:47:09.330+0100] {logging_mixin.py:188} INFO - [2026-03-13T22:47:09.330+0100] {dag.py:3947} INFO - Setting next_dagrun for example_branch_labels to 2026-03-12 00:00:00+00:00, run_after=2026-03-13 00:00:00+00:00
[2026-03-13T22:47:09.342+0100] {processor.py:183} INFO - Processing /Users/harshasogala/financial-data-platform/venv/lib/python3.12/site-packages/airflow/example_dags/example_branch_labels.py took 0.090 seconds
[2026-03-13T22:48:30.172+0100] {processor.py:161} INFO - Started process (PID=71430) to work on /Users/harshasogala/financial-data-platform/venv/lib/python3.12/site-packages/airflow/example_dags/example_branch_labels.py
[2026-03-13T22:48:30.173+0100] {processor.py:830} INFO - Processing file /Users/harshasogala/financial-data-platform/venv/lib/python3.12/site-packages/airflow/example_dags/example_branch_labels.py for tasks to queue
[2026-03-13T22:48:30.174+0100] {logging_mixin.py:188} INFO - [2026-03-13T22:48:30.173+0100] {dagbag.py:545} INFO - Filling up the DagBag from /Users/harshasogala/financial-data-platform/venv/lib/python3.12/site-packages/airflow/example_dags/example_branch_labels.py
[2026-03-13T22:48:30.179+0100] {processor.py:840} INFO - DAG(s) 'example_branch_labels' retrieved from /Users/harshasogala/financial-data-platform/venv/lib/python3.12/site-packages/airflow/example_dags/example_branch_labels.py
[2026-03-13T22:48:30.234+0100] {logging_mixin.py:188} INFO - [2026-03-13T22:48:30.234+0100] {dag.py:3089} INFO - Sync 1 DAGs
[2026-03-13T22:48:30.243+0100] {logging_mixin.py:188} INFO - [2026-03-13T22:48:30.243+0100] {dag.py:3947} INFO - Setting next_dagrun for example_branch_labels to 2026-03-12 00:00:00+00:00, run_after=2026-03-13 00:00:00+00:00
[2026-03-13T22:48:30.255+0100] {processor.py:183} INFO - Processing /Users/harshasogala/financial-data-platform/venv/lib/python3.12/site-packages/airflow/example_dags/example_branch_labels.py took 0.084 seconds
[2026-03-13T22:49:50.153+0100] {processor.py:161} INFO - Started process (PID=71501) to work on /Users/harshasogala/financial-data-platform/venv/lib/python3.12/site-packages/airflow/example_dags/example_branch_labels.py
[2026-03-13T22:49:50.155+0100] {processor.py:830} INFO - Processing file /Users/harshasogala/financial-data-platform/venv/lib/python3.12/site-packages/airflow/example_dags/example_branch_labels.py for tasks to queue
[2026-03-13T22:49:50.155+0100] {logging_mixin.py:188} INFO - [2026-03-13T22:49:50.155+0100] {dagbag.py:545} INFO - Filling up the DagBag from /Users/harshasogala/financial-data-platform/venv/lib/python3.12/site-packages/airflow/example_dags/example_branch_labels.py
[2026-03-13T22:49:50.160+0100] {processor.py:840} INFO - DAG(s) 'example_branch_labels' retrieved from /Users/harshasogala/financial-data-platform/venv/lib/python3.12/site-packages/airflow/example_dags/example_branch_labels.py
[2026-03-13T22:49:50.215+0100] {logging_mixin.py:188} INFO - [2026-03-13T22:49:50.215+0100] {dag.py:3089} INFO - Sync 1 DAGs
[2026-03-13T22:49:50.225+0100] {logging_mixin.py:188} INFO - [2026-03-13T22:49:50.224+0100] {dag.py:3947} INFO - Setting next_dagrun for example_branch_labels to 2026-03-12 00:00:00+00:00, run_after=2026-03-13 00:00:00+00:00
[2026-03-13T22:49:50.238+0100] {processor.py:183} INFO - Processing /Users/harshasogala/financial-data-platform/venv/lib/python3.12/site-packages/airflow/example_dags/example_branch_labels.py took 0.087 seconds
[2026-03-13T22:51:20.551+0100] {processor.py:161} INFO - Started process (PID=72041) to work on /Users/harshasogala/financial-data-platform/venv/lib/python3.12/site-packages/airflow/example_dags/example_branch_labels.py
[2026-03-13T22:51:20.552+0100] {processor.py:830} INFO - Processing file /Users/harshasogala/financial-data-platform/venv/lib/python3.12/site-packages/airflow/example_dags/example_branch_labels.py for tasks to queue
[2026-03-13T22:51:20.553+0100] {logging_mixin.py:188} INFO - [2026-03-13T22:51:20.552+0100] {dagbag.py:545} INFO - Filling up the DagBag from /Users/harshasogala/financial-data-platform/venv/lib/python3.12/site-packages/airflow/example_dags/example_branch_labels.py
[2026-03-13T22:51:20.558+0100] {processor.py:840} INFO - DAG(s) 'example_branch_labels' retrieved from /Users/harshasogala/financial-data-platform/venv/lib/python3.12/site-packages/airflow/example_dags/example_branch_labels.py
[2026-03-13T22:51:20.614+0100] {logging_mixin.py:188} INFO - [2026-03-13T22:51:20.613+0100] {dag.py:3089} INFO - Sync 1 DAGs
[2026-03-13T22:51:20.623+0100] {logging_mixin.py:188} INFO - [2026-03-13T22:51:20.623+0100] {dag.py:3947} INFO - Setting next_dagrun for example_branch_labels to 2026-03-12 00:00:00+00:00, run_after=2026-03-13 00:00:00+00:00
[2026-03-13T22:51:20.635+0100] {processor.py:183} INFO - Processing /Users/harshasogala/financial-data-platform/venv/lib/python3.12/site-packages/airflow/example_dags/example_branch_labels.py took 0.085 seconds
[2026-03-13T22:52:36.172+0100] {processor.py:161} INFO - Started process (PID=72335) to work on /Users/harshasogala/financial-data-platform/venv/lib/python3.12/site-packages/airflow/example_dags/example_branch_labels.py
[2026-03-13T22:52:36.173+0100] {processor.py:830} INFO - Processing file /Users/harshasogala/financial-data-platform/venv/lib/python3.12/site-packages/airflow/example_dags/example_branch_labels.py for tasks to queue
[2026-03-13T22:52:36.173+0100] {logging_mixin.py:188} INFO - [2026-03-13T22:52:36.173+0100] {dagbag.py:545} INFO - Filling up the DagBag from /Users/harshasogala/financial-data-platform/venv/lib/python3.12/site-packages/airflow/example_dags/example_branch_labels.py
[2026-03-13T22:52:36.179+0100] {processor.py:840} INFO - DAG(s) 'example_branch_labels' retrieved from /Users/harshasogala/financial-data-platform/venv/lib/python3.12/site-packages/airflow/example_dags/example_branch_labels.py
[2026-03-13T22:52:36.237+0100] {logging_mixin.py:188} INFO - [2026-03-13T22:52:36.236+0100] {dag.py:3089} INFO - Sync 1 DAGs
[2026-03-13T22:52:36.246+0100] {logging_mixin.py:188} INFO - [2026-03-13T22:52:36.246+0100] {dag.py:3947} INFO - Setting next_dagrun for example_branch_labels to 2026-03-12 00:00:00+00:00, run_after=2026-03-13 00:00:00+00:00
[2026-03-13T22:52:36.258+0100] {processor.py:183} INFO - Processing /Users/harshasogala/financial-data-platform/venv/lib/python3.12/site-packages/airflow/example_dags/example_branch_labels.py took 0.088 seconds
[2026-03-13T22:53:52.442+0100] {processor.py:161} INFO - Started process (PID=72440) to work on /Users/harshasogala/financial-data-platform/venv/lib/python3.12/site-packages/airflow/example_dags/example_branch_labels.py
[2026-03-13T22:53:52.444+0100] {processor.py:830} INFO - Processing file /Users/harshasogala/financial-data-platform/venv/lib/python3.12/site-packages/airflow/example_dags/example_branch_labels.py for tasks to queue
[2026-03-13T22:53:52.444+0100] {logging_mixin.py:188} INFO - [2026-03-13T22:53:52.444+0100] {dagbag.py:545} INFO - Filling up the DagBag from /Users/harshasogala/financial-data-platform/venv/lib/python3.12/site-packages/airflow/example_dags/example_branch_labels.py
[2026-03-13T22:53:52.450+0100] {processor.py:840} INFO - DAG(s) 'example_branch_labels' retrieved from /Users/harshasogala/financial-data-platform/venv/lib/python3.12/site-packages/airflow/example_dags/example_branch_labels.py
[2026-03-13T22:53:52.504+0100] {logging_mixin.py:188} INFO - [2026-03-13T22:53:52.504+0100] {dag.py:3089} INFO - Sync 1 DAGs
[2026-03-13T22:53:52.513+0100] {logging_mixin.py:188} INFO - [2026-03-13T22:53:52.513+0100] {dag.py:3947} INFO - Setting next_dagrun for example_branch_labels to 2026-03-12 00:00:00+00:00, run_after=2026-03-13 00:00:00+00:00
[2026-03-13T22:53:52.525+0100] {processor.py:183} INFO - Processing /Users/harshasogala/financial-data-platform/venv/lib/python3.12/site-packages/airflow/example_dags/example_branch_labels.py took 0.084 seconds
[2026-03-13T22:55:21.753+0100] {processor.py:161} INFO - Started process (PID=72536) to work on /Users/harshasogala/financial-data-platform/venv/lib/python3.12/site-packages/airflow/example_dags/example_branch_labels.py
[2026-03-13T22:55:21.754+0100] {processor.py:830} INFO - Processing file /Users/harshasogala/financial-data-platform/venv/lib/python3.12/site-packages/airflow/example_dags/example_branch_labels.py for tasks to queue
[2026-03-13T22:55:21.755+0100] {logging_mixin.py:188} INFO - [2026-03-13T22:55:21.754+0100] {dagbag.py:545} INFO - Filling up the DagBag from /Users/harshasogala/financial-data-platform/venv/lib/python3.12/site-packages/airflow/example_dags/example_branch_labels.py
[2026-03-13T22:55:21.760+0100] {processor.py:840} INFO - DAG(s) 'example_branch_labels' retrieved from /Users/harshasogala/financial-data-platform/venv/lib/python3.12/site-packages/airflow/example_dags/example_branch_labels.py
[2026-03-13T22:55:21.814+0100] {logging_mixin.py:188} INFO - [2026-03-13T22:55:21.814+0100] {dag.py:3089} INFO - Sync 1 DAGs
[2026-03-13T22:55:21.823+0100] {logging_mixin.py:188} INFO - [2026-03-13T22:55:21.823+0100] {dag.py:3947} INFO - Setting next_dagrun for example_branch_labels to 2026-03-12 00:00:00+00:00, run_after=2026-03-13 00:00:00+00:00
[2026-03-13T22:55:21.835+0100] {processor.py:183} INFO - Processing /Users/harshasogala/financial-data-platform/venv/lib/python3.12/site-packages/airflow/example_dags/example_branch_labels.py took 0.083 seconds
[2026-03-13T22:56:41.704+0100] {processor.py:161} INFO - Started process (PID=72631) to work on /Users/harshasogala/financial-data-platform/venv/lib/python3.12/site-packages/airflow/example_dags/example_branch_labels.py
[2026-03-13T22:56:41.705+0100] {processor.py:830} INFO - Processing file /Users/harshasogala/financial-data-platform/venv/lib/python3.12/site-packages/airflow/example_dags/example_branch_labels.py for tasks to queue
[2026-03-13T22:56:41.705+0100] {logging_mixin.py:188} INFO - [2026-03-13T22:56:41.705+0100] {dagbag.py:545} INFO - Filling up the DagBag from /Users/harshasogala/financial-data-platform/venv/lib/python3.12/site-packages/airflow/example_dags/example_branch_labels.py
[2026-03-13T22:56:41.711+0100] {processor.py:840} INFO - DAG(s) 'example_branch_labels' retrieved from /Users/harshasogala/financial-data-platform/venv/lib/python3.12/site-packages/airflow/example_dags/example_branch_labels.py
[2026-03-13T22:56:41.766+0100] {logging_mixin.py:188} INFO - [2026-03-13T22:56:41.766+0100] {dag.py:3089} INFO - Sync 1 DAGs
[2026-03-13T22:56:41.775+0100] {logging_mixin.py:188} INFO - [2026-03-13T22:56:41.775+0100] {dag.py:3947} INFO - Setting next_dagrun for example_branch_labels to 2026-03-12 00:00:00+00:00, run_after=2026-03-13 00:00:00+00:00
[2026-03-13T22:56:41.788+0100] {processor.py:183} INFO - Processing /Users/harshasogala/financial-data-platform/venv/lib/python3.12/site-packages/airflow/example_dags/example_branch_labels.py took 0.086 seconds
[2026-03-13T22:58:00.971+0100] {processor.py:161} INFO - Started process (PID=72692) to work on /Users/harshasogala/financial-data-platform/venv/lib/python3.12/site-packages/airflow/example_dags/example_branch_labels.py
[2026-03-13T22:58:00.972+0100] {processor.py:830} INFO - Processing file /Users/harshasogala/financial-data-platform/venv/lib/python3.12/site-packages/airflow/example_dags/example_branch_labels.py for tasks to queue
[2026-03-13T22:58:00.973+0100] {logging_mixin.py:188} INFO - [2026-03-13T22:58:00.973+0100] {dagbag.py:545} INFO - Filling up the DagBag from /Users/harshasogala/financial-data-platform/venv/lib/python3.12/site-packages/airflow/example_dags/example_branch_labels.py
[2026-03-13T22:58:00.979+0100] {processor.py:840} INFO - DAG(s) 'example_branch_labels' retrieved from /Users/harshasogala/financial-data-platform/venv/lib/python3.12/site-packages/airflow/example_dags/example_branch_labels.py
[2026-03-13T22:58:01.034+0100] {logging_mixin.py:188} INFO - [2026-03-13T22:58:01.033+0100] {dag.py:3089} INFO - Sync 1 DAGs
[2026-03-13T22:58:01.045+0100] {logging_mixin.py:188} INFO - [2026-03-13T22:58:01.044+0100] {dag.py:3947} INFO - Setting next_dagrun for example_branch_labels to 2026-03-12 00:00:00+00:00, run_after=2026-03-13 00:00:00+00:00
[2026-03-13T22:58:01.055+0100] {processor.py:183} INFO - Processing /Users/harshasogala/financial-data-platform/venv/lib/python3.12/site-packages/airflow/example_dags/example_branch_labels.py took 0.086 seconds
[2026-03-13T22:59:23.769+0100] {processor.py:161} INFO - Started process (PID=72766) to work on /Users/harshasogala/financial-data-platform/venv/lib/python3.12/site-packages/airflow/example_dags/example_branch_labels.py
[2026-03-13T22:59:23.770+0100] {processor.py:830} INFO - Processing file /Users/harshasogala/financial-data-platform/venv/lib/python3.12/site-packages/airflow/example_dags/example_branch_labels.py for tasks to queue
[2026-03-13T22:59:23.770+0100] {logging_mixin.py:188} INFO - [2026-03-13T22:59:23.770+0100] {dagbag.py:545} INFO - Filling up the DagBag from /Users/harshasogala/financial-data-platform/venv/lib/python3.12/site-packages/airflow/example_dags/example_branch_labels.py
[2026-03-13T22:59:23.775+0100] {processor.py:840} INFO - DAG(s) 'example_branch_labels' retrieved from /Users/harshasogala/financial-data-platform/venv/lib/python3.12/site-packages/airflow/example_dags/example_branch_labels.py
[2026-03-13T22:59:23.830+0100] {logging_mixin.py:188} INFO - [2026-03-13T22:59:23.829+0100] {dag.py:3089} INFO - Sync 1 DAGs
[2026-03-13T22:59:23.838+0100] {logging_mixin.py:188} INFO - [2026-03-13T22:59:23.838+0100] {dag.py:3947} INFO - Setting next_dagrun for example_branch_labels to 2026-03-12 00:00:00+00:00, run_after=2026-03-13 00:00:00+00:00
[2026-03-13T22:59:23.849+0100] {processor.py:183} INFO - Processing /Users/harshasogala/financial-data-platform/venv/lib/python3.12/site-packages/airflow/example_dags/example_branch_labels.py took 0.082 seconds
[2026-03-13T23:00:40.736+0100] {processor.py:161} INFO - Started process (PID=72837) to work on /Users/harshasogala/financial-data-platform/venv/lib/python3.12/site-packages/airflow/example_dags/example_branch_labels.py
[2026-03-13T23:00:40.738+0100] {processor.py:830} INFO - Processing file /Users/harshasogala/financial-data-platform/venv/lib/python3.12/site-packages/airflow/example_dags/example_branch_labels.py for tasks to queue
[2026-03-13T23:00:40.738+0100] {logging_mixin.py:188} INFO - [2026-03-13T23:00:40.738+0100] {dagbag.py:545} INFO - Filling up the DagBag from /Users/harshasogala/financial-data-platform/venv/lib/python3.12/site-packages/airflow/example_dags/example_branch_labels.py
[2026-03-13T23:00:40.744+0100] {processor.py:840} INFO - DAG(s) 'example_branch_labels' retrieved from /Users/harshasogala/financial-data-platform/venv/lib/python3.12/site-packages/airflow/example_dags/example_branch_labels.py
[2026-03-13T23:00:40.815+0100] {logging_mixin.py:188} INFO - [2026-03-13T23:00:40.815+0100] {dag.py:3089} INFO - Sync 1 DAGs
[2026-03-13T23:00:40.825+0100] {logging_mixin.py:188} INFO - [2026-03-13T23:00:40.825+0100] {dag.py:3947} INFO - Setting next_dagrun for example_branch_labels to 2026-03-12 00:00:00+00:00, run_after=2026-03-13 00:00:00+00:00
[2026-03-13T23:00:40.838+0100] {processor.py:183} INFO - Processing /Users/harshasogala/financial-data-platform/venv/lib/python3.12/site-packages/airflow/example_dags/example_branch_labels.py took 0.103 seconds
[2026-03-13T23:02:01.738+0100] {processor.py:161} INFO - Started process (PID=72898) to work on /Users/harshasogala/financial-data-platform/venv/lib/python3.12/site-packages/airflow/example_dags/example_branch_labels.py
[2026-03-13T23:02:01.740+0100] {processor.py:830} INFO - Processing file /Users/harshasogala/financial-data-platform/venv/lib/python3.12/site-packages/airflow/example_dags/example_branch_labels.py for tasks to queue
[2026-03-13T23:02:01.740+0100] {logging_mixin.py:188} INFO - [2026-03-13T23:02:01.740+0100] {dagbag.py:545} INFO - Filling up the DagBag from /Users/harshasogala/financial-data-platform/venv/lib/python3.12/site-packages/airflow/example_dags/example_branch_labels.py
[2026-03-13T23:02:01.746+0100] {processor.py:840} INFO - DAG(s) 'example_branch_labels' retrieved from /Users/harshasogala/financial-data-platform/venv/lib/python3.12/site-packages/airflow/example_dags/example_branch_labels.py
[2026-03-13T23:02:01.801+0100] {logging_mixin.py:188} INFO - [2026-03-13T23:02:01.800+0100] {dag.py:3089} INFO - Sync 1 DAGs
[2026-03-13T23:02:01.811+0100] {logging_mixin.py:188} INFO - [2026-03-13T23:02:01.811+0100] {dag.py:3947} INFO - Setting next_dagrun for example_branch_labels to 2026-03-12 00:00:00+00:00, run_after=2026-03-13 00:00:00+00:00
[2026-03-13T23:02:01.822+0100] {processor.py:183} INFO - Processing /Users/harshasogala/financial-data-platform/venv/lib/python3.12/site-packages/airflow/example_dags/example_branch_labels.py took 0.086 seconds
[2026-03-13T23:03:20.369+0100] {processor.py:161} INFO - Started process (PID=72958) to work on /Users/harshasogala/financial-data-platform/venv/lib/python3.12/site-packages/airflow/example_dags/example_branch_labels.py
[2026-03-13T23:03:20.370+0100] {processor.py:830} INFO - Processing file /Users/harshasogala/financial-data-platform/venv/lib/python3.12/site-packages/airflow/example_dags/example_branch_labels.py for tasks to queue
[2026-03-13T23:03:20.371+0100] {logging_mixin.py:188} INFO - [2026-03-13T23:03:20.371+0100] {dagbag.py:545} INFO - Filling up the DagBag from /Users/harshasogala/financial-data-platform/venv/lib/python3.12/site-packages/airflow/example_dags/example_branch_labels.py
[2026-03-13T23:03:20.376+0100] {processor.py:840} INFO - DAG(s) 'example_branch_labels' retrieved from /Users/harshasogala/financial-data-platform/venv/lib/python3.12/site-packages/airflow/example_dags/example_branch_labels.py
[2026-03-13T23:03:20.430+0100] {logging_mixin.py:188} INFO - [2026-03-13T23:03:20.430+0100] {dag.py:3089} INFO - Sync 1 DAGs
[2026-03-13T23:03:20.439+0100] {logging_mixin.py:188} INFO - [2026-03-13T23:03:20.439+0100] {dag.py:3947} INFO - Setting next_dagrun for example_branch_labels to 2026-03-12 00:00:00+00:00, run_after=2026-03-13 00:00:00+00:00
[2026-03-13T23:03:20.450+0100] {processor.py:183} INFO - Processing /Users/harshasogala/financial-data-platform/venv/lib/python3.12/site-packages/airflow/example_dags/example_branch_labels.py took 0.083 seconds
[2026-03-13T23:04:38.111+0100] {processor.py:161} INFO - Started process (PID=73017) to work on /Users/harshasogala/financial-data-platform/venv/lib/python3.12/site-packages/airflow/example_dags/example_branch_labels.py
[2026-03-13T23:04:38.112+0100] {processor.py:830} INFO - Processing file /Users/harshasogala/financial-data-platform/venv/lib/python3.12/site-packages/airflow/example_dags/example_branch_labels.py for tasks to queue
[2026-03-13T23:04:38.112+0100] {logging_mixin.py:188} INFO - [2026-03-13T23:04:38.112+0100] {dagbag.py:545} INFO - Filling up the DagBag from /Users/harshasogala/financial-data-platform/venv/lib/python3.12/site-packages/airflow/example_dags/example_branch_labels.py
[2026-03-13T23:04:38.118+0100] {processor.py:840} INFO - DAG(s) 'example_branch_labels' retrieved from /Users/harshasogala/financial-data-platform/venv/lib/python3.12/site-packages/airflow/example_dags/example_branch_labels.py
[2026-03-13T23:04:38.173+0100] {logging_mixin.py:188} INFO - [2026-03-13T23:04:38.172+0100] {dag.py:3089} INFO - Sync 1 DAGs
[2026-03-13T23:04:38.182+0100] {logging_mixin.py:188} INFO - [2026-03-13T23:04:38.182+0100] {dag.py:3947} INFO - Setting next_dagrun for example_branch_labels to 2026-03-12 00:00:00+00:00, run_after=2026-03-13 00:00:00+00:00
[2026-03-13T23:04:38.194+0100] {processor.py:183} INFO - Processing /Users/harshasogala/financial-data-platform/venv/lib/python3.12/site-packages/airflow/example_dags/example_branch_labels.py took 0.085 seconds
[2026-03-13T23:05:54.824+0100] {processor.py:161} INFO - Started process (PID=73083) to work on /Users/harshasogala/financial-data-platform/venv/lib/python3.12/site-packages/airflow/example_dags/example_branch_labels.py
[2026-03-13T23:05:54.825+0100] {processor.py:830} INFO - Processing file /Users/harshasogala/financial-data-platform/venv/lib/python3.12/site-packages/airflow/example_dags/example_branch_labels.py for tasks to queue
[2026-03-13T23:05:54.826+0100] {logging_mixin.py:188} INFO - [2026-03-13T23:05:54.825+0100] {dagbag.py:545} INFO - Filling up the DagBag from /Users/harshasogala/financial-data-platform/venv/lib/python3.12/site-packages/airflow/example_dags/example_branch_labels.py
[2026-03-13T23:05:54.831+0100] {processor.py:840} INFO - DAG(s) 'example_branch_labels' retrieved from /Users/harshasogala/financial-data-platform/venv/lib/python3.12/site-packages/airflow/example_dags/example_branch_labels.py
[2026-03-13T23:05:54.885+0100] {logging_mixin.py:188} INFO - [2026-03-13T23:05:54.885+0100] {dag.py:3089} INFO - Sync 1 DAGs
[2026-03-13T23:05:54.894+0100] {logging_mixin.py:188} INFO - [2026-03-13T23:05:54.894+0100] {dag.py:3947} INFO - Setting next_dagrun for example_branch_labels to 2026-03-12 00:00:00+00:00, run_after=2026-03-13 00:00:00+00:00
[2026-03-13T23:05:54.907+0100] {processor.py:183} INFO - Processing /Users/harshasogala/financial-data-platform/venv/lib/python3.12/site-packages/airflow/example_dags/example_branch_labels.py took 0.084 seconds
[2026-03-13T23:07:17.068+0100] {processor.py:161} INFO - Started process (PID=73151) to work on /Users/harshasogala/financial-data-platform/venv/lib/python3.12/site-packages/airflow/example_dags/example_branch_labels.py
[2026-03-13T23:07:17.069+0100] {processor.py:830} INFO - Processing file /Users/harshasogala/financial-data-platform/venv/lib/python3.12/site-packages/airflow/example_dags/example_branch_labels.py for tasks to queue
[2026-03-13T23:07:17.070+0100] {logging_mixin.py:188} INFO - [2026-03-13T23:07:17.070+0100] {dagbag.py:545} INFO - Filling up the DagBag from /Users/harshasogala/financial-data-platform/venv/lib/python3.12/site-packages/airflow/example_dags/example_branch_labels.py
[2026-03-13T23:07:17.075+0100] {processor.py:840} INFO - DAG(s) 'example_branch_labels' retrieved from /Users/harshasogala/financial-data-platform/venv/lib/python3.12/site-packages/airflow/example_dags/example_branch_labels.py
[2026-03-13T23:07:17.130+0100] {logging_mixin.py:188} INFO - [2026-03-13T23:07:17.129+0100] {dag.py:3089} INFO - Sync 1 DAGs
[2026-03-13T23:07:17.139+0100] {logging_mixin.py:188} INFO - [2026-03-13T23:07:17.139+0100] {dag.py:3947} INFO - Setting next_dagrun for example_branch_labels to 2026-03-12 00:00:00+00:00, run_after=2026-03-13 00:00:00+00:00
[2026-03-13T23:07:17.152+0100] {processor.py:183} INFO - Processing /Users/harshasogala/financial-data-platform/venv/lib/python3.12/site-packages/airflow/example_dags/example_branch_labels.py took 0.086 seconds
[2026-03-13T23:08:34.831+0100] {processor.py:161} INFO - Started process (PID=73213) to work on /Users/harshasogala/financial-data-platform/venv/lib/python3.12/site-packages/airflow/example_dags/example_branch_labels.py
[2026-03-13T23:08:34.832+0100] {processor.py:830} INFO - Processing file /Users/harshasogala/financial-data-platform/venv/lib/python3.12/site-packages/airflow/example_dags/example_branch_labels.py for tasks to queue
[2026-03-13T23:08:34.832+0100] {logging_mixin.py:188} INFO - [2026-03-13T23:08:34.832+0100] {dagbag.py:545} INFO - Filling up the DagBag from /Users/harshasogala/financial-data-platform/venv/lib/python3.12/site-packages/airflow/example_dags/example_branch_labels.py
[2026-03-13T23:08:34.838+0100] {processor.py:840} INFO - DAG(s) 'example_branch_labels' retrieved from /Users/harshasogala/financial-data-platform/venv/lib/python3.12/site-packages/airflow/example_dags/example_branch_labels.py
[2026-03-13T23:08:34.893+0100] {logging_mixin.py:188} INFO - [2026-03-13T23:08:34.893+0100] {dag.py:3089} INFO - Sync 1 DAGs
[2026-03-13T23:08:34.903+0100] {logging_mixin.py:188} INFO - [2026-03-13T23:08:34.903+0100] {dag.py:3947} INFO - Setting next_dagrun for example_branch_labels to 2026-03-12 00:00:00+00:00, run_after=2026-03-13 00:00:00+00:00
[2026-03-13T23:08:34.916+0100] {processor.py:183} INFO - Processing /Users/harshasogala/financial-data-platform/venv/lib/python3.12/site-packages/airflow/example_dags/example_branch_labels.py took 0.087 seconds
[2026-03-13T23:09:46.734+0100] {processor.py:161} INFO - Started process (PID=73269) to work on /Users/harshasogala/financial-data-platform/venv/lib/python3.12/site-packages/airflow/example_dags/example_branch_labels.py
[2026-03-13T23:09:46.735+0100] {processor.py:830} INFO - Processing file /Users/harshasogala/financial-data-platform/venv/lib/python3.12/site-packages/airflow/example_dags/example_branch_labels.py for tasks to queue
[2026-03-13T23:09:46.736+0100] {logging_mixin.py:188} INFO - [2026-03-13T23:09:46.735+0100] {dagbag.py:545} INFO - Filling up the DagBag from /Users/harshasogala/financial-data-platform/venv/lib/python3.12/site-packages/airflow/example_dags/example_branch_labels.py
[2026-03-13T23:09:46.741+0100] {processor.py:840} INFO - DAG(s) 'example_branch_labels' retrieved from /Users/harshasogala/financial-data-platform/venv/lib/python3.12/site-packages/airflow/example_dags/example_branch_labels.py
[2026-03-13T23:09:46.795+0100] {logging_mixin.py:188} INFO - [2026-03-13T23:09:46.794+0100] {dag.py:3089} INFO - Sync 1 DAGs
[2026-03-13T23:09:46.804+0100] {logging_mixin.py:188} INFO - [2026-03-13T23:09:46.804+0100] {dag.py:3947} INFO - Setting next_dagrun for example_branch_labels to 2026-03-12 00:00:00+00:00, run_after=2026-03-13 00:00:00+00:00
[2026-03-13T23:09:46.815+0100] {processor.py:183} INFO - Processing /Users/harshasogala/financial-data-platform/venv/lib/python3.12/site-packages/airflow/example_dags/example_branch_labels.py took 0.082 seconds
[2026-03-13T23:10:59.917+0100] {processor.py:161} INFO - Started process (PID=73326) to work on /Users/harshasogala/financial-data-platform/venv/lib/python3.12/site-packages/airflow/example_dags/example_branch_labels.py
[2026-03-13T23:10:59.918+0100] {processor.py:830} INFO - Processing file /Users/harshasogala/financial-data-platform/venv/lib/python3.12/site-packages/airflow/example_dags/example_branch_labels.py for tasks to queue
[2026-03-13T23:10:59.918+0100] {logging_mixin.py:188} INFO - [2026-03-13T23:10:59.918+0100] {dagbag.py:545} INFO - Filling up the DagBag from /Users/harshasogala/financial-data-platform/venv/lib/python3.12/site-packages/airflow/example_dags/example_branch_labels.py
[2026-03-13T23:10:59.924+0100] {processor.py:840} INFO - DAG(s) 'example_branch_labels' retrieved from /Users/harshasogala/financial-data-platform/venv/lib/python3.12/site-packages/airflow/example_dags/example_branch_labels.py
[2026-03-13T23:10:59.979+0100] {logging_mixin.py:188} INFO - [2026-03-13T23:10:59.978+0100] {dag.py:3089} INFO - Sync 1 DAGs
[2026-03-13T23:10:59.988+0100] {logging_mixin.py:188} INFO - [2026-03-13T23:10:59.988+0100] {dag.py:3947} INFO - Setting next_dagrun for example_branch_labels to 2026-03-12 00:00:00+00:00, run_after=2026-03-13 00:00:00+00:00
[2026-03-13T23:11:00.000+0100] {processor.py:183} INFO - Processing /Users/harshasogala/financial-data-platform/venv/lib/python3.12/site-packages/airflow/example_dags/example_branch_labels.py took 0.085 seconds
[2026-03-13T23:12:13.337+0100] {processor.py:161} INFO - Started process (PID=73396) to work on /Users/harshasogala/financial-data-platform/venv/lib/python3.12/site-packages/airflow/example_dags/example_branch_labels.py
[2026-03-13T23:12:13.338+0100] {processor.py:830} INFO - Processing file /Users/harshasogala/financial-data-platform/venv/lib/python3.12/site-packages/airflow/example_dags/example_branch_labels.py for tasks to queue
[2026-03-13T23:12:13.339+0100] {logging_mixin.py:188} INFO - [2026-03-13T23:12:13.339+0100] {dagbag.py:545} INFO - Filling up the DagBag from /Users/harshasogala/financial-data-platform/venv/lib/python3.12/site-packages/airflow/example_dags/example_branch_labels.py
[2026-03-13T23:12:13.345+0100] {processor.py:840} INFO - DAG(s) 'example_branch_labels' retrieved from /Users/harshasogala/financial-data-platform/venv/lib/python3.12/site-packages/airflow/example_dags/example_branch_labels.py
[2026-03-13T23:12:13.399+0100] {logging_mixin.py:188} INFO - [2026-03-13T23:12:13.399+0100] {dag.py:3089} INFO - Sync 1 DAGs
[2026-03-13T23:12:13.408+0100] {logging_mixin.py:188} INFO - [2026-03-13T23:12:13.408+0100] {dag.py:3947} INFO - Setting next_dagrun for example_branch_labels to 2026-03-12 00:00:00+00:00, run_after=2026-03-13 00:00:00+00:00
[2026-03-13T23:12:13.419+0100] {processor.py:183} INFO - Processing /Users/harshasogala/financial-data-platform/venv/lib/python3.12/site-packages/airflow/example_dags/example_branch_labels.py took 0.084 seconds
[2026-03-13T23:13:29.291+0100] {processor.py:161} INFO - Started process (PID=73455) to work on /Users/harshasogala/financial-data-platform/venv/lib/python3.12/site-packages/airflow/example_dags/example_branch_labels.py
[2026-03-13T23:13:29.292+0100] {processor.py:830} INFO - Processing file /Users/harshasogala/financial-data-platform/venv/lib/python3.12/site-packages/airflow/example_dags/example_branch_labels.py for tasks to queue
[2026-03-13T23:13:29.293+0100] {logging_mixin.py:188} INFO - [2026-03-13T23:13:29.293+0100] {dagbag.py:545} INFO - Filling up the DagBag from /Users/harshasogala/financial-data-platform/venv/lib/python3.12/site-packages/airflow/example_dags/example_branch_labels.py
[2026-03-13T23:13:29.298+0100] {processor.py:840} INFO - DAG(s) 'example_branch_labels' retrieved from /Users/harshasogala/financial-data-platform/venv/lib/python3.12/site-packages/airflow/example_dags/example_branch_labels.py
[2026-03-13T23:13:29.352+0100] {logging_mixin.py:188} INFO - [2026-03-13T23:13:29.352+0100] {dag.py:3089} INFO - Sync 1 DAGs
[2026-03-13T23:13:29.361+0100] {logging_mixin.py:188} INFO - [2026-03-13T23:13:29.361+0100] {dag.py:3947} INFO - Setting next_dagrun for example_branch_labels to 2026-03-12 00:00:00+00:00, run_after=2026-03-13 00:00:00+00:00
[2026-03-13T23:13:29.372+0100] {processor.py:183} INFO - Processing /Users/harshasogala/financial-data-platform/venv/lib/python3.12/site-packages/airflow/example_dags/example_branch_labels.py took 0.082 seconds
[2026-03-13T23:14:42.908+0100] {processor.py:161} INFO - Started process (PID=73515) to work on /Users/harshasogala/financial-data-platform/venv/lib/python3.12/site-packages/airflow/example_dags/example_branch_labels.py
[2026-03-13T23:14:42.909+0100] {processor.py:830} INFO - Processing file /Users/harshasogala/financial-data-platform/venv/lib/python3.12/site-packages/airflow/example_dags/example_branch_labels.py for tasks to queue
[2026-03-13T23:14:42.909+0100] {logging_mixin.py:188} INFO - [2026-03-13T23:14:42.909+0100] {dagbag.py:545} INFO - Filling up the DagBag from /Users/harshasogala/financial-data-platform/venv/lib/python3.12/site-packages/airflow/example_dags/example_branch_labels.py
[2026-03-13T23:14:42.915+0100] {processor.py:840} INFO - DAG(s) 'example_branch_labels' retrieved from /Users/harshasogala/financial-data-platform/venv/lib/python3.12/site-packages/airflow/example_dags/example_branch_labels.py
[2026-03-13T23:14:42.978+0100] {logging_mixin.py:188} INFO - [2026-03-13T23:14:42.977+0100] {dag.py:3089} INFO - Sync 1 DAGs
[2026-03-13T23:14:42.989+0100] {logging_mixin.py:188} INFO - [2026-03-13T23:14:42.989+0100] {dag.py:3947} INFO - Setting next_dagrun for example_branch_labels to 2026-03-12 00:00:00+00:00, run_after=2026-03-13 00:00:00+00:00
[2026-03-13T23:14:43.003+0100] {processor.py:183} INFO - Processing /Users/harshasogala/financial-data-platform/venv/lib/python3.12/site-packages/airflow/example_dags/example_branch_labels.py took 0.097 seconds
[2026-03-13T23:15:57.829+0100] {processor.py:161} INFO - Started process (PID=73575) to work on /Users/harshasogala/financial-data-platform/venv/lib/python3.12/site-packages/airflow/example_dags/example_branch_labels.py
[2026-03-13T23:15:57.830+0100] {processor.py:830} INFO - Processing file /Users/harshasogala/financial-data-platform/venv/lib/python3.12/site-packages/airflow/example_dags/example_branch_labels.py for tasks to queue
[2026-03-13T23:15:57.831+0100] {logging_mixin.py:188} INFO - [2026-03-13T23:15:57.831+0100] {dagbag.py:545} INFO - Filling up the DagBag from /Users/harshasogala/financial-data-platform/venv/lib/python3.12/site-packages/airflow/example_dags/example_branch_labels.py
[2026-03-13T23:15:57.837+0100] {processor.py:840} INFO - DAG(s) 'example_branch_labels' retrieved from /Users/harshasogala/financial-data-platform/venv/lib/python3.12/site-packages/airflow/example_dags/example_branch_labels.py
[2026-03-13T23:15:57.900+0100] {logging_mixin.py:188} INFO - [2026-03-13T23:15:57.900+0100] {dag.py:3089} INFO - Sync 1 DAGs
[2026-03-13T23:15:57.910+0100] {logging_mixin.py:188} INFO - [2026-03-13T23:15:57.910+0100] {dag.py:3947} INFO - Setting next_dagrun for example_branch_labels to 2026-03-12 00:00:00+00:00, run_after=2026-03-13 00:00:00+00:00
[2026-03-13T23:15:57.922+0100] {processor.py:183} INFO - Processing /Users/harshasogala/financial-data-platform/venv/lib/python3.12/site-packages/airflow/example_dags/example_branch_labels.py took 0.095 seconds
[2026-03-13T23:17:12.785+0100] {processor.py:161} INFO - Started process (PID=73646) to work on /Users/harshasogala/financial-data-platform/venv/lib/python3.12/site-packages/airflow/example_dags/example_branch_labels.py
[2026-03-13T23:17:12.786+0100] {processor.py:830} INFO - Processing file /Users/harshasogala/financial-data-platform/venv/lib/python3.12/site-packages/airflow/example_dags/example_branch_labels.py for tasks to queue
[2026-03-13T23:17:12.786+0100] {logging_mixin.py:188} INFO - [2026-03-13T23:17:12.786+0100] {dagbag.py:545} INFO - Filling up the DagBag from /Users/harshasogala/financial-data-platform/venv/lib/python3.12/site-packages/airflow/example_dags/example_branch_labels.py
[2026-03-13T23:17:12.792+0100] {processor.py:840} INFO - DAG(s) 'example_branch_labels' retrieved from /Users/harshasogala/financial-data-platform/venv/lib/python3.12/site-packages/airflow/example_dags/example_branch_labels.py
[2026-03-13T23:17:12.847+0100] {logging_mixin.py:188} INFO - [2026-03-13T23:17:12.846+0100] {dag.py:3089} INFO - Sync 1 DAGs
[2026-03-13T23:17:12.857+0100] {logging_mixin.py:188} INFO - [2026-03-13T23:17:12.857+0100] {dag.py:3947} INFO - Setting next_dagrun for example_branch_labels to 2026-03-12 00:00:00+00:00, run_after=2026-03-13 00:00:00+00:00
[2026-03-13T23:17:12.870+0100] {processor.py:183} INFO - Processing /Users/harshasogala/financial-data-platform/venv/lib/python3.12/site-packages/airflow/example_dags/example_branch_labels.py took 0.087 seconds
[2026-03-13T23:18:30.270+0100] {processor.py:161} INFO - Started process (PID=73707) to work on /Users/harshasogala/financial-data-platform/venv/lib/python3.12/site-packages/airflow/example_dags/example_branch_labels.py
[2026-03-13T23:18:30.271+0100] {processor.py:830} INFO - Processing file /Users/harshasogala/financial-data-platform/venv/lib/python3.12/site-packages/airflow/example_dags/example_branch_labels.py for tasks to queue
[2026-03-13T23:18:30.271+0100] {logging_mixin.py:188} INFO - [2026-03-13T23:18:30.271+0100] {dagbag.py:545} INFO - Filling up the DagBag from /Users/harshasogala/financial-data-platform/venv/lib/python3.12/site-packages/airflow/example_dags/example_branch_labels.py
[2026-03-13T23:18:30.277+0100] {processor.py:840} INFO - DAG(s) 'example_branch_labels' retrieved from /Users/harshasogala/financial-data-platform/venv/lib/python3.12/site-packages/airflow/example_dags/example_branch_labels.py
[2026-03-13T23:18:30.332+0100] {logging_mixin.py:188} INFO - [2026-03-13T23:18:30.331+0100] {dag.py:3089} INFO - Sync 1 DAGs
[2026-03-13T23:18:30.341+0100] {logging_mixin.py:188} INFO - [2026-03-13T23:18:30.341+0100] {dag.py:3947} INFO - Setting next_dagrun for example_branch_labels to 2026-03-12 00:00:00+00:00, run_after=2026-03-13 00:00:00+00:00
[2026-03-13T23:18:30.354+0100] {processor.py:183} INFO - Processing /Users/harshasogala/financial-data-platform/venv/lib/python3.12/site-packages/airflow/example_dags/example_branch_labels.py took 0.086 seconds
[2026-03-13T23:19:46.418+0100] {processor.py:161} INFO - Started process (PID=73767) to work on /Users/harshasogala/financial-data-platform/venv/lib/python3.12/site-packages/airflow/example_dags/example_branch_labels.py
[2026-03-13T23:19:46.420+0100] {processor.py:830} INFO - Processing file /Users/harshasogala/financial-data-platform/venv/lib/python3.12/site-packages/airflow/example_dags/example_branch_labels.py for tasks to queue
[2026-03-13T23:19:46.420+0100] {logging_mixin.py:188} INFO - [2026-03-13T23:19:46.420+0100] {dagbag.py:545} INFO - Filling up the DagBag from /Users/harshasogala/financial-data-platform/venv/lib/python3.12/site-packages/airflow/example_dags/example_branch_labels.py
[2026-03-13T23:19:46.427+0100] {processor.py:840} INFO - DAG(s) 'example_branch_labels' retrieved from /Users/harshasogala/financial-data-platform/venv/lib/python3.12/site-packages/airflow/example_dags/example_branch_labels.py
[2026-03-13T23:19:46.489+0100] {logging_mixin.py:188} INFO - [2026-03-13T23:19:46.489+0100] {dag.py:3089} INFO - Sync 1 DAGs
[2026-03-13T23:19:46.499+0100] {logging_mixin.py:188} INFO - [2026-03-13T23:19:46.499+0100] {dag.py:3947} INFO - Setting next_dagrun for example_branch_labels to 2026-03-12 00:00:00+00:00, run_after=2026-03-13 00:00:00+00:00
[2026-03-13T23:19:46.513+0100] {processor.py:183} INFO - Processing /Users/harshasogala/financial-data-platform/venv/lib/python3.12/site-packages/airflow/example_dags/example_branch_labels.py took 0.097 seconds
[2026-03-13T23:21:04.276+0100] {processor.py:161} INFO - Started process (PID=73838) to work on /Users/harshasogala/financial-data-platform/venv/lib/python3.12/site-packages/airflow/example_dags/example_branch_labels.py
[2026-03-13T23:21:04.277+0100] {processor.py:830} INFO - Processing file /Users/harshasogala/financial-data-platform/venv/lib/python3.12/site-packages/airflow/example_dags/example_branch_labels.py for tasks to queue
[2026-03-13T23:21:04.278+0100] {logging_mixin.py:188} INFO - [2026-03-13T23:21:04.278+0100] {dagbag.py:545} INFO - Filling up the DagBag from /Users/harshasogala/financial-data-platform/venv/lib/python3.12/site-packages/airflow/example_dags/example_branch_labels.py
[2026-03-13T23:21:04.283+0100] {processor.py:840} INFO - DAG(s) 'example_branch_labels' retrieved from /Users/harshasogala/financial-data-platform/venv/lib/python3.12/site-packages/airflow/example_dags/example_branch_labels.py
[2026-03-13T23:21:04.340+0100] {logging_mixin.py:188} INFO - [2026-03-13T23:21:04.340+0100] {dag.py:3089} INFO - Sync 1 DAGs
[2026-03-13T23:21:04.351+0100] {logging_mixin.py:188} INFO - [2026-03-13T23:21:04.351+0100] {dag.py:3947} INFO - Setting next_dagrun for example_branch_labels to 2026-03-12 00:00:00+00:00, run_after=2026-03-13 00:00:00+00:00
[2026-03-13T23:21:04.364+0100] {processor.py:183} INFO - Processing /Users/harshasogala/financial-data-platform/venv/lib/python3.12/site-packages/airflow/example_dags/example_branch_labels.py took 0.089 seconds
[2026-03-13T23:22:17.327+0100] {processor.py:161} INFO - Started process (PID=73914) to work on /Users/harshasogala/financial-data-platform/venv/lib/python3.12/site-packages/airflow/example_dags/example_branch_labels.py
[2026-03-13T23:22:17.328+0100] {processor.py:830} INFO - Processing file /Users/harshasogala/financial-data-platform/venv/lib/python3.12/site-packages/airflow/example_dags/example_branch_labels.py for tasks to queue
[2026-03-13T23:22:17.328+0100] {logging_mixin.py:188} INFO - [2026-03-13T23:22:17.328+0100] {dagbag.py:545} INFO - Filling up the DagBag from /Users/harshasogala/financial-data-platform/venv/lib/python3.12/site-packages/airflow/example_dags/example_branch_labels.py
[2026-03-13T23:22:17.333+0100] {processor.py:840} INFO - DAG(s) 'example_branch_labels' retrieved from /Users/harshasogala/financial-data-platform/venv/lib/python3.12/site-packages/airflow/example_dags/example_branch_labels.py
[2026-03-13T23:22:17.387+0100] {logging_mixin.py:188} INFO - [2026-03-13T23:22:17.387+0100] {dag.py:3089} INFO - Sync 1 DAGs
[2026-03-13T23:22:17.396+0100] {logging_mixin.py:188} INFO - [2026-03-13T23:22:17.396+0100] {dag.py:3947} INFO - Setting next_dagrun for example_branch_labels to 2026-03-12 00:00:00+00:00, run_after=2026-03-13 00:00:00+00:00
[2026-03-13T23:22:17.407+0100] {processor.py:183} INFO - Processing /Users/harshasogala/financial-data-platform/venv/lib/python3.12/site-packages/airflow/example_dags/example_branch_labels.py took 0.082 seconds
[2026-03-13T23:23:32.661+0100] {processor.py:161} INFO - Started process (PID=73978) to work on /Users/harshasogala/financial-data-platform/venv/lib/python3.12/site-packages/airflow/example_dags/example_branch_labels.py
[2026-03-13T23:23:32.663+0100] {processor.py:830} INFO - Processing file /Users/harshasogala/financial-data-platform/venv/lib/python3.12/site-packages/airflow/example_dags/example_branch_labels.py for tasks to queue
[2026-03-13T23:23:32.663+0100] {logging_mixin.py:188} INFO - [2026-03-13T23:23:32.663+0100] {dagbag.py:545} INFO - Filling up the DagBag from /Users/harshasogala/financial-data-platform/venv/lib/python3.12/site-packages/airflow/example_dags/example_branch_labels.py
[2026-03-13T23:23:32.668+0100] {processor.py:840} INFO - DAG(s) 'example_branch_labels' retrieved from /Users/harshasogala/financial-data-platform/venv/lib/python3.12/site-packages/airflow/example_dags/example_branch_labels.py
[2026-03-13T23:23:32.723+0100] {logging_mixin.py:188} INFO - [2026-03-13T23:23:32.723+0100] {dag.py:3089} INFO - Sync 1 DAGs
[2026-03-13T23:23:32.732+0100] {logging_mixin.py:188} INFO - [2026-03-13T23:23:32.732+0100] {dag.py:3947} INFO - Setting next_dagrun for example_branch_labels to 2026-03-12 00:00:00+00:00, run_after=2026-03-13 00:00:00+00:00
[2026-03-13T23:23:32.746+0100] {processor.py:183} INFO - Processing /Users/harshasogala/financial-data-platform/venv/lib/python3.12/site-packages/airflow/example_dags/example_branch_labels.py took 0.086 seconds
[2026-03-13T23:24:46.878+0100] {processor.py:161} INFO - Started process (PID=74036) to work on /Users/harshasogala/financial-data-platform/venv/lib/python3.12/site-packages/airflow/example_dags/example_branch_labels.py
[2026-03-13T23:24:46.879+0100] {processor.py:830} INFO - Processing file /Users/harshasogala/financial-data-platform/venv/lib/python3.12/site-packages/airflow/example_dags/example_branch_labels.py for tasks to queue
[2026-03-13T23:24:46.880+0100] {logging_mixin.py:188} INFO - [2026-03-13T23:24:46.880+0100] {dagbag.py:545} INFO - Filling up the DagBag from /Users/harshasogala/financial-data-platform/venv/lib/python3.12/site-packages/airflow/example_dags/example_branch_labels.py
[2026-03-13T23:24:46.885+0100] {processor.py:840} INFO - DAG(s) 'example_branch_labels' retrieved from /Users/harshasogala/financial-data-platform/venv/lib/python3.12/site-packages/airflow/example_dags/example_branch_labels.py
[2026-03-13T23:24:46.940+0100] {logging_mixin.py:188} INFO - [2026-03-13T23:24:46.940+0100] {dag.py:3089} INFO - Sync 1 DAGs
[2026-03-13T23:24:46.949+0100] {logging_mixin.py:188} INFO - [2026-03-13T23:24:46.949+0100] {dag.py:3947} INFO - Setting next_dagrun for example_branch_labels to 2026-03-12 00:00:00+00:00, run_after=2026-03-13 00:00:00+00:00
[2026-03-13T23:24:46.961+0100] {processor.py:183} INFO - Processing /Users/harshasogala/financial-data-platform/venv/lib/python3.12/site-packages/airflow/example_dags/example_branch_labels.py took 0.084 seconds
[2026-03-13T23:26:05.759+0100] {processor.py:161} INFO - Started process (PID=74096) to work on /Users/harshasogala/financial-data-platform/venv/lib/python3.12/site-packages/airflow/example_dags/example_branch_labels.py
[2026-03-13T23:26:05.760+0100] {processor.py:830} INFO - Processing file /Users/harshasogala/financial-data-platform/venv/lib/python3.12/site-packages/airflow/example_dags/example_branch_labels.py for tasks to queue
[2026-03-13T23:26:05.761+0100] {logging_mixin.py:188} INFO - [2026-03-13T23:26:05.760+0100] {dagbag.py:545} INFO - Filling up the DagBag from /Users/harshasogala/financial-data-platform/venv/lib/python3.12/site-packages/airflow/example_dags/example_branch_labels.py
[2026-03-13T23:26:05.766+0100] {processor.py:840} INFO - DAG(s) 'example_branch_labels' retrieved from /Users/harshasogala/financial-data-platform/venv/lib/python3.12/site-packages/airflow/example_dags/example_branch_labels.py
[2026-03-13T23:26:05.820+0100] {logging_mixin.py:188} INFO - [2026-03-13T23:26:05.820+0100] {dag.py:3089} INFO - Sync 1 DAGs
[2026-03-13T23:26:05.829+0100] {logging_mixin.py:188} INFO - [2026-03-13T23:26:05.829+0100] {dag.py:3947} INFO - Setting next_dagrun for example_branch_labels to 2026-03-12 00:00:00+00:00, run_after=2026-03-13 00:00:00+00:00
[2026-03-13T23:26:05.841+0100] {processor.py:183} INFO - Processing /Users/harshasogala/financial-data-platform/venv/lib/python3.12/site-packages/airflow/example_dags/example_branch_labels.py took 0.083 seconds
[2026-03-13T23:27:19.884+0100] {processor.py:161} INFO - Started process (PID=74165) to work on /Users/harshasogala/financial-data-platform/venv/lib/python3.12/site-packages/airflow/example_dags/example_branch_labels.py
[2026-03-13T23:27:19.885+0100] {processor.py:830} INFO - Processing file /Users/harshasogala/financial-data-platform/venv/lib/python3.12/site-packages/airflow/example_dags/example_branch_labels.py for tasks to queue
[2026-03-13T23:27:19.885+0100] {logging_mixin.py:188} INFO - [2026-03-13T23:27:19.885+0100] {dagbag.py:545} INFO - Filling up the DagBag from /Users/harshasogala/financial-data-platform/venv/lib/python3.12/site-packages/airflow/example_dags/example_branch_labels.py
[2026-03-13T23:27:19.892+0100] {processor.py:840} INFO - DAG(s) 'example_branch_labels' retrieved from /Users/harshasogala/financial-data-platform/venv/lib/python3.12/site-packages/airflow/example_dags/example_branch_labels.py
[2026-03-13T23:27:19.957+0100] {logging_mixin.py:188} INFO - [2026-03-13T23:27:19.957+0100] {dag.py:3089} INFO - Sync 1 DAGs
[2026-03-13T23:27:19.969+0100] {logging_mixin.py:188} INFO - [2026-03-13T23:27:19.969+0100] {dag.py:3947} INFO - Setting next_dagrun for example_branch_labels to 2026-03-12 00:00:00+00:00, run_after=2026-03-13 00:00:00+00:00
[2026-03-13T23:27:19.984+0100] {processor.py:183} INFO - Processing /Users/harshasogala/financial-data-platform/venv/lib/python3.12/site-packages/airflow/example_dags/example_branch_labels.py took 0.103 seconds
[2026-03-13T23:28:40.739+0100] {processor.py:161} INFO - Started process (PID=74258) to work on /Users/harshasogala/financial-data-platform/venv/lib/python3.12/site-packages/airflow/example_dags/example_branch_labels.py
[2026-03-13T23:28:40.740+0100] {processor.py:830} INFO - Processing file /Users/harshasogala/financial-data-platform/venv/lib/python3.12/site-packages/airflow/example_dags/example_branch_labels.py for tasks to queue
[2026-03-13T23:28:40.741+0100] {logging_mixin.py:188} INFO - [2026-03-13T23:28:40.740+0100] {dagbag.py:545} INFO - Filling up the DagBag from /Users/harshasogala/financial-data-platform/venv/lib/python3.12/site-packages/airflow/example_dags/example_branch_labels.py
[2026-03-13T23:28:40.746+0100] {processor.py:840} INFO - DAG(s) 'example_branch_labels' retrieved from /Users/harshasogala/financial-data-platform/venv/lib/python3.12/site-packages/airflow/example_dags/example_branch_labels.py
[2026-03-13T23:28:40.801+0100] {logging_mixin.py:188} INFO - [2026-03-13T23:28:40.801+0100] {dag.py:3089} INFO - Sync 1 DAGs
[2026-03-13T23:28:40.810+0100] {logging_mixin.py:188} INFO - [2026-03-13T23:28:40.810+0100] {dag.py:3947} INFO - Setting next_dagrun for example_branch_labels to 2026-03-12 00:00:00+00:00, run_after=2026-03-13 00:00:00+00:00
[2026-03-13T23:28:40.823+0100] {processor.py:183} INFO - Processing /Users/harshasogala/financial-data-platform/venv/lib/python3.12/site-packages/airflow/example_dags/example_branch_labels.py took 0.085 seconds
[2026-03-13T23:29:54.279+0100] {processor.py:161} INFO - Started process (PID=74316) to work on /Users/harshasogala/financial-data-platform/venv/lib/python3.12/site-packages/airflow/example_dags/example_branch_labels.py
[2026-03-13T23:29:54.281+0100] {processor.py:830} INFO - Processing file /Users/harshasogala/financial-data-platform/venv/lib/python3.12/site-packages/airflow/example_dags/example_branch_labels.py for tasks to queue
[2026-03-13T23:29:54.281+0100] {logging_mixin.py:188} INFO - [2026-03-13T23:29:54.281+0100] {dagbag.py:545} INFO - Filling up the DagBag from /Users/harshasogala/financial-data-platform/venv/lib/python3.12/site-packages/airflow/example_dags/example_branch_labels.py
[2026-03-13T23:29:54.287+0100] {processor.py:840} INFO - DAG(s) 'example_branch_labels' retrieved from /Users/harshasogala/financial-data-platform/venv/lib/python3.12/site-packages/airflow/example_dags/example_branch_labels.py
[2026-03-13T23:29:54.347+0100] {logging_mixin.py:188} INFO - [2026-03-13T23:29:54.347+0100] {dag.py:3089} INFO - Sync 1 DAGs
[2026-03-13T23:29:54.358+0100] {logging_mixin.py:188} INFO - [2026-03-13T23:29:54.358+0100] {dag.py:3947} INFO - Setting next_dagrun for example_branch_labels to 2026-03-12 00:00:00+00:00, run_after=2026-03-13 00:00:00+00:00
[2026-03-13T23:29:54.373+0100] {processor.py:183} INFO - Processing /Users/harshasogala/financial-data-platform/venv/lib/python3.12/site-packages/airflow/example_dags/example_branch_labels.py took 0.096 seconds
[2026-03-13T23:31:13.947+0100] {processor.py:161} INFO - Started process (PID=74613) to work on /Users/harshasogala/financial-data-platform/venv/lib/python3.12/site-packages/airflow/example_dags/example_branch_labels.py
[2026-03-13T23:31:13.948+0100] {processor.py:830} INFO - Processing file /Users/harshasogala/financial-data-platform/venv/lib/python3.12/site-packages/airflow/example_dags/example_branch_labels.py for tasks to queue
[2026-03-13T23:31:13.948+0100] {logging_mixin.py:188} INFO - [2026-03-13T23:31:13.948+0100] {dagbag.py:545} INFO - Filling up the DagBag from /Users/harshasogala/financial-data-platform/venv/lib/python3.12/site-packages/airflow/example_dags/example_branch_labels.py
[2026-03-13T23:31:13.954+0100] {processor.py:840} INFO - DAG(s) 'example_branch_labels' retrieved from /Users/harshasogala/financial-data-platform/venv/lib/python3.12/site-packages/airflow/example_dags/example_branch_labels.py
[2026-03-13T23:31:14.009+0100] {logging_mixin.py:188} INFO - [2026-03-13T23:31:14.009+0100] {dag.py:3089} INFO - Sync 1 DAGs
[2026-03-13T23:31:14.018+0100] {logging_mixin.py:188} INFO - [2026-03-13T23:31:14.018+0100] {dag.py:3947} INFO - Setting next_dagrun for example_branch_labels to 2026-03-12 00:00:00+00:00, run_after=2026-03-13 00:00:00+00:00
[2026-03-13T23:31:14.031+0100] {processor.py:183} INFO - Processing /Users/harshasogala/financial-data-platform/venv/lib/python3.12/site-packages/airflow/example_dags/example_branch_labels.py took 0.086 seconds
[2026-03-13T23:32:29.760+0100] {processor.py:161} INFO - Started process (PID=74952) to work on /Users/harshasogala/financial-data-platform/venv/lib/python3.12/site-packages/airflow/example_dags/example_branch_labels.py
[2026-03-13T23:32:29.761+0100] {processor.py:830} INFO - Processing file /Users/harshasogala/financial-data-platform/venv/lib/python3.12/site-packages/airflow/example_dags/example_branch_labels.py for tasks to queue
[2026-03-13T23:32:29.761+0100] {logging_mixin.py:188} INFO - [2026-03-13T23:32:29.761+0100] {dagbag.py:545} INFO - Filling up the DagBag from /Users/harshasogala/financial-data-platform/venv/lib/python3.12/site-packages/airflow/example_dags/example_branch_labels.py
[2026-03-13T23:32:29.767+0100] {processor.py:840} INFO - DAG(s) 'example_branch_labels' retrieved from /Users/harshasogala/financial-data-platform/venv/lib/python3.12/site-packages/airflow/example_dags/example_branch_labels.py
[2026-03-13T23:32:29.822+0100] {logging_mixin.py:188} INFO - [2026-03-13T23:32:29.822+0100] {dag.py:3089} INFO - Sync 1 DAGs
[2026-03-13T23:32:29.832+0100] {logging_mixin.py:188} INFO - [2026-03-13T23:32:29.831+0100] {dag.py:3947} INFO - Setting next_dagrun for example_branch_labels to 2026-03-12 00:00:00+00:00, run_after=2026-03-13 00:00:00+00:00
[2026-03-13T23:32:29.843+0100] {processor.py:183} INFO - Processing /Users/harshasogala/financial-data-platform/venv/lib/python3.12/site-packages/airflow/example_dags/example_branch_labels.py took 0.085 seconds
