[2026-03-13T22:18:25.119+0100] {processor.py:161} INFO - Started process (PID=66011) to work on /Users/harshasogala/financial-data-platform/venv/lib/python3.12/site-packages/airflow/example_dags/example_short_circuit_decorator.py
[2026-03-13T22:18:25.120+0100] {processor.py:830} INFO - Processing file /Users/harshasogala/financial-data-platform/venv/lib/python3.12/site-packages/airflow/example_dags/example_short_circuit_decorator.py for tasks to queue
[2026-03-13T22:18:25.120+0100] {logging_mixin.py:188} INFO - [2026-03-13T22:18:25.120+0100] {dagbag.py:545} INFO - Filling up the DagBag from /Users/harshasogala/financial-data-platform/venv/lib/python3.12/site-packages/airflow/example_dags/example_short_circuit_decorator.py
[2026-03-13T22:18:25.146+0100] {processor.py:840} INFO - DAG(s) 'example_short_circuit_decorator' retrieved from /Users/harshasogala/financial-data-platform/venv/lib/python3.12/site-packages/airflow/example_dags/example_short_circuit_decorator.py
[2026-03-13T22:18:25.245+0100] {logging_mixin.py:188} INFO - [2026-03-13T22:18:25.245+0100] {override.py:1858} INFO - Created Permission View: can read on DAG:example_short_circuit_decorator
[2026-03-13T22:18:25.250+0100] {logging_mixin.py:188} INFO - [2026-03-13T22:18:25.250+0100] {override.py:1858} INFO - Created Permission View: can delete on DAG:example_short_circuit_decorator
[2026-03-13T22:18:25.253+0100] {logging_mixin.py:188} INFO - [2026-03-13T22:18:25.253+0100] {override.py:1858} INFO - Created Permission View: can edit on DAG:example_short_circuit_decorator
[2026-03-13T22:18:25.253+0100] {logging_mixin.py:188} INFO - [2026-03-13T22:18:25.253+0100] {dag.py:3089} INFO - Sync 1 DAGs
[2026-03-13T22:18:25.258+0100] {logging_mixin.py:188} INFO - [2026-03-13T22:18:25.258+0100] {dag.py:3111} INFO - Creating ORM DAG for example_short_circuit_decorator
[2026-03-13T22:18:25.263+0100] {logging_mixin.py:188} INFO - [2026-03-13T22:18:25.263+0100] {dag.py:3947} INFO - Setting next_dagrun for example_short_circuit_decorator to 2026-03-12 00:00:00+00:00, run_after=2026-03-13 00:00:00+00:00
[2026-03-13T22:18:25.308+0100] {processor.py:183} INFO - Processing /Users/harshasogala/financial-data-platform/venv/lib/python3.12/site-packages/airflow/example_dags/example_short_circuit_decorator.py took 0.190 seconds
[2026-03-13T22:20:13.462+0100] {processor.py:161} INFO - Started process (PID=66085) to work on /Users/harshasogala/financial-data-platform/venv/lib/python3.12/site-packages/airflow/example_dags/example_short_circuit_decorator.py
[2026-03-13T22:20:13.463+0100] {processor.py:830} INFO - Processing file /Users/harshasogala/financial-data-platform/venv/lib/python3.12/site-packages/airflow/example_dags/example_short_circuit_decorator.py for tasks to queue
[2026-03-13T22:20:13.463+0100] {logging_mixin.py:188} INFO - [2026-03-13T22:20:13.463+0100] {dagbag.py:545} INFO - Filling up the DagBag from /Users/harshasogala/financial-data-platform/venv/lib/python3.12/site-packages/airflow/example_dags/example_short_circuit_decorator.py
[2026-03-13T22:20:13.486+0100] {processor.py:840} INFO - DAG(s) 'example_short_circuit_decorator' retrieved from /Users/harshasogala/financial-data-platform/venv/lib/python3.12/site-packages/airflow/example_dags/example_short_circuit_decorator.py
[2026-03-13T22:20:13.542+0100] {logging_mixin.py:188} INFO - [2026-03-13T22:20:13.541+0100] {dag.py:3089} INFO - Sync 1 DAGs
[2026-03-13T22:20:13.550+0100] {logging_mixin.py:188} INFO - [2026-03-13T22:20:13.550+0100] {dag.py:3947} INFO - Setting next_dagrun for example_short_circuit_decorator to 2026-03-12 00:00:00+00:00, run_after=2026-03-13 00:00:00+00:00
[2026-03-13T22:20:13.561+0100] {processor.py:183} INFO - Processing /Users/harshasogala/financial-data-platform/venv/lib/python3.12/site-packages/airflow/example_dags/example_short_circuit_decorator.py took 0.101 seconds
[2026-03-13T22:21:32.052+0100] {processor.py:161} INFO - Started process (PID=66167) to work on /Users/harshasogala/financial-data-platform/venv/lib/python3.12/site-packages/airflow/example_dags/example_short_circuit_decorator.py
[2026-03-13T22:21:32.053+0100] {processor.py:830} INFO - Processing file /Users/harshasogala/financial-data-platform/venv/lib/python3.12/site-packages/airflow/example_dags/example_short_circuit_decorator.py for tasks to queue
[2026-03-13T22:21:32.054+0100] {logging_mixin.py:188} INFO - [2026-03-13T22:21:32.053+0100] {dagbag.py:545} INFO - Filling up the DagBag from /Users/harshasogala/financial-data-platform/venv/lib/python3.12/site-packages/airflow/example_dags/example_short_circuit_decorator.py
[2026-03-13T22:21:32.078+0100] {processor.py:840} INFO - DAG(s) 'example_short_circuit_decorator' retrieved from /Users/harshasogala/financial-data-platform/venv/lib/python3.12/site-packages/airflow/example_dags/example_short_circuit_decorator.py
[2026-03-13T22:21:32.133+0100] {logging_mixin.py:188} INFO - [2026-03-13T22:21:32.133+0100] {dag.py:3089} INFO - Sync 1 DAGs
[2026-03-13T22:21:32.142+0100] {logging_mixin.py:188} INFO - [2026-03-13T22:21:32.142+0100] {dag.py:3947} INFO - Setting next_dagrun for example_short_circuit_decorator to 2026-03-12 00:00:00+00:00, run_after=2026-03-13 00:00:00+00:00
[2026-03-13T22:21:32.153+0100] {processor.py:183} INFO - Processing /Users/harshasogala/financial-data-platform/venv/lib/python3.12/site-packages/airflow/example_dags/example_short_circuit_decorator.py took 0.103 seconds
[2026-03-13T22:28:21.797+0100] {processor.py:161} INFO - Started process (PID=67321) to work on /Users/harshasogala/financial-data-platform/venv/lib/python3.12/site-packages/airflow/example_dags/example_short_circuit_decorator.py
[2026-03-13T22:28:21.798+0100] {processor.py:830} INFO - Processing file /Users/harshasogala/financial-data-platform/venv/lib/python3.12/site-packages/airflow/example_dags/example_short_circuit_decorator.py for tasks to queue
[2026-03-13T22:28:21.798+0100] {logging_mixin.py:188} INFO - [2026-03-13T22:28:21.798+0100] {dagbag.py:545} INFO - Filling up the DagBag from /Users/harshasogala/financial-data-platform/venv/lib/python3.12/site-packages/airflow/example_dags/example_short_circuit_decorator.py
[2026-03-13T22:28:21.823+0100] {processor.py:840} INFO - DAG(s) 'example_short_circuit_decorator' retrieved from /Users/harshasogala/financial-data-platform/venv/lib/python3.12/site-packages/airflow/example_dags/example_short_circuit_decorator.py
[2026-03-13T22:28:21.879+0100] {logging_mixin.py:188} INFO - [2026-03-13T22:28:21.879+0100] {dag.py:3089} INFO - Sync 1 DAGs
[2026-03-13T22:28:21.888+0100] {logging_mixin.py:188} INFO - [2026-03-13T22:28:21.888+0100] {dag.py:3947} INFO - Setting next_dagrun for example_short_circuit_decorator to 2026-03-12 00:00:00+00:00, run_after=2026-03-13 00:00:00+00:00
[2026-03-13T22:28:21.899+0100] {processor.py:183} INFO - Processing /Users/harshasogala/financial-data-platform/venv/lib/python3.12/site-packages/airflow/example_dags/example_short_circuit_decorator.py took 0.104 seconds
[2026-03-13T22:29:20.827+0100] {processor.py:161} INFO - Started process (PID=67377) to work on /Users/harshasogala/financial-data-platform/venv/lib/python3.12/site-packages/airflow/example_dags/example_short_circuit_decorator.py
[2026-03-13T22:29:20.828+0100] {processor.py:830} INFO - Processing file /Users/harshasogala/financial-data-platform/venv/lib/python3.12/site-packages/airflow/example_dags/example_short_circuit_decorator.py for tasks to queue
[2026-03-13T22:29:20.828+0100] {logging_mixin.py:188} INFO - [2026-03-13T22:29:20.828+0100] {dagbag.py:545} INFO - Filling up the DagBag from /Users/harshasogala/financial-data-platform/venv/lib/python3.12/site-packages/airflow/example_dags/example_short_circuit_decorator.py
[2026-03-13T22:29:20.853+0100] {processor.py:840} INFO - DAG(s) 'example_short_circuit_decorator' retrieved from /Users/harshasogala/financial-data-platform/venv/lib/python3.12/site-packages/airflow/example_dags/example_short_circuit_decorator.py
[2026-03-13T22:29:20.912+0100] {logging_mixin.py:188} INFO - [2026-03-13T22:29:20.912+0100] {dag.py:3089} INFO - Sync 1 DAGs
[2026-03-13T22:29:20.921+0100] {logging_mixin.py:188} INFO - [2026-03-13T22:29:20.921+0100] {dag.py:3947} INFO - Setting next_dagrun for example_short_circuit_decorator to 2026-03-12 00:00:00+00:00, run_after=2026-03-13 00:00:00+00:00
[2026-03-13T22:29:20.933+0100] {processor.py:183} INFO - Processing /Users/harshasogala/financial-data-platform/venv/lib/python3.12/site-packages/airflow/example_dags/example_short_circuit_decorator.py took 0.108 seconds
[2026-03-13T22:30:27.645+0100] {processor.py:161} INFO - Started process (PID=67513) to work on /Users/harshasogala/financial-data-platform/venv/lib/python3.12/site-packages/airflow/example_dags/example_short_circuit_decorator.py
[2026-03-13T22:30:27.646+0100] {processor.py:830} INFO - Processing file /Users/harshasogala/financial-data-platform/venv/lib/python3.12/site-packages/airflow/example_dags/example_short_circuit_decorator.py for tasks to queue
[2026-03-13T22:30:27.647+0100] {logging_mixin.py:188} INFO - [2026-03-13T22:30:27.646+0100] {dagbag.py:545} INFO - Filling up the DagBag from /Users/harshasogala/financial-data-platform/venv/lib/python3.12/site-packages/airflow/example_dags/example_short_circuit_decorator.py
[2026-03-13T22:30:27.674+0100] {processor.py:840} INFO - DAG(s) 'example_short_circuit_decorator' retrieved from /Users/harshasogala/financial-data-platform/venv/lib/python3.12/site-packages/airflow/example_dags/example_short_circuit_decorator.py
[2026-03-13T22:30:27.733+0100] {logging_mixin.py:188} INFO - [2026-03-13T22:30:27.733+0100] {dag.py:3089} INFO - Sync 1 DAGs
[2026-03-13T22:30:27.743+0100] {logging_mixin.py:188} INFO - [2026-03-13T22:30:27.743+0100] {dag.py:3947} INFO - Setting next_dagrun for example_short_circuit_decorator to 2026-03-12 00:00:00+00:00, run_after=2026-03-13 00:00:00+00:00
[2026-03-13T22:30:27.753+0100] {processor.py:183} INFO - Processing /Users/harshasogala/financial-data-platform/venv/lib/python3.12/site-packages/airflow/example_dags/example_short_circuit_decorator.py took 0.110 seconds
[2026-03-13T22:31:41.373+0100] {processor.py:161} INFO - Started process (PID=68314) to work on /Users/harshasogala/financial-data-platform/venv/lib/python3.12/site-packages/airflow/example_dags/example_short_circuit_decorator.py
[2026-03-13T22:31:41.374+0100] {processor.py:830} INFO - Processing file /Users/harshasogala/financial-data-platform/venv/lib/python3.12/site-packages/airflow/example_dags/example_short_circuit_decorator.py for tasks to queue
[2026-03-13T22:31:41.374+0100] {logging_mixin.py:188} INFO - [2026-03-13T22:31:41.374+0100] {dagbag.py:545} INFO - Filling up the DagBag from /Users/harshasogala/financial-data-platform/venv/lib/python3.12/site-packages/airflow/example_dags/example_short_circuit_decorator.py
[2026-03-13T22:31:41.398+0100] {processor.py:840} INFO - DAG(s) 'example_short_circuit_decorator' retrieved from /Users/harshasogala/financial-data-platform/venv/lib/python3.12/site-packages/airflow/example_dags/example_short_circuit_decorator.py
[2026-03-13T22:31:41.453+0100] {logging_mixin.py:188} INFO - [2026-03-13T22:31:41.453+0100] {dag.py:3089} INFO - Sync 1 DAGs
[2026-03-13T22:31:41.497+0100] {logging_mixin.py:188} INFO - [2026-03-13T22:31:41.497+0100] {dag.py:3947} INFO - Setting next_dagrun for example_short_circuit_decorator to 2026-03-12 00:00:00+00:00, run_after=2026-03-13 00:00:00+00:00
[2026-03-13T22:31:41.508+0100] {processor.py:183} INFO - Processing /Users/harshasogala/financial-data-platform/venv/lib/python3.12/site-packages/airflow/example_dags/example_short_circuit_decorator.py took 0.137 seconds
[2026-03-13T22:33:02.033+0100] {processor.py:161} INFO - Started process (PID=68842) to work on /Users/harshasogala/financial-data-platform/venv/lib/python3.12/site-packages/airflow/example_dags/example_short_circuit_decorator.py
[2026-03-13T22:33:02.034+0100] {processor.py:830} INFO - Processing file /Users/harshasogala/financial-data-platform/venv/lib/python3.12/site-packages/airflow/example_dags/example_short_circuit_decorator.py for tasks to queue
[2026-03-13T22:33:02.034+0100] {logging_mixin.py:188} INFO - [2026-03-13T22:33:02.034+0100] {dagbag.py:545} INFO - Filling up the DagBag from /Users/harshasogala/financial-data-platform/venv/lib/python3.12/site-packages/airflow/example_dags/example_short_circuit_decorator.py
[2026-03-13T22:33:02.059+0100] {processor.py:840} INFO - DAG(s) 'example_short_circuit_decorator' retrieved from /Users/harshasogala/financial-data-platform/venv/lib/python3.12/site-packages/airflow/example_dags/example_short_circuit_decorator.py
[2026-03-13T22:33:02.116+0100] {logging_mixin.py:188} INFO - [2026-03-13T22:33:02.116+0100] {dag.py:3089} INFO - Sync 1 DAGs
[2026-03-13T22:33:02.159+0100] {logging_mixin.py:188} INFO - [2026-03-13T22:33:02.159+0100] {dag.py:3947} INFO - Setting next_dagrun for example_short_circuit_decorator to 2026-03-12 00:00:00+00:00, run_after=2026-03-13 00:00:00+00:00
[2026-03-13T22:33:02.170+0100] {processor.py:183} INFO - Processing /Users/harshasogala/financial-data-platform/venv/lib/python3.12/site-packages/airflow/example_dags/example_short_circuit_decorator.py took 0.139 seconds
[2026-03-13T22:34:22.973+0100] {processor.py:161} INFO - Started process (PID=69184) to work on /Users/harshasogala/financial-data-platform/venv/lib/python3.12/site-packages/airflow/example_dags/example_short_circuit_decorator.py
[2026-03-13T22:34:22.974+0100] {processor.py:830} INFO - Processing file /Users/harshasogala/financial-data-platform/venv/lib/python3.12/site-packages/airflow/example_dags/example_short_circuit_decorator.py for tasks to queue
[2026-03-13T22:34:22.974+0100] {logging_mixin.py:188} INFO - [2026-03-13T22:34:22.974+0100] {dagbag.py:545} INFO - Filling up the DagBag from /Users/harshasogala/financial-data-platform/venv/lib/python3.12/site-packages/airflow/example_dags/example_short_circuit_decorator.py
[2026-03-13T22:34:22.998+0100] {processor.py:840} INFO - DAG(s) 'example_short_circuit_decorator' retrieved from /Users/harshasogala/financial-data-platform/venv/lib/python3.12/site-packages/airflow/example_dags/example_short_circuit_decorator.py
[2026-03-13T22:34:23.062+0100] {logging_mixin.py:188} INFO - [2026-03-13T22:34:23.061+0100] {dag.py:3089} INFO - Sync 1 DAGs
[2026-03-13T22:34:23.107+0100] {logging_mixin.py:188} INFO - [2026-03-13T22:34:23.106+0100] {dag.py:3947} INFO - Setting next_dagrun for example_short_circuit_decorator to 2026-03-12 00:00:00+00:00, run_after=2026-03-13 00:00:00+00:00
[2026-03-13T22:34:23.117+0100] {processor.py:183} INFO - Processing /Users/harshasogala/financial-data-platform/venv/lib/python3.12/site-packages/airflow/example_dags/example_short_circuit_decorator.py took 0.146 seconds
[2026-03-13T22:35:38.445+0100] {processor.py:161} INFO - Started process (PID=69245) to work on /Users/harshasogala/financial-data-platform/venv/lib/python3.12/site-packages/airflow/example_dags/example_short_circuit_decorator.py
[2026-03-13T22:35:38.446+0100] {processor.py:830} INFO - Processing file /Users/harshasogala/financial-data-platform/venv/lib/python3.12/site-packages/airflow/example_dags/example_short_circuit_decorator.py for tasks to queue
[2026-03-13T22:35:38.446+0100] {logging_mixin.py:188} INFO - [2026-03-13T22:35:38.446+0100] {dagbag.py:545} INFO - Filling up the DagBag from /Users/harshasogala/financial-data-platform/venv/lib/python3.12/site-packages/airflow/example_dags/example_short_circuit_decorator.py
[2026-03-13T22:35:38.471+0100] {processor.py:840} INFO - DAG(s) 'example_short_circuit_decorator' retrieved from /Users/harshasogala/financial-data-platform/venv/lib/python3.12/site-packages/airflow/example_dags/example_short_circuit_decorator.py
[2026-03-13T22:35:38.526+0100] {logging_mixin.py:188} INFO - [2026-03-13T22:35:38.526+0100] {dag.py:3089} INFO - Sync 1 DAGs
[2026-03-13T22:35:38.577+0100] {logging_mixin.py:188} INFO - [2026-03-13T22:35:38.577+0100] {dag.py:3947} INFO - Setting next_dagrun for example_short_circuit_decorator to 2026-03-12 00:00:00+00:00, run_after=2026-03-13 00:00:00+00:00
[2026-03-13T22:35:38.588+0100] {processor.py:183} INFO - Processing /Users/harshasogala/financial-data-platform/venv/lib/python3.12/site-packages/airflow/example_dags/example_short_circuit_decorator.py took 0.145 seconds
[2026-03-13T22:36:52.427+0100] {processor.py:161} INFO - Started process (PID=69323) to work on /Users/harshasogala/financial-data-platform/venv/lib/python3.12/site-packages/airflow/example_dags/example_short_circuit_decorator.py
[2026-03-13T22:36:52.428+0100] {processor.py:830} INFO - Processing file /Users/harshasogala/financial-data-platform/venv/lib/python3.12/site-packages/airflow/example_dags/example_short_circuit_decorator.py for tasks to queue
[2026-03-13T22:36:52.429+0100] {logging_mixin.py:188} INFO - [2026-03-13T22:36:52.429+0100] {dagbag.py:545} INFO - Filling up the DagBag from /Users/harshasogala/financial-data-platform/venv/lib/python3.12/site-packages/airflow/example_dags/example_short_circuit_decorator.py
[2026-03-13T22:36:52.453+0100] {processor.py:840} INFO - DAG(s) 'example_short_circuit_decorator' retrieved from /Users/harshasogala/financial-data-platform/venv/lib/python3.12/site-packages/airflow/example_dags/example_short_circuit_decorator.py
[2026-03-13T22:36:52.507+0100] {logging_mixin.py:188} INFO - [2026-03-13T22:36:52.507+0100] {dag.py:3089} INFO - Sync 1 DAGs
[2026-03-13T22:36:52.549+0100] {logging_mixin.py:188} INFO - [2026-03-13T22:36:52.549+0100] {dag.py:3947} INFO - Setting next_dagrun for example_short_circuit_decorator to 2026-03-12 00:00:00+00:00, run_after=2026-03-13 00:00:00+00:00
[2026-03-13T22:36:52.560+0100] {processor.py:183} INFO - Processing /Users/harshasogala/financial-data-platform/venv/lib/python3.12/site-packages/airflow/example_dags/example_short_circuit_decorator.py took 0.134 seconds
[2026-03-13T22:38:06.154+0100] {processor.py:161} INFO - Started process (PID=69381) to work on /Users/harshasogala/financial-data-platform/venv/lib/python3.12/site-packages/airflow/example_dags/example_short_circuit_decorator.py
[2026-03-13T22:38:06.156+0100] {processor.py:830} INFO - Processing file /Users/harshasogala/financial-data-platform/venv/lib/python3.12/site-packages/airflow/example_dags/example_short_circuit_decorator.py for tasks to queue
[2026-03-13T22:38:06.156+0100] {logging_mixin.py:188} INFO - [2026-03-13T22:38:06.156+0100] {dagbag.py:545} INFO - Filling up the DagBag from /Users/harshasogala/financial-data-platform/venv/lib/python3.12/site-packages/airflow/example_dags/example_short_circuit_decorator.py
[2026-03-13T22:38:06.180+0100] {processor.py:840} INFO - DAG(s) 'example_short_circuit_decorator' retrieved from /Users/harshasogala/financial-data-platform/venv/lib/python3.12/site-packages/airflow/example_dags/example_short_circuit_decorator.py
[2026-03-13T22:38:06.234+0100] {logging_mixin.py:188} INFO - [2026-03-13T22:38:06.234+0100] {dag.py:3089} INFO - Sync 1 DAGs
[2026-03-13T22:38:06.279+0100] {logging_mixin.py:188} INFO - [2026-03-13T22:38:06.279+0100] {dag.py:3947} INFO - Setting next_dagrun for example_short_circuit_decorator to 2026-03-12 00:00:00+00:00, run_after=2026-03-13 00:00:00+00:00
[2026-03-13T22:38:06.290+0100] {processor.py:183} INFO - Processing /Users/harshasogala/financial-data-platform/venv/lib/python3.12/site-packages/airflow/example_dags/example_short_circuit_decorator.py took 0.138 seconds
[2026-03-13T22:39:20.530+0100] {processor.py:161} INFO - Started process (PID=69450) to work on /Users/harshasogala/financial-data-platform/venv/lib/python3.12/site-packages/airflow/example_dags/example_short_circuit_decorator.py
[2026-03-13T22:39:20.531+0100] {processor.py:830} INFO - Processing file /Users/harshasogala/financial-data-platform/venv/lib/python3.12/site-packages/airflow/example_dags/example_short_circuit_decorator.py for tasks to queue
[2026-03-13T22:39:20.531+0100] {logging_mixin.py:188} INFO - [2026-03-13T22:39:20.531+0100] {dagbag.py:545} INFO - Filling up the DagBag from /Users/harshasogala/financial-data-platform/venv/lib/python3.12/site-packages/airflow/example_dags/example_short_circuit_decorator.py
[2026-03-13T22:39:20.555+0100] {processor.py:840} INFO - DAG(s) 'example_short_circuit_decorator' retrieved from /Users/harshasogala/financial-data-platform/venv/lib/python3.12/site-packages/airflow/example_dags/example_short_circuit_decorator.py
[2026-03-13T22:39:20.610+0100] {logging_mixin.py:188} INFO - [2026-03-13T22:39:20.610+0100] {dag.py:3089} INFO - Sync 1 DAGs
[2026-03-13T22:39:20.657+0100] {logging_mixin.py:188} INFO - [2026-03-13T22:39:20.657+0100] {dag.py:3947} INFO - Setting next_dagrun for example_short_circuit_decorator to 2026-03-12 00:00:00+00:00, run_after=2026-03-13 00:00:00+00:00
[2026-03-13T22:39:20.669+0100] {processor.py:183} INFO - Processing /Users/harshasogala/financial-data-platform/venv/lib/python3.12/site-packages/airflow/example_dags/example_short_circuit_decorator.py took 0.140 seconds
[2026-03-13T22:40:43.245+0100] {processor.py:161} INFO - Started process (PID=69671) to work on /Users/harshasogala/financial-data-platform/venv/lib/python3.12/site-packages/airflow/example_dags/example_short_circuit_decorator.py
[2026-03-13T22:40:43.246+0100] {processor.py:830} INFO - Processing file /Users/harshasogala/financial-data-platform/venv/lib/python3.12/site-packages/airflow/example_dags/example_short_circuit_decorator.py for tasks to queue
[2026-03-13T22:40:43.247+0100] {logging_mixin.py:188} INFO - [2026-03-13T22:40:43.246+0100] {dagbag.py:545} INFO - Filling up the DagBag from /Users/harshasogala/financial-data-platform/venv/lib/python3.12/site-packages/airflow/example_dags/example_short_circuit_decorator.py
[2026-03-13T22:40:43.271+0100] {processor.py:840} INFO - DAG(s) 'example_short_circuit_decorator' retrieved from /Users/harshasogala/financial-data-platform/venv/lib/python3.12/site-packages/airflow/example_dags/example_short_circuit_decorator.py
[2026-03-13T22:40:43.326+0100] {logging_mixin.py:188} INFO - [2026-03-13T22:40:43.326+0100] {dag.py:3089} INFO - Sync 1 DAGs
[2026-03-13T22:40:43.369+0100] {logging_mixin.py:188} INFO - [2026-03-13T22:40:43.368+0100] {dag.py:3947} INFO - Setting next_dagrun for example_short_circuit_decorator to 2026-03-12 00:00:00+00:00, run_after=2026-03-13 00:00:00+00:00
[2026-03-13T22:40:43.379+0100] {processor.py:183} INFO - Processing /Users/harshasogala/financial-data-platform/venv/lib/python3.12/site-packages/airflow/example_dags/example_short_circuit_decorator.py took 0.136 seconds
[2026-03-13T22:42:01.454+0100] {processor.py:161} INFO - Started process (PID=69730) to work on /Users/harshasogala/financial-data-platform/venv/lib/python3.12/site-packages/airflow/example_dags/example_short_circuit_decorator.py
[2026-03-13T22:42:01.455+0100] {processor.py:830} INFO - Processing file /Users/harshasogala/financial-data-platform/venv/lib/python3.12/site-packages/airflow/example_dags/example_short_circuit_decorator.py for tasks to queue
[2026-03-13T22:42:01.456+0100] {logging_mixin.py:188} INFO - [2026-03-13T22:42:01.456+0100] {dagbag.py:545} INFO - Filling up the DagBag from /Users/harshasogala/financial-data-platform/venv/lib/python3.12/site-packages/airflow/example_dags/example_short_circuit_decorator.py
[2026-03-13T22:42:01.479+0100] {processor.py:840} INFO - DAG(s) 'example_short_circuit_decorator' retrieved from /Users/harshasogala/financial-data-platform/venv/lib/python3.12/site-packages/airflow/example_dags/example_short_circuit_decorator.py
[2026-03-13T22:42:01.534+0100] {logging_mixin.py:188} INFO - [2026-03-13T22:42:01.534+0100] {dag.py:3089} INFO - Sync 1 DAGs
[2026-03-13T22:42:01.577+0100] {logging_mixin.py:188} INFO - [2026-03-13T22:42:01.577+0100] {dag.py:3947} INFO - Setting next_dagrun for example_short_circuit_decorator to 2026-03-12 00:00:00+00:00, run_after=2026-03-13 00:00:00+00:00
[2026-03-13T22:42:01.588+0100] {processor.py:183} INFO - Processing /Users/harshasogala/financial-data-platform/venv/lib/python3.12/site-packages/airflow/example_dags/example_short_circuit_decorator.py took 0.135 seconds
[2026-03-13T22:43:18.616+0100] {processor.py:161} INFO - Started process (PID=69798) to work on /Users/harshasogala/financial-data-platform/venv/lib/python3.12/site-packages/airflow/example_dags/example_short_circuit_decorator.py
[2026-03-13T22:43:18.617+0100] {processor.py:830} INFO - Processing file /Users/harshasogala/financial-data-platform/venv/lib/python3.12/site-packages/airflow/example_dags/example_short_circuit_decorator.py for tasks to queue
[2026-03-13T22:43:18.617+0100] {logging_mixin.py:188} INFO - [2026-03-13T22:43:18.617+0100] {dagbag.py:545} INFO - Filling up the DagBag from /Users/harshasogala/financial-data-platform/venv/lib/python3.12/site-packages/airflow/example_dags/example_short_circuit_decorator.py
[2026-03-13T22:43:18.643+0100] {processor.py:840} INFO - DAG(s) 'example_short_circuit_decorator' retrieved from /Users/harshasogala/financial-data-platform/venv/lib/python3.12/site-packages/airflow/example_dags/example_short_circuit_decorator.py
[2026-03-13T22:43:18.707+0100] {logging_mixin.py:188} INFO - [2026-03-13T22:43:18.707+0100] {dag.py:3089} INFO - Sync 1 DAGs
[2026-03-13T22:43:18.770+0100] {logging_mixin.py:188} INFO - [2026-03-13T22:43:18.770+0100] {dag.py:3947} INFO - Setting next_dagrun for example_short_circuit_decorator to 2026-03-12 00:00:00+00:00, run_after=2026-03-13 00:00:00+00:00
[2026-03-13T22:43:18.780+0100] {processor.py:183} INFO - Processing /Users/harshasogala/financial-data-platform/venv/lib/python3.12/site-packages/airflow/example_dags/example_short_circuit_decorator.py took 0.167 seconds
[2026-03-13T22:44:41.142+0100] {processor.py:161} INFO - Started process (PID=70049) to work on /Users/harshasogala/financial-data-platform/venv/lib/python3.12/site-packages/airflow/example_dags/example_short_circuit_decorator.py
[2026-03-13T22:44:41.144+0100] {processor.py:830} INFO - Processing file /Users/harshasogala/financial-data-platform/venv/lib/python3.12/site-packages/airflow/example_dags/example_short_circuit_decorator.py for tasks to queue
[2026-03-13T22:44:41.144+0100] {logging_mixin.py:188} INFO - [2026-03-13T22:44:41.144+0100] {dagbag.py:545} INFO - Filling up the DagBag from /Users/harshasogala/financial-data-platform/venv/lib/python3.12/site-packages/airflow/example_dags/example_short_circuit_decorator.py
[2026-03-13T22:44:41.172+0100] {processor.py:840} INFO - DAG(s) 'example_short_circuit_decorator' retrieved from /Users/harshasogala/financial-data-platform/venv/lib/python3.12/site-packages/airflow/example_dags/example_short_circuit_decorator.py
[2026-03-13T22:44:41.229+0100] {logging_mixin.py:188} INFO - [2026-03-13T22:44:41.229+0100] {dag.py:3089} INFO - Sync 1 DAGs
[2026-03-13T22:44:41.275+0100] {logging_mixin.py:188} INFO - [2026-03-13T22:44:41.275+0100] {dag.py:3947} INFO - Setting next_dagrun for example_short_circuit_decorator to 2026-03-12 00:00:00+00:00, run_after=2026-03-13 00:00:00+00:00
[2026-03-13T22:44:41.287+0100] {processor.py:183} INFO - Processing /Users/harshasogala/financial-data-platform/venv/lib/python3.12/site-packages/airflow/example_dags/example_short_circuit_decorator.py took 0.146 seconds
[2026-03-13T22:46:13.618+0100] {processor.py:161} INFO - Started process (PID=70371) to work on /Users/harshasogala/financial-data-platform/venv/lib/python3.12/site-packages/airflow/example_dags/example_short_circuit_decorator.py
[2026-03-13T22:46:13.620+0100] {processor.py:830} INFO - Processing file /Users/harshasogala/financial-data-platform/venv/lib/python3.12/site-packages/airflow/example_dags/example_short_circuit_decorator.py for tasks to queue
[2026-03-13T22:46:13.620+0100] {logging_mixin.py:188} INFO - [2026-03-13T22:46:13.620+0100] {dagbag.py:545} INFO - Filling up the DagBag from /Users/harshasogala/financial-data-platform/venv/lib/python3.12/site-packages/airflow/example_dags/example_short_circuit_decorator.py
[2026-03-13T22:46:13.644+0100] {processor.py:840} INFO - DAG(s) 'example_short_circuit_decorator' retrieved from /Users/harshasogala/financial-data-platform/venv/lib/python3.12/site-packages/airflow/example_dags/example_short_circuit_decorator.py
[2026-03-13T22:46:13.699+0100] {logging_mixin.py:188} INFO - [2026-03-13T22:46:13.699+0100] {dag.py:3089} INFO - Sync 1 DAGs
[2026-03-13T22:46:13.742+0100] {logging_mixin.py:188} INFO - [2026-03-13T22:46:13.742+0100] {dag.py:3947} INFO - Setting next_dagrun for example_short_circuit_decorator to 2026-03-12 00:00:00+00:00, run_after=2026-03-13 00:00:00+00:00
[2026-03-13T22:46:13.753+0100] {processor.py:183} INFO - Processing /Users/harshasogala/financial-data-platform/venv/lib/python3.12/site-packages/airflow/example_dags/example_short_circuit_decorator.py took 0.136 seconds
[2026-03-13T22:47:38.487+0100] {processor.py:161} INFO - Started process (PID=71381) to work on /Users/harshasogala/financial-data-platform/venv/lib/python3.12/site-packages/airflow/example_dags/example_short_circuit_decorator.py
[2026-03-13T22:47:38.488+0100] {processor.py:830} INFO - Processing file /Users/harshasogala/financial-data-platform/venv/lib/python3.12/site-packages/airflow/example_dags/example_short_circuit_decorator.py for tasks to queue
[2026-03-13T22:47:38.488+0100] {logging_mixin.py:188} INFO - [2026-03-13T22:47:38.488+0100] {dagbag.py:545} INFO - Filling up the DagBag from /Users/harshasogala/financial-data-platform/venv/lib/python3.12/site-packages/airflow/example_dags/example_short_circuit_decorator.py
[2026-03-13T22:47:38.513+0100] {processor.py:840} INFO - DAG(s) 'example_short_circuit_decorator' retrieved from /Users/harshasogala/financial-data-platform/venv/lib/python3.12/site-packages/airflow/example_dags/example_short_circuit_decorator.py
[2026-03-13T22:47:38.569+0100] {logging_mixin.py:188} INFO - [2026-03-13T22:47:38.568+0100] {dag.py:3089} INFO - Sync 1 DAGs
[2026-03-13T22:47:38.612+0100] {logging_mixin.py:188} INFO - [2026-03-13T22:47:38.612+0100] {dag.py:3947} INFO - Setting next_dagrun for example_short_circuit_decorator to 2026-03-12 00:00:00+00:00, run_after=2026-03-13 00:00:00+00:00
[2026-03-13T22:47:38.623+0100] {processor.py:183} INFO - Processing /Users/harshasogala/financial-data-platform/venv/lib/python3.12/site-packages/airflow/example_dags/example_short_circuit_decorator.py took 0.138 seconds
[2026-03-13T22:48:55.473+0100] {processor.py:161} INFO - Started process (PID=71452) to work on /Users/harshasogala/financial-data-platform/venv/lib/python3.12/site-packages/airflow/example_dags/example_short_circuit_decorator.py
[2026-03-13T22:48:55.474+0100] {processor.py:830} INFO - Processing file /Users/harshasogala/financial-data-platform/venv/lib/python3.12/site-packages/airflow/example_dags/example_short_circuit_decorator.py for tasks to queue
[2026-03-13T22:48:55.474+0100] {logging_mixin.py:188} INFO - [2026-03-13T22:48:55.474+0100] {dagbag.py:545} INFO - Filling up the DagBag from /Users/harshasogala/financial-data-platform/venv/lib/python3.12/site-packages/airflow/example_dags/example_short_circuit_decorator.py
[2026-03-13T22:48:55.499+0100] {processor.py:840} INFO - DAG(s) 'example_short_circuit_decorator' retrieved from /Users/harshasogala/financial-data-platform/venv/lib/python3.12/site-packages/airflow/example_dags/example_short_circuit_decorator.py
[2026-03-13T22:48:55.556+0100] {logging_mixin.py:188} INFO - [2026-03-13T22:48:55.556+0100] {dag.py:3089} INFO - Sync 1 DAGs
[2026-03-13T22:48:55.601+0100] {logging_mixin.py:188} INFO - [2026-03-13T22:48:55.601+0100] {dag.py:3947} INFO - Setting next_dagrun for example_short_circuit_decorator to 2026-03-12 00:00:00+00:00, run_after=2026-03-13 00:00:00+00:00
[2026-03-13T22:48:55.612+0100] {processor.py:183} INFO - Processing /Users/harshasogala/financial-data-platform/venv/lib/python3.12/site-packages/airflow/example_dags/example_short_circuit_decorator.py took 0.141 seconds
[2026-03-13T22:50:15.787+0100] {processor.py:161} INFO - Started process (PID=71703) to work on /Users/harshasogala/financial-data-platform/venv/lib/python3.12/site-packages/airflow/example_dags/example_short_circuit_decorator.py
[2026-03-13T22:50:15.788+0100] {processor.py:830} INFO - Processing file /Users/harshasogala/financial-data-platform/venv/lib/python3.12/site-packages/airflow/example_dags/example_short_circuit_decorator.py for tasks to queue
[2026-03-13T22:50:15.788+0100] {logging_mixin.py:188} INFO - [2026-03-13T22:50:15.788+0100] {dagbag.py:545} INFO - Filling up the DagBag from /Users/harshasogala/financial-data-platform/venv/lib/python3.12/site-packages/airflow/example_dags/example_short_circuit_decorator.py
[2026-03-13T22:50:15.812+0100] {processor.py:840} INFO - DAG(s) 'example_short_circuit_decorator' retrieved from /Users/harshasogala/financial-data-platform/venv/lib/python3.12/site-packages/airflow/example_dags/example_short_circuit_decorator.py
[2026-03-13T22:50:15.867+0100] {logging_mixin.py:188} INFO - [2026-03-13T22:50:15.867+0100] {dag.py:3089} INFO - Sync 1 DAGs
[2026-03-13T22:50:15.912+0100] {logging_mixin.py:188} INFO - [2026-03-13T22:50:15.911+0100] {dag.py:3947} INFO - Setting next_dagrun for example_short_circuit_decorator to 2026-03-12 00:00:00+00:00, run_after=2026-03-13 00:00:00+00:00
[2026-03-13T22:50:15.922+0100] {processor.py:183} INFO - Processing /Users/harshasogala/financial-data-platform/venv/lib/python3.12/site-packages/airflow/example_dags/example_short_circuit_decorator.py took 0.136 seconds
[2026-03-13T22:51:45.198+0100] {processor.py:161} INFO - Started process (PID=72066) to work on /Users/harshasogala/financial-data-platform/venv/lib/python3.12/site-packages/airflow/example_dags/example_short_circuit_decorator.py
[2026-03-13T22:51:45.200+0100] {processor.py:830} INFO - Processing file /Users/harshasogala/financial-data-platform/venv/lib/python3.12/site-packages/airflow/example_dags/example_short_circuit_decorator.py for tasks to queue
[2026-03-13T22:51:45.200+0100] {logging_mixin.py:188} INFO - [2026-03-13T22:51:45.200+0100] {dagbag.py:545} INFO - Filling up the DagBag from /Users/harshasogala/financial-data-platform/venv/lib/python3.12/site-packages/airflow/example_dags/example_short_circuit_decorator.py
[2026-03-13T22:51:45.224+0100] {processor.py:840} INFO - DAG(s) 'example_short_circuit_decorator' retrieved from /Users/harshasogala/financial-data-platform/venv/lib/python3.12/site-packages/airflow/example_dags/example_short_circuit_decorator.py
[2026-03-13T22:51:45.278+0100] {logging_mixin.py:188} INFO - [2026-03-13T22:51:45.277+0100] {dag.py:3089} INFO - Sync 1 DAGs
[2026-03-13T22:51:45.320+0100] {logging_mixin.py:188} INFO - [2026-03-13T22:51:45.320+0100] {dag.py:3947} INFO - Setting next_dagrun for example_short_circuit_decorator to 2026-03-12 00:00:00+00:00, run_after=2026-03-13 00:00:00+00:00
[2026-03-13T22:51:45.330+0100] {processor.py:183} INFO - Processing /Users/harshasogala/financial-data-platform/venv/lib/python3.12/site-packages/airflow/example_dags/example_short_circuit_decorator.py took 0.134 seconds
[2026-03-13T22:53:00.492+0100] {processor.py:161} INFO - Started process (PID=72391) to work on /Users/harshasogala/financial-data-platform/venv/lib/python3.12/site-packages/airflow/example_dags/example_short_circuit_decorator.py
[2026-03-13T22:53:00.493+0100] {processor.py:830} INFO - Processing file /Users/harshasogala/financial-data-platform/venv/lib/python3.12/site-packages/airflow/example_dags/example_short_circuit_decorator.py for tasks to queue
[2026-03-13T22:53:00.494+0100] {logging_mixin.py:188} INFO - [2026-03-13T22:53:00.494+0100] {dagbag.py:545} INFO - Filling up the DagBag from /Users/harshasogala/financial-data-platform/venv/lib/python3.12/site-packages/airflow/example_dags/example_short_circuit_decorator.py
[2026-03-13T22:53:00.519+0100] {processor.py:840} INFO - DAG(s) 'example_short_circuit_decorator' retrieved from /Users/harshasogala/financial-data-platform/venv/lib/python3.12/site-packages/airflow/example_dags/example_short_circuit_decorator.py
[2026-03-13T22:53:00.574+0100] {logging_mixin.py:188} INFO - [2026-03-13T22:53:00.574+0100] {dag.py:3089} INFO - Sync 1 DAGs
[2026-03-13T22:53:00.618+0100] {logging_mixin.py:188} INFO - [2026-03-13T22:53:00.618+0100] {dag.py:3947} INFO - Setting next_dagrun for example_short_circuit_decorator to 2026-03-12 00:00:00+00:00, run_after=2026-03-13 00:00:00+00:00
[2026-03-13T22:53:00.629+0100] {processor.py:183} INFO - Processing /Users/harshasogala/financial-data-platform/venv/lib/python3.12/site-packages/airflow/example_dags/example_short_circuit_decorator.py took 0.139 seconds
[2026-03-13T22:54:21.811+0100] {processor.py:161} INFO - Started process (PID=72482) to work on /Users/harshasogala/financial-data-platform/venv/lib/python3.12/site-packages/airflow/example_dags/example_short_circuit_decorator.py
[2026-03-13T22:54:21.813+0100] {processor.py:830} INFO - Processing file /Users/harshasogala/financial-data-platform/venv/lib/python3.12/site-packages/airflow/example_dags/example_short_circuit_decorator.py for tasks to queue
[2026-03-13T22:54:21.813+0100] {logging_mixin.py:188} INFO - [2026-03-13T22:54:21.813+0100] {dagbag.py:545} INFO - Filling up the DagBag from /Users/harshasogala/financial-data-platform/venv/lib/python3.12/site-packages/airflow/example_dags/example_short_circuit_decorator.py
[2026-03-13T22:54:21.849+0100] {processor.py:840} INFO - DAG(s) 'example_short_circuit_decorator' retrieved from /Users/harshasogala/financial-data-platform/venv/lib/python3.12/site-packages/airflow/example_dags/example_short_circuit_decorator.py
[2026-03-13T22:54:21.913+0100] {logging_mixin.py:188} INFO - [2026-03-13T22:54:21.913+0100] {dag.py:3089} INFO - Sync 1 DAGs
[2026-03-13T22:54:21.962+0100] {logging_mixin.py:188} INFO - [2026-03-13T22:54:21.962+0100] {dag.py:3947} INFO - Setting next_dagrun for example_short_circuit_decorator to 2026-03-12 00:00:00+00:00, run_after=2026-03-13 00:00:00+00:00
[2026-03-13T22:54:21.978+0100] {processor.py:183} INFO - Processing /Users/harshasogala/financial-data-platform/venv/lib/python3.12/site-packages/airflow/example_dags/example_short_circuit_decorator.py took 0.169 seconds
[2026-03-13T22:55:45.808+0100] {processor.py:161} INFO - Started process (PID=72554) to work on /Users/harshasogala/financial-data-platform/venv/lib/python3.12/site-packages/airflow/example_dags/example_short_circuit_decorator.py
[2026-03-13T22:55:45.809+0100] {processor.py:830} INFO - Processing file /Users/harshasogala/financial-data-platform/venv/lib/python3.12/site-packages/airflow/example_dags/example_short_circuit_decorator.py for tasks to queue
[2026-03-13T22:55:45.810+0100] {logging_mixin.py:188} INFO - [2026-03-13T22:55:45.809+0100] {dagbag.py:545} INFO - Filling up the DagBag from /Users/harshasogala/financial-data-platform/venv/lib/python3.12/site-packages/airflow/example_dags/example_short_circuit_decorator.py
[2026-03-13T22:55:45.839+0100] {processor.py:840} INFO - DAG(s) 'example_short_circuit_decorator' retrieved from /Users/harshasogala/financial-data-platform/venv/lib/python3.12/site-packages/airflow/example_dags/example_short_circuit_decorator.py
[2026-03-13T22:55:45.909+0100] {logging_mixin.py:188} INFO - [2026-03-13T22:55:45.909+0100] {dag.py:3089} INFO - Sync 1 DAGs
[2026-03-13T22:55:45.963+0100] {logging_mixin.py:188} INFO - [2026-03-13T22:55:45.963+0100] {dag.py:3947} INFO - Setting next_dagrun for example_short_circuit_decorator to 2026-03-12 00:00:00+00:00, run_after=2026-03-13 00:00:00+00:00
[2026-03-13T22:55:45.977+0100] {processor.py:183} INFO - Processing /Users/harshasogala/financial-data-platform/venv/lib/python3.12/site-packages/airflow/example_dags/example_short_circuit_decorator.py took 0.171 seconds
[2026-03-13T22:57:07.467+0100] {processor.py:161} INFO - Started process (PID=72651) to work on /Users/harshasogala/financial-data-platform/venv/lib/python3.12/site-packages/airflow/example_dags/example_short_circuit_decorator.py
[2026-03-13T22:57:07.469+0100] {processor.py:830} INFO - Processing file /Users/harshasogala/financial-data-platform/venv/lib/python3.12/site-packages/airflow/example_dags/example_short_circuit_decorator.py for tasks to queue
[2026-03-13T22:57:07.469+0100] {logging_mixin.py:188} INFO - [2026-03-13T22:57:07.469+0100] {dagbag.py:545} INFO - Filling up the DagBag from /Users/harshasogala/financial-data-platform/venv/lib/python3.12/site-packages/airflow/example_dags/example_short_circuit_decorator.py
[2026-03-13T22:57:07.493+0100] {processor.py:840} INFO - DAG(s) 'example_short_circuit_decorator' retrieved from /Users/harshasogala/financial-data-platform/venv/lib/python3.12/site-packages/airflow/example_dags/example_short_circuit_decorator.py
[2026-03-13T22:57:07.558+0100] {logging_mixin.py:188} INFO - [2026-03-13T22:57:07.557+0100] {dag.py:3089} INFO - Sync 1 DAGs
[2026-03-13T22:57:07.633+0100] {logging_mixin.py:188} INFO - [2026-03-13T22:57:07.633+0100] {dag.py:3947} INFO - Setting next_dagrun for example_short_circuit_decorator to 2026-03-12 00:00:00+00:00, run_after=2026-03-13 00:00:00+00:00
[2026-03-13T22:57:07.654+0100] {processor.py:183} INFO - Processing /Users/harshasogala/financial-data-platform/venv/lib/python3.12/site-packages/airflow/example_dags/example_short_circuit_decorator.py took 0.188 seconds
[2026-03-13T22:58:27.449+0100] {processor.py:161} INFO - Started process (PID=72714) to work on /Users/harshasogala/financial-data-platform/venv/lib/python3.12/site-packages/airflow/example_dags/example_short_circuit_decorator.py
[2026-03-13T22:58:27.450+0100] {processor.py:830} INFO - Processing file /Users/harshasogala/financial-data-platform/venv/lib/python3.12/site-packages/airflow/example_dags/example_short_circuit_decorator.py for tasks to queue
[2026-03-13T22:58:27.451+0100] {logging_mixin.py:188} INFO - [2026-03-13T22:58:27.450+0100] {dagbag.py:545} INFO - Filling up the DagBag from /Users/harshasogala/financial-data-platform/venv/lib/python3.12/site-packages/airflow/example_dags/example_short_circuit_decorator.py
[2026-03-13T22:58:27.474+0100] {processor.py:840} INFO - DAG(s) 'example_short_circuit_decorator' retrieved from /Users/harshasogala/financial-data-platform/venv/lib/python3.12/site-packages/airflow/example_dags/example_short_circuit_decorator.py
[2026-03-13T22:58:27.528+0100] {logging_mixin.py:188} INFO - [2026-03-13T22:58:27.528+0100] {dag.py:3089} INFO - Sync 1 DAGs
[2026-03-13T22:58:27.571+0100] {logging_mixin.py:188} INFO - [2026-03-13T22:58:27.571+0100] {dag.py:3947} INFO - Setting next_dagrun for example_short_circuit_decorator to 2026-03-12 00:00:00+00:00, run_after=2026-03-13 00:00:00+00:00
[2026-03-13T22:58:27.582+0100] {processor.py:183} INFO - Processing /Users/harshasogala/financial-data-platform/venv/lib/python3.12/site-packages/airflow/example_dags/example_short_circuit_decorator.py took 0.134 seconds
[2026-03-13T22:59:47.771+0100] {processor.py:161} INFO - Started process (PID=72788) to work on /Users/harshasogala/financial-data-platform/venv/lib/python3.12/site-packages/airflow/example_dags/example_short_circuit_decorator.py
[2026-03-13T22:59:47.772+0100] {processor.py:830} INFO - Processing file /Users/harshasogala/financial-data-platform/venv/lib/python3.12/site-packages/airflow/example_dags/example_short_circuit_decorator.py for tasks to queue
[2026-03-13T22:59:47.772+0100] {logging_mixin.py:188} INFO - [2026-03-13T22:59:47.772+0100] {dagbag.py:545} INFO - Filling up the DagBag from /Users/harshasogala/financial-data-platform/venv/lib/python3.12/site-packages/airflow/example_dags/example_short_circuit_decorator.py
[2026-03-13T22:59:47.797+0100] {processor.py:840} INFO - DAG(s) 'example_short_circuit_decorator' retrieved from /Users/harshasogala/financial-data-platform/venv/lib/python3.12/site-packages/airflow/example_dags/example_short_circuit_decorator.py
[2026-03-13T22:59:47.854+0100] {logging_mixin.py:188} INFO - [2026-03-13T22:59:47.853+0100] {dag.py:3089} INFO - Sync 1 DAGs
[2026-03-13T22:59:47.899+0100] {logging_mixin.py:188} INFO - [2026-03-13T22:59:47.899+0100] {dag.py:3947} INFO - Setting next_dagrun for example_short_circuit_decorator to 2026-03-12 00:00:00+00:00, run_after=2026-03-13 00:00:00+00:00
[2026-03-13T22:59:47.911+0100] {processor.py:183} INFO - Processing /Users/harshasogala/financial-data-platform/venv/lib/python3.12/site-packages/airflow/example_dags/example_short_circuit_decorator.py took 0.141 seconds
[2026-03-13T23:01:07.772+0100] {processor.py:161} INFO - Started process (PID=72857) to work on /Users/harshasogala/financial-data-platform/venv/lib/python3.12/site-packages/airflow/example_dags/example_short_circuit_decorator.py
[2026-03-13T23:01:07.773+0100] {processor.py:830} INFO - Processing file /Users/harshasogala/financial-data-platform/venv/lib/python3.12/site-packages/airflow/example_dags/example_short_circuit_decorator.py for tasks to queue
[2026-03-13T23:01:07.774+0100] {logging_mixin.py:188} INFO - [2026-03-13T23:01:07.774+0100] {dagbag.py:545} INFO - Filling up the DagBag from /Users/harshasogala/financial-data-platform/venv/lib/python3.12/site-packages/airflow/example_dags/example_short_circuit_decorator.py
[2026-03-13T23:01:07.797+0100] {processor.py:840} INFO - DAG(s) 'example_short_circuit_decorator' retrieved from /Users/harshasogala/financial-data-platform/venv/lib/python3.12/site-packages/airflow/example_dags/example_short_circuit_decorator.py
[2026-03-13T23:01:07.853+0100] {logging_mixin.py:188} INFO - [2026-03-13T23:01:07.852+0100] {dag.py:3089} INFO - Sync 1 DAGs
[2026-03-13T23:01:07.895+0100] {logging_mixin.py:188} INFO - [2026-03-13T23:01:07.895+0100] {dag.py:3947} INFO - Setting next_dagrun for example_short_circuit_decorator to 2026-03-12 00:00:00+00:00, run_after=2026-03-13 00:00:00+00:00
[2026-03-13T23:01:07.906+0100] {processor.py:183} INFO - Processing /Users/harshasogala/financial-data-platform/venv/lib/python3.12/site-packages/airflow/example_dags/example_short_circuit_decorator.py took 0.136 seconds
[2026-03-13T23:02:26.582+0100] {processor.py:161} INFO - Started process (PID=72917) to work on /Users/harshasogala/financial-data-platform/venv/lib/python3.12/site-packages/airflow/example_dags/example_short_circuit_decorator.py
[2026-03-13T23:02:26.584+0100] {processor.py:830} INFO - Processing file /Users/harshasogala/financial-data-platform/venv/lib/python3.12/site-packages/airflow/example_dags/example_short_circuit_decorator.py for tasks to queue
[2026-03-13T23:02:26.584+0100] {logging_mixin.py:188} INFO - [2026-03-13T23:02:26.584+0100] {dagbag.py:545} INFO - Filling up the DagBag from /Users/harshasogala/financial-data-platform/venv/lib/python3.12/site-packages/airflow/example_dags/example_short_circuit_decorator.py
[2026-03-13T23:02:26.609+0100] {processor.py:840} INFO - DAG(s) 'example_short_circuit_decorator' retrieved from /Users/harshasogala/financial-data-platform/venv/lib/python3.12/site-packages/airflow/example_dags/example_short_circuit_decorator.py
[2026-03-13T23:02:26.664+0100] {logging_mixin.py:188} INFO - [2026-03-13T23:02:26.664+0100] {dag.py:3089} INFO - Sync 1 DAGs
[2026-03-13T23:02:26.707+0100] {logging_mixin.py:188} INFO - [2026-03-13T23:02:26.707+0100] {dag.py:3947} INFO - Setting next_dagrun for example_short_circuit_decorator to 2026-03-12 00:00:00+00:00, run_after=2026-03-13 00:00:00+00:00
[2026-03-13T23:02:26.718+0100] {processor.py:183} INFO - Processing /Users/harshasogala/financial-data-platform/venv/lib/python3.12/site-packages/airflow/example_dags/example_short_circuit_decorator.py took 0.137 seconds
[2026-03-13T23:03:46.230+0100] {processor.py:161} INFO - Started process (PID=72978) to work on /Users/harshasogala/financial-data-platform/venv/lib/python3.12/site-packages/airflow/example_dags/example_short_circuit_decorator.py
[2026-03-13T23:03:46.231+0100] {processor.py:830} INFO - Processing file /Users/harshasogala/financial-data-platform/venv/lib/python3.12/site-packages/airflow/example_dags/example_short_circuit_decorator.py for tasks to queue
[2026-03-13T23:03:46.232+0100] {logging_mixin.py:188} INFO - [2026-03-13T23:03:46.232+0100] {dagbag.py:545} INFO - Filling up the DagBag from /Users/harshasogala/financial-data-platform/venv/lib/python3.12/site-packages/airflow/example_dags/example_short_circuit_decorator.py
[2026-03-13T23:03:46.256+0100] {processor.py:840} INFO - DAG(s) 'example_short_circuit_decorator' retrieved from /Users/harshasogala/financial-data-platform/venv/lib/python3.12/site-packages/airflow/example_dags/example_short_circuit_decorator.py
[2026-03-13T23:03:46.310+0100] {logging_mixin.py:188} INFO - [2026-03-13T23:03:46.310+0100] {dag.py:3089} INFO - Sync 1 DAGs
[2026-03-13T23:03:46.354+0100] {logging_mixin.py:188} INFO - [2026-03-13T23:03:46.354+0100] {dag.py:3947} INFO - Setting next_dagrun for example_short_circuit_decorator to 2026-03-12 00:00:00+00:00, run_after=2026-03-13 00:00:00+00:00
[2026-03-13T23:03:46.365+0100] {processor.py:183} INFO - Processing /Users/harshasogala/financial-data-platform/venv/lib/python3.12/site-packages/airflow/example_dags/example_short_circuit_decorator.py took 0.137 seconds
[2026-03-13T23:05:03.096+0100] {processor.py:161} INFO - Started process (PID=73036) to work on /Users/harshasogala/financial-data-platform/venv/lib/python3.12/site-packages/airflow/example_dags/example_short_circuit_decorator.py
[2026-03-13T23:05:03.097+0100] {processor.py:830} INFO - Processing file /Users/harshasogala/financial-data-platform/venv/lib/python3.12/site-packages/airflow/example_dags/example_short_circuit_decorator.py for tasks to queue
[2026-03-13T23:05:03.098+0100] {logging_mixin.py:188} INFO - [2026-03-13T23:05:03.097+0100] {dagbag.py:545} INFO - Filling up the DagBag from /Users/harshasogala/financial-data-platform/venv/lib/python3.12/site-packages/airflow/example_dags/example_short_circuit_decorator.py
[2026-03-13T23:05:03.121+0100] {processor.py:840} INFO - DAG(s) 'example_short_circuit_decorator' retrieved from /Users/harshasogala/financial-data-platform/venv/lib/python3.12/site-packages/airflow/example_dags/example_short_circuit_decorator.py
[2026-03-13T23:05:03.175+0100] {logging_mixin.py:188} INFO - [2026-03-13T23:05:03.175+0100] {dag.py:3089} INFO - Sync 1 DAGs
[2026-03-13T23:05:03.222+0100] {logging_mixin.py:188} INFO - [2026-03-13T23:05:03.222+0100] {dag.py:3947} INFO - Setting next_dagrun for example_short_circuit_decorator to 2026-03-12 00:00:00+00:00, run_after=2026-03-13 00:00:00+00:00
[2026-03-13T23:05:03.242+0100] {processor.py:183} INFO - Processing /Users/harshasogala/financial-data-platform/venv/lib/python3.12/site-packages/airflow/example_dags/example_short_circuit_decorator.py took 0.147 seconds
[2026-03-13T23:06:20.198+0100] {processor.py:161} INFO - Started process (PID=73104) to work on /Users/harshasogala/financial-data-platform/venv/lib/python3.12/site-packages/airflow/example_dags/example_short_circuit_decorator.py
[2026-03-13T23:06:20.199+0100] {processor.py:830} INFO - Processing file /Users/harshasogala/financial-data-platform/venv/lib/python3.12/site-packages/airflow/example_dags/example_short_circuit_decorator.py for tasks to queue
[2026-03-13T23:06:20.199+0100] {logging_mixin.py:188} INFO - [2026-03-13T23:06:20.199+0100] {dagbag.py:545} INFO - Filling up the DagBag from /Users/harshasogala/financial-data-platform/venv/lib/python3.12/site-packages/airflow/example_dags/example_short_circuit_decorator.py
[2026-03-13T23:06:20.227+0100] {processor.py:840} INFO - DAG(s) 'example_short_circuit_decorator' retrieved from /Users/harshasogala/financial-data-platform/venv/lib/python3.12/site-packages/airflow/example_dags/example_short_circuit_decorator.py
[2026-03-13T23:06:20.287+0100] {logging_mixin.py:188} INFO - [2026-03-13T23:06:20.287+0100] {dag.py:3089} INFO - Sync 1 DAGs
[2026-03-13T23:06:20.332+0100] {logging_mixin.py:188} INFO - [2026-03-13T23:06:20.332+0100] {dag.py:3947} INFO - Setting next_dagrun for example_short_circuit_decorator to 2026-03-12 00:00:00+00:00, run_after=2026-03-13 00:00:00+00:00
[2026-03-13T23:06:20.345+0100] {processor.py:183} INFO - Processing /Users/harshasogala/financial-data-platform/venv/lib/python3.12/site-packages/airflow/example_dags/example_short_circuit_decorator.py took 0.149 seconds
[2026-03-13T23:07:44.058+0100] {processor.py:161} INFO - Started process (PID=73171) to work on /Users/harshasogala/financial-data-platform/venv/lib/python3.12/site-packages/airflow/example_dags/example_short_circuit_decorator.py
[2026-03-13T23:07:44.059+0100] {processor.py:830} INFO - Processing file /Users/harshasogala/financial-data-platform/venv/lib/python3.12/site-packages/airflow/example_dags/example_short_circuit_decorator.py for tasks to queue
[2026-03-13T23:07:44.059+0100] {logging_mixin.py:188} INFO - [2026-03-13T23:07:44.059+0100] {dagbag.py:545} INFO - Filling up the DagBag from /Users/harshasogala/financial-data-platform/venv/lib/python3.12/site-packages/airflow/example_dags/example_short_circuit_decorator.py
[2026-03-13T23:07:44.083+0100] {processor.py:840} INFO - DAG(s) 'example_short_circuit_decorator' retrieved from /Users/harshasogala/financial-data-platform/venv/lib/python3.12/site-packages/airflow/example_dags/example_short_circuit_decorator.py
[2026-03-13T23:07:44.138+0100] {logging_mixin.py:188} INFO - [2026-03-13T23:07:44.138+0100] {dag.py:3089} INFO - Sync 1 DAGs
[2026-03-13T23:07:44.181+0100] {logging_mixin.py:188} INFO - [2026-03-13T23:07:44.181+0100] {dag.py:3947} INFO - Setting next_dagrun for example_short_circuit_decorator to 2026-03-12 00:00:00+00:00, run_after=2026-03-13 00:00:00+00:00
[2026-03-13T23:07:44.191+0100] {processor.py:183} INFO - Processing /Users/harshasogala/financial-data-platform/venv/lib/python3.12/site-packages/airflow/example_dags/example_short_circuit_decorator.py took 0.135 seconds
[2026-03-13T23:08:57.963+0100] {processor.py:161} INFO - Started process (PID=73231) to work on /Users/harshasogala/financial-data-platform/venv/lib/python3.12/site-packages/airflow/example_dags/example_short_circuit_decorator.py
[2026-03-13T23:08:57.964+0100] {processor.py:830} INFO - Processing file /Users/harshasogala/financial-data-platform/venv/lib/python3.12/site-packages/airflow/example_dags/example_short_circuit_decorator.py for tasks to queue
[2026-03-13T23:08:57.964+0100] {logging_mixin.py:188} INFO - [2026-03-13T23:08:57.964+0100] {dagbag.py:545} INFO - Filling up the DagBag from /Users/harshasogala/financial-data-platform/venv/lib/python3.12/site-packages/airflow/example_dags/example_short_circuit_decorator.py
[2026-03-13T23:08:57.988+0100] {processor.py:840} INFO - DAG(s) 'example_short_circuit_decorator' retrieved from /Users/harshasogala/financial-data-platform/venv/lib/python3.12/site-packages/airflow/example_dags/example_short_circuit_decorator.py
[2026-03-13T23:08:58.044+0100] {logging_mixin.py:188} INFO - [2026-03-13T23:08:58.043+0100] {dag.py:3089} INFO - Sync 1 DAGs
[2026-03-13T23:08:58.088+0100] {logging_mixin.py:188} INFO - [2026-03-13T23:08:58.088+0100] {dag.py:3947} INFO - Setting next_dagrun for example_short_circuit_decorator to 2026-03-12 00:00:00+00:00, run_after=2026-03-13 00:00:00+00:00
[2026-03-13T23:08:58.100+0100] {processor.py:183} INFO - Processing /Users/harshasogala/financial-data-platform/venv/lib/python3.12/site-packages/airflow/example_dags/example_short_circuit_decorator.py took 0.139 seconds
[2026-03-13T23:10:09.614+0100] {processor.py:161} INFO - Started process (PID=73287) to work on /Users/harshasogala/financial-data-platform/venv/lib/python3.12/site-packages/airflow/example_dags/example_short_circuit_decorator.py
[2026-03-13T23:10:09.616+0100] {processor.py:830} INFO - Processing file /Users/harshasogala/financial-data-platform/venv/lib/python3.12/site-packages/airflow/example_dags/example_short_circuit_decorator.py for tasks to queue
[2026-03-13T23:10:09.616+0100] {logging_mixin.py:188} INFO - [2026-03-13T23:10:09.616+0100] {dagbag.py:545} INFO - Filling up the DagBag from /Users/harshasogala/financial-data-platform/venv/lib/python3.12/site-packages/airflow/example_dags/example_short_circuit_decorator.py
[2026-03-13T23:10:09.640+0100] {processor.py:840} INFO - DAG(s) 'example_short_circuit_decorator' retrieved from /Users/harshasogala/financial-data-platform/venv/lib/python3.12/site-packages/airflow/example_dags/example_short_circuit_decorator.py
[2026-03-13T23:10:09.696+0100] {logging_mixin.py:188} INFO - [2026-03-13T23:10:09.696+0100] {dag.py:3089} INFO - Sync 1 DAGs
[2026-03-13T23:10:09.739+0100] {logging_mixin.py:188} INFO - [2026-03-13T23:10:09.739+0100] {dag.py:3947} INFO - Setting next_dagrun for example_short_circuit_decorator to 2026-03-12 00:00:00+00:00, run_after=2026-03-13 00:00:00+00:00
[2026-03-13T23:10:09.750+0100] {processor.py:183} INFO - Processing /Users/harshasogala/financial-data-platform/venv/lib/python3.12/site-packages/airflow/example_dags/example_short_circuit_decorator.py took 0.137 seconds
[2026-03-13T23:11:23.266+0100] {processor.py:161} INFO - Started process (PID=73352) to work on /Users/harshasogala/financial-data-platform/venv/lib/python3.12/site-packages/airflow/example_dags/example_short_circuit_decorator.py
[2026-03-13T23:11:23.267+0100] {processor.py:830} INFO - Processing file /Users/harshasogala/financial-data-platform/venv/lib/python3.12/site-packages/airflow/example_dags/example_short_circuit_decorator.py for tasks to queue
[2026-03-13T23:11:23.268+0100] {logging_mixin.py:188} INFO - [2026-03-13T23:11:23.268+0100] {dagbag.py:545} INFO - Filling up the DagBag from /Users/harshasogala/financial-data-platform/venv/lib/python3.12/site-packages/airflow/example_dags/example_short_circuit_decorator.py
[2026-03-13T23:11:23.291+0100] {processor.py:840} INFO - DAG(s) 'example_short_circuit_decorator' retrieved from /Users/harshasogala/financial-data-platform/venv/lib/python3.12/site-packages/airflow/example_dags/example_short_circuit_decorator.py
[2026-03-13T23:11:23.345+0100] {logging_mixin.py:188} INFO - [2026-03-13T23:11:23.345+0100] {dag.py:3089} INFO - Sync 1 DAGs
[2026-03-13T23:11:23.389+0100] {logging_mixin.py:188} INFO - [2026-03-13T23:11:23.388+0100] {dag.py:3947} INFO - Setting next_dagrun for example_short_circuit_decorator to 2026-03-12 00:00:00+00:00, run_after=2026-03-13 00:00:00+00:00
[2026-03-13T23:11:23.399+0100] {processor.py:183} INFO - Processing /Users/harshasogala/financial-data-platform/venv/lib/python3.12/site-packages/airflow/example_dags/example_short_circuit_decorator.py took 0.134 seconds
[2026-03-13T23:12:37.210+0100] {processor.py:161} INFO - Started process (PID=73414) to work on /Users/harshasogala/financial-data-platform/venv/lib/python3.12/site-packages/airflow/example_dags/example_short_circuit_decorator.py
[2026-03-13T23:12:37.211+0100] {processor.py:830} INFO - Processing file /Users/harshasogala/financial-data-platform/venv/lib/python3.12/site-packages/airflow/example_dags/example_short_circuit_decorator.py for tasks to queue
[2026-03-13T23:12:37.212+0100] {logging_mixin.py:188} INFO - [2026-03-13T23:12:37.212+0100] {dagbag.py:545} INFO - Filling up the DagBag from /Users/harshasogala/financial-data-platform/venv/lib/python3.12/site-packages/airflow/example_dags/example_short_circuit_decorator.py
[2026-03-13T23:12:37.236+0100] {processor.py:840} INFO - DAG(s) 'example_short_circuit_decorator' retrieved from /Users/harshasogala/financial-data-platform/venv/lib/python3.12/site-packages/airflow/example_dags/example_short_circuit_decorator.py
[2026-03-13T23:12:37.291+0100] {logging_mixin.py:188} INFO - [2026-03-13T23:12:37.290+0100] {dag.py:3089} INFO - Sync 1 DAGs
[2026-03-13T23:12:37.333+0100] {logging_mixin.py:188} INFO - [2026-03-13T23:12:37.332+0100] {dag.py:3947} INFO - Setting next_dagrun for example_short_circuit_decorator to 2026-03-12 00:00:00+00:00, run_after=2026-03-13 00:00:00+00:00
[2026-03-13T23:12:37.343+0100] {processor.py:183} INFO - Processing /Users/harshasogala/financial-data-platform/venv/lib/python3.12/site-packages/airflow/example_dags/example_short_circuit_decorator.py took 0.135 seconds
[2026-03-13T23:13:53.284+0100] {processor.py:161} INFO - Started process (PID=73475) to work on /Users/harshasogala/financial-data-platform/venv/lib/python3.12/site-packages/airflow/example_dags/example_short_circuit_decorator.py
[2026-03-13T23:13:53.285+0100] {processor.py:830} INFO - Processing file /Users/harshasogala/financial-data-platform/venv/lib/python3.12/site-packages/airflow/example_dags/example_short_circuit_decorator.py for tasks to queue
[2026-03-13T23:13:53.286+0100] {logging_mixin.py:188} INFO - [2026-03-13T23:13:53.286+0100] {dagbag.py:545} INFO - Filling up the DagBag from /Users/harshasogala/financial-data-platform/venv/lib/python3.12/site-packages/airflow/example_dags/example_short_circuit_decorator.py
[2026-03-13T23:13:53.309+0100] {processor.py:840} INFO - DAG(s) 'example_short_circuit_decorator' retrieved from /Users/harshasogala/financial-data-platform/venv/lib/python3.12/site-packages/airflow/example_dags/example_short_circuit_decorator.py
[2026-03-13T23:13:53.364+0100] {logging_mixin.py:188} INFO - [2026-03-13T23:13:53.364+0100] {dag.py:3089} INFO - Sync 1 DAGs
[2026-03-13T23:13:53.406+0100] {logging_mixin.py:188} INFO - [2026-03-13T23:13:53.406+0100] {dag.py:3947} INFO - Setting next_dagrun for example_short_circuit_decorator to 2026-03-12 00:00:00+00:00, run_after=2026-03-13 00:00:00+00:00
[2026-03-13T23:13:53.417+0100] {processor.py:183} INFO - Processing /Users/harshasogala/financial-data-platform/venv/lib/python3.12/site-packages/airflow/example_dags/example_short_circuit_decorator.py took 0.134 seconds
[2026-03-13T23:15:07.357+0100] {processor.py:161} INFO - Started process (PID=73534) to work on /Users/harshasogala/financial-data-platform/venv/lib/python3.12/site-packages/airflow/example_dags/example_short_circuit_decorator.py
[2026-03-13T23:15:07.358+0100] {processor.py:830} INFO - Processing file /Users/harshasogala/financial-data-platform/venv/lib/python3.12/site-packages/airflow/example_dags/example_short_circuit_decorator.py for tasks to queue
[2026-03-13T23:15:07.358+0100] {logging_mixin.py:188} INFO - [2026-03-13T23:15:07.358+0100] {dagbag.py:545} INFO - Filling up the DagBag from /Users/harshasogala/financial-data-platform/venv/lib/python3.12/site-packages/airflow/example_dags/example_short_circuit_decorator.py
[2026-03-13T23:15:07.383+0100] {processor.py:840} INFO - DAG(s) 'example_short_circuit_decorator' retrieved from /Users/harshasogala/financial-data-platform/venv/lib/python3.12/site-packages/airflow/example_dags/example_short_circuit_decorator.py
[2026-03-13T23:15:07.438+0100] {logging_mixin.py:188} INFO - [2026-03-13T23:15:07.438+0100] {dag.py:3089} INFO - Sync 1 DAGs
[2026-03-13T23:15:07.482+0100] {logging_mixin.py:188} INFO - [2026-03-13T23:15:07.482+0100] {dag.py:3947} INFO - Setting next_dagrun for example_short_circuit_decorator to 2026-03-12 00:00:00+00:00, run_after=2026-03-13 00:00:00+00:00
[2026-03-13T23:15:07.493+0100] {processor.py:183} INFO - Processing /Users/harshasogala/financial-data-platform/venv/lib/python3.12/site-packages/airflow/example_dags/example_short_circuit_decorator.py took 0.138 seconds
[2026-03-13T23:16:21.056+0100] {processor.py:161} INFO - Started process (PID=73598) to work on /Users/harshasogala/financial-data-platform/venv/lib/python3.12/site-packages/airflow/example_dags/example_short_circuit_decorator.py
[2026-03-13T23:16:21.057+0100] {processor.py:830} INFO - Processing file /Users/harshasogala/financial-data-platform/venv/lib/python3.12/site-packages/airflow/example_dags/example_short_circuit_decorator.py for tasks to queue
[2026-03-13T23:16:21.058+0100] {logging_mixin.py:188} INFO - [2026-03-13T23:16:21.058+0100] {dagbag.py:545} INFO - Filling up the DagBag from /Users/harshasogala/financial-data-platform/venv/lib/python3.12/site-packages/airflow/example_dags/example_short_circuit_decorator.py
[2026-03-13T23:16:21.086+0100] {processor.py:840} INFO - DAG(s) 'example_short_circuit_decorator' retrieved from /Users/harshasogala/financial-data-platform/venv/lib/python3.12/site-packages/airflow/example_dags/example_short_circuit_decorator.py
[2026-03-13T23:16:21.149+0100] {logging_mixin.py:188} INFO - [2026-03-13T23:16:21.149+0100] {dag.py:3089} INFO - Sync 1 DAGs
[2026-03-13T23:16:21.195+0100] {logging_mixin.py:188} INFO - [2026-03-13T23:16:21.194+0100] {dag.py:3947} INFO - Setting next_dagrun for example_short_circuit_decorator to 2026-03-12 00:00:00+00:00, run_after=2026-03-13 00:00:00+00:00
[2026-03-13T23:16:21.205+0100] {processor.py:183} INFO - Processing /Users/harshasogala/financial-data-platform/venv/lib/python3.12/site-packages/airflow/example_dags/example_short_circuit_decorator.py took 0.151 seconds
[2026-03-13T23:17:38.579+0100] {processor.py:161} INFO - Started process (PID=73665) to work on /Users/harshasogala/financial-data-platform/venv/lib/python3.12/site-packages/airflow/example_dags/example_short_circuit_decorator.py
[2026-03-13T23:17:38.580+0100] {processor.py:830} INFO - Processing file /Users/harshasogala/financial-data-platform/venv/lib/python3.12/site-packages/airflow/example_dags/example_short_circuit_decorator.py for tasks to queue
[2026-03-13T23:17:38.581+0100] {logging_mixin.py:188} INFO - [2026-03-13T23:17:38.581+0100] {dagbag.py:545} INFO - Filling up the DagBag from /Users/harshasogala/financial-data-platform/venv/lib/python3.12/site-packages/airflow/example_dags/example_short_circuit_decorator.py
[2026-03-13T23:17:38.606+0100] {processor.py:840} INFO - DAG(s) 'example_short_circuit_decorator' retrieved from /Users/harshasogala/financial-data-platform/venv/lib/python3.12/site-packages/airflow/example_dags/example_short_circuit_decorator.py
[2026-03-13T23:17:38.664+0100] {logging_mixin.py:188} INFO - [2026-03-13T23:17:38.664+0100] {dag.py:3089} INFO - Sync 1 DAGs
[2026-03-13T23:17:38.709+0100] {logging_mixin.py:188} INFO - [2026-03-13T23:17:38.709+0100] {dag.py:3947} INFO - Setting next_dagrun for example_short_circuit_decorator to 2026-03-12 00:00:00+00:00, run_after=2026-03-13 00:00:00+00:00
[2026-03-13T23:17:38.721+0100] {processor.py:183} INFO - Processing /Users/harshasogala/financial-data-platform/venv/lib/python3.12/site-packages/airflow/example_dags/example_short_circuit_decorator.py took 0.144 seconds
[2026-03-13T23:18:54.616+0100] {processor.py:161} INFO - Started process (PID=73726) to work on /Users/harshasogala/financial-data-platform/venv/lib/python3.12/site-packages/airflow/example_dags/example_short_circuit_decorator.py
[2026-03-13T23:18:54.617+0100] {processor.py:830} INFO - Processing file /Users/harshasogala/financial-data-platform/venv/lib/python3.12/site-packages/airflow/example_dags/example_short_circuit_decorator.py for tasks to queue
[2026-03-13T23:18:54.618+0100] {logging_mixin.py:188} INFO - [2026-03-13T23:18:54.618+0100] {dagbag.py:545} INFO - Filling up the DagBag from /Users/harshasogala/financial-data-platform/venv/lib/python3.12/site-packages/airflow/example_dags/example_short_circuit_decorator.py
[2026-03-13T23:18:54.645+0100] {processor.py:840} INFO - DAG(s) 'example_short_circuit_decorator' retrieved from /Users/harshasogala/financial-data-platform/venv/lib/python3.12/site-packages/airflow/example_dags/example_short_circuit_decorator.py
[2026-03-13T23:18:54.700+0100] {logging_mixin.py:188} INFO - [2026-03-13T23:18:54.700+0100] {dag.py:3089} INFO - Sync 1 DAGs
[2026-03-13T23:18:54.743+0100] {logging_mixin.py:188} INFO - [2026-03-13T23:18:54.743+0100] {dag.py:3947} INFO - Setting next_dagrun for example_short_circuit_decorator to 2026-03-12 00:00:00+00:00, run_after=2026-03-13 00:00:00+00:00
[2026-03-13T23:18:54.754+0100] {processor.py:183} INFO - Processing /Users/harshasogala/financial-data-platform/venv/lib/python3.12/site-packages/airflow/example_dags/example_short_circuit_decorator.py took 0.140 seconds
[2026-03-13T23:20:12.255+0100] {processor.py:161} INFO - Started process (PID=73791) to work on /Users/harshasogala/financial-data-platform/venv/lib/python3.12/site-packages/airflow/example_dags/example_short_circuit_decorator.py
[2026-03-13T23:20:12.257+0100] {processor.py:830} INFO - Processing file /Users/harshasogala/financial-data-platform/venv/lib/python3.12/site-packages/airflow/example_dags/example_short_circuit_decorator.py for tasks to queue
[2026-03-13T23:20:12.257+0100] {logging_mixin.py:188} INFO - [2026-03-13T23:20:12.257+0100] {dagbag.py:545} INFO - Filling up the DagBag from /Users/harshasogala/financial-data-platform/venv/lib/python3.12/site-packages/airflow/example_dags/example_short_circuit_decorator.py
[2026-03-13T23:20:12.281+0100] {processor.py:840} INFO - DAG(s) 'example_short_circuit_decorator' retrieved from /Users/harshasogala/financial-data-platform/venv/lib/python3.12/site-packages/airflow/example_dags/example_short_circuit_decorator.py
[2026-03-13T23:20:12.335+0100] {logging_mixin.py:188} INFO - [2026-03-13T23:20:12.335+0100] {dag.py:3089} INFO - Sync 1 DAGs
[2026-03-13T23:20:12.381+0100] {logging_mixin.py:188} INFO - [2026-03-13T23:20:12.381+0100] {dag.py:3947} INFO - Setting next_dagrun for example_short_circuit_decorator to 2026-03-12 00:00:00+00:00, run_after=2026-03-13 00:00:00+00:00
[2026-03-13T23:20:12.396+0100] {processor.py:183} INFO - Processing /Users/harshasogala/financial-data-platform/venv/lib/python3.12/site-packages/airflow/example_dags/example_short_circuit_decorator.py took 0.143 seconds
[2026-03-13T23:21:27.437+0100] {processor.py:161} INFO - Started process (PID=73875) to work on /Users/harshasogala/financial-data-platform/venv/lib/python3.12/site-packages/airflow/example_dags/example_short_circuit_decorator.py
[2026-03-13T23:21:27.438+0100] {processor.py:830} INFO - Processing file /Users/harshasogala/financial-data-platform/venv/lib/python3.12/site-packages/airflow/example_dags/example_short_circuit_decorator.py for tasks to queue
[2026-03-13T23:21:27.439+0100] {logging_mixin.py:188} INFO - [2026-03-13T23:21:27.439+0100] {dagbag.py:545} INFO - Filling up the DagBag from /Users/harshasogala/financial-data-platform/venv/lib/python3.12/site-packages/airflow/example_dags/example_short_circuit_decorator.py
[2026-03-13T23:21:27.475+0100] {processor.py:840} INFO - DAG(s) 'example_short_circuit_decorator' retrieved from /Users/harshasogala/financial-data-platform/venv/lib/python3.12/site-packages/airflow/example_dags/example_short_circuit_decorator.py
[2026-03-13T23:21:27.544+0100] {logging_mixin.py:188} INFO - [2026-03-13T23:21:27.544+0100] {dag.py:3089} INFO - Sync 1 DAGs
[2026-03-13T23:21:27.593+0100] {logging_mixin.py:188} INFO - [2026-03-13T23:21:27.593+0100] {dag.py:3947} INFO - Setting next_dagrun for example_short_circuit_decorator to 2026-03-12 00:00:00+00:00, run_after=2026-03-13 00:00:00+00:00
[2026-03-13T23:21:27.607+0100] {processor.py:183} INFO - Processing /Users/harshasogala/financial-data-platform/venv/lib/python3.12/site-packages/airflow/example_dags/example_short_circuit_decorator.py took 0.173 seconds
[2026-03-13T23:22:40.015+0100] {processor.py:161} INFO - Started process (PID=73932) to work on /Users/harshasogala/financial-data-platform/venv/lib/python3.12/site-packages/airflow/example_dags/example_short_circuit_decorator.py
[2026-03-13T23:22:40.017+0100] {processor.py:830} INFO - Processing file /Users/harshasogala/financial-data-platform/venv/lib/python3.12/site-packages/airflow/example_dags/example_short_circuit_decorator.py for tasks to queue
[2026-03-13T23:22:40.017+0100] {logging_mixin.py:188} INFO - [2026-03-13T23:22:40.017+0100] {dagbag.py:545} INFO - Filling up the DagBag from /Users/harshasogala/financial-data-platform/venv/lib/python3.12/site-packages/airflow/example_dags/example_short_circuit_decorator.py
[2026-03-13T23:22:40.041+0100] {processor.py:840} INFO - DAG(s) 'example_short_circuit_decorator' retrieved from /Users/harshasogala/financial-data-platform/venv/lib/python3.12/site-packages/airflow/example_dags/example_short_circuit_decorator.py
[2026-03-13T23:22:40.096+0100] {logging_mixin.py:188} INFO - [2026-03-13T23:22:40.096+0100] {dag.py:3089} INFO - Sync 1 DAGs
[2026-03-13T23:22:40.140+0100] {logging_mixin.py:188} INFO - [2026-03-13T23:22:40.140+0100] {dag.py:3947} INFO - Setting next_dagrun for example_short_circuit_decorator to 2026-03-12 00:00:00+00:00, run_after=2026-03-13 00:00:00+00:00
[2026-03-13T23:22:40.151+0100] {processor.py:183} INFO - Processing /Users/harshasogala/financial-data-platform/venv/lib/python3.12/site-packages/airflow/example_dags/example_short_circuit_decorator.py took 0.137 seconds
[2026-03-13T23:23:55.526+0100] {processor.py:161} INFO - Started process (PID=73996) to work on /Users/harshasogala/financial-data-platform/venv/lib/python3.12/site-packages/airflow/example_dags/example_short_circuit_decorator.py
[2026-03-13T23:23:55.528+0100] {processor.py:830} INFO - Processing file /Users/harshasogala/financial-data-platform/venv/lib/python3.12/site-packages/airflow/example_dags/example_short_circuit_decorator.py for tasks to queue
[2026-03-13T23:23:55.529+0100] {logging_mixin.py:188} INFO - [2026-03-13T23:23:55.528+0100] {dagbag.py:545} INFO - Filling up the DagBag from /Users/harshasogala/financial-data-platform/venv/lib/python3.12/site-packages/airflow/example_dags/example_short_circuit_decorator.py
[2026-03-13T23:23:55.553+0100] {processor.py:840} INFO - DAG(s) 'example_short_circuit_decorator' retrieved from /Users/harshasogala/financial-data-platform/venv/lib/python3.12/site-packages/airflow/example_dags/example_short_circuit_decorator.py
[2026-03-13T23:23:55.609+0100] {logging_mixin.py:188} INFO - [2026-03-13T23:23:55.608+0100] {dag.py:3089} INFO - Sync 1 DAGs
[2026-03-13T23:23:55.651+0100] {logging_mixin.py:188} INFO - [2026-03-13T23:23:55.651+0100] {dag.py:3947} INFO - Setting next_dagrun for example_short_circuit_decorator to 2026-03-12 00:00:00+00:00, run_after=2026-03-13 00:00:00+00:00
[2026-03-13T23:23:55.662+0100] {processor.py:183} INFO - Processing /Users/harshasogala/financial-data-platform/venv/lib/python3.12/site-packages/airflow/example_dags/example_short_circuit_decorator.py took 0.138 seconds
[2026-03-13T23:25:12.191+0100] {processor.py:161} INFO - Started process (PID=74056) to work on /Users/harshasogala/financial-data-platform/venv/lib/python3.12/site-packages/airflow/example_dags/example_short_circuit_decorator.py
[2026-03-13T23:25:12.193+0100] {processor.py:830} INFO - Processing file /Users/harshasogala/financial-data-platform/venv/lib/python3.12/site-packages/airflow/example_dags/example_short_circuit_decorator.py for tasks to queue
[2026-03-13T23:25:12.193+0100] {logging_mixin.py:188} INFO - [2026-03-13T23:25:12.193+0100] {dagbag.py:545} INFO - Filling up the DagBag from /Users/harshasogala/financial-data-platform/venv/lib/python3.12/site-packages/airflow/example_dags/example_short_circuit_decorator.py
[2026-03-13T23:25:12.217+0100] {processor.py:840} INFO - DAG(s) 'example_short_circuit_decorator' retrieved from /Users/harshasogala/financial-data-platform/venv/lib/python3.12/site-packages/airflow/example_dags/example_short_circuit_decorator.py
[2026-03-13T23:25:12.272+0100] {logging_mixin.py:188} INFO - [2026-03-13T23:25:12.271+0100] {dag.py:3089} INFO - Sync 1 DAGs
[2026-03-13T23:25:12.314+0100] {logging_mixin.py:188} INFO - [2026-03-13T23:25:12.314+0100] {dag.py:3947} INFO - Setting next_dagrun for example_short_circuit_decorator to 2026-03-12 00:00:00+00:00, run_after=2026-03-13 00:00:00+00:00
[2026-03-13T23:25:12.325+0100] {processor.py:183} INFO - Processing /Users/harshasogala/financial-data-platform/venv/lib/python3.12/site-packages/airflow/example_dags/example_short_circuit_decorator.py took 0.135 seconds
[2026-03-13T23:26:28.754+0100] {processor.py:161} INFO - Started process (PID=74114) to work on /Users/harshasogala/financial-data-platform/venv/lib/python3.12/site-packages/airflow/example_dags/example_short_circuit_decorator.py
[2026-03-13T23:26:28.756+0100] {processor.py:830} INFO - Processing file /Users/harshasogala/financial-data-platform/venv/lib/python3.12/site-packages/airflow/example_dags/example_short_circuit_decorator.py for tasks to queue
[2026-03-13T23:26:28.756+0100] {logging_mixin.py:188} INFO - [2026-03-13T23:26:28.756+0100] {dagbag.py:545} INFO - Filling up the DagBag from /Users/harshasogala/financial-data-platform/venv/lib/python3.12/site-packages/airflow/example_dags/example_short_circuit_decorator.py
[2026-03-13T23:26:28.781+0100] {processor.py:840} INFO - DAG(s) 'example_short_circuit_decorator' retrieved from /Users/harshasogala/financial-data-platform/venv/lib/python3.12/site-packages/airflow/example_dags/example_short_circuit_decorator.py
[2026-03-13T23:26:28.836+0100] {logging_mixin.py:188} INFO - [2026-03-13T23:26:28.836+0100] {dag.py:3089} INFO - Sync 1 DAGs
[2026-03-13T23:26:28.879+0100] {logging_mixin.py:188} INFO - [2026-03-13T23:26:28.879+0100] {dag.py:3947} INFO - Setting next_dagrun for example_short_circuit_decorator to 2026-03-12 00:00:00+00:00, run_after=2026-03-13 00:00:00+00:00
[2026-03-13T23:26:28.891+0100] {processor.py:183} INFO - Processing /Users/harshasogala/financial-data-platform/venv/lib/python3.12/site-packages/airflow/example_dags/example_short_circuit_decorator.py took 0.138 seconds
[2026-03-13T23:27:46.798+0100] {processor.py:161} INFO - Started process (PID=74211) to work on /Users/harshasogala/financial-data-platform/venv/lib/python3.12/site-packages/airflow/example_dags/example_short_circuit_decorator.py
[2026-03-13T23:27:46.800+0100] {processor.py:830} INFO - Processing file /Users/harshasogala/financial-data-platform/venv/lib/python3.12/site-packages/airflow/example_dags/example_short_circuit_decorator.py for tasks to queue
[2026-03-13T23:27:46.803+0100] {logging_mixin.py:188} INFO - [2026-03-13T23:27:46.802+0100] {dagbag.py:545} INFO - Filling up the DagBag from /Users/harshasogala/financial-data-platform/venv/lib/python3.12/site-packages/airflow/example_dags/example_short_circuit_decorator.py
[2026-03-13T23:27:46.888+0100] {processor.py:840} INFO - DAG(s) 'example_short_circuit_decorator' retrieved from /Users/harshasogala/financial-data-platform/venv/lib/python3.12/site-packages/airflow/example_dags/example_short_circuit_decorator.py
[2026-03-13T23:27:47.040+0100] {logging_mixin.py:188} INFO - [2026-03-13T23:27:47.040+0100] {dag.py:3089} INFO - Sync 1 DAGs
[2026-03-13T23:27:47.123+0100] {logging_mixin.py:188} INFO - [2026-03-13T23:27:47.122+0100] {dag.py:3947} INFO - Setting next_dagrun for example_short_circuit_decorator to 2026-03-12 00:00:00+00:00, run_after=2026-03-13 00:00:00+00:00
[2026-03-13T23:27:47.141+0100] {processor.py:183} INFO - Processing /Users/harshasogala/financial-data-platform/venv/lib/python3.12/site-packages/airflow/example_dags/example_short_circuit_decorator.py took 0.355 seconds
[2026-03-13T23:29:04.886+0100] {processor.py:161} INFO - Started process (PID=74278) to work on /Users/harshasogala/financial-data-platform/venv/lib/python3.12/site-packages/airflow/example_dags/example_short_circuit_decorator.py
[2026-03-13T23:29:04.887+0100] {processor.py:830} INFO - Processing file /Users/harshasogala/financial-data-platform/venv/lib/python3.12/site-packages/airflow/example_dags/example_short_circuit_decorator.py for tasks to queue
[2026-03-13T23:29:04.888+0100] {logging_mixin.py:188} INFO - [2026-03-13T23:29:04.887+0100] {dagbag.py:545} INFO - Filling up the DagBag from /Users/harshasogala/financial-data-platform/venv/lib/python3.12/site-packages/airflow/example_dags/example_short_circuit_decorator.py
[2026-03-13T23:29:04.911+0100] {processor.py:840} INFO - DAG(s) 'example_short_circuit_decorator' retrieved from /Users/harshasogala/financial-data-platform/venv/lib/python3.12/site-packages/airflow/example_dags/example_short_circuit_decorator.py
[2026-03-13T23:29:04.966+0100] {logging_mixin.py:188} INFO - [2026-03-13T23:29:04.966+0100] {dag.py:3089} INFO - Sync 1 DAGs
[2026-03-13T23:29:05.010+0100] {logging_mixin.py:188} INFO - [2026-03-13T23:29:05.010+0100] {dag.py:3947} INFO - Setting next_dagrun for example_short_circuit_decorator to 2026-03-12 00:00:00+00:00, run_after=2026-03-13 00:00:00+00:00
[2026-03-13T23:29:05.022+0100] {processor.py:183} INFO - Processing /Users/harshasogala/financial-data-platform/venv/lib/python3.12/site-packages/airflow/example_dags/example_short_circuit_decorator.py took 0.138 seconds
[2026-03-13T23:30:19.510+0100] {processor.py:161} INFO - Started process (PID=74366) to work on /Users/harshasogala/financial-data-platform/venv/lib/python3.12/site-packages/airflow/example_dags/example_short_circuit_decorator.py
[2026-03-13T23:30:19.511+0100] {processor.py:830} INFO - Processing file /Users/harshasogala/financial-data-platform/venv/lib/python3.12/site-packages/airflow/example_dags/example_short_circuit_decorator.py for tasks to queue
[2026-03-13T23:30:19.511+0100] {logging_mixin.py:188} INFO - [2026-03-13T23:30:19.511+0100] {dagbag.py:545} INFO - Filling up the DagBag from /Users/harshasogala/financial-data-platform/venv/lib/python3.12/site-packages/airflow/example_dags/example_short_circuit_decorator.py
[2026-03-13T23:30:19.539+0100] {processor.py:840} INFO - DAG(s) 'example_short_circuit_decorator' retrieved from /Users/harshasogala/financial-data-platform/venv/lib/python3.12/site-packages/airflow/example_dags/example_short_circuit_decorator.py
[2026-03-13T23:30:19.599+0100] {logging_mixin.py:188} INFO - [2026-03-13T23:30:19.598+0100] {dag.py:3089} INFO - Sync 1 DAGs
[2026-03-13T23:30:19.646+0100] {logging_mixin.py:188} INFO - [2026-03-13T23:30:19.646+0100] {dag.py:3947} INFO - Setting next_dagrun for example_short_circuit_decorator to 2026-03-12 00:00:00+00:00, run_after=2026-03-13 00:00:00+00:00
[2026-03-13T23:30:19.658+0100] {processor.py:183} INFO - Processing /Users/harshasogala/financial-data-platform/venv/lib/python3.12/site-packages/airflow/example_dags/example_short_circuit_decorator.py took 0.150 seconds
[2026-03-13T23:31:38.180+0100] {processor.py:161} INFO - Started process (PID=74797) to work on /Users/harshasogala/financial-data-platform/venv/lib/python3.12/site-packages/airflow/example_dags/example_short_circuit_decorator.py
[2026-03-13T23:31:38.181+0100] {processor.py:830} INFO - Processing file /Users/harshasogala/financial-data-platform/venv/lib/python3.12/site-packages/airflow/example_dags/example_short_circuit_decorator.py for tasks to queue
[2026-03-13T23:31:38.182+0100] {logging_mixin.py:188} INFO - [2026-03-13T23:31:38.182+0100] {dagbag.py:545} INFO - Filling up the DagBag from /Users/harshasogala/financial-data-platform/venv/lib/python3.12/site-packages/airflow/example_dags/example_short_circuit_decorator.py
[2026-03-13T23:31:38.206+0100] {processor.py:840} INFO - DAG(s) 'example_short_circuit_decorator' retrieved from /Users/harshasogala/financial-data-platform/venv/lib/python3.12/site-packages/airflow/example_dags/example_short_circuit_decorator.py
[2026-03-13T23:31:38.261+0100] {logging_mixin.py:188} INFO - [2026-03-13T23:31:38.260+0100] {dag.py:3089} INFO - Sync 1 DAGs
[2026-03-13T23:31:38.304+0100] {logging_mixin.py:188} INFO - [2026-03-13T23:31:38.304+0100] {dag.py:3947} INFO - Setting next_dagrun for example_short_circuit_decorator to 2026-03-12 00:00:00+00:00, run_after=2026-03-13 00:00:00+00:00
[2026-03-13T23:31:38.315+0100] {processor.py:183} INFO - Processing /Users/harshasogala/financial-data-platform/venv/lib/python3.12/site-packages/airflow/example_dags/example_short_circuit_decorator.py took 0.137 seconds
[2026-03-13T23:32:55.377+0100] {processor.py:161} INFO - Started process (PID=74978) to work on /Users/harshasogala/financial-data-platform/venv/lib/python3.12/site-packages/airflow/example_dags/example_short_circuit_decorator.py
[2026-03-13T23:32:55.378+0100] {processor.py:830} INFO - Processing file /Users/harshasogala/financial-data-platform/venv/lib/python3.12/site-packages/airflow/example_dags/example_short_circuit_decorator.py for tasks to queue
[2026-03-13T23:32:55.379+0100] {logging_mixin.py:188} INFO - [2026-03-13T23:32:55.379+0100] {dagbag.py:545} INFO - Filling up the DagBag from /Users/harshasogala/financial-data-platform/venv/lib/python3.12/site-packages/airflow/example_dags/example_short_circuit_decorator.py
[2026-03-13T23:32:55.403+0100] {processor.py:840} INFO - DAG(s) 'example_short_circuit_decorator' retrieved from /Users/harshasogala/financial-data-platform/venv/lib/python3.12/site-packages/airflow/example_dags/example_short_circuit_decorator.py
[2026-03-13T23:32:55.459+0100] {logging_mixin.py:188} INFO - [2026-03-13T23:32:55.458+0100] {dag.py:3089} INFO - Sync 1 DAGs
[2026-03-13T23:32:55.502+0100] {logging_mixin.py:188} INFO - [2026-03-13T23:32:55.502+0100] {dag.py:3947} INFO - Setting next_dagrun for example_short_circuit_decorator to 2026-03-12 00:00:00+00:00, run_after=2026-03-13 00:00:00+00:00
[2026-03-13T23:32:55.513+0100] {processor.py:183} INFO - Processing /Users/harshasogala/financial-data-platform/venv/lib/python3.12/site-packages/airflow/example_dags/example_short_circuit_decorator.py took 0.138 seconds
