[2026-03-13T22:18:14.113+0100] {processor.py:161} INFO - Started process (PID=65940) to work on /Users/harshasogala/financial-data-platform/venv/lib/python3.12/site-packages/airflow/example_dags/example_task_group.py
[2026-03-13T22:18:14.114+0100] {processor.py:830} INFO - Processing file /Users/harshasogala/financial-data-platform/venv/lib/python3.12/site-packages/airflow/example_dags/example_task_group.py for tasks to queue
[2026-03-13T22:18:14.114+0100] {logging_mixin.py:188} INFO - [2026-03-13T22:18:14.114+0100] {dagbag.py:545} INFO - Filling up the DagBag from /Users/harshasogala/financial-data-platform/venv/lib/python3.12/site-packages/airflow/example_dags/example_task_group.py
[2026-03-13T22:18:14.120+0100] {processor.py:840} INFO - DAG(s) 'example_task_group' retrieved from /Users/harshasogala/financial-data-platform/venv/lib/python3.12/site-packages/airflow/example_dags/example_task_group.py
[2026-03-13T22:18:14.222+0100] {logging_mixin.py:188} INFO - [2026-03-13T22:18:14.222+0100] {override.py:1858} INFO - Created Permission View: can edit on DAG:example_task_group
[2026-03-13T22:18:14.228+0100] {logging_mixin.py:188} INFO - [2026-03-13T22:18:14.227+0100] {override.py:1858} INFO - Created Permission View: can delete on DAG:example_task_group
[2026-03-13T22:18:14.231+0100] {logging_mixin.py:188} INFO - [2026-03-13T22:18:14.231+0100] {override.py:1858} INFO - Created Permission View: can read on DAG:example_task_group
[2026-03-13T22:18:14.231+0100] {logging_mixin.py:188} INFO - [2026-03-13T22:18:14.231+0100] {dag.py:3089} INFO - Sync 1 DAGs
[2026-03-13T22:18:14.237+0100] {logging_mixin.py:188} INFO - [2026-03-13T22:18:14.236+0100] {dag.py:3111} INFO - Creating ORM DAG for example_task_group
[2026-03-13T22:18:14.241+0100] {logging_mixin.py:188} INFO - [2026-03-13T22:18:14.241+0100] {dag.py:3947} INFO - Setting next_dagrun for example_task_group to 2026-03-12 00:00:00+00:00, run_after=2026-03-13 00:00:00+00:00
[2026-03-13T22:18:14.251+0100] {processor.py:183} INFO - Processing /Users/harshasogala/financial-data-platform/venv/lib/python3.12/site-packages/airflow/example_dags/example_task_group.py took 0.140 seconds
[2026-03-13T22:20:03.301+0100] {processor.py:161} INFO - Started process (PID=66079) to work on /Users/harshasogala/financial-data-platform/venv/lib/python3.12/site-packages/airflow/example_dags/example_task_group.py
[2026-03-13T22:20:03.303+0100] {processor.py:830} INFO - Processing file /Users/harshasogala/financial-data-platform/venv/lib/python3.12/site-packages/airflow/example_dags/example_task_group.py for tasks to queue
[2026-03-13T22:20:03.303+0100] {logging_mixin.py:188} INFO - [2026-03-13T22:20:03.303+0100] {dagbag.py:545} INFO - Filling up the DagBag from /Users/harshasogala/financial-data-platform/venv/lib/python3.12/site-packages/airflow/example_dags/example_task_group.py
[2026-03-13T22:20:03.309+0100] {processor.py:840} INFO - DAG(s) 'example_task_group' retrieved from /Users/harshasogala/financial-data-platform/venv/lib/python3.12/site-packages/airflow/example_dags/example_task_group.py
[2026-03-13T22:20:03.368+0100] {logging_mixin.py:188} INFO - [2026-03-13T22:20:03.368+0100] {dag.py:3089} INFO - Sync 1 DAGs
[2026-03-13T22:20:03.378+0100] {logging_mixin.py:188} INFO - [2026-03-13T22:20:03.378+0100] {dag.py:3947} INFO - Setting next_dagrun for example_task_group to 2026-03-12 00:00:00+00:00, run_after=2026-03-13 00:00:00+00:00
[2026-03-13T22:20:03.391+0100] {processor.py:183} INFO - Processing /Users/harshasogala/financial-data-platform/venv/lib/python3.12/site-packages/airflow/example_dags/example_task_group.py took 0.092 seconds
[2026-03-13T22:21:21.780+0100] {processor.py:161} INFO - Started process (PID=66155) to work on /Users/harshasogala/financial-data-platform/venv/lib/python3.12/site-packages/airflow/example_dags/example_task_group.py
[2026-03-13T22:21:21.780+0100] {processor.py:830} INFO - Processing file /Users/harshasogala/financial-data-platform/venv/lib/python3.12/site-packages/airflow/example_dags/example_task_group.py for tasks to queue
[2026-03-13T22:21:21.781+0100] {logging_mixin.py:188} INFO - [2026-03-13T22:21:21.781+0100] {dagbag.py:545} INFO - Filling up the DagBag from /Users/harshasogala/financial-data-platform/venv/lib/python3.12/site-packages/airflow/example_dags/example_task_group.py
[2026-03-13T22:21:21.786+0100] {processor.py:840} INFO - DAG(s) 'example_task_group' retrieved from /Users/harshasogala/financial-data-platform/venv/lib/python3.12/site-packages/airflow/example_dags/example_task_group.py
[2026-03-13T22:21:21.841+0100] {logging_mixin.py:188} INFO - [2026-03-13T22:21:21.841+0100] {dag.py:3089} INFO - Sync 1 DAGs
[2026-03-13T22:21:21.850+0100] {logging_mixin.py:188} INFO - [2026-03-13T22:21:21.850+0100] {dag.py:3947} INFO - Setting next_dagrun for example_task_group to 2026-03-12 00:00:00+00:00, run_after=2026-03-13 00:00:00+00:00
[2026-03-13T22:21:21.861+0100] {processor.py:183} INFO - Processing /Users/harshasogala/financial-data-platform/venv/lib/python3.12/site-packages/airflow/example_dags/example_task_group.py took 0.083 seconds
[2026-03-13T22:28:15.734+0100] {processor.py:161} INFO - Started process (PID=67307) to work on /Users/harshasogala/financial-data-platform/venv/lib/python3.12/site-packages/airflow/example_dags/example_task_group.py
[2026-03-13T22:28:15.735+0100] {processor.py:830} INFO - Processing file /Users/harshasogala/financial-data-platform/venv/lib/python3.12/site-packages/airflow/example_dags/example_task_group.py for tasks to queue
[2026-03-13T22:28:15.736+0100] {logging_mixin.py:188} INFO - [2026-03-13T22:28:15.735+0100] {dagbag.py:545} INFO - Filling up the DagBag from /Users/harshasogala/financial-data-platform/venv/lib/python3.12/site-packages/airflow/example_dags/example_task_group.py
[2026-03-13T22:28:15.745+0100] {processor.py:840} INFO - DAG(s) 'example_task_group' retrieved from /Users/harshasogala/financial-data-platform/venv/lib/python3.12/site-packages/airflow/example_dags/example_task_group.py
[2026-03-13T22:28:15.806+0100] {logging_mixin.py:188} INFO - [2026-03-13T22:28:15.806+0100] {dag.py:3089} INFO - Sync 1 DAGs
[2026-03-13T22:28:15.816+0100] {logging_mixin.py:188} INFO - [2026-03-13T22:28:15.816+0100] {dag.py:3947} INFO - Setting next_dagrun for example_task_group to 2026-03-12 00:00:00+00:00, run_after=2026-03-13 00:00:00+00:00
[2026-03-13T22:28:15.827+0100] {processor.py:183} INFO - Processing /Users/harshasogala/financial-data-platform/venv/lib/python3.12/site-packages/airflow/example_dags/example_task_group.py took 0.096 seconds
[2026-03-13T22:29:14.653+0100] {processor.py:161} INFO - Started process (PID=67372) to work on /Users/harshasogala/financial-data-platform/venv/lib/python3.12/site-packages/airflow/example_dags/example_task_group.py
[2026-03-13T22:29:14.654+0100] {processor.py:830} INFO - Processing file /Users/harshasogala/financial-data-platform/venv/lib/python3.12/site-packages/airflow/example_dags/example_task_group.py for tasks to queue
[2026-03-13T22:29:14.654+0100] {logging_mixin.py:188} INFO - [2026-03-13T22:29:14.654+0100] {dagbag.py:545} INFO - Filling up the DagBag from /Users/harshasogala/financial-data-platform/venv/lib/python3.12/site-packages/airflow/example_dags/example_task_group.py
[2026-03-13T22:29:14.660+0100] {processor.py:840} INFO - DAG(s) 'example_task_group' retrieved from /Users/harshasogala/financial-data-platform/venv/lib/python3.12/site-packages/airflow/example_dags/example_task_group.py
[2026-03-13T22:29:14.715+0100] {logging_mixin.py:188} INFO - [2026-03-13T22:29:14.715+0100] {dag.py:3089} INFO - Sync 1 DAGs
[2026-03-13T22:29:14.725+0100] {logging_mixin.py:188} INFO - [2026-03-13T22:29:14.725+0100] {dag.py:3947} INFO - Setting next_dagrun for example_task_group to 2026-03-12 00:00:00+00:00, run_after=2026-03-13 00:00:00+00:00
[2026-03-13T22:29:14.736+0100] {processor.py:183} INFO - Processing /Users/harshasogala/financial-data-platform/venv/lib/python3.12/site-packages/airflow/example_dags/example_task_group.py took 0.085 seconds
[2026-03-13T22:30:20.988+0100] {processor.py:161} INFO - Started process (PID=67504) to work on /Users/harshasogala/financial-data-platform/venv/lib/python3.12/site-packages/airflow/example_dags/example_task_group.py
[2026-03-13T22:30:20.989+0100] {processor.py:830} INFO - Processing file /Users/harshasogala/financial-data-platform/venv/lib/python3.12/site-packages/airflow/example_dags/example_task_group.py for tasks to queue
[2026-03-13T22:30:20.989+0100] {logging_mixin.py:188} INFO - [2026-03-13T22:30:20.989+0100] {dagbag.py:545} INFO - Filling up the DagBag from /Users/harshasogala/financial-data-platform/venv/lib/python3.12/site-packages/airflow/example_dags/example_task_group.py
[2026-03-13T22:30:20.995+0100] {processor.py:840} INFO - DAG(s) 'example_task_group' retrieved from /Users/harshasogala/financial-data-platform/venv/lib/python3.12/site-packages/airflow/example_dags/example_task_group.py
[2026-03-13T22:30:21.050+0100] {logging_mixin.py:188} INFO - [2026-03-13T22:30:21.050+0100] {dag.py:3089} INFO - Sync 1 DAGs
[2026-03-13T22:30:21.060+0100] {logging_mixin.py:188} INFO - [2026-03-13T22:30:21.060+0100] {dag.py:3947} INFO - Setting next_dagrun for example_task_group to 2026-03-12 00:00:00+00:00, run_after=2026-03-13 00:00:00+00:00
[2026-03-13T22:30:21.070+0100] {processor.py:183} INFO - Processing /Users/harshasogala/financial-data-platform/venv/lib/python3.12/site-packages/airflow/example_dags/example_task_group.py took 0.083 seconds
[2026-03-13T22:31:34.154+0100] {processor.py:161} INFO - Started process (PID=68230) to work on /Users/harshasogala/financial-data-platform/venv/lib/python3.12/site-packages/airflow/example_dags/example_task_group.py
[2026-03-13T22:31:34.155+0100] {processor.py:830} INFO - Processing file /Users/harshasogala/financial-data-platform/venv/lib/python3.12/site-packages/airflow/example_dags/example_task_group.py for tasks to queue
[2026-03-13T22:31:34.155+0100] {logging_mixin.py:188} INFO - [2026-03-13T22:31:34.155+0100] {dagbag.py:545} INFO - Filling up the DagBag from /Users/harshasogala/financial-data-platform/venv/lib/python3.12/site-packages/airflow/example_dags/example_task_group.py
[2026-03-13T22:31:34.164+0100] {processor.py:840} INFO - DAG(s) 'example_task_group' retrieved from /Users/harshasogala/financial-data-platform/venv/lib/python3.12/site-packages/airflow/example_dags/example_task_group.py
[2026-03-13T22:31:34.247+0100] {logging_mixin.py:188} INFO - [2026-03-13T22:31:34.247+0100] {dag.py:3089} INFO - Sync 1 DAGs
[2026-03-13T22:31:34.262+0100] {logging_mixin.py:188} INFO - [2026-03-13T22:31:34.261+0100] {dag.py:3947} INFO - Setting next_dagrun for example_task_group to 2026-03-12 00:00:00+00:00, run_after=2026-03-13 00:00:00+00:00
[2026-03-13T22:31:34.281+0100] {processor.py:183} INFO - Processing /Users/harshasogala/financial-data-platform/venv/lib/python3.12/site-packages/airflow/example_dags/example_task_group.py took 0.130 seconds
[2026-03-13T22:32:55.285+0100] {processor.py:161} INFO - Started process (PID=68836) to work on /Users/harshasogala/financial-data-platform/venv/lib/python3.12/site-packages/airflow/example_dags/example_task_group.py
[2026-03-13T22:32:55.286+0100] {processor.py:830} INFO - Processing file /Users/harshasogala/financial-data-platform/venv/lib/python3.12/site-packages/airflow/example_dags/example_task_group.py for tasks to queue
[2026-03-13T22:32:55.287+0100] {logging_mixin.py:188} INFO - [2026-03-13T22:32:55.287+0100] {dagbag.py:545} INFO - Filling up the DagBag from /Users/harshasogala/financial-data-platform/venv/lib/python3.12/site-packages/airflow/example_dags/example_task_group.py
[2026-03-13T22:32:55.292+0100] {processor.py:840} INFO - DAG(s) 'example_task_group' retrieved from /Users/harshasogala/financial-data-platform/venv/lib/python3.12/site-packages/airflow/example_dags/example_task_group.py
[2026-03-13T22:32:55.347+0100] {logging_mixin.py:188} INFO - [2026-03-13T22:32:55.347+0100] {dag.py:3089} INFO - Sync 1 DAGs
[2026-03-13T22:32:55.356+0100] {logging_mixin.py:188} INFO - [2026-03-13T22:32:55.356+0100] {dag.py:3947} INFO - Setting next_dagrun for example_task_group to 2026-03-12 00:00:00+00:00, run_after=2026-03-13 00:00:00+00:00
[2026-03-13T22:32:55.367+0100] {processor.py:183} INFO - Processing /Users/harshasogala/financial-data-platform/venv/lib/python3.12/site-packages/airflow/example_dags/example_task_group.py took 0.084 seconds
[2026-03-13T22:34:16.507+0100] {processor.py:161} INFO - Started process (PID=69179) to work on /Users/harshasogala/financial-data-platform/venv/lib/python3.12/site-packages/airflow/example_dags/example_task_group.py
[2026-03-13T22:34:16.508+0100] {processor.py:830} INFO - Processing file /Users/harshasogala/financial-data-platform/venv/lib/python3.12/site-packages/airflow/example_dags/example_task_group.py for tasks to queue
[2026-03-13T22:34:16.508+0100] {logging_mixin.py:188} INFO - [2026-03-13T22:34:16.508+0100] {dagbag.py:545} INFO - Filling up the DagBag from /Users/harshasogala/financial-data-platform/venv/lib/python3.12/site-packages/airflow/example_dags/example_task_group.py
[2026-03-13T22:34:16.514+0100] {processor.py:840} INFO - DAG(s) 'example_task_group' retrieved from /Users/harshasogala/financial-data-platform/venv/lib/python3.12/site-packages/airflow/example_dags/example_task_group.py
[2026-03-13T22:34:16.570+0100] {logging_mixin.py:188} INFO - [2026-03-13T22:34:16.570+0100] {dag.py:3089} INFO - Sync 1 DAGs
[2026-03-13T22:34:16.579+0100] {logging_mixin.py:188} INFO - [2026-03-13T22:34:16.579+0100] {dag.py:3947} INFO - Setting next_dagrun for example_task_group to 2026-03-12 00:00:00+00:00, run_after=2026-03-13 00:00:00+00:00
[2026-03-13T22:34:16.591+0100] {processor.py:183} INFO - Processing /Users/harshasogala/financial-data-platform/venv/lib/python3.12/site-packages/airflow/example_dags/example_task_group.py took 0.086 seconds
[2026-03-13T22:35:31.938+0100] {processor.py:161} INFO - Started process (PID=69240) to work on /Users/harshasogala/financial-data-platform/venv/lib/python3.12/site-packages/airflow/example_dags/example_task_group.py
[2026-03-13T22:35:31.939+0100] {processor.py:830} INFO - Processing file /Users/harshasogala/financial-data-platform/venv/lib/python3.12/site-packages/airflow/example_dags/example_task_group.py for tasks to queue
[2026-03-13T22:35:31.940+0100] {logging_mixin.py:188} INFO - [2026-03-13T22:35:31.939+0100] {dagbag.py:545} INFO - Filling up the DagBag from /Users/harshasogala/financial-data-platform/venv/lib/python3.12/site-packages/airflow/example_dags/example_task_group.py
[2026-03-13T22:35:31.945+0100] {processor.py:840} INFO - DAG(s) 'example_task_group' retrieved from /Users/harshasogala/financial-data-platform/venv/lib/python3.12/site-packages/airflow/example_dags/example_task_group.py
[2026-03-13T22:35:32.000+0100] {logging_mixin.py:188} INFO - [2026-03-13T22:35:32.000+0100] {dag.py:3089} INFO - Sync 1 DAGs
[2026-03-13T22:35:32.009+0100] {logging_mixin.py:188} INFO - [2026-03-13T22:35:32.009+0100] {dag.py:3947} INFO - Setting next_dagrun for example_task_group to 2026-03-12 00:00:00+00:00, run_after=2026-03-13 00:00:00+00:00
[2026-03-13T22:35:32.020+0100] {processor.py:183} INFO - Processing /Users/harshasogala/financial-data-platform/venv/lib/python3.12/site-packages/airflow/example_dags/example_task_group.py took 0.084 seconds
[2026-03-13T22:36:45.977+0100] {processor.py:161} INFO - Started process (PID=69318) to work on /Users/harshasogala/financial-data-platform/venv/lib/python3.12/site-packages/airflow/example_dags/example_task_group.py
[2026-03-13T22:36:45.978+0100] {processor.py:830} INFO - Processing file /Users/harshasogala/financial-data-platform/venv/lib/python3.12/site-packages/airflow/example_dags/example_task_group.py for tasks to queue
[2026-03-13T22:36:45.979+0100] {logging_mixin.py:188} INFO - [2026-03-13T22:36:45.979+0100] {dagbag.py:545} INFO - Filling up the DagBag from /Users/harshasogala/financial-data-platform/venv/lib/python3.12/site-packages/airflow/example_dags/example_task_group.py
[2026-03-13T22:36:45.984+0100] {processor.py:840} INFO - DAG(s) 'example_task_group' retrieved from /Users/harshasogala/financial-data-platform/venv/lib/python3.12/site-packages/airflow/example_dags/example_task_group.py
[2026-03-13T22:36:46.040+0100] {logging_mixin.py:188} INFO - [2026-03-13T22:36:46.040+0100] {dag.py:3089} INFO - Sync 1 DAGs
[2026-03-13T22:36:46.049+0100] {logging_mixin.py:188} INFO - [2026-03-13T22:36:46.049+0100] {dag.py:3947} INFO - Setting next_dagrun for example_task_group to 2026-03-12 00:00:00+00:00, run_after=2026-03-13 00:00:00+00:00
[2026-03-13T22:36:46.061+0100] {processor.py:183} INFO - Processing /Users/harshasogala/financial-data-platform/venv/lib/python3.12/site-packages/airflow/example_dags/example_task_group.py took 0.085 seconds
[2026-03-13T22:37:59.742+0100] {processor.py:161} INFO - Started process (PID=69376) to work on /Users/harshasogala/financial-data-platform/venv/lib/python3.12/site-packages/airflow/example_dags/example_task_group.py
[2026-03-13T22:37:59.743+0100] {processor.py:830} INFO - Processing file /Users/harshasogala/financial-data-platform/venv/lib/python3.12/site-packages/airflow/example_dags/example_task_group.py for tasks to queue
[2026-03-13T22:37:59.743+0100] {logging_mixin.py:188} INFO - [2026-03-13T22:37:59.743+0100] {dagbag.py:545} INFO - Filling up the DagBag from /Users/harshasogala/financial-data-platform/venv/lib/python3.12/site-packages/airflow/example_dags/example_task_group.py
[2026-03-13T22:37:59.749+0100] {processor.py:840} INFO - DAG(s) 'example_task_group' retrieved from /Users/harshasogala/financial-data-platform/venv/lib/python3.12/site-packages/airflow/example_dags/example_task_group.py
[2026-03-13T22:37:59.804+0100] {logging_mixin.py:188} INFO - [2026-03-13T22:37:59.804+0100] {dag.py:3089} INFO - Sync 1 DAGs
[2026-03-13T22:37:59.813+0100] {logging_mixin.py:188} INFO - [2026-03-13T22:37:59.813+0100] {dag.py:3947} INFO - Setting next_dagrun for example_task_group to 2026-03-12 00:00:00+00:00, run_after=2026-03-13 00:00:00+00:00
[2026-03-13T22:37:59.824+0100] {processor.py:183} INFO - Processing /Users/harshasogala/financial-data-platform/venv/lib/python3.12/site-packages/airflow/example_dags/example_task_group.py took 0.084 seconds
[2026-03-13T22:39:14.083+0100] {processor.py:161} INFO - Started process (PID=69445) to work on /Users/harshasogala/financial-data-platform/venv/lib/python3.12/site-packages/airflow/example_dags/example_task_group.py
[2026-03-13T22:39:14.085+0100] {processor.py:830} INFO - Processing file /Users/harshasogala/financial-data-platform/venv/lib/python3.12/site-packages/airflow/example_dags/example_task_group.py for tasks to queue
[2026-03-13T22:39:14.087+0100] {logging_mixin.py:188} INFO - [2026-03-13T22:39:14.086+0100] {dagbag.py:545} INFO - Filling up the DagBag from /Users/harshasogala/financial-data-platform/venv/lib/python3.12/site-packages/airflow/example_dags/example_task_group.py
[2026-03-13T22:39:14.119+0100] {processor.py:840} INFO - DAG(s) 'example_task_group' retrieved from /Users/harshasogala/financial-data-platform/venv/lib/python3.12/site-packages/airflow/example_dags/example_task_group.py
[2026-03-13T22:39:14.189+0100] {logging_mixin.py:188} INFO - [2026-03-13T22:39:14.189+0100] {dag.py:3089} INFO - Sync 1 DAGs
[2026-03-13T22:39:14.198+0100] {logging_mixin.py:188} INFO - [2026-03-13T22:39:14.198+0100] {dag.py:3947} INFO - Setting next_dagrun for example_task_group to 2026-03-12 00:00:00+00:00, run_after=2026-03-13 00:00:00+00:00
[2026-03-13T22:39:14.210+0100] {processor.py:183} INFO - Processing /Users/harshasogala/financial-data-platform/venv/lib/python3.12/site-packages/airflow/example_dags/example_task_group.py took 0.136 seconds
[2026-03-13T22:40:35.365+0100] {processor.py:161} INFO - Started process (PID=69666) to work on /Users/harshasogala/financial-data-platform/venv/lib/python3.12/site-packages/airflow/example_dags/example_task_group.py
[2026-03-13T22:40:35.367+0100] {processor.py:830} INFO - Processing file /Users/harshasogala/financial-data-platform/venv/lib/python3.12/site-packages/airflow/example_dags/example_task_group.py for tasks to queue
[2026-03-13T22:40:35.367+0100] {logging_mixin.py:188} INFO - [2026-03-13T22:40:35.367+0100] {dagbag.py:545} INFO - Filling up the DagBag from /Users/harshasogala/financial-data-platform/venv/lib/python3.12/site-packages/airflow/example_dags/example_task_group.py
[2026-03-13T22:40:35.372+0100] {processor.py:840} INFO - DAG(s) 'example_task_group' retrieved from /Users/harshasogala/financial-data-platform/venv/lib/python3.12/site-packages/airflow/example_dags/example_task_group.py
[2026-03-13T22:40:35.427+0100] {logging_mixin.py:188} INFO - [2026-03-13T22:40:35.427+0100] {dag.py:3089} INFO - Sync 1 DAGs
[2026-03-13T22:40:35.436+0100] {logging_mixin.py:188} INFO - [2026-03-13T22:40:35.436+0100] {dag.py:3947} INFO - Setting next_dagrun for example_task_group to 2026-03-12 00:00:00+00:00, run_after=2026-03-13 00:00:00+00:00
[2026-03-13T22:40:35.448+0100] {processor.py:183} INFO - Processing /Users/harshasogala/financial-data-platform/venv/lib/python3.12/site-packages/airflow/example_dags/example_task_group.py took 0.084 seconds
[2026-03-13T22:41:53.426+0100] {processor.py:161} INFO - Started process (PID=69725) to work on /Users/harshasogala/financial-data-platform/venv/lib/python3.12/site-packages/airflow/example_dags/example_task_group.py
[2026-03-13T22:41:53.428+0100] {processor.py:830} INFO - Processing file /Users/harshasogala/financial-data-platform/venv/lib/python3.12/site-packages/airflow/example_dags/example_task_group.py for tasks to queue
[2026-03-13T22:41:53.428+0100] {logging_mixin.py:188} INFO - [2026-03-13T22:41:53.428+0100] {dagbag.py:545} INFO - Filling up the DagBag from /Users/harshasogala/financial-data-platform/venv/lib/python3.12/site-packages/airflow/example_dags/example_task_group.py
[2026-03-13T22:41:53.434+0100] {processor.py:840} INFO - DAG(s) 'example_task_group' retrieved from /Users/harshasogala/financial-data-platform/venv/lib/python3.12/site-packages/airflow/example_dags/example_task_group.py
[2026-03-13T22:41:53.488+0100] {logging_mixin.py:188} INFO - [2026-03-13T22:41:53.488+0100] {dag.py:3089} INFO - Sync 1 DAGs
[2026-03-13T22:41:53.497+0100] {logging_mixin.py:188} INFO - [2026-03-13T22:41:53.497+0100] {dag.py:3947} INFO - Setting next_dagrun for example_task_group to 2026-03-12 00:00:00+00:00, run_after=2026-03-13 00:00:00+00:00
[2026-03-13T22:41:53.509+0100] {processor.py:183} INFO - Processing /Users/harshasogala/financial-data-platform/venv/lib/python3.12/site-packages/airflow/example_dags/example_task_group.py took 0.084 seconds
[2026-03-13T22:43:11.830+0100] {processor.py:161} INFO - Started process (PID=69791) to work on /Users/harshasogala/financial-data-platform/venv/lib/python3.12/site-packages/airflow/example_dags/example_task_group.py
[2026-03-13T22:43:11.832+0100] {processor.py:830} INFO - Processing file /Users/harshasogala/financial-data-platform/venv/lib/python3.12/site-packages/airflow/example_dags/example_task_group.py for tasks to queue
[2026-03-13T22:43:11.832+0100] {logging_mixin.py:188} INFO - [2026-03-13T22:43:11.832+0100] {dagbag.py:545} INFO - Filling up the DagBag from /Users/harshasogala/financial-data-platform/venv/lib/python3.12/site-packages/airflow/example_dags/example_task_group.py
[2026-03-13T22:43:11.838+0100] {processor.py:840} INFO - DAG(s) 'example_task_group' retrieved from /Users/harshasogala/financial-data-platform/venv/lib/python3.12/site-packages/airflow/example_dags/example_task_group.py
[2026-03-13T22:43:11.895+0100] {logging_mixin.py:188} INFO - [2026-03-13T22:43:11.895+0100] {dag.py:3089} INFO - Sync 1 DAGs
[2026-03-13T22:43:11.904+0100] {logging_mixin.py:188} INFO - [2026-03-13T22:43:11.904+0100] {dag.py:3947} INFO - Setting next_dagrun for example_task_group to 2026-03-12 00:00:00+00:00, run_after=2026-03-13 00:00:00+00:00
[2026-03-13T22:43:11.916+0100] {processor.py:183} INFO - Processing /Users/harshasogala/financial-data-platform/venv/lib/python3.12/site-packages/airflow/example_dags/example_task_group.py took 0.088 seconds
[2026-03-13T22:44:34.314+0100] {processor.py:161} INFO - Started process (PID=70044) to work on /Users/harshasogala/financial-data-platform/venv/lib/python3.12/site-packages/airflow/example_dags/example_task_group.py
[2026-03-13T22:44:34.315+0100] {processor.py:830} INFO - Processing file /Users/harshasogala/financial-data-platform/venv/lib/python3.12/site-packages/airflow/example_dags/example_task_group.py for tasks to queue
[2026-03-13T22:44:34.316+0100] {logging_mixin.py:188} INFO - [2026-03-13T22:44:34.316+0100] {dagbag.py:545} INFO - Filling up the DagBag from /Users/harshasogala/financial-data-platform/venv/lib/python3.12/site-packages/airflow/example_dags/example_task_group.py
[2026-03-13T22:44:34.322+0100] {processor.py:840} INFO - DAG(s) 'example_task_group' retrieved from /Users/harshasogala/financial-data-platform/venv/lib/python3.12/site-packages/airflow/example_dags/example_task_group.py
[2026-03-13T22:44:34.379+0100] {logging_mixin.py:188} INFO - [2026-03-13T22:44:34.379+0100] {dag.py:3089} INFO - Sync 1 DAGs
[2026-03-13T22:44:34.388+0100] {logging_mixin.py:188} INFO - [2026-03-13T22:44:34.388+0100] {dag.py:3947} INFO - Setting next_dagrun for example_task_group to 2026-03-12 00:00:00+00:00, run_after=2026-03-13 00:00:00+00:00
[2026-03-13T22:44:34.399+0100] {processor.py:183} INFO - Processing /Users/harshasogala/financial-data-platform/venv/lib/python3.12/site-packages/airflow/example_dags/example_task_group.py took 0.087 seconds
[2026-03-13T22:46:07.033+0100] {processor.py:161} INFO - Started process (PID=70348) to work on /Users/harshasogala/financial-data-platform/venv/lib/python3.12/site-packages/airflow/example_dags/example_task_group.py
[2026-03-13T22:46:07.033+0100] {processor.py:830} INFO - Processing file /Users/harshasogala/financial-data-platform/venv/lib/python3.12/site-packages/airflow/example_dags/example_task_group.py for tasks to queue
[2026-03-13T22:46:07.034+0100] {logging_mixin.py:188} INFO - [2026-03-13T22:46:07.034+0100] {dagbag.py:545} INFO - Filling up the DagBag from /Users/harshasogala/financial-data-platform/venv/lib/python3.12/site-packages/airflow/example_dags/example_task_group.py
[2026-03-13T22:46:07.039+0100] {processor.py:840} INFO - DAG(s) 'example_task_group' retrieved from /Users/harshasogala/financial-data-platform/venv/lib/python3.12/site-packages/airflow/example_dags/example_task_group.py
[2026-03-13T22:46:07.093+0100] {logging_mixin.py:188} INFO - [2026-03-13T22:46:07.093+0100] {dag.py:3089} INFO - Sync 1 DAGs
[2026-03-13T22:46:07.101+0100] {logging_mixin.py:188} INFO - [2026-03-13T22:46:07.101+0100] {dag.py:3947} INFO - Setting next_dagrun for example_task_group to 2026-03-12 00:00:00+00:00, run_after=2026-03-13 00:00:00+00:00
[2026-03-13T22:46:07.112+0100] {processor.py:183} INFO - Processing /Users/harshasogala/financial-data-platform/venv/lib/python3.12/site-packages/airflow/example_dags/example_task_group.py took 0.081 seconds
[2026-03-13T22:47:31.793+0100] {processor.py:161} INFO - Started process (PID=71376) to work on /Users/harshasogala/financial-data-platform/venv/lib/python3.12/site-packages/airflow/example_dags/example_task_group.py
[2026-03-13T22:47:31.794+0100] {processor.py:830} INFO - Processing file /Users/harshasogala/financial-data-platform/venv/lib/python3.12/site-packages/airflow/example_dags/example_task_group.py for tasks to queue
[2026-03-13T22:47:31.794+0100] {logging_mixin.py:188} INFO - [2026-03-13T22:47:31.794+0100] {dagbag.py:545} INFO - Filling up the DagBag from /Users/harshasogala/financial-data-platform/venv/lib/python3.12/site-packages/airflow/example_dags/example_task_group.py
[2026-03-13T22:47:31.800+0100] {processor.py:840} INFO - DAG(s) 'example_task_group' retrieved from /Users/harshasogala/financial-data-platform/venv/lib/python3.12/site-packages/airflow/example_dags/example_task_group.py
[2026-03-13T22:47:31.855+0100] {logging_mixin.py:188} INFO - [2026-03-13T22:47:31.855+0100] {dag.py:3089} INFO - Sync 1 DAGs
[2026-03-13T22:47:31.863+0100] {logging_mixin.py:188} INFO - [2026-03-13T22:47:31.863+0100] {dag.py:3947} INFO - Setting next_dagrun for example_task_group to 2026-03-12 00:00:00+00:00, run_after=2026-03-13 00:00:00+00:00
[2026-03-13T22:47:31.875+0100] {processor.py:183} INFO - Processing /Users/harshasogala/financial-data-platform/venv/lib/python3.12/site-packages/airflow/example_dags/example_task_group.py took 0.083 seconds
[2026-03-13T22:48:48.823+0100] {processor.py:161} INFO - Started process (PID=71445) to work on /Users/harshasogala/financial-data-platform/venv/lib/python3.12/site-packages/airflow/example_dags/example_task_group.py
[2026-03-13T22:48:48.824+0100] {processor.py:830} INFO - Processing file /Users/harshasogala/financial-data-platform/venv/lib/python3.12/site-packages/airflow/example_dags/example_task_group.py for tasks to queue
[2026-03-13T22:48:48.824+0100] {logging_mixin.py:188} INFO - [2026-03-13T22:48:48.824+0100] {dagbag.py:545} INFO - Filling up the DagBag from /Users/harshasogala/financial-data-platform/venv/lib/python3.12/site-packages/airflow/example_dags/example_task_group.py
[2026-03-13T22:48:48.830+0100] {processor.py:840} INFO - DAG(s) 'example_task_group' retrieved from /Users/harshasogala/financial-data-platform/venv/lib/python3.12/site-packages/airflow/example_dags/example_task_group.py
[2026-03-13T22:48:48.888+0100] {logging_mixin.py:188} INFO - [2026-03-13T22:48:48.887+0100] {dag.py:3089} INFO - Sync 1 DAGs
[2026-03-13T22:48:48.897+0100] {logging_mixin.py:188} INFO - [2026-03-13T22:48:48.897+0100] {dag.py:3947} INFO - Setting next_dagrun for example_task_group to 2026-03-12 00:00:00+00:00, run_after=2026-03-13 00:00:00+00:00
[2026-03-13T22:48:48.908+0100] {processor.py:183} INFO - Processing /Users/harshasogala/financial-data-platform/venv/lib/python3.12/site-packages/airflow/example_dags/example_task_group.py took 0.087 seconds
[2026-03-13T22:50:09.355+0100] {processor.py:161} INFO - Started process (PID=71698) to work on /Users/harshasogala/financial-data-platform/venv/lib/python3.12/site-packages/airflow/example_dags/example_task_group.py
[2026-03-13T22:50:09.356+0100] {processor.py:830} INFO - Processing file /Users/harshasogala/financial-data-platform/venv/lib/python3.12/site-packages/airflow/example_dags/example_task_group.py for tasks to queue
[2026-03-13T22:50:09.356+0100] {logging_mixin.py:188} INFO - [2026-03-13T22:50:09.356+0100] {dagbag.py:545} INFO - Filling up the DagBag from /Users/harshasogala/financial-data-platform/venv/lib/python3.12/site-packages/airflow/example_dags/example_task_group.py
[2026-03-13T22:50:09.361+0100] {processor.py:840} INFO - DAG(s) 'example_task_group' retrieved from /Users/harshasogala/financial-data-platform/venv/lib/python3.12/site-packages/airflow/example_dags/example_task_group.py
[2026-03-13T22:50:09.415+0100] {logging_mixin.py:188} INFO - [2026-03-13T22:50:09.415+0100] {dag.py:3089} INFO - Sync 1 DAGs
[2026-03-13T22:50:09.424+0100] {logging_mixin.py:188} INFO - [2026-03-13T22:50:09.424+0100] {dag.py:3947} INFO - Setting next_dagrun for example_task_group to 2026-03-12 00:00:00+00:00, run_after=2026-03-13 00:00:00+00:00
[2026-03-13T22:50:09.435+0100] {processor.py:183} INFO - Processing /Users/harshasogala/financial-data-platform/venv/lib/python3.12/site-packages/airflow/example_dags/example_task_group.py took 0.082 seconds
[2026-03-13T22:51:38.811+0100] {processor.py:161} INFO - Started process (PID=72061) to work on /Users/harshasogala/financial-data-platform/venv/lib/python3.12/site-packages/airflow/example_dags/example_task_group.py
[2026-03-13T22:51:38.812+0100] {processor.py:830} INFO - Processing file /Users/harshasogala/financial-data-platform/venv/lib/python3.12/site-packages/airflow/example_dags/example_task_group.py for tasks to queue
[2026-03-13T22:51:38.812+0100] {logging_mixin.py:188} INFO - [2026-03-13T22:51:38.812+0100] {dagbag.py:545} INFO - Filling up the DagBag from /Users/harshasogala/financial-data-platform/venv/lib/python3.12/site-packages/airflow/example_dags/example_task_group.py
[2026-03-13T22:51:38.818+0100] {processor.py:840} INFO - DAG(s) 'example_task_group' retrieved from /Users/harshasogala/financial-data-platform/venv/lib/python3.12/site-packages/airflow/example_dags/example_task_group.py
[2026-03-13T22:51:38.873+0100] {logging_mixin.py:188} INFO - [2026-03-13T22:51:38.873+0100] {dag.py:3089} INFO - Sync 1 DAGs
[2026-03-13T22:51:38.882+0100] {logging_mixin.py:188} INFO - [2026-03-13T22:51:38.882+0100] {dag.py:3947} INFO - Setting next_dagrun for example_task_group to 2026-03-12 00:00:00+00:00, run_after=2026-03-13 00:00:00+00:00
[2026-03-13T22:51:38.893+0100] {processor.py:183} INFO - Processing /Users/harshasogala/financial-data-platform/venv/lib/python3.12/site-packages/airflow/example_dags/example_task_group.py took 0.083 seconds
[2026-03-13T22:52:53.999+0100] {processor.py:161} INFO - Started process (PID=72386) to work on /Users/harshasogala/financial-data-platform/venv/lib/python3.12/site-packages/airflow/example_dags/example_task_group.py
[2026-03-13T22:52:53.999+0100] {processor.py:830} INFO - Processing file /Users/harshasogala/financial-data-platform/venv/lib/python3.12/site-packages/airflow/example_dags/example_task_group.py for tasks to queue
[2026-03-13T22:52:54.000+0100] {logging_mixin.py:188} INFO - [2026-03-13T22:52:54.000+0100] {dagbag.py:545} INFO - Filling up the DagBag from /Users/harshasogala/financial-data-platform/venv/lib/python3.12/site-packages/airflow/example_dags/example_task_group.py
[2026-03-13T22:52:54.005+0100] {processor.py:840} INFO - DAG(s) 'example_task_group' retrieved from /Users/harshasogala/financial-data-platform/venv/lib/python3.12/site-packages/airflow/example_dags/example_task_group.py
[2026-03-13T22:52:54.060+0100] {logging_mixin.py:188} INFO - [2026-03-13T22:52:54.060+0100] {dag.py:3089} INFO - Sync 1 DAGs
[2026-03-13T22:52:54.069+0100] {logging_mixin.py:188} INFO - [2026-03-13T22:52:54.069+0100] {dag.py:3947} INFO - Setting next_dagrun for example_task_group to 2026-03-12 00:00:00+00:00, run_after=2026-03-13 00:00:00+00:00
[2026-03-13T22:52:54.080+0100] {processor.py:183} INFO - Processing /Users/harshasogala/financial-data-platform/venv/lib/python3.12/site-packages/airflow/example_dags/example_task_group.py took 0.083 seconds
[2026-03-13T22:54:13.132+0100] {processor.py:161} INFO - Started process (PID=72468) to work on /Users/harshasogala/financial-data-platform/venv/lib/python3.12/site-packages/airflow/example_dags/example_task_group.py
[2026-03-13T22:54:13.132+0100] {processor.py:830} INFO - Processing file /Users/harshasogala/financial-data-platform/venv/lib/python3.12/site-packages/airflow/example_dags/example_task_group.py for tasks to queue
[2026-03-13T22:54:13.133+0100] {logging_mixin.py:188} INFO - [2026-03-13T22:54:13.133+0100] {dagbag.py:545} INFO - Filling up the DagBag from /Users/harshasogala/financial-data-platform/venv/lib/python3.12/site-packages/airflow/example_dags/example_task_group.py
[2026-03-13T22:54:13.140+0100] {processor.py:840} INFO - DAG(s) 'example_task_group' retrieved from /Users/harshasogala/financial-data-platform/venv/lib/python3.12/site-packages/airflow/example_dags/example_task_group.py
[2026-03-13T22:54:13.200+0100] {logging_mixin.py:188} INFO - [2026-03-13T22:54:13.200+0100] {dag.py:3089} INFO - Sync 1 DAGs
[2026-03-13T22:54:13.212+0100] {logging_mixin.py:188} INFO - [2026-03-13T22:54:13.212+0100] {dag.py:3947} INFO - Setting next_dagrun for example_task_group to 2026-03-12 00:00:00+00:00, run_after=2026-03-13 00:00:00+00:00
[2026-03-13T22:54:13.225+0100] {processor.py:183} INFO - Processing /Users/harshasogala/financial-data-platform/venv/lib/python3.12/site-packages/airflow/example_dags/example_task_group.py took 0.096 seconds
[2026-03-13T22:55:39.330+0100] {processor.py:161} INFO - Started process (PID=72549) to work on /Users/harshasogala/financial-data-platform/venv/lib/python3.12/site-packages/airflow/example_dags/example_task_group.py
[2026-03-13T22:55:39.331+0100] {processor.py:830} INFO - Processing file /Users/harshasogala/financial-data-platform/venv/lib/python3.12/site-packages/airflow/example_dags/example_task_group.py for tasks to queue
[2026-03-13T22:55:39.331+0100] {logging_mixin.py:188} INFO - [2026-03-13T22:55:39.331+0100] {dagbag.py:545} INFO - Filling up the DagBag from /Users/harshasogala/financial-data-platform/venv/lib/python3.12/site-packages/airflow/example_dags/example_task_group.py
[2026-03-13T22:55:39.336+0100] {processor.py:840} INFO - DAG(s) 'example_task_group' retrieved from /Users/harshasogala/financial-data-platform/venv/lib/python3.12/site-packages/airflow/example_dags/example_task_group.py
[2026-03-13T22:55:39.391+0100] {logging_mixin.py:188} INFO - [2026-03-13T22:55:39.391+0100] {dag.py:3089} INFO - Sync 1 DAGs
[2026-03-13T22:55:39.400+0100] {logging_mixin.py:188} INFO - [2026-03-13T22:55:39.400+0100] {dag.py:3947} INFO - Setting next_dagrun for example_task_group to 2026-03-12 00:00:00+00:00, run_after=2026-03-13 00:00:00+00:00
[2026-03-13T22:55:39.411+0100] {processor.py:183} INFO - Processing /Users/harshasogala/financial-data-platform/venv/lib/python3.12/site-packages/airflow/example_dags/example_task_group.py took 0.083 seconds
[2026-03-13T22:57:01.082+0100] {processor.py:161} INFO - Started process (PID=72646) to work on /Users/harshasogala/financial-data-platform/venv/lib/python3.12/site-packages/airflow/example_dags/example_task_group.py
[2026-03-13T22:57:01.082+0100] {processor.py:830} INFO - Processing file /Users/harshasogala/financial-data-platform/venv/lib/python3.12/site-packages/airflow/example_dags/example_task_group.py for tasks to queue
[2026-03-13T22:57:01.083+0100] {logging_mixin.py:188} INFO - [2026-03-13T22:57:01.083+0100] {dagbag.py:545} INFO - Filling up the DagBag from /Users/harshasogala/financial-data-platform/venv/lib/python3.12/site-packages/airflow/example_dags/example_task_group.py
[2026-03-13T22:57:01.089+0100] {processor.py:840} INFO - DAG(s) 'example_task_group' retrieved from /Users/harshasogala/financial-data-platform/venv/lib/python3.12/site-packages/airflow/example_dags/example_task_group.py
[2026-03-13T22:57:01.145+0100] {logging_mixin.py:188} INFO - [2026-03-13T22:57:01.145+0100] {dag.py:3089} INFO - Sync 1 DAGs
[2026-03-13T22:57:01.154+0100] {logging_mixin.py:188} INFO - [2026-03-13T22:57:01.154+0100] {dag.py:3947} INFO - Setting next_dagrun for example_task_group to 2026-03-12 00:00:00+00:00, run_after=2026-03-13 00:00:00+00:00
[2026-03-13T22:57:01.166+0100] {processor.py:183} INFO - Processing /Users/harshasogala/financial-data-platform/venv/lib/python3.12/site-packages/airflow/example_dags/example_task_group.py took 0.085 seconds
[2026-03-13T22:58:21.040+0100] {processor.py:161} INFO - Started process (PID=72709) to work on /Users/harshasogala/financial-data-platform/venv/lib/python3.12/site-packages/airflow/example_dags/example_task_group.py
[2026-03-13T22:58:21.042+0100] {processor.py:830} INFO - Processing file /Users/harshasogala/financial-data-platform/venv/lib/python3.12/site-packages/airflow/example_dags/example_task_group.py for tasks to queue
[2026-03-13T22:58:21.042+0100] {logging_mixin.py:188} INFO - [2026-03-13T22:58:21.042+0100] {dagbag.py:545} INFO - Filling up the DagBag from /Users/harshasogala/financial-data-platform/venv/lib/python3.12/site-packages/airflow/example_dags/example_task_group.py
[2026-03-13T22:58:21.047+0100] {processor.py:840} INFO - DAG(s) 'example_task_group' retrieved from /Users/harshasogala/financial-data-platform/venv/lib/python3.12/site-packages/airflow/example_dags/example_task_group.py
[2026-03-13T22:58:21.101+0100] {logging_mixin.py:188} INFO - [2026-03-13T22:58:21.101+0100] {dag.py:3089} INFO - Sync 1 DAGs
[2026-03-13T22:58:21.110+0100] {logging_mixin.py:188} INFO - [2026-03-13T22:58:21.110+0100] {dag.py:3947} INFO - Setting next_dagrun for example_task_group to 2026-03-12 00:00:00+00:00, run_after=2026-03-13 00:00:00+00:00
[2026-03-13T22:58:21.121+0100] {processor.py:183} INFO - Processing /Users/harshasogala/financial-data-platform/venv/lib/python3.12/site-packages/airflow/example_dags/example_task_group.py took 0.083 seconds
[2026-03-13T22:59:41.337+0100] {processor.py:161} INFO - Started process (PID=72780) to work on /Users/harshasogala/financial-data-platform/venv/lib/python3.12/site-packages/airflow/example_dags/example_task_group.py
[2026-03-13T22:59:41.339+0100] {processor.py:830} INFO - Processing file /Users/harshasogala/financial-data-platform/venv/lib/python3.12/site-packages/airflow/example_dags/example_task_group.py for tasks to queue
[2026-03-13T22:59:41.339+0100] {logging_mixin.py:188} INFO - [2026-03-13T22:59:41.339+0100] {dagbag.py:545} INFO - Filling up the DagBag from /Users/harshasogala/financial-data-platform/venv/lib/python3.12/site-packages/airflow/example_dags/example_task_group.py
[2026-03-13T22:59:41.345+0100] {processor.py:840} INFO - DAG(s) 'example_task_group' retrieved from /Users/harshasogala/financial-data-platform/venv/lib/python3.12/site-packages/airflow/example_dags/example_task_group.py
[2026-03-13T22:59:41.400+0100] {logging_mixin.py:188} INFO - [2026-03-13T22:59:41.400+0100] {dag.py:3089} INFO - Sync 1 DAGs
[2026-03-13T22:59:41.408+0100] {logging_mixin.py:188} INFO - [2026-03-13T22:59:41.408+0100] {dag.py:3947} INFO - Setting next_dagrun for example_task_group to 2026-03-12 00:00:00+00:00, run_after=2026-03-13 00:00:00+00:00
[2026-03-13T22:59:41.420+0100] {processor.py:183} INFO - Processing /Users/harshasogala/financial-data-platform/venv/lib/python3.12/site-packages/airflow/example_dags/example_task_group.py took 0.084 seconds
[2026-03-13T23:01:01.169+0100] {processor.py:161} INFO - Started process (PID=72852) to work on /Users/harshasogala/financial-data-platform/venv/lib/python3.12/site-packages/airflow/example_dags/example_task_group.py
[2026-03-13T23:01:01.170+0100] {processor.py:830} INFO - Processing file /Users/harshasogala/financial-data-platform/venv/lib/python3.12/site-packages/airflow/example_dags/example_task_group.py for tasks to queue
[2026-03-13T23:01:01.170+0100] {logging_mixin.py:188} INFO - [2026-03-13T23:01:01.170+0100] {dagbag.py:545} INFO - Filling up the DagBag from /Users/harshasogala/financial-data-platform/venv/lib/python3.12/site-packages/airflow/example_dags/example_task_group.py
[2026-03-13T23:01:01.175+0100] {processor.py:840} INFO - DAG(s) 'example_task_group' retrieved from /Users/harshasogala/financial-data-platform/venv/lib/python3.12/site-packages/airflow/example_dags/example_task_group.py
[2026-03-13T23:01:01.230+0100] {logging_mixin.py:188} INFO - [2026-03-13T23:01:01.230+0100] {dag.py:3089} INFO - Sync 1 DAGs
[2026-03-13T23:01:01.239+0100] {logging_mixin.py:188} INFO - [2026-03-13T23:01:01.239+0100] {dag.py:3947} INFO - Setting next_dagrun for example_task_group to 2026-03-12 00:00:00+00:00, run_after=2026-03-13 00:00:00+00:00
[2026-03-13T23:01:01.250+0100] {processor.py:183} INFO - Processing /Users/harshasogala/financial-data-platform/venv/lib/python3.12/site-packages/airflow/example_dags/example_task_group.py took 0.083 seconds
[2026-03-13T23:02:19.739+0100] {processor.py:161} INFO - Started process (PID=72912) to work on /Users/harshasogala/financial-data-platform/venv/lib/python3.12/site-packages/airflow/example_dags/example_task_group.py
[2026-03-13T23:02:19.740+0100] {processor.py:830} INFO - Processing file /Users/harshasogala/financial-data-platform/venv/lib/python3.12/site-packages/airflow/example_dags/example_task_group.py for tasks to queue
[2026-03-13T23:02:19.740+0100] {logging_mixin.py:188} INFO - [2026-03-13T23:02:19.740+0100] {dagbag.py:545} INFO - Filling up the DagBag from /Users/harshasogala/financial-data-platform/venv/lib/python3.12/site-packages/airflow/example_dags/example_task_group.py
[2026-03-13T23:02:19.746+0100] {processor.py:840} INFO - DAG(s) 'example_task_group' retrieved from /Users/harshasogala/financial-data-platform/venv/lib/python3.12/site-packages/airflow/example_dags/example_task_group.py
[2026-03-13T23:02:19.801+0100] {logging_mixin.py:188} INFO - [2026-03-13T23:02:19.801+0100] {dag.py:3089} INFO - Sync 1 DAGs
[2026-03-13T23:02:19.810+0100] {logging_mixin.py:188} INFO - [2026-03-13T23:02:19.809+0100] {dag.py:3947} INFO - Setting next_dagrun for example_task_group to 2026-03-12 00:00:00+00:00, run_after=2026-03-13 00:00:00+00:00
[2026-03-13T23:02:19.821+0100] {processor.py:183} INFO - Processing /Users/harshasogala/financial-data-platform/venv/lib/python3.12/site-packages/airflow/example_dags/example_task_group.py took 0.084 seconds
[2026-03-13T23:03:39.761+0100] {processor.py:161} INFO - Started process (PID=72973) to work on /Users/harshasogala/financial-data-platform/venv/lib/python3.12/site-packages/airflow/example_dags/example_task_group.py
[2026-03-13T23:03:39.762+0100] {processor.py:830} INFO - Processing file /Users/harshasogala/financial-data-platform/venv/lib/python3.12/site-packages/airflow/example_dags/example_task_group.py for tasks to queue
[2026-03-13T23:03:39.762+0100] {logging_mixin.py:188} INFO - [2026-03-13T23:03:39.762+0100] {dagbag.py:545} INFO - Filling up the DagBag from /Users/harshasogala/financial-data-platform/venv/lib/python3.12/site-packages/airflow/example_dags/example_task_group.py
[2026-03-13T23:03:39.768+0100] {processor.py:840} INFO - DAG(s) 'example_task_group' retrieved from /Users/harshasogala/financial-data-platform/venv/lib/python3.12/site-packages/airflow/example_dags/example_task_group.py
[2026-03-13T23:03:39.823+0100] {logging_mixin.py:188} INFO - [2026-03-13T23:03:39.823+0100] {dag.py:3089} INFO - Sync 1 DAGs
[2026-03-13T23:03:39.832+0100] {logging_mixin.py:188} INFO - [2026-03-13T23:03:39.831+0100] {dag.py:3947} INFO - Setting next_dagrun for example_task_group to 2026-03-12 00:00:00+00:00, run_after=2026-03-13 00:00:00+00:00
[2026-03-13T23:03:39.843+0100] {processor.py:183} INFO - Processing /Users/harshasogala/financial-data-platform/venv/lib/python3.12/site-packages/airflow/example_dags/example_task_group.py took 0.083 seconds
[2026-03-13T23:04:56.334+0100] {processor.py:161} INFO - Started process (PID=73031) to work on /Users/harshasogala/financial-data-platform/venv/lib/python3.12/site-packages/airflow/example_dags/example_task_group.py
[2026-03-13T23:04:56.335+0100] {processor.py:830} INFO - Processing file /Users/harshasogala/financial-data-platform/venv/lib/python3.12/site-packages/airflow/example_dags/example_task_group.py for tasks to queue
[2026-03-13T23:04:56.335+0100] {logging_mixin.py:188} INFO - [2026-03-13T23:04:56.335+0100] {dagbag.py:545} INFO - Filling up the DagBag from /Users/harshasogala/financial-data-platform/venv/lib/python3.12/site-packages/airflow/example_dags/example_task_group.py
[2026-03-13T23:04:56.340+0100] {processor.py:840} INFO - DAG(s) 'example_task_group' retrieved from /Users/harshasogala/financial-data-platform/venv/lib/python3.12/site-packages/airflow/example_dags/example_task_group.py
[2026-03-13T23:04:56.395+0100] {logging_mixin.py:188} INFO - [2026-03-13T23:04:56.395+0100] {dag.py:3089} INFO - Sync 1 DAGs
[2026-03-13T23:04:56.405+0100] {logging_mixin.py:188} INFO - [2026-03-13T23:04:56.405+0100] {dag.py:3947} INFO - Setting next_dagrun for example_task_group to 2026-03-12 00:00:00+00:00, run_after=2026-03-13 00:00:00+00:00
[2026-03-13T23:04:56.416+0100] {processor.py:183} INFO - Processing /Users/harshasogala/financial-data-platform/venv/lib/python3.12/site-packages/airflow/example_dags/example_task_group.py took 0.083 seconds
[2026-03-13T23:06:12.319+0100] {processor.py:161} INFO - Started process (PID=73097) to work on /Users/harshasogala/financial-data-platform/venv/lib/python3.12/site-packages/airflow/example_dags/example_task_group.py
[2026-03-13T23:06:12.320+0100] {processor.py:830} INFO - Processing file /Users/harshasogala/financial-data-platform/venv/lib/python3.12/site-packages/airflow/example_dags/example_task_group.py for tasks to queue
[2026-03-13T23:06:12.321+0100] {logging_mixin.py:188} INFO - [2026-03-13T23:06:12.321+0100] {dagbag.py:545} INFO - Filling up the DagBag from /Users/harshasogala/financial-data-platform/venv/lib/python3.12/site-packages/airflow/example_dags/example_task_group.py
[2026-03-13T23:06:12.327+0100] {processor.py:840} INFO - DAG(s) 'example_task_group' retrieved from /Users/harshasogala/financial-data-platform/venv/lib/python3.12/site-packages/airflow/example_dags/example_task_group.py
[2026-03-13T23:06:12.385+0100] {logging_mixin.py:188} INFO - [2026-03-13T23:06:12.385+0100] {dag.py:3089} INFO - Sync 1 DAGs
[2026-03-13T23:06:12.395+0100] {logging_mixin.py:188} INFO - [2026-03-13T23:06:12.394+0100] {dag.py:3947} INFO - Setting next_dagrun for example_task_group to 2026-03-12 00:00:00+00:00, run_after=2026-03-13 00:00:00+00:00
[2026-03-13T23:06:12.407+0100] {processor.py:183} INFO - Processing /Users/harshasogala/financial-data-platform/venv/lib/python3.12/site-packages/airflow/example_dags/example_task_group.py took 0.090 seconds
[2026-03-13T23:07:37.063+0100] {processor.py:161} INFO - Started process (PID=73166) to work on /Users/harshasogala/financial-data-platform/venv/lib/python3.12/site-packages/airflow/example_dags/example_task_group.py
[2026-03-13T23:07:37.064+0100] {processor.py:830} INFO - Processing file /Users/harshasogala/financial-data-platform/venv/lib/python3.12/site-packages/airflow/example_dags/example_task_group.py for tasks to queue
[2026-03-13T23:07:37.064+0100] {logging_mixin.py:188} INFO - [2026-03-13T23:07:37.064+0100] {dagbag.py:545} INFO - Filling up the DagBag from /Users/harshasogala/financial-data-platform/venv/lib/python3.12/site-packages/airflow/example_dags/example_task_group.py
[2026-03-13T23:07:37.070+0100] {processor.py:840} INFO - DAG(s) 'example_task_group' retrieved from /Users/harshasogala/financial-data-platform/venv/lib/python3.12/site-packages/airflow/example_dags/example_task_group.py
[2026-03-13T23:07:37.128+0100] {logging_mixin.py:188} INFO - [2026-03-13T23:07:37.128+0100] {dag.py:3089} INFO - Sync 1 DAGs
[2026-03-13T23:07:37.137+0100] {logging_mixin.py:188} INFO - [2026-03-13T23:07:37.137+0100] {dag.py:3947} INFO - Setting next_dagrun for example_task_group to 2026-03-12 00:00:00+00:00, run_after=2026-03-13 00:00:00+00:00
[2026-03-13T23:07:37.148+0100] {processor.py:183} INFO - Processing /Users/harshasogala/financial-data-platform/venv/lib/python3.12/site-packages/airflow/example_dags/example_task_group.py took 0.088 seconds
[2026-03-13T23:08:51.371+0100] {processor.py:161} INFO - Started process (PID=73226) to work on /Users/harshasogala/financial-data-platform/venv/lib/python3.12/site-packages/airflow/example_dags/example_task_group.py
[2026-03-13T23:08:51.372+0100] {processor.py:830} INFO - Processing file /Users/harshasogala/financial-data-platform/venv/lib/python3.12/site-packages/airflow/example_dags/example_task_group.py for tasks to queue
[2026-03-13T23:08:51.372+0100] {logging_mixin.py:188} INFO - [2026-03-13T23:08:51.372+0100] {dagbag.py:545} INFO - Filling up the DagBag from /Users/harshasogala/financial-data-platform/venv/lib/python3.12/site-packages/airflow/example_dags/example_task_group.py
[2026-03-13T23:08:51.377+0100] {processor.py:840} INFO - DAG(s) 'example_task_group' retrieved from /Users/harshasogala/financial-data-platform/venv/lib/python3.12/site-packages/airflow/example_dags/example_task_group.py
[2026-03-13T23:08:51.433+0100] {logging_mixin.py:188} INFO - [2026-03-13T23:08:51.433+0100] {dag.py:3089} INFO - Sync 1 DAGs
[2026-03-13T23:08:51.443+0100] {logging_mixin.py:188} INFO - [2026-03-13T23:08:51.443+0100] {dag.py:3947} INFO - Setting next_dagrun for example_task_group to 2026-03-12 00:00:00+00:00, run_after=2026-03-13 00:00:00+00:00
[2026-03-13T23:08:51.456+0100] {processor.py:183} INFO - Processing /Users/harshasogala/financial-data-platform/venv/lib/python3.12/site-packages/airflow/example_dags/example_task_group.py took 0.086 seconds
[2026-03-13T23:10:03.253+0100] {processor.py:161} INFO - Started process (PID=73282) to work on /Users/harshasogala/financial-data-platform/venv/lib/python3.12/site-packages/airflow/example_dags/example_task_group.py
[2026-03-13T23:10:03.255+0100] {processor.py:830} INFO - Processing file /Users/harshasogala/financial-data-platform/venv/lib/python3.12/site-packages/airflow/example_dags/example_task_group.py for tasks to queue
[2026-03-13T23:10:03.255+0100] {logging_mixin.py:188} INFO - [2026-03-13T23:10:03.255+0100] {dagbag.py:545} INFO - Filling up the DagBag from /Users/harshasogala/financial-data-platform/venv/lib/python3.12/site-packages/airflow/example_dags/example_task_group.py
[2026-03-13T23:10:03.261+0100] {processor.py:840} INFO - DAG(s) 'example_task_group' retrieved from /Users/harshasogala/financial-data-platform/venv/lib/python3.12/site-packages/airflow/example_dags/example_task_group.py
[2026-03-13T23:10:03.316+0100] {logging_mixin.py:188} INFO - [2026-03-13T23:10:03.315+0100] {dag.py:3089} INFO - Sync 1 DAGs
[2026-03-13T23:10:03.324+0100] {logging_mixin.py:188} INFO - [2026-03-13T23:10:03.324+0100] {dag.py:3947} INFO - Setting next_dagrun for example_task_group to 2026-03-12 00:00:00+00:00, run_after=2026-03-13 00:00:00+00:00
[2026-03-13T23:10:03.337+0100] {processor.py:183} INFO - Processing /Users/harshasogala/financial-data-platform/venv/lib/python3.12/site-packages/airflow/example_dags/example_task_group.py took 0.086 seconds
[2026-03-13T23:11:16.698+0100] {processor.py:161} INFO - Started process (PID=73345) to work on /Users/harshasogala/financial-data-platform/venv/lib/python3.12/site-packages/airflow/example_dags/example_task_group.py
[2026-03-13T23:11:16.699+0100] {processor.py:830} INFO - Processing file /Users/harshasogala/financial-data-platform/venv/lib/python3.12/site-packages/airflow/example_dags/example_task_group.py for tasks to queue
[2026-03-13T23:11:16.699+0100] {logging_mixin.py:188} INFO - [2026-03-13T23:11:16.699+0100] {dagbag.py:545} INFO - Filling up the DagBag from /Users/harshasogala/financial-data-platform/venv/lib/python3.12/site-packages/airflow/example_dags/example_task_group.py
[2026-03-13T23:11:16.704+0100] {processor.py:840} INFO - DAG(s) 'example_task_group' retrieved from /Users/harshasogala/financial-data-platform/venv/lib/python3.12/site-packages/airflow/example_dags/example_task_group.py
[2026-03-13T23:11:16.760+0100] {logging_mixin.py:188} INFO - [2026-03-13T23:11:16.760+0100] {dag.py:3089} INFO - Sync 1 DAGs
[2026-03-13T23:11:16.771+0100] {logging_mixin.py:188} INFO - [2026-03-13T23:11:16.771+0100] {dag.py:3947} INFO - Setting next_dagrun for example_task_group to 2026-03-12 00:00:00+00:00, run_after=2026-03-13 00:00:00+00:00
[2026-03-13T23:11:16.785+0100] {processor.py:183} INFO - Processing /Users/harshasogala/financial-data-platform/venv/lib/python3.12/site-packages/airflow/example_dags/example_task_group.py took 0.089 seconds
[2026-03-13T23:12:30.293+0100] {processor.py:161} INFO - Started process (PID=73409) to work on /Users/harshasogala/financial-data-platform/venv/lib/python3.12/site-packages/airflow/example_dags/example_task_group.py
[2026-03-13T23:12:30.294+0100] {processor.py:830} INFO - Processing file /Users/harshasogala/financial-data-platform/venv/lib/python3.12/site-packages/airflow/example_dags/example_task_group.py for tasks to queue
[2026-03-13T23:12:30.294+0100] {logging_mixin.py:188} INFO - [2026-03-13T23:12:30.294+0100] {dagbag.py:545} INFO - Filling up the DagBag from /Users/harshasogala/financial-data-platform/venv/lib/python3.12/site-packages/airflow/example_dags/example_task_group.py
[2026-03-13T23:12:30.300+0100] {processor.py:840} INFO - DAG(s) 'example_task_group' retrieved from /Users/harshasogala/financial-data-platform/venv/lib/python3.12/site-packages/airflow/example_dags/example_task_group.py
[2026-03-13T23:12:30.364+0100] {logging_mixin.py:188} INFO - [2026-03-13T23:12:30.363+0100] {dag.py:3089} INFO - Sync 1 DAGs
[2026-03-13T23:12:30.373+0100] {logging_mixin.py:188} INFO - [2026-03-13T23:12:30.373+0100] {dag.py:3947} INFO - Setting next_dagrun for example_task_group to 2026-03-12 00:00:00+00:00, run_after=2026-03-13 00:00:00+00:00
[2026-03-13T23:12:30.386+0100] {processor.py:183} INFO - Processing /Users/harshasogala/financial-data-platform/venv/lib/python3.12/site-packages/airflow/example_dags/example_task_group.py took 0.095 seconds
[2026-03-13T23:13:46.787+0100] {processor.py:161} INFO - Started process (PID=73469) to work on /Users/harshasogala/financial-data-platform/venv/lib/python3.12/site-packages/airflow/example_dags/example_task_group.py
[2026-03-13T23:13:46.788+0100] {processor.py:830} INFO - Processing file /Users/harshasogala/financial-data-platform/venv/lib/python3.12/site-packages/airflow/example_dags/example_task_group.py for tasks to queue
[2026-03-13T23:13:46.789+0100] {logging_mixin.py:188} INFO - [2026-03-13T23:13:46.789+0100] {dagbag.py:545} INFO - Filling up the DagBag from /Users/harshasogala/financial-data-platform/venv/lib/python3.12/site-packages/airflow/example_dags/example_task_group.py
[2026-03-13T23:13:46.794+0100] {processor.py:840} INFO - DAG(s) 'example_task_group' retrieved from /Users/harshasogala/financial-data-platform/venv/lib/python3.12/site-packages/airflow/example_dags/example_task_group.py
[2026-03-13T23:13:46.849+0100] {logging_mixin.py:188} INFO - [2026-03-13T23:13:46.849+0100] {dag.py:3089} INFO - Sync 1 DAGs
[2026-03-13T23:13:46.858+0100] {logging_mixin.py:188} INFO - [2026-03-13T23:13:46.858+0100] {dag.py:3947} INFO - Setting next_dagrun for example_task_group to 2026-03-12 00:00:00+00:00, run_after=2026-03-13 00:00:00+00:00
[2026-03-13T23:13:46.869+0100] {processor.py:183} INFO - Processing /Users/harshasogala/financial-data-platform/venv/lib/python3.12/site-packages/airflow/example_dags/example_task_group.py took 0.084 seconds
[2026-03-13T23:15:00.528+0100] {processor.py:161} INFO - Started process (PID=73529) to work on /Users/harshasogala/financial-data-platform/venv/lib/python3.12/site-packages/airflow/example_dags/example_task_group.py
[2026-03-13T23:15:00.530+0100] {processor.py:830} INFO - Processing file /Users/harshasogala/financial-data-platform/venv/lib/python3.12/site-packages/airflow/example_dags/example_task_group.py for tasks to queue
[2026-03-13T23:15:00.530+0100] {logging_mixin.py:188} INFO - [2026-03-13T23:15:00.530+0100] {dagbag.py:545} INFO - Filling up the DagBag from /Users/harshasogala/financial-data-platform/venv/lib/python3.12/site-packages/airflow/example_dags/example_task_group.py
[2026-03-13T23:15:00.535+0100] {processor.py:840} INFO - DAG(s) 'example_task_group' retrieved from /Users/harshasogala/financial-data-platform/venv/lib/python3.12/site-packages/airflow/example_dags/example_task_group.py
[2026-03-13T23:15:00.590+0100] {logging_mixin.py:188} INFO - [2026-03-13T23:15:00.590+0100] {dag.py:3089} INFO - Sync 1 DAGs
[2026-03-13T23:15:00.599+0100] {logging_mixin.py:188} INFO - [2026-03-13T23:15:00.599+0100] {dag.py:3947} INFO - Setting next_dagrun for example_task_group to 2026-03-12 00:00:00+00:00, run_after=2026-03-13 00:00:00+00:00
[2026-03-13T23:15:00.612+0100] {processor.py:183} INFO - Processing /Users/harshasogala/financial-data-platform/venv/lib/python3.12/site-packages/airflow/example_dags/example_task_group.py took 0.086 seconds
[2026-03-13T23:16:14.440+0100] {processor.py:161} INFO - Started process (PID=73590) to work on /Users/harshasogala/financial-data-platform/venv/lib/python3.12/site-packages/airflow/example_dags/example_task_group.py
[2026-03-13T23:16:14.442+0100] {processor.py:830} INFO - Processing file /Users/harshasogala/financial-data-platform/venv/lib/python3.12/site-packages/airflow/example_dags/example_task_group.py for tasks to queue
[2026-03-13T23:16:14.442+0100] {logging_mixin.py:188} INFO - [2026-03-13T23:16:14.442+0100] {dagbag.py:545} INFO - Filling up the DagBag from /Users/harshasogala/financial-data-platform/venv/lib/python3.12/site-packages/airflow/example_dags/example_task_group.py
[2026-03-13T23:16:14.449+0100] {processor.py:840} INFO - DAG(s) 'example_task_group' retrieved from /Users/harshasogala/financial-data-platform/venv/lib/python3.12/site-packages/airflow/example_dags/example_task_group.py
[2026-03-13T23:16:14.505+0100] {logging_mixin.py:188} INFO - [2026-03-13T23:16:14.505+0100] {dag.py:3089} INFO - Sync 1 DAGs
[2026-03-13T23:16:14.514+0100] {logging_mixin.py:188} INFO - [2026-03-13T23:16:14.514+0100] {dag.py:3947} INFO - Setting next_dagrun for example_task_group to 2026-03-12 00:00:00+00:00, run_after=2026-03-13 00:00:00+00:00
[2026-03-13T23:16:14.526+0100] {processor.py:183} INFO - Processing /Users/harshasogala/financial-data-platform/venv/lib/python3.12/site-packages/airflow/example_dags/example_task_group.py took 0.088 seconds
[2026-03-13T23:17:32.193+0100] {processor.py:161} INFO - Started process (PID=73660) to work on /Users/harshasogala/financial-data-platform/venv/lib/python3.12/site-packages/airflow/example_dags/example_task_group.py
[2026-03-13T23:17:32.194+0100] {processor.py:830} INFO - Processing file /Users/harshasogala/financial-data-platform/venv/lib/python3.12/site-packages/airflow/example_dags/example_task_group.py for tasks to queue
[2026-03-13T23:17:32.194+0100] {logging_mixin.py:188} INFO - [2026-03-13T23:17:32.194+0100] {dagbag.py:545} INFO - Filling up the DagBag from /Users/harshasogala/financial-data-platform/venv/lib/python3.12/site-packages/airflow/example_dags/example_task_group.py
[2026-03-13T23:17:32.200+0100] {processor.py:840} INFO - DAG(s) 'example_task_group' retrieved from /Users/harshasogala/financial-data-platform/venv/lib/python3.12/site-packages/airflow/example_dags/example_task_group.py
[2026-03-13T23:17:32.256+0100] {logging_mixin.py:188} INFO - [2026-03-13T23:17:32.255+0100] {dag.py:3089} INFO - Sync 1 DAGs
[2026-03-13T23:17:32.264+0100] {logging_mixin.py:188} INFO - [2026-03-13T23:17:32.264+0100] {dag.py:3947} INFO - Setting next_dagrun for example_task_group to 2026-03-12 00:00:00+00:00, run_after=2026-03-13 00:00:00+00:00
[2026-03-13T23:17:32.276+0100] {processor.py:183} INFO - Processing /Users/harshasogala/financial-data-platform/venv/lib/python3.12/site-packages/airflow/example_dags/example_task_group.py took 0.086 seconds
[2026-03-13T23:18:48.144+0100] {processor.py:161} INFO - Started process (PID=73721) to work on /Users/harshasogala/financial-data-platform/venv/lib/python3.12/site-packages/airflow/example_dags/example_task_group.py
[2026-03-13T23:18:48.146+0100] {processor.py:830} INFO - Processing file /Users/harshasogala/financial-data-platform/venv/lib/python3.12/site-packages/airflow/example_dags/example_task_group.py for tasks to queue
[2026-03-13T23:18:48.146+0100] {logging_mixin.py:188} INFO - [2026-03-13T23:18:48.146+0100] {dagbag.py:545} INFO - Filling up the DagBag from /Users/harshasogala/financial-data-platform/venv/lib/python3.12/site-packages/airflow/example_dags/example_task_group.py
[2026-03-13T23:18:48.151+0100] {processor.py:840} INFO - DAG(s) 'example_task_group' retrieved from /Users/harshasogala/financial-data-platform/venv/lib/python3.12/site-packages/airflow/example_dags/example_task_group.py
[2026-03-13T23:18:48.206+0100] {logging_mixin.py:188} INFO - [2026-03-13T23:18:48.205+0100] {dag.py:3089} INFO - Sync 1 DAGs
[2026-03-13T23:18:48.214+0100] {logging_mixin.py:188} INFO - [2026-03-13T23:18:48.214+0100] {dag.py:3947} INFO - Setting next_dagrun for example_task_group to 2026-03-12 00:00:00+00:00, run_after=2026-03-13 00:00:00+00:00
[2026-03-13T23:18:48.226+0100] {processor.py:183} INFO - Processing /Users/harshasogala/financial-data-platform/venv/lib/python3.12/site-packages/airflow/example_dags/example_task_group.py took 0.083 seconds
[2026-03-13T23:20:05.496+0100] {processor.py:161} INFO - Started process (PID=73786) to work on /Users/harshasogala/financial-data-platform/venv/lib/python3.12/site-packages/airflow/example_dags/example_task_group.py
[2026-03-13T23:20:05.497+0100] {processor.py:830} INFO - Processing file /Users/harshasogala/financial-data-platform/venv/lib/python3.12/site-packages/airflow/example_dags/example_task_group.py for tasks to queue
[2026-03-13T23:20:05.497+0100] {logging_mixin.py:188} INFO - [2026-03-13T23:20:05.497+0100] {dagbag.py:545} INFO - Filling up the DagBag from /Users/harshasogala/financial-data-platform/venv/lib/python3.12/site-packages/airflow/example_dags/example_task_group.py
[2026-03-13T23:20:05.503+0100] {processor.py:840} INFO - DAG(s) 'example_task_group' retrieved from /Users/harshasogala/financial-data-platform/venv/lib/python3.12/site-packages/airflow/example_dags/example_task_group.py
[2026-03-13T23:20:05.563+0100] {logging_mixin.py:188} INFO - [2026-03-13T23:20:05.562+0100] {dag.py:3089} INFO - Sync 1 DAGs
[2026-03-13T23:20:05.573+0100] {logging_mixin.py:188} INFO - [2026-03-13T23:20:05.573+0100] {dag.py:3947} INFO - Setting next_dagrun for example_task_group to 2026-03-12 00:00:00+00:00, run_after=2026-03-13 00:00:00+00:00
[2026-03-13T23:20:05.588+0100] {processor.py:183} INFO - Processing /Users/harshasogala/financial-data-platform/venv/lib/python3.12/site-packages/airflow/example_dags/example_task_group.py took 0.095 seconds
[2026-03-13T23:21:20.788+0100] {processor.py:161} INFO - Started process (PID=73867) to work on /Users/harshasogala/financial-data-platform/venv/lib/python3.12/site-packages/airflow/example_dags/example_task_group.py
[2026-03-13T23:21:20.789+0100] {processor.py:830} INFO - Processing file /Users/harshasogala/financial-data-platform/venv/lib/python3.12/site-packages/airflow/example_dags/example_task_group.py for tasks to queue
[2026-03-13T23:21:20.789+0100] {logging_mixin.py:188} INFO - [2026-03-13T23:21:20.789+0100] {dagbag.py:545} INFO - Filling up the DagBag from /Users/harshasogala/financial-data-platform/venv/lib/python3.12/site-packages/airflow/example_dags/example_task_group.py
[2026-03-13T23:21:20.795+0100] {processor.py:840} INFO - DAG(s) 'example_task_group' retrieved from /Users/harshasogala/financial-data-platform/venv/lib/python3.12/site-packages/airflow/example_dags/example_task_group.py
[2026-03-13T23:21:20.849+0100] {logging_mixin.py:188} INFO - [2026-03-13T23:21:20.849+0100] {dag.py:3089} INFO - Sync 1 DAGs
[2026-03-13T23:21:20.858+0100] {logging_mixin.py:188} INFO - [2026-03-13T23:21:20.858+0100] {dag.py:3947} INFO - Setting next_dagrun for example_task_group to 2026-03-12 00:00:00+00:00, run_after=2026-03-13 00:00:00+00:00
[2026-03-13T23:21:20.871+0100] {processor.py:183} INFO - Processing /Users/harshasogala/financial-data-platform/venv/lib/python3.12/site-packages/airflow/example_dags/example_task_group.py took 0.085 seconds
[2026-03-13T23:22:33.619+0100] {processor.py:161} INFO - Started process (PID=73927) to work on /Users/harshasogala/financial-data-platform/venv/lib/python3.12/site-packages/airflow/example_dags/example_task_group.py
[2026-03-13T23:22:33.621+0100] {processor.py:830} INFO - Processing file /Users/harshasogala/financial-data-platform/venv/lib/python3.12/site-packages/airflow/example_dags/example_task_group.py for tasks to queue
[2026-03-13T23:22:33.621+0100] {logging_mixin.py:188} INFO - [2026-03-13T23:22:33.621+0100] {dagbag.py:545} INFO - Filling up the DagBag from /Users/harshasogala/financial-data-platform/venv/lib/python3.12/site-packages/airflow/example_dags/example_task_group.py
[2026-03-13T23:22:33.626+0100] {processor.py:840} INFO - DAG(s) 'example_task_group' retrieved from /Users/harshasogala/financial-data-platform/venv/lib/python3.12/site-packages/airflow/example_dags/example_task_group.py
[2026-03-13T23:22:33.681+0100] {logging_mixin.py:188} INFO - [2026-03-13T23:22:33.681+0100] {dag.py:3089} INFO - Sync 1 DAGs
[2026-03-13T23:22:33.690+0100] {logging_mixin.py:188} INFO - [2026-03-13T23:22:33.690+0100] {dag.py:3947} INFO - Setting next_dagrun for example_task_group to 2026-03-12 00:00:00+00:00, run_after=2026-03-13 00:00:00+00:00
[2026-03-13T23:22:33.702+0100] {processor.py:183} INFO - Processing /Users/harshasogala/financial-data-platform/venv/lib/python3.12/site-packages/airflow/example_dags/example_task_group.py took 0.084 seconds
[2026-03-13T23:23:48.873+0100] {processor.py:161} INFO - Started process (PID=73991) to work on /Users/harshasogala/financial-data-platform/venv/lib/python3.12/site-packages/airflow/example_dags/example_task_group.py
[2026-03-13T23:23:48.874+0100] {processor.py:830} INFO - Processing file /Users/harshasogala/financial-data-platform/venv/lib/python3.12/site-packages/airflow/example_dags/example_task_group.py for tasks to queue
[2026-03-13T23:23:48.874+0100] {logging_mixin.py:188} INFO - [2026-03-13T23:23:48.874+0100] {dagbag.py:545} INFO - Filling up the DagBag from /Users/harshasogala/financial-data-platform/venv/lib/python3.12/site-packages/airflow/example_dags/example_task_group.py
[2026-03-13T23:23:48.880+0100] {processor.py:840} INFO - DAG(s) 'example_task_group' retrieved from /Users/harshasogala/financial-data-platform/venv/lib/python3.12/site-packages/airflow/example_dags/example_task_group.py
[2026-03-13T23:23:48.935+0100] {logging_mixin.py:188} INFO - [2026-03-13T23:23:48.935+0100] {dag.py:3089} INFO - Sync 1 DAGs
[2026-03-13T23:23:48.943+0100] {logging_mixin.py:188} INFO - [2026-03-13T23:23:48.943+0100] {dag.py:3947} INFO - Setting next_dagrun for example_task_group to 2026-03-12 00:00:00+00:00, run_after=2026-03-13 00:00:00+00:00
[2026-03-13T23:23:48.955+0100] {processor.py:183} INFO - Processing /Users/harshasogala/financial-data-platform/venv/lib/python3.12/site-packages/airflow/example_dags/example_task_group.py took 0.084 seconds
[2026-03-13T23:25:05.724+0100] {processor.py:161} INFO - Started process (PID=74051) to work on /Users/harshasogala/financial-data-platform/venv/lib/python3.12/site-packages/airflow/example_dags/example_task_group.py
[2026-03-13T23:25:05.725+0100] {processor.py:830} INFO - Processing file /Users/harshasogala/financial-data-platform/venv/lib/python3.12/site-packages/airflow/example_dags/example_task_group.py for tasks to queue
[2026-03-13T23:25:05.725+0100] {logging_mixin.py:188} INFO - [2026-03-13T23:25:05.725+0100] {dagbag.py:545} INFO - Filling up the DagBag from /Users/harshasogala/financial-data-platform/venv/lib/python3.12/site-packages/airflow/example_dags/example_task_group.py
[2026-03-13T23:25:05.731+0100] {processor.py:840} INFO - DAG(s) 'example_task_group' retrieved from /Users/harshasogala/financial-data-platform/venv/lib/python3.12/site-packages/airflow/example_dags/example_task_group.py
[2026-03-13T23:25:05.786+0100] {logging_mixin.py:188} INFO - [2026-03-13T23:25:05.785+0100] {dag.py:3089} INFO - Sync 1 DAGs
[2026-03-13T23:25:05.794+0100] {logging_mixin.py:188} INFO - [2026-03-13T23:25:05.794+0100] {dag.py:3947} INFO - Setting next_dagrun for example_task_group to 2026-03-12 00:00:00+00:00, run_after=2026-03-13 00:00:00+00:00
[2026-03-13T23:25:05.806+0100] {processor.py:183} INFO - Processing /Users/harshasogala/financial-data-platform/venv/lib/python3.12/site-packages/airflow/example_dags/example_task_group.py took 0.083 seconds
[2026-03-13T23:26:22.302+0100] {processor.py:161} INFO - Started process (PID=74109) to work on /Users/harshasogala/financial-data-platform/venv/lib/python3.12/site-packages/airflow/example_dags/example_task_group.py
[2026-03-13T23:26:22.303+0100] {processor.py:830} INFO - Processing file /Users/harshasogala/financial-data-platform/venv/lib/python3.12/site-packages/airflow/example_dags/example_task_group.py for tasks to queue
[2026-03-13T23:26:22.304+0100] {logging_mixin.py:188} INFO - [2026-03-13T23:26:22.304+0100] {dagbag.py:545} INFO - Filling up the DagBag from /Users/harshasogala/financial-data-platform/venv/lib/python3.12/site-packages/airflow/example_dags/example_task_group.py
[2026-03-13T23:26:22.309+0100] {processor.py:840} INFO - DAG(s) 'example_task_group' retrieved from /Users/harshasogala/financial-data-platform/venv/lib/python3.12/site-packages/airflow/example_dags/example_task_group.py
[2026-03-13T23:26:22.365+0100] {logging_mixin.py:188} INFO - [2026-03-13T23:26:22.364+0100] {dag.py:3089} INFO - Sync 1 DAGs
[2026-03-13T23:26:22.373+0100] {logging_mixin.py:188} INFO - [2026-03-13T23:26:22.373+0100] {dag.py:3947} INFO - Setting next_dagrun for example_task_group to 2026-03-12 00:00:00+00:00, run_after=2026-03-13 00:00:00+00:00
[2026-03-13T23:26:22.387+0100] {processor.py:183} INFO - Processing /Users/harshasogala/financial-data-platform/venv/lib/python3.12/site-packages/airflow/example_dags/example_task_group.py took 0.086 seconds
[2026-03-13T23:27:40.181+0100] {processor.py:161} INFO - Started process (PID=74191) to work on /Users/harshasogala/financial-data-platform/venv/lib/python3.12/site-packages/airflow/example_dags/example_task_group.py
[2026-03-13T23:27:40.181+0100] {processor.py:830} INFO - Processing file /Users/harshasogala/financial-data-platform/venv/lib/python3.12/site-packages/airflow/example_dags/example_task_group.py for tasks to queue
[2026-03-13T23:27:40.182+0100] {logging_mixin.py:188} INFO - [2026-03-13T23:27:40.182+0100] {dagbag.py:545} INFO - Filling up the DagBag from /Users/harshasogala/financial-data-platform/venv/lib/python3.12/site-packages/airflow/example_dags/example_task_group.py
[2026-03-13T23:27:40.187+0100] {processor.py:840} INFO - DAG(s) 'example_task_group' retrieved from /Users/harshasogala/financial-data-platform/venv/lib/python3.12/site-packages/airflow/example_dags/example_task_group.py
[2026-03-13T23:27:40.243+0100] {logging_mixin.py:188} INFO - [2026-03-13T23:27:40.243+0100] {dag.py:3089} INFO - Sync 1 DAGs
[2026-03-13T23:27:40.252+0100] {logging_mixin.py:188} INFO - [2026-03-13T23:27:40.252+0100] {dag.py:3947} INFO - Setting next_dagrun for example_task_group to 2026-03-12 00:00:00+00:00, run_after=2026-03-13 00:00:00+00:00
[2026-03-13T23:27:40.263+0100] {processor.py:183} INFO - Processing /Users/harshasogala/financial-data-platform/venv/lib/python3.12/site-packages/airflow/example_dags/example_task_group.py took 0.084 seconds
[2026-03-13T23:28:58.325+0100] {processor.py:161} INFO - Started process (PID=74272) to work on /Users/harshasogala/financial-data-platform/venv/lib/python3.12/site-packages/airflow/example_dags/example_task_group.py
[2026-03-13T23:28:58.326+0100] {processor.py:830} INFO - Processing file /Users/harshasogala/financial-data-platform/venv/lib/python3.12/site-packages/airflow/example_dags/example_task_group.py for tasks to queue
[2026-03-13T23:28:58.327+0100] {logging_mixin.py:188} INFO - [2026-03-13T23:28:58.327+0100] {dagbag.py:545} INFO - Filling up the DagBag from /Users/harshasogala/financial-data-platform/venv/lib/python3.12/site-packages/airflow/example_dags/example_task_group.py
[2026-03-13T23:28:58.332+0100] {processor.py:840} INFO - DAG(s) 'example_task_group' retrieved from /Users/harshasogala/financial-data-platform/venv/lib/python3.12/site-packages/airflow/example_dags/example_task_group.py
[2026-03-13T23:28:58.388+0100] {logging_mixin.py:188} INFO - [2026-03-13T23:28:58.387+0100] {dag.py:3089} INFO - Sync 1 DAGs
[2026-03-13T23:28:58.396+0100] {logging_mixin.py:188} INFO - [2026-03-13T23:28:58.396+0100] {dag.py:3947} INFO - Setting next_dagrun for example_task_group to 2026-03-12 00:00:00+00:00, run_after=2026-03-13 00:00:00+00:00
[2026-03-13T23:28:58.410+0100] {processor.py:183} INFO - Processing /Users/harshasogala/financial-data-platform/venv/lib/python3.12/site-packages/airflow/example_dags/example_task_group.py took 0.086 seconds
[2026-03-13T23:30:11.953+0100] {processor.py:161} INFO - Started process (PID=74330) to work on /Users/harshasogala/financial-data-platform/venv/lib/python3.12/site-packages/airflow/example_dags/example_task_group.py
[2026-03-13T23:30:11.954+0100] {processor.py:830} INFO - Processing file /Users/harshasogala/financial-data-platform/venv/lib/python3.12/site-packages/airflow/example_dags/example_task_group.py for tasks to queue
[2026-03-13T23:30:11.955+0100] {logging_mixin.py:188} INFO - [2026-03-13T23:30:11.955+0100] {dagbag.py:545} INFO - Filling up the DagBag from /Users/harshasogala/financial-data-platform/venv/lib/python3.12/site-packages/airflow/example_dags/example_task_group.py
[2026-03-13T23:30:11.960+0100] {processor.py:840} INFO - DAG(s) 'example_task_group' retrieved from /Users/harshasogala/financial-data-platform/venv/lib/python3.12/site-packages/airflow/example_dags/example_task_group.py
[2026-03-13T23:30:12.017+0100] {logging_mixin.py:188} INFO - [2026-03-13T23:30:12.016+0100] {dag.py:3089} INFO - Sync 1 DAGs
[2026-03-13T23:30:12.026+0100] {logging_mixin.py:188} INFO - [2026-03-13T23:30:12.025+0100] {dag.py:3947} INFO - Setting next_dagrun for example_task_group to 2026-03-12 00:00:00+00:00, run_after=2026-03-13 00:00:00+00:00
[2026-03-13T23:30:12.039+0100] {processor.py:183} INFO - Processing /Users/harshasogala/financial-data-platform/venv/lib/python3.12/site-packages/airflow/example_dags/example_task_group.py took 0.088 seconds
[2026-03-13T23:31:31.591+0100] {processor.py:161} INFO - Started process (PID=74636) to work on /Users/harshasogala/financial-data-platform/venv/lib/python3.12/site-packages/airflow/example_dags/example_task_group.py
[2026-03-13T23:31:31.593+0100] {processor.py:830} INFO - Processing file /Users/harshasogala/financial-data-platform/venv/lib/python3.12/site-packages/airflow/example_dags/example_task_group.py for tasks to queue
[2026-03-13T23:31:31.593+0100] {logging_mixin.py:188} INFO - [2026-03-13T23:31:31.593+0100] {dagbag.py:545} INFO - Filling up the DagBag from /Users/harshasogala/financial-data-platform/venv/lib/python3.12/site-packages/airflow/example_dags/example_task_group.py
[2026-03-13T23:31:31.599+0100] {processor.py:840} INFO - DAG(s) 'example_task_group' retrieved from /Users/harshasogala/financial-data-platform/venv/lib/python3.12/site-packages/airflow/example_dags/example_task_group.py
[2026-03-13T23:31:31.654+0100] {logging_mixin.py:188} INFO - [2026-03-13T23:31:31.654+0100] {dag.py:3089} INFO - Sync 1 DAGs
[2026-03-13T23:31:31.663+0100] {logging_mixin.py:188} INFO - [2026-03-13T23:31:31.663+0100] {dag.py:3947} INFO - Setting next_dagrun for example_task_group to 2026-03-12 00:00:00+00:00, run_after=2026-03-13 00:00:00+00:00
[2026-03-13T23:31:31.675+0100] {processor.py:183} INFO - Processing /Users/harshasogala/financial-data-platform/venv/lib/python3.12/site-packages/airflow/example_dags/example_task_group.py took 0.086 seconds
[2026-03-13T23:32:48.132+0100] {processor.py:161} INFO - Started process (PID=74972) to work on /Users/harshasogala/financial-data-platform/venv/lib/python3.12/site-packages/airflow/example_dags/example_task_group.py
[2026-03-13T23:32:48.133+0100] {processor.py:830} INFO - Processing file /Users/harshasogala/financial-data-platform/venv/lib/python3.12/site-packages/airflow/example_dags/example_task_group.py for tasks to queue
[2026-03-13T23:32:48.134+0100] {logging_mixin.py:188} INFO - [2026-03-13T23:32:48.134+0100] {dagbag.py:545} INFO - Filling up the DagBag from /Users/harshasogala/financial-data-platform/venv/lib/python3.12/site-packages/airflow/example_dags/example_task_group.py
[2026-03-13T23:32:48.139+0100] {processor.py:840} INFO - DAG(s) 'example_task_group' retrieved from /Users/harshasogala/financial-data-platform/venv/lib/python3.12/site-packages/airflow/example_dags/example_task_group.py
[2026-03-13T23:32:48.194+0100] {logging_mixin.py:188} INFO - [2026-03-13T23:32:48.194+0100] {dag.py:3089} INFO - Sync 1 DAGs
[2026-03-13T23:32:48.203+0100] {logging_mixin.py:188} INFO - [2026-03-13T23:32:48.203+0100] {dag.py:3947} INFO - Setting next_dagrun for example_task_group to 2026-03-12 00:00:00+00:00, run_after=2026-03-13 00:00:00+00:00
[2026-03-13T23:32:48.216+0100] {processor.py:183} INFO - Processing /Users/harshasogala/financial-data-platform/venv/lib/python3.12/site-packages/airflow/example_dags/example_task_group.py took 0.085 seconds
