[2026-03-13T22:18:18.886+0100] {processor.py:161} INFO - Started process (PID=66006) to work on /Users/harshasogala/financial-data-platform/venv/lib/python3.12/site-packages/airflow/example_dags/example_sla_dag.py
[2026-03-13T22:18:18.886+0100] {processor.py:830} INFO - Processing file /Users/harshasogala/financial-data-platform/venv/lib/python3.12/site-packages/airflow/example_dags/example_sla_dag.py for tasks to queue
[2026-03-13T22:18:18.887+0100] {logging_mixin.py:188} INFO - [2026-03-13T22:18:18.887+0100] {dagbag.py:545} INFO - Filling up the DagBag from /Users/harshasogala/financial-data-platform/venv/lib/python3.12/site-packages/airflow/example_dags/example_sla_dag.py
[2026-03-13T22:18:18.911+0100] {processor.py:840} INFO - DAG(s) 'example_sla_dag' retrieved from /Users/harshasogala/financial-data-platform/venv/lib/python3.12/site-packages/airflow/example_dags/example_sla_dag.py
[2026-03-13T22:18:19.012+0100] {logging_mixin.py:188} INFO - [2026-03-13T22:18:19.011+0100] {override.py:1858} INFO - Created Permission View: can read on DAG:example_sla_dag
[2026-03-13T22:18:19.017+0100] {logging_mixin.py:188} INFO - [2026-03-13T22:18:19.017+0100] {override.py:1858} INFO - Created Permission View: can delete on DAG:example_sla_dag
[2026-03-13T22:18:19.020+0100] {logging_mixin.py:188} INFO - [2026-03-13T22:18:19.020+0100] {override.py:1858} INFO - Created Permission View: can edit on DAG:example_sla_dag
[2026-03-13T22:18:19.021+0100] {logging_mixin.py:188} INFO - [2026-03-13T22:18:19.020+0100] {dag.py:3089} INFO - Sync 1 DAGs
[2026-03-13T22:18:19.026+0100] {logging_mixin.py:188} INFO - [2026-03-13T22:18:19.026+0100] {dag.py:3111} INFO - Creating ORM DAG for example_sla_dag
[2026-03-13T22:18:19.032+0100] {logging_mixin.py:188} INFO - [2026-03-13T22:18:19.032+0100] {dag.py:3947} INFO - Setting next_dagrun for example_sla_dag to 2026-03-13 21:16:00+00:00, run_after=2026-03-13 21:18:00+00:00
[2026-03-13T22:18:19.079+0100] {processor.py:183} INFO - Processing /Users/harshasogala/financial-data-platform/venv/lib/python3.12/site-packages/airflow/example_dags/example_sla_dag.py took 0.195 seconds
[2026-03-13T22:20:07.327+0100] {processor.py:161} INFO - Started process (PID=66081) to work on /Users/harshasogala/financial-data-platform/venv/lib/python3.12/site-packages/airflow/example_dags/example_sla_dag.py
[2026-03-13T22:20:07.329+0100] {processor.py:830} INFO - Processing file /Users/harshasogala/financial-data-platform/venv/lib/python3.12/site-packages/airflow/example_dags/example_sla_dag.py for tasks to queue
[2026-03-13T22:20:07.329+0100] {logging_mixin.py:188} INFO - [2026-03-13T22:20:07.329+0100] {dagbag.py:545} INFO - Filling up the DagBag from /Users/harshasogala/financial-data-platform/venv/lib/python3.12/site-packages/airflow/example_dags/example_sla_dag.py
[2026-03-13T22:20:07.355+0100] {processor.py:840} INFO - DAG(s) 'example_sla_dag' retrieved from /Users/harshasogala/financial-data-platform/venv/lib/python3.12/site-packages/airflow/example_dags/example_sla_dag.py
[2026-03-13T22:20:07.414+0100] {logging_mixin.py:188} INFO - [2026-03-13T22:20:07.413+0100] {dag.py:3089} INFO - Sync 1 DAGs
[2026-03-13T22:20:07.425+0100] {logging_mixin.py:188} INFO - [2026-03-13T22:20:07.425+0100] {dag.py:3947} INFO - Setting next_dagrun for example_sla_dag to 2026-03-13 21:18:00+00:00, run_after=2026-03-13 21:20:00+00:00
[2026-03-13T22:20:07.435+0100] {processor.py:183} INFO - Processing /Users/harshasogala/financial-data-platform/venv/lib/python3.12/site-packages/airflow/example_dags/example_sla_dag.py took 0.110 seconds
[2026-03-13T22:21:25.800+0100] {processor.py:161} INFO - Started process (PID=66162) to work on /Users/harshasogala/financial-data-platform/venv/lib/python3.12/site-packages/airflow/example_dags/example_sla_dag.py
[2026-03-13T22:21:25.801+0100] {processor.py:830} INFO - Processing file /Users/harshasogala/financial-data-platform/venv/lib/python3.12/site-packages/airflow/example_dags/example_sla_dag.py for tasks to queue
[2026-03-13T22:21:25.802+0100] {logging_mixin.py:188} INFO - [2026-03-13T22:21:25.802+0100] {dagbag.py:545} INFO - Filling up the DagBag from /Users/harshasogala/financial-data-platform/venv/lib/python3.12/site-packages/airflow/example_dags/example_sla_dag.py
[2026-03-13T22:21:25.826+0100] {processor.py:840} INFO - DAG(s) 'example_sla_dag' retrieved from /Users/harshasogala/financial-data-platform/venv/lib/python3.12/site-packages/airflow/example_dags/example_sla_dag.py
[2026-03-13T22:21:25.878+0100] {logging_mixin.py:188} INFO - [2026-03-13T22:21:25.878+0100] {dag.py:3089} INFO - Sync 1 DAGs
[2026-03-13T22:21:25.889+0100] {logging_mixin.py:188} INFO - [2026-03-13T22:21:25.889+0100] {dag.py:3947} INFO - Setting next_dagrun for example_sla_dag to 2026-03-13 21:18:00+00:00, run_after=2026-03-13 21:20:00+00:00
[2026-03-13T22:21:25.899+0100] {processor.py:183} INFO - Processing /Users/harshasogala/financial-data-platform/venv/lib/python3.12/site-packages/airflow/example_dags/example_sla_dag.py took 0.101 seconds
[2026-03-13T22:28:18.214+0100] {processor.py:161} INFO - Started process (PID=67314) to work on /Users/harshasogala/financial-data-platform/venv/lib/python3.12/site-packages/airflow/example_dags/example_sla_dag.py
[2026-03-13T22:28:18.215+0100] {processor.py:830} INFO - Processing file /Users/harshasogala/financial-data-platform/venv/lib/python3.12/site-packages/airflow/example_dags/example_sla_dag.py for tasks to queue
[2026-03-13T22:28:18.215+0100] {logging_mixin.py:188} INFO - [2026-03-13T22:28:18.215+0100] {dagbag.py:545} INFO - Filling up the DagBag from /Users/harshasogala/financial-data-platform/venv/lib/python3.12/site-packages/airflow/example_dags/example_sla_dag.py
[2026-03-13T22:28:18.238+0100] {processor.py:840} INFO - DAG(s) 'example_sla_dag' retrieved from /Users/harshasogala/financial-data-platform/venv/lib/python3.12/site-packages/airflow/example_dags/example_sla_dag.py
[2026-03-13T22:28:18.291+0100] {logging_mixin.py:188} INFO - [2026-03-13T22:28:18.291+0100] {dag.py:3089} INFO - Sync 1 DAGs
[2026-03-13T22:28:18.302+0100] {logging_mixin.py:188} INFO - [2026-03-13T22:28:18.302+0100] {dag.py:3947} INFO - Setting next_dagrun for example_sla_dag to 2026-03-13 21:26:00+00:00, run_after=2026-03-13 21:28:00+00:00
[2026-03-13T22:28:18.313+0100] {processor.py:183} INFO - Processing /Users/harshasogala/financial-data-platform/venv/lib/python3.12/site-packages/airflow/example_dags/example_sla_dag.py took 0.101 seconds
[2026-03-13T22:29:17.083+0100] {processor.py:161} INFO - Started process (PID=67374) to work on /Users/harshasogala/financial-data-platform/venv/lib/python3.12/site-packages/airflow/example_dags/example_sla_dag.py
[2026-03-13T22:29:17.084+0100] {processor.py:830} INFO - Processing file /Users/harshasogala/financial-data-platform/venv/lib/python3.12/site-packages/airflow/example_dags/example_sla_dag.py for tasks to queue
[2026-03-13T22:29:17.085+0100] {logging_mixin.py:188} INFO - [2026-03-13T22:29:17.085+0100] {dagbag.py:545} INFO - Filling up the DagBag from /Users/harshasogala/financial-data-platform/venv/lib/python3.12/site-packages/airflow/example_dags/example_sla_dag.py
[2026-03-13T22:29:17.110+0100] {processor.py:840} INFO - DAG(s) 'example_sla_dag' retrieved from /Users/harshasogala/financial-data-platform/venv/lib/python3.12/site-packages/airflow/example_dags/example_sla_dag.py
[2026-03-13T22:29:17.165+0100] {logging_mixin.py:188} INFO - [2026-03-13T22:29:17.165+0100] {dag.py:3089} INFO - Sync 1 DAGs
[2026-03-13T22:29:17.177+0100] {logging_mixin.py:188} INFO - [2026-03-13T22:29:17.177+0100] {dag.py:3947} INFO - Setting next_dagrun for example_sla_dag to 2026-03-13 21:26:00+00:00, run_after=2026-03-13 21:28:00+00:00
[2026-03-13T22:29:17.188+0100] {processor.py:183} INFO - Processing /Users/harshasogala/financial-data-platform/venv/lib/python3.12/site-packages/airflow/example_dags/example_sla_dag.py took 0.107 seconds
[2026-03-13T22:30:23.322+0100] {processor.py:161} INFO - Started process (PID=67509) to work on /Users/harshasogala/financial-data-platform/venv/lib/python3.12/site-packages/airflow/example_dags/example_sla_dag.py
[2026-03-13T22:30:23.322+0100] {processor.py:830} INFO - Processing file /Users/harshasogala/financial-data-platform/venv/lib/python3.12/site-packages/airflow/example_dags/example_sla_dag.py for tasks to queue
[2026-03-13T22:30:23.323+0100] {logging_mixin.py:188} INFO - [2026-03-13T22:30:23.323+0100] {dagbag.py:545} INFO - Filling up the DagBag from /Users/harshasogala/financial-data-platform/venv/lib/python3.12/site-packages/airflow/example_dags/example_sla_dag.py
[2026-03-13T22:30:23.346+0100] {processor.py:840} INFO - DAG(s) 'example_sla_dag' retrieved from /Users/harshasogala/financial-data-platform/venv/lib/python3.12/site-packages/airflow/example_dags/example_sla_dag.py
[2026-03-13T22:30:23.398+0100] {logging_mixin.py:188} INFO - [2026-03-13T22:30:23.398+0100] {dag.py:3089} INFO - Sync 1 DAGs
[2026-03-13T22:30:23.411+0100] {logging_mixin.py:188} INFO - [2026-03-13T22:30:23.410+0100] {dag.py:3947} INFO - Setting next_dagrun for example_sla_dag to 2026-03-13 21:28:00+00:00, run_after=2026-03-13 21:30:00+00:00
[2026-03-13T22:30:23.421+0100] {processor.py:183} INFO - Processing /Users/harshasogala/financial-data-platform/venv/lib/python3.12/site-packages/airflow/example_dags/example_sla_dag.py took 0.101 seconds
[2026-03-13T22:31:37.246+0100] {processor.py:161} INFO - Started process (PID=68232) to work on /Users/harshasogala/financial-data-platform/venv/lib/python3.12/site-packages/airflow/example_dags/example_sla_dag.py
[2026-03-13T22:31:37.247+0100] {processor.py:830} INFO - Processing file /Users/harshasogala/financial-data-platform/venv/lib/python3.12/site-packages/airflow/example_dags/example_sla_dag.py for tasks to queue
[2026-03-13T22:31:37.247+0100] {logging_mixin.py:188} INFO - [2026-03-13T22:31:37.247+0100] {dagbag.py:545} INFO - Filling up the DagBag from /Users/harshasogala/financial-data-platform/venv/lib/python3.12/site-packages/airflow/example_dags/example_sla_dag.py
[2026-03-13T22:31:37.272+0100] {processor.py:840} INFO - DAG(s) 'example_sla_dag' retrieved from /Users/harshasogala/financial-data-platform/venv/lib/python3.12/site-packages/airflow/example_dags/example_sla_dag.py
[2026-03-13T22:31:37.326+0100] {logging_mixin.py:188} INFO - [2026-03-13T22:31:37.326+0100] {dag.py:3089} INFO - Sync 1 DAGs
[2026-03-13T22:31:37.372+0100] {logging_mixin.py:188} INFO - [2026-03-13T22:31:37.372+0100] {dag.py:3947} INFO - Setting next_dagrun for example_sla_dag to 2026-03-13 21:28:00+00:00, run_after=2026-03-13 21:30:00+00:00
[2026-03-13T22:31:37.382+0100] {processor.py:183} INFO - Processing /Users/harshasogala/financial-data-platform/venv/lib/python3.12/site-packages/airflow/example_dags/example_sla_dag.py took 0.139 seconds
[2026-03-13T22:32:57.824+0100] {processor.py:161} INFO - Started process (PID=68838) to work on /Users/harshasogala/financial-data-platform/venv/lib/python3.12/site-packages/airflow/example_dags/example_sla_dag.py
[2026-03-13T22:32:57.826+0100] {processor.py:830} INFO - Processing file /Users/harshasogala/financial-data-platform/venv/lib/python3.12/site-packages/airflow/example_dags/example_sla_dag.py for tasks to queue
[2026-03-13T22:32:57.826+0100] {logging_mixin.py:188} INFO - [2026-03-13T22:32:57.826+0100] {dagbag.py:545} INFO - Filling up the DagBag from /Users/harshasogala/financial-data-platform/venv/lib/python3.12/site-packages/airflow/example_dags/example_sla_dag.py
[2026-03-13T22:32:57.850+0100] {processor.py:840} INFO - DAG(s) 'example_sla_dag' retrieved from /Users/harshasogala/financial-data-platform/venv/lib/python3.12/site-packages/airflow/example_dags/example_sla_dag.py
[2026-03-13T22:32:57.906+0100] {logging_mixin.py:188} INFO - [2026-03-13T22:32:57.906+0100] {dag.py:3089} INFO - Sync 1 DAGs
[2026-03-13T22:32:57.952+0100] {logging_mixin.py:188} INFO - [2026-03-13T22:32:57.952+0100] {dag.py:3947} INFO - Setting next_dagrun for example_sla_dag to 2026-03-13 21:30:00+00:00, run_after=2026-03-13 21:32:00+00:00
[2026-03-13T22:32:57.962+0100] {processor.py:183} INFO - Processing /Users/harshasogala/financial-data-platform/venv/lib/python3.12/site-packages/airflow/example_dags/example_sla_dag.py took 0.140 seconds
[2026-03-13T22:34:19.087+0100] {processor.py:161} INFO - Started process (PID=69181) to work on /Users/harshasogala/financial-data-platform/venv/lib/python3.12/site-packages/airflow/example_dags/example_sla_dag.py
[2026-03-13T22:34:19.088+0100] {processor.py:830} INFO - Processing file /Users/harshasogala/financial-data-platform/venv/lib/python3.12/site-packages/airflow/example_dags/example_sla_dag.py for tasks to queue
[2026-03-13T22:34:19.088+0100] {logging_mixin.py:188} INFO - [2026-03-13T22:34:19.088+0100] {dagbag.py:545} INFO - Filling up the DagBag from /Users/harshasogala/financial-data-platform/venv/lib/python3.12/site-packages/airflow/example_dags/example_sla_dag.py
[2026-03-13T22:34:19.112+0100] {processor.py:840} INFO - DAG(s) 'example_sla_dag' retrieved from /Users/harshasogala/financial-data-platform/venv/lib/python3.12/site-packages/airflow/example_dags/example_sla_dag.py
[2026-03-13T22:34:19.166+0100] {logging_mixin.py:188} INFO - [2026-03-13T22:34:19.165+0100] {dag.py:3089} INFO - Sync 1 DAGs
[2026-03-13T22:34:19.214+0100] {logging_mixin.py:188} INFO - [2026-03-13T22:34:19.214+0100] {dag.py:3947} INFO - Setting next_dagrun for example_sla_dag to 2026-03-13 21:32:00+00:00, run_after=2026-03-13 21:34:00+00:00
[2026-03-13T22:34:19.225+0100] {processor.py:183} INFO - Processing /Users/harshasogala/financial-data-platform/venv/lib/python3.12/site-packages/airflow/example_dags/example_sla_dag.py took 0.140 seconds
[2026-03-13T22:35:34.653+0100] {processor.py:161} INFO - Started process (PID=69242) to work on /Users/harshasogala/financial-data-platform/venv/lib/python3.12/site-packages/airflow/example_dags/example_sla_dag.py
[2026-03-13T22:35:34.655+0100] {processor.py:830} INFO - Processing file /Users/harshasogala/financial-data-platform/venv/lib/python3.12/site-packages/airflow/example_dags/example_sla_dag.py for tasks to queue
[2026-03-13T22:35:34.655+0100] {logging_mixin.py:188} INFO - [2026-03-13T22:35:34.655+0100] {dagbag.py:545} INFO - Filling up the DagBag from /Users/harshasogala/financial-data-platform/venv/lib/python3.12/site-packages/airflow/example_dags/example_sla_dag.py
[2026-03-13T22:35:34.679+0100] {processor.py:840} INFO - DAG(s) 'example_sla_dag' retrieved from /Users/harshasogala/financial-data-platform/venv/lib/python3.12/site-packages/airflow/example_dags/example_sla_dag.py
[2026-03-13T22:35:34.731+0100] {logging_mixin.py:188} INFO - [2026-03-13T22:35:34.731+0100] {dag.py:3089} INFO - Sync 1 DAGs
[2026-03-13T22:35:34.776+0100] {logging_mixin.py:188} INFO - [2026-03-13T22:35:34.776+0100] {dag.py:3947} INFO - Setting next_dagrun for example_sla_dag to 2026-03-13 21:32:00+00:00, run_after=2026-03-13 21:34:00+00:00
[2026-03-13T22:35:34.786+0100] {processor.py:183} INFO - Processing /Users/harshasogala/financial-data-platform/venv/lib/python3.12/site-packages/airflow/example_dags/example_sla_dag.py took 0.134 seconds
[2026-03-13T22:36:48.564+0100] {processor.py:161} INFO - Started process (PID=69320) to work on /Users/harshasogala/financial-data-platform/venv/lib/python3.12/site-packages/airflow/example_dags/example_sla_dag.py
[2026-03-13T22:36:48.565+0100] {processor.py:830} INFO - Processing file /Users/harshasogala/financial-data-platform/venv/lib/python3.12/site-packages/airflow/example_dags/example_sla_dag.py for tasks to queue
[2026-03-13T22:36:48.566+0100] {logging_mixin.py:188} INFO - [2026-03-13T22:36:48.566+0100] {dagbag.py:545} INFO - Filling up the DagBag from /Users/harshasogala/financial-data-platform/venv/lib/python3.12/site-packages/airflow/example_dags/example_sla_dag.py
[2026-03-13T22:36:48.589+0100] {processor.py:840} INFO - DAG(s) 'example_sla_dag' retrieved from /Users/harshasogala/financial-data-platform/venv/lib/python3.12/site-packages/airflow/example_dags/example_sla_dag.py
[2026-03-13T22:36:48.642+0100] {logging_mixin.py:188} INFO - [2026-03-13T22:36:48.642+0100] {dag.py:3089} INFO - Sync 1 DAGs
[2026-03-13T22:36:48.688+0100] {logging_mixin.py:188} INFO - [2026-03-13T22:36:48.688+0100] {dag.py:3947} INFO - Setting next_dagrun for example_sla_dag to 2026-03-13 21:34:00+00:00, run_after=2026-03-13 21:36:00+00:00
[2026-03-13T22:36:48.699+0100] {processor.py:183} INFO - Processing /Users/harshasogala/financial-data-platform/venv/lib/python3.12/site-packages/airflow/example_dags/example_sla_dag.py took 0.136 seconds
[2026-03-13T22:38:02.312+0100] {processor.py:161} INFO - Started process (PID=69378) to work on /Users/harshasogala/financial-data-platform/venv/lib/python3.12/site-packages/airflow/example_dags/example_sla_dag.py
[2026-03-13T22:38:02.313+0100] {processor.py:830} INFO - Processing file /Users/harshasogala/financial-data-platform/venv/lib/python3.12/site-packages/airflow/example_dags/example_sla_dag.py for tasks to queue
[2026-03-13T22:38:02.314+0100] {logging_mixin.py:188} INFO - [2026-03-13T22:38:02.314+0100] {dagbag.py:545} INFO - Filling up the DagBag from /Users/harshasogala/financial-data-platform/venv/lib/python3.12/site-packages/airflow/example_dags/example_sla_dag.py
[2026-03-13T22:38:02.337+0100] {processor.py:840} INFO - DAG(s) 'example_sla_dag' retrieved from /Users/harshasogala/financial-data-platform/venv/lib/python3.12/site-packages/airflow/example_dags/example_sla_dag.py
[2026-03-13T22:38:02.389+0100] {logging_mixin.py:188} INFO - [2026-03-13T22:38:02.389+0100] {dag.py:3089} INFO - Sync 1 DAGs
[2026-03-13T22:38:02.434+0100] {logging_mixin.py:188} INFO - [2026-03-13T22:38:02.434+0100] {dag.py:3947} INFO - Setting next_dagrun for example_sla_dag to 2026-03-13 21:36:00+00:00, run_after=2026-03-13 21:38:00+00:00
[2026-03-13T22:38:02.444+0100] {processor.py:183} INFO - Processing /Users/harshasogala/financial-data-platform/venv/lib/python3.12/site-packages/airflow/example_dags/example_sla_dag.py took 0.134 seconds
[2026-03-13T22:39:16.695+0100] {processor.py:161} INFO - Started process (PID=69447) to work on /Users/harshasogala/financial-data-platform/venv/lib/python3.12/site-packages/airflow/example_dags/example_sla_dag.py
[2026-03-13T22:39:16.697+0100] {processor.py:830} INFO - Processing file /Users/harshasogala/financial-data-platform/venv/lib/python3.12/site-packages/airflow/example_dags/example_sla_dag.py for tasks to queue
[2026-03-13T22:39:16.697+0100] {logging_mixin.py:188} INFO - [2026-03-13T22:39:16.697+0100] {dagbag.py:545} INFO - Filling up the DagBag from /Users/harshasogala/financial-data-platform/venv/lib/python3.12/site-packages/airflow/example_dags/example_sla_dag.py
[2026-03-13T22:39:16.720+0100] {processor.py:840} INFO - DAG(s) 'example_sla_dag' retrieved from /Users/harshasogala/financial-data-platform/venv/lib/python3.12/site-packages/airflow/example_dags/example_sla_dag.py
[2026-03-13T22:39:16.773+0100] {logging_mixin.py:188} INFO - [2026-03-13T22:39:16.773+0100] {dag.py:3089} INFO - Sync 1 DAGs
[2026-03-13T22:39:16.818+0100] {logging_mixin.py:188} INFO - [2026-03-13T22:39:16.817+0100] {dag.py:3947} INFO - Setting next_dagrun for example_sla_dag to 2026-03-13 21:36:00+00:00, run_after=2026-03-13 21:38:00+00:00
[2026-03-13T22:39:16.828+0100] {processor.py:183} INFO - Processing /Users/harshasogala/financial-data-platform/venv/lib/python3.12/site-packages/airflow/example_dags/example_sla_dag.py took 0.134 seconds
[2026-03-13T22:40:38.403+0100] {processor.py:161} INFO - Started process (PID=69668) to work on /Users/harshasogala/financial-data-platform/venv/lib/python3.12/site-packages/airflow/example_dags/example_sla_dag.py
[2026-03-13T22:40:38.404+0100] {processor.py:830} INFO - Processing file /Users/harshasogala/financial-data-platform/venv/lib/python3.12/site-packages/airflow/example_dags/example_sla_dag.py for tasks to queue
[2026-03-13T22:40:38.404+0100] {logging_mixin.py:188} INFO - [2026-03-13T22:40:38.404+0100] {dagbag.py:545} INFO - Filling up the DagBag from /Users/harshasogala/financial-data-platform/venv/lib/python3.12/site-packages/airflow/example_dags/example_sla_dag.py
[2026-03-13T22:40:38.433+0100] {processor.py:840} INFO - DAG(s) 'example_sla_dag' retrieved from /Users/harshasogala/financial-data-platform/venv/lib/python3.12/site-packages/airflow/example_dags/example_sla_dag.py
[2026-03-13T22:40:38.492+0100] {logging_mixin.py:188} INFO - [2026-03-13T22:40:38.491+0100] {dag.py:3089} INFO - Sync 1 DAGs
[2026-03-13T22:40:38.544+0100] {logging_mixin.py:188} INFO - [2026-03-13T22:40:38.543+0100] {dag.py:3947} INFO - Setting next_dagrun for example_sla_dag to 2026-03-13 21:38:00+00:00, run_after=2026-03-13 21:40:00+00:00
[2026-03-13T22:40:38.555+0100] {processor.py:183} INFO - Processing /Users/harshasogala/financial-data-platform/venv/lib/python3.12/site-packages/airflow/example_dags/example_sla_dag.py took 0.154 seconds
[2026-03-13T22:41:56.374+0100] {processor.py:161} INFO - Started process (PID=69727) to work on /Users/harshasogala/financial-data-platform/venv/lib/python3.12/site-packages/airflow/example_dags/example_sla_dag.py
[2026-03-13T22:41:56.374+0100] {processor.py:830} INFO - Processing file /Users/harshasogala/financial-data-platform/venv/lib/python3.12/site-packages/airflow/example_dags/example_sla_dag.py for tasks to queue
[2026-03-13T22:41:56.375+0100] {logging_mixin.py:188} INFO - [2026-03-13T22:41:56.375+0100] {dagbag.py:545} INFO - Filling up the DagBag from /Users/harshasogala/financial-data-platform/venv/lib/python3.12/site-packages/airflow/example_dags/example_sla_dag.py
[2026-03-13T22:41:56.399+0100] {processor.py:840} INFO - DAG(s) 'example_sla_dag' retrieved from /Users/harshasogala/financial-data-platform/venv/lib/python3.12/site-packages/airflow/example_dags/example_sla_dag.py
[2026-03-13T22:41:56.453+0100] {logging_mixin.py:188} INFO - [2026-03-13T22:41:56.453+0100] {dag.py:3089} INFO - Sync 1 DAGs
[2026-03-13T22:41:56.498+0100] {logging_mixin.py:188} INFO - [2026-03-13T22:41:56.498+0100] {dag.py:3947} INFO - Setting next_dagrun for example_sla_dag to 2026-03-13 21:38:00+00:00, run_after=2026-03-13 21:40:00+00:00
[2026-03-13T22:41:56.508+0100] {processor.py:183} INFO - Processing /Users/harshasogala/financial-data-platform/venv/lib/python3.12/site-packages/airflow/example_dags/example_sla_dag.py took 0.136 seconds
[2026-03-13T22:43:14.408+0100] {processor.py:161} INFO - Started process (PID=69793) to work on /Users/harshasogala/financial-data-platform/venv/lib/python3.12/site-packages/airflow/example_dags/example_sla_dag.py
[2026-03-13T22:43:14.409+0100] {processor.py:830} INFO - Processing file /Users/harshasogala/financial-data-platform/venv/lib/python3.12/site-packages/airflow/example_dags/example_sla_dag.py for tasks to queue
[2026-03-13T22:43:14.410+0100] {logging_mixin.py:188} INFO - [2026-03-13T22:43:14.410+0100] {dagbag.py:545} INFO - Filling up the DagBag from /Users/harshasogala/financial-data-platform/venv/lib/python3.12/site-packages/airflow/example_dags/example_sla_dag.py
[2026-03-13T22:43:14.433+0100] {processor.py:840} INFO - DAG(s) 'example_sla_dag' retrieved from /Users/harshasogala/financial-data-platform/venv/lib/python3.12/site-packages/airflow/example_dags/example_sla_dag.py
[2026-03-13T22:43:14.486+0100] {logging_mixin.py:188} INFO - [2026-03-13T22:43:14.485+0100] {dag.py:3089} INFO - Sync 1 DAGs
[2026-03-13T22:43:14.530+0100] {logging_mixin.py:188} INFO - [2026-03-13T22:43:14.530+0100] {dag.py:3947} INFO - Setting next_dagrun for example_sla_dag to 2026-03-13 21:40:00+00:00, run_after=2026-03-13 21:42:00+00:00
[2026-03-13T22:43:14.540+0100] {processor.py:183} INFO - Processing /Users/harshasogala/financial-data-platform/venv/lib/python3.12/site-packages/airflow/example_dags/example_sla_dag.py took 0.134 seconds
[2026-03-13T22:44:37.052+0100] {processor.py:161} INFO - Started process (PID=70046) to work on /Users/harshasogala/financial-data-platform/venv/lib/python3.12/site-packages/airflow/example_dags/example_sla_dag.py
[2026-03-13T22:44:37.053+0100] {processor.py:830} INFO - Processing file /Users/harshasogala/financial-data-platform/venv/lib/python3.12/site-packages/airflow/example_dags/example_sla_dag.py for tasks to queue
[2026-03-13T22:44:37.054+0100] {logging_mixin.py:188} INFO - [2026-03-13T22:44:37.053+0100] {dagbag.py:545} INFO - Filling up the DagBag from /Users/harshasogala/financial-data-platform/venv/lib/python3.12/site-packages/airflow/example_dags/example_sla_dag.py
[2026-03-13T22:44:37.077+0100] {processor.py:840} INFO - DAG(s) 'example_sla_dag' retrieved from /Users/harshasogala/financial-data-platform/venv/lib/python3.12/site-packages/airflow/example_dags/example_sla_dag.py
[2026-03-13T22:44:37.132+0100] {logging_mixin.py:188} INFO - [2026-03-13T22:44:37.132+0100] {dag.py:3089} INFO - Sync 1 DAGs
[2026-03-13T22:44:37.179+0100] {logging_mixin.py:188} INFO - [2026-03-13T22:44:37.179+0100] {dag.py:3947} INFO - Setting next_dagrun for example_sla_dag to 2026-03-13 21:42:00+00:00, run_after=2026-03-13 21:44:00+00:00
[2026-03-13T22:44:37.190+0100] {processor.py:183} INFO - Processing /Users/harshasogala/financial-data-platform/venv/lib/python3.12/site-packages/airflow/example_dags/example_sla_dag.py took 0.139 seconds
[2026-03-13T22:46:09.594+0100] {processor.py:161} INFO - Started process (PID=70350) to work on /Users/harshasogala/financial-data-platform/venv/lib/python3.12/site-packages/airflow/example_dags/example_sla_dag.py
[2026-03-13T22:46:09.595+0100] {processor.py:830} INFO - Processing file /Users/harshasogala/financial-data-platform/venv/lib/python3.12/site-packages/airflow/example_dags/example_sla_dag.py for tasks to queue
[2026-03-13T22:46:09.595+0100] {logging_mixin.py:188} INFO - [2026-03-13T22:46:09.595+0100] {dagbag.py:545} INFO - Filling up the DagBag from /Users/harshasogala/financial-data-platform/venv/lib/python3.12/site-packages/airflow/example_dags/example_sla_dag.py
[2026-03-13T22:46:09.619+0100] {processor.py:840} INFO - DAG(s) 'example_sla_dag' retrieved from /Users/harshasogala/financial-data-platform/venv/lib/python3.12/site-packages/airflow/example_dags/example_sla_dag.py
[2026-03-13T22:46:09.671+0100] {logging_mixin.py:188} INFO - [2026-03-13T22:46:09.671+0100] {dag.py:3089} INFO - Sync 1 DAGs
[2026-03-13T22:46:09.715+0100] {logging_mixin.py:188} INFO - [2026-03-13T22:46:09.715+0100] {dag.py:3947} INFO - Setting next_dagrun for example_sla_dag to 2026-03-13 21:44:00+00:00, run_after=2026-03-13 21:46:00+00:00
[2026-03-13T22:46:09.726+0100] {processor.py:183} INFO - Processing /Users/harshasogala/financial-data-platform/venv/lib/python3.12/site-packages/airflow/example_dags/example_sla_dag.py took 0.134 seconds
[2026-03-13T22:47:34.426+0100] {processor.py:161} INFO - Started process (PID=71378) to work on /Users/harshasogala/financial-data-platform/venv/lib/python3.12/site-packages/airflow/example_dags/example_sla_dag.py
[2026-03-13T22:47:34.427+0100] {processor.py:830} INFO - Processing file /Users/harshasogala/financial-data-platform/venv/lib/python3.12/site-packages/airflow/example_dags/example_sla_dag.py for tasks to queue
[2026-03-13T22:47:34.427+0100] {logging_mixin.py:188} INFO - [2026-03-13T22:47:34.427+0100] {dagbag.py:545} INFO - Filling up the DagBag from /Users/harshasogala/financial-data-platform/venv/lib/python3.12/site-packages/airflow/example_dags/example_sla_dag.py
[2026-03-13T22:47:34.451+0100] {processor.py:840} INFO - DAG(s) 'example_sla_dag' retrieved from /Users/harshasogala/financial-data-platform/venv/lib/python3.12/site-packages/airflow/example_dags/example_sla_dag.py
[2026-03-13T22:47:34.506+0100] {logging_mixin.py:188} INFO - [2026-03-13T22:47:34.506+0100] {dag.py:3089} INFO - Sync 1 DAGs
[2026-03-13T22:47:34.554+0100] {logging_mixin.py:188} INFO - [2026-03-13T22:47:34.554+0100] {dag.py:3947} INFO - Setting next_dagrun for example_sla_dag to 2026-03-13 21:44:00+00:00, run_after=2026-03-13 21:46:00+00:00
[2026-03-13T22:47:34.566+0100] {processor.py:183} INFO - Processing /Users/harshasogala/financial-data-platform/venv/lib/python3.12/site-packages/airflow/example_dags/example_sla_dag.py took 0.141 seconds
[2026-03-13T22:48:51.562+0100] {processor.py:161} INFO - Started process (PID=71449) to work on /Users/harshasogala/financial-data-platform/venv/lib/python3.12/site-packages/airflow/example_dags/example_sla_dag.py
[2026-03-13T22:48:51.563+0100] {processor.py:830} INFO - Processing file /Users/harshasogala/financial-data-platform/venv/lib/python3.12/site-packages/airflow/example_dags/example_sla_dag.py for tasks to queue
[2026-03-13T22:48:51.564+0100] {logging_mixin.py:188} INFO - [2026-03-13T22:48:51.564+0100] {dagbag.py:545} INFO - Filling up the DagBag from /Users/harshasogala/financial-data-platform/venv/lib/python3.12/site-packages/airflow/example_dags/example_sla_dag.py
[2026-03-13T22:48:51.587+0100] {processor.py:840} INFO - DAG(s) 'example_sla_dag' retrieved from /Users/harshasogala/financial-data-platform/venv/lib/python3.12/site-packages/airflow/example_dags/example_sla_dag.py
[2026-03-13T22:48:51.641+0100] {logging_mixin.py:188} INFO - [2026-03-13T22:48:51.641+0100] {dag.py:3089} INFO - Sync 1 DAGs
[2026-03-13T22:48:51.686+0100] {logging_mixin.py:188} INFO - [2026-03-13T22:48:51.686+0100] {dag.py:3947} INFO - Setting next_dagrun for example_sla_dag to 2026-03-13 21:46:00+00:00, run_after=2026-03-13 21:48:00+00:00
[2026-03-13T22:48:51.696+0100] {processor.py:183} INFO - Processing /Users/harshasogala/financial-data-platform/venv/lib/python3.12/site-packages/airflow/example_dags/example_sla_dag.py took 0.136 seconds
[2026-03-13T22:50:11.872+0100] {processor.py:161} INFO - Started process (PID=71700) to work on /Users/harshasogala/financial-data-platform/venv/lib/python3.12/site-packages/airflow/example_dags/example_sla_dag.py
[2026-03-13T22:50:11.873+0100] {processor.py:830} INFO - Processing file /Users/harshasogala/financial-data-platform/venv/lib/python3.12/site-packages/airflow/example_dags/example_sla_dag.py for tasks to queue
[2026-03-13T22:50:11.873+0100] {logging_mixin.py:188} INFO - [2026-03-13T22:50:11.873+0100] {dagbag.py:545} INFO - Filling up the DagBag from /Users/harshasogala/financial-data-platform/venv/lib/python3.12/site-packages/airflow/example_dags/example_sla_dag.py
[2026-03-13T22:50:11.897+0100] {processor.py:840} INFO - DAG(s) 'example_sla_dag' retrieved from /Users/harshasogala/financial-data-platform/venv/lib/python3.12/site-packages/airflow/example_dags/example_sla_dag.py
[2026-03-13T22:50:11.951+0100] {logging_mixin.py:188} INFO - [2026-03-13T22:50:11.951+0100] {dag.py:3089} INFO - Sync 1 DAGs
[2026-03-13T22:50:11.996+0100] {logging_mixin.py:188} INFO - [2026-03-13T22:50:11.996+0100] {dag.py:3947} INFO - Setting next_dagrun for example_sla_dag to 2026-03-13 21:48:00+00:00, run_after=2026-03-13 21:50:00+00:00
[2026-03-13T22:50:12.006+0100] {processor.py:183} INFO - Processing /Users/harshasogala/financial-data-platform/venv/lib/python3.12/site-packages/airflow/example_dags/example_sla_dag.py took 0.136 seconds
[2026-03-13T22:51:41.317+0100] {processor.py:161} INFO - Started process (PID=72063) to work on /Users/harshasogala/financial-data-platform/venv/lib/python3.12/site-packages/airflow/example_dags/example_sla_dag.py
[2026-03-13T22:51:41.318+0100] {processor.py:830} INFO - Processing file /Users/harshasogala/financial-data-platform/venv/lib/python3.12/site-packages/airflow/example_dags/example_sla_dag.py for tasks to queue
[2026-03-13T22:51:41.319+0100] {logging_mixin.py:188} INFO - [2026-03-13T22:51:41.319+0100] {dagbag.py:545} INFO - Filling up the DagBag from /Users/harshasogala/financial-data-platform/venv/lib/python3.12/site-packages/airflow/example_dags/example_sla_dag.py
[2026-03-13T22:51:41.348+0100] {processor.py:840} INFO - DAG(s) 'example_sla_dag' retrieved from /Users/harshasogala/financial-data-platform/venv/lib/python3.12/site-packages/airflow/example_dags/example_sla_dag.py
[2026-03-13T22:51:41.410+0100] {logging_mixin.py:188} INFO - [2026-03-13T22:51:41.409+0100] {dag.py:3089} INFO - Sync 1 DAGs
[2026-03-13T22:51:41.456+0100] {logging_mixin.py:188} INFO - [2026-03-13T22:51:41.456+0100] {dag.py:3947} INFO - Setting next_dagrun for example_sla_dag to 2026-03-13 21:48:00+00:00, run_after=2026-03-13 21:50:00+00:00
[2026-03-13T22:51:41.467+0100] {processor.py:183} INFO - Processing /Users/harshasogala/financial-data-platform/venv/lib/python3.12/site-packages/airflow/example_dags/example_sla_dag.py took 0.152 seconds
[2026-03-13T22:52:56.534+0100] {processor.py:161} INFO - Started process (PID=72388) to work on /Users/harshasogala/financial-data-platform/venv/lib/python3.12/site-packages/airflow/example_dags/example_sla_dag.py
[2026-03-13T22:52:56.535+0100] {processor.py:830} INFO - Processing file /Users/harshasogala/financial-data-platform/venv/lib/python3.12/site-packages/airflow/example_dags/example_sla_dag.py for tasks to queue
[2026-03-13T22:52:56.535+0100] {logging_mixin.py:188} INFO - [2026-03-13T22:52:56.535+0100] {dagbag.py:545} INFO - Filling up the DagBag from /Users/harshasogala/financial-data-platform/venv/lib/python3.12/site-packages/airflow/example_dags/example_sla_dag.py
[2026-03-13T22:52:56.560+0100] {processor.py:840} INFO - DAG(s) 'example_sla_dag' retrieved from /Users/harshasogala/financial-data-platform/venv/lib/python3.12/site-packages/airflow/example_dags/example_sla_dag.py
[2026-03-13T22:52:56.614+0100] {logging_mixin.py:188} INFO - [2026-03-13T22:52:56.613+0100] {dag.py:3089} INFO - Sync 1 DAGs
[2026-03-13T22:52:56.660+0100] {logging_mixin.py:188} INFO - [2026-03-13T22:52:56.660+0100] {dag.py:3947} INFO - Setting next_dagrun for example_sla_dag to 2026-03-13 21:50:00+00:00, run_after=2026-03-13 21:52:00+00:00
[2026-03-13T22:52:56.671+0100] {processor.py:183} INFO - Processing /Users/harshasogala/financial-data-platform/venv/lib/python3.12/site-packages/airflow/example_dags/example_sla_dag.py took 0.139 seconds
[2026-03-13T22:54:16.446+0100] {processor.py:161} INFO - Started process (PID=72475) to work on /Users/harshasogala/financial-data-platform/venv/lib/python3.12/site-packages/airflow/example_dags/example_sla_dag.py
[2026-03-13T22:54:16.447+0100] {processor.py:830} INFO - Processing file /Users/harshasogala/financial-data-platform/venv/lib/python3.12/site-packages/airflow/example_dags/example_sla_dag.py for tasks to queue
[2026-03-13T22:54:16.447+0100] {logging_mixin.py:188} INFO - [2026-03-13T22:54:16.447+0100] {dagbag.py:545} INFO - Filling up the DagBag from /Users/harshasogala/financial-data-platform/venv/lib/python3.12/site-packages/airflow/example_dags/example_sla_dag.py
[2026-03-13T22:54:16.476+0100] {processor.py:840} INFO - DAG(s) 'example_sla_dag' retrieved from /Users/harshasogala/financial-data-platform/venv/lib/python3.12/site-packages/airflow/example_dags/example_sla_dag.py
[2026-03-13T22:54:16.530+0100] {logging_mixin.py:188} INFO - [2026-03-13T22:54:16.530+0100] {dag.py:3089} INFO - Sync 1 DAGs
[2026-03-13T22:54:16.590+0100] {logging_mixin.py:188} INFO - [2026-03-13T22:54:16.589+0100] {dag.py:3947} INFO - Setting next_dagrun for example_sla_dag to 2026-03-13 21:52:00+00:00, run_after=2026-03-13 21:54:00+00:00
[2026-03-13T22:54:16.602+0100] {processor.py:183} INFO - Processing /Users/harshasogala/financial-data-platform/venv/lib/python3.12/site-packages/airflow/example_dags/example_sla_dag.py took 0.160 seconds
[2026-03-13T22:55:41.851+0100] {processor.py:161} INFO - Started process (PID=72551) to work on /Users/harshasogala/financial-data-platform/venv/lib/python3.12/site-packages/airflow/example_dags/example_sla_dag.py
[2026-03-13T22:55:41.853+0100] {processor.py:830} INFO - Processing file /Users/harshasogala/financial-data-platform/venv/lib/python3.12/site-packages/airflow/example_dags/example_sla_dag.py for tasks to queue
[2026-03-13T22:55:41.853+0100] {logging_mixin.py:188} INFO - [2026-03-13T22:55:41.853+0100] {dagbag.py:545} INFO - Filling up the DagBag from /Users/harshasogala/financial-data-platform/venv/lib/python3.12/site-packages/airflow/example_dags/example_sla_dag.py
[2026-03-13T22:55:41.876+0100] {processor.py:840} INFO - DAG(s) 'example_sla_dag' retrieved from /Users/harshasogala/financial-data-platform/venv/lib/python3.12/site-packages/airflow/example_dags/example_sla_dag.py
[2026-03-13T22:55:41.929+0100] {logging_mixin.py:188} INFO - [2026-03-13T22:55:41.929+0100] {dag.py:3089} INFO - Sync 1 DAGs
[2026-03-13T22:55:41.974+0100] {logging_mixin.py:188} INFO - [2026-03-13T22:55:41.974+0100] {dag.py:3947} INFO - Setting next_dagrun for example_sla_dag to 2026-03-13 21:52:00+00:00, run_after=2026-03-13 21:54:00+00:00
[2026-03-13T22:55:41.984+0100] {processor.py:183} INFO - Processing /Users/harshasogala/financial-data-platform/venv/lib/python3.12/site-packages/airflow/example_dags/example_sla_dag.py took 0.135 seconds
[2026-03-13T22:57:03.666+0100] {processor.py:161} INFO - Started process (PID=72648) to work on /Users/harshasogala/financial-data-platform/venv/lib/python3.12/site-packages/airflow/example_dags/example_sla_dag.py
[2026-03-13T22:57:03.666+0100] {processor.py:830} INFO - Processing file /Users/harshasogala/financial-data-platform/venv/lib/python3.12/site-packages/airflow/example_dags/example_sla_dag.py for tasks to queue
[2026-03-13T22:57:03.667+0100] {logging_mixin.py:188} INFO - [2026-03-13T22:57:03.667+0100] {dagbag.py:545} INFO - Filling up the DagBag from /Users/harshasogala/financial-data-platform/venv/lib/python3.12/site-packages/airflow/example_dags/example_sla_dag.py
[2026-03-13T22:57:03.691+0100] {processor.py:840} INFO - DAG(s) 'example_sla_dag' retrieved from /Users/harshasogala/financial-data-platform/venv/lib/python3.12/site-packages/airflow/example_dags/example_sla_dag.py
[2026-03-13T22:57:03.744+0100] {logging_mixin.py:188} INFO - [2026-03-13T22:57:03.743+0100] {dag.py:3089} INFO - Sync 1 DAGs
[2026-03-13T22:57:03.791+0100] {logging_mixin.py:188} INFO - [2026-03-13T22:57:03.791+0100] {dag.py:3947} INFO - Setting next_dagrun for example_sla_dag to 2026-03-13 21:54:00+00:00, run_after=2026-03-13 21:56:00+00:00
[2026-03-13T22:57:03.802+0100] {processor.py:183} INFO - Processing /Users/harshasogala/financial-data-platform/venv/lib/python3.12/site-packages/airflow/example_dags/example_sla_dag.py took 0.138 seconds
[2026-03-13T22:58:23.538+0100] {processor.py:161} INFO - Started process (PID=72711) to work on /Users/harshasogala/financial-data-platform/venv/lib/python3.12/site-packages/airflow/example_dags/example_sla_dag.py
[2026-03-13T22:58:23.540+0100] {processor.py:830} INFO - Processing file /Users/harshasogala/financial-data-platform/venv/lib/python3.12/site-packages/airflow/example_dags/example_sla_dag.py for tasks to queue
[2026-03-13T22:58:23.540+0100] {logging_mixin.py:188} INFO - [2026-03-13T22:58:23.540+0100] {dagbag.py:545} INFO - Filling up the DagBag from /Users/harshasogala/financial-data-platform/venv/lib/python3.12/site-packages/airflow/example_dags/example_sla_dag.py
[2026-03-13T22:58:23.563+0100] {processor.py:840} INFO - DAG(s) 'example_sla_dag' retrieved from /Users/harshasogala/financial-data-platform/venv/lib/python3.12/site-packages/airflow/example_dags/example_sla_dag.py
[2026-03-13T22:58:23.615+0100] {logging_mixin.py:188} INFO - [2026-03-13T22:58:23.615+0100] {dag.py:3089} INFO - Sync 1 DAGs
[2026-03-13T22:58:23.664+0100] {logging_mixin.py:188} INFO - [2026-03-13T22:58:23.664+0100] {dag.py:3947} INFO - Setting next_dagrun for example_sla_dag to 2026-03-13 21:56:00+00:00, run_after=2026-03-13 21:58:00+00:00
[2026-03-13T22:58:23.677+0100] {processor.py:183} INFO - Processing /Users/harshasogala/financial-data-platform/venv/lib/python3.12/site-packages/airflow/example_dags/example_sla_dag.py took 0.141 seconds
[2026-03-13T22:59:43.912+0100] {processor.py:161} INFO - Started process (PID=72783) to work on /Users/harshasogala/financial-data-platform/venv/lib/python3.12/site-packages/airflow/example_dags/example_sla_dag.py
[2026-03-13T22:59:43.913+0100] {processor.py:830} INFO - Processing file /Users/harshasogala/financial-data-platform/venv/lib/python3.12/site-packages/airflow/example_dags/example_sla_dag.py for tasks to queue
[2026-03-13T22:59:43.914+0100] {logging_mixin.py:188} INFO - [2026-03-13T22:59:43.914+0100] {dagbag.py:545} INFO - Filling up the DagBag from /Users/harshasogala/financial-data-platform/venv/lib/python3.12/site-packages/airflow/example_dags/example_sla_dag.py
[2026-03-13T22:59:43.939+0100] {processor.py:840} INFO - DAG(s) 'example_sla_dag' retrieved from /Users/harshasogala/financial-data-platform/venv/lib/python3.12/site-packages/airflow/example_dags/example_sla_dag.py
[2026-03-13T22:59:43.991+0100] {logging_mixin.py:188} INFO - [2026-03-13T22:59:43.991+0100] {dag.py:3089} INFO - Sync 1 DAGs
[2026-03-13T22:59:44.035+0100] {logging_mixin.py:188} INFO - [2026-03-13T22:59:44.035+0100] {dag.py:3947} INFO - Setting next_dagrun for example_sla_dag to 2026-03-13 21:56:00+00:00, run_after=2026-03-13 21:58:00+00:00
[2026-03-13T22:59:44.045+0100] {processor.py:183} INFO - Processing /Users/harshasogala/financial-data-platform/venv/lib/python3.12/site-packages/airflow/example_dags/example_sla_dag.py took 0.134 seconds
[2026-03-13T23:01:03.916+0100] {processor.py:161} INFO - Started process (PID=72854) to work on /Users/harshasogala/financial-data-platform/venv/lib/python3.12/site-packages/airflow/example_dags/example_sla_dag.py
[2026-03-13T23:01:03.917+0100] {processor.py:830} INFO - Processing file /Users/harshasogala/financial-data-platform/venv/lib/python3.12/site-packages/airflow/example_dags/example_sla_dag.py for tasks to queue
[2026-03-13T23:01:03.917+0100] {logging_mixin.py:188} INFO - [2026-03-13T23:01:03.917+0100] {dagbag.py:545} INFO - Filling up the DagBag from /Users/harshasogala/financial-data-platform/venv/lib/python3.12/site-packages/airflow/example_dags/example_sla_dag.py
[2026-03-13T23:01:03.940+0100] {processor.py:840} INFO - DAG(s) 'example_sla_dag' retrieved from /Users/harshasogala/financial-data-platform/venv/lib/python3.12/site-packages/airflow/example_dags/example_sla_dag.py
[2026-03-13T23:01:03.993+0100] {logging_mixin.py:188} INFO - [2026-03-13T23:01:03.993+0100] {dag.py:3089} INFO - Sync 1 DAGs
[2026-03-13T23:01:04.038+0100] {logging_mixin.py:188} INFO - [2026-03-13T23:01:04.038+0100] {dag.py:3947} INFO - Setting next_dagrun for example_sla_dag to 2026-03-13 21:58:00+00:00, run_after=2026-03-13 22:00:00+00:00
[2026-03-13T23:01:04.048+0100] {processor.py:183} INFO - Processing /Users/harshasogala/financial-data-platform/venv/lib/python3.12/site-packages/airflow/example_dags/example_sla_dag.py took 0.134 seconds
[2026-03-13T23:02:22.319+0100] {processor.py:161} INFO - Started process (PID=72914) to work on /Users/harshasogala/financial-data-platform/venv/lib/python3.12/site-packages/airflow/example_dags/example_sla_dag.py
[2026-03-13T23:02:22.319+0100] {processor.py:830} INFO - Processing file /Users/harshasogala/financial-data-platform/venv/lib/python3.12/site-packages/airflow/example_dags/example_sla_dag.py for tasks to queue
[2026-03-13T23:02:22.320+0100] {logging_mixin.py:188} INFO - [2026-03-13T23:02:22.320+0100] {dagbag.py:545} INFO - Filling up the DagBag from /Users/harshasogala/financial-data-platform/venv/lib/python3.12/site-packages/airflow/example_dags/example_sla_dag.py
[2026-03-13T23:02:22.343+0100] {processor.py:840} INFO - DAG(s) 'example_sla_dag' retrieved from /Users/harshasogala/financial-data-platform/venv/lib/python3.12/site-packages/airflow/example_dags/example_sla_dag.py
[2026-03-13T23:02:22.396+0100] {logging_mixin.py:188} INFO - [2026-03-13T23:02:22.396+0100] {dag.py:3089} INFO - Sync 1 DAGs
[2026-03-13T23:02:22.440+0100] {logging_mixin.py:188} INFO - [2026-03-13T23:02:22.440+0100] {dag.py:3947} INFO - Setting next_dagrun for example_sla_dag to 2026-03-13 22:00:00+00:00, run_after=2026-03-13 22:02:00+00:00
[2026-03-13T23:02:22.450+0100] {processor.py:183} INFO - Processing /Users/harshasogala/financial-data-platform/venv/lib/python3.12/site-packages/airflow/example_dags/example_sla_dag.py took 0.133 seconds
[2026-03-13T23:03:42.337+0100] {processor.py:161} INFO - Started process (PID=72975) to work on /Users/harshasogala/financial-data-platform/venv/lib/python3.12/site-packages/airflow/example_dags/example_sla_dag.py
[2026-03-13T23:03:42.338+0100] {processor.py:830} INFO - Processing file /Users/harshasogala/financial-data-platform/venv/lib/python3.12/site-packages/airflow/example_dags/example_sla_dag.py for tasks to queue
[2026-03-13T23:03:42.339+0100] {logging_mixin.py:188} INFO - [2026-03-13T23:03:42.338+0100] {dagbag.py:545} INFO - Filling up the DagBag from /Users/harshasogala/financial-data-platform/venv/lib/python3.12/site-packages/airflow/example_dags/example_sla_dag.py
[2026-03-13T23:03:42.362+0100] {processor.py:840} INFO - DAG(s) 'example_sla_dag' retrieved from /Users/harshasogala/financial-data-platform/venv/lib/python3.12/site-packages/airflow/example_dags/example_sla_dag.py
[2026-03-13T23:03:42.414+0100] {logging_mixin.py:188} INFO - [2026-03-13T23:03:42.414+0100] {dag.py:3089} INFO - Sync 1 DAGs
[2026-03-13T23:03:42.461+0100] {logging_mixin.py:188} INFO - [2026-03-13T23:03:42.461+0100] {dag.py:3947} INFO - Setting next_dagrun for example_sla_dag to 2026-03-13 22:00:00+00:00, run_after=2026-03-13 22:02:00+00:00
[2026-03-13T23:03:42.471+0100] {processor.py:183} INFO - Processing /Users/harshasogala/financial-data-platform/venv/lib/python3.12/site-packages/airflow/example_dags/example_sla_dag.py took 0.135 seconds
[2026-03-13T23:04:59.095+0100] {processor.py:161} INFO - Started process (PID=73033) to work on /Users/harshasogala/financial-data-platform/venv/lib/python3.12/site-packages/airflow/example_dags/example_sla_dag.py
[2026-03-13T23:04:59.096+0100] {processor.py:830} INFO - Processing file /Users/harshasogala/financial-data-platform/venv/lib/python3.12/site-packages/airflow/example_dags/example_sla_dag.py for tasks to queue
[2026-03-13T23:04:59.096+0100] {logging_mixin.py:188} INFO - [2026-03-13T23:04:59.096+0100] {dagbag.py:545} INFO - Filling up the DagBag from /Users/harshasogala/financial-data-platform/venv/lib/python3.12/site-packages/airflow/example_dags/example_sla_dag.py
[2026-03-13T23:04:59.119+0100] {processor.py:840} INFO - DAG(s) 'example_sla_dag' retrieved from /Users/harshasogala/financial-data-platform/venv/lib/python3.12/site-packages/airflow/example_dags/example_sla_dag.py
[2026-03-13T23:04:59.173+0100] {logging_mixin.py:188} INFO - [2026-03-13T23:04:59.173+0100] {dag.py:3089} INFO - Sync 1 DAGs
[2026-03-13T23:04:59.220+0100] {logging_mixin.py:188} INFO - [2026-03-13T23:04:59.220+0100] {dag.py:3947} INFO - Setting next_dagrun for example_sla_dag to 2026-03-13 22:02:00+00:00, run_after=2026-03-13 22:04:00+00:00
[2026-03-13T23:04:59.231+0100] {processor.py:183} INFO - Processing /Users/harshasogala/financial-data-platform/venv/lib/python3.12/site-packages/airflow/example_dags/example_sla_dag.py took 0.139 seconds
[2026-03-13T23:06:15.355+0100] {processor.py:161} INFO - Started process (PID=73099) to work on /Users/harshasogala/financial-data-platform/venv/lib/python3.12/site-packages/airflow/example_dags/example_sla_dag.py
[2026-03-13T23:06:15.356+0100] {processor.py:830} INFO - Processing file /Users/harshasogala/financial-data-platform/venv/lib/python3.12/site-packages/airflow/example_dags/example_sla_dag.py for tasks to queue
[2026-03-13T23:06:15.356+0100] {logging_mixin.py:188} INFO - [2026-03-13T23:06:15.356+0100] {dagbag.py:545} INFO - Filling up the DagBag from /Users/harshasogala/financial-data-platform/venv/lib/python3.12/site-packages/airflow/example_dags/example_sla_dag.py
[2026-03-13T23:06:15.381+0100] {processor.py:840} INFO - DAG(s) 'example_sla_dag' retrieved from /Users/harshasogala/financial-data-platform/venv/lib/python3.12/site-packages/airflow/example_dags/example_sla_dag.py
[2026-03-13T23:06:15.437+0100] {logging_mixin.py:188} INFO - [2026-03-13T23:06:15.437+0100] {dag.py:3089} INFO - Sync 1 DAGs
[2026-03-13T23:06:15.484+0100] {logging_mixin.py:188} INFO - [2026-03-13T23:06:15.484+0100] {dag.py:3947} INFO - Setting next_dagrun for example_sla_dag to 2026-03-13 22:04:00+00:00, run_after=2026-03-13 22:06:00+00:00
[2026-03-13T23:06:15.498+0100] {processor.py:183} INFO - Processing /Users/harshasogala/financial-data-platform/venv/lib/python3.12/site-packages/airflow/example_dags/example_sla_dag.py took 0.145 seconds
[2026-03-13T23:07:39.829+0100] {processor.py:161} INFO - Started process (PID=73168) to work on /Users/harshasogala/financial-data-platform/venv/lib/python3.12/site-packages/airflow/example_dags/example_sla_dag.py
[2026-03-13T23:07:39.830+0100] {processor.py:830} INFO - Processing file /Users/harshasogala/financial-data-platform/venv/lib/python3.12/site-packages/airflow/example_dags/example_sla_dag.py for tasks to queue
[2026-03-13T23:07:39.830+0100] {logging_mixin.py:188} INFO - [2026-03-13T23:07:39.830+0100] {dagbag.py:545} INFO - Filling up the DagBag from /Users/harshasogala/financial-data-platform/venv/lib/python3.12/site-packages/airflow/example_dags/example_sla_dag.py
[2026-03-13T23:07:39.856+0100] {processor.py:840} INFO - DAG(s) 'example_sla_dag' retrieved from /Users/harshasogala/financial-data-platform/venv/lib/python3.12/site-packages/airflow/example_dags/example_sla_dag.py
[2026-03-13T23:07:39.913+0100] {logging_mixin.py:188} INFO - [2026-03-13T23:07:39.912+0100] {dag.py:3089} INFO - Sync 1 DAGs
[2026-03-13T23:07:39.960+0100] {logging_mixin.py:188} INFO - [2026-03-13T23:07:39.960+0100] {dag.py:3947} INFO - Setting next_dagrun for example_sla_dag to 2026-03-13 22:04:00+00:00, run_after=2026-03-13 22:06:00+00:00
[2026-03-13T23:07:39.970+0100] {processor.py:183} INFO - Processing /Users/harshasogala/financial-data-platform/venv/lib/python3.12/site-packages/airflow/example_dags/example_sla_dag.py took 0.144 seconds
[2026-03-13T23:08:53.931+0100] {processor.py:161} INFO - Started process (PID=73228) to work on /Users/harshasogala/financial-data-platform/venv/lib/python3.12/site-packages/airflow/example_dags/example_sla_dag.py
[2026-03-13T23:08:53.932+0100] {processor.py:830} INFO - Processing file /Users/harshasogala/financial-data-platform/venv/lib/python3.12/site-packages/airflow/example_dags/example_sla_dag.py for tasks to queue
[2026-03-13T23:08:53.932+0100] {logging_mixin.py:188} INFO - [2026-03-13T23:08:53.932+0100] {dagbag.py:545} INFO - Filling up the DagBag from /Users/harshasogala/financial-data-platform/venv/lib/python3.12/site-packages/airflow/example_dags/example_sla_dag.py
[2026-03-13T23:08:53.956+0100] {processor.py:840} INFO - DAG(s) 'example_sla_dag' retrieved from /Users/harshasogala/financial-data-platform/venv/lib/python3.12/site-packages/airflow/example_dags/example_sla_dag.py
[2026-03-13T23:08:54.008+0100] {logging_mixin.py:188} INFO - [2026-03-13T23:08:54.008+0100] {dag.py:3089} INFO - Sync 1 DAGs
[2026-03-13T23:08:54.053+0100] {logging_mixin.py:188} INFO - [2026-03-13T23:08:54.053+0100] {dag.py:3947} INFO - Setting next_dagrun for example_sla_dag to 2026-03-13 22:06:00+00:00, run_after=2026-03-13 22:08:00+00:00
[2026-03-13T23:08:54.063+0100] {processor.py:183} INFO - Processing /Users/harshasogala/financial-data-platform/venv/lib/python3.12/site-packages/airflow/example_dags/example_sla_dag.py took 0.134 seconds
[2026-03-13T23:10:05.796+0100] {processor.py:161} INFO - Started process (PID=73284) to work on /Users/harshasogala/financial-data-platform/venv/lib/python3.12/site-packages/airflow/example_dags/example_sla_dag.py
[2026-03-13T23:10:05.797+0100] {processor.py:830} INFO - Processing file /Users/harshasogala/financial-data-platform/venv/lib/python3.12/site-packages/airflow/example_dags/example_sla_dag.py for tasks to queue
[2026-03-13T23:10:05.797+0100] {logging_mixin.py:188} INFO - [2026-03-13T23:10:05.797+0100] {dagbag.py:545} INFO - Filling up the DagBag from /Users/harshasogala/financial-data-platform/venv/lib/python3.12/site-packages/airflow/example_dags/example_sla_dag.py
[2026-03-13T23:10:05.821+0100] {processor.py:840} INFO - DAG(s) 'example_sla_dag' retrieved from /Users/harshasogala/financial-data-platform/venv/lib/python3.12/site-packages/airflow/example_dags/example_sla_dag.py
[2026-03-13T23:10:05.875+0100] {logging_mixin.py:188} INFO - [2026-03-13T23:10:05.875+0100] {dag.py:3089} INFO - Sync 1 DAGs
[2026-03-13T23:10:05.920+0100] {logging_mixin.py:188} INFO - [2026-03-13T23:10:05.920+0100] {dag.py:3947} INFO - Setting next_dagrun for example_sla_dag to 2026-03-13 22:08:00+00:00, run_after=2026-03-13 22:10:00+00:00
[2026-03-13T23:10:05.931+0100] {processor.py:183} INFO - Processing /Users/harshasogala/financial-data-platform/venv/lib/python3.12/site-packages/airflow/example_dags/example_sla_dag.py took 0.137 seconds
[2026-03-13T23:11:19.273+0100] {processor.py:161} INFO - Started process (PID=73348) to work on /Users/harshasogala/financial-data-platform/venv/lib/python3.12/site-packages/airflow/example_dags/example_sla_dag.py
[2026-03-13T23:11:19.274+0100] {processor.py:830} INFO - Processing file /Users/harshasogala/financial-data-platform/venv/lib/python3.12/site-packages/airflow/example_dags/example_sla_dag.py for tasks to queue
[2026-03-13T23:11:19.275+0100] {logging_mixin.py:188} INFO - [2026-03-13T23:11:19.274+0100] {dagbag.py:545} INFO - Filling up the DagBag from /Users/harshasogala/financial-data-platform/venv/lib/python3.12/site-packages/airflow/example_dags/example_sla_dag.py
[2026-03-13T23:11:19.298+0100] {processor.py:840} INFO - DAG(s) 'example_sla_dag' retrieved from /Users/harshasogala/financial-data-platform/venv/lib/python3.12/site-packages/airflow/example_dags/example_sla_dag.py
[2026-03-13T23:11:19.350+0100] {logging_mixin.py:188} INFO - [2026-03-13T23:11:19.350+0100] {dag.py:3089} INFO - Sync 1 DAGs
[2026-03-13T23:11:19.395+0100] {logging_mixin.py:188} INFO - [2026-03-13T23:11:19.395+0100] {dag.py:3947} INFO - Setting next_dagrun for example_sla_dag to 2026-03-13 22:08:00+00:00, run_after=2026-03-13 22:10:00+00:00
[2026-03-13T23:11:19.405+0100] {processor.py:183} INFO - Processing /Users/harshasogala/financial-data-platform/venv/lib/python3.12/site-packages/airflow/example_dags/example_sla_dag.py took 0.134 seconds
[2026-03-13T23:12:33.351+0100] {processor.py:161} INFO - Started process (PID=73411) to work on /Users/harshasogala/financial-data-platform/venv/lib/python3.12/site-packages/airflow/example_dags/example_sla_dag.py
[2026-03-13T23:12:33.351+0100] {processor.py:830} INFO - Processing file /Users/harshasogala/financial-data-platform/venv/lib/python3.12/site-packages/airflow/example_dags/example_sla_dag.py for tasks to queue
[2026-03-13T23:12:33.352+0100] {logging_mixin.py:188} INFO - [2026-03-13T23:12:33.352+0100] {dagbag.py:545} INFO - Filling up the DagBag from /Users/harshasogala/financial-data-platform/venv/lib/python3.12/site-packages/airflow/example_dags/example_sla_dag.py
[2026-03-13T23:12:33.375+0100] {processor.py:840} INFO - DAG(s) 'example_sla_dag' retrieved from /Users/harshasogala/financial-data-platform/venv/lib/python3.12/site-packages/airflow/example_dags/example_sla_dag.py
[2026-03-13T23:12:33.428+0100] {logging_mixin.py:188} INFO - [2026-03-13T23:12:33.427+0100] {dag.py:3089} INFO - Sync 1 DAGs
[2026-03-13T23:12:33.472+0100] {logging_mixin.py:188} INFO - [2026-03-13T23:12:33.472+0100] {dag.py:3947} INFO - Setting next_dagrun for example_sla_dag to 2026-03-13 22:10:00+00:00, run_after=2026-03-13 22:12:00+00:00
[2026-03-13T23:12:33.482+0100] {processor.py:183} INFO - Processing /Users/harshasogala/financial-data-platform/venv/lib/python3.12/site-packages/airflow/example_dags/example_sla_dag.py took 0.133 seconds
[2026-03-13T23:13:49.461+0100] {processor.py:161} INFO - Started process (PID=73472) to work on /Users/harshasogala/financial-data-platform/venv/lib/python3.12/site-packages/airflow/example_dags/example_sla_dag.py
[2026-03-13T23:13:49.462+0100] {processor.py:830} INFO - Processing file /Users/harshasogala/financial-data-platform/venv/lib/python3.12/site-packages/airflow/example_dags/example_sla_dag.py for tasks to queue
[2026-03-13T23:13:49.463+0100] {logging_mixin.py:188} INFO - [2026-03-13T23:13:49.463+0100] {dagbag.py:545} INFO - Filling up the DagBag from /Users/harshasogala/financial-data-platform/venv/lib/python3.12/site-packages/airflow/example_dags/example_sla_dag.py
[2026-03-13T23:13:49.486+0100] {processor.py:840} INFO - DAG(s) 'example_sla_dag' retrieved from /Users/harshasogala/financial-data-platform/venv/lib/python3.12/site-packages/airflow/example_dags/example_sla_dag.py
[2026-03-13T23:13:49.539+0100] {logging_mixin.py:188} INFO - [2026-03-13T23:13:49.539+0100] {dag.py:3089} INFO - Sync 1 DAGs
[2026-03-13T23:13:49.583+0100] {logging_mixin.py:188} INFO - [2026-03-13T23:13:49.583+0100] {dag.py:3947} INFO - Setting next_dagrun for example_sla_dag to 2026-03-13 22:10:00+00:00, run_after=2026-03-13 22:12:00+00:00
[2026-03-13T23:13:49.593+0100] {processor.py:183} INFO - Processing /Users/harshasogala/financial-data-platform/venv/lib/python3.12/site-packages/airflow/example_dags/example_sla_dag.py took 0.134 seconds
[2026-03-13T23:15:03.491+0100] {processor.py:161} INFO - Started process (PID=73531) to work on /Users/harshasogala/financial-data-platform/venv/lib/python3.12/site-packages/airflow/example_dags/example_sla_dag.py
[2026-03-13T23:15:03.492+0100] {processor.py:830} INFO - Processing file /Users/harshasogala/financial-data-platform/venv/lib/python3.12/site-packages/airflow/example_dags/example_sla_dag.py for tasks to queue
[2026-03-13T23:15:03.493+0100] {logging_mixin.py:188} INFO - [2026-03-13T23:15:03.493+0100] {dagbag.py:545} INFO - Filling up the DagBag from /Users/harshasogala/financial-data-platform/venv/lib/python3.12/site-packages/airflow/example_dags/example_sla_dag.py
[2026-03-13T23:15:03.516+0100] {processor.py:840} INFO - DAG(s) 'example_sla_dag' retrieved from /Users/harshasogala/financial-data-platform/venv/lib/python3.12/site-packages/airflow/example_dags/example_sla_dag.py
[2026-03-13T23:15:03.568+0100] {logging_mixin.py:188} INFO - [2026-03-13T23:15:03.568+0100] {dag.py:3089} INFO - Sync 1 DAGs
[2026-03-13T23:15:03.613+0100] {logging_mixin.py:188} INFO - [2026-03-13T23:15:03.613+0100] {dag.py:3947} INFO - Setting next_dagrun for example_sla_dag to 2026-03-13 22:12:00+00:00, run_after=2026-03-13 22:14:00+00:00
[2026-03-13T23:15:03.623+0100] {processor.py:183} INFO - Processing /Users/harshasogala/financial-data-platform/venv/lib/python3.12/site-packages/airflow/example_dags/example_sla_dag.py took 0.134 seconds
[2026-03-13T23:16:17.017+0100] {processor.py:161} INFO - Started process (PID=73592) to work on /Users/harshasogala/financial-data-platform/venv/lib/python3.12/site-packages/airflow/example_dags/example_sla_dag.py
[2026-03-13T23:16:17.019+0100] {processor.py:830} INFO - Processing file /Users/harshasogala/financial-data-platform/venv/lib/python3.12/site-packages/airflow/example_dags/example_sla_dag.py for tasks to queue
[2026-03-13T23:16:17.019+0100] {logging_mixin.py:188} INFO - [2026-03-13T23:16:17.019+0100] {dagbag.py:545} INFO - Filling up the DagBag from /Users/harshasogala/financial-data-platform/venv/lib/python3.12/site-packages/airflow/example_dags/example_sla_dag.py
[2026-03-13T23:16:17.042+0100] {processor.py:840} INFO - DAG(s) 'example_sla_dag' retrieved from /Users/harshasogala/financial-data-platform/venv/lib/python3.12/site-packages/airflow/example_dags/example_sla_dag.py
[2026-03-13T23:16:17.096+0100] {logging_mixin.py:188} INFO - [2026-03-13T23:16:17.095+0100] {dag.py:3089} INFO - Sync 1 DAGs
[2026-03-13T23:16:17.141+0100] {logging_mixin.py:188} INFO - [2026-03-13T23:16:17.141+0100] {dag.py:3947} INFO - Setting next_dagrun for example_sla_dag to 2026-03-13 22:14:00+00:00, run_after=2026-03-13 22:16:00+00:00
[2026-03-13T23:16:17.151+0100] {processor.py:183} INFO - Processing /Users/harshasogala/financial-data-platform/venv/lib/python3.12/site-packages/airflow/example_dags/example_sla_dag.py took 0.136 seconds
[2026-03-13T23:17:34.753+0100] {processor.py:161} INFO - Started process (PID=73662) to work on /Users/harshasogala/financial-data-platform/venv/lib/python3.12/site-packages/airflow/example_dags/example_sla_dag.py
[2026-03-13T23:17:34.754+0100] {processor.py:830} INFO - Processing file /Users/harshasogala/financial-data-platform/venv/lib/python3.12/site-packages/airflow/example_dags/example_sla_dag.py for tasks to queue
[2026-03-13T23:17:34.755+0100] {logging_mixin.py:188} INFO - [2026-03-13T23:17:34.754+0100] {dagbag.py:545} INFO - Filling up the DagBag from /Users/harshasogala/financial-data-platform/venv/lib/python3.12/site-packages/airflow/example_dags/example_sla_dag.py
[2026-03-13T23:17:34.778+0100] {processor.py:840} INFO - DAG(s) 'example_sla_dag' retrieved from /Users/harshasogala/financial-data-platform/venv/lib/python3.12/site-packages/airflow/example_dags/example_sla_dag.py
[2026-03-13T23:17:34.832+0100] {logging_mixin.py:188} INFO - [2026-03-13T23:17:34.832+0100] {dag.py:3089} INFO - Sync 1 DAGs
[2026-03-13T23:17:34.878+0100] {logging_mixin.py:188} INFO - [2026-03-13T23:17:34.877+0100] {dag.py:3947} INFO - Setting next_dagrun for example_sla_dag to 2026-03-13 22:14:00+00:00, run_after=2026-03-13 22:16:00+00:00
[2026-03-13T23:17:34.887+0100] {processor.py:183} INFO - Processing /Users/harshasogala/financial-data-platform/venv/lib/python3.12/site-packages/airflow/example_dags/example_sla_dag.py took 0.136 seconds
[2026-03-13T23:18:50.789+0100] {processor.py:161} INFO - Started process (PID=73723) to work on /Users/harshasogala/financial-data-platform/venv/lib/python3.12/site-packages/airflow/example_dags/example_sla_dag.py
[2026-03-13T23:18:50.791+0100] {processor.py:830} INFO - Processing file /Users/harshasogala/financial-data-platform/venv/lib/python3.12/site-packages/airflow/example_dags/example_sla_dag.py for tasks to queue
[2026-03-13T23:18:50.792+0100] {logging_mixin.py:188} INFO - [2026-03-13T23:18:50.791+0100] {dagbag.py:545} INFO - Filling up the DagBag from /Users/harshasogala/financial-data-platform/venv/lib/python3.12/site-packages/airflow/example_dags/example_sla_dag.py
[2026-03-13T23:18:50.815+0100] {processor.py:840} INFO - DAG(s) 'example_sla_dag' retrieved from /Users/harshasogala/financial-data-platform/venv/lib/python3.12/site-packages/airflow/example_dags/example_sla_dag.py
[2026-03-13T23:18:50.868+0100] {logging_mixin.py:188} INFO - [2026-03-13T23:18:50.867+0100] {dag.py:3089} INFO - Sync 1 DAGs
[2026-03-13T23:18:50.912+0100] {logging_mixin.py:188} INFO - [2026-03-13T23:18:50.912+0100] {dag.py:3947} INFO - Setting next_dagrun for example_sla_dag to 2026-03-13 22:16:00+00:00, run_after=2026-03-13 22:18:00+00:00
[2026-03-13T23:18:50.923+0100] {processor.py:183} INFO - Processing /Users/harshasogala/financial-data-platform/venv/lib/python3.12/site-packages/airflow/example_dags/example_sla_dag.py took 0.135 seconds
[2026-03-13T23:20:08.415+0100] {processor.py:161} INFO - Started process (PID=73788) to work on /Users/harshasogala/financial-data-platform/venv/lib/python3.12/site-packages/airflow/example_dags/example_sla_dag.py
[2026-03-13T23:20:08.416+0100] {processor.py:830} INFO - Processing file /Users/harshasogala/financial-data-platform/venv/lib/python3.12/site-packages/airflow/example_dags/example_sla_dag.py for tasks to queue
[2026-03-13T23:20:08.417+0100] {logging_mixin.py:188} INFO - [2026-03-13T23:20:08.417+0100] {dagbag.py:545} INFO - Filling up the DagBag from /Users/harshasogala/financial-data-platform/venv/lib/python3.12/site-packages/airflow/example_dags/example_sla_dag.py
[2026-03-13T23:20:08.441+0100] {processor.py:840} INFO - DAG(s) 'example_sla_dag' retrieved from /Users/harshasogala/financial-data-platform/venv/lib/python3.12/site-packages/airflow/example_dags/example_sla_dag.py
[2026-03-13T23:20:08.494+0100] {logging_mixin.py:188} INFO - [2026-03-13T23:20:08.494+0100] {dag.py:3089} INFO - Sync 1 DAGs
[2026-03-13T23:20:08.538+0100] {logging_mixin.py:188} INFO - [2026-03-13T23:20:08.538+0100] {dag.py:3947} INFO - Setting next_dagrun for example_sla_dag to 2026-03-13 22:18:00+00:00, run_after=2026-03-13 22:20:00+00:00
[2026-03-13T23:20:08.549+0100] {processor.py:183} INFO - Processing /Users/harshasogala/financial-data-platform/venv/lib/python3.12/site-packages/airflow/example_dags/example_sla_dag.py took 0.135 seconds
[2026-03-13T23:21:23.378+0100] {processor.py:161} INFO - Started process (PID=73870) to work on /Users/harshasogala/financial-data-platform/venv/lib/python3.12/site-packages/airflow/example_dags/example_sla_dag.py
[2026-03-13T23:21:23.380+0100] {processor.py:830} INFO - Processing file /Users/harshasogala/financial-data-platform/venv/lib/python3.12/site-packages/airflow/example_dags/example_sla_dag.py for tasks to queue
[2026-03-13T23:21:23.380+0100] {logging_mixin.py:188} INFO - [2026-03-13T23:21:23.380+0100] {dagbag.py:545} INFO - Filling up the DagBag from /Users/harshasogala/financial-data-platform/venv/lib/python3.12/site-packages/airflow/example_dags/example_sla_dag.py
[2026-03-13T23:21:23.403+0100] {processor.py:840} INFO - DAG(s) 'example_sla_dag' retrieved from /Users/harshasogala/financial-data-platform/venv/lib/python3.12/site-packages/airflow/example_dags/example_sla_dag.py
[2026-03-13T23:21:23.455+0100] {logging_mixin.py:188} INFO - [2026-03-13T23:21:23.455+0100] {dag.py:3089} INFO - Sync 1 DAGs
[2026-03-13T23:21:23.499+0100] {logging_mixin.py:188} INFO - [2026-03-13T23:21:23.499+0100] {dag.py:3947} INFO - Setting next_dagrun for example_sla_dag to 2026-03-13 22:18:00+00:00, run_after=2026-03-13 22:20:00+00:00
[2026-03-13T23:21:23.509+0100] {processor.py:183} INFO - Processing /Users/harshasogala/financial-data-platform/venv/lib/python3.12/site-packages/airflow/example_dags/example_sla_dag.py took 0.132 seconds
[2026-03-13T23:22:36.168+0100] {processor.py:161} INFO - Started process (PID=73929) to work on /Users/harshasogala/financial-data-platform/venv/lib/python3.12/site-packages/airflow/example_dags/example_sla_dag.py
[2026-03-13T23:22:36.170+0100] {processor.py:830} INFO - Processing file /Users/harshasogala/financial-data-platform/venv/lib/python3.12/site-packages/airflow/example_dags/example_sla_dag.py for tasks to queue
[2026-03-13T23:22:36.170+0100] {logging_mixin.py:188} INFO - [2026-03-13T23:22:36.170+0100] {dagbag.py:545} INFO - Filling up the DagBag from /Users/harshasogala/financial-data-platform/venv/lib/python3.12/site-packages/airflow/example_dags/example_sla_dag.py
[2026-03-13T23:22:36.194+0100] {processor.py:840} INFO - DAG(s) 'example_sla_dag' retrieved from /Users/harshasogala/financial-data-platform/venv/lib/python3.12/site-packages/airflow/example_dags/example_sla_dag.py
[2026-03-13T23:22:36.247+0100] {logging_mixin.py:188} INFO - [2026-03-13T23:22:36.247+0100] {dag.py:3089} INFO - Sync 1 DAGs
[2026-03-13T23:22:36.292+0100] {logging_mixin.py:188} INFO - [2026-03-13T23:22:36.292+0100] {dag.py:3947} INFO - Setting next_dagrun for example_sla_dag to 2026-03-13 22:20:00+00:00, run_after=2026-03-13 22:22:00+00:00
[2026-03-13T23:22:36.303+0100] {processor.py:183} INFO - Processing /Users/harshasogala/financial-data-platform/venv/lib/python3.12/site-packages/airflow/example_dags/example_sla_dag.py took 0.137 seconds
[2026-03-13T23:23:51.683+0100] {processor.py:161} INFO - Started process (PID=73993) to work on /Users/harshasogala/financial-data-platform/venv/lib/python3.12/site-packages/airflow/example_dags/example_sla_dag.py
[2026-03-13T23:23:51.685+0100] {processor.py:830} INFO - Processing file /Users/harshasogala/financial-data-platform/venv/lib/python3.12/site-packages/airflow/example_dags/example_sla_dag.py for tasks to queue
[2026-03-13T23:23:51.685+0100] {logging_mixin.py:188} INFO - [2026-03-13T23:23:51.685+0100] {dagbag.py:545} INFO - Filling up the DagBag from /Users/harshasogala/financial-data-platform/venv/lib/python3.12/site-packages/airflow/example_dags/example_sla_dag.py
[2026-03-13T23:23:51.709+0100] {processor.py:840} INFO - DAG(s) 'example_sla_dag' retrieved from /Users/harshasogala/financial-data-platform/venv/lib/python3.12/site-packages/airflow/example_dags/example_sla_dag.py
[2026-03-13T23:23:51.761+0100] {logging_mixin.py:188} INFO - [2026-03-13T23:23:51.761+0100] {dag.py:3089} INFO - Sync 1 DAGs
[2026-03-13T23:23:51.805+0100] {logging_mixin.py:188} INFO - [2026-03-13T23:23:51.805+0100] {dag.py:3947} INFO - Setting next_dagrun for example_sla_dag to 2026-03-13 22:20:00+00:00, run_after=2026-03-13 22:22:00+00:00
[2026-03-13T23:23:51.815+0100] {processor.py:183} INFO - Processing /Users/harshasogala/financial-data-platform/venv/lib/python3.12/site-packages/airflow/example_dags/example_sla_dag.py took 0.134 seconds
[2026-03-13T23:25:08.377+0100] {processor.py:161} INFO - Started process (PID=74053) to work on /Users/harshasogala/financial-data-platform/venv/lib/python3.12/site-packages/airflow/example_dags/example_sla_dag.py
[2026-03-13T23:25:08.378+0100] {processor.py:830} INFO - Processing file /Users/harshasogala/financial-data-platform/venv/lib/python3.12/site-packages/airflow/example_dags/example_sla_dag.py for tasks to queue
[2026-03-13T23:25:08.378+0100] {logging_mixin.py:188} INFO - [2026-03-13T23:25:08.378+0100] {dagbag.py:545} INFO - Filling up the DagBag from /Users/harshasogala/financial-data-platform/venv/lib/python3.12/site-packages/airflow/example_dags/example_sla_dag.py
[2026-03-13T23:25:08.401+0100] {processor.py:840} INFO - DAG(s) 'example_sla_dag' retrieved from /Users/harshasogala/financial-data-platform/venv/lib/python3.12/site-packages/airflow/example_dags/example_sla_dag.py
[2026-03-13T23:25:08.456+0100] {logging_mixin.py:188} INFO - [2026-03-13T23:25:08.455+0100] {dag.py:3089} INFO - Sync 1 DAGs
[2026-03-13T23:25:08.500+0100] {logging_mixin.py:188} INFO - [2026-03-13T23:25:08.500+0100] {dag.py:3947} INFO - Setting next_dagrun for example_sla_dag to 2026-03-13 22:22:00+00:00, run_after=2026-03-13 22:24:00+00:00
[2026-03-13T23:25:08.512+0100] {processor.py:183} INFO - Processing /Users/harshasogala/financial-data-platform/venv/lib/python3.12/site-packages/airflow/example_dags/example_sla_dag.py took 0.137 seconds
[2026-03-13T23:26:24.892+0100] {processor.py:161} INFO - Started process (PID=74111) to work on /Users/harshasogala/financial-data-platform/venv/lib/python3.12/site-packages/airflow/example_dags/example_sla_dag.py
[2026-03-13T23:26:24.894+0100] {processor.py:830} INFO - Processing file /Users/harshasogala/financial-data-platform/venv/lib/python3.12/site-packages/airflow/example_dags/example_sla_dag.py for tasks to queue
[2026-03-13T23:26:24.895+0100] {logging_mixin.py:188} INFO - [2026-03-13T23:26:24.895+0100] {dagbag.py:545} INFO - Filling up the DagBag from /Users/harshasogala/financial-data-platform/venv/lib/python3.12/site-packages/airflow/example_dags/example_sla_dag.py
[2026-03-13T23:26:24.919+0100] {processor.py:840} INFO - DAG(s) 'example_sla_dag' retrieved from /Users/harshasogala/financial-data-platform/venv/lib/python3.12/site-packages/airflow/example_dags/example_sla_dag.py
[2026-03-13T23:26:24.972+0100] {logging_mixin.py:188} INFO - [2026-03-13T23:26:24.972+0100] {dag.py:3089} INFO - Sync 1 DAGs
[2026-03-13T23:26:25.018+0100] {logging_mixin.py:188} INFO - [2026-03-13T23:26:25.017+0100] {dag.py:3947} INFO - Setting next_dagrun for example_sla_dag to 2026-03-13 22:24:00+00:00, run_after=2026-03-13 22:26:00+00:00
[2026-03-13T23:26:25.028+0100] {processor.py:183} INFO - Processing /Users/harshasogala/financial-data-platform/venv/lib/python3.12/site-packages/airflow/example_dags/example_sla_dag.py took 0.138 seconds
[2026-03-13T23:27:42.809+0100] {processor.py:161} INFO - Started process (PID=74207) to work on /Users/harshasogala/financial-data-platform/venv/lib/python3.12/site-packages/airflow/example_dags/example_sla_dag.py
[2026-03-13T23:27:42.810+0100] {processor.py:830} INFO - Processing file /Users/harshasogala/financial-data-platform/venv/lib/python3.12/site-packages/airflow/example_dags/example_sla_dag.py for tasks to queue
[2026-03-13T23:27:42.811+0100] {logging_mixin.py:188} INFO - [2026-03-13T23:27:42.810+0100] {dagbag.py:545} INFO - Filling up the DagBag from /Users/harshasogala/financial-data-platform/venv/lib/python3.12/site-packages/airflow/example_dags/example_sla_dag.py
[2026-03-13T23:27:42.834+0100] {processor.py:840} INFO - DAG(s) 'example_sla_dag' retrieved from /Users/harshasogala/financial-data-platform/venv/lib/python3.12/site-packages/airflow/example_dags/example_sla_dag.py
[2026-03-13T23:27:42.887+0100] {logging_mixin.py:188} INFO - [2026-03-13T23:27:42.887+0100] {dag.py:3089} INFO - Sync 1 DAGs
[2026-03-13T23:27:42.934+0100] {logging_mixin.py:188} INFO - [2026-03-13T23:27:42.934+0100] {dag.py:3947} INFO - Setting next_dagrun for example_sla_dag to 2026-03-13 22:24:00+00:00, run_after=2026-03-13 22:26:00+00:00
[2026-03-13T23:27:42.947+0100] {processor.py:183} INFO - Processing /Users/harshasogala/financial-data-platform/venv/lib/python3.12/site-packages/airflow/example_dags/example_sla_dag.py took 0.140 seconds
[2026-03-13T23:29:00.935+0100] {processor.py:161} INFO - Started process (PID=74274) to work on /Users/harshasogala/financial-data-platform/venv/lib/python3.12/site-packages/airflow/example_dags/example_sla_dag.py
[2026-03-13T23:29:00.935+0100] {processor.py:830} INFO - Processing file /Users/harshasogala/financial-data-platform/venv/lib/python3.12/site-packages/airflow/example_dags/example_sla_dag.py for tasks to queue
[2026-03-13T23:29:00.936+0100] {logging_mixin.py:188} INFO - [2026-03-13T23:29:00.936+0100] {dagbag.py:545} INFO - Filling up the DagBag from /Users/harshasogala/financial-data-platform/venv/lib/python3.12/site-packages/airflow/example_dags/example_sla_dag.py
[2026-03-13T23:29:00.960+0100] {processor.py:840} INFO - DAG(s) 'example_sla_dag' retrieved from /Users/harshasogala/financial-data-platform/venv/lib/python3.12/site-packages/airflow/example_dags/example_sla_dag.py
[2026-03-13T23:29:01.012+0100] {logging_mixin.py:188} INFO - [2026-03-13T23:29:01.012+0100] {dag.py:3089} INFO - Sync 1 DAGs
[2026-03-13T23:29:01.058+0100] {logging_mixin.py:188} INFO - [2026-03-13T23:29:01.058+0100] {dag.py:3947} INFO - Setting next_dagrun for example_sla_dag to 2026-03-13 22:26:00+00:00, run_after=2026-03-13 22:28:00+00:00
[2026-03-13T23:29:01.069+0100] {processor.py:183} INFO - Processing /Users/harshasogala/financial-data-platform/venv/lib/python3.12/site-packages/airflow/example_dags/example_sla_dag.py took 0.136 seconds
[2026-03-13T23:30:15.261+0100] {processor.py:161} INFO - Started process (PID=74358) to work on /Users/harshasogala/financial-data-platform/venv/lib/python3.12/site-packages/airflow/example_dags/example_sla_dag.py
[2026-03-13T23:30:15.262+0100] {processor.py:830} INFO - Processing file /Users/harshasogala/financial-data-platform/venv/lib/python3.12/site-packages/airflow/example_dags/example_sla_dag.py for tasks to queue
[2026-03-13T23:30:15.262+0100] {logging_mixin.py:188} INFO - [2026-03-13T23:30:15.262+0100] {dagbag.py:545} INFO - Filling up the DagBag from /Users/harshasogala/financial-data-platform/venv/lib/python3.12/site-packages/airflow/example_dags/example_sla_dag.py
[2026-03-13T23:30:15.289+0100] {processor.py:840} INFO - DAG(s) 'example_sla_dag' retrieved from /Users/harshasogala/financial-data-platform/venv/lib/python3.12/site-packages/airflow/example_dags/example_sla_dag.py
[2026-03-13T23:30:15.349+0100] {logging_mixin.py:188} INFO - [2026-03-13T23:30:15.348+0100] {dag.py:3089} INFO - Sync 1 DAGs
[2026-03-13T23:30:15.398+0100] {logging_mixin.py:188} INFO - [2026-03-13T23:30:15.397+0100] {dag.py:3947} INFO - Setting next_dagrun for example_sla_dag to 2026-03-13 22:28:00+00:00, run_after=2026-03-13 22:30:00+00:00
[2026-03-13T23:30:15.414+0100] {processor.py:183} INFO - Processing /Users/harshasogala/financial-data-platform/venv/lib/python3.12/site-packages/airflow/example_dags/example_sla_dag.py took 0.155 seconds
[2026-03-13T23:31:34.219+0100] {processor.py:161} INFO - Started process (PID=74638) to work on /Users/harshasogala/financial-data-platform/venv/lib/python3.12/site-packages/airflow/example_dags/example_sla_dag.py
[2026-03-13T23:31:34.220+0100] {processor.py:830} INFO - Processing file /Users/harshasogala/financial-data-platform/venv/lib/python3.12/site-packages/airflow/example_dags/example_sla_dag.py for tasks to queue
[2026-03-13T23:31:34.220+0100] {logging_mixin.py:188} INFO - [2026-03-13T23:31:34.220+0100] {dagbag.py:545} INFO - Filling up the DagBag from /Users/harshasogala/financial-data-platform/venv/lib/python3.12/site-packages/airflow/example_dags/example_sla_dag.py
[2026-03-13T23:31:34.244+0100] {processor.py:840} INFO - DAG(s) 'example_sla_dag' retrieved from /Users/harshasogala/financial-data-platform/venv/lib/python3.12/site-packages/airflow/example_dags/example_sla_dag.py
[2026-03-13T23:31:34.297+0100] {logging_mixin.py:188} INFO - [2026-03-13T23:31:34.297+0100] {dag.py:3089} INFO - Sync 1 DAGs
[2026-03-13T23:31:34.342+0100] {logging_mixin.py:188} INFO - [2026-03-13T23:31:34.342+0100] {dag.py:3947} INFO - Setting next_dagrun for example_sla_dag to 2026-03-13 22:28:00+00:00, run_after=2026-03-13 22:30:00+00:00
[2026-03-13T23:31:34.353+0100] {processor.py:183} INFO - Processing /Users/harshasogala/financial-data-platform/venv/lib/python3.12/site-packages/airflow/example_dags/example_sla_dag.py took 0.136 seconds
[2026-03-13T23:32:51.305+0100] {processor.py:161} INFO - Started process (PID=74974) to work on /Users/harshasogala/financial-data-platform/venv/lib/python3.12/site-packages/airflow/example_dags/example_sla_dag.py
[2026-03-13T23:32:51.306+0100] {processor.py:830} INFO - Processing file /Users/harshasogala/financial-data-platform/venv/lib/python3.12/site-packages/airflow/example_dags/example_sla_dag.py for tasks to queue
[2026-03-13T23:32:51.307+0100] {logging_mixin.py:188} INFO - [2026-03-13T23:32:51.307+0100] {dagbag.py:545} INFO - Filling up the DagBag from /Users/harshasogala/financial-data-platform/venv/lib/python3.12/site-packages/airflow/example_dags/example_sla_dag.py
[2026-03-13T23:32:51.331+0100] {processor.py:840} INFO - DAG(s) 'example_sla_dag' retrieved from /Users/harshasogala/financial-data-platform/venv/lib/python3.12/site-packages/airflow/example_dags/example_sla_dag.py
[2026-03-13T23:32:51.384+0100] {logging_mixin.py:188} INFO - [2026-03-13T23:32:51.384+0100] {dag.py:3089} INFO - Sync 1 DAGs
[2026-03-13T23:32:51.430+0100] {logging_mixin.py:188} INFO - [2026-03-13T23:32:51.430+0100] {dag.py:3947} INFO - Setting next_dagrun for example_sla_dag to 2026-03-13 22:30:00+00:00, run_after=2026-03-13 22:32:00+00:00
[2026-03-13T23:32:51.441+0100] {processor.py:183} INFO - Processing /Users/harshasogala/financial-data-platform/venv/lib/python3.12/site-packages/airflow/example_dags/example_sla_dag.py took 0.138 seconds
