[2026-03-13T22:18:03.717+0100] {processor.py:161} INFO - Started process (PID=65484) to work on /Users/harshasogala/financial-data-platform/venv/lib/python3.12/site-packages/airflow/example_dags/example_xcom.py
[2026-03-13T22:18:03.718+0100] {processor.py:830} INFO - Processing file /Users/harshasogala/financial-data-platform/venv/lib/python3.12/site-packages/airflow/example_dags/example_xcom.py for tasks to queue
[2026-03-13T22:18:03.718+0100] {logging_mixin.py:188} INFO - [2026-03-13T22:18:03.718+0100] {dagbag.py:545} INFO - Filling up the DagBag from /Users/harshasogala/financial-data-platform/venv/lib/python3.12/site-packages/airflow/example_dags/example_xcom.py
[2026-03-13T22:18:03.743+0100] {processor.py:840} INFO - DAG(s) 'example_xcom' retrieved from /Users/harshasogala/financial-data-platform/venv/lib/python3.12/site-packages/airflow/example_dags/example_xcom.py
[2026-03-13T22:18:03.846+0100] {logging_mixin.py:188} INFO - [2026-03-13T22:18:03.846+0100] {override.py:1858} INFO - Created Permission View: can edit on DAG:example_xcom
[2026-03-13T22:18:03.851+0100] {logging_mixin.py:188} INFO - [2026-03-13T22:18:03.851+0100] {override.py:1858} INFO - Created Permission View: can delete on DAG:example_xcom
[2026-03-13T22:18:03.854+0100] {logging_mixin.py:188} INFO - [2026-03-13T22:18:03.854+0100] {override.py:1858} INFO - Created Permission View: can read on DAG:example_xcom
[2026-03-13T22:18:03.854+0100] {logging_mixin.py:188} INFO - [2026-03-13T22:18:03.854+0100] {dag.py:3089} INFO - Sync 1 DAGs
[2026-03-13T22:18:03.859+0100] {logging_mixin.py:188} INFO - [2026-03-13T22:18:03.859+0100] {dag.py:3111} INFO - Creating ORM DAG for example_xcom
[2026-03-13T22:18:03.864+0100] {logging_mixin.py:188} INFO - [2026-03-13T22:18:03.863+0100] {dag.py:3947} INFO - Setting next_dagrun for example_xcom to 2021-01-01 00:00:00+00:00, run_after=2021-01-01 00:00:00+00:00
[2026-03-13T22:18:03.910+0100] {processor.py:183} INFO - Processing /Users/harshasogala/financial-data-platform/venv/lib/python3.12/site-packages/airflow/example_dags/example_xcom.py took 0.195 seconds
[2026-03-13T22:19:52.678+0100] {processor.py:161} INFO - Started process (PID=66072) to work on /Users/harshasogala/financial-data-platform/venv/lib/python3.12/site-packages/airflow/example_dags/example_xcom.py
[2026-03-13T22:19:52.679+0100] {processor.py:830} INFO - Processing file /Users/harshasogala/financial-data-platform/venv/lib/python3.12/site-packages/airflow/example_dags/example_xcom.py for tasks to queue
[2026-03-13T22:19:52.679+0100] {logging_mixin.py:188} INFO - [2026-03-13T22:19:52.679+0100] {dagbag.py:545} INFO - Filling up the DagBag from /Users/harshasogala/financial-data-platform/venv/lib/python3.12/site-packages/airflow/example_dags/example_xcom.py
[2026-03-13T22:19:52.703+0100] {processor.py:840} INFO - DAG(s) 'example_xcom' retrieved from /Users/harshasogala/financial-data-platform/venv/lib/python3.12/site-packages/airflow/example_dags/example_xcom.py
[2026-03-13T22:19:52.758+0100] {logging_mixin.py:188} INFO - [2026-03-13T22:19:52.757+0100] {dag.py:3089} INFO - Sync 1 DAGs
[2026-03-13T22:19:52.766+0100] {logging_mixin.py:188} INFO - [2026-03-13T22:19:52.766+0100] {dag.py:3947} INFO - Setting next_dagrun for example_xcom to 2021-01-01 00:00:00+00:00, run_after=2021-01-01 00:00:00+00:00
[2026-03-13T22:19:52.777+0100] {processor.py:183} INFO - Processing /Users/harshasogala/financial-data-platform/venv/lib/python3.12/site-packages/airflow/example_dags/example_xcom.py took 0.100 seconds
[2026-03-13T22:21:11.739+0100] {processor.py:161} INFO - Started process (PID=66134) to work on /Users/harshasogala/financial-data-platform/venv/lib/python3.12/site-packages/airflow/example_dags/example_xcom.py
[2026-03-13T22:21:11.740+0100] {processor.py:830} INFO - Processing file /Users/harshasogala/financial-data-platform/venv/lib/python3.12/site-packages/airflow/example_dags/example_xcom.py for tasks to queue
[2026-03-13T22:21:11.740+0100] {logging_mixin.py:188} INFO - [2026-03-13T22:21:11.740+0100] {dagbag.py:545} INFO - Filling up the DagBag from /Users/harshasogala/financial-data-platform/venv/lib/python3.12/site-packages/airflow/example_dags/example_xcom.py
[2026-03-13T22:21:11.764+0100] {processor.py:840} INFO - DAG(s) 'example_xcom' retrieved from /Users/harshasogala/financial-data-platform/venv/lib/python3.12/site-packages/airflow/example_dags/example_xcom.py
[2026-03-13T22:21:11.819+0100] {logging_mixin.py:188} INFO - [2026-03-13T22:21:11.818+0100] {dag.py:3089} INFO - Sync 1 DAGs
[2026-03-13T22:21:11.827+0100] {logging_mixin.py:188} INFO - [2026-03-13T22:21:11.827+0100] {dag.py:3947} INFO - Setting next_dagrun for example_xcom to 2021-01-01 00:00:00+00:00, run_after=2021-01-01 00:00:00+00:00
[2026-03-13T22:21:11.839+0100] {processor.py:183} INFO - Processing /Users/harshasogala/financial-data-platform/venv/lib/python3.12/site-packages/airflow/example_dags/example_xcom.py took 0.101 seconds
[2026-03-13T22:27:08.495+0100] {processor.py:161} INFO - Started process (PID=67118) to work on /Users/harshasogala/financial-data-platform/venv/lib/python3.12/site-packages/airflow/example_dags/example_xcom.py
[2026-03-13T22:27:08.497+0100] {processor.py:830} INFO - Processing file /Users/harshasogala/financial-data-platform/venv/lib/python3.12/site-packages/airflow/example_dags/example_xcom.py for tasks to queue
[2026-03-13T22:27:08.497+0100] {logging_mixin.py:188} INFO - [2026-03-13T22:27:08.497+0100] {dagbag.py:545} INFO - Filling up the DagBag from /Users/harshasogala/financial-data-platform/venv/lib/python3.12/site-packages/airflow/example_dags/example_xcom.py
[2026-03-13T22:27:08.532+0100] {processor.py:840} INFO - DAG(s) 'example_xcom' retrieved from /Users/harshasogala/financial-data-platform/venv/lib/python3.12/site-packages/airflow/example_dags/example_xcom.py
[2026-03-13T22:27:08.610+0100] {logging_mixin.py:188} INFO - [2026-03-13T22:27:08.610+0100] {dag.py:3089} INFO - Sync 1 DAGs
[2026-03-13T22:27:08.622+0100] {logging_mixin.py:188} INFO - [2026-03-13T22:27:08.622+0100] {dag.py:3947} INFO - Setting next_dagrun for example_xcom to 2021-01-01 00:00:00+00:00, run_after=2021-01-01 00:00:00+00:00
[2026-03-13T22:27:08.636+0100] {processor.py:183} INFO - Processing /Users/harshasogala/financial-data-platform/venv/lib/python3.12/site-packages/airflow/example_dags/example_xcom.py took 0.143 seconds
[2026-03-13T22:29:08.567+0100] {processor.py:161} INFO - Started process (PID=67367) to work on /Users/harshasogala/financial-data-platform/venv/lib/python3.12/site-packages/airflow/example_dags/example_xcom.py
[2026-03-13T22:29:08.568+0100] {processor.py:830} INFO - Processing file /Users/harshasogala/financial-data-platform/venv/lib/python3.12/site-packages/airflow/example_dags/example_xcom.py for tasks to queue
[2026-03-13T22:29:08.568+0100] {logging_mixin.py:188} INFO - [2026-03-13T22:29:08.568+0100] {dagbag.py:545} INFO - Filling up the DagBag from /Users/harshasogala/financial-data-platform/venv/lib/python3.12/site-packages/airflow/example_dags/example_xcom.py
[2026-03-13T22:29:08.591+0100] {processor.py:840} INFO - DAG(s) 'example_xcom' retrieved from /Users/harshasogala/financial-data-platform/venv/lib/python3.12/site-packages/airflow/example_dags/example_xcom.py
[2026-03-13T22:29:08.646+0100] {logging_mixin.py:188} INFO - [2026-03-13T22:29:08.645+0100] {dag.py:3089} INFO - Sync 1 DAGs
[2026-03-13T22:29:08.654+0100] {logging_mixin.py:188} INFO - [2026-03-13T22:29:08.654+0100] {dag.py:3947} INFO - Setting next_dagrun for example_xcom to 2021-01-01 00:00:00+00:00, run_after=2021-01-01 00:00:00+00:00
[2026-03-13T22:29:08.665+0100] {processor.py:183} INFO - Processing /Users/harshasogala/financial-data-platform/venv/lib/python3.12/site-packages/airflow/example_dags/example_xcom.py took 0.099 seconds
[2026-03-13T22:30:15.013+0100] {processor.py:161} INFO - Started process (PID=67496) to work on /Users/harshasogala/financial-data-platform/venv/lib/python3.12/site-packages/airflow/example_dags/example_xcom.py
[2026-03-13T22:30:15.013+0100] {processor.py:830} INFO - Processing file /Users/harshasogala/financial-data-platform/venv/lib/python3.12/site-packages/airflow/example_dags/example_xcom.py for tasks to queue
[2026-03-13T22:30:15.014+0100] {logging_mixin.py:188} INFO - [2026-03-13T22:30:15.014+0100] {dagbag.py:545} INFO - Filling up the DagBag from /Users/harshasogala/financial-data-platform/venv/lib/python3.12/site-packages/airflow/example_dags/example_xcom.py
[2026-03-13T22:30:15.037+0100] {processor.py:840} INFO - DAG(s) 'example_xcom' retrieved from /Users/harshasogala/financial-data-platform/venv/lib/python3.12/site-packages/airflow/example_dags/example_xcom.py
[2026-03-13T22:30:15.091+0100] {logging_mixin.py:188} INFO - [2026-03-13T22:30:15.091+0100] {dag.py:3089} INFO - Sync 1 DAGs
[2026-03-13T22:30:15.099+0100] {logging_mixin.py:188} INFO - [2026-03-13T22:30:15.099+0100] {dag.py:3947} INFO - Setting next_dagrun for example_xcom to 2021-01-01 00:00:00+00:00, run_after=2021-01-01 00:00:00+00:00
[2026-03-13T22:30:15.110+0100] {processor.py:183} INFO - Processing /Users/harshasogala/financial-data-platform/venv/lib/python3.12/site-packages/airflow/example_dags/example_xcom.py took 0.099 seconds
[2026-03-13T22:31:24.590+0100] {processor.py:161} INFO - Started process (PID=67657) to work on /Users/harshasogala/financial-data-platform/venv/lib/python3.12/site-packages/airflow/example_dags/example_xcom.py
[2026-03-13T22:31:24.591+0100] {processor.py:830} INFO - Processing file /Users/harshasogala/financial-data-platform/venv/lib/python3.12/site-packages/airflow/example_dags/example_xcom.py for tasks to queue
[2026-03-13T22:31:24.591+0100] {logging_mixin.py:188} INFO - [2026-03-13T22:31:24.591+0100] {dagbag.py:545} INFO - Filling up the DagBag from /Users/harshasogala/financial-data-platform/venv/lib/python3.12/site-packages/airflow/example_dags/example_xcom.py
[2026-03-13T22:31:24.616+0100] {processor.py:840} INFO - DAG(s) 'example_xcom' retrieved from /Users/harshasogala/financial-data-platform/venv/lib/python3.12/site-packages/airflow/example_dags/example_xcom.py
[2026-03-13T22:31:24.735+0100] {logging_mixin.py:188} INFO - [2026-03-13T22:31:24.734+0100] {dag.py:3089} INFO - Sync 1 DAGs
[2026-03-13T22:31:24.823+0100] {logging_mixin.py:188} INFO - [2026-03-13T22:31:24.823+0100] {dag.py:3947} INFO - Setting next_dagrun for example_xcom to 2021-01-01 00:00:00+00:00, run_after=2021-01-01 00:00:00+00:00
[2026-03-13T22:31:24.836+0100] {processor.py:183} INFO - Processing /Users/harshasogala/financial-data-platform/venv/lib/python3.12/site-packages/airflow/example_dags/example_xcom.py took 0.248 seconds
[2026-03-13T22:32:48.645+0100] {processor.py:161} INFO - Started process (PID=68743) to work on /Users/harshasogala/financial-data-platform/venv/lib/python3.12/site-packages/airflow/example_dags/example_xcom.py
[2026-03-13T22:32:48.646+0100] {processor.py:830} INFO - Processing file /Users/harshasogala/financial-data-platform/venv/lib/python3.12/site-packages/airflow/example_dags/example_xcom.py for tasks to queue
[2026-03-13T22:32:48.646+0100] {logging_mixin.py:188} INFO - [2026-03-13T22:32:48.646+0100] {dagbag.py:545} INFO - Filling up the DagBag from /Users/harshasogala/financial-data-platform/venv/lib/python3.12/site-packages/airflow/example_dags/example_xcom.py
[2026-03-13T22:32:48.669+0100] {processor.py:840} INFO - DAG(s) 'example_xcom' retrieved from /Users/harshasogala/financial-data-platform/venv/lib/python3.12/site-packages/airflow/example_dags/example_xcom.py
[2026-03-13T22:32:48.723+0100] {logging_mixin.py:188} INFO - [2026-03-13T22:32:48.723+0100] {dag.py:3089} INFO - Sync 1 DAGs
[2026-03-13T22:32:48.766+0100] {logging_mixin.py:188} INFO - [2026-03-13T22:32:48.766+0100] {dag.py:3947} INFO - Setting next_dagrun for example_xcom to 2021-01-01 00:00:00+00:00, run_after=2021-01-01 00:00:00+00:00
[2026-03-13T22:32:48.777+0100] {processor.py:183} INFO - Processing /Users/harshasogala/financial-data-platform/venv/lib/python3.12/site-packages/airflow/example_dags/example_xcom.py took 0.134 seconds
[2026-03-13T22:34:10.057+0100] {processor.py:161} INFO - Started process (PID=69174) to work on /Users/harshasogala/financial-data-platform/venv/lib/python3.12/site-packages/airflow/example_dags/example_xcom.py
[2026-03-13T22:34:10.057+0100] {processor.py:830} INFO - Processing file /Users/harshasogala/financial-data-platform/venv/lib/python3.12/site-packages/airflow/example_dags/example_xcom.py for tasks to queue
[2026-03-13T22:34:10.058+0100] {logging_mixin.py:188} INFO - [2026-03-13T22:34:10.058+0100] {dagbag.py:545} INFO - Filling up the DagBag from /Users/harshasogala/financial-data-platform/venv/lib/python3.12/site-packages/airflow/example_dags/example_xcom.py
[2026-03-13T22:34:10.081+0100] {processor.py:840} INFO - DAG(s) 'example_xcom' retrieved from /Users/harshasogala/financial-data-platform/venv/lib/python3.12/site-packages/airflow/example_dags/example_xcom.py
[2026-03-13T22:34:10.136+0100] {logging_mixin.py:188} INFO - [2026-03-13T22:34:10.135+0100] {dag.py:3089} INFO - Sync 1 DAGs
[2026-03-13T22:34:10.178+0100] {logging_mixin.py:188} INFO - [2026-03-13T22:34:10.178+0100] {dag.py:3947} INFO - Setting next_dagrun for example_xcom to 2021-01-01 00:00:00+00:00, run_after=2021-01-01 00:00:00+00:00
[2026-03-13T22:34:10.190+0100] {processor.py:183} INFO - Processing /Users/harshasogala/financial-data-platform/venv/lib/python3.12/site-packages/airflow/example_dags/example_xcom.py took 0.135 seconds
[2026-03-13T22:35:25.327+0100] {processor.py:161} INFO - Started process (PID=69235) to work on /Users/harshasogala/financial-data-platform/venv/lib/python3.12/site-packages/airflow/example_dags/example_xcom.py
[2026-03-13T22:35:25.328+0100] {processor.py:830} INFO - Processing file /Users/harshasogala/financial-data-platform/venv/lib/python3.12/site-packages/airflow/example_dags/example_xcom.py for tasks to queue
[2026-03-13T22:35:25.329+0100] {logging_mixin.py:188} INFO - [2026-03-13T22:35:25.329+0100] {dagbag.py:545} INFO - Filling up the DagBag from /Users/harshasogala/financial-data-platform/venv/lib/python3.12/site-packages/airflow/example_dags/example_xcom.py
[2026-03-13T22:35:25.352+0100] {processor.py:840} INFO - DAG(s) 'example_xcom' retrieved from /Users/harshasogala/financial-data-platform/venv/lib/python3.12/site-packages/airflow/example_dags/example_xcom.py
[2026-03-13T22:35:25.407+0100] {logging_mixin.py:188} INFO - [2026-03-13T22:35:25.407+0100] {dag.py:3089} INFO - Sync 1 DAGs
[2026-03-13T22:35:25.449+0100] {logging_mixin.py:188} INFO - [2026-03-13T22:35:25.449+0100] {dag.py:3947} INFO - Setting next_dagrun for example_xcom to 2021-01-01 00:00:00+00:00, run_after=2021-01-01 00:00:00+00:00
[2026-03-13T22:35:25.460+0100] {processor.py:183} INFO - Processing /Users/harshasogala/financial-data-platform/venv/lib/python3.12/site-packages/airflow/example_dags/example_xcom.py took 0.135 seconds
[2026-03-13T22:36:39.515+0100] {processor.py:161} INFO - Started process (PID=69313) to work on /Users/harshasogala/financial-data-platform/venv/lib/python3.12/site-packages/airflow/example_dags/example_xcom.py
[2026-03-13T22:36:39.516+0100] {processor.py:830} INFO - Processing file /Users/harshasogala/financial-data-platform/venv/lib/python3.12/site-packages/airflow/example_dags/example_xcom.py for tasks to queue
[2026-03-13T22:36:39.517+0100] {logging_mixin.py:188} INFO - [2026-03-13T22:36:39.517+0100] {dagbag.py:545} INFO - Filling up the DagBag from /Users/harshasogala/financial-data-platform/venv/lib/python3.12/site-packages/airflow/example_dags/example_xcom.py
[2026-03-13T22:36:39.543+0100] {processor.py:840} INFO - DAG(s) 'example_xcom' retrieved from /Users/harshasogala/financial-data-platform/venv/lib/python3.12/site-packages/airflow/example_dags/example_xcom.py
[2026-03-13T22:36:39.598+0100] {logging_mixin.py:188} INFO - [2026-03-13T22:36:39.598+0100] {dag.py:3089} INFO - Sync 1 DAGs
[2026-03-13T22:36:39.642+0100] {logging_mixin.py:188} INFO - [2026-03-13T22:36:39.642+0100] {dag.py:3947} INFO - Setting next_dagrun for example_xcom to 2021-01-01 00:00:00+00:00, run_after=2021-01-01 00:00:00+00:00
[2026-03-13T22:36:39.653+0100] {processor.py:183} INFO - Processing /Users/harshasogala/financial-data-platform/venv/lib/python3.12/site-packages/airflow/example_dags/example_xcom.py took 0.139 seconds
[2026-03-13T22:37:53.434+0100] {processor.py:161} INFO - Started process (PID=69371) to work on /Users/harshasogala/financial-data-platform/venv/lib/python3.12/site-packages/airflow/example_dags/example_xcom.py
[2026-03-13T22:37:53.436+0100] {processor.py:830} INFO - Processing file /Users/harshasogala/financial-data-platform/venv/lib/python3.12/site-packages/airflow/example_dags/example_xcom.py for tasks to queue
[2026-03-13T22:37:53.436+0100] {logging_mixin.py:188} INFO - [2026-03-13T22:37:53.436+0100] {dagbag.py:545} INFO - Filling up the DagBag from /Users/harshasogala/financial-data-platform/venv/lib/python3.12/site-packages/airflow/example_dags/example_xcom.py
[2026-03-13T22:37:53.459+0100] {processor.py:840} INFO - DAG(s) 'example_xcom' retrieved from /Users/harshasogala/financial-data-platform/venv/lib/python3.12/site-packages/airflow/example_dags/example_xcom.py
[2026-03-13T22:37:53.512+0100] {logging_mixin.py:188} INFO - [2026-03-13T22:37:53.512+0100] {dag.py:3089} INFO - Sync 1 DAGs
[2026-03-13T22:37:53.554+0100] {logging_mixin.py:188} INFO - [2026-03-13T22:37:53.554+0100] {dag.py:3947} INFO - Setting next_dagrun for example_xcom to 2021-01-01 00:00:00+00:00, run_after=2021-01-01 00:00:00+00:00
[2026-03-13T22:37:53.565+0100] {processor.py:183} INFO - Processing /Users/harshasogala/financial-data-platform/venv/lib/python3.12/site-packages/airflow/example_dags/example_xcom.py took 0.132 seconds
[2026-03-13T22:39:07.718+0100] {processor.py:161} INFO - Started process (PID=69440) to work on /Users/harshasogala/financial-data-platform/venv/lib/python3.12/site-packages/airflow/example_dags/example_xcom.py
[2026-03-13T22:39:07.719+0100] {processor.py:830} INFO - Processing file /Users/harshasogala/financial-data-platform/venv/lib/python3.12/site-packages/airflow/example_dags/example_xcom.py for tasks to queue
[2026-03-13T22:39:07.720+0100] {logging_mixin.py:188} INFO - [2026-03-13T22:39:07.720+0100] {dagbag.py:545} INFO - Filling up the DagBag from /Users/harshasogala/financial-data-platform/venv/lib/python3.12/site-packages/airflow/example_dags/example_xcom.py
[2026-03-13T22:39:07.743+0100] {processor.py:840} INFO - DAG(s) 'example_xcom' retrieved from /Users/harshasogala/financial-data-platform/venv/lib/python3.12/site-packages/airflow/example_dags/example_xcom.py
[2026-03-13T22:39:07.796+0100] {logging_mixin.py:188} INFO - [2026-03-13T22:39:07.796+0100] {dag.py:3089} INFO - Sync 1 DAGs
[2026-03-13T22:39:07.838+0100] {logging_mixin.py:188} INFO - [2026-03-13T22:39:07.838+0100] {dag.py:3947} INFO - Setting next_dagrun for example_xcom to 2021-01-01 00:00:00+00:00, run_after=2021-01-01 00:00:00+00:00
[2026-03-13T22:39:07.849+0100] {processor.py:183} INFO - Processing /Users/harshasogala/financial-data-platform/venv/lib/python3.12/site-packages/airflow/example_dags/example_xcom.py took 0.133 seconds
[2026-03-13T22:40:28.689+0100] {processor.py:161} INFO - Started process (PID=69661) to work on /Users/harshasogala/financial-data-platform/venv/lib/python3.12/site-packages/airflow/example_dags/example_xcom.py
[2026-03-13T22:40:28.690+0100] {processor.py:830} INFO - Processing file /Users/harshasogala/financial-data-platform/venv/lib/python3.12/site-packages/airflow/example_dags/example_xcom.py for tasks to queue
[2026-03-13T22:40:28.690+0100] {logging_mixin.py:188} INFO - [2026-03-13T22:40:28.690+0100] {dagbag.py:545} INFO - Filling up the DagBag from /Users/harshasogala/financial-data-platform/venv/lib/python3.12/site-packages/airflow/example_dags/example_xcom.py
[2026-03-13T22:40:28.714+0100] {processor.py:840} INFO - DAG(s) 'example_xcom' retrieved from /Users/harshasogala/financial-data-platform/venv/lib/python3.12/site-packages/airflow/example_dags/example_xcom.py
[2026-03-13T22:40:28.769+0100] {logging_mixin.py:188} INFO - [2026-03-13T22:40:28.769+0100] {dag.py:3089} INFO - Sync 1 DAGs
[2026-03-13T22:40:28.814+0100] {logging_mixin.py:188} INFO - [2026-03-13T22:40:28.813+0100] {dag.py:3947} INFO - Setting next_dagrun for example_xcom to 2021-01-01 00:00:00+00:00, run_after=2021-01-01 00:00:00+00:00
[2026-03-13T22:40:28.824+0100] {processor.py:183} INFO - Processing /Users/harshasogala/financial-data-platform/venv/lib/python3.12/site-packages/airflow/example_dags/example_xcom.py took 0.137 seconds
[2026-03-13T22:41:46.846+0100] {processor.py:161} INFO - Started process (PID=69720) to work on /Users/harshasogala/financial-data-platform/venv/lib/python3.12/site-packages/airflow/example_dags/example_xcom.py
[2026-03-13T22:41:46.847+0100] {processor.py:830} INFO - Processing file /Users/harshasogala/financial-data-platform/venv/lib/python3.12/site-packages/airflow/example_dags/example_xcom.py for tasks to queue
[2026-03-13T22:41:46.847+0100] {logging_mixin.py:188} INFO - [2026-03-13T22:41:46.847+0100] {dagbag.py:545} INFO - Filling up the DagBag from /Users/harshasogala/financial-data-platform/venv/lib/python3.12/site-packages/airflow/example_dags/example_xcom.py
[2026-03-13T22:41:46.872+0100] {processor.py:840} INFO - DAG(s) 'example_xcom' retrieved from /Users/harshasogala/financial-data-platform/venv/lib/python3.12/site-packages/airflow/example_dags/example_xcom.py
[2026-03-13T22:41:46.928+0100] {logging_mixin.py:188} INFO - [2026-03-13T22:41:46.928+0100] {dag.py:3089} INFO - Sync 1 DAGs
[2026-03-13T22:41:46.975+0100] {logging_mixin.py:188} INFO - [2026-03-13T22:41:46.974+0100] {dag.py:3947} INFO - Setting next_dagrun for example_xcom to 2021-01-01 00:00:00+00:00, run_after=2021-01-01 00:00:00+00:00
[2026-03-13T22:41:46.986+0100] {processor.py:183} INFO - Processing /Users/harshasogala/financial-data-platform/venv/lib/python3.12/site-packages/airflow/example_dags/example_xcom.py took 0.142 seconds
[2026-03-13T22:43:05.249+0100] {processor.py:161} INFO - Started process (PID=69785) to work on /Users/harshasogala/financial-data-platform/venv/lib/python3.12/site-packages/airflow/example_dags/example_xcom.py
[2026-03-13T22:43:05.249+0100] {processor.py:830} INFO - Processing file /Users/harshasogala/financial-data-platform/venv/lib/python3.12/site-packages/airflow/example_dags/example_xcom.py for tasks to queue
[2026-03-13T22:43:05.250+0100] {logging_mixin.py:188} INFO - [2026-03-13T22:43:05.250+0100] {dagbag.py:545} INFO - Filling up the DagBag from /Users/harshasogala/financial-data-platform/venv/lib/python3.12/site-packages/airflow/example_dags/example_xcom.py
[2026-03-13T22:43:05.273+0100] {processor.py:840} INFO - DAG(s) 'example_xcom' retrieved from /Users/harshasogala/financial-data-platform/venv/lib/python3.12/site-packages/airflow/example_dags/example_xcom.py
[2026-03-13T22:43:05.328+0100] {logging_mixin.py:188} INFO - [2026-03-13T22:43:05.328+0100] {dag.py:3089} INFO - Sync 1 DAGs
[2026-03-13T22:43:05.389+0100] {logging_mixin.py:188} INFO - [2026-03-13T22:43:05.389+0100] {dag.py:3947} INFO - Setting next_dagrun for example_xcom to 2021-01-01 00:00:00+00:00, run_after=2021-01-01 00:00:00+00:00
[2026-03-13T22:43:05.417+0100] {processor.py:183} INFO - Processing /Users/harshasogala/financial-data-platform/venv/lib/python3.12/site-packages/airflow/example_dags/example_xcom.py took 0.170 seconds
[2026-03-13T22:44:27.403+0100] {processor.py:161} INFO - Started process (PID=70039) to work on /Users/harshasogala/financial-data-platform/venv/lib/python3.12/site-packages/airflow/example_dags/example_xcom.py
[2026-03-13T22:44:27.404+0100] {processor.py:830} INFO - Processing file /Users/harshasogala/financial-data-platform/venv/lib/python3.12/site-packages/airflow/example_dags/example_xcom.py for tasks to queue
[2026-03-13T22:44:27.405+0100] {logging_mixin.py:188} INFO - [2026-03-13T22:44:27.404+0100] {dagbag.py:545} INFO - Filling up the DagBag from /Users/harshasogala/financial-data-platform/venv/lib/python3.12/site-packages/airflow/example_dags/example_xcom.py
[2026-03-13T22:44:27.428+0100] {processor.py:840} INFO - DAG(s) 'example_xcom' retrieved from /Users/harshasogala/financial-data-platform/venv/lib/python3.12/site-packages/airflow/example_dags/example_xcom.py
[2026-03-13T22:44:27.481+0100] {logging_mixin.py:188} INFO - [2026-03-13T22:44:27.481+0100] {dag.py:3089} INFO - Sync 1 DAGs
[2026-03-13T22:44:27.524+0100] {logging_mixin.py:188} INFO - [2026-03-13T22:44:27.523+0100] {dag.py:3947} INFO - Setting next_dagrun for example_xcom to 2021-01-01 00:00:00+00:00, run_after=2021-01-01 00:00:00+00:00
[2026-03-13T22:44:27.536+0100] {processor.py:183} INFO - Processing /Users/harshasogala/financial-data-platform/venv/lib/python3.12/site-packages/airflow/example_dags/example_xcom.py took 0.134 seconds
[2026-03-13T22:45:59.737+0100] {processor.py:161} INFO - Started process (PID=70343) to work on /Users/harshasogala/financial-data-platform/venv/lib/python3.12/site-packages/airflow/example_dags/example_xcom.py
[2026-03-13T22:45:59.739+0100] {processor.py:830} INFO - Processing file /Users/harshasogala/financial-data-platform/venv/lib/python3.12/site-packages/airflow/example_dags/example_xcom.py for tasks to queue
[2026-03-13T22:45:59.740+0100] {logging_mixin.py:188} INFO - [2026-03-13T22:45:59.739+0100] {dagbag.py:545} INFO - Filling up the DagBag from /Users/harshasogala/financial-data-platform/venv/lib/python3.12/site-packages/airflow/example_dags/example_xcom.py
[2026-03-13T22:45:59.765+0100] {processor.py:840} INFO - DAG(s) 'example_xcom' retrieved from /Users/harshasogala/financial-data-platform/venv/lib/python3.12/site-packages/airflow/example_dags/example_xcom.py
[2026-03-13T22:45:59.820+0100] {logging_mixin.py:188} INFO - [2026-03-13T22:45:59.819+0100] {dag.py:3089} INFO - Sync 1 DAGs
[2026-03-13T22:45:59.863+0100] {logging_mixin.py:188} INFO - [2026-03-13T22:45:59.863+0100] {dag.py:3947} INFO - Setting next_dagrun for example_xcom to 2021-01-01 00:00:00+00:00, run_after=2021-01-01 00:00:00+00:00
[2026-03-13T22:45:59.874+0100] {processor.py:183} INFO - Processing /Users/harshasogala/financial-data-platform/venv/lib/python3.12/site-packages/airflow/example_dags/example_xcom.py took 0.138 seconds
[2026-03-13T22:47:25.230+0100] {processor.py:161} INFO - Started process (PID=71371) to work on /Users/harshasogala/financial-data-platform/venv/lib/python3.12/site-packages/airflow/example_dags/example_xcom.py
[2026-03-13T22:47:25.231+0100] {processor.py:830} INFO - Processing file /Users/harshasogala/financial-data-platform/venv/lib/python3.12/site-packages/airflow/example_dags/example_xcom.py for tasks to queue
[2026-03-13T22:47:25.232+0100] {logging_mixin.py:188} INFO - [2026-03-13T22:47:25.231+0100] {dagbag.py:545} INFO - Filling up the DagBag from /Users/harshasogala/financial-data-platform/venv/lib/python3.12/site-packages/airflow/example_dags/example_xcom.py
[2026-03-13T22:47:25.254+0100] {processor.py:840} INFO - DAG(s) 'example_xcom' retrieved from /Users/harshasogala/financial-data-platform/venv/lib/python3.12/site-packages/airflow/example_dags/example_xcom.py
[2026-03-13T22:47:25.308+0100] {logging_mixin.py:188} INFO - [2026-03-13T22:47:25.308+0100] {dag.py:3089} INFO - Sync 1 DAGs
[2026-03-13T22:47:25.350+0100] {logging_mixin.py:188} INFO - [2026-03-13T22:47:25.350+0100] {dag.py:3947} INFO - Setting next_dagrun for example_xcom to 2021-01-01 00:00:00+00:00, run_after=2021-01-01 00:00:00+00:00
[2026-03-13T22:47:25.361+0100] {processor.py:183} INFO - Processing /Users/harshasogala/financial-data-platform/venv/lib/python3.12/site-packages/airflow/example_dags/example_xcom.py took 0.133 seconds
[2026-03-13T22:48:41.560+0100] {processor.py:161} INFO - Started process (PID=71439) to work on /Users/harshasogala/financial-data-platform/venv/lib/python3.12/site-packages/airflow/example_dags/example_xcom.py
[2026-03-13T22:48:41.563+0100] {processor.py:830} INFO - Processing file /Users/harshasogala/financial-data-platform/venv/lib/python3.12/site-packages/airflow/example_dags/example_xcom.py for tasks to queue
[2026-03-13T22:48:41.564+0100] {logging_mixin.py:188} INFO - [2026-03-13T22:48:41.564+0100] {dagbag.py:545} INFO - Filling up the DagBag from /Users/harshasogala/financial-data-platform/venv/lib/python3.12/site-packages/airflow/example_dags/example_xcom.py
[2026-03-13T22:48:41.591+0100] {processor.py:840} INFO - DAG(s) 'example_xcom' retrieved from /Users/harshasogala/financial-data-platform/venv/lib/python3.12/site-packages/airflow/example_dags/example_xcom.py
[2026-03-13T22:48:41.662+0100] {logging_mixin.py:188} INFO - [2026-03-13T22:48:41.662+0100] {dag.py:3089} INFO - Sync 1 DAGs
[2026-03-13T22:48:41.705+0100] {logging_mixin.py:188} INFO - [2026-03-13T22:48:41.704+0100] {dag.py:3947} INFO - Setting next_dagrun for example_xcom to 2021-01-01 00:00:00+00:00, run_after=2021-01-01 00:00:00+00:00
[2026-03-13T22:48:41.715+0100] {processor.py:183} INFO - Processing /Users/harshasogala/financial-data-platform/venv/lib/python3.12/site-packages/airflow/example_dags/example_xcom.py took 0.157 seconds
[2026-03-13T22:50:01.817+0100] {processor.py:161} INFO - Started process (PID=71595) to work on /Users/harshasogala/financial-data-platform/venv/lib/python3.12/site-packages/airflow/example_dags/example_xcom.py
[2026-03-13T22:50:01.818+0100] {processor.py:830} INFO - Processing file /Users/harshasogala/financial-data-platform/venv/lib/python3.12/site-packages/airflow/example_dags/example_xcom.py for tasks to queue
[2026-03-13T22:50:01.818+0100] {logging_mixin.py:188} INFO - [2026-03-13T22:50:01.818+0100] {dagbag.py:545} INFO - Filling up the DagBag from /Users/harshasogala/financial-data-platform/venv/lib/python3.12/site-packages/airflow/example_dags/example_xcom.py
[2026-03-13T22:50:01.842+0100] {processor.py:840} INFO - DAG(s) 'example_xcom' retrieved from /Users/harshasogala/financial-data-platform/venv/lib/python3.12/site-packages/airflow/example_dags/example_xcom.py
[2026-03-13T22:50:01.898+0100] {logging_mixin.py:188} INFO - [2026-03-13T22:50:01.898+0100] {dag.py:3089} INFO - Sync 1 DAGs
[2026-03-13T22:50:01.941+0100] {logging_mixin.py:188} INFO - [2026-03-13T22:50:01.941+0100] {dag.py:3947} INFO - Setting next_dagrun for example_xcom to 2021-01-01 00:00:00+00:00, run_after=2021-01-01 00:00:00+00:00
[2026-03-13T22:50:01.953+0100] {processor.py:183} INFO - Processing /Users/harshasogala/financial-data-platform/venv/lib/python3.12/site-packages/airflow/example_dags/example_xcom.py took 0.138 seconds
[2026-03-13T22:50:54.848+0100] {processor.py:161} INFO - Started process (PID=72017) to work on /Users/harshasogala/financial-data-platform/venv/lib/python3.12/site-packages/airflow/example_dags/example_xcom.py
[2026-03-13T22:50:54.849+0100] {processor.py:830} INFO - Processing file /Users/harshasogala/financial-data-platform/venv/lib/python3.12/site-packages/airflow/example_dags/example_xcom.py for tasks to queue
[2026-03-13T22:50:54.849+0100] {logging_mixin.py:188} INFO - [2026-03-13T22:50:54.849+0100] {dagbag.py:545} INFO - Filling up the DagBag from /Users/harshasogala/financial-data-platform/venv/lib/python3.12/site-packages/airflow/example_dags/example_xcom.py
[2026-03-13T22:50:54.872+0100] {processor.py:840} INFO - DAG(s) 'example_xcom' retrieved from /Users/harshasogala/financial-data-platform/venv/lib/python3.12/site-packages/airflow/example_dags/example_xcom.py
[2026-03-13T22:50:54.927+0100] {logging_mixin.py:188} INFO - [2026-03-13T22:50:54.927+0100] {dag.py:3089} INFO - Sync 1 DAGs
[2026-03-13T22:50:54.970+0100] {logging_mixin.py:188} INFO - [2026-03-13T22:50:54.970+0100] {dag.py:3947} INFO - Setting next_dagrun for example_xcom to 2021-01-01 00:00:00+00:00, run_after=2021-01-01 00:00:00+00:00
[2026-03-13T22:50:54.981+0100] {processor.py:183} INFO - Processing /Users/harshasogala/financial-data-platform/venv/lib/python3.12/site-packages/airflow/example_dags/example_xcom.py took 0.135 seconds
[2026-03-13T22:52:10.207+0100] {processor.py:161} INFO - Started process (PID=72211) to work on /Users/harshasogala/financial-data-platform/venv/lib/python3.12/site-packages/airflow/example_dags/example_xcom.py
[2026-03-13T22:52:10.208+0100] {processor.py:830} INFO - Processing file /Users/harshasogala/financial-data-platform/venv/lib/python3.12/site-packages/airflow/example_dags/example_xcom.py for tasks to queue
[2026-03-13T22:52:10.209+0100] {logging_mixin.py:188} INFO - [2026-03-13T22:52:10.209+0100] {dagbag.py:545} INFO - Filling up the DagBag from /Users/harshasogala/financial-data-platform/venv/lib/python3.12/site-packages/airflow/example_dags/example_xcom.py
[2026-03-13T22:52:10.234+0100] {processor.py:840} INFO - DAG(s) 'example_xcom' retrieved from /Users/harshasogala/financial-data-platform/venv/lib/python3.12/site-packages/airflow/example_dags/example_xcom.py
[2026-03-13T22:52:10.290+0100] {logging_mixin.py:188} INFO - [2026-03-13T22:52:10.290+0100] {dag.py:3089} INFO - Sync 1 DAGs
[2026-03-13T22:52:10.334+0100] {logging_mixin.py:188} INFO - [2026-03-13T22:52:10.333+0100] {dag.py:3947} INFO - Setting next_dagrun for example_xcom to 2021-01-01 00:00:00+00:00, run_after=2021-01-01 00:00:00+00:00
[2026-03-13T22:52:10.345+0100] {processor.py:183} INFO - Processing /Users/harshasogala/financial-data-platform/venv/lib/python3.12/site-packages/airflow/example_dags/example_xcom.py took 0.140 seconds
[2026-03-13T22:53:27.577+0100] {processor.py:161} INFO - Started process (PID=72413) to work on /Users/harshasogala/financial-data-platform/venv/lib/python3.12/site-packages/airflow/example_dags/example_xcom.py
[2026-03-13T22:53:27.578+0100] {processor.py:830} INFO - Processing file /Users/harshasogala/financial-data-platform/venv/lib/python3.12/site-packages/airflow/example_dags/example_xcom.py for tasks to queue
[2026-03-13T22:53:27.578+0100] {logging_mixin.py:188} INFO - [2026-03-13T22:53:27.578+0100] {dagbag.py:545} INFO - Filling up the DagBag from /Users/harshasogala/financial-data-platform/venv/lib/python3.12/site-packages/airflow/example_dags/example_xcom.py
[2026-03-13T22:53:27.602+0100] {processor.py:840} INFO - DAG(s) 'example_xcom' retrieved from /Users/harshasogala/financial-data-platform/venv/lib/python3.12/site-packages/airflow/example_dags/example_xcom.py
[2026-03-13T22:53:27.656+0100] {logging_mixin.py:188} INFO - [2026-03-13T22:53:27.655+0100] {dag.py:3089} INFO - Sync 1 DAGs
[2026-03-13T22:53:27.698+0100] {logging_mixin.py:188} INFO - [2026-03-13T22:53:27.698+0100] {dag.py:3947} INFO - Setting next_dagrun for example_xcom to 2021-01-01 00:00:00+00:00, run_after=2021-01-01 00:00:00+00:00
[2026-03-13T22:53:27.709+0100] {processor.py:183} INFO - Processing /Users/harshasogala/financial-data-platform/venv/lib/python3.12/site-packages/airflow/example_dags/example_xcom.py took 0.135 seconds
[2026-03-13T22:54:57.210+0100] {processor.py:161} INFO - Started process (PID=72516) to work on /Users/harshasogala/financial-data-platform/venv/lib/python3.12/site-packages/airflow/example_dags/example_xcom.py
[2026-03-13T22:54:57.211+0100] {processor.py:830} INFO - Processing file /Users/harshasogala/financial-data-platform/venv/lib/python3.12/site-packages/airflow/example_dags/example_xcom.py for tasks to queue
[2026-03-13T22:54:57.212+0100] {logging_mixin.py:188} INFO - [2026-03-13T22:54:57.212+0100] {dagbag.py:545} INFO - Filling up the DagBag from /Users/harshasogala/financial-data-platform/venv/lib/python3.12/site-packages/airflow/example_dags/example_xcom.py
[2026-03-13T22:54:57.235+0100] {processor.py:840} INFO - DAG(s) 'example_xcom' retrieved from /Users/harshasogala/financial-data-platform/venv/lib/python3.12/site-packages/airflow/example_dags/example_xcom.py
[2026-03-13T22:54:57.288+0100] {logging_mixin.py:188} INFO - [2026-03-13T22:54:57.288+0100] {dag.py:3089} INFO - Sync 1 DAGs
[2026-03-13T22:54:57.331+0100] {logging_mixin.py:188} INFO - [2026-03-13T22:54:57.331+0100] {dag.py:3947} INFO - Setting next_dagrun for example_xcom to 2021-01-01 00:00:00+00:00, run_after=2021-01-01 00:00:00+00:00
[2026-03-13T22:54:57.342+0100] {processor.py:183} INFO - Processing /Users/harshasogala/financial-data-platform/venv/lib/python3.12/site-packages/airflow/example_dags/example_xcom.py took 0.134 seconds
[2026-03-13T22:56:14.983+0100] {processor.py:161} INFO - Started process (PID=72611) to work on /Users/harshasogala/financial-data-platform/venv/lib/python3.12/site-packages/airflow/example_dags/example_xcom.py
[2026-03-13T22:56:14.983+0100] {processor.py:830} INFO - Processing file /Users/harshasogala/financial-data-platform/venv/lib/python3.12/site-packages/airflow/example_dags/example_xcom.py for tasks to queue
[2026-03-13T22:56:14.984+0100] {logging_mixin.py:188} INFO - [2026-03-13T22:56:14.984+0100] {dagbag.py:545} INFO - Filling up the DagBag from /Users/harshasogala/financial-data-platform/venv/lib/python3.12/site-packages/airflow/example_dags/example_xcom.py
[2026-03-13T22:56:15.007+0100] {processor.py:840} INFO - DAG(s) 'example_xcom' retrieved from /Users/harshasogala/financial-data-platform/venv/lib/python3.12/site-packages/airflow/example_dags/example_xcom.py
[2026-03-13T22:56:15.059+0100] {logging_mixin.py:188} INFO - [2026-03-13T22:56:15.059+0100] {dag.py:3089} INFO - Sync 1 DAGs
[2026-03-13T22:56:15.103+0100] {logging_mixin.py:188} INFO - [2026-03-13T22:56:15.103+0100] {dag.py:3947} INFO - Setting next_dagrun for example_xcom to 2021-01-01 00:00:00+00:00, run_after=2021-01-01 00:00:00+00:00
[2026-03-13T22:56:15.115+0100] {processor.py:183} INFO - Processing /Users/harshasogala/financial-data-platform/venv/lib/python3.12/site-packages/airflow/example_dags/example_xcom.py took 0.134 seconds
[2026-03-13T22:57:34.126+0100] {processor.py:161} INFO - Started process (PID=72671) to work on /Users/harshasogala/financial-data-platform/venv/lib/python3.12/site-packages/airflow/example_dags/example_xcom.py
[2026-03-13T22:57:34.128+0100] {processor.py:830} INFO - Processing file /Users/harshasogala/financial-data-platform/venv/lib/python3.12/site-packages/airflow/example_dags/example_xcom.py for tasks to queue
[2026-03-13T22:57:34.128+0100] {logging_mixin.py:188} INFO - [2026-03-13T22:57:34.128+0100] {dagbag.py:545} INFO - Filling up the DagBag from /Users/harshasogala/financial-data-platform/venv/lib/python3.12/site-packages/airflow/example_dags/example_xcom.py
[2026-03-13T22:57:34.151+0100] {processor.py:840} INFO - DAG(s) 'example_xcom' retrieved from /Users/harshasogala/financial-data-platform/venv/lib/python3.12/site-packages/airflow/example_dags/example_xcom.py
[2026-03-13T22:57:34.205+0100] {logging_mixin.py:188} INFO - [2026-03-13T22:57:34.205+0100] {dag.py:3089} INFO - Sync 1 DAGs
[2026-03-13T22:57:34.248+0100] {logging_mixin.py:188} INFO - [2026-03-13T22:57:34.247+0100] {dag.py:3947} INFO - Setting next_dagrun for example_xcom to 2021-01-01 00:00:00+00:00, run_after=2021-01-01 00:00:00+00:00
[2026-03-13T22:57:34.259+0100] {processor.py:183} INFO - Processing /Users/harshasogala/financial-data-platform/venv/lib/python3.12/site-packages/airflow/example_dags/example_xcom.py took 0.135 seconds
[2026-03-13T22:58:58.027+0100] {processor.py:161} INFO - Started process (PID=72745) to work on /Users/harshasogala/financial-data-platform/venv/lib/python3.12/site-packages/airflow/example_dags/example_xcom.py
[2026-03-13T22:58:58.027+0100] {processor.py:830} INFO - Processing file /Users/harshasogala/financial-data-platform/venv/lib/python3.12/site-packages/airflow/example_dags/example_xcom.py for tasks to queue
[2026-03-13T22:58:58.028+0100] {logging_mixin.py:188} INFO - [2026-03-13T22:58:58.028+0100] {dagbag.py:545} INFO - Filling up the DagBag from /Users/harshasogala/financial-data-platform/venv/lib/python3.12/site-packages/airflow/example_dags/example_xcom.py
[2026-03-13T22:58:58.053+0100] {processor.py:840} INFO - DAG(s) 'example_xcom' retrieved from /Users/harshasogala/financial-data-platform/venv/lib/python3.12/site-packages/airflow/example_dags/example_xcom.py
[2026-03-13T22:58:58.114+0100] {logging_mixin.py:188} INFO - [2026-03-13T22:58:58.114+0100] {dag.py:3089} INFO - Sync 1 DAGs
[2026-03-13T22:58:58.161+0100] {logging_mixin.py:188} INFO - [2026-03-13T22:58:58.161+0100] {dag.py:3947} INFO - Setting next_dagrun for example_xcom to 2021-01-01 00:00:00+00:00, run_after=2021-01-01 00:00:00+00:00
[2026-03-13T22:58:58.173+0100] {processor.py:183} INFO - Processing /Users/harshasogala/financial-data-platform/venv/lib/python3.12/site-packages/airflow/example_dags/example_xcom.py took 0.148 seconds
[2026-03-13T23:00:14.278+0100] {processor.py:161} INFO - Started process (PID=72812) to work on /Users/harshasogala/financial-data-platform/venv/lib/python3.12/site-packages/airflow/example_dags/example_xcom.py
[2026-03-13T23:00:14.279+0100] {processor.py:830} INFO - Processing file /Users/harshasogala/financial-data-platform/venv/lib/python3.12/site-packages/airflow/example_dags/example_xcom.py for tasks to queue
[2026-03-13T23:00:14.279+0100] {logging_mixin.py:188} INFO - [2026-03-13T23:00:14.279+0100] {dagbag.py:545} INFO - Filling up the DagBag from /Users/harshasogala/financial-data-platform/venv/lib/python3.12/site-packages/airflow/example_dags/example_xcom.py
[2026-03-13T23:00:14.355+0100] {processor.py:840} INFO - DAG(s) 'example_xcom' retrieved from /Users/harshasogala/financial-data-platform/venv/lib/python3.12/site-packages/airflow/example_dags/example_xcom.py
[2026-03-13T23:00:14.447+0100] {logging_mixin.py:188} INFO - [2026-03-13T23:00:14.447+0100] {dag.py:3089} INFO - Sync 1 DAGs
[2026-03-13T23:00:14.503+0100] {logging_mixin.py:188} INFO - [2026-03-13T23:00:14.503+0100] {dag.py:3947} INFO - Setting next_dagrun for example_xcom to 2021-01-01 00:00:00+00:00, run_after=2021-01-01 00:00:00+00:00
[2026-03-13T23:00:14.516+0100] {processor.py:183} INFO - Processing /Users/harshasogala/financial-data-platform/venv/lib/python3.12/site-packages/airflow/example_dags/example_xcom.py took 0.241 seconds
[2026-03-13T23:01:36.672+0100] {processor.py:161} INFO - Started process (PID=72879) to work on /Users/harshasogala/financial-data-platform/venv/lib/python3.12/site-packages/airflow/example_dags/example_xcom.py
[2026-03-13T23:01:36.673+0100] {processor.py:830} INFO - Processing file /Users/harshasogala/financial-data-platform/venv/lib/python3.12/site-packages/airflow/example_dags/example_xcom.py for tasks to queue
[2026-03-13T23:01:36.674+0100] {logging_mixin.py:188} INFO - [2026-03-13T23:01:36.674+0100] {dagbag.py:545} INFO - Filling up the DagBag from /Users/harshasogala/financial-data-platform/venv/lib/python3.12/site-packages/airflow/example_dags/example_xcom.py
[2026-03-13T23:01:36.696+0100] {processor.py:840} INFO - DAG(s) 'example_xcom' retrieved from /Users/harshasogala/financial-data-platform/venv/lib/python3.12/site-packages/airflow/example_dags/example_xcom.py
[2026-03-13T23:01:36.749+0100] {logging_mixin.py:188} INFO - [2026-03-13T23:01:36.749+0100] {dag.py:3089} INFO - Sync 1 DAGs
[2026-03-13T23:01:36.790+0100] {logging_mixin.py:188} INFO - [2026-03-13T23:01:36.790+0100] {dag.py:3947} INFO - Setting next_dagrun for example_xcom to 2021-01-01 00:00:00+00:00, run_after=2021-01-01 00:00:00+00:00
[2026-03-13T23:01:36.801+0100] {processor.py:183} INFO - Processing /Users/harshasogala/financial-data-platform/venv/lib/python3.12/site-packages/airflow/example_dags/example_xcom.py took 0.130 seconds
[2026-03-13T23:02:52.980+0100] {processor.py:161} INFO - Started process (PID=72937) to work on /Users/harshasogala/financial-data-platform/venv/lib/python3.12/site-packages/airflow/example_dags/example_xcom.py
[2026-03-13T23:02:52.981+0100] {processor.py:830} INFO - Processing file /Users/harshasogala/financial-data-platform/venv/lib/python3.12/site-packages/airflow/example_dags/example_xcom.py for tasks to queue
[2026-03-13T23:02:52.981+0100] {logging_mixin.py:188} INFO - [2026-03-13T23:02:52.981+0100] {dagbag.py:545} INFO - Filling up the DagBag from /Users/harshasogala/financial-data-platform/venv/lib/python3.12/site-packages/airflow/example_dags/example_xcom.py
[2026-03-13T23:02:53.005+0100] {processor.py:840} INFO - DAG(s) 'example_xcom' retrieved from /Users/harshasogala/financial-data-platform/venv/lib/python3.12/site-packages/airflow/example_dags/example_xcom.py
[2026-03-13T23:02:53.062+0100] {logging_mixin.py:188} INFO - [2026-03-13T23:02:53.062+0100] {dag.py:3089} INFO - Sync 1 DAGs
[2026-03-13T23:02:53.105+0100] {logging_mixin.py:188} INFO - [2026-03-13T23:02:53.105+0100] {dag.py:3947} INFO - Setting next_dagrun for example_xcom to 2021-01-01 00:00:00+00:00, run_after=2021-01-01 00:00:00+00:00
[2026-03-13T23:02:53.118+0100] {processor.py:183} INFO - Processing /Users/harshasogala/financial-data-platform/venv/lib/python3.12/site-packages/airflow/example_dags/example_xcom.py took 0.141 seconds
[2026-03-13T23:04:12.360+0100] {processor.py:161} INFO - Started process (PID=72998) to work on /Users/harshasogala/financial-data-platform/venv/lib/python3.12/site-packages/airflow/example_dags/example_xcom.py
[2026-03-13T23:04:12.361+0100] {processor.py:830} INFO - Processing file /Users/harshasogala/financial-data-platform/venv/lib/python3.12/site-packages/airflow/example_dags/example_xcom.py for tasks to queue
[2026-03-13T23:04:12.361+0100] {logging_mixin.py:188} INFO - [2026-03-13T23:04:12.361+0100] {dagbag.py:545} INFO - Filling up the DagBag from /Users/harshasogala/financial-data-platform/venv/lib/python3.12/site-packages/airflow/example_dags/example_xcom.py
[2026-03-13T23:04:12.384+0100] {processor.py:840} INFO - DAG(s) 'example_xcom' retrieved from /Users/harshasogala/financial-data-platform/venv/lib/python3.12/site-packages/airflow/example_dags/example_xcom.py
[2026-03-13T23:04:12.439+0100] {logging_mixin.py:188} INFO - [2026-03-13T23:04:12.439+0100] {dag.py:3089} INFO - Sync 1 DAGs
[2026-03-13T23:04:12.483+0100] {logging_mixin.py:188} INFO - [2026-03-13T23:04:12.483+0100] {dag.py:3947} INFO - Setting next_dagrun for example_xcom to 2021-01-01 00:00:00+00:00, run_after=2021-01-01 00:00:00+00:00
[2026-03-13T23:04:12.493+0100] {processor.py:183} INFO - Processing /Users/harshasogala/financial-data-platform/venv/lib/python3.12/site-packages/airflow/example_dags/example_xcom.py took 0.135 seconds
[2026-03-13T23:05:29.388+0100] {processor.py:161} INFO - Started process (PID=73059) to work on /Users/harshasogala/financial-data-platform/venv/lib/python3.12/site-packages/airflow/example_dags/example_xcom.py
[2026-03-13T23:05:29.389+0100] {processor.py:830} INFO - Processing file /Users/harshasogala/financial-data-platform/venv/lib/python3.12/site-packages/airflow/example_dags/example_xcom.py for tasks to queue
[2026-03-13T23:05:29.389+0100] {logging_mixin.py:188} INFO - [2026-03-13T23:05:29.389+0100] {dagbag.py:545} INFO - Filling up the DagBag from /Users/harshasogala/financial-data-platform/venv/lib/python3.12/site-packages/airflow/example_dags/example_xcom.py
[2026-03-13T23:05:29.412+0100] {processor.py:840} INFO - DAG(s) 'example_xcom' retrieved from /Users/harshasogala/financial-data-platform/venv/lib/python3.12/site-packages/airflow/example_dags/example_xcom.py
[2026-03-13T23:05:29.465+0100] {logging_mixin.py:188} INFO - [2026-03-13T23:05:29.465+0100] {dag.py:3089} INFO - Sync 1 DAGs
[2026-03-13T23:05:29.513+0100] {logging_mixin.py:188} INFO - [2026-03-13T23:05:29.513+0100] {dag.py:3947} INFO - Setting next_dagrun for example_xcom to 2021-01-01 00:00:00+00:00, run_after=2021-01-01 00:00:00+00:00
[2026-03-13T23:05:29.524+0100] {processor.py:183} INFO - Processing /Users/harshasogala/financial-data-platform/venv/lib/python3.12/site-packages/airflow/example_dags/example_xcom.py took 0.138 seconds
[2026-03-13T23:06:50.702+0100] {processor.py:161} INFO - Started process (PID=73128) to work on /Users/harshasogala/financial-data-platform/venv/lib/python3.12/site-packages/airflow/example_dags/example_xcom.py
[2026-03-13T23:06:50.703+0100] {processor.py:830} INFO - Processing file /Users/harshasogala/financial-data-platform/venv/lib/python3.12/site-packages/airflow/example_dags/example_xcom.py for tasks to queue
[2026-03-13T23:06:50.704+0100] {logging_mixin.py:188} INFO - [2026-03-13T23:06:50.704+0100] {dagbag.py:545} INFO - Filling up the DagBag from /Users/harshasogala/financial-data-platform/venv/lib/python3.12/site-packages/airflow/example_dags/example_xcom.py
[2026-03-13T23:06:50.727+0100] {processor.py:840} INFO - DAG(s) 'example_xcom' retrieved from /Users/harshasogala/financial-data-platform/venv/lib/python3.12/site-packages/airflow/example_dags/example_xcom.py
[2026-03-13T23:06:50.780+0100] {logging_mixin.py:188} INFO - [2026-03-13T23:06:50.780+0100] {dag.py:3089} INFO - Sync 1 DAGs
[2026-03-13T23:06:50.823+0100] {logging_mixin.py:188} INFO - [2026-03-13T23:06:50.822+0100] {dag.py:3947} INFO - Setting next_dagrun for example_xcom to 2021-01-01 00:00:00+00:00, run_after=2021-01-01 00:00:00+00:00
[2026-03-13T23:06:50.834+0100] {processor.py:183} INFO - Processing /Users/harshasogala/financial-data-platform/venv/lib/python3.12/site-packages/airflow/example_dags/example_xcom.py took 0.133 seconds
[2026-03-13T23:08:09.899+0100] {processor.py:161} INFO - Started process (PID=73191) to work on /Users/harshasogala/financial-data-platform/venv/lib/python3.12/site-packages/airflow/example_dags/example_xcom.py
[2026-03-13T23:08:09.900+0100] {processor.py:830} INFO - Processing file /Users/harshasogala/financial-data-platform/venv/lib/python3.12/site-packages/airflow/example_dags/example_xcom.py for tasks to queue
[2026-03-13T23:08:09.900+0100] {logging_mixin.py:188} INFO - [2026-03-13T23:08:09.900+0100] {dagbag.py:545} INFO - Filling up the DagBag from /Users/harshasogala/financial-data-platform/venv/lib/python3.12/site-packages/airflow/example_dags/example_xcom.py
[2026-03-13T23:08:09.923+0100] {processor.py:840} INFO - DAG(s) 'example_xcom' retrieved from /Users/harshasogala/financial-data-platform/venv/lib/python3.12/site-packages/airflow/example_dags/example_xcom.py
[2026-03-13T23:08:09.978+0100] {logging_mixin.py:188} INFO - [2026-03-13T23:08:09.978+0100] {dag.py:3089} INFO - Sync 1 DAGs
[2026-03-13T23:08:10.020+0100] {logging_mixin.py:188} INFO - [2026-03-13T23:08:10.020+0100] {dag.py:3947} INFO - Setting next_dagrun for example_xcom to 2021-01-01 00:00:00+00:00, run_after=2021-01-01 00:00:00+00:00
[2026-03-13T23:08:10.031+0100] {processor.py:183} INFO - Processing /Users/harshasogala/financial-data-platform/venv/lib/python3.12/site-packages/airflow/example_dags/example_xcom.py took 0.133 seconds
[2026-03-13T23:09:22.362+0100] {processor.py:161} INFO - Started process (PID=73250) to work on /Users/harshasogala/financial-data-platform/venv/lib/python3.12/site-packages/airflow/example_dags/example_xcom.py
[2026-03-13T23:09:22.363+0100] {processor.py:830} INFO - Processing file /Users/harshasogala/financial-data-platform/venv/lib/python3.12/site-packages/airflow/example_dags/example_xcom.py for tasks to queue
[2026-03-13T23:09:22.364+0100] {logging_mixin.py:188} INFO - [2026-03-13T23:09:22.364+0100] {dagbag.py:545} INFO - Filling up the DagBag from /Users/harshasogala/financial-data-platform/venv/lib/python3.12/site-packages/airflow/example_dags/example_xcom.py
[2026-03-13T23:09:22.387+0100] {processor.py:840} INFO - DAG(s) 'example_xcom' retrieved from /Users/harshasogala/financial-data-platform/venv/lib/python3.12/site-packages/airflow/example_dags/example_xcom.py
[2026-03-13T23:09:22.441+0100] {logging_mixin.py:188} INFO - [2026-03-13T23:09:22.440+0100] {dag.py:3089} INFO - Sync 1 DAGs
[2026-03-13T23:09:22.483+0100] {logging_mixin.py:188} INFO - [2026-03-13T23:09:22.483+0100] {dag.py:3947} INFO - Setting next_dagrun for example_xcom to 2021-01-01 00:00:00+00:00, run_after=2021-01-01 00:00:00+00:00
[2026-03-13T23:09:22.494+0100] {processor.py:183} INFO - Processing /Users/harshasogala/financial-data-platform/venv/lib/python3.12/site-packages/airflow/example_dags/example_xcom.py took 0.133 seconds
[2026-03-13T23:10:35.539+0100] {processor.py:161} INFO - Started process (PID=73307) to work on /Users/harshasogala/financial-data-platform/venv/lib/python3.12/site-packages/airflow/example_dags/example_xcom.py
[2026-03-13T23:10:35.540+0100] {processor.py:830} INFO - Processing file /Users/harshasogala/financial-data-platform/venv/lib/python3.12/site-packages/airflow/example_dags/example_xcom.py for tasks to queue
[2026-03-13T23:10:35.540+0100] {logging_mixin.py:188} INFO - [2026-03-13T23:10:35.540+0100] {dagbag.py:545} INFO - Filling up the DagBag from /Users/harshasogala/financial-data-platform/venv/lib/python3.12/site-packages/airflow/example_dags/example_xcom.py
[2026-03-13T23:10:35.563+0100] {processor.py:840} INFO - DAG(s) 'example_xcom' retrieved from /Users/harshasogala/financial-data-platform/venv/lib/python3.12/site-packages/airflow/example_dags/example_xcom.py
[2026-03-13T23:10:35.620+0100] {logging_mixin.py:188} INFO - [2026-03-13T23:10:35.619+0100] {dag.py:3089} INFO - Sync 1 DAGs
[2026-03-13T23:10:35.663+0100] {logging_mixin.py:188} INFO - [2026-03-13T23:10:35.663+0100] {dag.py:3947} INFO - Setting next_dagrun for example_xcom to 2021-01-01 00:00:00+00:00, run_after=2021-01-01 00:00:00+00:00
[2026-03-13T23:10:35.673+0100] {processor.py:183} INFO - Processing /Users/harshasogala/financial-data-platform/venv/lib/python3.12/site-packages/airflow/example_dags/example_xcom.py took 0.136 seconds
[2026-03-13T23:11:48.866+0100] {processor.py:161} INFO - Started process (PID=73376) to work on /Users/harshasogala/financial-data-platform/venv/lib/python3.12/site-packages/airflow/example_dags/example_xcom.py
[2026-03-13T23:11:48.867+0100] {processor.py:830} INFO - Processing file /Users/harshasogala/financial-data-platform/venv/lib/python3.12/site-packages/airflow/example_dags/example_xcom.py for tasks to queue
[2026-03-13T23:11:48.867+0100] {logging_mixin.py:188} INFO - [2026-03-13T23:11:48.867+0100] {dagbag.py:545} INFO - Filling up the DagBag from /Users/harshasogala/financial-data-platform/venv/lib/python3.12/site-packages/airflow/example_dags/example_xcom.py
[2026-03-13T23:11:48.891+0100] {processor.py:840} INFO - DAG(s) 'example_xcom' retrieved from /Users/harshasogala/financial-data-platform/venv/lib/python3.12/site-packages/airflow/example_dags/example_xcom.py
[2026-03-13T23:11:48.944+0100] {logging_mixin.py:188} INFO - [2026-03-13T23:11:48.944+0100] {dag.py:3089} INFO - Sync 1 DAGs
[2026-03-13T23:11:48.987+0100] {logging_mixin.py:188} INFO - [2026-03-13T23:11:48.987+0100] {dag.py:3947} INFO - Setting next_dagrun for example_xcom to 2021-01-01 00:00:00+00:00, run_after=2021-01-01 00:00:00+00:00
[2026-03-13T23:11:48.998+0100] {processor.py:183} INFO - Processing /Users/harshasogala/financial-data-platform/venv/lib/python3.12/site-packages/airflow/example_dags/example_xcom.py took 0.134 seconds
[2026-03-13T23:13:03.673+0100] {processor.py:161} INFO - Started process (PID=73434) to work on /Users/harshasogala/financial-data-platform/venv/lib/python3.12/site-packages/airflow/example_dags/example_xcom.py
[2026-03-13T23:13:03.674+0100] {processor.py:830} INFO - Processing file /Users/harshasogala/financial-data-platform/venv/lib/python3.12/site-packages/airflow/example_dags/example_xcom.py for tasks to queue
[2026-03-13T23:13:03.675+0100] {logging_mixin.py:188} INFO - [2026-03-13T23:13:03.675+0100] {dagbag.py:545} INFO - Filling up the DagBag from /Users/harshasogala/financial-data-platform/venv/lib/python3.12/site-packages/airflow/example_dags/example_xcom.py
[2026-03-13T23:13:03.698+0100] {processor.py:840} INFO - DAG(s) 'example_xcom' retrieved from /Users/harshasogala/financial-data-platform/venv/lib/python3.12/site-packages/airflow/example_dags/example_xcom.py
[2026-03-13T23:13:03.753+0100] {logging_mixin.py:188} INFO - [2026-03-13T23:13:03.752+0100] {dag.py:3089} INFO - Sync 1 DAGs
[2026-03-13T23:13:03.796+0100] {logging_mixin.py:188} INFO - [2026-03-13T23:13:03.796+0100] {dag.py:3947} INFO - Setting next_dagrun for example_xcom to 2021-01-01 00:00:00+00:00, run_after=2021-01-01 00:00:00+00:00
[2026-03-13T23:13:03.807+0100] {processor.py:183} INFO - Processing /Users/harshasogala/financial-data-platform/venv/lib/python3.12/site-packages/airflow/example_dags/example_xcom.py took 0.135 seconds
[2026-03-13T23:14:17.368+0100] {processor.py:161} INFO - Started process (PID=73496) to work on /Users/harshasogala/financial-data-platform/venv/lib/python3.12/site-packages/airflow/example_dags/example_xcom.py
[2026-03-13T23:14:17.369+0100] {processor.py:830} INFO - Processing file /Users/harshasogala/financial-data-platform/venv/lib/python3.12/site-packages/airflow/example_dags/example_xcom.py for tasks to queue
[2026-03-13T23:14:17.370+0100] {logging_mixin.py:188} INFO - [2026-03-13T23:14:17.370+0100] {dagbag.py:545} INFO - Filling up the DagBag from /Users/harshasogala/financial-data-platform/venv/lib/python3.12/site-packages/airflow/example_dags/example_xcom.py
[2026-03-13T23:14:17.393+0100] {processor.py:840} INFO - DAG(s) 'example_xcom' retrieved from /Users/harshasogala/financial-data-platform/venv/lib/python3.12/site-packages/airflow/example_dags/example_xcom.py
[2026-03-13T23:14:17.447+0100] {logging_mixin.py:188} INFO - [2026-03-13T23:14:17.447+0100] {dag.py:3089} INFO - Sync 1 DAGs
[2026-03-13T23:14:17.489+0100] {logging_mixin.py:188} INFO - [2026-03-13T23:14:17.489+0100] {dag.py:3947} INFO - Setting next_dagrun for example_xcom to 2021-01-01 00:00:00+00:00, run_after=2021-01-01 00:00:00+00:00
[2026-03-13T23:14:17.501+0100] {processor.py:183} INFO - Processing /Users/harshasogala/financial-data-platform/venv/lib/python3.12/site-packages/airflow/example_dags/example_xcom.py took 0.134 seconds
[2026-03-13T23:15:33.271+0100] {processor.py:161} INFO - Started process (PID=73556) to work on /Users/harshasogala/financial-data-platform/venv/lib/python3.12/site-packages/airflow/example_dags/example_xcom.py
[2026-03-13T23:15:33.272+0100] {processor.py:830} INFO - Processing file /Users/harshasogala/financial-data-platform/venv/lib/python3.12/site-packages/airflow/example_dags/example_xcom.py for tasks to queue
[2026-03-13T23:15:33.273+0100] {logging_mixin.py:188} INFO - [2026-03-13T23:15:33.273+0100] {dagbag.py:545} INFO - Filling up the DagBag from /Users/harshasogala/financial-data-platform/venv/lib/python3.12/site-packages/airflow/example_dags/example_xcom.py
[2026-03-13T23:15:33.295+0100] {processor.py:840} INFO - DAG(s) 'example_xcom' retrieved from /Users/harshasogala/financial-data-platform/venv/lib/python3.12/site-packages/airflow/example_dags/example_xcom.py
[2026-03-13T23:15:33.350+0100] {logging_mixin.py:188} INFO - [2026-03-13T23:15:33.349+0100] {dag.py:3089} INFO - Sync 1 DAGs
[2026-03-13T23:15:33.392+0100] {logging_mixin.py:188} INFO - [2026-03-13T23:15:33.391+0100] {dag.py:3947} INFO - Setting next_dagrun for example_xcom to 2021-01-01 00:00:00+00:00, run_after=2021-01-01 00:00:00+00:00
[2026-03-13T23:15:33.403+0100] {processor.py:183} INFO - Processing /Users/harshasogala/financial-data-platform/venv/lib/python3.12/site-packages/airflow/example_dags/example_xcom.py took 0.133 seconds
[2026-03-13T23:16:48.038+0100] {processor.py:161} INFO - Started process (PID=73619) to work on /Users/harshasogala/financial-data-platform/venv/lib/python3.12/site-packages/airflow/example_dags/example_xcom.py
[2026-03-13T23:16:48.039+0100] {processor.py:830} INFO - Processing file /Users/harshasogala/financial-data-platform/venv/lib/python3.12/site-packages/airflow/example_dags/example_xcom.py for tasks to queue
[2026-03-13T23:16:48.039+0100] {logging_mixin.py:188} INFO - [2026-03-13T23:16:48.039+0100] {dagbag.py:545} INFO - Filling up the DagBag from /Users/harshasogala/financial-data-platform/venv/lib/python3.12/site-packages/airflow/example_dags/example_xcom.py
[2026-03-13T23:16:48.062+0100] {processor.py:840} INFO - DAG(s) 'example_xcom' retrieved from /Users/harshasogala/financial-data-platform/venv/lib/python3.12/site-packages/airflow/example_dags/example_xcom.py
[2026-03-13T23:16:48.116+0100] {logging_mixin.py:188} INFO - [2026-03-13T23:16:48.116+0100] {dag.py:3089} INFO - Sync 1 DAGs
[2026-03-13T23:16:48.158+0100] {logging_mixin.py:188} INFO - [2026-03-13T23:16:48.158+0100] {dag.py:3947} INFO - Setting next_dagrun for example_xcom to 2021-01-01 00:00:00+00:00, run_after=2021-01-01 00:00:00+00:00
[2026-03-13T23:16:48.169+0100] {processor.py:183} INFO - Processing /Users/harshasogala/financial-data-platform/venv/lib/python3.12/site-packages/airflow/example_dags/example_xcom.py took 0.133 seconds
[2026-03-13T23:18:05.722+0100] {processor.py:161} INFO - Started process (PID=73686) to work on /Users/harshasogala/financial-data-platform/venv/lib/python3.12/site-packages/airflow/example_dags/example_xcom.py
[2026-03-13T23:18:05.725+0100] {processor.py:830} INFO - Processing file /Users/harshasogala/financial-data-platform/venv/lib/python3.12/site-packages/airflow/example_dags/example_xcom.py for tasks to queue
[2026-03-13T23:18:05.726+0100] {logging_mixin.py:188} INFO - [2026-03-13T23:18:05.725+0100] {dagbag.py:545} INFO - Filling up the DagBag from /Users/harshasogala/financial-data-platform/venv/lib/python3.12/site-packages/airflow/example_dags/example_xcom.py
[2026-03-13T23:18:05.766+0100] {processor.py:840} INFO - DAG(s) 'example_xcom' retrieved from /Users/harshasogala/financial-data-platform/venv/lib/python3.12/site-packages/airflow/example_dags/example_xcom.py
[2026-03-13T23:18:05.841+0100] {logging_mixin.py:188} INFO - [2026-03-13T23:18:05.841+0100] {dag.py:3089} INFO - Sync 1 DAGs
[2026-03-13T23:18:05.893+0100] {logging_mixin.py:188} INFO - [2026-03-13T23:18:05.893+0100] {dag.py:3947} INFO - Setting next_dagrun for example_xcom to 2021-01-01 00:00:00+00:00, run_after=2021-01-01 00:00:00+00:00
[2026-03-13T23:18:05.905+0100] {processor.py:183} INFO - Processing /Users/harshasogala/financial-data-platform/venv/lib/python3.12/site-packages/airflow/example_dags/example_xcom.py took 0.193 seconds
[2026-03-13T23:19:20.835+0100] {processor.py:161} INFO - Started process (PID=73746) to work on /Users/harshasogala/financial-data-platform/venv/lib/python3.12/site-packages/airflow/example_dags/example_xcom.py
[2026-03-13T23:19:20.838+0100] {processor.py:830} INFO - Processing file /Users/harshasogala/financial-data-platform/venv/lib/python3.12/site-packages/airflow/example_dags/example_xcom.py for tasks to queue
[2026-03-13T23:19:20.838+0100] {logging_mixin.py:188} INFO - [2026-03-13T23:19:20.838+0100] {dagbag.py:545} INFO - Filling up the DagBag from /Users/harshasogala/financial-data-platform/venv/lib/python3.12/site-packages/airflow/example_dags/example_xcom.py
[2026-03-13T23:19:20.862+0100] {processor.py:840} INFO - DAG(s) 'example_xcom' retrieved from /Users/harshasogala/financial-data-platform/venv/lib/python3.12/site-packages/airflow/example_dags/example_xcom.py
[2026-03-13T23:19:20.921+0100] {logging_mixin.py:188} INFO - [2026-03-13T23:19:20.921+0100] {dag.py:3089} INFO - Sync 1 DAGs
[2026-03-13T23:19:20.964+0100] {logging_mixin.py:188} INFO - [2026-03-13T23:19:20.964+0100] {dag.py:3947} INFO - Setting next_dagrun for example_xcom to 2021-01-01 00:00:00+00:00, run_after=2021-01-01 00:00:00+00:00
[2026-03-13T23:19:20.975+0100] {processor.py:183} INFO - Processing /Users/harshasogala/financial-data-platform/venv/lib/python3.12/site-packages/airflow/example_dags/example_xcom.py took 0.143 seconds
[2026-03-13T23:20:39.988+0100] {processor.py:161} INFO - Started process (PID=73812) to work on /Users/harshasogala/financial-data-platform/venv/lib/python3.12/site-packages/airflow/example_dags/example_xcom.py
[2026-03-13T23:20:39.989+0100] {processor.py:830} INFO - Processing file /Users/harshasogala/financial-data-platform/venv/lib/python3.12/site-packages/airflow/example_dags/example_xcom.py for tasks to queue
[2026-03-13T23:20:39.990+0100] {logging_mixin.py:188} INFO - [2026-03-13T23:20:39.989+0100] {dagbag.py:545} INFO - Filling up the DagBag from /Users/harshasogala/financial-data-platform/venv/lib/python3.12/site-packages/airflow/example_dags/example_xcom.py
[2026-03-13T23:20:40.013+0100] {processor.py:840} INFO - DAG(s) 'example_xcom' retrieved from /Users/harshasogala/financial-data-platform/venv/lib/python3.12/site-packages/airflow/example_dags/example_xcom.py
[2026-03-13T23:20:40.066+0100] {logging_mixin.py:188} INFO - [2026-03-13T23:20:40.066+0100] {dag.py:3089} INFO - Sync 1 DAGs
[2026-03-13T23:20:40.108+0100] {logging_mixin.py:188} INFO - [2026-03-13T23:20:40.108+0100] {dag.py:3947} INFO - Setting next_dagrun for example_xcom to 2021-01-01 00:00:00+00:00, run_after=2021-01-01 00:00:00+00:00
[2026-03-13T23:20:40.120+0100] {processor.py:183} INFO - Processing /Users/harshasogala/financial-data-platform/venv/lib/python3.12/site-packages/airflow/example_dags/example_xcom.py took 0.133 seconds
[2026-03-13T23:21:53.249+0100] {processor.py:161} INFO - Started process (PID=73895) to work on /Users/harshasogala/financial-data-platform/venv/lib/python3.12/site-packages/airflow/example_dags/example_xcom.py
[2026-03-13T23:21:53.250+0100] {processor.py:830} INFO - Processing file /Users/harshasogala/financial-data-platform/venv/lib/python3.12/site-packages/airflow/example_dags/example_xcom.py for tasks to queue
[2026-03-13T23:21:53.250+0100] {logging_mixin.py:188} INFO - [2026-03-13T23:21:53.250+0100] {dagbag.py:545} INFO - Filling up the DagBag from /Users/harshasogala/financial-data-platform/venv/lib/python3.12/site-packages/airflow/example_dags/example_xcom.py
[2026-03-13T23:21:53.273+0100] {processor.py:840} INFO - DAG(s) 'example_xcom' retrieved from /Users/harshasogala/financial-data-platform/venv/lib/python3.12/site-packages/airflow/example_dags/example_xcom.py
[2026-03-13T23:21:53.325+0100] {logging_mixin.py:188} INFO - [2026-03-13T23:21:53.325+0100] {dag.py:3089} INFO - Sync 1 DAGs
[2026-03-13T23:21:53.368+0100] {logging_mixin.py:188} INFO - [2026-03-13T23:21:53.368+0100] {dag.py:3947} INFO - Setting next_dagrun for example_xcom to 2021-01-01 00:00:00+00:00, run_after=2021-01-01 00:00:00+00:00
[2026-03-13T23:21:53.379+0100] {processor.py:183} INFO - Processing /Users/harshasogala/financial-data-platform/venv/lib/python3.12/site-packages/airflow/example_dags/example_xcom.py took 0.131 seconds
[2026-03-13T23:23:08.032+0100] {processor.py:161} INFO - Started process (PID=73957) to work on /Users/harshasogala/financial-data-platform/venv/lib/python3.12/site-packages/airflow/example_dags/example_xcom.py
[2026-03-13T23:23:08.033+0100] {processor.py:830} INFO - Processing file /Users/harshasogala/financial-data-platform/venv/lib/python3.12/site-packages/airflow/example_dags/example_xcom.py for tasks to queue
[2026-03-13T23:23:08.033+0100] {logging_mixin.py:188} INFO - [2026-03-13T23:23:08.033+0100] {dagbag.py:545} INFO - Filling up the DagBag from /Users/harshasogala/financial-data-platform/venv/lib/python3.12/site-packages/airflow/example_dags/example_xcom.py
[2026-03-13T23:23:08.056+0100] {processor.py:840} INFO - DAG(s) 'example_xcom' retrieved from /Users/harshasogala/financial-data-platform/venv/lib/python3.12/site-packages/airflow/example_dags/example_xcom.py
[2026-03-13T23:23:08.109+0100] {logging_mixin.py:188} INFO - [2026-03-13T23:23:08.109+0100] {dag.py:3089} INFO - Sync 1 DAGs
[2026-03-13T23:23:08.152+0100] {logging_mixin.py:188} INFO - [2026-03-13T23:23:08.152+0100] {dag.py:3947} INFO - Setting next_dagrun for example_xcom to 2021-01-01 00:00:00+00:00, run_after=2021-01-01 00:00:00+00:00
[2026-03-13T23:23:08.164+0100] {processor.py:183} INFO - Processing /Users/harshasogala/financial-data-platform/venv/lib/python3.12/site-packages/airflow/example_dags/example_xcom.py took 0.133 seconds
[2026-03-13T23:24:19.688+0100] {processor.py:161} INFO - Started process (PID=74016) to work on /Users/harshasogala/financial-data-platform/venv/lib/python3.12/site-packages/airflow/example_dags/example_xcom.py
[2026-03-13T23:24:19.689+0100] {processor.py:830} INFO - Processing file /Users/harshasogala/financial-data-platform/venv/lib/python3.12/site-packages/airflow/example_dags/example_xcom.py for tasks to queue
[2026-03-13T23:24:19.690+0100] {logging_mixin.py:188} INFO - [2026-03-13T23:24:19.690+0100] {dagbag.py:545} INFO - Filling up the DagBag from /Users/harshasogala/financial-data-platform/venv/lib/python3.12/site-packages/airflow/example_dags/example_xcom.py
[2026-03-13T23:24:19.713+0100] {processor.py:840} INFO - DAG(s) 'example_xcom' retrieved from /Users/harshasogala/financial-data-platform/venv/lib/python3.12/site-packages/airflow/example_dags/example_xcom.py
[2026-03-13T23:24:19.767+0100] {logging_mixin.py:188} INFO - [2026-03-13T23:24:19.767+0100] {dag.py:3089} INFO - Sync 1 DAGs
[2026-03-13T23:24:19.809+0100] {logging_mixin.py:188} INFO - [2026-03-13T23:24:19.809+0100] {dag.py:3947} INFO - Setting next_dagrun for example_xcom to 2021-01-01 00:00:00+00:00, run_after=2021-01-01 00:00:00+00:00
[2026-03-13T23:24:19.820+0100] {processor.py:183} INFO - Processing /Users/harshasogala/financial-data-platform/venv/lib/python3.12/site-packages/airflow/example_dags/example_xcom.py took 0.133 seconds
[2026-03-13T23:25:41.454+0100] {processor.py:161} INFO - Started process (PID=74077) to work on /Users/harshasogala/financial-data-platform/venv/lib/python3.12/site-packages/airflow/example_dags/example_xcom.py
[2026-03-13T23:25:41.455+0100] {processor.py:830} INFO - Processing file /Users/harshasogala/financial-data-platform/venv/lib/python3.12/site-packages/airflow/example_dags/example_xcom.py for tasks to queue
[2026-03-13T23:25:41.456+0100] {logging_mixin.py:188} INFO - [2026-03-13T23:25:41.456+0100] {dagbag.py:545} INFO - Filling up the DagBag from /Users/harshasogala/financial-data-platform/venv/lib/python3.12/site-packages/airflow/example_dags/example_xcom.py
[2026-03-13T23:25:41.479+0100] {processor.py:840} INFO - DAG(s) 'example_xcom' retrieved from /Users/harshasogala/financial-data-platform/venv/lib/python3.12/site-packages/airflow/example_dags/example_xcom.py
[2026-03-13T23:25:41.533+0100] {logging_mixin.py:188} INFO - [2026-03-13T23:25:41.533+0100] {dag.py:3089} INFO - Sync 1 DAGs
[2026-03-13T23:25:41.575+0100] {logging_mixin.py:188} INFO - [2026-03-13T23:25:41.575+0100] {dag.py:3947} INFO - Setting next_dagrun for example_xcom to 2021-01-01 00:00:00+00:00, run_after=2021-01-01 00:00:00+00:00
[2026-03-13T23:25:41.586+0100] {processor.py:183} INFO - Processing /Users/harshasogala/financial-data-platform/venv/lib/python3.12/site-packages/airflow/example_dags/example_xcom.py took 0.133 seconds
[2026-03-13T23:26:53.342+0100] {processor.py:161} INFO - Started process (PID=74136) to work on /Users/harshasogala/financial-data-platform/venv/lib/python3.12/site-packages/airflow/example_dags/example_xcom.py
[2026-03-13T23:26:53.343+0100] {processor.py:830} INFO - Processing file /Users/harshasogala/financial-data-platform/venv/lib/python3.12/site-packages/airflow/example_dags/example_xcom.py for tasks to queue
[2026-03-13T23:26:53.344+0100] {logging_mixin.py:188} INFO - [2026-03-13T23:26:53.344+0100] {dagbag.py:545} INFO - Filling up the DagBag from /Users/harshasogala/financial-data-platform/venv/lib/python3.12/site-packages/airflow/example_dags/example_xcom.py
[2026-03-13T23:26:53.367+0100] {processor.py:840} INFO - DAG(s) 'example_xcom' retrieved from /Users/harshasogala/financial-data-platform/venv/lib/python3.12/site-packages/airflow/example_dags/example_xcom.py
[2026-03-13T23:26:53.420+0100] {logging_mixin.py:188} INFO - [2026-03-13T23:26:53.420+0100] {dag.py:3089} INFO - Sync 1 DAGs
[2026-03-13T23:26:53.462+0100] {logging_mixin.py:188} INFO - [2026-03-13T23:26:53.462+0100] {dag.py:3947} INFO - Setting next_dagrun for example_xcom to 2021-01-01 00:00:00+00:00, run_after=2021-01-01 00:00:00+00:00
[2026-03-13T23:26:53.473+0100] {processor.py:183} INFO - Processing /Users/harshasogala/financial-data-platform/venv/lib/python3.12/site-packages/airflow/example_dags/example_xcom.py took 0.133 seconds
[2026-03-13T23:28:15.455+0100] {processor.py:161} INFO - Started process (PID=74236) to work on /Users/harshasogala/financial-data-platform/venv/lib/python3.12/site-packages/airflow/example_dags/example_xcom.py
[2026-03-13T23:28:15.457+0100] {processor.py:830} INFO - Processing file /Users/harshasogala/financial-data-platform/venv/lib/python3.12/site-packages/airflow/example_dags/example_xcom.py for tasks to queue
[2026-03-13T23:28:15.457+0100] {logging_mixin.py:188} INFO - [2026-03-13T23:28:15.457+0100] {dagbag.py:545} INFO - Filling up the DagBag from /Users/harshasogala/financial-data-platform/venv/lib/python3.12/site-packages/airflow/example_dags/example_xcom.py
[2026-03-13T23:28:15.480+0100] {processor.py:840} INFO - DAG(s) 'example_xcom' retrieved from /Users/harshasogala/financial-data-platform/venv/lib/python3.12/site-packages/airflow/example_dags/example_xcom.py
[2026-03-13T23:28:15.534+0100] {logging_mixin.py:188} INFO - [2026-03-13T23:28:15.534+0100] {dag.py:3089} INFO - Sync 1 DAGs
[2026-03-13T23:28:15.576+0100] {logging_mixin.py:188} INFO - [2026-03-13T23:28:15.576+0100] {dag.py:3947} INFO - Setting next_dagrun for example_xcom to 2021-01-01 00:00:00+00:00, run_after=2021-01-01 00:00:00+00:00
[2026-03-13T23:28:15.587+0100] {processor.py:183} INFO - Processing /Users/harshasogala/financial-data-platform/venv/lib/python3.12/site-packages/airflow/example_dags/example_xcom.py took 0.133 seconds
[2026-03-13T23:29:29.839+0100] {processor.py:161} INFO - Started process (PID=74297) to work on /Users/harshasogala/financial-data-platform/venv/lib/python3.12/site-packages/airflow/example_dags/example_xcom.py
[2026-03-13T23:29:29.840+0100] {processor.py:830} INFO - Processing file /Users/harshasogala/financial-data-platform/venv/lib/python3.12/site-packages/airflow/example_dags/example_xcom.py for tasks to queue
[2026-03-13T23:29:29.840+0100] {logging_mixin.py:188} INFO - [2026-03-13T23:29:29.840+0100] {dagbag.py:545} INFO - Filling up the DagBag from /Users/harshasogala/financial-data-platform/venv/lib/python3.12/site-packages/airflow/example_dags/example_xcom.py
[2026-03-13T23:29:29.864+0100] {processor.py:840} INFO - DAG(s) 'example_xcom' retrieved from /Users/harshasogala/financial-data-platform/venv/lib/python3.12/site-packages/airflow/example_dags/example_xcom.py
[2026-03-13T23:29:29.917+0100] {logging_mixin.py:188} INFO - [2026-03-13T23:29:29.917+0100] {dag.py:3089} INFO - Sync 1 DAGs
[2026-03-13T23:29:30.021+0100] {logging_mixin.py:188} INFO - [2026-03-13T23:29:30.021+0100] {dag.py:3947} INFO - Setting next_dagrun for example_xcom to 2021-01-01 00:00:00+00:00, run_after=2021-01-01 00:00:00+00:00
[2026-03-13T23:29:30.032+0100] {processor.py:183} INFO - Processing /Users/harshasogala/financial-data-platform/venv/lib/python3.12/site-packages/airflow/example_dags/example_xcom.py took 0.194 seconds
[2026-03-13T23:30:48.682+0100] {processor.py:161} INFO - Started process (PID=74389) to work on /Users/harshasogala/financial-data-platform/venv/lib/python3.12/site-packages/airflow/example_dags/example_xcom.py
[2026-03-13T23:30:48.683+0100] {processor.py:830} INFO - Processing file /Users/harshasogala/financial-data-platform/venv/lib/python3.12/site-packages/airflow/example_dags/example_xcom.py for tasks to queue
[2026-03-13T23:30:48.684+0100] {logging_mixin.py:188} INFO - [2026-03-13T23:30:48.683+0100] {dagbag.py:545} INFO - Filling up the DagBag from /Users/harshasogala/financial-data-platform/venv/lib/python3.12/site-packages/airflow/example_dags/example_xcom.py
[2026-03-13T23:30:48.707+0100] {processor.py:840} INFO - DAG(s) 'example_xcom' retrieved from /Users/harshasogala/financial-data-platform/venv/lib/python3.12/site-packages/airflow/example_dags/example_xcom.py
[2026-03-13T23:30:48.763+0100] {logging_mixin.py:188} INFO - [2026-03-13T23:30:48.763+0100] {dag.py:3089} INFO - Sync 1 DAGs
[2026-03-13T23:30:48.807+0100] {logging_mixin.py:188} INFO - [2026-03-13T23:30:48.807+0100] {dag.py:3947} INFO - Setting next_dagrun for example_xcom to 2021-01-01 00:00:00+00:00, run_after=2021-01-01 00:00:00+00:00
[2026-03-13T23:30:48.819+0100] {processor.py:183} INFO - Processing /Users/harshasogala/financial-data-platform/venv/lib/python3.12/site-packages/airflow/example_dags/example_xcom.py took 0.138 seconds
[2026-03-13T23:32:04.576+0100] {processor.py:161} INFO - Started process (PID=74822) to work on /Users/harshasogala/financial-data-platform/venv/lib/python3.12/site-packages/airflow/example_dags/example_xcom.py
[2026-03-13T23:32:04.577+0100] {processor.py:830} INFO - Processing file /Users/harshasogala/financial-data-platform/venv/lib/python3.12/site-packages/airflow/example_dags/example_xcom.py for tasks to queue
[2026-03-13T23:32:04.578+0100] {logging_mixin.py:188} INFO - [2026-03-13T23:32:04.577+0100] {dagbag.py:545} INFO - Filling up the DagBag from /Users/harshasogala/financial-data-platform/venv/lib/python3.12/site-packages/airflow/example_dags/example_xcom.py
[2026-03-13T23:32:04.601+0100] {processor.py:840} INFO - DAG(s) 'example_xcom' retrieved from /Users/harshasogala/financial-data-platform/venv/lib/python3.12/site-packages/airflow/example_dags/example_xcom.py
[2026-03-13T23:32:04.656+0100] {logging_mixin.py:188} INFO - [2026-03-13T23:32:04.655+0100] {dag.py:3089} INFO - Sync 1 DAGs
[2026-03-13T23:32:04.698+0100] {logging_mixin.py:188} INFO - [2026-03-13T23:32:04.698+0100] {dag.py:3947} INFO - Setting next_dagrun for example_xcom to 2021-01-01 00:00:00+00:00, run_after=2021-01-01 00:00:00+00:00
[2026-03-13T23:32:04.710+0100] {processor.py:183} INFO - Processing /Users/harshasogala/financial-data-platform/venv/lib/python3.12/site-packages/airflow/example_dags/example_xcom.py took 0.136 seconds
[2026-03-13T23:33:24.012+0100] {processor.py:161} INFO - Started process (PID=75013) to work on /Users/harshasogala/financial-data-platform/venv/lib/python3.12/site-packages/airflow/example_dags/example_xcom.py
[2026-03-13T23:33:24.013+0100] {processor.py:830} INFO - Processing file /Users/harshasogala/financial-data-platform/venv/lib/python3.12/site-packages/airflow/example_dags/example_xcom.py for tasks to queue
[2026-03-13T23:33:24.014+0100] {logging_mixin.py:188} INFO - [2026-03-13T23:33:24.014+0100] {dagbag.py:545} INFO - Filling up the DagBag from /Users/harshasogala/financial-data-platform/venv/lib/python3.12/site-packages/airflow/example_dags/example_xcom.py
[2026-03-13T23:33:24.037+0100] {processor.py:840} INFO - DAG(s) 'example_xcom' retrieved from /Users/harshasogala/financial-data-platform/venv/lib/python3.12/site-packages/airflow/example_dags/example_xcom.py
[2026-03-13T23:33:24.091+0100] {logging_mixin.py:188} INFO - [2026-03-13T23:33:24.091+0100] {dag.py:3089} INFO - Sync 1 DAGs
[2026-03-13T23:33:24.134+0100] {logging_mixin.py:188} INFO - [2026-03-13T23:33:24.134+0100] {dag.py:3947} INFO - Setting next_dagrun for example_xcom to 2021-01-01 00:00:00+00:00, run_after=2021-01-01 00:00:00+00:00
[2026-03-13T23:33:24.145+0100] {processor.py:183} INFO - Processing /Users/harshasogala/financial-data-platform/venv/lib/python3.12/site-packages/airflow/example_dags/example_xcom.py took 0.135 seconds
