[2026-03-13T22:18:09.335+0100] {processor.py:161} INFO - Started process (PID=65491) to work on /Users/harshasogala/financial-data-platform/venv/lib/python3.12/site-packages/airflow/example_dags/example_time_delta_sensor_async.py
[2026-03-13T22:18:09.336+0100] {processor.py:830} INFO - Processing file /Users/harshasogala/financial-data-platform/venv/lib/python3.12/site-packages/airflow/example_dags/example_time_delta_sensor_async.py for tasks to queue
[2026-03-13T22:18:09.336+0100] {logging_mixin.py:188} INFO - [2026-03-13T22:18:09.336+0100] {dagbag.py:545} INFO - Filling up the DagBag from /Users/harshasogala/financial-data-platform/venv/lib/python3.12/site-packages/airflow/example_dags/example_time_delta_sensor_async.py
[2026-03-13T22:18:09.341+0100] {processor.py:840} INFO - DAG(s) 'example_time_delta_sensor_async' retrieved from /Users/harshasogala/financial-data-platform/venv/lib/python3.12/site-packages/airflow/example_dags/example_time_delta_sensor_async.py
[2026-03-13T22:18:09.470+0100] {logging_mixin.py:188} INFO - [2026-03-13T22:18:09.470+0100] {override.py:1858} INFO - Created Permission View: can delete on DAG:example_time_delta_sensor_async
[2026-03-13T22:18:09.481+0100] {logging_mixin.py:188} INFO - [2026-03-13T22:18:09.481+0100] {override.py:1858} INFO - Created Permission View: can edit on DAG:example_time_delta_sensor_async
[2026-03-13T22:18:09.495+0100] {logging_mixin.py:188} INFO - [2026-03-13T22:18:09.494+0100] {override.py:1858} INFO - Created Permission View: can read on DAG:example_time_delta_sensor_async
[2026-03-13T22:18:09.495+0100] {logging_mixin.py:188} INFO - [2026-03-13T22:18:09.495+0100] {dag.py:3089} INFO - Sync 1 DAGs
[2026-03-13T22:18:09.555+0100] {logging_mixin.py:188} INFO - [2026-03-13T22:18:09.554+0100] {dag.py:3111} INFO - Creating ORM DAG for example_time_delta_sensor_async
[2026-03-13T22:18:09.555+0100] {logging_mixin.py:188} INFO - [2026-03-13T22:18:09.555+0100] {dag.py:3947} INFO - Setting next_dagrun for example_time_delta_sensor_async to None, run_after=None
[2026-03-13T22:18:09.570+0100] {processor.py:183} INFO - Processing /Users/harshasogala/financial-data-platform/venv/lib/python3.12/site-packages/airflow/example_dags/example_time_delta_sensor_async.py took 0.237 seconds
[2026-03-13T22:19:58.823+0100] {processor.py:161} INFO - Started process (PID=66077) to work on /Users/harshasogala/financial-data-platform/venv/lib/python3.12/site-packages/airflow/example_dags/example_time_delta_sensor_async.py
[2026-03-13T22:19:58.824+0100] {processor.py:830} INFO - Processing file /Users/harshasogala/financial-data-platform/venv/lib/python3.12/site-packages/airflow/example_dags/example_time_delta_sensor_async.py for tasks to queue
[2026-03-13T22:19:58.824+0100] {logging_mixin.py:188} INFO - [2026-03-13T22:19:58.824+0100] {dagbag.py:545} INFO - Filling up the DagBag from /Users/harshasogala/financial-data-platform/venv/lib/python3.12/site-packages/airflow/example_dags/example_time_delta_sensor_async.py
[2026-03-13T22:19:58.830+0100] {processor.py:840} INFO - DAG(s) 'example_time_delta_sensor_async' retrieved from /Users/harshasogala/financial-data-platform/venv/lib/python3.12/site-packages/airflow/example_dags/example_time_delta_sensor_async.py
[2026-03-13T22:19:58.890+0100] {logging_mixin.py:188} INFO - [2026-03-13T22:19:58.890+0100] {dag.py:3089} INFO - Sync 1 DAGs
[2026-03-13T22:19:58.897+0100] {logging_mixin.py:188} INFO - [2026-03-13T22:19:58.897+0100] {dag.py:3947} INFO - Setting next_dagrun for example_time_delta_sensor_async to None, run_after=None
[2026-03-13T22:19:58.907+0100] {processor.py:183} INFO - Processing /Users/harshasogala/financial-data-platform/venv/lib/python3.12/site-packages/airflow/example_dags/example_time_delta_sensor_async.py took 0.086 seconds
[2026-03-13T22:21:17.932+0100] {processor.py:161} INFO - Started process (PID=66150) to work on /Users/harshasogala/financial-data-platform/venv/lib/python3.12/site-packages/airflow/example_dags/example_time_delta_sensor_async.py
[2026-03-13T22:21:17.933+0100] {processor.py:830} INFO - Processing file /Users/harshasogala/financial-data-platform/venv/lib/python3.12/site-packages/airflow/example_dags/example_time_delta_sensor_async.py for tasks to queue
[2026-03-13T22:21:17.933+0100] {logging_mixin.py:188} INFO - [2026-03-13T22:21:17.933+0100] {dagbag.py:545} INFO - Filling up the DagBag from /Users/harshasogala/financial-data-platform/venv/lib/python3.12/site-packages/airflow/example_dags/example_time_delta_sensor_async.py
[2026-03-13T22:21:17.939+0100] {processor.py:840} INFO - DAG(s) 'example_time_delta_sensor_async' retrieved from /Users/harshasogala/financial-data-platform/venv/lib/python3.12/site-packages/airflow/example_dags/example_time_delta_sensor_async.py
[2026-03-13T22:21:18.000+0100] {logging_mixin.py:188} INFO - [2026-03-13T22:21:18.000+0100] {dag.py:3089} INFO - Sync 1 DAGs
[2026-03-13T22:21:18.006+0100] {logging_mixin.py:188} INFO - [2026-03-13T22:21:18.006+0100] {dag.py:3947} INFO - Setting next_dagrun for example_time_delta_sensor_async to None, run_after=None
[2026-03-13T22:21:18.017+0100] {processor.py:183} INFO - Processing /Users/harshasogala/financial-data-platform/venv/lib/python3.12/site-packages/airflow/example_dags/example_time_delta_sensor_async.py took 0.088 seconds
[2026-03-13T22:27:43.126+0100] {processor.py:161} INFO - Started process (PID=67213) to work on /Users/harshasogala/financial-data-platform/venv/lib/python3.12/site-packages/airflow/example_dags/example_time_delta_sensor_async.py
[2026-03-13T22:27:43.127+0100] {processor.py:830} INFO - Processing file /Users/harshasogala/financial-data-platform/venv/lib/python3.12/site-packages/airflow/example_dags/example_time_delta_sensor_async.py for tasks to queue
[2026-03-13T22:27:43.128+0100] {logging_mixin.py:188} INFO - [2026-03-13T22:27:43.128+0100] {dagbag.py:545} INFO - Filling up the DagBag from /Users/harshasogala/financial-data-platform/venv/lib/python3.12/site-packages/airflow/example_dags/example_time_delta_sensor_async.py
[2026-03-13T22:27:43.133+0100] {processor.py:840} INFO - DAG(s) 'example_time_delta_sensor_async' retrieved from /Users/harshasogala/financial-data-platform/venv/lib/python3.12/site-packages/airflow/example_dags/example_time_delta_sensor_async.py
[2026-03-13T22:27:43.202+0100] {logging_mixin.py:188} INFO - [2026-03-13T22:27:43.202+0100] {dag.py:3089} INFO - Sync 1 DAGs
[2026-03-13T22:27:43.209+0100] {logging_mixin.py:188} INFO - [2026-03-13T22:27:43.209+0100] {dag.py:3947} INFO - Setting next_dagrun for example_time_delta_sensor_async to None, run_after=None
[2026-03-13T22:27:43.223+0100] {processor.py:183} INFO - Processing /Users/harshasogala/financial-data-platform/venv/lib/python3.12/site-packages/airflow/example_dags/example_time_delta_sensor_async.py took 0.098 seconds
[2026-03-13T22:29:12.262+0100] {processor.py:161} INFO - Started process (PID=67370) to work on /Users/harshasogala/financial-data-platform/venv/lib/python3.12/site-packages/airflow/example_dags/example_time_delta_sensor_async.py
[2026-03-13T22:29:12.263+0100] {processor.py:830} INFO - Processing file /Users/harshasogala/financial-data-platform/venv/lib/python3.12/site-packages/airflow/example_dags/example_time_delta_sensor_async.py for tasks to queue
[2026-03-13T22:29:12.264+0100] {logging_mixin.py:188} INFO - [2026-03-13T22:29:12.263+0100] {dagbag.py:545} INFO - Filling up the DagBag from /Users/harshasogala/financial-data-platform/venv/lib/python3.12/site-packages/airflow/example_dags/example_time_delta_sensor_async.py
[2026-03-13T22:29:12.269+0100] {processor.py:840} INFO - DAG(s) 'example_time_delta_sensor_async' retrieved from /Users/harshasogala/financial-data-platform/venv/lib/python3.12/site-packages/airflow/example_dags/example_time_delta_sensor_async.py
[2026-03-13T22:29:12.332+0100] {logging_mixin.py:188} INFO - [2026-03-13T22:29:12.332+0100] {dag.py:3089} INFO - Sync 1 DAGs
[2026-03-13T22:29:12.338+0100] {logging_mixin.py:188} INFO - [2026-03-13T22:29:12.338+0100] {dag.py:3947} INFO - Setting next_dagrun for example_time_delta_sensor_async to None, run_after=None
[2026-03-13T22:29:12.350+0100] {processor.py:183} INFO - Processing /Users/harshasogala/financial-data-platform/venv/lib/python3.12/site-packages/airflow/example_dags/example_time_delta_sensor_async.py took 0.090 seconds
[2026-03-13T22:30:18.571+0100] {processor.py:161} INFO - Started process (PID=67502) to work on /Users/harshasogala/financial-data-platform/venv/lib/python3.12/site-packages/airflow/example_dags/example_time_delta_sensor_async.py
[2026-03-13T22:30:18.571+0100] {processor.py:830} INFO - Processing file /Users/harshasogala/financial-data-platform/venv/lib/python3.12/site-packages/airflow/example_dags/example_time_delta_sensor_async.py for tasks to queue
[2026-03-13T22:30:18.572+0100] {logging_mixin.py:188} INFO - [2026-03-13T22:30:18.572+0100] {dagbag.py:545} INFO - Filling up the DagBag from /Users/harshasogala/financial-data-platform/venv/lib/python3.12/site-packages/airflow/example_dags/example_time_delta_sensor_async.py
[2026-03-13T22:30:18.578+0100] {processor.py:840} INFO - DAG(s) 'example_time_delta_sensor_async' retrieved from /Users/harshasogala/financial-data-platform/venv/lib/python3.12/site-packages/airflow/example_dags/example_time_delta_sensor_async.py
[2026-03-13T22:30:18.639+0100] {logging_mixin.py:188} INFO - [2026-03-13T22:30:18.639+0100] {dag.py:3089} INFO - Sync 1 DAGs
[2026-03-13T22:30:18.646+0100] {logging_mixin.py:188} INFO - [2026-03-13T22:30:18.646+0100] {dag.py:3947} INFO - Setting next_dagrun for example_time_delta_sensor_async to None, run_after=None
[2026-03-13T22:30:18.656+0100] {processor.py:183} INFO - Processing /Users/harshasogala/financial-data-platform/venv/lib/python3.12/site-packages/airflow/example_dags/example_time_delta_sensor_async.py took 0.087 seconds
[2026-03-13T22:31:30.379+0100] {processor.py:161} INFO - Started process (PID=68075) to work on /Users/harshasogala/financial-data-platform/venv/lib/python3.12/site-packages/airflow/example_dags/example_time_delta_sensor_async.py
[2026-03-13T22:31:30.381+0100] {processor.py:830} INFO - Processing file /Users/harshasogala/financial-data-platform/venv/lib/python3.12/site-packages/airflow/example_dags/example_time_delta_sensor_async.py for tasks to queue
[2026-03-13T22:31:30.381+0100] {logging_mixin.py:188} INFO - [2026-03-13T22:31:30.381+0100] {dagbag.py:545} INFO - Filling up the DagBag from /Users/harshasogala/financial-data-platform/venv/lib/python3.12/site-packages/airflow/example_dags/example_time_delta_sensor_async.py
[2026-03-13T22:31:30.389+0100] {processor.py:840} INFO - DAG(s) 'example_time_delta_sensor_async' retrieved from /Users/harshasogala/financial-data-platform/venv/lib/python3.12/site-packages/airflow/example_dags/example_time_delta_sensor_async.py
[2026-03-13T22:31:30.475+0100] {logging_mixin.py:188} INFO - [2026-03-13T22:31:30.475+0100] {dag.py:3089} INFO - Sync 1 DAGs
[2026-03-13T22:31:30.482+0100] {logging_mixin.py:188} INFO - [2026-03-13T22:31:30.482+0100] {dag.py:3947} INFO - Setting next_dagrun for example_time_delta_sensor_async to None, run_after=None
[2026-03-13T22:31:30.497+0100] {processor.py:183} INFO - Processing /Users/harshasogala/financial-data-platform/venv/lib/python3.12/site-packages/airflow/example_dags/example_time_delta_sensor_async.py took 0.120 seconds
[2026-03-13T22:32:52.646+0100] {processor.py:161} INFO - Started process (PID=68832) to work on /Users/harshasogala/financial-data-platform/venv/lib/python3.12/site-packages/airflow/example_dags/example_time_delta_sensor_async.py
[2026-03-13T22:32:52.647+0100] {processor.py:830} INFO - Processing file /Users/harshasogala/financial-data-platform/venv/lib/python3.12/site-packages/airflow/example_dags/example_time_delta_sensor_async.py for tasks to queue
[2026-03-13T22:32:52.647+0100] {logging_mixin.py:188} INFO - [2026-03-13T22:32:52.647+0100] {dagbag.py:545} INFO - Filling up the DagBag from /Users/harshasogala/financial-data-platform/venv/lib/python3.12/site-packages/airflow/example_dags/example_time_delta_sensor_async.py
[2026-03-13T22:32:52.654+0100] {processor.py:840} INFO - DAG(s) 'example_time_delta_sensor_async' retrieved from /Users/harshasogala/financial-data-platform/venv/lib/python3.12/site-packages/airflow/example_dags/example_time_delta_sensor_async.py
[2026-03-13T22:32:52.725+0100] {logging_mixin.py:188} INFO - [2026-03-13T22:32:52.724+0100] {dag.py:3089} INFO - Sync 1 DAGs
[2026-03-13T22:32:52.730+0100] {logging_mixin.py:188} INFO - [2026-03-13T22:32:52.730+0100] {dag.py:3947} INFO - Setting next_dagrun for example_time_delta_sensor_async to None, run_after=None
[2026-03-13T22:32:52.741+0100] {processor.py:183} INFO - Processing /Users/harshasogala/financial-data-platform/venv/lib/python3.12/site-packages/airflow/example_dags/example_time_delta_sensor_async.py took 0.098 seconds
[2026-03-13T22:34:13.905+0100] {processor.py:161} INFO - Started process (PID=69177) to work on /Users/harshasogala/financial-data-platform/venv/lib/python3.12/site-packages/airflow/example_dags/example_time_delta_sensor_async.py
[2026-03-13T22:34:13.907+0100] {processor.py:830} INFO - Processing file /Users/harshasogala/financial-data-platform/venv/lib/python3.12/site-packages/airflow/example_dags/example_time_delta_sensor_async.py for tasks to queue
[2026-03-13T22:34:13.907+0100] {logging_mixin.py:188} INFO - [2026-03-13T22:34:13.907+0100] {dagbag.py:545} INFO - Filling up the DagBag from /Users/harshasogala/financial-data-platform/venv/lib/python3.12/site-packages/airflow/example_dags/example_time_delta_sensor_async.py
[2026-03-13T22:34:13.912+0100] {processor.py:840} INFO - DAG(s) 'example_time_delta_sensor_async' retrieved from /Users/harshasogala/financial-data-platform/venv/lib/python3.12/site-packages/airflow/example_dags/example_time_delta_sensor_async.py
[2026-03-13T22:34:13.972+0100] {logging_mixin.py:188} INFO - [2026-03-13T22:34:13.972+0100] {dag.py:3089} INFO - Sync 1 DAGs
[2026-03-13T22:34:13.978+0100] {logging_mixin.py:188} INFO - [2026-03-13T22:34:13.977+0100] {dag.py:3947} INFO - Setting next_dagrun for example_time_delta_sensor_async to None, run_after=None
[2026-03-13T22:34:13.988+0100] {processor.py:183} INFO - Processing /Users/harshasogala/financial-data-platform/venv/lib/python3.12/site-packages/airflow/example_dags/example_time_delta_sensor_async.py took 0.084 seconds
[2026-03-13T22:35:29.364+0100] {processor.py:161} INFO - Started process (PID=69238) to work on /Users/harshasogala/financial-data-platform/venv/lib/python3.12/site-packages/airflow/example_dags/example_time_delta_sensor_async.py
[2026-03-13T22:35:29.365+0100] {processor.py:830} INFO - Processing file /Users/harshasogala/financial-data-platform/venv/lib/python3.12/site-packages/airflow/example_dags/example_time_delta_sensor_async.py for tasks to queue
[2026-03-13T22:35:29.365+0100] {logging_mixin.py:188} INFO - [2026-03-13T22:35:29.365+0100] {dagbag.py:545} INFO - Filling up the DagBag from /Users/harshasogala/financial-data-platform/venv/lib/python3.12/site-packages/airflow/example_dags/example_time_delta_sensor_async.py
[2026-03-13T22:35:29.371+0100] {processor.py:840} INFO - DAG(s) 'example_time_delta_sensor_async' retrieved from /Users/harshasogala/financial-data-platform/venv/lib/python3.12/site-packages/airflow/example_dags/example_time_delta_sensor_async.py
[2026-03-13T22:35:29.430+0100] {logging_mixin.py:188} INFO - [2026-03-13T22:35:29.430+0100] {dag.py:3089} INFO - Sync 1 DAGs
[2026-03-13T22:35:29.435+0100] {logging_mixin.py:188} INFO - [2026-03-13T22:35:29.435+0100] {dag.py:3947} INFO - Setting next_dagrun for example_time_delta_sensor_async to None, run_after=None
[2026-03-13T22:35:29.446+0100] {processor.py:183} INFO - Processing /Users/harshasogala/financial-data-platform/venv/lib/python3.12/site-packages/airflow/example_dags/example_time_delta_sensor_async.py took 0.084 seconds
[2026-03-13T22:36:43.343+0100] {processor.py:161} INFO - Started process (PID=69316) to work on /Users/harshasogala/financial-data-platform/venv/lib/python3.12/site-packages/airflow/example_dags/example_time_delta_sensor_async.py
[2026-03-13T22:36:43.344+0100] {processor.py:830} INFO - Processing file /Users/harshasogala/financial-data-platform/venv/lib/python3.12/site-packages/airflow/example_dags/example_time_delta_sensor_async.py for tasks to queue
[2026-03-13T22:36:43.344+0100] {logging_mixin.py:188} INFO - [2026-03-13T22:36:43.344+0100] {dagbag.py:545} INFO - Filling up the DagBag from /Users/harshasogala/financial-data-platform/venv/lib/python3.12/site-packages/airflow/example_dags/example_time_delta_sensor_async.py
[2026-03-13T22:36:43.350+0100] {processor.py:840} INFO - DAG(s) 'example_time_delta_sensor_async' retrieved from /Users/harshasogala/financial-data-platform/venv/lib/python3.12/site-packages/airflow/example_dags/example_time_delta_sensor_async.py
[2026-03-13T22:36:43.409+0100] {logging_mixin.py:188} INFO - [2026-03-13T22:36:43.409+0100] {dag.py:3089} INFO - Sync 1 DAGs
[2026-03-13T22:36:43.415+0100] {logging_mixin.py:188} INFO - [2026-03-13T22:36:43.414+0100] {dag.py:3947} INFO - Setting next_dagrun for example_time_delta_sensor_async to None, run_after=None
[2026-03-13T22:36:43.425+0100] {processor.py:183} INFO - Processing /Users/harshasogala/financial-data-platform/venv/lib/python3.12/site-packages/airflow/example_dags/example_time_delta_sensor_async.py took 0.084 seconds
[2026-03-13T22:37:57.225+0100] {processor.py:161} INFO - Started process (PID=69374) to work on /Users/harshasogala/financial-data-platform/venv/lib/python3.12/site-packages/airflow/example_dags/example_time_delta_sensor_async.py
[2026-03-13T22:37:57.226+0100] {processor.py:830} INFO - Processing file /Users/harshasogala/financial-data-platform/venv/lib/python3.12/site-packages/airflow/example_dags/example_time_delta_sensor_async.py for tasks to queue
[2026-03-13T22:37:57.226+0100] {logging_mixin.py:188} INFO - [2026-03-13T22:37:57.226+0100] {dagbag.py:545} INFO - Filling up the DagBag from /Users/harshasogala/financial-data-platform/venv/lib/python3.12/site-packages/airflow/example_dags/example_time_delta_sensor_async.py
[2026-03-13T22:37:57.232+0100] {processor.py:840} INFO - DAG(s) 'example_time_delta_sensor_async' retrieved from /Users/harshasogala/financial-data-platform/venv/lib/python3.12/site-packages/airflow/example_dags/example_time_delta_sensor_async.py
[2026-03-13T22:37:57.292+0100] {logging_mixin.py:188} INFO - [2026-03-13T22:37:57.292+0100] {dag.py:3089} INFO - Sync 1 DAGs
[2026-03-13T22:37:57.297+0100] {logging_mixin.py:188} INFO - [2026-03-13T22:37:57.297+0100] {dag.py:3947} INFO - Setting next_dagrun for example_time_delta_sensor_async to None, run_after=None
[2026-03-13T22:37:57.308+0100] {processor.py:183} INFO - Processing /Users/harshasogala/financial-data-platform/venv/lib/python3.12/site-packages/airflow/example_dags/example_time_delta_sensor_async.py took 0.085 seconds
[2026-03-13T22:39:11.539+0100] {processor.py:161} INFO - Started process (PID=69443) to work on /Users/harshasogala/financial-data-platform/venv/lib/python3.12/site-packages/airflow/example_dags/example_time_delta_sensor_async.py
[2026-03-13T22:39:11.541+0100] {processor.py:830} INFO - Processing file /Users/harshasogala/financial-data-platform/venv/lib/python3.12/site-packages/airflow/example_dags/example_time_delta_sensor_async.py for tasks to queue
[2026-03-13T22:39:11.541+0100] {logging_mixin.py:188} INFO - [2026-03-13T22:39:11.541+0100] {dagbag.py:545} INFO - Filling up the DagBag from /Users/harshasogala/financial-data-platform/venv/lib/python3.12/site-packages/airflow/example_dags/example_time_delta_sensor_async.py
[2026-03-13T22:39:11.546+0100] {processor.py:840} INFO - DAG(s) 'example_time_delta_sensor_async' retrieved from /Users/harshasogala/financial-data-platform/venv/lib/python3.12/site-packages/airflow/example_dags/example_time_delta_sensor_async.py
[2026-03-13T22:39:11.607+0100] {logging_mixin.py:188} INFO - [2026-03-13T22:39:11.607+0100] {dag.py:3089} INFO - Sync 1 DAGs
[2026-03-13T22:39:11.614+0100] {logging_mixin.py:188} INFO - [2026-03-13T22:39:11.614+0100] {dag.py:3947} INFO - Setting next_dagrun for example_time_delta_sensor_async to None, run_after=None
[2026-03-13T22:39:11.625+0100] {processor.py:183} INFO - Processing /Users/harshasogala/financial-data-platform/venv/lib/python3.12/site-packages/airflow/example_dags/example_time_delta_sensor_async.py took 0.088 seconds
[2026-03-13T22:40:32.817+0100] {processor.py:161} INFO - Started process (PID=69664) to work on /Users/harshasogala/financial-data-platform/venv/lib/python3.12/site-packages/airflow/example_dags/example_time_delta_sensor_async.py
[2026-03-13T22:40:32.818+0100] {processor.py:830} INFO - Processing file /Users/harshasogala/financial-data-platform/venv/lib/python3.12/site-packages/airflow/example_dags/example_time_delta_sensor_async.py for tasks to queue
[2026-03-13T22:40:32.818+0100] {logging_mixin.py:188} INFO - [2026-03-13T22:40:32.818+0100] {dagbag.py:545} INFO - Filling up the DagBag from /Users/harshasogala/financial-data-platform/venv/lib/python3.12/site-packages/airflow/example_dags/example_time_delta_sensor_async.py
[2026-03-13T22:40:32.823+0100] {processor.py:840} INFO - DAG(s) 'example_time_delta_sensor_async' retrieved from /Users/harshasogala/financial-data-platform/venv/lib/python3.12/site-packages/airflow/example_dags/example_time_delta_sensor_async.py
[2026-03-13T22:40:32.883+0100] {logging_mixin.py:188} INFO - [2026-03-13T22:40:32.882+0100] {dag.py:3089} INFO - Sync 1 DAGs
[2026-03-13T22:40:32.888+0100] {logging_mixin.py:188} INFO - [2026-03-13T22:40:32.888+0100] {dag.py:3947} INFO - Setting next_dagrun for example_time_delta_sensor_async to None, run_after=None
[2026-03-13T22:40:32.898+0100] {processor.py:183} INFO - Processing /Users/harshasogala/financial-data-platform/venv/lib/python3.12/site-packages/airflow/example_dags/example_time_delta_sensor_async.py took 0.083 seconds
[2026-03-13T22:41:50.859+0100] {processor.py:161} INFO - Started process (PID=69723) to work on /Users/harshasogala/financial-data-platform/venv/lib/python3.12/site-packages/airflow/example_dags/example_time_delta_sensor_async.py
[2026-03-13T22:41:50.860+0100] {processor.py:830} INFO - Processing file /Users/harshasogala/financial-data-platform/venv/lib/python3.12/site-packages/airflow/example_dags/example_time_delta_sensor_async.py for tasks to queue
[2026-03-13T22:41:50.860+0100] {logging_mixin.py:188} INFO - [2026-03-13T22:41:50.860+0100] {dagbag.py:545} INFO - Filling up the DagBag from /Users/harshasogala/financial-data-platform/venv/lib/python3.12/site-packages/airflow/example_dags/example_time_delta_sensor_async.py
[2026-03-13T22:41:50.866+0100] {processor.py:840} INFO - DAG(s) 'example_time_delta_sensor_async' retrieved from /Users/harshasogala/financial-data-platform/venv/lib/python3.12/site-packages/airflow/example_dags/example_time_delta_sensor_async.py
[2026-03-13T22:41:50.926+0100] {logging_mixin.py:188} INFO - [2026-03-13T22:41:50.926+0100] {dag.py:3089} INFO - Sync 1 DAGs
[2026-03-13T22:41:50.931+0100] {logging_mixin.py:188} INFO - [2026-03-13T22:41:50.931+0100] {dag.py:3947} INFO - Setting next_dagrun for example_time_delta_sensor_async to None, run_after=None
[2026-03-13T22:41:50.942+0100] {processor.py:183} INFO - Processing /Users/harshasogala/financial-data-platform/venv/lib/python3.12/site-packages/airflow/example_dags/example_time_delta_sensor_async.py took 0.085 seconds
[2026-03-13T22:43:09.294+0100] {processor.py:161} INFO - Started process (PID=69789) to work on /Users/harshasogala/financial-data-platform/venv/lib/python3.12/site-packages/airflow/example_dags/example_time_delta_sensor_async.py
[2026-03-13T22:43:09.295+0100] {processor.py:830} INFO - Processing file /Users/harshasogala/financial-data-platform/venv/lib/python3.12/site-packages/airflow/example_dags/example_time_delta_sensor_async.py for tasks to queue
[2026-03-13T22:43:09.296+0100] {logging_mixin.py:188} INFO - [2026-03-13T22:43:09.296+0100] {dagbag.py:545} INFO - Filling up the DagBag from /Users/harshasogala/financial-data-platform/venv/lib/python3.12/site-packages/airflow/example_dags/example_time_delta_sensor_async.py
[2026-03-13T22:43:09.301+0100] {processor.py:840} INFO - DAG(s) 'example_time_delta_sensor_async' retrieved from /Users/harshasogala/financial-data-platform/venv/lib/python3.12/site-packages/airflow/example_dags/example_time_delta_sensor_async.py
[2026-03-13T22:43:09.361+0100] {logging_mixin.py:188} INFO - [2026-03-13T22:43:09.361+0100] {dag.py:3089} INFO - Sync 1 DAGs
[2026-03-13T22:43:09.366+0100] {logging_mixin.py:188} INFO - [2026-03-13T22:43:09.366+0100] {dag.py:3947} INFO - Setting next_dagrun for example_time_delta_sensor_async to None, run_after=None
[2026-03-13T22:43:09.377+0100] {processor.py:183} INFO - Processing /Users/harshasogala/financial-data-platform/venv/lib/python3.12/site-packages/airflow/example_dags/example_time_delta_sensor_async.py took 0.085 seconds
[2026-03-13T22:44:31.677+0100] {processor.py:161} INFO - Started process (PID=70042) to work on /Users/harshasogala/financial-data-platform/venv/lib/python3.12/site-packages/airflow/example_dags/example_time_delta_sensor_async.py
[2026-03-13T22:44:31.679+0100] {processor.py:830} INFO - Processing file /Users/harshasogala/financial-data-platform/venv/lib/python3.12/site-packages/airflow/example_dags/example_time_delta_sensor_async.py for tasks to queue
[2026-03-13T22:44:31.679+0100] {logging_mixin.py:188} INFO - [2026-03-13T22:44:31.679+0100] {dagbag.py:545} INFO - Filling up the DagBag from /Users/harshasogala/financial-data-platform/venv/lib/python3.12/site-packages/airflow/example_dags/example_time_delta_sensor_async.py
[2026-03-13T22:44:31.685+0100] {processor.py:840} INFO - DAG(s) 'example_time_delta_sensor_async' retrieved from /Users/harshasogala/financial-data-platform/venv/lib/python3.12/site-packages/airflow/example_dags/example_time_delta_sensor_async.py
[2026-03-13T22:44:31.745+0100] {logging_mixin.py:188} INFO - [2026-03-13T22:44:31.744+0100] {dag.py:3089} INFO - Sync 1 DAGs
[2026-03-13T22:44:31.750+0100] {logging_mixin.py:188} INFO - [2026-03-13T22:44:31.750+0100] {dag.py:3947} INFO - Setting next_dagrun for example_time_delta_sensor_async to None, run_after=None
[2026-03-13T22:44:31.760+0100] {processor.py:183} INFO - Processing /Users/harshasogala/financial-data-platform/venv/lib/python3.12/site-packages/airflow/example_dags/example_time_delta_sensor_async.py took 0.085 seconds
[2026-03-13T22:46:04.499+0100] {processor.py:161} INFO - Started process (PID=70346) to work on /Users/harshasogala/financial-data-platform/venv/lib/python3.12/site-packages/airflow/example_dags/example_time_delta_sensor_async.py
[2026-03-13T22:46:04.500+0100] {processor.py:830} INFO - Processing file /Users/harshasogala/financial-data-platform/venv/lib/python3.12/site-packages/airflow/example_dags/example_time_delta_sensor_async.py for tasks to queue
[2026-03-13T22:46:04.501+0100] {logging_mixin.py:188} INFO - [2026-03-13T22:46:04.500+0100] {dagbag.py:545} INFO - Filling up the DagBag from /Users/harshasogala/financial-data-platform/venv/lib/python3.12/site-packages/airflow/example_dags/example_time_delta_sensor_async.py
[2026-03-13T22:46:04.506+0100] {processor.py:840} INFO - DAG(s) 'example_time_delta_sensor_async' retrieved from /Users/harshasogala/financial-data-platform/venv/lib/python3.12/site-packages/airflow/example_dags/example_time_delta_sensor_async.py
[2026-03-13T22:46:04.564+0100] {logging_mixin.py:188} INFO - [2026-03-13T22:46:04.564+0100] {dag.py:3089} INFO - Sync 1 DAGs
[2026-03-13T22:46:04.569+0100] {logging_mixin.py:188} INFO - [2026-03-13T22:46:04.569+0100] {dag.py:3947} INFO - Setting next_dagrun for example_time_delta_sensor_async to None, run_after=None
[2026-03-13T22:46:04.579+0100] {processor.py:183} INFO - Processing /Users/harshasogala/financial-data-platform/venv/lib/python3.12/site-packages/airflow/example_dags/example_time_delta_sensor_async.py took 0.082 seconds
[2026-03-13T22:47:29.089+0100] {processor.py:161} INFO - Started process (PID=71374) to work on /Users/harshasogala/financial-data-platform/venv/lib/python3.12/site-packages/airflow/example_dags/example_time_delta_sensor_async.py
[2026-03-13T22:47:29.090+0100] {processor.py:830} INFO - Processing file /Users/harshasogala/financial-data-platform/venv/lib/python3.12/site-packages/airflow/example_dags/example_time_delta_sensor_async.py for tasks to queue
[2026-03-13T22:47:29.091+0100] {logging_mixin.py:188} INFO - [2026-03-13T22:47:29.090+0100] {dagbag.py:545} INFO - Filling up the DagBag from /Users/harshasogala/financial-data-platform/venv/lib/python3.12/site-packages/airflow/example_dags/example_time_delta_sensor_async.py
[2026-03-13T22:47:29.096+0100] {processor.py:840} INFO - DAG(s) 'example_time_delta_sensor_async' retrieved from /Users/harshasogala/financial-data-platform/venv/lib/python3.12/site-packages/airflow/example_dags/example_time_delta_sensor_async.py
[2026-03-13T22:47:29.155+0100] {logging_mixin.py:188} INFO - [2026-03-13T22:47:29.155+0100] {dag.py:3089} INFO - Sync 1 DAGs
[2026-03-13T22:47:29.160+0100] {logging_mixin.py:188} INFO - [2026-03-13T22:47:29.160+0100] {dag.py:3947} INFO - Setting next_dagrun for example_time_delta_sensor_async to None, run_after=None
[2026-03-13T22:47:29.171+0100] {processor.py:183} INFO - Processing /Users/harshasogala/financial-data-platform/venv/lib/python3.12/site-packages/airflow/example_dags/example_time_delta_sensor_async.py took 0.084 seconds
[2026-03-13T22:48:46.090+0100] {processor.py:161} INFO - Started process (PID=71443) to work on /Users/harshasogala/financial-data-platform/venv/lib/python3.12/site-packages/airflow/example_dags/example_time_delta_sensor_async.py
[2026-03-13T22:48:46.091+0100] {processor.py:830} INFO - Processing file /Users/harshasogala/financial-data-platform/venv/lib/python3.12/site-packages/airflow/example_dags/example_time_delta_sensor_async.py for tasks to queue
[2026-03-13T22:48:46.092+0100] {logging_mixin.py:188} INFO - [2026-03-13T22:48:46.092+0100] {dagbag.py:545} INFO - Filling up the DagBag from /Users/harshasogala/financial-data-platform/venv/lib/python3.12/site-packages/airflow/example_dags/example_time_delta_sensor_async.py
[2026-03-13T22:48:46.099+0100] {processor.py:840} INFO - DAG(s) 'example_time_delta_sensor_async' retrieved from /Users/harshasogala/financial-data-platform/venv/lib/python3.12/site-packages/airflow/example_dags/example_time_delta_sensor_async.py
[2026-03-13T22:48:46.161+0100] {logging_mixin.py:188} INFO - [2026-03-13T22:48:46.161+0100] {dag.py:3089} INFO - Sync 1 DAGs
[2026-03-13T22:48:46.166+0100] {logging_mixin.py:188} INFO - [2026-03-13T22:48:46.166+0100] {dag.py:3947} INFO - Setting next_dagrun for example_time_delta_sensor_async to None, run_after=None
[2026-03-13T22:48:46.177+0100] {processor.py:183} INFO - Processing /Users/harshasogala/financial-data-platform/venv/lib/python3.12/site-packages/airflow/example_dags/example_time_delta_sensor_async.py took 0.091 seconds
[2026-03-13T22:50:06.637+0100] {processor.py:161} INFO - Started process (PID=71696) to work on /Users/harshasogala/financial-data-platform/venv/lib/python3.12/site-packages/airflow/example_dags/example_time_delta_sensor_async.py
[2026-03-13T22:50:06.637+0100] {processor.py:830} INFO - Processing file /Users/harshasogala/financial-data-platform/venv/lib/python3.12/site-packages/airflow/example_dags/example_time_delta_sensor_async.py for tasks to queue
[2026-03-13T22:50:06.638+0100] {logging_mixin.py:188} INFO - [2026-03-13T22:50:06.638+0100] {dagbag.py:545} INFO - Filling up the DagBag from /Users/harshasogala/financial-data-platform/venv/lib/python3.12/site-packages/airflow/example_dags/example_time_delta_sensor_async.py
[2026-03-13T22:50:06.644+0100] {processor.py:840} INFO - DAG(s) 'example_time_delta_sensor_async' retrieved from /Users/harshasogala/financial-data-platform/venv/lib/python3.12/site-packages/airflow/example_dags/example_time_delta_sensor_async.py
[2026-03-13T22:50:06.707+0100] {logging_mixin.py:188} INFO - [2026-03-13T22:50:06.707+0100] {dag.py:3089} INFO - Sync 1 DAGs
[2026-03-13T22:50:06.713+0100] {logging_mixin.py:188} INFO - [2026-03-13T22:50:06.713+0100] {dag.py:3947} INFO - Setting next_dagrun for example_time_delta_sensor_async to None, run_after=None
[2026-03-13T22:50:06.728+0100] {processor.py:183} INFO - Processing /Users/harshasogala/financial-data-platform/venv/lib/python3.12/site-packages/airflow/example_dags/example_time_delta_sensor_async.py took 0.093 seconds
[2026-03-13T22:51:36.286+0100] {processor.py:161} INFO - Started process (PID=72059) to work on /Users/harshasogala/financial-data-platform/venv/lib/python3.12/site-packages/airflow/example_dags/example_time_delta_sensor_async.py
[2026-03-13T22:51:36.287+0100] {processor.py:830} INFO - Processing file /Users/harshasogala/financial-data-platform/venv/lib/python3.12/site-packages/airflow/example_dags/example_time_delta_sensor_async.py for tasks to queue
[2026-03-13T22:51:36.288+0100] {logging_mixin.py:188} INFO - [2026-03-13T22:51:36.288+0100] {dagbag.py:545} INFO - Filling up the DagBag from /Users/harshasogala/financial-data-platform/venv/lib/python3.12/site-packages/airflow/example_dags/example_time_delta_sensor_async.py
[2026-03-13T22:51:36.293+0100] {processor.py:840} INFO - DAG(s) 'example_time_delta_sensor_async' retrieved from /Users/harshasogala/financial-data-platform/venv/lib/python3.12/site-packages/airflow/example_dags/example_time_delta_sensor_async.py
[2026-03-13T22:51:36.353+0100] {logging_mixin.py:188} INFO - [2026-03-13T22:51:36.353+0100] {dag.py:3089} INFO - Sync 1 DAGs
[2026-03-13T22:51:36.358+0100] {logging_mixin.py:188} INFO - [2026-03-13T22:51:36.358+0100] {dag.py:3947} INFO - Setting next_dagrun for example_time_delta_sensor_async to None, run_after=None
[2026-03-13T22:51:36.369+0100] {processor.py:183} INFO - Processing /Users/harshasogala/financial-data-platform/venv/lib/python3.12/site-packages/airflow/example_dags/example_time_delta_sensor_async.py took 0.084 seconds
[2026-03-13T22:52:51.438+0100] {processor.py:161} INFO - Started process (PID=72384) to work on /Users/harshasogala/financial-data-platform/venv/lib/python3.12/site-packages/airflow/example_dags/example_time_delta_sensor_async.py
[2026-03-13T22:52:51.439+0100] {processor.py:830} INFO - Processing file /Users/harshasogala/financial-data-platform/venv/lib/python3.12/site-packages/airflow/example_dags/example_time_delta_sensor_async.py for tasks to queue
[2026-03-13T22:52:51.440+0100] {logging_mixin.py:188} INFO - [2026-03-13T22:52:51.440+0100] {dagbag.py:545} INFO - Filling up the DagBag from /Users/harshasogala/financial-data-platform/venv/lib/python3.12/site-packages/airflow/example_dags/example_time_delta_sensor_async.py
[2026-03-13T22:52:51.445+0100] {processor.py:840} INFO - DAG(s) 'example_time_delta_sensor_async' retrieved from /Users/harshasogala/financial-data-platform/venv/lib/python3.12/site-packages/airflow/example_dags/example_time_delta_sensor_async.py
[2026-03-13T22:52:51.504+0100] {logging_mixin.py:188} INFO - [2026-03-13T22:52:51.504+0100] {dag.py:3089} INFO - Sync 1 DAGs
[2026-03-13T22:52:51.509+0100] {logging_mixin.py:188} INFO - [2026-03-13T22:52:51.509+0100] {dag.py:3947} INFO - Setting next_dagrun for example_time_delta_sensor_async to None, run_after=None
[2026-03-13T22:52:51.519+0100] {processor.py:183} INFO - Processing /Users/harshasogala/financial-data-platform/venv/lib/python3.12/site-packages/airflow/example_dags/example_time_delta_sensor_async.py took 0.083 seconds
[2026-03-13T22:54:09.033+0100] {processor.py:161} INFO - Started process (PID=72466) to work on /Users/harshasogala/financial-data-platform/venv/lib/python3.12/site-packages/airflow/example_dags/example_time_delta_sensor_async.py
[2026-03-13T22:54:09.034+0100] {processor.py:830} INFO - Processing file /Users/harshasogala/financial-data-platform/venv/lib/python3.12/site-packages/airflow/example_dags/example_time_delta_sensor_async.py for tasks to queue
[2026-03-13T22:54:09.034+0100] {logging_mixin.py:188} INFO - [2026-03-13T22:54:09.034+0100] {dagbag.py:545} INFO - Filling up the DagBag from /Users/harshasogala/financial-data-platform/venv/lib/python3.12/site-packages/airflow/example_dags/example_time_delta_sensor_async.py
[2026-03-13T22:54:09.039+0100] {processor.py:840} INFO - DAG(s) 'example_time_delta_sensor_async' retrieved from /Users/harshasogala/financial-data-platform/venv/lib/python3.12/site-packages/airflow/example_dags/example_time_delta_sensor_async.py
[2026-03-13T22:54:09.100+0100] {logging_mixin.py:188} INFO - [2026-03-13T22:54:09.099+0100] {dag.py:3089} INFO - Sync 1 DAGs
[2026-03-13T22:54:09.106+0100] {logging_mixin.py:188} INFO - [2026-03-13T22:54:09.105+0100] {dag.py:3947} INFO - Setting next_dagrun for example_time_delta_sensor_async to None, run_after=None
[2026-03-13T22:54:09.118+0100] {processor.py:183} INFO - Processing /Users/harshasogala/financial-data-platform/venv/lib/python3.12/site-packages/airflow/example_dags/example_time_delta_sensor_async.py took 0.087 seconds
[2026-03-13T22:55:36.321+0100] {processor.py:161} INFO - Started process (PID=72547) to work on /Users/harshasogala/financial-data-platform/venv/lib/python3.12/site-packages/airflow/example_dags/example_time_delta_sensor_async.py
[2026-03-13T22:55:36.322+0100] {processor.py:830} INFO - Processing file /Users/harshasogala/financial-data-platform/venv/lib/python3.12/site-packages/airflow/example_dags/example_time_delta_sensor_async.py for tasks to queue
[2026-03-13T22:55:36.323+0100] {logging_mixin.py:188} INFO - [2026-03-13T22:55:36.323+0100] {dagbag.py:545} INFO - Filling up the DagBag from /Users/harshasogala/financial-data-platform/venv/lib/python3.12/site-packages/airflow/example_dags/example_time_delta_sensor_async.py
[2026-03-13T22:55:36.328+0100] {processor.py:840} INFO - DAG(s) 'example_time_delta_sensor_async' retrieved from /Users/harshasogala/financial-data-platform/venv/lib/python3.12/site-packages/airflow/example_dags/example_time_delta_sensor_async.py
[2026-03-13T22:55:36.390+0100] {logging_mixin.py:188} INFO - [2026-03-13T22:55:36.390+0100] {dag.py:3089} INFO - Sync 1 DAGs
[2026-03-13T22:55:36.396+0100] {logging_mixin.py:188} INFO - [2026-03-13T22:55:36.395+0100] {dag.py:3947} INFO - Setting next_dagrun for example_time_delta_sensor_async to None, run_after=None
[2026-03-13T22:55:36.407+0100] {processor.py:183} INFO - Processing /Users/harshasogala/financial-data-platform/venv/lib/python3.12/site-packages/airflow/example_dags/example_time_delta_sensor_async.py took 0.087 seconds
[2026-03-13T22:56:58.488+0100] {processor.py:161} INFO - Started process (PID=72644) to work on /Users/harshasogala/financial-data-platform/venv/lib/python3.12/site-packages/airflow/example_dags/example_time_delta_sensor_async.py
[2026-03-13T22:56:58.489+0100] {processor.py:830} INFO - Processing file /Users/harshasogala/financial-data-platform/venv/lib/python3.12/site-packages/airflow/example_dags/example_time_delta_sensor_async.py for tasks to queue
[2026-03-13T22:56:58.489+0100] {logging_mixin.py:188} INFO - [2026-03-13T22:56:58.489+0100] {dagbag.py:545} INFO - Filling up the DagBag from /Users/harshasogala/financial-data-platform/venv/lib/python3.12/site-packages/airflow/example_dags/example_time_delta_sensor_async.py
[2026-03-13T22:56:58.495+0100] {processor.py:840} INFO - DAG(s) 'example_time_delta_sensor_async' retrieved from /Users/harshasogala/financial-data-platform/venv/lib/python3.12/site-packages/airflow/example_dags/example_time_delta_sensor_async.py
[2026-03-13T22:56:58.555+0100] {logging_mixin.py:188} INFO - [2026-03-13T22:56:58.554+0100] {dag.py:3089} INFO - Sync 1 DAGs
[2026-03-13T22:56:58.560+0100] {logging_mixin.py:188} INFO - [2026-03-13T22:56:58.560+0100] {dag.py:3947} INFO - Setting next_dagrun for example_time_delta_sensor_async to None, run_after=None
[2026-03-13T22:56:58.572+0100] {processor.py:183} INFO - Processing /Users/harshasogala/financial-data-platform/venv/lib/python3.12/site-packages/airflow/example_dags/example_time_delta_sensor_async.py took 0.087 seconds
[2026-03-13T22:58:18.191+0100] {processor.py:161} INFO - Started process (PID=72705) to work on /Users/harshasogala/financial-data-platform/venv/lib/python3.12/site-packages/airflow/example_dags/example_time_delta_sensor_async.py
[2026-03-13T22:58:18.192+0100] {processor.py:830} INFO - Processing file /Users/harshasogala/financial-data-platform/venv/lib/python3.12/site-packages/airflow/example_dags/example_time_delta_sensor_async.py for tasks to queue
[2026-03-13T22:58:18.192+0100] {logging_mixin.py:188} INFO - [2026-03-13T22:58:18.192+0100] {dagbag.py:545} INFO - Filling up the DagBag from /Users/harshasogala/financial-data-platform/venv/lib/python3.12/site-packages/airflow/example_dags/example_time_delta_sensor_async.py
[2026-03-13T22:58:18.198+0100] {processor.py:840} INFO - DAG(s) 'example_time_delta_sensor_async' retrieved from /Users/harshasogala/financial-data-platform/venv/lib/python3.12/site-packages/airflow/example_dags/example_time_delta_sensor_async.py
[2026-03-13T22:58:18.266+0100] {logging_mixin.py:188} INFO - [2026-03-13T22:58:18.266+0100] {dag.py:3089} INFO - Sync 1 DAGs
[2026-03-13T22:58:18.273+0100] {logging_mixin.py:188} INFO - [2026-03-13T22:58:18.273+0100] {dag.py:3947} INFO - Setting next_dagrun for example_time_delta_sensor_async to None, run_after=None
[2026-03-13T22:58:18.286+0100] {processor.py:183} INFO - Processing /Users/harshasogala/financial-data-platform/venv/lib/python3.12/site-packages/airflow/example_dags/example_time_delta_sensor_async.py took 0.097 seconds
[2026-03-13T22:59:38.830+0100] {processor.py:161} INFO - Started process (PID=72778) to work on /Users/harshasogala/financial-data-platform/venv/lib/python3.12/site-packages/airflow/example_dags/example_time_delta_sensor_async.py
[2026-03-13T22:59:38.831+0100] {processor.py:830} INFO - Processing file /Users/harshasogala/financial-data-platform/venv/lib/python3.12/site-packages/airflow/example_dags/example_time_delta_sensor_async.py for tasks to queue
[2026-03-13T22:59:38.831+0100] {logging_mixin.py:188} INFO - [2026-03-13T22:59:38.831+0100] {dagbag.py:545} INFO - Filling up the DagBag from /Users/harshasogala/financial-data-platform/venv/lib/python3.12/site-packages/airflow/example_dags/example_time_delta_sensor_async.py
[2026-03-13T22:59:38.837+0100] {processor.py:840} INFO - DAG(s) 'example_time_delta_sensor_async' retrieved from /Users/harshasogala/financial-data-platform/venv/lib/python3.12/site-packages/airflow/example_dags/example_time_delta_sensor_async.py
[2026-03-13T22:59:38.895+0100] {logging_mixin.py:188} INFO - [2026-03-13T22:59:38.895+0100] {dag.py:3089} INFO - Sync 1 DAGs
[2026-03-13T22:59:38.900+0100] {logging_mixin.py:188} INFO - [2026-03-13T22:59:38.900+0100] {dag.py:3947} INFO - Setting next_dagrun for example_time_delta_sensor_async to None, run_after=None
[2026-03-13T22:59:38.911+0100] {processor.py:183} INFO - Processing /Users/harshasogala/financial-data-platform/venv/lib/python3.12/site-packages/airflow/example_dags/example_time_delta_sensor_async.py took 0.083 seconds
[2026-03-13T23:00:58.551+0100] {processor.py:161} INFO - Started process (PID=72850) to work on /Users/harshasogala/financial-data-platform/venv/lib/python3.12/site-packages/airflow/example_dags/example_time_delta_sensor_async.py
[2026-03-13T23:00:58.552+0100] {processor.py:830} INFO - Processing file /Users/harshasogala/financial-data-platform/venv/lib/python3.12/site-packages/airflow/example_dags/example_time_delta_sensor_async.py for tasks to queue
[2026-03-13T23:00:58.552+0100] {logging_mixin.py:188} INFO - [2026-03-13T23:00:58.552+0100] {dagbag.py:545} INFO - Filling up the DagBag from /Users/harshasogala/financial-data-platform/venv/lib/python3.12/site-packages/airflow/example_dags/example_time_delta_sensor_async.py
[2026-03-13T23:00:58.557+0100] {processor.py:840} INFO - DAG(s) 'example_time_delta_sensor_async' retrieved from /Users/harshasogala/financial-data-platform/venv/lib/python3.12/site-packages/airflow/example_dags/example_time_delta_sensor_async.py
[2026-03-13T23:00:58.617+0100] {logging_mixin.py:188} INFO - [2026-03-13T23:00:58.617+0100] {dag.py:3089} INFO - Sync 1 DAGs
[2026-03-13T23:00:58.622+0100] {logging_mixin.py:188} INFO - [2026-03-13T23:00:58.622+0100] {dag.py:3947} INFO - Setting next_dagrun for example_time_delta_sensor_async to None, run_after=None
[2026-03-13T23:00:58.632+0100] {processor.py:183} INFO - Processing /Users/harshasogala/financial-data-platform/venv/lib/python3.12/site-packages/airflow/example_dags/example_time_delta_sensor_async.py took 0.083 seconds
[2026-03-13T23:02:17.174+0100] {processor.py:161} INFO - Started process (PID=72910) to work on /Users/harshasogala/financial-data-platform/venv/lib/python3.12/site-packages/airflow/example_dags/example_time_delta_sensor_async.py
[2026-03-13T23:02:17.175+0100] {processor.py:830} INFO - Processing file /Users/harshasogala/financial-data-platform/venv/lib/python3.12/site-packages/airflow/example_dags/example_time_delta_sensor_async.py for tasks to queue
[2026-03-13T23:02:17.176+0100] {logging_mixin.py:188} INFO - [2026-03-13T23:02:17.176+0100] {dagbag.py:545} INFO - Filling up the DagBag from /Users/harshasogala/financial-data-platform/venv/lib/python3.12/site-packages/airflow/example_dags/example_time_delta_sensor_async.py
[2026-03-13T23:02:17.181+0100] {processor.py:840} INFO - DAG(s) 'example_time_delta_sensor_async' retrieved from /Users/harshasogala/financial-data-platform/venv/lib/python3.12/site-packages/airflow/example_dags/example_time_delta_sensor_async.py
[2026-03-13T23:02:17.243+0100] {logging_mixin.py:188} INFO - [2026-03-13T23:02:17.243+0100] {dag.py:3089} INFO - Sync 1 DAGs
[2026-03-13T23:02:17.248+0100] {logging_mixin.py:188} INFO - [2026-03-13T23:02:17.248+0100] {dag.py:3947} INFO - Setting next_dagrun for example_time_delta_sensor_async to None, run_after=None
[2026-03-13T23:02:17.259+0100] {processor.py:183} INFO - Processing /Users/harshasogala/financial-data-platform/venv/lib/python3.12/site-packages/airflow/example_dags/example_time_delta_sensor_async.py took 0.087 seconds
[2026-03-13T23:03:37.139+0100] {processor.py:161} INFO - Started process (PID=72971) to work on /Users/harshasogala/financial-data-platform/venv/lib/python3.12/site-packages/airflow/example_dags/example_time_delta_sensor_async.py
[2026-03-13T23:03:37.140+0100] {processor.py:830} INFO - Processing file /Users/harshasogala/financial-data-platform/venv/lib/python3.12/site-packages/airflow/example_dags/example_time_delta_sensor_async.py for tasks to queue
[2026-03-13T23:03:37.140+0100] {logging_mixin.py:188} INFO - [2026-03-13T23:03:37.140+0100] {dagbag.py:545} INFO - Filling up the DagBag from /Users/harshasogala/financial-data-platform/venv/lib/python3.12/site-packages/airflow/example_dags/example_time_delta_sensor_async.py
[2026-03-13T23:03:37.146+0100] {processor.py:840} INFO - DAG(s) 'example_time_delta_sensor_async' retrieved from /Users/harshasogala/financial-data-platform/venv/lib/python3.12/site-packages/airflow/example_dags/example_time_delta_sensor_async.py
[2026-03-13T23:03:37.212+0100] {logging_mixin.py:188} INFO - [2026-03-13T23:03:37.212+0100] {dag.py:3089} INFO - Sync 1 DAGs
[2026-03-13T23:03:37.217+0100] {logging_mixin.py:188} INFO - [2026-03-13T23:03:37.217+0100] {dag.py:3947} INFO - Setting next_dagrun for example_time_delta_sensor_async to None, run_after=None
[2026-03-13T23:03:37.231+0100] {processor.py:183} INFO - Processing /Users/harshasogala/financial-data-platform/venv/lib/python3.12/site-packages/airflow/example_dags/example_time_delta_sensor_async.py took 0.094 seconds
[2026-03-13T23:04:53.794+0100] {processor.py:161} INFO - Started process (PID=73029) to work on /Users/harshasogala/financial-data-platform/venv/lib/python3.12/site-packages/airflow/example_dags/example_time_delta_sensor_async.py
[2026-03-13T23:04:53.795+0100] {processor.py:830} INFO - Processing file /Users/harshasogala/financial-data-platform/venv/lib/python3.12/site-packages/airflow/example_dags/example_time_delta_sensor_async.py for tasks to queue
[2026-03-13T23:04:53.795+0100] {logging_mixin.py:188} INFO - [2026-03-13T23:04:53.795+0100] {dagbag.py:545} INFO - Filling up the DagBag from /Users/harshasogala/financial-data-platform/venv/lib/python3.12/site-packages/airflow/example_dags/example_time_delta_sensor_async.py
[2026-03-13T23:04:53.800+0100] {processor.py:840} INFO - DAG(s) 'example_time_delta_sensor_async' retrieved from /Users/harshasogala/financial-data-platform/venv/lib/python3.12/site-packages/airflow/example_dags/example_time_delta_sensor_async.py
[2026-03-13T23:04:53.859+0100] {logging_mixin.py:188} INFO - [2026-03-13T23:04:53.859+0100] {dag.py:3089} INFO - Sync 1 DAGs
[2026-03-13T23:04:53.864+0100] {logging_mixin.py:188} INFO - [2026-03-13T23:04:53.864+0100] {dag.py:3947} INFO - Setting next_dagrun for example_time_delta_sensor_async to None, run_after=None
[2026-03-13T23:04:53.874+0100] {processor.py:183} INFO - Processing /Users/harshasogala/financial-data-platform/venv/lib/python3.12/site-packages/airflow/example_dags/example_time_delta_sensor_async.py took 0.083 seconds
[2026-03-13T23:06:09.581+0100] {processor.py:161} INFO - Started process (PID=73095) to work on /Users/harshasogala/financial-data-platform/venv/lib/python3.12/site-packages/airflow/example_dags/example_time_delta_sensor_async.py
[2026-03-13T23:06:09.582+0100] {processor.py:830} INFO - Processing file /Users/harshasogala/financial-data-platform/venv/lib/python3.12/site-packages/airflow/example_dags/example_time_delta_sensor_async.py for tasks to queue
[2026-03-13T23:06:09.582+0100] {logging_mixin.py:188} INFO - [2026-03-13T23:06:09.582+0100] {dagbag.py:545} INFO - Filling up the DagBag from /Users/harshasogala/financial-data-platform/venv/lib/python3.12/site-packages/airflow/example_dags/example_time_delta_sensor_async.py
[2026-03-13T23:06:09.587+0100] {processor.py:840} INFO - DAG(s) 'example_time_delta_sensor_async' retrieved from /Users/harshasogala/financial-data-platform/venv/lib/python3.12/site-packages/airflow/example_dags/example_time_delta_sensor_async.py
[2026-03-13T23:06:09.646+0100] {logging_mixin.py:188} INFO - [2026-03-13T23:06:09.646+0100] {dag.py:3089} INFO - Sync 1 DAGs
[2026-03-13T23:06:09.651+0100] {logging_mixin.py:188} INFO - [2026-03-13T23:06:09.651+0100] {dag.py:3947} INFO - Setting next_dagrun for example_time_delta_sensor_async to None, run_after=None
[2026-03-13T23:06:09.661+0100] {processor.py:183} INFO - Processing /Users/harshasogala/financial-data-platform/venv/lib/python3.12/site-packages/airflow/example_dags/example_time_delta_sensor_async.py took 0.082 seconds
[2026-03-13T23:07:34.205+0100] {processor.py:161} INFO - Started process (PID=73164) to work on /Users/harshasogala/financial-data-platform/venv/lib/python3.12/site-packages/airflow/example_dags/example_time_delta_sensor_async.py
[2026-03-13T23:07:34.206+0100] {processor.py:830} INFO - Processing file /Users/harshasogala/financial-data-platform/venv/lib/python3.12/site-packages/airflow/example_dags/example_time_delta_sensor_async.py for tasks to queue
[2026-03-13T23:07:34.207+0100] {logging_mixin.py:188} INFO - [2026-03-13T23:07:34.207+0100] {dagbag.py:545} INFO - Filling up the DagBag from /Users/harshasogala/financial-data-platform/venv/lib/python3.12/site-packages/airflow/example_dags/example_time_delta_sensor_async.py
[2026-03-13T23:07:34.212+0100] {processor.py:840} INFO - DAG(s) 'example_time_delta_sensor_async' retrieved from /Users/harshasogala/financial-data-platform/venv/lib/python3.12/site-packages/airflow/example_dags/example_time_delta_sensor_async.py
[2026-03-13T23:07:34.273+0100] {logging_mixin.py:188} INFO - [2026-03-13T23:07:34.273+0100] {dag.py:3089} INFO - Sync 1 DAGs
[2026-03-13T23:07:34.279+0100] {logging_mixin.py:188} INFO - [2026-03-13T23:07:34.279+0100] {dag.py:3947} INFO - Setting next_dagrun for example_time_delta_sensor_async to None, run_after=None
[2026-03-13T23:07:34.290+0100] {processor.py:183} INFO - Processing /Users/harshasogala/financial-data-platform/venv/lib/python3.12/site-packages/airflow/example_dags/example_time_delta_sensor_async.py took 0.087 seconds
[2026-03-13T23:08:48.833+0100] {processor.py:161} INFO - Started process (PID=73224) to work on /Users/harshasogala/financial-data-platform/venv/lib/python3.12/site-packages/airflow/example_dags/example_time_delta_sensor_async.py
[2026-03-13T23:08:48.834+0100] {processor.py:830} INFO - Processing file /Users/harshasogala/financial-data-platform/venv/lib/python3.12/site-packages/airflow/example_dags/example_time_delta_sensor_async.py for tasks to queue
[2026-03-13T23:08:48.835+0100] {logging_mixin.py:188} INFO - [2026-03-13T23:08:48.835+0100] {dagbag.py:545} INFO - Filling up the DagBag from /Users/harshasogala/financial-data-platform/venv/lib/python3.12/site-packages/airflow/example_dags/example_time_delta_sensor_async.py
[2026-03-13T23:08:48.840+0100] {processor.py:840} INFO - DAG(s) 'example_time_delta_sensor_async' retrieved from /Users/harshasogala/financial-data-platform/venv/lib/python3.12/site-packages/airflow/example_dags/example_time_delta_sensor_async.py
[2026-03-13T23:08:48.900+0100] {logging_mixin.py:188} INFO - [2026-03-13T23:08:48.900+0100] {dag.py:3089} INFO - Sync 1 DAGs
[2026-03-13T23:08:48.906+0100] {logging_mixin.py:188} INFO - [2026-03-13T23:08:48.906+0100] {dag.py:3947} INFO - Setting next_dagrun for example_time_delta_sensor_async to None, run_after=None
[2026-03-13T23:08:48.916+0100] {processor.py:183} INFO - Processing /Users/harshasogala/financial-data-platform/venv/lib/python3.12/site-packages/airflow/example_dags/example_time_delta_sensor_async.py took 0.085 seconds
[2026-03-13T23:10:00.714+0100] {processor.py:161} INFO - Started process (PID=73280) to work on /Users/harshasogala/financial-data-platform/venv/lib/python3.12/site-packages/airflow/example_dags/example_time_delta_sensor_async.py
[2026-03-13T23:10:00.715+0100] {processor.py:830} INFO - Processing file /Users/harshasogala/financial-data-platform/venv/lib/python3.12/site-packages/airflow/example_dags/example_time_delta_sensor_async.py for tasks to queue
[2026-03-13T23:10:00.716+0100] {logging_mixin.py:188} INFO - [2026-03-13T23:10:00.716+0100] {dagbag.py:545} INFO - Filling up the DagBag from /Users/harshasogala/financial-data-platform/venv/lib/python3.12/site-packages/airflow/example_dags/example_time_delta_sensor_async.py
[2026-03-13T23:10:00.721+0100] {processor.py:840} INFO - DAG(s) 'example_time_delta_sensor_async' retrieved from /Users/harshasogala/financial-data-platform/venv/lib/python3.12/site-packages/airflow/example_dags/example_time_delta_sensor_async.py
[2026-03-13T23:10:00.781+0100] {logging_mixin.py:188} INFO - [2026-03-13T23:10:00.781+0100] {dag.py:3089} INFO - Sync 1 DAGs
[2026-03-13T23:10:00.786+0100] {logging_mixin.py:188} INFO - [2026-03-13T23:10:00.786+0100] {dag.py:3947} INFO - Setting next_dagrun for example_time_delta_sensor_async to None, run_after=None
[2026-03-13T23:10:00.797+0100] {processor.py:183} INFO - Processing /Users/harshasogala/financial-data-platform/venv/lib/python3.12/site-packages/airflow/example_dags/example_time_delta_sensor_async.py took 0.084 seconds
[2026-03-13T23:11:14.105+0100] {processor.py:161} INFO - Started process (PID=73343) to work on /Users/harshasogala/financial-data-platform/venv/lib/python3.12/site-packages/airflow/example_dags/example_time_delta_sensor_async.py
[2026-03-13T23:11:14.106+0100] {processor.py:830} INFO - Processing file /Users/harshasogala/financial-data-platform/venv/lib/python3.12/site-packages/airflow/example_dags/example_time_delta_sensor_async.py for tasks to queue
[2026-03-13T23:11:14.106+0100] {logging_mixin.py:188} INFO - [2026-03-13T23:11:14.106+0100] {dagbag.py:545} INFO - Filling up the DagBag from /Users/harshasogala/financial-data-platform/venv/lib/python3.12/site-packages/airflow/example_dags/example_time_delta_sensor_async.py
[2026-03-13T23:11:14.111+0100] {processor.py:840} INFO - DAG(s) 'example_time_delta_sensor_async' retrieved from /Users/harshasogala/financial-data-platform/venv/lib/python3.12/site-packages/airflow/example_dags/example_time_delta_sensor_async.py
[2026-03-13T23:11:14.171+0100] {logging_mixin.py:188} INFO - [2026-03-13T23:11:14.171+0100] {dag.py:3089} INFO - Sync 1 DAGs
[2026-03-13T23:11:14.176+0100] {logging_mixin.py:188} INFO - [2026-03-13T23:11:14.176+0100] {dag.py:3947} INFO - Setting next_dagrun for example_time_delta_sensor_async to None, run_after=None
[2026-03-13T23:11:14.188+0100] {processor.py:183} INFO - Processing /Users/harshasogala/financial-data-platform/venv/lib/python3.12/site-packages/airflow/example_dags/example_time_delta_sensor_async.py took 0.085 seconds
[2026-03-13T23:12:27.423+0100] {processor.py:161} INFO - Started process (PID=73407) to work on /Users/harshasogala/financial-data-platform/venv/lib/python3.12/site-packages/airflow/example_dags/example_time_delta_sensor_async.py
[2026-03-13T23:12:27.424+0100] {processor.py:830} INFO - Processing file /Users/harshasogala/financial-data-platform/venv/lib/python3.12/site-packages/airflow/example_dags/example_time_delta_sensor_async.py for tasks to queue
[2026-03-13T23:12:27.424+0100] {logging_mixin.py:188} INFO - [2026-03-13T23:12:27.424+0100] {dagbag.py:545} INFO - Filling up the DagBag from /Users/harshasogala/financial-data-platform/venv/lib/python3.12/site-packages/airflow/example_dags/example_time_delta_sensor_async.py
[2026-03-13T23:12:27.430+0100] {processor.py:840} INFO - DAG(s) 'example_time_delta_sensor_async' retrieved from /Users/harshasogala/financial-data-platform/venv/lib/python3.12/site-packages/airflow/example_dags/example_time_delta_sensor_async.py
[2026-03-13T23:12:27.490+0100] {logging_mixin.py:188} INFO - [2026-03-13T23:12:27.489+0100] {dag.py:3089} INFO - Sync 1 DAGs
[2026-03-13T23:12:27.495+0100] {logging_mixin.py:188} INFO - [2026-03-13T23:12:27.495+0100] {dag.py:3947} INFO - Setting next_dagrun for example_time_delta_sensor_async to None, run_after=None
[2026-03-13T23:12:27.505+0100] {processor.py:183} INFO - Processing /Users/harshasogala/financial-data-platform/venv/lib/python3.12/site-packages/airflow/example_dags/example_time_delta_sensor_async.py took 0.085 seconds
[2026-03-13T23:13:44.237+0100] {processor.py:161} INFO - Started process (PID=73467) to work on /Users/harshasogala/financial-data-platform/venv/lib/python3.12/site-packages/airflow/example_dags/example_time_delta_sensor_async.py
[2026-03-13T23:13:44.238+0100] {processor.py:830} INFO - Processing file /Users/harshasogala/financial-data-platform/venv/lib/python3.12/site-packages/airflow/example_dags/example_time_delta_sensor_async.py for tasks to queue
[2026-03-13T23:13:44.239+0100] {logging_mixin.py:188} INFO - [2026-03-13T23:13:44.239+0100] {dagbag.py:545} INFO - Filling up the DagBag from /Users/harshasogala/financial-data-platform/venv/lib/python3.12/site-packages/airflow/example_dags/example_time_delta_sensor_async.py
[2026-03-13T23:13:44.244+0100] {processor.py:840} INFO - DAG(s) 'example_time_delta_sensor_async' retrieved from /Users/harshasogala/financial-data-platform/venv/lib/python3.12/site-packages/airflow/example_dags/example_time_delta_sensor_async.py
[2026-03-13T23:13:44.304+0100] {logging_mixin.py:188} INFO - [2026-03-13T23:13:44.304+0100] {dag.py:3089} INFO - Sync 1 DAGs
[2026-03-13T23:13:44.309+0100] {logging_mixin.py:188} INFO - [2026-03-13T23:13:44.309+0100] {dag.py:3947} INFO - Setting next_dagrun for example_time_delta_sensor_async to None, run_after=None
[2026-03-13T23:13:44.320+0100] {processor.py:183} INFO - Processing /Users/harshasogala/financial-data-platform/venv/lib/python3.12/site-packages/airflow/example_dags/example_time_delta_sensor_async.py took 0.085 seconds
[2026-03-13T23:14:57.965+0100] {processor.py:161} INFO - Started process (PID=73527) to work on /Users/harshasogala/financial-data-platform/venv/lib/python3.12/site-packages/airflow/example_dags/example_time_delta_sensor_async.py
[2026-03-13T23:14:57.966+0100] {processor.py:830} INFO - Processing file /Users/harshasogala/financial-data-platform/venv/lib/python3.12/site-packages/airflow/example_dags/example_time_delta_sensor_async.py for tasks to queue
[2026-03-13T23:14:57.967+0100] {logging_mixin.py:188} INFO - [2026-03-13T23:14:57.967+0100] {dagbag.py:545} INFO - Filling up the DagBag from /Users/harshasogala/financial-data-platform/venv/lib/python3.12/site-packages/airflow/example_dags/example_time_delta_sensor_async.py
[2026-03-13T23:14:57.974+0100] {processor.py:840} INFO - DAG(s) 'example_time_delta_sensor_async' retrieved from /Users/harshasogala/financial-data-platform/venv/lib/python3.12/site-packages/airflow/example_dags/example_time_delta_sensor_async.py
[2026-03-13T23:14:58.038+0100] {logging_mixin.py:188} INFO - [2026-03-13T23:14:58.038+0100] {dag.py:3089} INFO - Sync 1 DAGs
[2026-03-13T23:14:58.043+0100] {logging_mixin.py:188} INFO - [2026-03-13T23:14:58.043+0100] {dag.py:3947} INFO - Setting next_dagrun for example_time_delta_sensor_async to None, run_after=None
[2026-03-13T23:14:58.054+0100] {processor.py:183} INFO - Processing /Users/harshasogala/financial-data-platform/venv/lib/python3.12/site-packages/airflow/example_dags/example_time_delta_sensor_async.py took 0.091 seconds
[2026-03-13T23:16:11.876+0100] {processor.py:161} INFO - Started process (PID=73588) to work on /Users/harshasogala/financial-data-platform/venv/lib/python3.12/site-packages/airflow/example_dags/example_time_delta_sensor_async.py
[2026-03-13T23:16:11.877+0100] {processor.py:830} INFO - Processing file /Users/harshasogala/financial-data-platform/venv/lib/python3.12/site-packages/airflow/example_dags/example_time_delta_sensor_async.py for tasks to queue
[2026-03-13T23:16:11.878+0100] {logging_mixin.py:188} INFO - [2026-03-13T23:16:11.877+0100] {dagbag.py:545} INFO - Filling up the DagBag from /Users/harshasogala/financial-data-platform/venv/lib/python3.12/site-packages/airflow/example_dags/example_time_delta_sensor_async.py
[2026-03-13T23:16:11.884+0100] {processor.py:840} INFO - DAG(s) 'example_time_delta_sensor_async' retrieved from /Users/harshasogala/financial-data-platform/venv/lib/python3.12/site-packages/airflow/example_dags/example_time_delta_sensor_async.py
[2026-03-13T23:16:11.944+0100] {logging_mixin.py:188} INFO - [2026-03-13T23:16:11.944+0100] {dag.py:3089} INFO - Sync 1 DAGs
[2026-03-13T23:16:11.949+0100] {logging_mixin.py:188} INFO - [2026-03-13T23:16:11.949+0100] {dag.py:3947} INFO - Setting next_dagrun for example_time_delta_sensor_async to None, run_after=None
[2026-03-13T23:16:11.960+0100] {processor.py:183} INFO - Processing /Users/harshasogala/financial-data-platform/venv/lib/python3.12/site-packages/airflow/example_dags/example_time_delta_sensor_async.py took 0.085 seconds
[2026-03-13T23:17:29.409+0100] {processor.py:161} INFO - Started process (PID=73658) to work on /Users/harshasogala/financial-data-platform/venv/lib/python3.12/site-packages/airflow/example_dags/example_time_delta_sensor_async.py
[2026-03-13T23:17:29.411+0100] {processor.py:830} INFO - Processing file /Users/harshasogala/financial-data-platform/venv/lib/python3.12/site-packages/airflow/example_dags/example_time_delta_sensor_async.py for tasks to queue
[2026-03-13T23:17:29.412+0100] {logging_mixin.py:188} INFO - [2026-03-13T23:17:29.412+0100] {dagbag.py:545} INFO - Filling up the DagBag from /Users/harshasogala/financial-data-platform/venv/lib/python3.12/site-packages/airflow/example_dags/example_time_delta_sensor_async.py
[2026-03-13T23:17:29.422+0100] {processor.py:840} INFO - DAG(s) 'example_time_delta_sensor_async' retrieved from /Users/harshasogala/financial-data-platform/venv/lib/python3.12/site-packages/airflow/example_dags/example_time_delta_sensor_async.py
[2026-03-13T23:17:29.539+0100] {logging_mixin.py:188} INFO - [2026-03-13T23:17:29.538+0100] {dag.py:3089} INFO - Sync 1 DAGs
[2026-03-13T23:17:29.549+0100] {logging_mixin.py:188} INFO - [2026-03-13T23:17:29.549+0100] {dag.py:3947} INFO - Setting next_dagrun for example_time_delta_sensor_async to None, run_after=None
[2026-03-13T23:17:29.569+0100] {processor.py:183} INFO - Processing /Users/harshasogala/financial-data-platform/venv/lib/python3.12/site-packages/airflow/example_dags/example_time_delta_sensor_async.py took 0.165 seconds
[2026-03-13T23:18:45.476+0100] {processor.py:161} INFO - Started process (PID=73719) to work on /Users/harshasogala/financial-data-platform/venv/lib/python3.12/site-packages/airflow/example_dags/example_time_delta_sensor_async.py
[2026-03-13T23:18:45.477+0100] {processor.py:830} INFO - Processing file /Users/harshasogala/financial-data-platform/venv/lib/python3.12/site-packages/airflow/example_dags/example_time_delta_sensor_async.py for tasks to queue
[2026-03-13T23:18:45.477+0100] {logging_mixin.py:188} INFO - [2026-03-13T23:18:45.477+0100] {dagbag.py:545} INFO - Filling up the DagBag from /Users/harshasogala/financial-data-platform/venv/lib/python3.12/site-packages/airflow/example_dags/example_time_delta_sensor_async.py
[2026-03-13T23:18:45.483+0100] {processor.py:840} INFO - DAG(s) 'example_time_delta_sensor_async' retrieved from /Users/harshasogala/financial-data-platform/venv/lib/python3.12/site-packages/airflow/example_dags/example_time_delta_sensor_async.py
[2026-03-13T23:18:45.542+0100] {logging_mixin.py:188} INFO - [2026-03-13T23:18:45.542+0100] {dag.py:3089} INFO - Sync 1 DAGs
[2026-03-13T23:18:45.548+0100] {logging_mixin.py:188} INFO - [2026-03-13T23:18:45.548+0100] {dag.py:3947} INFO - Setting next_dagrun for example_time_delta_sensor_async to None, run_after=None
[2026-03-13T23:18:45.558+0100] {processor.py:183} INFO - Processing /Users/harshasogala/financial-data-platform/venv/lib/python3.12/site-packages/airflow/example_dags/example_time_delta_sensor_async.py took 0.085 seconds
[2026-03-13T23:20:02.633+0100] {processor.py:161} INFO - Started process (PID=73784) to work on /Users/harshasogala/financial-data-platform/venv/lib/python3.12/site-packages/airflow/example_dags/example_time_delta_sensor_async.py
[2026-03-13T23:20:02.634+0100] {processor.py:830} INFO - Processing file /Users/harshasogala/financial-data-platform/venv/lib/python3.12/site-packages/airflow/example_dags/example_time_delta_sensor_async.py for tasks to queue
[2026-03-13T23:20:02.635+0100] {logging_mixin.py:188} INFO - [2026-03-13T23:20:02.635+0100] {dagbag.py:545} INFO - Filling up the DagBag from /Users/harshasogala/financial-data-platform/venv/lib/python3.12/site-packages/airflow/example_dags/example_time_delta_sensor_async.py
[2026-03-13T23:20:02.640+0100] {processor.py:840} INFO - DAG(s) 'example_time_delta_sensor_async' retrieved from /Users/harshasogala/financial-data-platform/venv/lib/python3.12/site-packages/airflow/example_dags/example_time_delta_sensor_async.py
[2026-03-13T23:20:02.699+0100] {logging_mixin.py:188} INFO - [2026-03-13T23:20:02.698+0100] {dag.py:3089} INFO - Sync 1 DAGs
[2026-03-13T23:20:02.704+0100] {logging_mixin.py:188} INFO - [2026-03-13T23:20:02.703+0100] {dag.py:3947} INFO - Setting next_dagrun for example_time_delta_sensor_async to None, run_after=None
[2026-03-13T23:20:02.714+0100] {processor.py:183} INFO - Processing /Users/harshasogala/financial-data-platform/venv/lib/python3.12/site-packages/airflow/example_dags/example_time_delta_sensor_async.py took 0.082 seconds
[2026-03-13T23:21:18.232+0100] {processor.py:161} INFO - Started process (PID=73864) to work on /Users/harshasogala/financial-data-platform/venv/lib/python3.12/site-packages/airflow/example_dags/example_time_delta_sensor_async.py
[2026-03-13T23:21:18.233+0100] {processor.py:830} INFO - Processing file /Users/harshasogala/financial-data-platform/venv/lib/python3.12/site-packages/airflow/example_dags/example_time_delta_sensor_async.py for tasks to queue
[2026-03-13T23:21:18.233+0100] {logging_mixin.py:188} INFO - [2026-03-13T23:21:18.233+0100] {dagbag.py:545} INFO - Filling up the DagBag from /Users/harshasogala/financial-data-platform/venv/lib/python3.12/site-packages/airflow/example_dags/example_time_delta_sensor_async.py
[2026-03-13T23:21:18.239+0100] {processor.py:840} INFO - DAG(s) 'example_time_delta_sensor_async' retrieved from /Users/harshasogala/financial-data-platform/venv/lib/python3.12/site-packages/airflow/example_dags/example_time_delta_sensor_async.py
[2026-03-13T23:21:18.297+0100] {logging_mixin.py:188} INFO - [2026-03-13T23:21:18.296+0100] {dag.py:3089} INFO - Sync 1 DAGs
[2026-03-13T23:21:18.302+0100] {logging_mixin.py:188} INFO - [2026-03-13T23:21:18.301+0100] {dag.py:3947} INFO - Setting next_dagrun for example_time_delta_sensor_async to None, run_after=None
[2026-03-13T23:21:18.312+0100] {processor.py:183} INFO - Processing /Users/harshasogala/financial-data-platform/venv/lib/python3.12/site-packages/airflow/example_dags/example_time_delta_sensor_async.py took 0.081 seconds
[2026-03-13T23:22:31.069+0100] {processor.py:161} INFO - Started process (PID=73925) to work on /Users/harshasogala/financial-data-platform/venv/lib/python3.12/site-packages/airflow/example_dags/example_time_delta_sensor_async.py
[2026-03-13T23:22:31.070+0100] {processor.py:830} INFO - Processing file /Users/harshasogala/financial-data-platform/venv/lib/python3.12/site-packages/airflow/example_dags/example_time_delta_sensor_async.py for tasks to queue
[2026-03-13T23:22:31.070+0100] {logging_mixin.py:188} INFO - [2026-03-13T23:22:31.070+0100] {dagbag.py:545} INFO - Filling up the DagBag from /Users/harshasogala/financial-data-platform/venv/lib/python3.12/site-packages/airflow/example_dags/example_time_delta_sensor_async.py
[2026-03-13T23:22:31.076+0100] {processor.py:840} INFO - DAG(s) 'example_time_delta_sensor_async' retrieved from /Users/harshasogala/financial-data-platform/venv/lib/python3.12/site-packages/airflow/example_dags/example_time_delta_sensor_async.py
[2026-03-13T23:22:31.137+0100] {logging_mixin.py:188} INFO - [2026-03-13T23:22:31.137+0100] {dag.py:3089} INFO - Sync 1 DAGs
[2026-03-13T23:22:31.144+0100] {logging_mixin.py:188} INFO - [2026-03-13T23:22:31.143+0100] {dag.py:3947} INFO - Setting next_dagrun for example_time_delta_sensor_async to None, run_after=None
[2026-03-13T23:22:31.154+0100] {processor.py:183} INFO - Processing /Users/harshasogala/financial-data-platform/venv/lib/python3.12/site-packages/airflow/example_dags/example_time_delta_sensor_async.py took 0.087 seconds
[2026-03-13T23:23:46.315+0100] {processor.py:161} INFO - Started process (PID=73989) to work on /Users/harshasogala/financial-data-platform/venv/lib/python3.12/site-packages/airflow/example_dags/example_time_delta_sensor_async.py
[2026-03-13T23:23:46.316+0100] {processor.py:830} INFO - Processing file /Users/harshasogala/financial-data-platform/venv/lib/python3.12/site-packages/airflow/example_dags/example_time_delta_sensor_async.py for tasks to queue
[2026-03-13T23:23:46.317+0100] {logging_mixin.py:188} INFO - [2026-03-13T23:23:46.316+0100] {dagbag.py:545} INFO - Filling up the DagBag from /Users/harshasogala/financial-data-platform/venv/lib/python3.12/site-packages/airflow/example_dags/example_time_delta_sensor_async.py
[2026-03-13T23:23:46.322+0100] {processor.py:840} INFO - DAG(s) 'example_time_delta_sensor_async' retrieved from /Users/harshasogala/financial-data-platform/venv/lib/python3.12/site-packages/airflow/example_dags/example_time_delta_sensor_async.py
[2026-03-13T23:23:46.383+0100] {logging_mixin.py:188} INFO - [2026-03-13T23:23:46.383+0100] {dag.py:3089} INFO - Sync 1 DAGs
[2026-03-13T23:23:46.388+0100] {logging_mixin.py:188} INFO - [2026-03-13T23:23:46.388+0100] {dag.py:3947} INFO - Setting next_dagrun for example_time_delta_sensor_async to None, run_after=None
[2026-03-13T23:23:46.399+0100] {processor.py:183} INFO - Processing /Users/harshasogala/financial-data-platform/venv/lib/python3.12/site-packages/airflow/example_dags/example_time_delta_sensor_async.py took 0.085 seconds
[2026-03-13T23:25:03.207+0100] {processor.py:161} INFO - Started process (PID=74049) to work on /Users/harshasogala/financial-data-platform/venv/lib/python3.12/site-packages/airflow/example_dags/example_time_delta_sensor_async.py
[2026-03-13T23:25:03.209+0100] {processor.py:830} INFO - Processing file /Users/harshasogala/financial-data-platform/venv/lib/python3.12/site-packages/airflow/example_dags/example_time_delta_sensor_async.py for tasks to queue
[2026-03-13T23:25:03.209+0100] {logging_mixin.py:188} INFO - [2026-03-13T23:25:03.209+0100] {dagbag.py:545} INFO - Filling up the DagBag from /Users/harshasogala/financial-data-platform/venv/lib/python3.12/site-packages/airflow/example_dags/example_time_delta_sensor_async.py
[2026-03-13T23:25:03.215+0100] {processor.py:840} INFO - DAG(s) 'example_time_delta_sensor_async' retrieved from /Users/harshasogala/financial-data-platform/venv/lib/python3.12/site-packages/airflow/example_dags/example_time_delta_sensor_async.py
[2026-03-13T23:25:03.274+0100] {logging_mixin.py:188} INFO - [2026-03-13T23:25:03.274+0100] {dag.py:3089} INFO - Sync 1 DAGs
[2026-03-13T23:25:03.279+0100] {logging_mixin.py:188} INFO - [2026-03-13T23:25:03.279+0100] {dag.py:3947} INFO - Setting next_dagrun for example_time_delta_sensor_async to None, run_after=None
[2026-03-13T23:25:03.290+0100] {processor.py:183} INFO - Processing /Users/harshasogala/financial-data-platform/venv/lib/python3.12/site-packages/airflow/example_dags/example_time_delta_sensor_async.py took 0.084 seconds
[2026-03-13T23:26:19.737+0100] {processor.py:161} INFO - Started process (PID=74107) to work on /Users/harshasogala/financial-data-platform/venv/lib/python3.12/site-packages/airflow/example_dags/example_time_delta_sensor_async.py
[2026-03-13T23:26:19.738+0100] {processor.py:830} INFO - Processing file /Users/harshasogala/financial-data-platform/venv/lib/python3.12/site-packages/airflow/example_dags/example_time_delta_sensor_async.py for tasks to queue
[2026-03-13T23:26:19.738+0100] {logging_mixin.py:188} INFO - [2026-03-13T23:26:19.738+0100] {dagbag.py:545} INFO - Filling up the DagBag from /Users/harshasogala/financial-data-platform/venv/lib/python3.12/site-packages/airflow/example_dags/example_time_delta_sensor_async.py
[2026-03-13T23:26:19.744+0100] {processor.py:840} INFO - DAG(s) 'example_time_delta_sensor_async' retrieved from /Users/harshasogala/financial-data-platform/venv/lib/python3.12/site-packages/airflow/example_dags/example_time_delta_sensor_async.py
[2026-03-13T23:26:19.804+0100] {logging_mixin.py:188} INFO - [2026-03-13T23:26:19.804+0100] {dag.py:3089} INFO - Sync 1 DAGs
[2026-03-13T23:26:19.809+0100] {logging_mixin.py:188} INFO - [2026-03-13T23:26:19.809+0100] {dag.py:3947} INFO - Setting next_dagrun for example_time_delta_sensor_async to None, run_after=None
[2026-03-13T23:26:19.821+0100] {processor.py:183} INFO - Processing /Users/harshasogala/financial-data-platform/venv/lib/python3.12/site-packages/airflow/example_dags/example_time_delta_sensor_async.py took 0.086 seconds
[2026-03-13T23:27:37.545+0100] {processor.py:161} INFO - Started process (PID=74188) to work on /Users/harshasogala/financial-data-platform/venv/lib/python3.12/site-packages/airflow/example_dags/example_time_delta_sensor_async.py
[2026-03-13T23:27:37.546+0100] {processor.py:830} INFO - Processing file /Users/harshasogala/financial-data-platform/venv/lib/python3.12/site-packages/airflow/example_dags/example_time_delta_sensor_async.py for tasks to queue
[2026-03-13T23:27:37.547+0100] {logging_mixin.py:188} INFO - [2026-03-13T23:27:37.547+0100] {dagbag.py:545} INFO - Filling up the DagBag from /Users/harshasogala/financial-data-platform/venv/lib/python3.12/site-packages/airflow/example_dags/example_time_delta_sensor_async.py
[2026-03-13T23:27:37.552+0100] {processor.py:840} INFO - DAG(s) 'example_time_delta_sensor_async' retrieved from /Users/harshasogala/financial-data-platform/venv/lib/python3.12/site-packages/airflow/example_dags/example_time_delta_sensor_async.py
[2026-03-13T23:27:37.616+0100] {logging_mixin.py:188} INFO - [2026-03-13T23:27:37.616+0100] {dag.py:3089} INFO - Sync 1 DAGs
[2026-03-13T23:27:37.622+0100] {logging_mixin.py:188} INFO - [2026-03-13T23:27:37.621+0100] {dag.py:3947} INFO - Setting next_dagrun for example_time_delta_sensor_async to None, run_after=None
[2026-03-13T23:27:37.634+0100] {processor.py:183} INFO - Processing /Users/harshasogala/financial-data-platform/venv/lib/python3.12/site-packages/airflow/example_dags/example_time_delta_sensor_async.py took 0.090 seconds
[2026-03-13T23:28:55.742+0100] {processor.py:161} INFO - Started process (PID=74270) to work on /Users/harshasogala/financial-data-platform/venv/lib/python3.12/site-packages/airflow/example_dags/example_time_delta_sensor_async.py
[2026-03-13T23:28:55.743+0100] {processor.py:830} INFO - Processing file /Users/harshasogala/financial-data-platform/venv/lib/python3.12/site-packages/airflow/example_dags/example_time_delta_sensor_async.py for tasks to queue
[2026-03-13T23:28:55.744+0100] {logging_mixin.py:188} INFO - [2026-03-13T23:28:55.743+0100] {dagbag.py:545} INFO - Filling up the DagBag from /Users/harshasogala/financial-data-platform/venv/lib/python3.12/site-packages/airflow/example_dags/example_time_delta_sensor_async.py
[2026-03-13T23:28:55.749+0100] {processor.py:840} INFO - DAG(s) 'example_time_delta_sensor_async' retrieved from /Users/harshasogala/financial-data-platform/venv/lib/python3.12/site-packages/airflow/example_dags/example_time_delta_sensor_async.py
[2026-03-13T23:28:55.811+0100] {logging_mixin.py:188} INFO - [2026-03-13T23:28:55.811+0100] {dag.py:3089} INFO - Sync 1 DAGs
[2026-03-13T23:28:55.816+0100] {logging_mixin.py:188} INFO - [2026-03-13T23:28:55.816+0100] {dag.py:3947} INFO - Setting next_dagrun for example_time_delta_sensor_async to None, run_after=None
[2026-03-13T23:28:55.827+0100] {processor.py:183} INFO - Processing /Users/harshasogala/financial-data-platform/venv/lib/python3.12/site-packages/airflow/example_dags/example_time_delta_sensor_async.py took 0.087 seconds
[2026-03-13T23:30:09.228+0100] {processor.py:161} INFO - Started process (PID=74328) to work on /Users/harshasogala/financial-data-platform/venv/lib/python3.12/site-packages/airflow/example_dags/example_time_delta_sensor_async.py
[2026-03-13T23:30:09.229+0100] {processor.py:830} INFO - Processing file /Users/harshasogala/financial-data-platform/venv/lib/python3.12/site-packages/airflow/example_dags/example_time_delta_sensor_async.py for tasks to queue
[2026-03-13T23:30:09.230+0100] {logging_mixin.py:188} INFO - [2026-03-13T23:30:09.229+0100] {dagbag.py:545} INFO - Filling up the DagBag from /Users/harshasogala/financial-data-platform/venv/lib/python3.12/site-packages/airflow/example_dags/example_time_delta_sensor_async.py
[2026-03-13T23:30:09.235+0100] {processor.py:840} INFO - DAG(s) 'example_time_delta_sensor_async' retrieved from /Users/harshasogala/financial-data-platform/venv/lib/python3.12/site-packages/airflow/example_dags/example_time_delta_sensor_async.py
[2026-03-13T23:30:09.298+0100] {logging_mixin.py:188} INFO - [2026-03-13T23:30:09.298+0100] {dag.py:3089} INFO - Sync 1 DAGs
[2026-03-13T23:30:09.303+0100] {logging_mixin.py:188} INFO - [2026-03-13T23:30:09.303+0100] {dag.py:3947} INFO - Setting next_dagrun for example_time_delta_sensor_async to None, run_after=None
[2026-03-13T23:30:09.314+0100] {processor.py:183} INFO - Processing /Users/harshasogala/financial-data-platform/venv/lib/python3.12/site-packages/airflow/example_dags/example_time_delta_sensor_async.py took 0.088 seconds
[2026-03-13T23:31:29.032+0100] {processor.py:161} INFO - Started process (PID=74633) to work on /Users/harshasogala/financial-data-platform/venv/lib/python3.12/site-packages/airflow/example_dags/example_time_delta_sensor_async.py
[2026-03-13T23:31:29.034+0100] {processor.py:830} INFO - Processing file /Users/harshasogala/financial-data-platform/venv/lib/python3.12/site-packages/airflow/example_dags/example_time_delta_sensor_async.py for tasks to queue
[2026-03-13T23:31:29.034+0100] {logging_mixin.py:188} INFO - [2026-03-13T23:31:29.034+0100] {dagbag.py:545} INFO - Filling up the DagBag from /Users/harshasogala/financial-data-platform/venv/lib/python3.12/site-packages/airflow/example_dags/example_time_delta_sensor_async.py
[2026-03-13T23:31:29.040+0100] {processor.py:840} INFO - DAG(s) 'example_time_delta_sensor_async' retrieved from /Users/harshasogala/financial-data-platform/venv/lib/python3.12/site-packages/airflow/example_dags/example_time_delta_sensor_async.py
[2026-03-13T23:31:29.100+0100] {logging_mixin.py:188} INFO - [2026-03-13T23:31:29.100+0100] {dag.py:3089} INFO - Sync 1 DAGs
[2026-03-13T23:31:29.105+0100] {logging_mixin.py:188} INFO - [2026-03-13T23:31:29.105+0100] {dag.py:3947} INFO - Setting next_dagrun for example_time_delta_sensor_async to None, run_after=None
[2026-03-13T23:31:29.116+0100] {processor.py:183} INFO - Processing /Users/harshasogala/financial-data-platform/venv/lib/python3.12/site-packages/airflow/example_dags/example_time_delta_sensor_async.py took 0.086 seconds
[2026-03-13T23:32:45.565+0100] {processor.py:161} INFO - Started process (PID=74970) to work on /Users/harshasogala/financial-data-platform/venv/lib/python3.12/site-packages/airflow/example_dags/example_time_delta_sensor_async.py
[2026-03-13T23:32:45.565+0100] {processor.py:830} INFO - Processing file /Users/harshasogala/financial-data-platform/venv/lib/python3.12/site-packages/airflow/example_dags/example_time_delta_sensor_async.py for tasks to queue
[2026-03-13T23:32:45.566+0100] {logging_mixin.py:188} INFO - [2026-03-13T23:32:45.566+0100] {dagbag.py:545} INFO - Filling up the DagBag from /Users/harshasogala/financial-data-platform/venv/lib/python3.12/site-packages/airflow/example_dags/example_time_delta_sensor_async.py
[2026-03-13T23:32:45.571+0100] {processor.py:840} INFO - DAG(s) 'example_time_delta_sensor_async' retrieved from /Users/harshasogala/financial-data-platform/venv/lib/python3.12/site-packages/airflow/example_dags/example_time_delta_sensor_async.py
[2026-03-13T23:32:45.631+0100] {logging_mixin.py:188} INFO - [2026-03-13T23:32:45.631+0100] {dag.py:3089} INFO - Sync 1 DAGs
[2026-03-13T23:32:45.637+0100] {logging_mixin.py:188} INFO - [2026-03-13T23:32:45.636+0100] {dag.py:3947} INFO - Setting next_dagrun for example_time_delta_sensor_async to None, run_after=None
[2026-03-13T23:32:45.647+0100] {processor.py:183} INFO - Processing /Users/harshasogala/financial-data-platform/venv/lib/python3.12/site-packages/airflow/example_dags/example_time_delta_sensor_async.py took 0.085 seconds
