[2026-03-13T22:19:23.152+0100] {processor.py:161} INFO - Started process (PID=66042) to work on /Users/harshasogala/financial-data-platform/venv/lib/python3.12/site-packages/airflow/example_dags/example_bash_operator.py
[2026-03-13T22:19:23.153+0100] {processor.py:830} INFO - Processing file /Users/harshasogala/financial-data-platform/venv/lib/python3.12/site-packages/airflow/example_dags/example_bash_operator.py for tasks to queue
[2026-03-13T22:19:23.153+0100] {logging_mixin.py:188} INFO - [2026-03-13T22:19:23.153+0100] {dagbag.py:545} INFO - Filling up the DagBag from /Users/harshasogala/financial-data-platform/venv/lib/python3.12/site-packages/airflow/example_dags/example_bash_operator.py
[2026-03-13T22:19:23.161+0100] {processor.py:840} INFO - DAG(s) 'example_bash_operator' retrieved from /Users/harshasogala/financial-data-platform/venv/lib/python3.12/site-packages/airflow/example_dags/example_bash_operator.py
[2026-03-13T22:19:23.269+0100] {logging_mixin.py:188} INFO - [2026-03-13T22:19:23.269+0100] {override.py:1858} INFO - Created Permission View: can delete on DAG:example_bash_operator
[2026-03-13T22:19:23.275+0100] {logging_mixin.py:188} INFO - [2026-03-13T22:19:23.274+0100] {override.py:1858} INFO - Created Permission View: can edit on DAG:example_bash_operator
[2026-03-13T22:19:23.278+0100] {logging_mixin.py:188} INFO - [2026-03-13T22:19:23.278+0100] {override.py:1858} INFO - Created Permission View: can read on DAG:example_bash_operator
[2026-03-13T22:19:23.278+0100] {logging_mixin.py:188} INFO - [2026-03-13T22:19:23.278+0100] {dag.py:3089} INFO - Sync 1 DAGs
[2026-03-13T22:19:23.284+0100] {logging_mixin.py:188} INFO - [2026-03-13T22:19:23.284+0100] {dag.py:3111} INFO - Creating ORM DAG for example_bash_operator
[2026-03-13T22:19:23.289+0100] {logging_mixin.py:188} INFO - [2026-03-13T22:19:23.288+0100] {dag.py:3947} INFO - Setting next_dagrun for example_bash_operator to 2026-03-12 00:00:00+00:00, run_after=2026-03-13 00:00:00+00:00
[2026-03-13T22:19:23.299+0100] {processor.py:183} INFO - Processing /Users/harshasogala/financial-data-platform/venv/lib/python3.12/site-packages/airflow/example_dags/example_bash_operator.py took 0.149 seconds
[2026-03-13T22:22:47.151+0100] {processor.py:161} INFO - Started process (PID=66390) to work on /Users/harshasogala/financial-data-platform/venv/lib/python3.12/site-packages/airflow/example_dags/example_bash_operator.py
[2026-03-13T22:22:47.152+0100] {processor.py:830} INFO - Processing file /Users/harshasogala/financial-data-platform/venv/lib/python3.12/site-packages/airflow/example_dags/example_bash_operator.py for tasks to queue
[2026-03-13T22:22:47.152+0100] {logging_mixin.py:188} INFO - [2026-03-13T22:22:47.152+0100] {dagbag.py:545} INFO - Filling up the DagBag from /Users/harshasogala/financial-data-platform/venv/lib/python3.12/site-packages/airflow/example_dags/example_bash_operator.py
[2026-03-13T22:22:47.159+0100] {processor.py:840} INFO - DAG(s) 'example_bash_operator' retrieved from /Users/harshasogala/financial-data-platform/venv/lib/python3.12/site-packages/airflow/example_dags/example_bash_operator.py
[2026-03-13T22:22:47.219+0100] {logging_mixin.py:188} INFO - [2026-03-13T22:22:47.218+0100] {dag.py:3089} INFO - Sync 1 DAGs
[2026-03-13T22:22:47.229+0100] {logging_mixin.py:188} INFO - [2026-03-13T22:22:47.229+0100] {dag.py:3947} INFO - Setting next_dagrun for example_bash_operator to 2026-03-12 00:00:00+00:00, run_after=2026-03-13 00:00:00+00:00
[2026-03-13T22:22:47.239+0100] {processor.py:183} INFO - Processing /Users/harshasogala/financial-data-platform/venv/lib/python3.12/site-packages/airflow/example_dags/example_bash_operator.py took 0.090 seconds
[2026-03-13T22:29:24.544+0100] {processor.py:161} INFO - Started process (PID=67380) to work on /Users/harshasogala/financial-data-platform/venv/lib/python3.12/site-packages/airflow/example_dags/example_bash_operator.py
[2026-03-13T22:29:24.545+0100] {processor.py:830} INFO - Processing file /Users/harshasogala/financial-data-platform/venv/lib/python3.12/site-packages/airflow/example_dags/example_bash_operator.py for tasks to queue
[2026-03-13T22:29:24.546+0100] {logging_mixin.py:188} INFO - [2026-03-13T22:29:24.545+0100] {dagbag.py:545} INFO - Filling up the DagBag from /Users/harshasogala/financial-data-platform/venv/lib/python3.12/site-packages/airflow/example_dags/example_bash_operator.py
[2026-03-13T22:29:24.553+0100] {processor.py:840} INFO - DAG(s) 'example_bash_operator' retrieved from /Users/harshasogala/financial-data-platform/venv/lib/python3.12/site-packages/airflow/example_dags/example_bash_operator.py
[2026-03-13T22:29:24.614+0100] {logging_mixin.py:188} INFO - [2026-03-13T22:29:24.614+0100] {dag.py:3089} INFO - Sync 1 DAGs
[2026-03-13T22:29:24.624+0100] {logging_mixin.py:188} INFO - [2026-03-13T22:29:24.624+0100] {dag.py:3947} INFO - Setting next_dagrun for example_bash_operator to 2026-03-12 00:00:00+00:00, run_after=2026-03-13 00:00:00+00:00
[2026-03-13T22:29:24.636+0100] {processor.py:183} INFO - Processing /Users/harshasogala/financial-data-platform/venv/lib/python3.12/site-packages/airflow/example_dags/example_bash_operator.py took 0.094 seconds
[2026-03-13T22:30:31.358+0100] {processor.py:161} INFO - Started process (PID=67517) to work on /Users/harshasogala/financial-data-platform/venv/lib/python3.12/site-packages/airflow/example_dags/example_bash_operator.py
[2026-03-13T22:30:31.359+0100] {processor.py:830} INFO - Processing file /Users/harshasogala/financial-data-platform/venv/lib/python3.12/site-packages/airflow/example_dags/example_bash_operator.py for tasks to queue
[2026-03-13T22:30:31.359+0100] {logging_mixin.py:188} INFO - [2026-03-13T22:30:31.359+0100] {dagbag.py:545} INFO - Filling up the DagBag from /Users/harshasogala/financial-data-platform/venv/lib/python3.12/site-packages/airflow/example_dags/example_bash_operator.py
[2026-03-13T22:30:31.366+0100] {processor.py:840} INFO - DAG(s) 'example_bash_operator' retrieved from /Users/harshasogala/financial-data-platform/venv/lib/python3.12/site-packages/airflow/example_dags/example_bash_operator.py
[2026-03-13T22:30:31.423+0100] {logging_mixin.py:188} INFO - [2026-03-13T22:30:31.423+0100] {dag.py:3089} INFO - Sync 1 DAGs
[2026-03-13T22:30:31.434+0100] {logging_mixin.py:188} INFO - [2026-03-13T22:30:31.433+0100] {dag.py:3947} INFO - Setting next_dagrun for example_bash_operator to 2026-03-12 00:00:00+00:00, run_after=2026-03-13 00:00:00+00:00
[2026-03-13T22:30:31.444+0100] {processor.py:183} INFO - Processing /Users/harshasogala/financial-data-platform/venv/lib/python3.12/site-packages/airflow/example_dags/example_bash_operator.py took 0.088 seconds
[2026-03-13T22:31:45.408+0100] {processor.py:161} INFO - Started process (PID=68337) to work on /Users/harshasogala/financial-data-platform/venv/lib/python3.12/site-packages/airflow/example_dags/example_bash_operator.py
[2026-03-13T22:31:45.409+0100] {processor.py:830} INFO - Processing file /Users/harshasogala/financial-data-platform/venv/lib/python3.12/site-packages/airflow/example_dags/example_bash_operator.py for tasks to queue
[2026-03-13T22:31:45.410+0100] {logging_mixin.py:188} INFO - [2026-03-13T22:31:45.410+0100] {dagbag.py:545} INFO - Filling up the DagBag from /Users/harshasogala/financial-data-platform/venv/lib/python3.12/site-packages/airflow/example_dags/example_bash_operator.py
[2026-03-13T22:31:45.417+0100] {processor.py:840} INFO - DAG(s) 'example_bash_operator' retrieved from /Users/harshasogala/financial-data-platform/venv/lib/python3.12/site-packages/airflow/example_dags/example_bash_operator.py
[2026-03-13T22:31:45.477+0100] {logging_mixin.py:188} INFO - [2026-03-13T22:31:45.477+0100] {dag.py:3089} INFO - Sync 1 DAGs
[2026-03-13T22:31:45.487+0100] {logging_mixin.py:188} INFO - [2026-03-13T22:31:45.487+0100] {dag.py:3947} INFO - Setting next_dagrun for example_bash_operator to 2026-03-12 00:00:00+00:00, run_after=2026-03-13 00:00:00+00:00
[2026-03-13T22:31:45.500+0100] {processor.py:183} INFO - Processing /Users/harshasogala/financial-data-platform/venv/lib/python3.12/site-packages/airflow/example_dags/example_bash_operator.py took 0.094 seconds
[2026-03-13T22:33:08.768+0100] {processor.py:161} INFO - Started process (PID=69006) to work on /Users/harshasogala/financial-data-platform/venv/lib/python3.12/site-packages/airflow/example_dags/example_bash_operator.py
[2026-03-13T22:33:08.768+0100] {processor.py:830} INFO - Processing file /Users/harshasogala/financial-data-platform/venv/lib/python3.12/site-packages/airflow/example_dags/example_bash_operator.py for tasks to queue
[2026-03-13T22:33:08.769+0100] {logging_mixin.py:188} INFO - [2026-03-13T22:33:08.769+0100] {dagbag.py:545} INFO - Filling up the DagBag from /Users/harshasogala/financial-data-platform/venv/lib/python3.12/site-packages/airflow/example_dags/example_bash_operator.py
[2026-03-13T22:33:08.777+0100] {processor.py:840} INFO - DAG(s) 'example_bash_operator' retrieved from /Users/harshasogala/financial-data-platform/venv/lib/python3.12/site-packages/airflow/example_dags/example_bash_operator.py
[2026-03-13T22:33:08.837+0100] {logging_mixin.py:188} INFO - [2026-03-13T22:33:08.837+0100] {dag.py:3089} INFO - Sync 1 DAGs
[2026-03-13T22:33:08.846+0100] {logging_mixin.py:188} INFO - [2026-03-13T22:33:08.846+0100] {dag.py:3947} INFO - Setting next_dagrun for example_bash_operator to 2026-03-12 00:00:00+00:00, run_after=2026-03-13 00:00:00+00:00
[2026-03-13T22:33:08.858+0100] {processor.py:183} INFO - Processing /Users/harshasogala/financial-data-platform/venv/lib/python3.12/site-packages/airflow/example_dags/example_bash_operator.py took 0.093 seconds
[2026-03-13T22:34:32.319+0100] {processor.py:161} INFO - Started process (PID=69191) to work on /Users/harshasogala/financial-data-platform/venv/lib/python3.12/site-packages/airflow/example_dags/example_bash_operator.py
[2026-03-13T22:34:32.320+0100] {processor.py:830} INFO - Processing file /Users/harshasogala/financial-data-platform/venv/lib/python3.12/site-packages/airflow/example_dags/example_bash_operator.py for tasks to queue
[2026-03-13T22:34:32.320+0100] {logging_mixin.py:188} INFO - [2026-03-13T22:34:32.320+0100] {dagbag.py:545} INFO - Filling up the DagBag from /Users/harshasogala/financial-data-platform/venv/lib/python3.12/site-packages/airflow/example_dags/example_bash_operator.py
[2026-03-13T22:34:32.328+0100] {processor.py:840} INFO - DAG(s) 'example_bash_operator' retrieved from /Users/harshasogala/financial-data-platform/venv/lib/python3.12/site-packages/airflow/example_dags/example_bash_operator.py
[2026-03-13T22:34:32.390+0100] {logging_mixin.py:188} INFO - [2026-03-13T22:34:32.390+0100] {dag.py:3089} INFO - Sync 1 DAGs
[2026-03-13T22:34:32.399+0100] {logging_mixin.py:188} INFO - [2026-03-13T22:34:32.399+0100] {dag.py:3947} INFO - Setting next_dagrun for example_bash_operator to 2026-03-12 00:00:00+00:00, run_after=2026-03-13 00:00:00+00:00
[2026-03-13T22:34:32.412+0100] {processor.py:183} INFO - Processing /Users/harshasogala/financial-data-platform/venv/lib/python3.12/site-packages/airflow/example_dags/example_bash_operator.py took 0.096 seconds
[2026-03-13T22:35:48.035+0100] {processor.py:161} INFO - Started process (PID=69273) to work on /Users/harshasogala/financial-data-platform/venv/lib/python3.12/site-packages/airflow/example_dags/example_bash_operator.py
[2026-03-13T22:35:48.036+0100] {processor.py:830} INFO - Processing file /Users/harshasogala/financial-data-platform/venv/lib/python3.12/site-packages/airflow/example_dags/example_bash_operator.py for tasks to queue
[2026-03-13T22:35:48.037+0100] {logging_mixin.py:188} INFO - [2026-03-13T22:35:48.037+0100] {dagbag.py:545} INFO - Filling up the DagBag from /Users/harshasogala/financial-data-platform/venv/lib/python3.12/site-packages/airflow/example_dags/example_bash_operator.py
[2026-03-13T22:35:48.044+0100] {processor.py:840} INFO - DAG(s) 'example_bash_operator' retrieved from /Users/harshasogala/financial-data-platform/venv/lib/python3.12/site-packages/airflow/example_dags/example_bash_operator.py
[2026-03-13T22:35:48.102+0100] {logging_mixin.py:188} INFO - [2026-03-13T22:35:48.102+0100] {dag.py:3089} INFO - Sync 1 DAGs
[2026-03-13T22:35:48.112+0100] {logging_mixin.py:188} INFO - [2026-03-13T22:35:48.111+0100] {dag.py:3947} INFO - Setting next_dagrun for example_bash_operator to 2026-03-12 00:00:00+00:00, run_after=2026-03-13 00:00:00+00:00
[2026-03-13T22:35:48.123+0100] {processor.py:183} INFO - Processing /Users/harshasogala/financial-data-platform/venv/lib/python3.12/site-packages/airflow/example_dags/example_bash_operator.py took 0.090 seconds
[2026-03-13T22:37:01.766+0100] {processor.py:161} INFO - Started process (PID=69331) to work on /Users/harshasogala/financial-data-platform/venv/lib/python3.12/site-packages/airflow/example_dags/example_bash_operator.py
[2026-03-13T22:37:01.766+0100] {processor.py:830} INFO - Processing file /Users/harshasogala/financial-data-platform/venv/lib/python3.12/site-packages/airflow/example_dags/example_bash_operator.py for tasks to queue
[2026-03-13T22:37:01.767+0100] {logging_mixin.py:188} INFO - [2026-03-13T22:37:01.767+0100] {dagbag.py:545} INFO - Filling up the DagBag from /Users/harshasogala/financial-data-platform/venv/lib/python3.12/site-packages/airflow/example_dags/example_bash_operator.py
[2026-03-13T22:37:01.774+0100] {processor.py:840} INFO - DAG(s) 'example_bash_operator' retrieved from /Users/harshasogala/financial-data-platform/venv/lib/python3.12/site-packages/airflow/example_dags/example_bash_operator.py
[2026-03-13T22:37:01.835+0100] {logging_mixin.py:188} INFO - [2026-03-13T22:37:01.835+0100] {dag.py:3089} INFO - Sync 1 DAGs
[2026-03-13T22:37:01.845+0100] {logging_mixin.py:188} INFO - [2026-03-13T22:37:01.845+0100] {dag.py:3947} INFO - Setting next_dagrun for example_bash_operator to 2026-03-12 00:00:00+00:00, run_after=2026-03-13 00:00:00+00:00
[2026-03-13T22:37:01.857+0100] {processor.py:183} INFO - Processing /Users/harshasogala/financial-data-platform/venv/lib/python3.12/site-packages/airflow/example_dags/example_bash_operator.py took 0.093 seconds
[2026-03-13T22:38:15.679+0100] {processor.py:161} INFO - Started process (PID=69389) to work on /Users/harshasogala/financial-data-platform/venv/lib/python3.12/site-packages/airflow/example_dags/example_bash_operator.py
[2026-03-13T22:38:15.680+0100] {processor.py:830} INFO - Processing file /Users/harshasogala/financial-data-platform/venv/lib/python3.12/site-packages/airflow/example_dags/example_bash_operator.py for tasks to queue
[2026-03-13T22:38:15.681+0100] {logging_mixin.py:188} INFO - [2026-03-13T22:38:15.681+0100] {dagbag.py:545} INFO - Filling up the DagBag from /Users/harshasogala/financial-data-platform/venv/lib/python3.12/site-packages/airflow/example_dags/example_bash_operator.py
[2026-03-13T22:38:15.689+0100] {processor.py:840} INFO - DAG(s) 'example_bash_operator' retrieved from /Users/harshasogala/financial-data-platform/venv/lib/python3.12/site-packages/airflow/example_dags/example_bash_operator.py
[2026-03-13T22:38:15.747+0100] {logging_mixin.py:188} INFO - [2026-03-13T22:38:15.747+0100] {dag.py:3089} INFO - Sync 1 DAGs
[2026-03-13T22:38:15.757+0100] {logging_mixin.py:188} INFO - [2026-03-13T22:38:15.756+0100] {dag.py:3947} INFO - Setting next_dagrun for example_bash_operator to 2026-03-12 00:00:00+00:00, run_after=2026-03-13 00:00:00+00:00
[2026-03-13T22:38:15.768+0100] {processor.py:183} INFO - Processing /Users/harshasogala/financial-data-platform/venv/lib/python3.12/site-packages/airflow/example_dags/example_bash_operator.py took 0.090 seconds
[2026-03-13T22:39:29.908+0100] {processor.py:161} INFO - Started process (PID=69457) to work on /Users/harshasogala/financial-data-platform/venv/lib/python3.12/site-packages/airflow/example_dags/example_bash_operator.py
[2026-03-13T22:39:29.910+0100] {processor.py:830} INFO - Processing file /Users/harshasogala/financial-data-platform/venv/lib/python3.12/site-packages/airflow/example_dags/example_bash_operator.py for tasks to queue
[2026-03-13T22:39:29.910+0100] {logging_mixin.py:188} INFO - [2026-03-13T22:39:29.910+0100] {dagbag.py:545} INFO - Filling up the DagBag from /Users/harshasogala/financial-data-platform/venv/lib/python3.12/site-packages/airflow/example_dags/example_bash_operator.py
[2026-03-13T22:39:29.918+0100] {processor.py:840} INFO - DAG(s) 'example_bash_operator' retrieved from /Users/harshasogala/financial-data-platform/venv/lib/python3.12/site-packages/airflow/example_dags/example_bash_operator.py
[2026-03-13T22:39:29.979+0100] {logging_mixin.py:188} INFO - [2026-03-13T22:39:29.978+0100] {dag.py:3089} INFO - Sync 1 DAGs
[2026-03-13T22:39:29.989+0100] {logging_mixin.py:188} INFO - [2026-03-13T22:39:29.988+0100] {dag.py:3947} INFO - Setting next_dagrun for example_bash_operator to 2026-03-12 00:00:00+00:00, run_after=2026-03-13 00:00:00+00:00
[2026-03-13T22:39:30.001+0100] {processor.py:183} INFO - Processing /Users/harshasogala/financial-data-platform/venv/lib/python3.12/site-packages/airflow/example_dags/example_bash_operator.py took 0.094 seconds
[2026-03-13T22:40:52.178+0100] {processor.py:161} INFO - Started process (PID=69678) to work on /Users/harshasogala/financial-data-platform/venv/lib/python3.12/site-packages/airflow/example_dags/example_bash_operator.py
[2026-03-13T22:40:52.179+0100] {processor.py:830} INFO - Processing file /Users/harshasogala/financial-data-platform/venv/lib/python3.12/site-packages/airflow/example_dags/example_bash_operator.py for tasks to queue
[2026-03-13T22:40:52.180+0100] {logging_mixin.py:188} INFO - [2026-03-13T22:40:52.179+0100] {dagbag.py:545} INFO - Filling up the DagBag from /Users/harshasogala/financial-data-platform/venv/lib/python3.12/site-packages/airflow/example_dags/example_bash_operator.py
[2026-03-13T22:40:52.187+0100] {processor.py:840} INFO - DAG(s) 'example_bash_operator' retrieved from /Users/harshasogala/financial-data-platform/venv/lib/python3.12/site-packages/airflow/example_dags/example_bash_operator.py
[2026-03-13T22:40:52.245+0100] {logging_mixin.py:188} INFO - [2026-03-13T22:40:52.245+0100] {dag.py:3089} INFO - Sync 1 DAGs
[2026-03-13T22:40:52.254+0100] {logging_mixin.py:188} INFO - [2026-03-13T22:40:52.254+0100] {dag.py:3947} INFO - Setting next_dagrun for example_bash_operator to 2026-03-12 00:00:00+00:00, run_after=2026-03-13 00:00:00+00:00
[2026-03-13T22:40:52.266+0100] {processor.py:183} INFO - Processing /Users/harshasogala/financial-data-platform/venv/lib/python3.12/site-packages/airflow/example_dags/example_bash_operator.py took 0.089 seconds
[2026-03-13T22:42:10.408+0100] {processor.py:161} INFO - Started process (PID=69737) to work on /Users/harshasogala/financial-data-platform/venv/lib/python3.12/site-packages/airflow/example_dags/example_bash_operator.py
[2026-03-13T22:42:10.409+0100] {processor.py:830} INFO - Processing file /Users/harshasogala/financial-data-platform/venv/lib/python3.12/site-packages/airflow/example_dags/example_bash_operator.py for tasks to queue
[2026-03-13T22:42:10.410+0100] {logging_mixin.py:188} INFO - [2026-03-13T22:42:10.409+0100] {dagbag.py:545} INFO - Filling up the DagBag from /Users/harshasogala/financial-data-platform/venv/lib/python3.12/site-packages/airflow/example_dags/example_bash_operator.py
[2026-03-13T22:42:10.417+0100] {processor.py:840} INFO - DAG(s) 'example_bash_operator' retrieved from /Users/harshasogala/financial-data-platform/venv/lib/python3.12/site-packages/airflow/example_dags/example_bash_operator.py
[2026-03-13T22:42:10.475+0100] {logging_mixin.py:188} INFO - [2026-03-13T22:42:10.474+0100] {dag.py:3089} INFO - Sync 1 DAGs
[2026-03-13T22:42:10.484+0100] {logging_mixin.py:188} INFO - [2026-03-13T22:42:10.484+0100] {dag.py:3947} INFO - Setting next_dagrun for example_bash_operator to 2026-03-12 00:00:00+00:00, run_after=2026-03-13 00:00:00+00:00
[2026-03-13T22:42:10.495+0100] {processor.py:183} INFO - Processing /Users/harshasogala/financial-data-platform/venv/lib/python3.12/site-packages/airflow/example_dags/example_bash_operator.py took 0.089 seconds
[2026-03-13T22:43:28.650+0100] {processor.py:161} INFO - Started process (PID=69815) to work on /Users/harshasogala/financial-data-platform/venv/lib/python3.12/site-packages/airflow/example_dags/example_bash_operator.py
[2026-03-13T22:43:28.652+0100] {processor.py:830} INFO - Processing file /Users/harshasogala/financial-data-platform/venv/lib/python3.12/site-packages/airflow/example_dags/example_bash_operator.py for tasks to queue
[2026-03-13T22:43:28.652+0100] {logging_mixin.py:188} INFO - [2026-03-13T22:43:28.652+0100] {dagbag.py:545} INFO - Filling up the DagBag from /Users/harshasogala/financial-data-platform/venv/lib/python3.12/site-packages/airflow/example_dags/example_bash_operator.py
[2026-03-13T22:43:28.659+0100] {processor.py:840} INFO - DAG(s) 'example_bash_operator' retrieved from /Users/harshasogala/financial-data-platform/venv/lib/python3.12/site-packages/airflow/example_dags/example_bash_operator.py
[2026-03-13T22:43:28.720+0100] {logging_mixin.py:188} INFO - [2026-03-13T22:43:28.720+0100] {dag.py:3089} INFO - Sync 1 DAGs
[2026-03-13T22:43:28.731+0100] {logging_mixin.py:188} INFO - [2026-03-13T22:43:28.731+0100] {dag.py:3947} INFO - Setting next_dagrun for example_bash_operator to 2026-03-12 00:00:00+00:00, run_after=2026-03-13 00:00:00+00:00
[2026-03-13T22:43:28.744+0100] {processor.py:183} INFO - Processing /Users/harshasogala/financial-data-platform/venv/lib/python3.12/site-packages/airflow/example_dags/example_bash_operator.py took 0.096 seconds
[2026-03-13T22:44:50.607+0100] {processor.py:161} INFO - Started process (PID=70056) to work on /Users/harshasogala/financial-data-platform/venv/lib/python3.12/site-packages/airflow/example_dags/example_bash_operator.py
[2026-03-13T22:44:50.608+0100] {processor.py:830} INFO - Processing file /Users/harshasogala/financial-data-platform/venv/lib/python3.12/site-packages/airflow/example_dags/example_bash_operator.py for tasks to queue
[2026-03-13T22:44:50.609+0100] {logging_mixin.py:188} INFO - [2026-03-13T22:44:50.609+0100] {dagbag.py:545} INFO - Filling up the DagBag from /Users/harshasogala/financial-data-platform/venv/lib/python3.12/site-packages/airflow/example_dags/example_bash_operator.py
[2026-03-13T22:44:50.617+0100] {processor.py:840} INFO - DAG(s) 'example_bash_operator' retrieved from /Users/harshasogala/financial-data-platform/venv/lib/python3.12/site-packages/airflow/example_dags/example_bash_operator.py
[2026-03-13T22:44:50.677+0100] {logging_mixin.py:188} INFO - [2026-03-13T22:44:50.677+0100] {dag.py:3089} INFO - Sync 1 DAGs
[2026-03-13T22:44:50.687+0100] {logging_mixin.py:188} INFO - [2026-03-13T22:44:50.687+0100] {dag.py:3947} INFO - Setting next_dagrun for example_bash_operator to 2026-03-12 00:00:00+00:00, run_after=2026-03-13 00:00:00+00:00
[2026-03-13T22:44:50.699+0100] {processor.py:183} INFO - Processing /Users/harshasogala/financial-data-platform/venv/lib/python3.12/site-packages/airflow/example_dags/example_bash_operator.py took 0.094 seconds
[2026-03-13T22:46:27.085+0100] {processor.py:161} INFO - Started process (PID=70586) to work on /Users/harshasogala/financial-data-platform/venv/lib/python3.12/site-packages/airflow/example_dags/example_bash_operator.py
[2026-03-13T22:46:27.086+0100] {processor.py:830} INFO - Processing file /Users/harshasogala/financial-data-platform/venv/lib/python3.12/site-packages/airflow/example_dags/example_bash_operator.py for tasks to queue
[2026-03-13T22:46:27.086+0100] {logging_mixin.py:188} INFO - [2026-03-13T22:46:27.086+0100] {dagbag.py:545} INFO - Filling up the DagBag from /Users/harshasogala/financial-data-platform/venv/lib/python3.12/site-packages/airflow/example_dags/example_bash_operator.py
[2026-03-13T22:46:27.093+0100] {processor.py:840} INFO - DAG(s) 'example_bash_operator' retrieved from /Users/harshasogala/financial-data-platform/venv/lib/python3.12/site-packages/airflow/example_dags/example_bash_operator.py
[2026-03-13T22:46:27.153+0100] {logging_mixin.py:188} INFO - [2026-03-13T22:46:27.152+0100] {dag.py:3089} INFO - Sync 1 DAGs
[2026-03-13T22:46:27.162+0100] {logging_mixin.py:188} INFO - [2026-03-13T22:46:27.162+0100] {dag.py:3947} INFO - Setting next_dagrun for example_bash_operator to 2026-03-12 00:00:00+00:00, run_after=2026-03-13 00:00:00+00:00
[2026-03-13T22:46:27.174+0100] {processor.py:183} INFO - Processing /Users/harshasogala/financial-data-platform/venv/lib/python3.12/site-packages/airflow/example_dags/example_bash_operator.py took 0.091 seconds
[2026-03-13T22:47:51.521+0100] {processor.py:161} INFO - Started process (PID=71391) to work on /Users/harshasogala/financial-data-platform/venv/lib/python3.12/site-packages/airflow/example_dags/example_bash_operator.py
[2026-03-13T22:47:51.522+0100] {processor.py:830} INFO - Processing file /Users/harshasogala/financial-data-platform/venv/lib/python3.12/site-packages/airflow/example_dags/example_bash_operator.py for tasks to queue
[2026-03-13T22:47:51.523+0100] {logging_mixin.py:188} INFO - [2026-03-13T22:47:51.523+0100] {dagbag.py:545} INFO - Filling up the DagBag from /Users/harshasogala/financial-data-platform/venv/lib/python3.12/site-packages/airflow/example_dags/example_bash_operator.py
[2026-03-13T22:47:51.530+0100] {processor.py:840} INFO - DAG(s) 'example_bash_operator' retrieved from /Users/harshasogala/financial-data-platform/venv/lib/python3.12/site-packages/airflow/example_dags/example_bash_operator.py
[2026-03-13T22:47:51.588+0100] {logging_mixin.py:188} INFO - [2026-03-13T22:47:51.588+0100] {dag.py:3089} INFO - Sync 1 DAGs
[2026-03-13T22:47:51.598+0100] {logging_mixin.py:188} INFO - [2026-03-13T22:47:51.598+0100] {dag.py:3947} INFO - Setting next_dagrun for example_bash_operator to 2026-03-12 00:00:00+00:00, run_after=2026-03-13 00:00:00+00:00
[2026-03-13T22:47:51.609+0100] {processor.py:183} INFO - Processing /Users/harshasogala/financial-data-platform/venv/lib/python3.12/site-packages/airflow/example_dags/example_bash_operator.py took 0.090 seconds
[2026-03-13T22:49:09.629+0100] {processor.py:161} INFO - Started process (PID=71465) to work on /Users/harshasogala/financial-data-platform/venv/lib/python3.12/site-packages/airflow/example_dags/example_bash_operator.py
[2026-03-13T22:49:09.630+0100] {processor.py:830} INFO - Processing file /Users/harshasogala/financial-data-platform/venv/lib/python3.12/site-packages/airflow/example_dags/example_bash_operator.py for tasks to queue
[2026-03-13T22:49:09.630+0100] {logging_mixin.py:188} INFO - [2026-03-13T22:49:09.630+0100] {dagbag.py:545} INFO - Filling up the DagBag from /Users/harshasogala/financial-data-platform/venv/lib/python3.12/site-packages/airflow/example_dags/example_bash_operator.py
[2026-03-13T22:49:09.637+0100] {processor.py:840} INFO - DAG(s) 'example_bash_operator' retrieved from /Users/harshasogala/financial-data-platform/venv/lib/python3.12/site-packages/airflow/example_dags/example_bash_operator.py
[2026-03-13T22:49:09.698+0100] {logging_mixin.py:188} INFO - [2026-03-13T22:49:09.698+0100] {dag.py:3089} INFO - Sync 1 DAGs
[2026-03-13T22:49:09.708+0100] {logging_mixin.py:188} INFO - [2026-03-13T22:49:09.708+0100] {dag.py:3947} INFO - Setting next_dagrun for example_bash_operator to 2026-03-12 00:00:00+00:00, run_after=2026-03-13 00:00:00+00:00
[2026-03-13T22:49:09.719+0100] {processor.py:183} INFO - Processing /Users/harshasogala/financial-data-platform/venv/lib/python3.12/site-packages/airflow/example_dags/example_bash_operator.py took 0.092 seconds
[2026-03-13T22:50:33.462+0100] {processor.py:161} INFO - Started process (PID=71716) to work on /Users/harshasogala/financial-data-platform/venv/lib/python3.12/site-packages/airflow/example_dags/example_bash_operator.py
[2026-03-13T22:50:33.464+0100] {processor.py:830} INFO - Processing file /Users/harshasogala/financial-data-platform/venv/lib/python3.12/site-packages/airflow/example_dags/example_bash_operator.py for tasks to queue
[2026-03-13T22:50:33.464+0100] {logging_mixin.py:188} INFO - [2026-03-13T22:50:33.464+0100] {dagbag.py:545} INFO - Filling up the DagBag from /Users/harshasogala/financial-data-platform/venv/lib/python3.12/site-packages/airflow/example_dags/example_bash_operator.py
[2026-03-13T22:50:33.473+0100] {processor.py:840} INFO - DAG(s) 'example_bash_operator' retrieved from /Users/harshasogala/financial-data-platform/venv/lib/python3.12/site-packages/airflow/example_dags/example_bash_operator.py
[2026-03-13T22:50:33.567+0100] {logging_mixin.py:188} INFO - [2026-03-13T22:50:33.566+0100] {dag.py:3089} INFO - Sync 1 DAGs
[2026-03-13T22:50:33.585+0100] {logging_mixin.py:188} INFO - [2026-03-13T22:50:33.584+0100] {dag.py:3947} INFO - Setting next_dagrun for example_bash_operator to 2026-03-12 00:00:00+00:00, run_after=2026-03-13 00:00:00+00:00
[2026-03-13T22:50:33.606+0100] {processor.py:183} INFO - Processing /Users/harshasogala/financial-data-platform/venv/lib/python3.12/site-packages/airflow/example_dags/example_bash_operator.py took 0.147 seconds
[2026-03-13T22:51:58.061+0100] {processor.py:161} INFO - Started process (PID=72076) to work on /Users/harshasogala/financial-data-platform/venv/lib/python3.12/site-packages/airflow/example_dags/example_bash_operator.py
[2026-03-13T22:51:58.063+0100] {processor.py:830} INFO - Processing file /Users/harshasogala/financial-data-platform/venv/lib/python3.12/site-packages/airflow/example_dags/example_bash_operator.py for tasks to queue
[2026-03-13T22:51:58.063+0100] {logging_mixin.py:188} INFO - [2026-03-13T22:51:58.063+0100] {dagbag.py:545} INFO - Filling up the DagBag from /Users/harshasogala/financial-data-platform/venv/lib/python3.12/site-packages/airflow/example_dags/example_bash_operator.py
[2026-03-13T22:51:58.070+0100] {processor.py:840} INFO - DAG(s) 'example_bash_operator' retrieved from /Users/harshasogala/financial-data-platform/venv/lib/python3.12/site-packages/airflow/example_dags/example_bash_operator.py
[2026-03-13T22:51:58.127+0100] {logging_mixin.py:188} INFO - [2026-03-13T22:51:58.127+0100] {dag.py:3089} INFO - Sync 1 DAGs
[2026-03-13T22:51:58.136+0100] {logging_mixin.py:188} INFO - [2026-03-13T22:51:58.136+0100] {dag.py:3947} INFO - Setting next_dagrun for example_bash_operator to 2026-03-12 00:00:00+00:00, run_after=2026-03-13 00:00:00+00:00
[2026-03-13T22:51:58.147+0100] {processor.py:183} INFO - Processing /Users/harshasogala/financial-data-platform/venv/lib/python3.12/site-packages/airflow/example_dags/example_bash_operator.py took 0.088 seconds
[2026-03-13T22:53:13.557+0100] {processor.py:161} INFO - Started process (PID=72401) to work on /Users/harshasogala/financial-data-platform/venv/lib/python3.12/site-packages/airflow/example_dags/example_bash_operator.py
[2026-03-13T22:53:13.558+0100] {processor.py:830} INFO - Processing file /Users/harshasogala/financial-data-platform/venv/lib/python3.12/site-packages/airflow/example_dags/example_bash_operator.py for tasks to queue
[2026-03-13T22:53:13.559+0100] {logging_mixin.py:188} INFO - [2026-03-13T22:53:13.559+0100] {dagbag.py:545} INFO - Filling up the DagBag from /Users/harshasogala/financial-data-platform/venv/lib/python3.12/site-packages/airflow/example_dags/example_bash_operator.py
[2026-03-13T22:53:13.566+0100] {processor.py:840} INFO - DAG(s) 'example_bash_operator' retrieved from /Users/harshasogala/financial-data-platform/venv/lib/python3.12/site-packages/airflow/example_dags/example_bash_operator.py
[2026-03-13T22:53:13.624+0100] {logging_mixin.py:188} INFO - [2026-03-13T22:53:13.624+0100] {dag.py:3089} INFO - Sync 1 DAGs
[2026-03-13T22:53:13.633+0100] {logging_mixin.py:188} INFO - [2026-03-13T22:53:13.633+0100] {dag.py:3947} INFO - Setting next_dagrun for example_bash_operator to 2026-03-12 00:00:00+00:00, run_after=2026-03-13 00:00:00+00:00
[2026-03-13T22:53:13.645+0100] {processor.py:183} INFO - Processing /Users/harshasogala/financial-data-platform/venv/lib/python3.12/site-packages/airflow/example_dags/example_bash_operator.py took 0.089 seconds
[2026-03-13T22:54:37.506+0100] {processor.py:161} INFO - Started process (PID=72501) to work on /Users/harshasogala/financial-data-platform/venv/lib/python3.12/site-packages/airflow/example_dags/example_bash_operator.py
[2026-03-13T22:54:37.506+0100] {processor.py:830} INFO - Processing file /Users/harshasogala/financial-data-platform/venv/lib/python3.12/site-packages/airflow/example_dags/example_bash_operator.py for tasks to queue
[2026-03-13T22:54:37.507+0100] {logging_mixin.py:188} INFO - [2026-03-13T22:54:37.507+0100] {dagbag.py:545} INFO - Filling up the DagBag from /Users/harshasogala/financial-data-platform/venv/lib/python3.12/site-packages/airflow/example_dags/example_bash_operator.py
[2026-03-13T22:54:37.515+0100] {processor.py:840} INFO - DAG(s) 'example_bash_operator' retrieved from /Users/harshasogala/financial-data-platform/venv/lib/python3.12/site-packages/airflow/example_dags/example_bash_operator.py
[2026-03-13T22:54:37.572+0100] {logging_mixin.py:188} INFO - [2026-03-13T22:54:37.572+0100] {dag.py:3089} INFO - Sync 1 DAGs
[2026-03-13T22:54:37.582+0100] {logging_mixin.py:188} INFO - [2026-03-13T22:54:37.582+0100] {dag.py:3947} INFO - Setting next_dagrun for example_bash_operator to 2026-03-12 00:00:00+00:00, run_after=2026-03-13 00:00:00+00:00
[2026-03-13T22:54:37.593+0100] {processor.py:183} INFO - Processing /Users/harshasogala/financial-data-platform/venv/lib/python3.12/site-packages/airflow/example_dags/example_bash_operator.py took 0.090 seconds
[2026-03-13T22:56:00.233+0100] {processor.py:161} INFO - Started process (PID=72586) to work on /Users/harshasogala/financial-data-platform/venv/lib/python3.12/site-packages/airflow/example_dags/example_bash_operator.py
[2026-03-13T22:56:00.234+0100] {processor.py:830} INFO - Processing file /Users/harshasogala/financial-data-platform/venv/lib/python3.12/site-packages/airflow/example_dags/example_bash_operator.py for tasks to queue
[2026-03-13T22:56:00.235+0100] {logging_mixin.py:188} INFO - [2026-03-13T22:56:00.235+0100] {dagbag.py:545} INFO - Filling up the DagBag from /Users/harshasogala/financial-data-platform/venv/lib/python3.12/site-packages/airflow/example_dags/example_bash_operator.py
[2026-03-13T22:56:00.244+0100] {processor.py:840} INFO - DAG(s) 'example_bash_operator' retrieved from /Users/harshasogala/financial-data-platform/venv/lib/python3.12/site-packages/airflow/example_dags/example_bash_operator.py
[2026-03-13T22:56:00.301+0100] {logging_mixin.py:188} INFO - [2026-03-13T22:56:00.301+0100] {dag.py:3089} INFO - Sync 1 DAGs
[2026-03-13T22:56:00.313+0100] {logging_mixin.py:188} INFO - [2026-03-13T22:56:00.313+0100] {dag.py:3947} INFO - Setting next_dagrun for example_bash_operator to 2026-03-12 00:00:00+00:00, run_after=2026-03-13 00:00:00+00:00
[2026-03-13T22:56:00.324+0100] {processor.py:183} INFO - Processing /Users/harshasogala/financial-data-platform/venv/lib/python3.12/site-packages/airflow/example_dags/example_bash_operator.py took 0.093 seconds
[2026-03-13T22:57:21.011+0100] {processor.py:161} INFO - Started process (PID=72661) to work on /Users/harshasogala/financial-data-platform/venv/lib/python3.12/site-packages/airflow/example_dags/example_bash_operator.py
[2026-03-13T22:57:21.012+0100] {processor.py:830} INFO - Processing file /Users/harshasogala/financial-data-platform/venv/lib/python3.12/site-packages/airflow/example_dags/example_bash_operator.py for tasks to queue
[2026-03-13T22:57:21.012+0100] {logging_mixin.py:188} INFO - [2026-03-13T22:57:21.012+0100] {dagbag.py:545} INFO - Filling up the DagBag from /Users/harshasogala/financial-data-platform/venv/lib/python3.12/site-packages/airflow/example_dags/example_bash_operator.py
[2026-03-13T22:57:21.020+0100] {processor.py:840} INFO - DAG(s) 'example_bash_operator' retrieved from /Users/harshasogala/financial-data-platform/venv/lib/python3.12/site-packages/airflow/example_dags/example_bash_operator.py
[2026-03-13T22:57:21.081+0100] {logging_mixin.py:188} INFO - [2026-03-13T22:57:21.081+0100] {dag.py:3089} INFO - Sync 1 DAGs
[2026-03-13T22:57:21.090+0100] {logging_mixin.py:188} INFO - [2026-03-13T22:57:21.090+0100] {dag.py:3947} INFO - Setting next_dagrun for example_bash_operator to 2026-03-12 00:00:00+00:00, run_after=2026-03-13 00:00:00+00:00
[2026-03-13T22:57:21.164+0100] {processor.py:183} INFO - Processing /Users/harshasogala/financial-data-platform/venv/lib/python3.12/site-packages/airflow/example_dags/example_bash_operator.py took 0.154 seconds
[2026-03-13T22:58:42.616+0100] {processor.py:161} INFO - Started process (PID=72729) to work on /Users/harshasogala/financial-data-platform/venv/lib/python3.12/site-packages/airflow/example_dags/example_bash_operator.py
[2026-03-13T22:58:42.618+0100] {processor.py:830} INFO - Processing file /Users/harshasogala/financial-data-platform/venv/lib/python3.12/site-packages/airflow/example_dags/example_bash_operator.py for tasks to queue
[2026-03-13T22:58:42.620+0100] {logging_mixin.py:188} INFO - [2026-03-13T22:58:42.619+0100] {dagbag.py:545} INFO - Filling up the DagBag from /Users/harshasogala/financial-data-platform/venv/lib/python3.12/site-packages/airflow/example_dags/example_bash_operator.py
[2026-03-13T22:58:42.640+0100] {processor.py:840} INFO - DAG(s) 'example_bash_operator' retrieved from /Users/harshasogala/financial-data-platform/venv/lib/python3.12/site-packages/airflow/example_dags/example_bash_operator.py
[2026-03-13T22:58:42.777+0100] {logging_mixin.py:188} INFO - [2026-03-13T22:58:42.776+0100] {dag.py:3089} INFO - Sync 1 DAGs
[2026-03-13T22:58:42.795+0100] {logging_mixin.py:188} INFO - [2026-03-13T22:58:42.795+0100] {dag.py:3947} INFO - Setting next_dagrun for example_bash_operator to 2026-03-12 00:00:00+00:00, run_after=2026-03-13 00:00:00+00:00
[2026-03-13T22:58:42.815+0100] {processor.py:183} INFO - Processing /Users/harshasogala/financial-data-platform/venv/lib/python3.12/site-packages/airflow/example_dags/example_bash_operator.py took 0.209 seconds
[2026-03-13T23:00:01.186+0100] {processor.py:161} INFO - Started process (PID=72800) to work on /Users/harshasogala/financial-data-platform/venv/lib/python3.12/site-packages/airflow/example_dags/example_bash_operator.py
[2026-03-13T23:00:01.187+0100] {processor.py:830} INFO - Processing file /Users/harshasogala/financial-data-platform/venv/lib/python3.12/site-packages/airflow/example_dags/example_bash_operator.py for tasks to queue
[2026-03-13T23:00:01.187+0100] {logging_mixin.py:188} INFO - [2026-03-13T23:00:01.187+0100] {dagbag.py:545} INFO - Filling up the DagBag from /Users/harshasogala/financial-data-platform/venv/lib/python3.12/site-packages/airflow/example_dags/example_bash_operator.py
[2026-03-13T23:00:01.195+0100] {processor.py:840} INFO - DAG(s) 'example_bash_operator' retrieved from /Users/harshasogala/financial-data-platform/venv/lib/python3.12/site-packages/airflow/example_dags/example_bash_operator.py
[2026-03-13T23:00:01.253+0100] {logging_mixin.py:188} INFO - [2026-03-13T23:00:01.253+0100] {dag.py:3089} INFO - Sync 1 DAGs
[2026-03-13T23:00:01.262+0100] {logging_mixin.py:188} INFO - [2026-03-13T23:00:01.262+0100] {dag.py:3947} INFO - Setting next_dagrun for example_bash_operator to 2026-03-12 00:00:00+00:00, run_after=2026-03-13 00:00:00+00:00
[2026-03-13T23:00:01.274+0100] {processor.py:183} INFO - Processing /Users/harshasogala/financial-data-platform/venv/lib/python3.12/site-packages/airflow/example_dags/example_bash_operator.py took 0.090 seconds
[2026-03-13T23:01:21.135+0100] {processor.py:161} INFO - Started process (PID=72869) to work on /Users/harshasogala/financial-data-platform/venv/lib/python3.12/site-packages/airflow/example_dags/example_bash_operator.py
[2026-03-13T23:01:21.136+0100] {processor.py:830} INFO - Processing file /Users/harshasogala/financial-data-platform/venv/lib/python3.12/site-packages/airflow/example_dags/example_bash_operator.py for tasks to queue
[2026-03-13T23:01:21.137+0100] {logging_mixin.py:188} INFO - [2026-03-13T23:01:21.136+0100] {dagbag.py:545} INFO - Filling up the DagBag from /Users/harshasogala/financial-data-platform/venv/lib/python3.12/site-packages/airflow/example_dags/example_bash_operator.py
[2026-03-13T23:01:21.144+0100] {processor.py:840} INFO - DAG(s) 'example_bash_operator' retrieved from /Users/harshasogala/financial-data-platform/venv/lib/python3.12/site-packages/airflow/example_dags/example_bash_operator.py
[2026-03-13T23:01:21.203+0100] {logging_mixin.py:188} INFO - [2026-03-13T23:01:21.203+0100] {dag.py:3089} INFO - Sync 1 DAGs
[2026-03-13T23:01:21.212+0100] {logging_mixin.py:188} INFO - [2026-03-13T23:01:21.212+0100] {dag.py:3947} INFO - Setting next_dagrun for example_bash_operator to 2026-03-12 00:00:00+00:00, run_after=2026-03-13 00:00:00+00:00
[2026-03-13T23:01:21.224+0100] {processor.py:183} INFO - Processing /Users/harshasogala/financial-data-platform/venv/lib/python3.12/site-packages/airflow/example_dags/example_bash_operator.py took 0.092 seconds
[2026-03-13T23:02:39.527+0100] {processor.py:161} INFO - Started process (PID=72927) to work on /Users/harshasogala/financial-data-platform/venv/lib/python3.12/site-packages/airflow/example_dags/example_bash_operator.py
[2026-03-13T23:02:39.528+0100] {processor.py:830} INFO - Processing file /Users/harshasogala/financial-data-platform/venv/lib/python3.12/site-packages/airflow/example_dags/example_bash_operator.py for tasks to queue
[2026-03-13T23:02:39.529+0100] {logging_mixin.py:188} INFO - [2026-03-13T23:02:39.528+0100] {dagbag.py:545} INFO - Filling up the DagBag from /Users/harshasogala/financial-data-platform/venv/lib/python3.12/site-packages/airflow/example_dags/example_bash_operator.py
[2026-03-13T23:02:39.535+0100] {processor.py:840} INFO - DAG(s) 'example_bash_operator' retrieved from /Users/harshasogala/financial-data-platform/venv/lib/python3.12/site-packages/airflow/example_dags/example_bash_operator.py
[2026-03-13T23:02:39.594+0100] {logging_mixin.py:188} INFO - [2026-03-13T23:02:39.594+0100] {dag.py:3089} INFO - Sync 1 DAGs
[2026-03-13T23:02:39.605+0100] {logging_mixin.py:188} INFO - [2026-03-13T23:02:39.605+0100] {dag.py:3947} INFO - Setting next_dagrun for example_bash_operator to 2026-03-12 00:00:00+00:00, run_after=2026-03-13 00:00:00+00:00
[2026-03-13T23:02:39.618+0100] {processor.py:183} INFO - Processing /Users/harshasogala/financial-data-platform/venv/lib/python3.12/site-packages/airflow/example_dags/example_bash_operator.py took 0.092 seconds
[2026-03-13T23:03:59.213+0100] {processor.py:161} INFO - Started process (PID=72988) to work on /Users/harshasogala/financial-data-platform/venv/lib/python3.12/site-packages/airflow/example_dags/example_bash_operator.py
[2026-03-13T23:03:59.214+0100] {processor.py:830} INFO - Processing file /Users/harshasogala/financial-data-platform/venv/lib/python3.12/site-packages/airflow/example_dags/example_bash_operator.py for tasks to queue
[2026-03-13T23:03:59.215+0100] {logging_mixin.py:188} INFO - [2026-03-13T23:03:59.214+0100] {dagbag.py:545} INFO - Filling up the DagBag from /Users/harshasogala/financial-data-platform/venv/lib/python3.12/site-packages/airflow/example_dags/example_bash_operator.py
[2026-03-13T23:03:59.222+0100] {processor.py:840} INFO - DAG(s) 'example_bash_operator' retrieved from /Users/harshasogala/financial-data-platform/venv/lib/python3.12/site-packages/airflow/example_dags/example_bash_operator.py
[2026-03-13T23:03:59.280+0100] {logging_mixin.py:188} INFO - [2026-03-13T23:03:59.280+0100] {dag.py:3089} INFO - Sync 1 DAGs
[2026-03-13T23:03:59.290+0100] {logging_mixin.py:188} INFO - [2026-03-13T23:03:59.290+0100] {dag.py:3947} INFO - Setting next_dagrun for example_bash_operator to 2026-03-12 00:00:00+00:00, run_after=2026-03-13 00:00:00+00:00
[2026-03-13T23:03:59.303+0100] {processor.py:183} INFO - Processing /Users/harshasogala/financial-data-platform/venv/lib/python3.12/site-packages/airflow/example_dags/example_bash_operator.py took 0.091 seconds
[2026-03-13T23:05:16.596+0100] {processor.py:161} INFO - Started process (PID=73046) to work on /Users/harshasogala/financial-data-platform/venv/lib/python3.12/site-packages/airflow/example_dags/example_bash_operator.py
[2026-03-13T23:05:16.597+0100] {processor.py:830} INFO - Processing file /Users/harshasogala/financial-data-platform/venv/lib/python3.12/site-packages/airflow/example_dags/example_bash_operator.py for tasks to queue
[2026-03-13T23:05:16.598+0100] {logging_mixin.py:188} INFO - [2026-03-13T23:05:16.597+0100] {dagbag.py:545} INFO - Filling up the DagBag from /Users/harshasogala/financial-data-platform/venv/lib/python3.12/site-packages/airflow/example_dags/example_bash_operator.py
[2026-03-13T23:05:16.605+0100] {processor.py:840} INFO - DAG(s) 'example_bash_operator' retrieved from /Users/harshasogala/financial-data-platform/venv/lib/python3.12/site-packages/airflow/example_dags/example_bash_operator.py
[2026-03-13T23:05:16.663+0100] {logging_mixin.py:188} INFO - [2026-03-13T23:05:16.663+0100] {dag.py:3089} INFO - Sync 1 DAGs
[2026-03-13T23:05:16.672+0100] {logging_mixin.py:188} INFO - [2026-03-13T23:05:16.672+0100] {dag.py:3947} INFO - Setting next_dagrun for example_bash_operator to 2026-03-12 00:00:00+00:00, run_after=2026-03-13 00:00:00+00:00
[2026-03-13T23:05:16.684+0100] {processor.py:183} INFO - Processing /Users/harshasogala/financial-data-platform/venv/lib/python3.12/site-packages/airflow/example_dags/example_bash_operator.py took 0.090 seconds
[2026-03-13T23:06:34.312+0100] {processor.py:161} INFO - Started process (PID=73116) to work on /Users/harshasogala/financial-data-platform/venv/lib/python3.12/site-packages/airflow/example_dags/example_bash_operator.py
[2026-03-13T23:06:34.313+0100] {processor.py:830} INFO - Processing file /Users/harshasogala/financial-data-platform/venv/lib/python3.12/site-packages/airflow/example_dags/example_bash_operator.py for tasks to queue
[2026-03-13T23:06:34.314+0100] {logging_mixin.py:188} INFO - [2026-03-13T23:06:34.314+0100] {dagbag.py:545} INFO - Filling up the DagBag from /Users/harshasogala/financial-data-platform/venv/lib/python3.12/site-packages/airflow/example_dags/example_bash_operator.py
[2026-03-13T23:06:34.326+0100] {processor.py:840} INFO - DAG(s) 'example_bash_operator' retrieved from /Users/harshasogala/financial-data-platform/venv/lib/python3.12/site-packages/airflow/example_dags/example_bash_operator.py
[2026-03-13T23:06:34.403+0100] {logging_mixin.py:188} INFO - [2026-03-13T23:06:34.403+0100] {dag.py:3089} INFO - Sync 1 DAGs
[2026-03-13T23:06:34.416+0100] {logging_mixin.py:188} INFO - [2026-03-13T23:06:34.416+0100] {dag.py:3947} INFO - Setting next_dagrun for example_bash_operator to 2026-03-12 00:00:00+00:00, run_after=2026-03-13 00:00:00+00:00
[2026-03-13T23:06:34.432+0100] {processor.py:183} INFO - Processing /Users/harshasogala/financial-data-platform/venv/lib/python3.12/site-packages/airflow/example_dags/example_bash_operator.py took 0.124 seconds
[2026-03-13T23:07:57.275+0100] {processor.py:161} INFO - Started process (PID=73181) to work on /Users/harshasogala/financial-data-platform/venv/lib/python3.12/site-packages/airflow/example_dags/example_bash_operator.py
[2026-03-13T23:07:57.276+0100] {processor.py:830} INFO - Processing file /Users/harshasogala/financial-data-platform/venv/lib/python3.12/site-packages/airflow/example_dags/example_bash_operator.py for tasks to queue
[2026-03-13T23:07:57.276+0100] {logging_mixin.py:188} INFO - [2026-03-13T23:07:57.276+0100] {dagbag.py:545} INFO - Filling up the DagBag from /Users/harshasogala/financial-data-platform/venv/lib/python3.12/site-packages/airflow/example_dags/example_bash_operator.py
[2026-03-13T23:07:57.284+0100] {processor.py:840} INFO - DAG(s) 'example_bash_operator' retrieved from /Users/harshasogala/financial-data-platform/venv/lib/python3.12/site-packages/airflow/example_dags/example_bash_operator.py
[2026-03-13T23:07:57.343+0100] {logging_mixin.py:188} INFO - [2026-03-13T23:07:57.343+0100] {dag.py:3089} INFO - Sync 1 DAGs
[2026-03-13T23:07:57.354+0100] {logging_mixin.py:188} INFO - [2026-03-13T23:07:57.354+0100] {dag.py:3947} INFO - Setting next_dagrun for example_bash_operator to 2026-03-12 00:00:00+00:00, run_after=2026-03-13 00:00:00+00:00
[2026-03-13T23:07:57.366+0100] {processor.py:183} INFO - Processing /Users/harshasogala/financial-data-platform/venv/lib/python3.12/site-packages/airflow/example_dags/example_bash_operator.py took 0.093 seconds
[2026-03-13T23:09:10.902+0100] {processor.py:161} INFO - Started process (PID=73241) to work on /Users/harshasogala/financial-data-platform/venv/lib/python3.12/site-packages/airflow/example_dags/example_bash_operator.py
[2026-03-13T23:09:10.904+0100] {processor.py:830} INFO - Processing file /Users/harshasogala/financial-data-platform/venv/lib/python3.12/site-packages/airflow/example_dags/example_bash_operator.py for tasks to queue
[2026-03-13T23:09:10.904+0100] {logging_mixin.py:188} INFO - [2026-03-13T23:09:10.904+0100] {dagbag.py:545} INFO - Filling up the DagBag from /Users/harshasogala/financial-data-platform/venv/lib/python3.12/site-packages/airflow/example_dags/example_bash_operator.py
[2026-03-13T23:09:10.911+0100] {processor.py:840} INFO - DAG(s) 'example_bash_operator' retrieved from /Users/harshasogala/financial-data-platform/venv/lib/python3.12/site-packages/airflow/example_dags/example_bash_operator.py
[2026-03-13T23:09:10.969+0100] {logging_mixin.py:188} INFO - [2026-03-13T23:09:10.969+0100] {dag.py:3089} INFO - Sync 1 DAGs
[2026-03-13T23:09:10.978+0100] {logging_mixin.py:188} INFO - [2026-03-13T23:09:10.978+0100] {dag.py:3947} INFO - Setting next_dagrun for example_bash_operator to 2026-03-12 00:00:00+00:00, run_after=2026-03-13 00:00:00+00:00
[2026-03-13T23:09:10.990+0100] {processor.py:183} INFO - Processing /Users/harshasogala/financial-data-platform/venv/lib/python3.12/site-packages/airflow/example_dags/example_bash_operator.py took 0.089 seconds
[2026-03-13T23:10:22.715+0100] {processor.py:161} INFO - Started process (PID=73297) to work on /Users/harshasogala/financial-data-platform/venv/lib/python3.12/site-packages/airflow/example_dags/example_bash_operator.py
[2026-03-13T23:10:22.716+0100] {processor.py:830} INFO - Processing file /Users/harshasogala/financial-data-platform/venv/lib/python3.12/site-packages/airflow/example_dags/example_bash_operator.py for tasks to queue
[2026-03-13T23:10:22.716+0100] {logging_mixin.py:188} INFO - [2026-03-13T23:10:22.716+0100] {dagbag.py:545} INFO - Filling up the DagBag from /Users/harshasogala/financial-data-platform/venv/lib/python3.12/site-packages/airflow/example_dags/example_bash_operator.py
[2026-03-13T23:10:22.723+0100] {processor.py:840} INFO - DAG(s) 'example_bash_operator' retrieved from /Users/harshasogala/financial-data-platform/venv/lib/python3.12/site-packages/airflow/example_dags/example_bash_operator.py
[2026-03-13T23:10:22.781+0100] {logging_mixin.py:188} INFO - [2026-03-13T23:10:22.781+0100] {dag.py:3089} INFO - Sync 1 DAGs
[2026-03-13T23:10:22.790+0100] {logging_mixin.py:188} INFO - [2026-03-13T23:10:22.790+0100] {dag.py:3947} INFO - Setting next_dagrun for example_bash_operator to 2026-03-12 00:00:00+00:00, run_after=2026-03-13 00:00:00+00:00
[2026-03-13T23:10:22.802+0100] {processor.py:183} INFO - Processing /Users/harshasogala/financial-data-platform/venv/lib/python3.12/site-packages/airflow/example_dags/example_bash_operator.py took 0.089 seconds
[2026-03-13T23:11:36.432+0100] {processor.py:161} INFO - Started process (PID=73366) to work on /Users/harshasogala/financial-data-platform/venv/lib/python3.12/site-packages/airflow/example_dags/example_bash_operator.py
[2026-03-13T23:11:36.433+0100] {processor.py:830} INFO - Processing file /Users/harshasogala/financial-data-platform/venv/lib/python3.12/site-packages/airflow/example_dags/example_bash_operator.py for tasks to queue
[2026-03-13T23:11:36.433+0100] {logging_mixin.py:188} INFO - [2026-03-13T23:11:36.433+0100] {dagbag.py:545} INFO - Filling up the DagBag from /Users/harshasogala/financial-data-platform/venv/lib/python3.12/site-packages/airflow/example_dags/example_bash_operator.py
[2026-03-13T23:11:36.440+0100] {processor.py:840} INFO - DAG(s) 'example_bash_operator' retrieved from /Users/harshasogala/financial-data-platform/venv/lib/python3.12/site-packages/airflow/example_dags/example_bash_operator.py
[2026-03-13T23:11:36.499+0100] {logging_mixin.py:188} INFO - [2026-03-13T23:11:36.499+0100] {dag.py:3089} INFO - Sync 1 DAGs
[2026-03-13T23:11:36.508+0100] {logging_mixin.py:188} INFO - [2026-03-13T23:11:36.508+0100] {dag.py:3947} INFO - Setting next_dagrun for example_bash_operator to 2026-03-12 00:00:00+00:00, run_after=2026-03-13 00:00:00+00:00
[2026-03-13T23:11:36.520+0100] {processor.py:183} INFO - Processing /Users/harshasogala/financial-data-platform/venv/lib/python3.12/site-packages/airflow/example_dags/example_bash_operator.py took 0.090 seconds
[2026-03-13T23:12:50.591+0100] {processor.py:161} INFO - Started process (PID=73424) to work on /Users/harshasogala/financial-data-platform/venv/lib/python3.12/site-packages/airflow/example_dags/example_bash_operator.py
[2026-03-13T23:12:50.592+0100] {processor.py:830} INFO - Processing file /Users/harshasogala/financial-data-platform/venv/lib/python3.12/site-packages/airflow/example_dags/example_bash_operator.py for tasks to queue
[2026-03-13T23:12:50.593+0100] {logging_mixin.py:188} INFO - [2026-03-13T23:12:50.593+0100] {dagbag.py:545} INFO - Filling up the DagBag from /Users/harshasogala/financial-data-platform/venv/lib/python3.12/site-packages/airflow/example_dags/example_bash_operator.py
[2026-03-13T23:12:50.604+0100] {processor.py:840} INFO - DAG(s) 'example_bash_operator' retrieved from /Users/harshasogala/financial-data-platform/venv/lib/python3.12/site-packages/airflow/example_dags/example_bash_operator.py
[2026-03-13T23:12:50.689+0100] {logging_mixin.py:188} INFO - [2026-03-13T23:12:50.689+0100] {dag.py:3089} INFO - Sync 1 DAGs
[2026-03-13T23:12:50.700+0100] {logging_mixin.py:188} INFO - [2026-03-13T23:12:50.700+0100] {dag.py:3947} INFO - Setting next_dagrun for example_bash_operator to 2026-03-12 00:00:00+00:00, run_after=2026-03-13 00:00:00+00:00
[2026-03-13T23:12:50.714+0100] {processor.py:183} INFO - Processing /Users/harshasogala/financial-data-platform/venv/lib/python3.12/site-packages/airflow/example_dags/example_bash_operator.py took 0.126 seconds
[2026-03-13T23:14:06.165+0100] {processor.py:161} INFO - Started process (PID=73485) to work on /Users/harshasogala/financial-data-platform/venv/lib/python3.12/site-packages/airflow/example_dags/example_bash_operator.py
[2026-03-13T23:14:06.167+0100] {processor.py:830} INFO - Processing file /Users/harshasogala/financial-data-platform/venv/lib/python3.12/site-packages/airflow/example_dags/example_bash_operator.py for tasks to queue
[2026-03-13T23:14:06.167+0100] {logging_mixin.py:188} INFO - [2026-03-13T23:14:06.167+0100] {dagbag.py:545} INFO - Filling up the DagBag from /Users/harshasogala/financial-data-platform/venv/lib/python3.12/site-packages/airflow/example_dags/example_bash_operator.py
[2026-03-13T23:14:06.174+0100] {processor.py:840} INFO - DAG(s) 'example_bash_operator' retrieved from /Users/harshasogala/financial-data-platform/venv/lib/python3.12/site-packages/airflow/example_dags/example_bash_operator.py
[2026-03-13T23:14:06.232+0100] {logging_mixin.py:188} INFO - [2026-03-13T23:14:06.232+0100] {dag.py:3089} INFO - Sync 1 DAGs
[2026-03-13T23:14:06.241+0100] {logging_mixin.py:188} INFO - [2026-03-13T23:14:06.241+0100] {dag.py:3947} INFO - Setting next_dagrun for example_bash_operator to 2026-03-12 00:00:00+00:00, run_after=2026-03-13 00:00:00+00:00
[2026-03-13T23:14:06.253+0100] {processor.py:183} INFO - Processing /Users/harshasogala/financial-data-platform/venv/lib/python3.12/site-packages/airflow/example_dags/example_bash_operator.py took 0.089 seconds
[2026-03-13T23:15:20.261+0100] {processor.py:161} INFO - Started process (PID=73546) to work on /Users/harshasogala/financial-data-platform/venv/lib/python3.12/site-packages/airflow/example_dags/example_bash_operator.py
[2026-03-13T23:15:20.261+0100] {processor.py:830} INFO - Processing file /Users/harshasogala/financial-data-platform/venv/lib/python3.12/site-packages/airflow/example_dags/example_bash_operator.py for tasks to queue
[2026-03-13T23:15:20.262+0100] {logging_mixin.py:188} INFO - [2026-03-13T23:15:20.262+0100] {dagbag.py:545} INFO - Filling up the DagBag from /Users/harshasogala/financial-data-platform/venv/lib/python3.12/site-packages/airflow/example_dags/example_bash_operator.py
[2026-03-13T23:15:20.269+0100] {processor.py:840} INFO - DAG(s) 'example_bash_operator' retrieved from /Users/harshasogala/financial-data-platform/venv/lib/python3.12/site-packages/airflow/example_dags/example_bash_operator.py
[2026-03-13T23:15:20.327+0100] {logging_mixin.py:188} INFO - [2026-03-13T23:15:20.326+0100] {dag.py:3089} INFO - Sync 1 DAGs
[2026-03-13T23:15:20.336+0100] {logging_mixin.py:188} INFO - [2026-03-13T23:15:20.336+0100] {dag.py:3947} INFO - Setting next_dagrun for example_bash_operator to 2026-03-12 00:00:00+00:00, run_after=2026-03-13 00:00:00+00:00
[2026-03-13T23:15:20.347+0100] {processor.py:183} INFO - Processing /Users/harshasogala/financial-data-platform/venv/lib/python3.12/site-packages/airflow/example_dags/example_bash_operator.py took 0.088 seconds
[2026-03-13T23:16:34.198+0100] {processor.py:161} INFO - Started process (PID=73609) to work on /Users/harshasogala/financial-data-platform/venv/lib/python3.12/site-packages/airflow/example_dags/example_bash_operator.py
[2026-03-13T23:16:34.200+0100] {processor.py:830} INFO - Processing file /Users/harshasogala/financial-data-platform/venv/lib/python3.12/site-packages/airflow/example_dags/example_bash_operator.py for tasks to queue
[2026-03-13T23:16:34.200+0100] {logging_mixin.py:188} INFO - [2026-03-13T23:16:34.200+0100] {dagbag.py:545} INFO - Filling up the DagBag from /Users/harshasogala/financial-data-platform/venv/lib/python3.12/site-packages/airflow/example_dags/example_bash_operator.py
[2026-03-13T23:16:34.207+0100] {processor.py:840} INFO - DAG(s) 'example_bash_operator' retrieved from /Users/harshasogala/financial-data-platform/venv/lib/python3.12/site-packages/airflow/example_dags/example_bash_operator.py
[2026-03-13T23:16:34.266+0100] {logging_mixin.py:188} INFO - [2026-03-13T23:16:34.266+0100] {dag.py:3089} INFO - Sync 1 DAGs
[2026-03-13T23:16:34.275+0100] {logging_mixin.py:188} INFO - [2026-03-13T23:16:34.275+0100] {dag.py:3947} INFO - Setting next_dagrun for example_bash_operator to 2026-03-12 00:00:00+00:00, run_after=2026-03-13 00:00:00+00:00
[2026-03-13T23:16:34.288+0100] {processor.py:183} INFO - Processing /Users/harshasogala/financial-data-platform/venv/lib/python3.12/site-packages/airflow/example_dags/example_bash_operator.py took 0.092 seconds
[2026-03-13T23:17:51.802+0100] {processor.py:161} INFO - Started process (PID=73675) to work on /Users/harshasogala/financial-data-platform/venv/lib/python3.12/site-packages/airflow/example_dags/example_bash_operator.py
[2026-03-13T23:17:51.804+0100] {processor.py:830} INFO - Processing file /Users/harshasogala/financial-data-platform/venv/lib/python3.12/site-packages/airflow/example_dags/example_bash_operator.py for tasks to queue
[2026-03-13T23:17:51.804+0100] {logging_mixin.py:188} INFO - [2026-03-13T23:17:51.804+0100] {dagbag.py:545} INFO - Filling up the DagBag from /Users/harshasogala/financial-data-platform/venv/lib/python3.12/site-packages/airflow/example_dags/example_bash_operator.py
[2026-03-13T23:17:51.811+0100] {processor.py:840} INFO - DAG(s) 'example_bash_operator' retrieved from /Users/harshasogala/financial-data-platform/venv/lib/python3.12/site-packages/airflow/example_dags/example_bash_operator.py
[2026-03-13T23:17:51.869+0100] {logging_mixin.py:188} INFO - [2026-03-13T23:17:51.869+0100] {dag.py:3089} INFO - Sync 1 DAGs
[2026-03-13T23:17:51.878+0100] {logging_mixin.py:188} INFO - [2026-03-13T23:17:51.878+0100] {dag.py:3947} INFO - Setting next_dagrun for example_bash_operator to 2026-03-12 00:00:00+00:00, run_after=2026-03-13 00:00:00+00:00
[2026-03-13T23:17:51.891+0100] {processor.py:183} INFO - Processing /Users/harshasogala/financial-data-platform/venv/lib/python3.12/site-packages/airflow/example_dags/example_bash_operator.py took 0.090 seconds
[2026-03-13T23:19:08.103+0100] {processor.py:161} INFO - Started process (PID=73736) to work on /Users/harshasogala/financial-data-platform/venv/lib/python3.12/site-packages/airflow/example_dags/example_bash_operator.py
[2026-03-13T23:19:08.104+0100] {processor.py:830} INFO - Processing file /Users/harshasogala/financial-data-platform/venv/lib/python3.12/site-packages/airflow/example_dags/example_bash_operator.py for tasks to queue
[2026-03-13T23:19:08.104+0100] {logging_mixin.py:188} INFO - [2026-03-13T23:19:08.104+0100] {dagbag.py:545} INFO - Filling up the DagBag from /Users/harshasogala/financial-data-platform/venv/lib/python3.12/site-packages/airflow/example_dags/example_bash_operator.py
[2026-03-13T23:19:08.112+0100] {processor.py:840} INFO - DAG(s) 'example_bash_operator' retrieved from /Users/harshasogala/financial-data-platform/venv/lib/python3.12/site-packages/airflow/example_dags/example_bash_operator.py
[2026-03-13T23:19:08.180+0100] {logging_mixin.py:188} INFO - [2026-03-13T23:19:08.180+0100] {dag.py:3089} INFO - Sync 1 DAGs
[2026-03-13T23:19:08.190+0100] {logging_mixin.py:188} INFO - [2026-03-13T23:19:08.190+0100] {dag.py:3947} INFO - Setting next_dagrun for example_bash_operator to 2026-03-12 00:00:00+00:00, run_after=2026-03-13 00:00:00+00:00
[2026-03-13T23:19:08.202+0100] {processor.py:183} INFO - Processing /Users/harshasogala/financial-data-platform/venv/lib/python3.12/site-packages/airflow/example_dags/example_bash_operator.py took 0.102 seconds
[2026-03-13T23:20:25.728+0100] {processor.py:161} INFO - Started process (PID=73801) to work on /Users/harshasogala/financial-data-platform/venv/lib/python3.12/site-packages/airflow/example_dags/example_bash_operator.py
[2026-03-13T23:20:25.729+0100] {processor.py:830} INFO - Processing file /Users/harshasogala/financial-data-platform/venv/lib/python3.12/site-packages/airflow/example_dags/example_bash_operator.py for tasks to queue
[2026-03-13T23:20:25.729+0100] {logging_mixin.py:188} INFO - [2026-03-13T23:20:25.729+0100] {dagbag.py:545} INFO - Filling up the DagBag from /Users/harshasogala/financial-data-platform/venv/lib/python3.12/site-packages/airflow/example_dags/example_bash_operator.py
[2026-03-13T23:20:25.737+0100] {processor.py:840} INFO - DAG(s) 'example_bash_operator' retrieved from /Users/harshasogala/financial-data-platform/venv/lib/python3.12/site-packages/airflow/example_dags/example_bash_operator.py
[2026-03-13T23:20:25.802+0100] {logging_mixin.py:188} INFO - [2026-03-13T23:20:25.801+0100] {dag.py:3089} INFO - Sync 1 DAGs
[2026-03-13T23:20:25.811+0100] {logging_mixin.py:188} INFO - [2026-03-13T23:20:25.811+0100] {dag.py:3947} INFO - Setting next_dagrun for example_bash_operator to 2026-03-12 00:00:00+00:00, run_after=2026-03-13 00:00:00+00:00
[2026-03-13T23:20:25.824+0100] {processor.py:183} INFO - Processing /Users/harshasogala/financial-data-platform/venv/lib/python3.12/site-packages/airflow/example_dags/example_bash_operator.py took 0.098 seconds
[2026-03-13T23:21:40.405+0100] {processor.py:161} INFO - Started process (PID=73885) to work on /Users/harshasogala/financial-data-platform/venv/lib/python3.12/site-packages/airflow/example_dags/example_bash_operator.py
[2026-03-13T23:21:40.406+0100] {processor.py:830} INFO - Processing file /Users/harshasogala/financial-data-platform/venv/lib/python3.12/site-packages/airflow/example_dags/example_bash_operator.py for tasks to queue
[2026-03-13T23:21:40.406+0100] {logging_mixin.py:188} INFO - [2026-03-13T23:21:40.406+0100] {dagbag.py:545} INFO - Filling up the DagBag from /Users/harshasogala/financial-data-platform/venv/lib/python3.12/site-packages/airflow/example_dags/example_bash_operator.py
[2026-03-13T23:21:40.413+0100] {processor.py:840} INFO - DAG(s) 'example_bash_operator' retrieved from /Users/harshasogala/financial-data-platform/venv/lib/python3.12/site-packages/airflow/example_dags/example_bash_operator.py
[2026-03-13T23:21:40.471+0100] {logging_mixin.py:188} INFO - [2026-03-13T23:21:40.471+0100] {dag.py:3089} INFO - Sync 1 DAGs
[2026-03-13T23:21:40.481+0100] {logging_mixin.py:188} INFO - [2026-03-13T23:21:40.481+0100] {dag.py:3947} INFO - Setting next_dagrun for example_bash_operator to 2026-03-12 00:00:00+00:00, run_after=2026-03-13 00:00:00+00:00
[2026-03-13T23:21:40.492+0100] {processor.py:183} INFO - Processing /Users/harshasogala/financial-data-platform/venv/lib/python3.12/site-packages/airflow/example_dags/example_bash_operator.py took 0.089 seconds
[2026-03-13T23:22:53.987+0100] {processor.py:161} INFO - Started process (PID=73947) to work on /Users/harshasogala/financial-data-platform/venv/lib/python3.12/site-packages/airflow/example_dags/example_bash_operator.py
[2026-03-13T23:22:53.988+0100] {processor.py:830} INFO - Processing file /Users/harshasogala/financial-data-platform/venv/lib/python3.12/site-packages/airflow/example_dags/example_bash_operator.py for tasks to queue
[2026-03-13T23:22:53.989+0100] {logging_mixin.py:188} INFO - [2026-03-13T23:22:53.989+0100] {dagbag.py:545} INFO - Filling up the DagBag from /Users/harshasogala/financial-data-platform/venv/lib/python3.12/site-packages/airflow/example_dags/example_bash_operator.py
[2026-03-13T23:22:53.996+0100] {processor.py:840} INFO - DAG(s) 'example_bash_operator' retrieved from /Users/harshasogala/financial-data-platform/venv/lib/python3.12/site-packages/airflow/example_dags/example_bash_operator.py
[2026-03-13T23:22:54.054+0100] {logging_mixin.py:188} INFO - [2026-03-13T23:22:54.054+0100] {dag.py:3089} INFO - Sync 1 DAGs
[2026-03-13T23:22:54.063+0100] {logging_mixin.py:188} INFO - [2026-03-13T23:22:54.063+0100] {dag.py:3947} INFO - Setting next_dagrun for example_bash_operator to 2026-03-12 00:00:00+00:00, run_after=2026-03-13 00:00:00+00:00
[2026-03-13T23:22:54.075+0100] {processor.py:183} INFO - Processing /Users/harshasogala/financial-data-platform/venv/lib/python3.12/site-packages/airflow/example_dags/example_bash_operator.py took 0.090 seconds
[2026-03-13T23:24:08.328+0100] {processor.py:161} INFO - Started process (PID=74006) to work on /Users/harshasogala/financial-data-platform/venv/lib/python3.12/site-packages/airflow/example_dags/example_bash_operator.py
[2026-03-13T23:24:08.329+0100] {processor.py:830} INFO - Processing file /Users/harshasogala/financial-data-platform/venv/lib/python3.12/site-packages/airflow/example_dags/example_bash_operator.py for tasks to queue
[2026-03-13T23:24:08.330+0100] {logging_mixin.py:188} INFO - [2026-03-13T23:24:08.329+0100] {dagbag.py:545} INFO - Filling up the DagBag from /Users/harshasogala/financial-data-platform/venv/lib/python3.12/site-packages/airflow/example_dags/example_bash_operator.py
[2026-03-13T23:24:08.337+0100] {processor.py:840} INFO - DAG(s) 'example_bash_operator' retrieved from /Users/harshasogala/financial-data-platform/venv/lib/python3.12/site-packages/airflow/example_dags/example_bash_operator.py
[2026-03-13T23:24:08.397+0100] {logging_mixin.py:188} INFO - [2026-03-13T23:24:08.397+0100] {dag.py:3089} INFO - Sync 1 DAGs
[2026-03-13T23:24:08.408+0100] {logging_mixin.py:188} INFO - [2026-03-13T23:24:08.407+0100] {dag.py:3947} INFO - Setting next_dagrun for example_bash_operator to 2026-03-12 00:00:00+00:00, run_after=2026-03-13 00:00:00+00:00
[2026-03-13T23:24:08.421+0100] {processor.py:183} INFO - Processing /Users/harshasogala/financial-data-platform/venv/lib/python3.12/site-packages/airflow/example_dags/example_bash_operator.py took 0.094 seconds
[2026-03-13T23:25:27.433+0100] {processor.py:161} INFO - Started process (PID=74066) to work on /Users/harshasogala/financial-data-platform/venv/lib/python3.12/site-packages/airflow/example_dags/example_bash_operator.py
[2026-03-13T23:25:27.434+0100] {processor.py:830} INFO - Processing file /Users/harshasogala/financial-data-platform/venv/lib/python3.12/site-packages/airflow/example_dags/example_bash_operator.py for tasks to queue
[2026-03-13T23:25:27.435+0100] {logging_mixin.py:188} INFO - [2026-03-13T23:25:27.435+0100] {dagbag.py:545} INFO - Filling up the DagBag from /Users/harshasogala/financial-data-platform/venv/lib/python3.12/site-packages/airflow/example_dags/example_bash_operator.py
[2026-03-13T23:25:27.442+0100] {processor.py:840} INFO - DAG(s) 'example_bash_operator' retrieved from /Users/harshasogala/financial-data-platform/venv/lib/python3.12/site-packages/airflow/example_dags/example_bash_operator.py
[2026-03-13T23:25:27.500+0100] {logging_mixin.py:188} INFO - [2026-03-13T23:25:27.500+0100] {dag.py:3089} INFO - Sync 1 DAGs
[2026-03-13T23:25:27.509+0100] {logging_mixin.py:188} INFO - [2026-03-13T23:25:27.509+0100] {dag.py:3947} INFO - Setting next_dagrun for example_bash_operator to 2026-03-12 00:00:00+00:00, run_after=2026-03-13 00:00:00+00:00
[2026-03-13T23:25:27.521+0100] {processor.py:183} INFO - Processing /Users/harshasogala/financial-data-platform/venv/lib/python3.12/site-packages/airflow/example_dags/example_bash_operator.py took 0.090 seconds
[2026-03-13T23:26:41.926+0100] {processor.py:161} INFO - Started process (PID=74125) to work on /Users/harshasogala/financial-data-platform/venv/lib/python3.12/site-packages/airflow/example_dags/example_bash_operator.py
[2026-03-13T23:26:41.927+0100] {processor.py:830} INFO - Processing file /Users/harshasogala/financial-data-platform/venv/lib/python3.12/site-packages/airflow/example_dags/example_bash_operator.py for tasks to queue
[2026-03-13T23:26:41.927+0100] {logging_mixin.py:188} INFO - [2026-03-13T23:26:41.927+0100] {dagbag.py:545} INFO - Filling up the DagBag from /Users/harshasogala/financial-data-platform/venv/lib/python3.12/site-packages/airflow/example_dags/example_bash_operator.py
[2026-03-13T23:26:41.934+0100] {processor.py:840} INFO - DAG(s) 'example_bash_operator' retrieved from /Users/harshasogala/financial-data-platform/venv/lib/python3.12/site-packages/airflow/example_dags/example_bash_operator.py
[2026-03-13T23:26:41.993+0100] {logging_mixin.py:188} INFO - [2026-03-13T23:26:41.992+0100] {dag.py:3089} INFO - Sync 1 DAGs
[2026-03-13T23:26:42.002+0100] {logging_mixin.py:188} INFO - [2026-03-13T23:26:42.002+0100] {dag.py:3947} INFO - Setting next_dagrun for example_bash_operator to 2026-03-12 00:00:00+00:00, run_after=2026-03-13 00:00:00+00:00
[2026-03-13T23:26:42.013+0100] {processor.py:183} INFO - Processing /Users/harshasogala/financial-data-platform/venv/lib/python3.12/site-packages/airflow/example_dags/example_bash_operator.py took 0.089 seconds
[2026-03-13T23:28:01.529+0100] {processor.py:161} INFO - Started process (PID=74224) to work on /Users/harshasogala/financial-data-platform/venv/lib/python3.12/site-packages/airflow/example_dags/example_bash_operator.py
[2026-03-13T23:28:01.530+0100] {processor.py:830} INFO - Processing file /Users/harshasogala/financial-data-platform/venv/lib/python3.12/site-packages/airflow/example_dags/example_bash_operator.py for tasks to queue
[2026-03-13T23:28:01.530+0100] {logging_mixin.py:188} INFO - [2026-03-13T23:28:01.530+0100] {dagbag.py:545} INFO - Filling up the DagBag from /Users/harshasogala/financial-data-platform/venv/lib/python3.12/site-packages/airflow/example_dags/example_bash_operator.py
[2026-03-13T23:28:01.537+0100] {processor.py:840} INFO - DAG(s) 'example_bash_operator' retrieved from /Users/harshasogala/financial-data-platform/venv/lib/python3.12/site-packages/airflow/example_dags/example_bash_operator.py
[2026-03-13T23:28:01.595+0100] {logging_mixin.py:188} INFO - [2026-03-13T23:28:01.595+0100] {dag.py:3089} INFO - Sync 1 DAGs
[2026-03-13T23:28:01.607+0100] {logging_mixin.py:188} INFO - [2026-03-13T23:28:01.606+0100] {dag.py:3947} INFO - Setting next_dagrun for example_bash_operator to 2026-03-12 00:00:00+00:00, run_after=2026-03-13 00:00:00+00:00
[2026-03-13T23:28:01.620+0100] {processor.py:183} INFO - Processing /Users/harshasogala/financial-data-platform/venv/lib/python3.12/site-packages/airflow/example_dags/example_bash_operator.py took 0.093 seconds
[2026-03-13T23:29:17.795+0100] {processor.py:161} INFO - Started process (PID=74288) to work on /Users/harshasogala/financial-data-platform/venv/lib/python3.12/site-packages/airflow/example_dags/example_bash_operator.py
[2026-03-13T23:29:17.795+0100] {processor.py:830} INFO - Processing file /Users/harshasogala/financial-data-platform/venv/lib/python3.12/site-packages/airflow/example_dags/example_bash_operator.py for tasks to queue
[2026-03-13T23:29:17.796+0100] {logging_mixin.py:188} INFO - [2026-03-13T23:29:17.796+0100] {dagbag.py:545} INFO - Filling up the DagBag from /Users/harshasogala/financial-data-platform/venv/lib/python3.12/site-packages/airflow/example_dags/example_bash_operator.py
[2026-03-13T23:29:17.803+0100] {processor.py:840} INFO - DAG(s) 'example_bash_operator' retrieved from /Users/harshasogala/financial-data-platform/venv/lib/python3.12/site-packages/airflow/example_dags/example_bash_operator.py
[2026-03-13T23:29:17.866+0100] {logging_mixin.py:188} INFO - [2026-03-13T23:29:17.866+0100] {dag.py:3089} INFO - Sync 1 DAGs
[2026-03-13T23:29:17.877+0100] {logging_mixin.py:188} INFO - [2026-03-13T23:29:17.877+0100] {dag.py:3947} INFO - Setting next_dagrun for example_bash_operator to 2026-03-12 00:00:00+00:00, run_after=2026-03-13 00:00:00+00:00
[2026-03-13T23:29:17.892+0100] {processor.py:183} INFO - Processing /Users/harshasogala/financial-data-platform/venv/lib/python3.12/site-packages/airflow/example_dags/example_bash_operator.py took 0.099 seconds
[2026-03-13T23:30:33.498+0100] {processor.py:161} INFO - Started process (PID=74378) to work on /Users/harshasogala/financial-data-platform/venv/lib/python3.12/site-packages/airflow/example_dags/example_bash_operator.py
[2026-03-13T23:30:33.499+0100] {processor.py:830} INFO - Processing file /Users/harshasogala/financial-data-platform/venv/lib/python3.12/site-packages/airflow/example_dags/example_bash_operator.py for tasks to queue
[2026-03-13T23:30:33.499+0100] {logging_mixin.py:188} INFO - [2026-03-13T23:30:33.499+0100] {dagbag.py:545} INFO - Filling up the DagBag from /Users/harshasogala/financial-data-platform/venv/lib/python3.12/site-packages/airflow/example_dags/example_bash_operator.py
[2026-03-13T23:30:33.507+0100] {processor.py:840} INFO - DAG(s) 'example_bash_operator' retrieved from /Users/harshasogala/financial-data-platform/venv/lib/python3.12/site-packages/airflow/example_dags/example_bash_operator.py
[2026-03-13T23:30:33.575+0100] {logging_mixin.py:188} INFO - [2026-03-13T23:30:33.575+0100] {dag.py:3089} INFO - Sync 1 DAGs
[2026-03-13T23:30:33.588+0100] {logging_mixin.py:188} INFO - [2026-03-13T23:30:33.587+0100] {dag.py:3947} INFO - Setting next_dagrun for example_bash_operator to 2026-03-12 00:00:00+00:00, run_after=2026-03-13 00:00:00+00:00
[2026-03-13T23:30:33.602+0100] {processor.py:183} INFO - Processing /Users/harshasogala/financial-data-platform/venv/lib/python3.12/site-packages/airflow/example_dags/example_bash_operator.py took 0.120 seconds
[2026-03-13T23:31:51.543+0100] {processor.py:161} INFO - Started process (PID=74809) to work on /Users/harshasogala/financial-data-platform/venv/lib/python3.12/site-packages/airflow/example_dags/example_bash_operator.py
[2026-03-13T23:31:51.544+0100] {processor.py:830} INFO - Processing file /Users/harshasogala/financial-data-platform/venv/lib/python3.12/site-packages/airflow/example_dags/example_bash_operator.py for tasks to queue
[2026-03-13T23:31:51.544+0100] {logging_mixin.py:188} INFO - [2026-03-13T23:31:51.544+0100] {dagbag.py:545} INFO - Filling up the DagBag from /Users/harshasogala/financial-data-platform/venv/lib/python3.12/site-packages/airflow/example_dags/example_bash_operator.py
[2026-03-13T23:31:51.553+0100] {processor.py:840} INFO - DAG(s) 'example_bash_operator' retrieved from /Users/harshasogala/financial-data-platform/venv/lib/python3.12/site-packages/airflow/example_dags/example_bash_operator.py
[2026-03-13T23:31:51.615+0100] {logging_mixin.py:188} INFO - [2026-03-13T23:31:51.615+0100] {dag.py:3089} INFO - Sync 1 DAGs
[2026-03-13T23:31:51.626+0100] {logging_mixin.py:188} INFO - [2026-03-13T23:31:51.625+0100] {dag.py:3947} INFO - Setting next_dagrun for example_bash_operator to 2026-03-12 00:00:00+00:00, run_after=2026-03-13 00:00:00+00:00
[2026-03-13T23:31:51.638+0100] {processor.py:183} INFO - Processing /Users/harshasogala/financial-data-platform/venv/lib/python3.12/site-packages/airflow/example_dags/example_bash_operator.py took 0.098 seconds
[2026-03-13T23:33:09.060+0100] {processor.py:161} INFO - Started process (PID=74997) to work on /Users/harshasogala/financial-data-platform/venv/lib/python3.12/site-packages/airflow/example_dags/example_bash_operator.py
[2026-03-13T23:33:09.061+0100] {processor.py:830} INFO - Processing file /Users/harshasogala/financial-data-platform/venv/lib/python3.12/site-packages/airflow/example_dags/example_bash_operator.py for tasks to queue
[2026-03-13T23:33:09.061+0100] {logging_mixin.py:188} INFO - [2026-03-13T23:33:09.061+0100] {dagbag.py:545} INFO - Filling up the DagBag from /Users/harshasogala/financial-data-platform/venv/lib/python3.12/site-packages/airflow/example_dags/example_bash_operator.py
[2026-03-13T23:33:09.069+0100] {processor.py:840} INFO - DAG(s) 'example_bash_operator' retrieved from /Users/harshasogala/financial-data-platform/venv/lib/python3.12/site-packages/airflow/example_dags/example_bash_operator.py
[2026-03-13T23:33:09.135+0100] {logging_mixin.py:188} INFO - [2026-03-13T23:33:09.134+0100] {dag.py:3089} INFO - Sync 1 DAGs
[2026-03-13T23:33:09.147+0100] {logging_mixin.py:188} INFO - [2026-03-13T23:33:09.146+0100] {dag.py:3947} INFO - Setting next_dagrun for example_bash_operator to 2026-03-12 00:00:00+00:00, run_after=2026-03-13 00:00:00+00:00
[2026-03-13T23:33:09.161+0100] {processor.py:183} INFO - Processing /Users/harshasogala/financial-data-platform/venv/lib/python3.12/site-packages/airflow/example_dags/example_bash_operator.py took 0.103 seconds
