[2026-03-13T22:18:20.460+0100] {processor.py:161} INFO - Started process (PID=66007) to work on /Users/harshasogala/financial-data-platform/venv/lib/python3.12/site-packages/airflow/example_dags/example_skip_dag.py
[2026-03-13T22:18:20.461+0100] {processor.py:830} INFO - Processing file /Users/harshasogala/financial-data-platform/venv/lib/python3.12/site-packages/airflow/example_dags/example_skip_dag.py for tasks to queue
[2026-03-13T22:18:20.461+0100] {logging_mixin.py:188} INFO - [2026-03-13T22:18:20.461+0100] {dagbag.py:545} INFO - Filling up the DagBag from /Users/harshasogala/financial-data-platform/venv/lib/python3.12/site-packages/airflow/example_dags/example_skip_dag.py
[2026-03-13T22:18:20.466+0100] {processor.py:840} INFO - DAG(s) 'example_skip_dag' retrieved from /Users/harshasogala/financial-data-platform/venv/lib/python3.12/site-packages/airflow/example_dags/example_skip_dag.py
[2026-03-13T22:18:20.565+0100] {logging_mixin.py:188} INFO - [2026-03-13T22:18:20.565+0100] {override.py:1858} INFO - Created Permission View: can delete on DAG:example_skip_dag
[2026-03-13T22:18:20.570+0100] {logging_mixin.py:188} INFO - [2026-03-13T22:18:20.570+0100] {override.py:1858} INFO - Created Permission View: can read on DAG:example_skip_dag
[2026-03-13T22:18:20.573+0100] {logging_mixin.py:188} INFO - [2026-03-13T22:18:20.573+0100] {override.py:1858} INFO - Created Permission View: can edit on DAG:example_skip_dag
[2026-03-13T22:18:20.573+0100] {logging_mixin.py:188} INFO - [2026-03-13T22:18:20.573+0100] {dag.py:3089} INFO - Sync 1 DAGs
[2026-03-13T22:18:20.579+0100] {logging_mixin.py:188} INFO - [2026-03-13T22:18:20.579+0100] {dag.py:3111} INFO - Creating ORM DAG for example_skip_dag
[2026-03-13T22:18:20.584+0100] {logging_mixin.py:188} INFO - [2026-03-13T22:18:20.584+0100] {dag.py:3947} INFO - Setting next_dagrun for example_skip_dag to 2026-03-12 00:00:00+00:00, run_after=2026-03-13 00:00:00+00:00
[2026-03-13T22:18:20.594+0100] {processor.py:183} INFO - Processing /Users/harshasogala/financial-data-platform/venv/lib/python3.12/site-packages/airflow/example_dags/example_skip_dag.py took 0.136 seconds
[2026-03-13T22:20:09.571+0100] {processor.py:161} INFO - Started process (PID=66082) to work on /Users/harshasogala/financial-data-platform/venv/lib/python3.12/site-packages/airflow/example_dags/example_skip_dag.py
[2026-03-13T22:20:09.572+0100] {processor.py:830} INFO - Processing file /Users/harshasogala/financial-data-platform/venv/lib/python3.12/site-packages/airflow/example_dags/example_skip_dag.py for tasks to queue
[2026-03-13T22:20:09.573+0100] {logging_mixin.py:188} INFO - [2026-03-13T22:20:09.572+0100] {dagbag.py:545} INFO - Filling up the DagBag from /Users/harshasogala/financial-data-platform/venv/lib/python3.12/site-packages/airflow/example_dags/example_skip_dag.py
[2026-03-13T22:20:09.577+0100] {processor.py:840} INFO - DAG(s) 'example_skip_dag' retrieved from /Users/harshasogala/financial-data-platform/venv/lib/python3.12/site-packages/airflow/example_dags/example_skip_dag.py
[2026-03-13T22:20:09.633+0100] {logging_mixin.py:188} INFO - [2026-03-13T22:20:09.633+0100] {dag.py:3089} INFO - Sync 1 DAGs
[2026-03-13T22:20:09.643+0100] {logging_mixin.py:188} INFO - [2026-03-13T22:20:09.643+0100] {dag.py:3947} INFO - Setting next_dagrun for example_skip_dag to 2026-03-12 00:00:00+00:00, run_after=2026-03-13 00:00:00+00:00
[2026-03-13T22:20:09.653+0100] {processor.py:183} INFO - Processing /Users/harshasogala/financial-data-platform/venv/lib/python3.12/site-packages/airflow/example_dags/example_skip_dag.py took 0.083 seconds
[2026-03-13T22:21:28.030+0100] {processor.py:161} INFO - Started process (PID=66165) to work on /Users/harshasogala/financial-data-platform/venv/lib/python3.12/site-packages/airflow/example_dags/example_skip_dag.py
[2026-03-13T22:21:28.031+0100] {processor.py:830} INFO - Processing file /Users/harshasogala/financial-data-platform/venv/lib/python3.12/site-packages/airflow/example_dags/example_skip_dag.py for tasks to queue
[2026-03-13T22:21:28.031+0100] {logging_mixin.py:188} INFO - [2026-03-13T22:21:28.031+0100] {dagbag.py:545} INFO - Filling up the DagBag from /Users/harshasogala/financial-data-platform/venv/lib/python3.12/site-packages/airflow/example_dags/example_skip_dag.py
[2026-03-13T22:21:28.037+0100] {processor.py:840} INFO - DAG(s) 'example_skip_dag' retrieved from /Users/harshasogala/financial-data-platform/venv/lib/python3.12/site-packages/airflow/example_dags/example_skip_dag.py
[2026-03-13T22:21:28.093+0100] {logging_mixin.py:188} INFO - [2026-03-13T22:21:28.093+0100] {dag.py:3089} INFO - Sync 1 DAGs
[2026-03-13T22:21:28.103+0100] {logging_mixin.py:188} INFO - [2026-03-13T22:21:28.103+0100] {dag.py:3947} INFO - Setting next_dagrun for example_skip_dag to 2026-03-12 00:00:00+00:00, run_after=2026-03-13 00:00:00+00:00
[2026-03-13T22:21:28.114+0100] {processor.py:183} INFO - Processing /Users/harshasogala/financial-data-platform/venv/lib/python3.12/site-packages/airflow/example_dags/example_skip_dag.py took 0.086 seconds
[2026-03-13T22:28:19.425+0100] {processor.py:161} INFO - Started process (PID=67316) to work on /Users/harshasogala/financial-data-platform/venv/lib/python3.12/site-packages/airflow/example_dags/example_skip_dag.py
[2026-03-13T22:28:19.427+0100] {processor.py:830} INFO - Processing file /Users/harshasogala/financial-data-platform/venv/lib/python3.12/site-packages/airflow/example_dags/example_skip_dag.py for tasks to queue
[2026-03-13T22:28:19.427+0100] {logging_mixin.py:188} INFO - [2026-03-13T22:28:19.427+0100] {dagbag.py:545} INFO - Filling up the DagBag from /Users/harshasogala/financial-data-platform/venv/lib/python3.12/site-packages/airflow/example_dags/example_skip_dag.py
[2026-03-13T22:28:19.431+0100] {processor.py:840} INFO - DAG(s) 'example_skip_dag' retrieved from /Users/harshasogala/financial-data-platform/venv/lib/python3.12/site-packages/airflow/example_dags/example_skip_dag.py
[2026-03-13T22:28:19.489+0100] {logging_mixin.py:188} INFO - [2026-03-13T22:28:19.489+0100] {dag.py:3089} INFO - Sync 1 DAGs
[2026-03-13T22:28:19.499+0100] {logging_mixin.py:188} INFO - [2026-03-13T22:28:19.499+0100] {dag.py:3947} INFO - Setting next_dagrun for example_skip_dag to 2026-03-12 00:00:00+00:00, run_after=2026-03-13 00:00:00+00:00
[2026-03-13T22:28:19.511+0100] {processor.py:183} INFO - Processing /Users/harshasogala/financial-data-platform/venv/lib/python3.12/site-packages/airflow/example_dags/example_skip_dag.py took 0.087 seconds
[2026-03-13T22:29:18.310+0100] {processor.py:161} INFO - Started process (PID=67375) to work on /Users/harshasogala/financial-data-platform/venv/lib/python3.12/site-packages/airflow/example_dags/example_skip_dag.py
[2026-03-13T22:29:18.312+0100] {processor.py:830} INFO - Processing file /Users/harshasogala/financial-data-platform/venv/lib/python3.12/site-packages/airflow/example_dags/example_skip_dag.py for tasks to queue
[2026-03-13T22:29:18.312+0100] {logging_mixin.py:188} INFO - [2026-03-13T22:29:18.312+0100] {dagbag.py:545} INFO - Filling up the DagBag from /Users/harshasogala/financial-data-platform/venv/lib/python3.12/site-packages/airflow/example_dags/example_skip_dag.py
[2026-03-13T22:29:18.317+0100] {processor.py:840} INFO - DAG(s) 'example_skip_dag' retrieved from /Users/harshasogala/financial-data-platform/venv/lib/python3.12/site-packages/airflow/example_dags/example_skip_dag.py
[2026-03-13T22:29:18.372+0100] {logging_mixin.py:188} INFO - [2026-03-13T22:29:18.372+0100] {dag.py:3089} INFO - Sync 1 DAGs
[2026-03-13T22:29:18.382+0100] {logging_mixin.py:188} INFO - [2026-03-13T22:29:18.381+0100] {dag.py:3947} INFO - Setting next_dagrun for example_skip_dag to 2026-03-12 00:00:00+00:00, run_after=2026-03-13 00:00:00+00:00
[2026-03-13T22:29:18.392+0100] {processor.py:183} INFO - Processing /Users/harshasogala/financial-data-platform/venv/lib/python3.12/site-packages/airflow/example_dags/example_skip_dag.py took 0.084 seconds
[2026-03-13T22:30:24.545+0100] {processor.py:161} INFO - Started process (PID=67510) to work on /Users/harshasogala/financial-data-platform/venv/lib/python3.12/site-packages/airflow/example_dags/example_skip_dag.py
[2026-03-13T22:30:24.546+0100] {processor.py:830} INFO - Processing file /Users/harshasogala/financial-data-platform/venv/lib/python3.12/site-packages/airflow/example_dags/example_skip_dag.py for tasks to queue
[2026-03-13T22:30:24.546+0100] {logging_mixin.py:188} INFO - [2026-03-13T22:30:24.546+0100] {dagbag.py:545} INFO - Filling up the DagBag from /Users/harshasogala/financial-data-platform/venv/lib/python3.12/site-packages/airflow/example_dags/example_skip_dag.py
[2026-03-13T22:30:24.551+0100] {processor.py:840} INFO - DAG(s) 'example_skip_dag' retrieved from /Users/harshasogala/financial-data-platform/venv/lib/python3.12/site-packages/airflow/example_dags/example_skip_dag.py
[2026-03-13T22:30:24.608+0100] {logging_mixin.py:188} INFO - [2026-03-13T22:30:24.608+0100] {dag.py:3089} INFO - Sync 1 DAGs
[2026-03-13T22:30:24.618+0100] {logging_mixin.py:188} INFO - [2026-03-13T22:30:24.618+0100] {dag.py:3947} INFO - Setting next_dagrun for example_skip_dag to 2026-03-12 00:00:00+00:00, run_after=2026-03-13 00:00:00+00:00
[2026-03-13T22:30:24.629+0100] {processor.py:183} INFO - Processing /Users/harshasogala/financial-data-platform/venv/lib/python3.12/site-packages/airflow/example_dags/example_skip_dag.py took 0.086 seconds
[2026-03-13T22:31:38.560+0100] {processor.py:161} INFO - Started process (PID=68233) to work on /Users/harshasogala/financial-data-platform/venv/lib/python3.12/site-packages/airflow/example_dags/example_skip_dag.py
[2026-03-13T22:31:38.562+0100] {processor.py:830} INFO - Processing file /Users/harshasogala/financial-data-platform/venv/lib/python3.12/site-packages/airflow/example_dags/example_skip_dag.py for tasks to queue
[2026-03-13T22:31:38.562+0100] {logging_mixin.py:188} INFO - [2026-03-13T22:31:38.562+0100] {dagbag.py:545} INFO - Filling up the DagBag from /Users/harshasogala/financial-data-platform/venv/lib/python3.12/site-packages/airflow/example_dags/example_skip_dag.py
[2026-03-13T22:31:38.567+0100] {processor.py:840} INFO - DAG(s) 'example_skip_dag' retrieved from /Users/harshasogala/financial-data-platform/venv/lib/python3.12/site-packages/airflow/example_dags/example_skip_dag.py
[2026-03-13T22:31:38.622+0100] {logging_mixin.py:188} INFO - [2026-03-13T22:31:38.622+0100] {dag.py:3089} INFO - Sync 1 DAGs
[2026-03-13T22:31:38.631+0100] {logging_mixin.py:188} INFO - [2026-03-13T22:31:38.631+0100] {dag.py:3947} INFO - Setting next_dagrun for example_skip_dag to 2026-03-12 00:00:00+00:00, run_after=2026-03-13 00:00:00+00:00
[2026-03-13T22:31:38.642+0100] {processor.py:183} INFO - Processing /Users/harshasogala/financial-data-platform/venv/lib/python3.12/site-packages/airflow/example_dags/example_skip_dag.py took 0.084 seconds
[2026-03-13T22:32:59.116+0100] {processor.py:161} INFO - Started process (PID=68839) to work on /Users/harshasogala/financial-data-platform/venv/lib/python3.12/site-packages/airflow/example_dags/example_skip_dag.py
[2026-03-13T22:32:59.117+0100] {processor.py:830} INFO - Processing file /Users/harshasogala/financial-data-platform/venv/lib/python3.12/site-packages/airflow/example_dags/example_skip_dag.py for tasks to queue
[2026-03-13T22:32:59.117+0100] {logging_mixin.py:188} INFO - [2026-03-13T22:32:59.117+0100] {dagbag.py:545} INFO - Filling up the DagBag from /Users/harshasogala/financial-data-platform/venv/lib/python3.12/site-packages/airflow/example_dags/example_skip_dag.py
[2026-03-13T22:32:59.123+0100] {processor.py:840} INFO - DAG(s) 'example_skip_dag' retrieved from /Users/harshasogala/financial-data-platform/venv/lib/python3.12/site-packages/airflow/example_dags/example_skip_dag.py
[2026-03-13T22:32:59.181+0100] {logging_mixin.py:188} INFO - [2026-03-13T22:32:59.181+0100] {dag.py:3089} INFO - Sync 1 DAGs
[2026-03-13T22:32:59.190+0100] {logging_mixin.py:188} INFO - [2026-03-13T22:32:59.190+0100] {dag.py:3947} INFO - Setting next_dagrun for example_skip_dag to 2026-03-12 00:00:00+00:00, run_after=2026-03-13 00:00:00+00:00
[2026-03-13T22:32:59.212+0100] {processor.py:183} INFO - Processing /Users/harshasogala/financial-data-platform/venv/lib/python3.12/site-packages/airflow/example_dags/example_skip_dag.py took 0.099 seconds
[2026-03-13T22:34:20.409+0100] {processor.py:161} INFO - Started process (PID=69182) to work on /Users/harshasogala/financial-data-platform/venv/lib/python3.12/site-packages/airflow/example_dags/example_skip_dag.py
[2026-03-13T22:34:20.410+0100] {processor.py:830} INFO - Processing file /Users/harshasogala/financial-data-platform/venv/lib/python3.12/site-packages/airflow/example_dags/example_skip_dag.py for tasks to queue
[2026-03-13T22:34:20.410+0100] {logging_mixin.py:188} INFO - [2026-03-13T22:34:20.410+0100] {dagbag.py:545} INFO - Filling up the DagBag from /Users/harshasogala/financial-data-platform/venv/lib/python3.12/site-packages/airflow/example_dags/example_skip_dag.py
[2026-03-13T22:34:20.415+0100] {processor.py:840} INFO - DAG(s) 'example_skip_dag' retrieved from /Users/harshasogala/financial-data-platform/venv/lib/python3.12/site-packages/airflow/example_dags/example_skip_dag.py
[2026-03-13T22:34:20.469+0100] {logging_mixin.py:188} INFO - [2026-03-13T22:34:20.469+0100] {dag.py:3089} INFO - Sync 1 DAGs
[2026-03-13T22:34:20.478+0100] {logging_mixin.py:188} INFO - [2026-03-13T22:34:20.478+0100] {dag.py:3947} INFO - Setting next_dagrun for example_skip_dag to 2026-03-12 00:00:00+00:00, run_after=2026-03-13 00:00:00+00:00
[2026-03-13T22:34:20.490+0100] {processor.py:183} INFO - Processing /Users/harshasogala/financial-data-platform/venv/lib/python3.12/site-packages/airflow/example_dags/example_skip_dag.py took 0.083 seconds
[2026-03-13T22:35:35.940+0100] {processor.py:161} INFO - Started process (PID=69243) to work on /Users/harshasogala/financial-data-platform/venv/lib/python3.12/site-packages/airflow/example_dags/example_skip_dag.py
[2026-03-13T22:35:35.942+0100] {processor.py:830} INFO - Processing file /Users/harshasogala/financial-data-platform/venv/lib/python3.12/site-packages/airflow/example_dags/example_skip_dag.py for tasks to queue
[2026-03-13T22:35:35.942+0100] {logging_mixin.py:188} INFO - [2026-03-13T22:35:35.942+0100] {dagbag.py:545} INFO - Filling up the DagBag from /Users/harshasogala/financial-data-platform/venv/lib/python3.12/site-packages/airflow/example_dags/example_skip_dag.py
[2026-03-13T22:35:35.947+0100] {processor.py:840} INFO - DAG(s) 'example_skip_dag' retrieved from /Users/harshasogala/financial-data-platform/venv/lib/python3.12/site-packages/airflow/example_dags/example_skip_dag.py
[2026-03-13T22:35:36.002+0100] {logging_mixin.py:188} INFO - [2026-03-13T22:35:36.002+0100] {dag.py:3089} INFO - Sync 1 DAGs
[2026-03-13T22:35:36.011+0100] {logging_mixin.py:188} INFO - [2026-03-13T22:35:36.011+0100] {dag.py:3947} INFO - Setting next_dagrun for example_skip_dag to 2026-03-12 00:00:00+00:00, run_after=2026-03-13 00:00:00+00:00
[2026-03-13T22:35:36.022+0100] {processor.py:183} INFO - Processing /Users/harshasogala/financial-data-platform/venv/lib/python3.12/site-packages/airflow/example_dags/example_skip_dag.py took 0.084 seconds
[2026-03-13T22:36:49.855+0100] {processor.py:161} INFO - Started process (PID=69321) to work on /Users/harshasogala/financial-data-platform/venv/lib/python3.12/site-packages/airflow/example_dags/example_skip_dag.py
[2026-03-13T22:36:49.857+0100] {processor.py:830} INFO - Processing file /Users/harshasogala/financial-data-platform/venv/lib/python3.12/site-packages/airflow/example_dags/example_skip_dag.py for tasks to queue
[2026-03-13T22:36:49.857+0100] {logging_mixin.py:188} INFO - [2026-03-13T22:36:49.857+0100] {dagbag.py:545} INFO - Filling up the DagBag from /Users/harshasogala/financial-data-platform/venv/lib/python3.12/site-packages/airflow/example_dags/example_skip_dag.py
[2026-03-13T22:36:49.862+0100] {processor.py:840} INFO - DAG(s) 'example_skip_dag' retrieved from /Users/harshasogala/financial-data-platform/venv/lib/python3.12/site-packages/airflow/example_dags/example_skip_dag.py
[2026-03-13T22:36:49.917+0100] {logging_mixin.py:188} INFO - [2026-03-13T22:36:49.916+0100] {dag.py:3089} INFO - Sync 1 DAGs
[2026-03-13T22:36:49.925+0100] {logging_mixin.py:188} INFO - [2026-03-13T22:36:49.925+0100] {dag.py:3947} INFO - Setting next_dagrun for example_skip_dag to 2026-03-12 00:00:00+00:00, run_after=2026-03-13 00:00:00+00:00
[2026-03-13T22:36:49.937+0100] {processor.py:183} INFO - Processing /Users/harshasogala/financial-data-platform/venv/lib/python3.12/site-packages/airflow/example_dags/example_skip_dag.py took 0.084 seconds
[2026-03-13T22:38:03.605+0100] {processor.py:161} INFO - Started process (PID=69379) to work on /Users/harshasogala/financial-data-platform/venv/lib/python3.12/site-packages/airflow/example_dags/example_skip_dag.py
[2026-03-13T22:38:03.606+0100] {processor.py:830} INFO - Processing file /Users/harshasogala/financial-data-platform/venv/lib/python3.12/site-packages/airflow/example_dags/example_skip_dag.py for tasks to queue
[2026-03-13T22:38:03.607+0100] {logging_mixin.py:188} INFO - [2026-03-13T22:38:03.607+0100] {dagbag.py:545} INFO - Filling up the DagBag from /Users/harshasogala/financial-data-platform/venv/lib/python3.12/site-packages/airflow/example_dags/example_skip_dag.py
[2026-03-13T22:38:03.611+0100] {processor.py:840} INFO - DAG(s) 'example_skip_dag' retrieved from /Users/harshasogala/financial-data-platform/venv/lib/python3.12/site-packages/airflow/example_dags/example_skip_dag.py
[2026-03-13T22:38:03.666+0100] {logging_mixin.py:188} INFO - [2026-03-13T22:38:03.666+0100] {dag.py:3089} INFO - Sync 1 DAGs
[2026-03-13T22:38:03.675+0100] {logging_mixin.py:188} INFO - [2026-03-13T22:38:03.675+0100] {dag.py:3947} INFO - Setting next_dagrun for example_skip_dag to 2026-03-12 00:00:00+00:00, run_after=2026-03-13 00:00:00+00:00
[2026-03-13T22:38:03.687+0100] {processor.py:183} INFO - Processing /Users/harshasogala/financial-data-platform/venv/lib/python3.12/site-packages/airflow/example_dags/example_skip_dag.py took 0.083 seconds
[2026-03-13T22:39:18.003+0100] {processor.py:161} INFO - Started process (PID=69448) to work on /Users/harshasogala/financial-data-platform/venv/lib/python3.12/site-packages/airflow/example_dags/example_skip_dag.py
[2026-03-13T22:39:18.004+0100] {processor.py:830} INFO - Processing file /Users/harshasogala/financial-data-platform/venv/lib/python3.12/site-packages/airflow/example_dags/example_skip_dag.py for tasks to queue
[2026-03-13T22:39:18.005+0100] {logging_mixin.py:188} INFO - [2026-03-13T22:39:18.005+0100] {dagbag.py:545} INFO - Filling up the DagBag from /Users/harshasogala/financial-data-platform/venv/lib/python3.12/site-packages/airflow/example_dags/example_skip_dag.py
[2026-03-13T22:39:18.009+0100] {processor.py:840} INFO - DAG(s) 'example_skip_dag' retrieved from /Users/harshasogala/financial-data-platform/venv/lib/python3.12/site-packages/airflow/example_dags/example_skip_dag.py
[2026-03-13T22:39:18.064+0100] {logging_mixin.py:188} INFO - [2026-03-13T22:39:18.064+0100] {dag.py:3089} INFO - Sync 1 DAGs
[2026-03-13T22:39:18.073+0100] {logging_mixin.py:188} INFO - [2026-03-13T22:39:18.073+0100] {dag.py:3947} INFO - Setting next_dagrun for example_skip_dag to 2026-03-12 00:00:00+00:00, run_after=2026-03-13 00:00:00+00:00
[2026-03-13T22:39:18.085+0100] {processor.py:183} INFO - Processing /Users/harshasogala/financial-data-platform/venv/lib/python3.12/site-packages/airflow/example_dags/example_skip_dag.py took 0.083 seconds
[2026-03-13T22:40:40.055+0100] {processor.py:161} INFO - Started process (PID=69669) to work on /Users/harshasogala/financial-data-platform/venv/lib/python3.12/site-packages/airflow/example_dags/example_skip_dag.py
[2026-03-13T22:40:40.056+0100] {processor.py:830} INFO - Processing file /Users/harshasogala/financial-data-platform/venv/lib/python3.12/site-packages/airflow/example_dags/example_skip_dag.py for tasks to queue
[2026-03-13T22:40:40.056+0100] {logging_mixin.py:188} INFO - [2026-03-13T22:40:40.056+0100] {dagbag.py:545} INFO - Filling up the DagBag from /Users/harshasogala/financial-data-platform/venv/lib/python3.12/site-packages/airflow/example_dags/example_skip_dag.py
[2026-03-13T22:40:40.062+0100] {processor.py:840} INFO - DAG(s) 'example_skip_dag' retrieved from /Users/harshasogala/financial-data-platform/venv/lib/python3.12/site-packages/airflow/example_dags/example_skip_dag.py
[2026-03-13T22:40:40.123+0100] {logging_mixin.py:188} INFO - [2026-03-13T22:40:40.123+0100] {dag.py:3089} INFO - Sync 1 DAGs
[2026-03-13T22:40:40.132+0100] {logging_mixin.py:188} INFO - [2026-03-13T22:40:40.132+0100] {dag.py:3947} INFO - Setting next_dagrun for example_skip_dag to 2026-03-12 00:00:00+00:00, run_after=2026-03-13 00:00:00+00:00
[2026-03-13T22:40:40.144+0100] {processor.py:183} INFO - Processing /Users/harshasogala/financial-data-platform/venv/lib/python3.12/site-packages/airflow/example_dags/example_skip_dag.py took 0.091 seconds
[2026-03-13T22:41:58.002+0100] {processor.py:161} INFO - Started process (PID=69728) to work on /Users/harshasogala/financial-data-platform/venv/lib/python3.12/site-packages/airflow/example_dags/example_skip_dag.py
[2026-03-13T22:41:58.007+0100] {processor.py:830} INFO - Processing file /Users/harshasogala/financial-data-platform/venv/lib/python3.12/site-packages/airflow/example_dags/example_skip_dag.py for tasks to queue
[2026-03-13T22:41:58.008+0100] {logging_mixin.py:188} INFO - [2026-03-13T22:41:58.008+0100] {dagbag.py:545} INFO - Filling up the DagBag from /Users/harshasogala/financial-data-platform/venv/lib/python3.12/site-packages/airflow/example_dags/example_skip_dag.py
[2026-03-13T22:41:58.019+0100] {processor.py:840} INFO - DAG(s) 'example_skip_dag' retrieved from /Users/harshasogala/financial-data-platform/venv/lib/python3.12/site-packages/airflow/example_dags/example_skip_dag.py
[2026-03-13T22:41:58.121+0100] {logging_mixin.py:188} INFO - [2026-03-13T22:41:58.121+0100] {dag.py:3089} INFO - Sync 1 DAGs
[2026-03-13T22:41:58.132+0100] {logging_mixin.py:188} INFO - [2026-03-13T22:41:58.132+0100] {dag.py:3947} INFO - Setting next_dagrun for example_skip_dag to 2026-03-12 00:00:00+00:00, run_after=2026-03-13 00:00:00+00:00
[2026-03-13T22:41:58.148+0100] {processor.py:183} INFO - Processing /Users/harshasogala/financial-data-platform/venv/lib/python3.12/site-packages/airflow/example_dags/example_skip_dag.py took 0.151 seconds
[2026-03-13T22:43:15.814+0100] {processor.py:161} INFO - Started process (PID=69794) to work on /Users/harshasogala/financial-data-platform/venv/lib/python3.12/site-packages/airflow/example_dags/example_skip_dag.py
[2026-03-13T22:43:15.815+0100] {processor.py:830} INFO - Processing file /Users/harshasogala/financial-data-platform/venv/lib/python3.12/site-packages/airflow/example_dags/example_skip_dag.py for tasks to queue
[2026-03-13T22:43:15.815+0100] {logging_mixin.py:188} INFO - [2026-03-13T22:43:15.815+0100] {dagbag.py:545} INFO - Filling up the DagBag from /Users/harshasogala/financial-data-platform/venv/lib/python3.12/site-packages/airflow/example_dags/example_skip_dag.py
[2026-03-13T22:43:15.820+0100] {processor.py:840} INFO - DAG(s) 'example_skip_dag' retrieved from /Users/harshasogala/financial-data-platform/venv/lib/python3.12/site-packages/airflow/example_dags/example_skip_dag.py
[2026-03-13T22:43:15.875+0100] {logging_mixin.py:188} INFO - [2026-03-13T22:43:15.875+0100] {dag.py:3089} INFO - Sync 1 DAGs
[2026-03-13T22:43:15.884+0100] {logging_mixin.py:188} INFO - [2026-03-13T22:43:15.884+0100] {dag.py:3947} INFO - Setting next_dagrun for example_skip_dag to 2026-03-12 00:00:00+00:00, run_after=2026-03-13 00:00:00+00:00
[2026-03-13T22:43:15.895+0100] {processor.py:183} INFO - Processing /Users/harshasogala/financial-data-platform/venv/lib/python3.12/site-packages/airflow/example_dags/example_skip_dag.py took 0.083 seconds
[2026-03-13T22:44:38.409+0100] {processor.py:161} INFO - Started process (PID=70047) to work on /Users/harshasogala/financial-data-platform/venv/lib/python3.12/site-packages/airflow/example_dags/example_skip_dag.py
[2026-03-13T22:44:38.410+0100] {processor.py:830} INFO - Processing file /Users/harshasogala/financial-data-platform/venv/lib/python3.12/site-packages/airflow/example_dags/example_skip_dag.py for tasks to queue
[2026-03-13T22:44:38.410+0100] {logging_mixin.py:188} INFO - [2026-03-13T22:44:38.410+0100] {dagbag.py:545} INFO - Filling up the DagBag from /Users/harshasogala/financial-data-platform/venv/lib/python3.12/site-packages/airflow/example_dags/example_skip_dag.py
[2026-03-13T22:44:38.415+0100] {processor.py:840} INFO - DAG(s) 'example_skip_dag' retrieved from /Users/harshasogala/financial-data-platform/venv/lib/python3.12/site-packages/airflow/example_dags/example_skip_dag.py
[2026-03-13T22:44:38.471+0100] {logging_mixin.py:188} INFO - [2026-03-13T22:44:38.471+0100] {dag.py:3089} INFO - Sync 1 DAGs
[2026-03-13T22:44:38.480+0100] {logging_mixin.py:188} INFO - [2026-03-13T22:44:38.480+0100] {dag.py:3947} INFO - Setting next_dagrun for example_skip_dag to 2026-03-12 00:00:00+00:00, run_after=2026-03-13 00:00:00+00:00
[2026-03-13T22:44:38.492+0100] {processor.py:183} INFO - Processing /Users/harshasogala/financial-data-platform/venv/lib/python3.12/site-packages/airflow/example_dags/example_skip_dag.py took 0.084 seconds
[2026-03-13T22:46:10.869+0100] {processor.py:161} INFO - Started process (PID=70351) to work on /Users/harshasogala/financial-data-platform/venv/lib/python3.12/site-packages/airflow/example_dags/example_skip_dag.py
[2026-03-13T22:46:10.869+0100] {processor.py:830} INFO - Processing file /Users/harshasogala/financial-data-platform/venv/lib/python3.12/site-packages/airflow/example_dags/example_skip_dag.py for tasks to queue
[2026-03-13T22:46:10.870+0100] {logging_mixin.py:188} INFO - [2026-03-13T22:46:10.870+0100] {dagbag.py:545} INFO - Filling up the DagBag from /Users/harshasogala/financial-data-platform/venv/lib/python3.12/site-packages/airflow/example_dags/example_skip_dag.py
[2026-03-13T22:46:10.874+0100] {processor.py:840} INFO - DAG(s) 'example_skip_dag' retrieved from /Users/harshasogala/financial-data-platform/venv/lib/python3.12/site-packages/airflow/example_dags/example_skip_dag.py
[2026-03-13T22:46:10.928+0100] {logging_mixin.py:188} INFO - [2026-03-13T22:46:10.928+0100] {dag.py:3089} INFO - Sync 1 DAGs
[2026-03-13T22:46:10.937+0100] {logging_mixin.py:188} INFO - [2026-03-13T22:46:10.937+0100] {dag.py:3947} INFO - Setting next_dagrun for example_skip_dag to 2026-03-12 00:00:00+00:00, run_after=2026-03-13 00:00:00+00:00
[2026-03-13T22:46:10.948+0100] {processor.py:183} INFO - Processing /Users/harshasogala/financial-data-platform/venv/lib/python3.12/site-packages/airflow/example_dags/example_skip_dag.py took 0.081 seconds
[2026-03-13T22:47:35.784+0100] {processor.py:161} INFO - Started process (PID=71379) to work on /Users/harshasogala/financial-data-platform/venv/lib/python3.12/site-packages/airflow/example_dags/example_skip_dag.py
[2026-03-13T22:47:35.785+0100] {processor.py:830} INFO - Processing file /Users/harshasogala/financial-data-platform/venv/lib/python3.12/site-packages/airflow/example_dags/example_skip_dag.py for tasks to queue
[2026-03-13T22:47:35.785+0100] {logging_mixin.py:188} INFO - [2026-03-13T22:47:35.785+0100] {dagbag.py:545} INFO - Filling up the DagBag from /Users/harshasogala/financial-data-platform/venv/lib/python3.12/site-packages/airflow/example_dags/example_skip_dag.py
[2026-03-13T22:47:35.790+0100] {processor.py:840} INFO - DAG(s) 'example_skip_dag' retrieved from /Users/harshasogala/financial-data-platform/venv/lib/python3.12/site-packages/airflow/example_dags/example_skip_dag.py
[2026-03-13T22:47:35.846+0100] {logging_mixin.py:188} INFO - [2026-03-13T22:47:35.845+0100] {dag.py:3089} INFO - Sync 1 DAGs
[2026-03-13T22:47:35.855+0100] {logging_mixin.py:188} INFO - [2026-03-13T22:47:35.854+0100] {dag.py:3947} INFO - Setting next_dagrun for example_skip_dag to 2026-03-12 00:00:00+00:00, run_after=2026-03-13 00:00:00+00:00
[2026-03-13T22:47:35.866+0100] {processor.py:183} INFO - Processing /Users/harshasogala/financial-data-platform/venv/lib/python3.12/site-packages/airflow/example_dags/example_skip_dag.py took 0.084 seconds
[2026-03-13T22:48:52.874+0100] {processor.py:161} INFO - Started process (PID=71450) to work on /Users/harshasogala/financial-data-platform/venv/lib/python3.12/site-packages/airflow/example_dags/example_skip_dag.py
[2026-03-13T22:48:52.876+0100] {processor.py:830} INFO - Processing file /Users/harshasogala/financial-data-platform/venv/lib/python3.12/site-packages/airflow/example_dags/example_skip_dag.py for tasks to queue
[2026-03-13T22:48:52.876+0100] {logging_mixin.py:188} INFO - [2026-03-13T22:48:52.876+0100] {dagbag.py:545} INFO - Filling up the DagBag from /Users/harshasogala/financial-data-platform/venv/lib/python3.12/site-packages/airflow/example_dags/example_skip_dag.py
[2026-03-13T22:48:52.881+0100] {processor.py:840} INFO - DAG(s) 'example_skip_dag' retrieved from /Users/harshasogala/financial-data-platform/venv/lib/python3.12/site-packages/airflow/example_dags/example_skip_dag.py
[2026-03-13T22:48:52.937+0100] {logging_mixin.py:188} INFO - [2026-03-13T22:48:52.937+0100] {dag.py:3089} INFO - Sync 1 DAGs
[2026-03-13T22:48:52.946+0100] {logging_mixin.py:188} INFO - [2026-03-13T22:48:52.946+0100] {dag.py:3947} INFO - Setting next_dagrun for example_skip_dag to 2026-03-12 00:00:00+00:00, run_after=2026-03-13 00:00:00+00:00
[2026-03-13T22:48:52.958+0100] {processor.py:183} INFO - Processing /Users/harshasogala/financial-data-platform/venv/lib/python3.12/site-packages/airflow/example_dags/example_skip_dag.py took 0.085 seconds
[2026-03-13T22:50:13.194+0100] {processor.py:161} INFO - Started process (PID=71701) to work on /Users/harshasogala/financial-data-platform/venv/lib/python3.12/site-packages/airflow/example_dags/example_skip_dag.py
[2026-03-13T22:50:13.195+0100] {processor.py:830} INFO - Processing file /Users/harshasogala/financial-data-platform/venv/lib/python3.12/site-packages/airflow/example_dags/example_skip_dag.py for tasks to queue
[2026-03-13T22:50:13.196+0100] {logging_mixin.py:188} INFO - [2026-03-13T22:50:13.195+0100] {dagbag.py:545} INFO - Filling up the DagBag from /Users/harshasogala/financial-data-platform/venv/lib/python3.12/site-packages/airflow/example_dags/example_skip_dag.py
[2026-03-13T22:50:13.200+0100] {processor.py:840} INFO - DAG(s) 'example_skip_dag' retrieved from /Users/harshasogala/financial-data-platform/venv/lib/python3.12/site-packages/airflow/example_dags/example_skip_dag.py
[2026-03-13T22:50:13.255+0100] {logging_mixin.py:188} INFO - [2026-03-13T22:50:13.255+0100] {dag.py:3089} INFO - Sync 1 DAGs
[2026-03-13T22:50:13.264+0100] {logging_mixin.py:188} INFO - [2026-03-13T22:50:13.264+0100] {dag.py:3947} INFO - Setting next_dagrun for example_skip_dag to 2026-03-12 00:00:00+00:00, run_after=2026-03-13 00:00:00+00:00
[2026-03-13T22:50:13.276+0100] {processor.py:183} INFO - Processing /Users/harshasogala/financial-data-platform/venv/lib/python3.12/site-packages/airflow/example_dags/example_skip_dag.py took 0.083 seconds
[2026-03-13T22:51:42.673+0100] {processor.py:161} INFO - Started process (PID=72064) to work on /Users/harshasogala/financial-data-platform/venv/lib/python3.12/site-packages/airflow/example_dags/example_skip_dag.py
[2026-03-13T22:51:42.673+0100] {processor.py:830} INFO - Processing file /Users/harshasogala/financial-data-platform/venv/lib/python3.12/site-packages/airflow/example_dags/example_skip_dag.py for tasks to queue
[2026-03-13T22:51:42.674+0100] {logging_mixin.py:188} INFO - [2026-03-13T22:51:42.674+0100] {dagbag.py:545} INFO - Filling up the DagBag from /Users/harshasogala/financial-data-platform/venv/lib/python3.12/site-packages/airflow/example_dags/example_skip_dag.py
[2026-03-13T22:51:42.679+0100] {processor.py:840} INFO - DAG(s) 'example_skip_dag' retrieved from /Users/harshasogala/financial-data-platform/venv/lib/python3.12/site-packages/airflow/example_dags/example_skip_dag.py
[2026-03-13T22:51:42.733+0100] {logging_mixin.py:188} INFO - [2026-03-13T22:51:42.733+0100] {dag.py:3089} INFO - Sync 1 DAGs
[2026-03-13T22:51:42.742+0100] {logging_mixin.py:188} INFO - [2026-03-13T22:51:42.742+0100] {dag.py:3947} INFO - Setting next_dagrun for example_skip_dag to 2026-03-12 00:00:00+00:00, run_after=2026-03-13 00:00:00+00:00
[2026-03-13T22:51:42.753+0100] {processor.py:183} INFO - Processing /Users/harshasogala/financial-data-platform/venv/lib/python3.12/site-packages/airflow/example_dags/example_skip_dag.py took 0.082 seconds
[2026-03-13T22:52:57.911+0100] {processor.py:161} INFO - Started process (PID=72389) to work on /Users/harshasogala/financial-data-platform/venv/lib/python3.12/site-packages/airflow/example_dags/example_skip_dag.py
[2026-03-13T22:52:57.912+0100] {processor.py:830} INFO - Processing file /Users/harshasogala/financial-data-platform/venv/lib/python3.12/site-packages/airflow/example_dags/example_skip_dag.py for tasks to queue
[2026-03-13T22:52:57.913+0100] {logging_mixin.py:188} INFO - [2026-03-13T22:52:57.913+0100] {dagbag.py:545} INFO - Filling up the DagBag from /Users/harshasogala/financial-data-platform/venv/lib/python3.12/site-packages/airflow/example_dags/example_skip_dag.py
[2026-03-13T22:52:57.919+0100] {processor.py:840} INFO - DAG(s) 'example_skip_dag' retrieved from /Users/harshasogala/financial-data-platform/venv/lib/python3.12/site-packages/airflow/example_dags/example_skip_dag.py
[2026-03-13T22:52:57.977+0100] {logging_mixin.py:188} INFO - [2026-03-13T22:52:57.976+0100] {dag.py:3089} INFO - Sync 1 DAGs
[2026-03-13T22:52:57.985+0100] {logging_mixin.py:188} INFO - [2026-03-13T22:52:57.985+0100] {dag.py:3947} INFO - Setting next_dagrun for example_skip_dag to 2026-03-12 00:00:00+00:00, run_after=2026-03-13 00:00:00+00:00
[2026-03-13T22:52:57.998+0100] {processor.py:183} INFO - Processing /Users/harshasogala/financial-data-platform/venv/lib/python3.12/site-packages/airflow/example_dags/example_skip_dag.py took 0.089 seconds
[2026-03-13T22:54:17.998+0100] {processor.py:161} INFO - Started process (PID=72479) to work on /Users/harshasogala/financial-data-platform/venv/lib/python3.12/site-packages/airflow/example_dags/example_skip_dag.py
[2026-03-13T22:54:17.999+0100] {processor.py:830} INFO - Processing file /Users/harshasogala/financial-data-platform/venv/lib/python3.12/site-packages/airflow/example_dags/example_skip_dag.py for tasks to queue
[2026-03-13T22:54:17.999+0100] {logging_mixin.py:188} INFO - [2026-03-13T22:54:17.999+0100] {dagbag.py:545} INFO - Filling up the DagBag from /Users/harshasogala/financial-data-platform/venv/lib/python3.12/site-packages/airflow/example_dags/example_skip_dag.py
[2026-03-13T22:54:18.004+0100] {processor.py:840} INFO - DAG(s) 'example_skip_dag' retrieved from /Users/harshasogala/financial-data-platform/venv/lib/python3.12/site-packages/airflow/example_dags/example_skip_dag.py
[2026-03-13T22:54:18.114+0100] {logging_mixin.py:188} INFO - [2026-03-13T22:54:18.114+0100] {dag.py:3089} INFO - Sync 1 DAGs
[2026-03-13T22:54:18.128+0100] {logging_mixin.py:188} INFO - [2026-03-13T22:54:18.128+0100] {dag.py:3947} INFO - Setting next_dagrun for example_skip_dag to 2026-03-12 00:00:00+00:00, run_after=2026-03-13 00:00:00+00:00
[2026-03-13T22:54:18.160+0100] {processor.py:183} INFO - Processing /Users/harshasogala/financial-data-platform/venv/lib/python3.12/site-packages/airflow/example_dags/example_skip_dag.py took 0.164 seconds
[2026-03-13T22:55:43.233+0100] {processor.py:161} INFO - Started process (PID=72552) to work on /Users/harshasogala/financial-data-platform/venv/lib/python3.12/site-packages/airflow/example_dags/example_skip_dag.py
[2026-03-13T22:55:43.234+0100] {processor.py:830} INFO - Processing file /Users/harshasogala/financial-data-platform/venv/lib/python3.12/site-packages/airflow/example_dags/example_skip_dag.py for tasks to queue
[2026-03-13T22:55:43.234+0100] {logging_mixin.py:188} INFO - [2026-03-13T22:55:43.234+0100] {dagbag.py:545} INFO - Filling up the DagBag from /Users/harshasogala/financial-data-platform/venv/lib/python3.12/site-packages/airflow/example_dags/example_skip_dag.py
[2026-03-13T22:55:43.239+0100] {processor.py:840} INFO - DAG(s) 'example_skip_dag' retrieved from /Users/harshasogala/financial-data-platform/venv/lib/python3.12/site-packages/airflow/example_dags/example_skip_dag.py
[2026-03-13T22:55:43.294+0100] {logging_mixin.py:188} INFO - [2026-03-13T22:55:43.293+0100] {dag.py:3089} INFO - Sync 1 DAGs
[2026-03-13T22:55:43.302+0100] {logging_mixin.py:188} INFO - [2026-03-13T22:55:43.302+0100] {dag.py:3947} INFO - Setting next_dagrun for example_skip_dag to 2026-03-12 00:00:00+00:00, run_after=2026-03-13 00:00:00+00:00
[2026-03-13T22:55:43.316+0100] {processor.py:183} INFO - Processing /Users/harshasogala/financial-data-platform/venv/lib/python3.12/site-packages/airflow/example_dags/example_skip_dag.py took 0.085 seconds
[2026-03-13T22:57:04.961+0100] {processor.py:161} INFO - Started process (PID=72649) to work on /Users/harshasogala/financial-data-platform/venv/lib/python3.12/site-packages/airflow/example_dags/example_skip_dag.py
[2026-03-13T22:57:04.962+0100] {processor.py:830} INFO - Processing file /Users/harshasogala/financial-data-platform/venv/lib/python3.12/site-packages/airflow/example_dags/example_skip_dag.py for tasks to queue
[2026-03-13T22:57:04.962+0100] {logging_mixin.py:188} INFO - [2026-03-13T22:57:04.962+0100] {dagbag.py:545} INFO - Filling up the DagBag from /Users/harshasogala/financial-data-platform/venv/lib/python3.12/site-packages/airflow/example_dags/example_skip_dag.py
[2026-03-13T22:57:04.967+0100] {processor.py:840} INFO - DAG(s) 'example_skip_dag' retrieved from /Users/harshasogala/financial-data-platform/venv/lib/python3.12/site-packages/airflow/example_dags/example_skip_dag.py
[2026-03-13T22:57:05.020+0100] {logging_mixin.py:188} INFO - [2026-03-13T22:57:05.020+0100] {dag.py:3089} INFO - Sync 1 DAGs
[2026-03-13T22:57:05.029+0100] {logging_mixin.py:188} INFO - [2026-03-13T22:57:05.029+0100] {dag.py:3947} INFO - Setting next_dagrun for example_skip_dag to 2026-03-12 00:00:00+00:00, run_after=2026-03-13 00:00:00+00:00
[2026-03-13T22:57:05.043+0100] {processor.py:183} INFO - Processing /Users/harshasogala/financial-data-platform/venv/lib/python3.12/site-packages/airflow/example_dags/example_skip_dag.py took 0.084 seconds
[2026-03-13T22:58:24.860+0100] {processor.py:161} INFO - Started process (PID=72712) to work on /Users/harshasogala/financial-data-platform/venv/lib/python3.12/site-packages/airflow/example_dags/example_skip_dag.py
[2026-03-13T22:58:24.861+0100] {processor.py:830} INFO - Processing file /Users/harshasogala/financial-data-platform/venv/lib/python3.12/site-packages/airflow/example_dags/example_skip_dag.py for tasks to queue
[2026-03-13T22:58:24.862+0100] {logging_mixin.py:188} INFO - [2026-03-13T22:58:24.861+0100] {dagbag.py:545} INFO - Filling up the DagBag from /Users/harshasogala/financial-data-platform/venv/lib/python3.12/site-packages/airflow/example_dags/example_skip_dag.py
[2026-03-13T22:58:24.866+0100] {processor.py:840} INFO - DAG(s) 'example_skip_dag' retrieved from /Users/harshasogala/financial-data-platform/venv/lib/python3.12/site-packages/airflow/example_dags/example_skip_dag.py
[2026-03-13T22:58:24.922+0100] {logging_mixin.py:188} INFO - [2026-03-13T22:58:24.922+0100] {dag.py:3089} INFO - Sync 1 DAGs
[2026-03-13T22:58:24.931+0100] {logging_mixin.py:188} INFO - [2026-03-13T22:58:24.931+0100] {dag.py:3947} INFO - Setting next_dagrun for example_skip_dag to 2026-03-12 00:00:00+00:00, run_after=2026-03-13 00:00:00+00:00
[2026-03-13T22:58:24.944+0100] {processor.py:183} INFO - Processing /Users/harshasogala/financial-data-platform/venv/lib/python3.12/site-packages/airflow/example_dags/example_skip_dag.py took 0.085 seconds
[2026-03-13T22:59:45.252+0100] {processor.py:161} INFO - Started process (PID=72786) to work on /Users/harshasogala/financial-data-platform/venv/lib/python3.12/site-packages/airflow/example_dags/example_skip_dag.py
[2026-03-13T22:59:45.253+0100] {processor.py:830} INFO - Processing file /Users/harshasogala/financial-data-platform/venv/lib/python3.12/site-packages/airflow/example_dags/example_skip_dag.py for tasks to queue
[2026-03-13T22:59:45.254+0100] {logging_mixin.py:188} INFO - [2026-03-13T22:59:45.254+0100] {dagbag.py:545} INFO - Filling up the DagBag from /Users/harshasogala/financial-data-platform/venv/lib/python3.12/site-packages/airflow/example_dags/example_skip_dag.py
[2026-03-13T22:59:45.258+0100] {processor.py:840} INFO - DAG(s) 'example_skip_dag' retrieved from /Users/harshasogala/financial-data-platform/venv/lib/python3.12/site-packages/airflow/example_dags/example_skip_dag.py
[2026-03-13T22:59:45.314+0100] {logging_mixin.py:188} INFO - [2026-03-13T22:59:45.313+0100] {dag.py:3089} INFO - Sync 1 DAGs
[2026-03-13T22:59:45.322+0100] {logging_mixin.py:188} INFO - [2026-03-13T22:59:45.322+0100] {dag.py:3947} INFO - Setting next_dagrun for example_skip_dag to 2026-03-12 00:00:00+00:00, run_after=2026-03-13 00:00:00+00:00
[2026-03-13T22:59:45.333+0100] {processor.py:183} INFO - Processing /Users/harshasogala/financial-data-platform/venv/lib/python3.12/site-packages/airflow/example_dags/example_skip_dag.py took 0.083 seconds
[2026-03-13T23:01:05.212+0100] {processor.py:161} INFO - Started process (PID=72855) to work on /Users/harshasogala/financial-data-platform/venv/lib/python3.12/site-packages/airflow/example_dags/example_skip_dag.py
[2026-03-13T23:01:05.213+0100] {processor.py:830} INFO - Processing file /Users/harshasogala/financial-data-platform/venv/lib/python3.12/site-packages/airflow/example_dags/example_skip_dag.py for tasks to queue
[2026-03-13T23:01:05.213+0100] {logging_mixin.py:188} INFO - [2026-03-13T23:01:05.213+0100] {dagbag.py:545} INFO - Filling up the DagBag from /Users/harshasogala/financial-data-platform/venv/lib/python3.12/site-packages/airflow/example_dags/example_skip_dag.py
[2026-03-13T23:01:05.218+0100] {processor.py:840} INFO - DAG(s) 'example_skip_dag' retrieved from /Users/harshasogala/financial-data-platform/venv/lib/python3.12/site-packages/airflow/example_dags/example_skip_dag.py
[2026-03-13T23:01:05.273+0100] {logging_mixin.py:188} INFO - [2026-03-13T23:01:05.273+0100] {dag.py:3089} INFO - Sync 1 DAGs
[2026-03-13T23:01:05.282+0100] {logging_mixin.py:188} INFO - [2026-03-13T23:01:05.282+0100] {dag.py:3947} INFO - Setting next_dagrun for example_skip_dag to 2026-03-12 00:00:00+00:00, run_after=2026-03-13 00:00:00+00:00
[2026-03-13T23:01:05.294+0100] {processor.py:183} INFO - Processing /Users/harshasogala/financial-data-platform/venv/lib/python3.12/site-packages/airflow/example_dags/example_skip_dag.py took 0.083 seconds
[2026-03-13T23:02:23.616+0100] {processor.py:161} INFO - Started process (PID=72915) to work on /Users/harshasogala/financial-data-platform/venv/lib/python3.12/site-packages/airflow/example_dags/example_skip_dag.py
[2026-03-13T23:02:23.617+0100] {processor.py:830} INFO - Processing file /Users/harshasogala/financial-data-platform/venv/lib/python3.12/site-packages/airflow/example_dags/example_skip_dag.py for tasks to queue
[2026-03-13T23:02:23.617+0100] {logging_mixin.py:188} INFO - [2026-03-13T23:02:23.617+0100] {dagbag.py:545} INFO - Filling up the DagBag from /Users/harshasogala/financial-data-platform/venv/lib/python3.12/site-packages/airflow/example_dags/example_skip_dag.py
[2026-03-13T23:02:23.622+0100] {processor.py:840} INFO - DAG(s) 'example_skip_dag' retrieved from /Users/harshasogala/financial-data-platform/venv/lib/python3.12/site-packages/airflow/example_dags/example_skip_dag.py
[2026-03-13T23:02:23.684+0100] {logging_mixin.py:188} INFO - [2026-03-13T23:02:23.684+0100] {dag.py:3089} INFO - Sync 1 DAGs
[2026-03-13T23:02:23.702+0100] {logging_mixin.py:188} INFO - [2026-03-13T23:02:23.701+0100] {dag.py:3947} INFO - Setting next_dagrun for example_skip_dag to 2026-03-12 00:00:00+00:00, run_after=2026-03-13 00:00:00+00:00
[2026-03-13T23:02:23.714+0100] {processor.py:183} INFO - Processing /Users/harshasogala/financial-data-platform/venv/lib/python3.12/site-packages/airflow/example_dags/example_skip_dag.py took 0.101 seconds
[2026-03-13T23:03:43.643+0100] {processor.py:161} INFO - Started process (PID=72976) to work on /Users/harshasogala/financial-data-platform/venv/lib/python3.12/site-packages/airflow/example_dags/example_skip_dag.py
[2026-03-13T23:03:43.645+0100] {processor.py:830} INFO - Processing file /Users/harshasogala/financial-data-platform/venv/lib/python3.12/site-packages/airflow/example_dags/example_skip_dag.py for tasks to queue
[2026-03-13T23:03:43.645+0100] {logging_mixin.py:188} INFO - [2026-03-13T23:03:43.645+0100] {dagbag.py:545} INFO - Filling up the DagBag from /Users/harshasogala/financial-data-platform/venv/lib/python3.12/site-packages/airflow/example_dags/example_skip_dag.py
[2026-03-13T23:03:43.650+0100] {processor.py:840} INFO - DAG(s) 'example_skip_dag' retrieved from /Users/harshasogala/financial-data-platform/venv/lib/python3.12/site-packages/airflow/example_dags/example_skip_dag.py
[2026-03-13T23:03:43.706+0100] {logging_mixin.py:188} INFO - [2026-03-13T23:03:43.706+0100] {dag.py:3089} INFO - Sync 1 DAGs
[2026-03-13T23:03:43.715+0100] {logging_mixin.py:188} INFO - [2026-03-13T23:03:43.714+0100] {dag.py:3947} INFO - Setting next_dagrun for example_skip_dag to 2026-03-12 00:00:00+00:00, run_after=2026-03-13 00:00:00+00:00
[2026-03-13T23:03:43.728+0100] {processor.py:183} INFO - Processing /Users/harshasogala/financial-data-platform/venv/lib/python3.12/site-packages/airflow/example_dags/example_skip_dag.py took 0.086 seconds
[2026-03-13T23:05:00.557+0100] {processor.py:161} INFO - Started process (PID=73034) to work on /Users/harshasogala/financial-data-platform/venv/lib/python3.12/site-packages/airflow/example_dags/example_skip_dag.py
[2026-03-13T23:05:00.557+0100] {processor.py:830} INFO - Processing file /Users/harshasogala/financial-data-platform/venv/lib/python3.12/site-packages/airflow/example_dags/example_skip_dag.py for tasks to queue
[2026-03-13T23:05:00.558+0100] {logging_mixin.py:188} INFO - [2026-03-13T23:05:00.558+0100] {dagbag.py:545} INFO - Filling up the DagBag from /Users/harshasogala/financial-data-platform/venv/lib/python3.12/site-packages/airflow/example_dags/example_skip_dag.py
[2026-03-13T23:05:00.562+0100] {processor.py:840} INFO - DAG(s) 'example_skip_dag' retrieved from /Users/harshasogala/financial-data-platform/venv/lib/python3.12/site-packages/airflow/example_dags/example_skip_dag.py
[2026-03-13T23:05:00.617+0100] {logging_mixin.py:188} INFO - [2026-03-13T23:05:00.617+0100] {dag.py:3089} INFO - Sync 1 DAGs
[2026-03-13T23:05:00.626+0100] {logging_mixin.py:188} INFO - [2026-03-13T23:05:00.626+0100] {dag.py:3947} INFO - Setting next_dagrun for example_skip_dag to 2026-03-12 00:00:00+00:00, run_after=2026-03-13 00:00:00+00:00
[2026-03-13T23:05:00.638+0100] {processor.py:183} INFO - Processing /Users/harshasogala/financial-data-platform/venv/lib/python3.12/site-packages/airflow/example_dags/example_skip_dag.py took 0.084 seconds
[2026-03-13T23:06:16.951+0100] {processor.py:161} INFO - Started process (PID=73100) to work on /Users/harshasogala/financial-data-platform/venv/lib/python3.12/site-packages/airflow/example_dags/example_skip_dag.py
[2026-03-13T23:06:16.951+0100] {processor.py:830} INFO - Processing file /Users/harshasogala/financial-data-platform/venv/lib/python3.12/site-packages/airflow/example_dags/example_skip_dag.py for tasks to queue
[2026-03-13T23:06:16.952+0100] {logging_mixin.py:188} INFO - [2026-03-13T23:06:16.952+0100] {dagbag.py:545} INFO - Filling up the DagBag from /Users/harshasogala/financial-data-platform/venv/lib/python3.12/site-packages/airflow/example_dags/example_skip_dag.py
[2026-03-13T23:06:16.957+0100] {processor.py:840} INFO - DAG(s) 'example_skip_dag' retrieved from /Users/harshasogala/financial-data-platform/venv/lib/python3.12/site-packages/airflow/example_dags/example_skip_dag.py
[2026-03-13T23:06:17.015+0100] {logging_mixin.py:188} INFO - [2026-03-13T23:06:17.015+0100] {dag.py:3089} INFO - Sync 1 DAGs
[2026-03-13T23:06:17.024+0100] {logging_mixin.py:188} INFO - [2026-03-13T23:06:17.024+0100] {dag.py:3947} INFO - Setting next_dagrun for example_skip_dag to 2026-03-12 00:00:00+00:00, run_after=2026-03-13 00:00:00+00:00
[2026-03-13T23:06:17.035+0100] {processor.py:183} INFO - Processing /Users/harshasogala/financial-data-platform/venv/lib/python3.12/site-packages/airflow/example_dags/example_skip_dag.py took 0.087 seconds
[2026-03-13T23:07:41.329+0100] {processor.py:161} INFO - Started process (PID=73169) to work on /Users/harshasogala/financial-data-platform/venv/lib/python3.12/site-packages/airflow/example_dags/example_skip_dag.py
[2026-03-13T23:07:41.330+0100] {processor.py:830} INFO - Processing file /Users/harshasogala/financial-data-platform/venv/lib/python3.12/site-packages/airflow/example_dags/example_skip_dag.py for tasks to queue
[2026-03-13T23:07:41.330+0100] {logging_mixin.py:188} INFO - [2026-03-13T23:07:41.330+0100] {dagbag.py:545} INFO - Filling up the DagBag from /Users/harshasogala/financial-data-platform/venv/lib/python3.12/site-packages/airflow/example_dags/example_skip_dag.py
[2026-03-13T23:07:41.335+0100] {processor.py:840} INFO - DAG(s) 'example_skip_dag' retrieved from /Users/harshasogala/financial-data-platform/venv/lib/python3.12/site-packages/airflow/example_dags/example_skip_dag.py
[2026-03-13T23:07:41.399+0100] {logging_mixin.py:188} INFO - [2026-03-13T23:07:41.398+0100] {dag.py:3089} INFO - Sync 1 DAGs
[2026-03-13T23:07:41.408+0100] {logging_mixin.py:188} INFO - [2026-03-13T23:07:41.408+0100] {dag.py:3947} INFO - Setting next_dagrun for example_skip_dag to 2026-03-12 00:00:00+00:00, run_after=2026-03-13 00:00:00+00:00
[2026-03-13T23:07:41.420+0100] {processor.py:183} INFO - Processing /Users/harshasogala/financial-data-platform/venv/lib/python3.12/site-packages/airflow/example_dags/example_skip_dag.py took 0.093 seconds
[2026-03-13T23:08:55.241+0100] {processor.py:161} INFO - Started process (PID=73229) to work on /Users/harshasogala/financial-data-platform/venv/lib/python3.12/site-packages/airflow/example_dags/example_skip_dag.py
[2026-03-13T23:08:55.242+0100] {processor.py:830} INFO - Processing file /Users/harshasogala/financial-data-platform/venv/lib/python3.12/site-packages/airflow/example_dags/example_skip_dag.py for tasks to queue
[2026-03-13T23:08:55.242+0100] {logging_mixin.py:188} INFO - [2026-03-13T23:08:55.242+0100] {dagbag.py:545} INFO - Filling up the DagBag from /Users/harshasogala/financial-data-platform/venv/lib/python3.12/site-packages/airflow/example_dags/example_skip_dag.py
[2026-03-13T23:08:55.247+0100] {processor.py:840} INFO - DAG(s) 'example_skip_dag' retrieved from /Users/harshasogala/financial-data-platform/venv/lib/python3.12/site-packages/airflow/example_dags/example_skip_dag.py
[2026-03-13T23:08:55.302+0100] {logging_mixin.py:188} INFO - [2026-03-13T23:08:55.302+0100] {dag.py:3089} INFO - Sync 1 DAGs
[2026-03-13T23:08:55.311+0100] {logging_mixin.py:188} INFO - [2026-03-13T23:08:55.311+0100] {dag.py:3947} INFO - Setting next_dagrun for example_skip_dag to 2026-03-12 00:00:00+00:00, run_after=2026-03-13 00:00:00+00:00
[2026-03-13T23:08:55.322+0100] {processor.py:183} INFO - Processing /Users/harshasogala/financial-data-platform/venv/lib/python3.12/site-packages/airflow/example_dags/example_skip_dag.py took 0.084 seconds
[2026-03-13T23:10:07.088+0100] {processor.py:161} INFO - Started process (PID=73285) to work on /Users/harshasogala/financial-data-platform/venv/lib/python3.12/site-packages/airflow/example_dags/example_skip_dag.py
[2026-03-13T23:10:07.089+0100] {processor.py:830} INFO - Processing file /Users/harshasogala/financial-data-platform/venv/lib/python3.12/site-packages/airflow/example_dags/example_skip_dag.py for tasks to queue
[2026-03-13T23:10:07.089+0100] {logging_mixin.py:188} INFO - [2026-03-13T23:10:07.089+0100] {dagbag.py:545} INFO - Filling up the DagBag from /Users/harshasogala/financial-data-platform/venv/lib/python3.12/site-packages/airflow/example_dags/example_skip_dag.py
[2026-03-13T23:10:07.094+0100] {processor.py:840} INFO - DAG(s) 'example_skip_dag' retrieved from /Users/harshasogala/financial-data-platform/venv/lib/python3.12/site-packages/airflow/example_dags/example_skip_dag.py
[2026-03-13T23:10:07.149+0100] {logging_mixin.py:188} INFO - [2026-03-13T23:10:07.149+0100] {dag.py:3089} INFO - Sync 1 DAGs
[2026-03-13T23:10:07.158+0100] {logging_mixin.py:188} INFO - [2026-03-13T23:10:07.158+0100] {dag.py:3947} INFO - Setting next_dagrun for example_skip_dag to 2026-03-12 00:00:00+00:00, run_after=2026-03-13 00:00:00+00:00
[2026-03-13T23:10:07.170+0100] {processor.py:183} INFO - Processing /Users/harshasogala/financial-data-platform/venv/lib/python3.12/site-packages/airflow/example_dags/example_skip_dag.py took 0.084 seconds
[2026-03-13T23:11:20.619+0100] {processor.py:161} INFO - Started process (PID=73350) to work on /Users/harshasogala/financial-data-platform/venv/lib/python3.12/site-packages/airflow/example_dags/example_skip_dag.py
[2026-03-13T23:11:20.620+0100] {processor.py:830} INFO - Processing file /Users/harshasogala/financial-data-platform/venv/lib/python3.12/site-packages/airflow/example_dags/example_skip_dag.py for tasks to queue
[2026-03-13T23:11:20.620+0100] {logging_mixin.py:188} INFO - [2026-03-13T23:11:20.620+0100] {dagbag.py:545} INFO - Filling up the DagBag from /Users/harshasogala/financial-data-platform/venv/lib/python3.12/site-packages/airflow/example_dags/example_skip_dag.py
[2026-03-13T23:11:20.625+0100] {processor.py:840} INFO - DAG(s) 'example_skip_dag' retrieved from /Users/harshasogala/financial-data-platform/venv/lib/python3.12/site-packages/airflow/example_dags/example_skip_dag.py
[2026-03-13T23:11:20.680+0100] {logging_mixin.py:188} INFO - [2026-03-13T23:11:20.680+0100] {dag.py:3089} INFO - Sync 1 DAGs
[2026-03-13T23:11:20.691+0100] {logging_mixin.py:188} INFO - [2026-03-13T23:11:20.691+0100] {dag.py:3947} INFO - Setting next_dagrun for example_skip_dag to 2026-03-12 00:00:00+00:00, run_after=2026-03-13 00:00:00+00:00
[2026-03-13T23:11:20.704+0100] {processor.py:183} INFO - Processing /Users/harshasogala/financial-data-platform/venv/lib/python3.12/site-packages/airflow/example_dags/example_skip_dag.py took 0.087 seconds
[2026-03-13T23:12:34.699+0100] {processor.py:161} INFO - Started process (PID=73412) to work on /Users/harshasogala/financial-data-platform/venv/lib/python3.12/site-packages/airflow/example_dags/example_skip_dag.py
[2026-03-13T23:12:34.700+0100] {processor.py:830} INFO - Processing file /Users/harshasogala/financial-data-platform/venv/lib/python3.12/site-packages/airflow/example_dags/example_skip_dag.py for tasks to queue
[2026-03-13T23:12:34.700+0100] {logging_mixin.py:188} INFO - [2026-03-13T23:12:34.700+0100] {dagbag.py:545} INFO - Filling up the DagBag from /Users/harshasogala/financial-data-platform/venv/lib/python3.12/site-packages/airflow/example_dags/example_skip_dag.py
[2026-03-13T23:12:34.705+0100] {processor.py:840} INFO - DAG(s) 'example_skip_dag' retrieved from /Users/harshasogala/financial-data-platform/venv/lib/python3.12/site-packages/airflow/example_dags/example_skip_dag.py
[2026-03-13T23:12:34.760+0100] {logging_mixin.py:188} INFO - [2026-03-13T23:12:34.760+0100] {dag.py:3089} INFO - Sync 1 DAGs
[2026-03-13T23:12:34.769+0100] {logging_mixin.py:188} INFO - [2026-03-13T23:12:34.769+0100] {dag.py:3947} INFO - Setting next_dagrun for example_skip_dag to 2026-03-12 00:00:00+00:00, run_after=2026-03-13 00:00:00+00:00
[2026-03-13T23:12:34.780+0100] {processor.py:183} INFO - Processing /Users/harshasogala/financial-data-platform/venv/lib/python3.12/site-packages/airflow/example_dags/example_skip_dag.py took 0.083 seconds
[2026-03-13T23:13:50.766+0100] {processor.py:161} INFO - Started process (PID=73473) to work on /Users/harshasogala/financial-data-platform/venv/lib/python3.12/site-packages/airflow/example_dags/example_skip_dag.py
[2026-03-13T23:13:50.768+0100] {processor.py:830} INFO - Processing file /Users/harshasogala/financial-data-platform/venv/lib/python3.12/site-packages/airflow/example_dags/example_skip_dag.py for tasks to queue
[2026-03-13T23:13:50.768+0100] {logging_mixin.py:188} INFO - [2026-03-13T23:13:50.768+0100] {dagbag.py:545} INFO - Filling up the DagBag from /Users/harshasogala/financial-data-platform/venv/lib/python3.12/site-packages/airflow/example_dags/example_skip_dag.py
[2026-03-13T23:13:50.773+0100] {processor.py:840} INFO - DAG(s) 'example_skip_dag' retrieved from /Users/harshasogala/financial-data-platform/venv/lib/python3.12/site-packages/airflow/example_dags/example_skip_dag.py
[2026-03-13T23:13:50.828+0100] {logging_mixin.py:188} INFO - [2026-03-13T23:13:50.828+0100] {dag.py:3089} INFO - Sync 1 DAGs
[2026-03-13T23:13:50.837+0100] {logging_mixin.py:188} INFO - [2026-03-13T23:13:50.837+0100] {dag.py:3947} INFO - Setting next_dagrun for example_skip_dag to 2026-03-12 00:00:00+00:00, run_after=2026-03-13 00:00:00+00:00
[2026-03-13T23:13:50.848+0100] {processor.py:183} INFO - Processing /Users/harshasogala/financial-data-platform/venv/lib/python3.12/site-packages/airflow/example_dags/example_skip_dag.py took 0.084 seconds
[2026-03-13T23:15:04.803+0100] {processor.py:161} INFO - Started process (PID=73532) to work on /Users/harshasogala/financial-data-platform/venv/lib/python3.12/site-packages/airflow/example_dags/example_skip_dag.py
[2026-03-13T23:15:04.803+0100] {processor.py:830} INFO - Processing file /Users/harshasogala/financial-data-platform/venv/lib/python3.12/site-packages/airflow/example_dags/example_skip_dag.py for tasks to queue
[2026-03-13T23:15:04.804+0100] {logging_mixin.py:188} INFO - [2026-03-13T23:15:04.804+0100] {dagbag.py:545} INFO - Filling up the DagBag from /Users/harshasogala/financial-data-platform/venv/lib/python3.12/site-packages/airflow/example_dags/example_skip_dag.py
[2026-03-13T23:15:04.808+0100] {processor.py:840} INFO - DAG(s) 'example_skip_dag' retrieved from /Users/harshasogala/financial-data-platform/venv/lib/python3.12/site-packages/airflow/example_dags/example_skip_dag.py
[2026-03-13T23:15:04.863+0100] {logging_mixin.py:188} INFO - [2026-03-13T23:15:04.863+0100] {dag.py:3089} INFO - Sync 1 DAGs
[2026-03-13T23:15:04.872+0100] {logging_mixin.py:188} INFO - [2026-03-13T23:15:04.872+0100] {dag.py:3947} INFO - Setting next_dagrun for example_skip_dag to 2026-03-12 00:00:00+00:00, run_after=2026-03-13 00:00:00+00:00
[2026-03-13T23:15:04.884+0100] {processor.py:183} INFO - Processing /Users/harshasogala/financial-data-platform/venv/lib/python3.12/site-packages/airflow/example_dags/example_skip_dag.py took 0.083 seconds
[2026-03-13T23:16:18.334+0100] {processor.py:161} INFO - Started process (PID=73593) to work on /Users/harshasogala/financial-data-platform/venv/lib/python3.12/site-packages/airflow/example_dags/example_skip_dag.py
[2026-03-13T23:16:18.335+0100] {processor.py:830} INFO - Processing file /Users/harshasogala/financial-data-platform/venv/lib/python3.12/site-packages/airflow/example_dags/example_skip_dag.py for tasks to queue
[2026-03-13T23:16:18.335+0100] {logging_mixin.py:188} INFO - [2026-03-13T23:16:18.335+0100] {dagbag.py:545} INFO - Filling up the DagBag from /Users/harshasogala/financial-data-platform/venv/lib/python3.12/site-packages/airflow/example_dags/example_skip_dag.py
[2026-03-13T23:16:18.340+0100] {processor.py:840} INFO - DAG(s) 'example_skip_dag' retrieved from /Users/harshasogala/financial-data-platform/venv/lib/python3.12/site-packages/airflow/example_dags/example_skip_dag.py
[2026-03-13T23:16:18.394+0100] {logging_mixin.py:188} INFO - [2026-03-13T23:16:18.394+0100] {dag.py:3089} INFO - Sync 1 DAGs
[2026-03-13T23:16:18.402+0100] {logging_mixin.py:188} INFO - [2026-03-13T23:16:18.402+0100] {dag.py:3947} INFO - Setting next_dagrun for example_skip_dag to 2026-03-12 00:00:00+00:00, run_after=2026-03-13 00:00:00+00:00
[2026-03-13T23:16:18.413+0100] {processor.py:183} INFO - Processing /Users/harshasogala/financial-data-platform/venv/lib/python3.12/site-packages/airflow/example_dags/example_skip_dag.py took 0.081 seconds
[2026-03-13T23:17:36.062+0100] {processor.py:161} INFO - Started process (PID=73663) to work on /Users/harshasogala/financial-data-platform/venv/lib/python3.12/site-packages/airflow/example_dags/example_skip_dag.py
[2026-03-13T23:17:36.063+0100] {processor.py:830} INFO - Processing file /Users/harshasogala/financial-data-platform/venv/lib/python3.12/site-packages/airflow/example_dags/example_skip_dag.py for tasks to queue
[2026-03-13T23:17:36.063+0100] {logging_mixin.py:188} INFO - [2026-03-13T23:17:36.063+0100] {dagbag.py:545} INFO - Filling up the DagBag from /Users/harshasogala/financial-data-platform/venv/lib/python3.12/site-packages/airflow/example_dags/example_skip_dag.py
[2026-03-13T23:17:36.068+0100] {processor.py:840} INFO - DAG(s) 'example_skip_dag' retrieved from /Users/harshasogala/financial-data-platform/venv/lib/python3.12/site-packages/airflow/example_dags/example_skip_dag.py
[2026-03-13T23:17:36.123+0100] {logging_mixin.py:188} INFO - [2026-03-13T23:17:36.122+0100] {dag.py:3089} INFO - Sync 1 DAGs
[2026-03-13T23:17:36.131+0100] {logging_mixin.py:188} INFO - [2026-03-13T23:17:36.131+0100] {dag.py:3947} INFO - Setting next_dagrun for example_skip_dag to 2026-03-12 00:00:00+00:00, run_after=2026-03-13 00:00:00+00:00
[2026-03-13T23:17:36.143+0100] {processor.py:183} INFO - Processing /Users/harshasogala/financial-data-platform/venv/lib/python3.12/site-packages/airflow/example_dags/example_skip_dag.py took 0.082 seconds
[2026-03-13T23:18:52.098+0100] {processor.py:161} INFO - Started process (PID=73724) to work on /Users/harshasogala/financial-data-platform/venv/lib/python3.12/site-packages/airflow/example_dags/example_skip_dag.py
[2026-03-13T23:18:52.098+0100] {processor.py:830} INFO - Processing file /Users/harshasogala/financial-data-platform/venv/lib/python3.12/site-packages/airflow/example_dags/example_skip_dag.py for tasks to queue
[2026-03-13T23:18:52.099+0100] {logging_mixin.py:188} INFO - [2026-03-13T23:18:52.099+0100] {dagbag.py:545} INFO - Filling up the DagBag from /Users/harshasogala/financial-data-platform/venv/lib/python3.12/site-packages/airflow/example_dags/example_skip_dag.py
[2026-03-13T23:18:52.104+0100] {processor.py:840} INFO - DAG(s) 'example_skip_dag' retrieved from /Users/harshasogala/financial-data-platform/venv/lib/python3.12/site-packages/airflow/example_dags/example_skip_dag.py
[2026-03-13T23:18:52.161+0100] {logging_mixin.py:188} INFO - [2026-03-13T23:18:52.161+0100] {dag.py:3089} INFO - Sync 1 DAGs
[2026-03-13T23:18:52.169+0100] {logging_mixin.py:188} INFO - [2026-03-13T23:18:52.169+0100] {dag.py:3947} INFO - Setting next_dagrun for example_skip_dag to 2026-03-12 00:00:00+00:00, run_after=2026-03-13 00:00:00+00:00
[2026-03-13T23:18:52.180+0100] {processor.py:183} INFO - Processing /Users/harshasogala/financial-data-platform/venv/lib/python3.12/site-packages/airflow/example_dags/example_skip_dag.py took 0.084 seconds
[2026-03-13T23:20:09.730+0100] {processor.py:161} INFO - Started process (PID=73789) to work on /Users/harshasogala/financial-data-platform/venv/lib/python3.12/site-packages/airflow/example_dags/example_skip_dag.py
[2026-03-13T23:20:09.731+0100] {processor.py:830} INFO - Processing file /Users/harshasogala/financial-data-platform/venv/lib/python3.12/site-packages/airflow/example_dags/example_skip_dag.py for tasks to queue
[2026-03-13T23:20:09.732+0100] {logging_mixin.py:188} INFO - [2026-03-13T23:20:09.731+0100] {dagbag.py:545} INFO - Filling up the DagBag from /Users/harshasogala/financial-data-platform/venv/lib/python3.12/site-packages/airflow/example_dags/example_skip_dag.py
[2026-03-13T23:20:09.736+0100] {processor.py:840} INFO - DAG(s) 'example_skip_dag' retrieved from /Users/harshasogala/financial-data-platform/venv/lib/python3.12/site-packages/airflow/example_dags/example_skip_dag.py
[2026-03-13T23:20:09.791+0100] {logging_mixin.py:188} INFO - [2026-03-13T23:20:09.791+0100] {dag.py:3089} INFO - Sync 1 DAGs
[2026-03-13T23:20:09.800+0100] {logging_mixin.py:188} INFO - [2026-03-13T23:20:09.800+0100] {dag.py:3947} INFO - Setting next_dagrun for example_skip_dag to 2026-03-12 00:00:00+00:00, run_after=2026-03-13 00:00:00+00:00
[2026-03-13T23:20:09.811+0100] {processor.py:183} INFO - Processing /Users/harshasogala/financial-data-platform/venv/lib/python3.12/site-packages/airflow/example_dags/example_skip_dag.py took 0.083 seconds
[2026-03-13T23:21:24.687+0100] {processor.py:161} INFO - Started process (PID=73871) to work on /Users/harshasogala/financial-data-platform/venv/lib/python3.12/site-packages/airflow/example_dags/example_skip_dag.py
[2026-03-13T23:21:24.688+0100] {processor.py:830} INFO - Processing file /Users/harshasogala/financial-data-platform/venv/lib/python3.12/site-packages/airflow/example_dags/example_skip_dag.py for tasks to queue
[2026-03-13T23:21:24.689+0100] {logging_mixin.py:188} INFO - [2026-03-13T23:21:24.689+0100] {dagbag.py:545} INFO - Filling up the DagBag from /Users/harshasogala/financial-data-platform/venv/lib/python3.12/site-packages/airflow/example_dags/example_skip_dag.py
[2026-03-13T23:21:24.694+0100] {processor.py:840} INFO - DAG(s) 'example_skip_dag' retrieved from /Users/harshasogala/financial-data-platform/venv/lib/python3.12/site-packages/airflow/example_dags/example_skip_dag.py
[2026-03-13T23:21:24.758+0100] {logging_mixin.py:188} INFO - [2026-03-13T23:21:24.758+0100] {dag.py:3089} INFO - Sync 1 DAGs
[2026-03-13T23:21:24.768+0100] {logging_mixin.py:188} INFO - [2026-03-13T23:21:24.768+0100] {dag.py:3947} INFO - Setting next_dagrun for example_skip_dag to 2026-03-12 00:00:00+00:00, run_after=2026-03-13 00:00:00+00:00
[2026-03-13T23:21:24.783+0100] {processor.py:183} INFO - Processing /Users/harshasogala/financial-data-platform/venv/lib/python3.12/site-packages/airflow/example_dags/example_skip_dag.py took 0.098 seconds
[2026-03-13T23:22:37.474+0100] {processor.py:161} INFO - Started process (PID=73930) to work on /Users/harshasogala/financial-data-platform/venv/lib/python3.12/site-packages/airflow/example_dags/example_skip_dag.py
[2026-03-13T23:22:37.475+0100] {processor.py:830} INFO - Processing file /Users/harshasogala/financial-data-platform/venv/lib/python3.12/site-packages/airflow/example_dags/example_skip_dag.py for tasks to queue
[2026-03-13T23:22:37.475+0100] {logging_mixin.py:188} INFO - [2026-03-13T23:22:37.475+0100] {dagbag.py:545} INFO - Filling up the DagBag from /Users/harshasogala/financial-data-platform/venv/lib/python3.12/site-packages/airflow/example_dags/example_skip_dag.py
[2026-03-13T23:22:37.480+0100] {processor.py:840} INFO - DAG(s) 'example_skip_dag' retrieved from /Users/harshasogala/financial-data-platform/venv/lib/python3.12/site-packages/airflow/example_dags/example_skip_dag.py
[2026-03-13T23:22:37.536+0100] {logging_mixin.py:188} INFO - [2026-03-13T23:22:37.536+0100] {dag.py:3089} INFO - Sync 1 DAGs
[2026-03-13T23:22:37.546+0100] {logging_mixin.py:188} INFO - [2026-03-13T23:22:37.546+0100] {dag.py:3947} INFO - Setting next_dagrun for example_skip_dag to 2026-03-12 00:00:00+00:00, run_after=2026-03-13 00:00:00+00:00
[2026-03-13T23:22:37.558+0100] {processor.py:183} INFO - Processing /Users/harshasogala/financial-data-platform/venv/lib/python3.12/site-packages/airflow/example_dags/example_skip_dag.py took 0.085 seconds
[2026-03-13T23:23:53.001+0100] {processor.py:161} INFO - Started process (PID=73994) to work on /Users/harshasogala/financial-data-platform/venv/lib/python3.12/site-packages/airflow/example_dags/example_skip_dag.py
[2026-03-13T23:23:53.001+0100] {processor.py:830} INFO - Processing file /Users/harshasogala/financial-data-platform/venv/lib/python3.12/site-packages/airflow/example_dags/example_skip_dag.py for tasks to queue
[2026-03-13T23:23:53.002+0100] {logging_mixin.py:188} INFO - [2026-03-13T23:23:53.002+0100] {dagbag.py:545} INFO - Filling up the DagBag from /Users/harshasogala/financial-data-platform/venv/lib/python3.12/site-packages/airflow/example_dags/example_skip_dag.py
[2026-03-13T23:23:53.006+0100] {processor.py:840} INFO - DAG(s) 'example_skip_dag' retrieved from /Users/harshasogala/financial-data-platform/venv/lib/python3.12/site-packages/airflow/example_dags/example_skip_dag.py
[2026-03-13T23:23:53.063+0100] {logging_mixin.py:188} INFO - [2026-03-13T23:23:53.062+0100] {dag.py:3089} INFO - Sync 1 DAGs
[2026-03-13T23:23:53.073+0100] {logging_mixin.py:188} INFO - [2026-03-13T23:23:53.073+0100] {dag.py:3947} INFO - Setting next_dagrun for example_skip_dag to 2026-03-12 00:00:00+00:00, run_after=2026-03-13 00:00:00+00:00
[2026-03-13T23:23:53.084+0100] {processor.py:183} INFO - Processing /Users/harshasogala/financial-data-platform/venv/lib/python3.12/site-packages/airflow/example_dags/example_skip_dag.py took 0.085 seconds
[2026-03-13T23:25:09.684+0100] {processor.py:161} INFO - Started process (PID=74054) to work on /Users/harshasogala/financial-data-platform/venv/lib/python3.12/site-packages/airflow/example_dags/example_skip_dag.py
[2026-03-13T23:25:09.686+0100] {processor.py:830} INFO - Processing file /Users/harshasogala/financial-data-platform/venv/lib/python3.12/site-packages/airflow/example_dags/example_skip_dag.py for tasks to queue
[2026-03-13T23:25:09.686+0100] {logging_mixin.py:188} INFO - [2026-03-13T23:25:09.686+0100] {dagbag.py:545} INFO - Filling up the DagBag from /Users/harshasogala/financial-data-platform/venv/lib/python3.12/site-packages/airflow/example_dags/example_skip_dag.py
[2026-03-13T23:25:09.691+0100] {processor.py:840} INFO - DAG(s) 'example_skip_dag' retrieved from /Users/harshasogala/financial-data-platform/venv/lib/python3.12/site-packages/airflow/example_dags/example_skip_dag.py
[2026-03-13T23:25:09.746+0100] {logging_mixin.py:188} INFO - [2026-03-13T23:25:09.746+0100] {dag.py:3089} INFO - Sync 1 DAGs
[2026-03-13T23:25:09.755+0100] {logging_mixin.py:188} INFO - [2026-03-13T23:25:09.755+0100] {dag.py:3947} INFO - Setting next_dagrun for example_skip_dag to 2026-03-12 00:00:00+00:00, run_after=2026-03-13 00:00:00+00:00
[2026-03-13T23:25:09.766+0100] {processor.py:183} INFO - Processing /Users/harshasogala/financial-data-platform/venv/lib/python3.12/site-packages/airflow/example_dags/example_skip_dag.py took 0.084 seconds
[2026-03-13T23:26:26.204+0100] {processor.py:161} INFO - Started process (PID=74112) to work on /Users/harshasogala/financial-data-platform/venv/lib/python3.12/site-packages/airflow/example_dags/example_skip_dag.py
[2026-03-13T23:26:26.210+0100] {processor.py:830} INFO - Processing file /Users/harshasogala/financial-data-platform/venv/lib/python3.12/site-packages/airflow/example_dags/example_skip_dag.py for tasks to queue
[2026-03-13T23:26:26.210+0100] {logging_mixin.py:188} INFO - [2026-03-13T23:26:26.210+0100] {dagbag.py:545} INFO - Filling up the DagBag from /Users/harshasogala/financial-data-platform/venv/lib/python3.12/site-packages/airflow/example_dags/example_skip_dag.py
[2026-03-13T23:26:26.216+0100] {processor.py:840} INFO - DAG(s) 'example_skip_dag' retrieved from /Users/harshasogala/financial-data-platform/venv/lib/python3.12/site-packages/airflow/example_dags/example_skip_dag.py
[2026-03-13T23:26:26.276+0100] {logging_mixin.py:188} INFO - [2026-03-13T23:26:26.276+0100] {dag.py:3089} INFO - Sync 1 DAGs
[2026-03-13T23:26:26.286+0100] {logging_mixin.py:188} INFO - [2026-03-13T23:26:26.286+0100] {dag.py:3947} INFO - Setting next_dagrun for example_skip_dag to 2026-03-12 00:00:00+00:00, run_after=2026-03-13 00:00:00+00:00
[2026-03-13T23:26:26.297+0100] {processor.py:183} INFO - Processing /Users/harshasogala/financial-data-platform/venv/lib/python3.12/site-packages/airflow/example_dags/example_skip_dag.py took 0.096 seconds
[2026-03-13T23:27:44.153+0100] {processor.py:161} INFO - Started process (PID=74208) to work on /Users/harshasogala/financial-data-platform/venv/lib/python3.12/site-packages/airflow/example_dags/example_skip_dag.py
[2026-03-13T23:27:44.155+0100] {processor.py:830} INFO - Processing file /Users/harshasogala/financial-data-platform/venv/lib/python3.12/site-packages/airflow/example_dags/example_skip_dag.py for tasks to queue
[2026-03-13T23:27:44.155+0100] {logging_mixin.py:188} INFO - [2026-03-13T23:27:44.155+0100] {dagbag.py:545} INFO - Filling up the DagBag from /Users/harshasogala/financial-data-platform/venv/lib/python3.12/site-packages/airflow/example_dags/example_skip_dag.py
[2026-03-13T23:27:44.160+0100] {processor.py:840} INFO - DAG(s) 'example_skip_dag' retrieved from /Users/harshasogala/financial-data-platform/venv/lib/python3.12/site-packages/airflow/example_dags/example_skip_dag.py
[2026-03-13T23:27:44.214+0100] {logging_mixin.py:188} INFO - [2026-03-13T23:27:44.214+0100] {dag.py:3089} INFO - Sync 1 DAGs
[2026-03-13T23:27:44.223+0100] {logging_mixin.py:188} INFO - [2026-03-13T23:27:44.223+0100] {dag.py:3947} INFO - Setting next_dagrun for example_skip_dag to 2026-03-12 00:00:00+00:00, run_after=2026-03-13 00:00:00+00:00
[2026-03-13T23:27:44.234+0100] {processor.py:183} INFO - Processing /Users/harshasogala/financial-data-platform/venv/lib/python3.12/site-packages/airflow/example_dags/example_skip_dag.py took 0.083 seconds
[2026-03-13T23:29:02.222+0100] {processor.py:161} INFO - Started process (PID=74276) to work on /Users/harshasogala/financial-data-platform/venv/lib/python3.12/site-packages/airflow/example_dags/example_skip_dag.py
[2026-03-13T23:29:02.223+0100] {processor.py:830} INFO - Processing file /Users/harshasogala/financial-data-platform/venv/lib/python3.12/site-packages/airflow/example_dags/example_skip_dag.py for tasks to queue
[2026-03-13T23:29:02.223+0100] {logging_mixin.py:188} INFO - [2026-03-13T23:29:02.223+0100] {dagbag.py:545} INFO - Filling up the DagBag from /Users/harshasogala/financial-data-platform/venv/lib/python3.12/site-packages/airflow/example_dags/example_skip_dag.py
[2026-03-13T23:29:02.228+0100] {processor.py:840} INFO - DAG(s) 'example_skip_dag' retrieved from /Users/harshasogala/financial-data-platform/venv/lib/python3.12/site-packages/airflow/example_dags/example_skip_dag.py
[2026-03-13T23:29:02.283+0100] {logging_mixin.py:188} INFO - [2026-03-13T23:29:02.283+0100] {dag.py:3089} INFO - Sync 1 DAGs
[2026-03-13T23:29:02.292+0100] {logging_mixin.py:188} INFO - [2026-03-13T23:29:02.292+0100] {dag.py:3947} INFO - Setting next_dagrun for example_skip_dag to 2026-03-12 00:00:00+00:00, run_after=2026-03-13 00:00:00+00:00
[2026-03-13T23:29:02.303+0100] {processor.py:183} INFO - Processing /Users/harshasogala/financial-data-platform/venv/lib/python3.12/site-packages/airflow/example_dags/example_skip_dag.py took 0.083 seconds
[2026-03-13T23:30:16.828+0100] {processor.py:161} INFO - Started process (PID=74362) to work on /Users/harshasogala/financial-data-platform/venv/lib/python3.12/site-packages/airflow/example_dags/example_skip_dag.py
[2026-03-13T23:30:16.830+0100] {processor.py:830} INFO - Processing file /Users/harshasogala/financial-data-platform/venv/lib/python3.12/site-packages/airflow/example_dags/example_skip_dag.py for tasks to queue
[2026-03-13T23:30:16.830+0100] {logging_mixin.py:188} INFO - [2026-03-13T23:30:16.830+0100] {dagbag.py:545} INFO - Filling up the DagBag from /Users/harshasogala/financial-data-platform/venv/lib/python3.12/site-packages/airflow/example_dags/example_skip_dag.py
[2026-03-13T23:30:16.835+0100] {processor.py:840} INFO - DAG(s) 'example_skip_dag' retrieved from /Users/harshasogala/financial-data-platform/venv/lib/python3.12/site-packages/airflow/example_dags/example_skip_dag.py
[2026-03-13T23:30:16.893+0100] {logging_mixin.py:188} INFO - [2026-03-13T23:30:16.892+0100] {dag.py:3089} INFO - Sync 1 DAGs
[2026-03-13T23:30:16.902+0100] {logging_mixin.py:188} INFO - [2026-03-13T23:30:16.902+0100] {dag.py:3947} INFO - Setting next_dagrun for example_skip_dag to 2026-03-12 00:00:00+00:00, run_after=2026-03-13 00:00:00+00:00
[2026-03-13T23:30:16.914+0100] {processor.py:183} INFO - Processing /Users/harshasogala/financial-data-platform/venv/lib/python3.12/site-packages/airflow/example_dags/example_skip_dag.py took 0.088 seconds
[2026-03-13T23:31:35.554+0100] {processor.py:161} INFO - Started process (PID=74744) to work on /Users/harshasogala/financial-data-platform/venv/lib/python3.12/site-packages/airflow/example_dags/example_skip_dag.py
[2026-03-13T23:31:35.555+0100] {processor.py:830} INFO - Processing file /Users/harshasogala/financial-data-platform/venv/lib/python3.12/site-packages/airflow/example_dags/example_skip_dag.py for tasks to queue
[2026-03-13T23:31:35.556+0100] {logging_mixin.py:188} INFO - [2026-03-13T23:31:35.556+0100] {dagbag.py:545} INFO - Filling up the DagBag from /Users/harshasogala/financial-data-platform/venv/lib/python3.12/site-packages/airflow/example_dags/example_skip_dag.py
[2026-03-13T23:31:35.561+0100] {processor.py:840} INFO - DAG(s) 'example_skip_dag' retrieved from /Users/harshasogala/financial-data-platform/venv/lib/python3.12/site-packages/airflow/example_dags/example_skip_dag.py
[2026-03-13T23:31:35.616+0100] {logging_mixin.py:188} INFO - [2026-03-13T23:31:35.615+0100] {dag.py:3089} INFO - Sync 1 DAGs
[2026-03-13T23:31:35.624+0100] {logging_mixin.py:188} INFO - [2026-03-13T23:31:35.624+0100] {dag.py:3947} INFO - Setting next_dagrun for example_skip_dag to 2026-03-12 00:00:00+00:00, run_after=2026-03-13 00:00:00+00:00
[2026-03-13T23:31:35.635+0100] {processor.py:183} INFO - Processing /Users/harshasogala/financial-data-platform/venv/lib/python3.12/site-packages/airflow/example_dags/example_skip_dag.py took 0.083 seconds
[2026-03-13T23:32:52.743+0100] {processor.py:161} INFO - Started process (PID=74976) to work on /Users/harshasogala/financial-data-platform/venv/lib/python3.12/site-packages/airflow/example_dags/example_skip_dag.py
[2026-03-13T23:32:52.744+0100] {processor.py:830} INFO - Processing file /Users/harshasogala/financial-data-platform/venv/lib/python3.12/site-packages/airflow/example_dags/example_skip_dag.py for tasks to queue
[2026-03-13T23:32:52.744+0100] {logging_mixin.py:188} INFO - [2026-03-13T23:32:52.744+0100] {dagbag.py:545} INFO - Filling up the DagBag from /Users/harshasogala/financial-data-platform/venv/lib/python3.12/site-packages/airflow/example_dags/example_skip_dag.py
[2026-03-13T23:32:52.749+0100] {processor.py:840} INFO - DAG(s) 'example_skip_dag' retrieved from /Users/harshasogala/financial-data-platform/venv/lib/python3.12/site-packages/airflow/example_dags/example_skip_dag.py
[2026-03-13T23:32:52.810+0100] {logging_mixin.py:188} INFO - [2026-03-13T23:32:52.809+0100] {dag.py:3089} INFO - Sync 1 DAGs
[2026-03-13T23:32:52.819+0100] {logging_mixin.py:188} INFO - [2026-03-13T23:32:52.819+0100] {dag.py:3947} INFO - Setting next_dagrun for example_skip_dag to 2026-03-12 00:00:00+00:00, run_after=2026-03-13 00:00:00+00:00
[2026-03-13T23:32:52.832+0100] {processor.py:183} INFO - Processing /Users/harshasogala/financial-data-platform/venv/lib/python3.12/site-packages/airflow/example_dags/example_skip_dag.py took 0.092 seconds
