[2026-03-13T22:19:14.715+0100] {processor.py:161} INFO - Started process (PID=66038) to work on /Users/harshasogala/financial-data-platform/venv/lib/python3.12/site-packages/airflow/example_dags/example_branch_operator.py
[2026-03-13T22:19:14.716+0100] {processor.py:830} INFO - Processing file /Users/harshasogala/financial-data-platform/venv/lib/python3.12/site-packages/airflow/example_dags/example_branch_operator.py for tasks to queue
[2026-03-13T22:19:14.716+0100] {logging_mixin.py:188} INFO - [2026-03-13T22:19:14.716+0100] {dagbag.py:545} INFO - Filling up the DagBag from /Users/harshasogala/financial-data-platform/venv/lib/python3.12/site-packages/airflow/example_dags/example_branch_operator.py
[2026-03-13T22:19:14.730+0100] {processor.py:842} WARNING - No viable dags retrieved from /Users/harshasogala/financial-data-platform/venv/lib/python3.12/site-packages/airflow/example_dags/example_branch_operator.py
[2026-03-13T22:19:14.772+0100] {processor.py:183} INFO - Processing /Users/harshasogala/financial-data-platform/venv/lib/python3.12/site-packages/airflow/example_dags/example_branch_operator.py took 0.059 seconds
[2026-03-13T22:21:49.624+0100] {processor.py:161} INFO - Started process (PID=66186) to work on /Users/harshasogala/financial-data-platform/venv/lib/python3.12/site-packages/airflow/example_dags/example_branch_operator.py
[2026-03-13T22:21:49.625+0100] {processor.py:830} INFO - Processing file /Users/harshasogala/financial-data-platform/venv/lib/python3.12/site-packages/airflow/example_dags/example_branch_operator.py for tasks to queue
[2026-03-13T22:21:49.625+0100] {logging_mixin.py:188} INFO - [2026-03-13T22:21:49.625+0100] {dagbag.py:545} INFO - Filling up the DagBag from /Users/harshasogala/financial-data-platform/venv/lib/python3.12/site-packages/airflow/example_dags/example_branch_operator.py
[2026-03-13T22:21:49.640+0100] {processor.py:842} WARNING - No viable dags retrieved from /Users/harshasogala/financial-data-platform/venv/lib/python3.12/site-packages/airflow/example_dags/example_branch_operator.py
[2026-03-13T22:21:49.691+0100] {processor.py:183} INFO - Processing /Users/harshasogala/financial-data-platform/venv/lib/python3.12/site-packages/airflow/example_dags/example_branch_operator.py took 0.068 seconds
[2026-03-13T22:28:50.880+0100] {processor.py:161} INFO - Started process (PID=67351) to work on /Users/harshasogala/financial-data-platform/venv/lib/python3.12/site-packages/airflow/example_dags/example_branch_operator.py
[2026-03-13T22:28:50.881+0100] {processor.py:830} INFO - Processing file /Users/harshasogala/financial-data-platform/venv/lib/python3.12/site-packages/airflow/example_dags/example_branch_operator.py for tasks to queue
[2026-03-13T22:28:50.882+0100] {logging_mixin.py:188} INFO - [2026-03-13T22:28:50.881+0100] {dagbag.py:545} INFO - Filling up the DagBag from /Users/harshasogala/financial-data-platform/venv/lib/python3.12/site-packages/airflow/example_dags/example_branch_operator.py
[2026-03-13T22:28:50.895+0100] {processor.py:842} WARNING - No viable dags retrieved from /Users/harshasogala/financial-data-platform/venv/lib/python3.12/site-packages/airflow/example_dags/example_branch_operator.py
[2026-03-13T22:28:50.938+0100] {processor.py:183} INFO - Processing /Users/harshasogala/financial-data-platform/venv/lib/python3.12/site-packages/airflow/example_dags/example_branch_operator.py took 0.060 seconds
[2026-03-13T22:29:56.297+0100] {processor.py:161} INFO - Started process (PID=67476) to work on /Users/harshasogala/financial-data-platform/venv/lib/python3.12/site-packages/airflow/example_dags/example_branch_operator.py
[2026-03-13T22:29:56.297+0100] {processor.py:830} INFO - Processing file /Users/harshasogala/financial-data-platform/venv/lib/python3.12/site-packages/airflow/example_dags/example_branch_operator.py for tasks to queue
[2026-03-13T22:29:56.298+0100] {logging_mixin.py:188} INFO - [2026-03-13T22:29:56.298+0100] {dagbag.py:545} INFO - Filling up the DagBag from /Users/harshasogala/financial-data-platform/venv/lib/python3.12/site-packages/airflow/example_dags/example_branch_operator.py
[2026-03-13T22:29:56.311+0100] {processor.py:842} WARNING - No viable dags retrieved from /Users/harshasogala/financial-data-platform/venv/lib/python3.12/site-packages/airflow/example_dags/example_branch_operator.py
[2026-03-13T22:29:56.354+0100] {processor.py:183} INFO - Processing /Users/harshasogala/financial-data-platform/venv/lib/python3.12/site-packages/airflow/example_dags/example_branch_operator.py took 0.059 seconds
[2026-03-13T22:31:03.781+0100] {processor.py:161} INFO - Started process (PID=67544) to work on /Users/harshasogala/financial-data-platform/venv/lib/python3.12/site-packages/airflow/example_dags/example_branch_operator.py
[2026-03-13T22:31:03.782+0100] {processor.py:830} INFO - Processing file /Users/harshasogala/financial-data-platform/venv/lib/python3.12/site-packages/airflow/example_dags/example_branch_operator.py for tasks to queue
[2026-03-13T22:31:03.783+0100] {logging_mixin.py:188} INFO - [2026-03-13T22:31:03.783+0100] {dagbag.py:545} INFO - Filling up the DagBag from /Users/harshasogala/financial-data-platform/venv/lib/python3.12/site-packages/airflow/example_dags/example_branch_operator.py
[2026-03-13T22:31:03.797+0100] {processor.py:842} WARNING - No viable dags retrieved from /Users/harshasogala/financial-data-platform/venv/lib/python3.12/site-packages/airflow/example_dags/example_branch_operator.py
[2026-03-13T22:31:03.841+0100] {processor.py:183} INFO - Processing /Users/harshasogala/financial-data-platform/venv/lib/python3.12/site-packages/airflow/example_dags/example_branch_operator.py took 0.062 seconds
[2026-03-13T22:32:27.516+0100] {processor.py:161} INFO - Started process (PID=68707) to work on /Users/harshasogala/financial-data-platform/venv/lib/python3.12/site-packages/airflow/example_dags/example_branch_operator.py
[2026-03-13T22:32:27.517+0100] {processor.py:830} INFO - Processing file /Users/harshasogala/financial-data-platform/venv/lib/python3.12/site-packages/airflow/example_dags/example_branch_operator.py for tasks to queue
[2026-03-13T22:32:27.517+0100] {logging_mixin.py:188} INFO - [2026-03-13T22:32:27.517+0100] {dagbag.py:545} INFO - Filling up the DagBag from /Users/harshasogala/financial-data-platform/venv/lib/python3.12/site-packages/airflow/example_dags/example_branch_operator.py
[2026-03-13T22:32:27.530+0100] {processor.py:842} WARNING - No viable dags retrieved from /Users/harshasogala/financial-data-platform/venv/lib/python3.12/site-packages/airflow/example_dags/example_branch_operator.py
[2026-03-13T22:32:27.574+0100] {processor.py:183} INFO - Processing /Users/harshasogala/financial-data-platform/venv/lib/python3.12/site-packages/airflow/example_dags/example_branch_operator.py took 0.060 seconds
[2026-03-13T22:33:51.145+0100] {processor.py:161} INFO - Started process (PID=69159) to work on /Users/harshasogala/financial-data-platform/venv/lib/python3.12/site-packages/airflow/example_dags/example_branch_operator.py
[2026-03-13T22:33:51.146+0100] {processor.py:830} INFO - Processing file /Users/harshasogala/financial-data-platform/venv/lib/python3.12/site-packages/airflow/example_dags/example_branch_operator.py for tasks to queue
[2026-03-13T22:33:51.147+0100] {logging_mixin.py:188} INFO - [2026-03-13T22:33:51.146+0100] {dagbag.py:545} INFO - Filling up the DagBag from /Users/harshasogala/financial-data-platform/venv/lib/python3.12/site-packages/airflow/example_dags/example_branch_operator.py
[2026-03-13T22:33:51.159+0100] {processor.py:842} WARNING - No viable dags retrieved from /Users/harshasogala/financial-data-platform/venv/lib/python3.12/site-packages/airflow/example_dags/example_branch_operator.py
[2026-03-13T22:33:51.203+0100] {processor.py:183} INFO - Processing /Users/harshasogala/financial-data-platform/venv/lib/python3.12/site-packages/airflow/example_dags/example_branch_operator.py took 0.060 seconds
[2026-03-13T22:35:09.157+0100] {processor.py:161} INFO - Started process (PID=69222) to work on /Users/harshasogala/financial-data-platform/venv/lib/python3.12/site-packages/airflow/example_dags/example_branch_operator.py
[2026-03-13T22:35:09.157+0100] {processor.py:830} INFO - Processing file /Users/harshasogala/financial-data-platform/venv/lib/python3.12/site-packages/airflow/example_dags/example_branch_operator.py for tasks to queue
[2026-03-13T22:35:09.158+0100] {logging_mixin.py:188} INFO - [2026-03-13T22:35:09.158+0100] {dagbag.py:545} INFO - Filling up the DagBag from /Users/harshasogala/financial-data-platform/venv/lib/python3.12/site-packages/airflow/example_dags/example_branch_operator.py
[2026-03-13T22:35:09.170+0100] {processor.py:842} WARNING - No viable dags retrieved from /Users/harshasogala/financial-data-platform/venv/lib/python3.12/site-packages/airflow/example_dags/example_branch_operator.py
[2026-03-13T22:35:09.213+0100] {processor.py:183} INFO - Processing /Users/harshasogala/financial-data-platform/venv/lib/python3.12/site-packages/airflow/example_dags/example_branch_operator.py took 0.058 seconds
[2026-03-13T22:36:24.280+0100] {processor.py:161} INFO - Started process (PID=69301) to work on /Users/harshasogala/financial-data-platform/venv/lib/python3.12/site-packages/airflow/example_dags/example_branch_operator.py
[2026-03-13T22:36:24.282+0100] {processor.py:830} INFO - Processing file /Users/harshasogala/financial-data-platform/venv/lib/python3.12/site-packages/airflow/example_dags/example_branch_operator.py for tasks to queue
[2026-03-13T22:36:24.282+0100] {logging_mixin.py:188} INFO - [2026-03-13T22:36:24.282+0100] {dagbag.py:545} INFO - Filling up the DagBag from /Users/harshasogala/financial-data-platform/venv/lib/python3.12/site-packages/airflow/example_dags/example_branch_operator.py
[2026-03-13T22:36:24.296+0100] {processor.py:842} WARNING - No viable dags retrieved from /Users/harshasogala/financial-data-platform/venv/lib/python3.12/site-packages/airflow/example_dags/example_branch_operator.py
[2026-03-13T22:36:24.339+0100] {processor.py:183} INFO - Processing /Users/harshasogala/financial-data-platform/venv/lib/python3.12/site-packages/airflow/example_dags/example_branch_operator.py took 0.061 seconds
[2026-03-13T22:37:38.271+0100] {processor.py:161} INFO - Started process (PID=69359) to work on /Users/harshasogala/financial-data-platform/venv/lib/python3.12/site-packages/airflow/example_dags/example_branch_operator.py
[2026-03-13T22:37:38.272+0100] {processor.py:830} INFO - Processing file /Users/harshasogala/financial-data-platform/venv/lib/python3.12/site-packages/airflow/example_dags/example_branch_operator.py for tasks to queue
[2026-03-13T22:37:38.272+0100] {logging_mixin.py:188} INFO - [2026-03-13T22:37:38.272+0100] {dagbag.py:545} INFO - Filling up the DagBag from /Users/harshasogala/financial-data-platform/venv/lib/python3.12/site-packages/airflow/example_dags/example_branch_operator.py
[2026-03-13T22:37:38.284+0100] {processor.py:842} WARNING - No viable dags retrieved from /Users/harshasogala/financial-data-platform/venv/lib/python3.12/site-packages/airflow/example_dags/example_branch_operator.py
[2026-03-13T22:37:38.328+0100] {processor.py:183} INFO - Processing /Users/harshasogala/financial-data-platform/venv/lib/python3.12/site-packages/airflow/example_dags/example_branch_operator.py took 0.059 seconds
[2026-03-13T22:38:52.569+0100] {processor.py:161} INFO - Started process (PID=69427) to work on /Users/harshasogala/financial-data-platform/venv/lib/python3.12/site-packages/airflow/example_dags/example_branch_operator.py
[2026-03-13T22:38:52.570+0100] {processor.py:830} INFO - Processing file /Users/harshasogala/financial-data-platform/venv/lib/python3.12/site-packages/airflow/example_dags/example_branch_operator.py for tasks to queue
[2026-03-13T22:38:52.570+0100] {logging_mixin.py:188} INFO - [2026-03-13T22:38:52.570+0100] {dagbag.py:545} INFO - Filling up the DagBag from /Users/harshasogala/financial-data-platform/venv/lib/python3.12/site-packages/airflow/example_dags/example_branch_operator.py
[2026-03-13T22:38:52.583+0100] {processor.py:842} WARNING - No viable dags retrieved from /Users/harshasogala/financial-data-platform/venv/lib/python3.12/site-packages/airflow/example_dags/example_branch_operator.py
[2026-03-13T22:38:52.626+0100] {processor.py:183} INFO - Processing /Users/harshasogala/financial-data-platform/venv/lib/python3.12/site-packages/airflow/example_dags/example_branch_operator.py took 0.059 seconds
[2026-03-13T22:40:07.139+0100] {processor.py:161} INFO - Started process (PID=69647) to work on /Users/harshasogala/financial-data-platform/venv/lib/python3.12/site-packages/airflow/example_dags/example_branch_operator.py
[2026-03-13T22:40:07.140+0100] {processor.py:830} INFO - Processing file /Users/harshasogala/financial-data-platform/venv/lib/python3.12/site-packages/airflow/example_dags/example_branch_operator.py for tasks to queue
[2026-03-13T22:40:07.140+0100] {logging_mixin.py:188} INFO - [2026-03-13T22:40:07.140+0100] {dagbag.py:545} INFO - Filling up the DagBag from /Users/harshasogala/financial-data-platform/venv/lib/python3.12/site-packages/airflow/example_dags/example_branch_operator.py
[2026-03-13T22:40:07.153+0100] {processor.py:842} WARNING - No viable dags retrieved from /Users/harshasogala/financial-data-platform/venv/lib/python3.12/site-packages/airflow/example_dags/example_branch_operator.py
[2026-03-13T22:40:07.196+0100] {processor.py:183} INFO - Processing /Users/harshasogala/financial-data-platform/venv/lib/python3.12/site-packages/airflow/example_dags/example_branch_operator.py took 0.059 seconds
[2026-03-13T22:41:30.358+0100] {processor.py:161} INFO - Started process (PID=69707) to work on /Users/harshasogala/financial-data-platform/venv/lib/python3.12/site-packages/airflow/example_dags/example_branch_operator.py
[2026-03-13T22:41:30.359+0100] {processor.py:830} INFO - Processing file /Users/harshasogala/financial-data-platform/venv/lib/python3.12/site-packages/airflow/example_dags/example_branch_operator.py for tasks to queue
[2026-03-13T22:41:30.360+0100] {logging_mixin.py:188} INFO - [2026-03-13T22:41:30.360+0100] {dagbag.py:545} INFO - Filling up the DagBag from /Users/harshasogala/financial-data-platform/venv/lib/python3.12/site-packages/airflow/example_dags/example_branch_operator.py
[2026-03-13T22:41:30.372+0100] {processor.py:842} WARNING - No viable dags retrieved from /Users/harshasogala/financial-data-platform/venv/lib/python3.12/site-packages/airflow/example_dags/example_branch_operator.py
[2026-03-13T22:41:30.415+0100] {processor.py:183} INFO - Processing /Users/harshasogala/financial-data-platform/venv/lib/python3.12/site-packages/airflow/example_dags/example_branch_operator.py took 0.058 seconds
[2026-03-13T22:42:48.515+0100] {processor.py:161} INFO - Started process (PID=69771) to work on /Users/harshasogala/financial-data-platform/venv/lib/python3.12/site-packages/airflow/example_dags/example_branch_operator.py
[2026-03-13T22:42:48.515+0100] {processor.py:830} INFO - Processing file /Users/harshasogala/financial-data-platform/venv/lib/python3.12/site-packages/airflow/example_dags/example_branch_operator.py for tasks to queue
[2026-03-13T22:42:48.516+0100] {logging_mixin.py:188} INFO - [2026-03-13T22:42:48.516+0100] {dagbag.py:545} INFO - Filling up the DagBag from /Users/harshasogala/financial-data-platform/venv/lib/python3.12/site-packages/airflow/example_dags/example_branch_operator.py
[2026-03-13T22:42:48.528+0100] {processor.py:842} WARNING - No viable dags retrieved from /Users/harshasogala/financial-data-platform/venv/lib/python3.12/site-packages/airflow/example_dags/example_branch_operator.py
[2026-03-13T22:42:48.572+0100] {processor.py:183} INFO - Processing /Users/harshasogala/financial-data-platform/venv/lib/python3.12/site-packages/airflow/example_dags/example_branch_operator.py took 0.059 seconds
[2026-03-13T22:44:08.980+0100] {processor.py:161} INFO - Started process (PID=70025) to work on /Users/harshasogala/financial-data-platform/venv/lib/python3.12/site-packages/airflow/example_dags/example_branch_operator.py
[2026-03-13T22:44:08.981+0100] {processor.py:830} INFO - Processing file /Users/harshasogala/financial-data-platform/venv/lib/python3.12/site-packages/airflow/example_dags/example_branch_operator.py for tasks to queue
[2026-03-13T22:44:08.982+0100] {logging_mixin.py:188} INFO - [2026-03-13T22:44:08.982+0100] {dagbag.py:545} INFO - Filling up the DagBag from /Users/harshasogala/financial-data-platform/venv/lib/python3.12/site-packages/airflow/example_dags/example_branch_operator.py
[2026-03-13T22:44:08.995+0100] {processor.py:842} WARNING - No viable dags retrieved from /Users/harshasogala/financial-data-platform/venv/lib/python3.12/site-packages/airflow/example_dags/example_branch_operator.py
[2026-03-13T22:44:09.040+0100] {processor.py:183} INFO - Processing /Users/harshasogala/financial-data-platform/venv/lib/python3.12/site-packages/airflow/example_dags/example_branch_operator.py took 0.061 seconds
[2026-03-13T22:45:38.835+0100] {processor.py:161} INFO - Started process (PID=70312) to work on /Users/harshasogala/financial-data-platform/venv/lib/python3.12/site-packages/airflow/example_dags/example_branch_operator.py
[2026-03-13T22:45:38.836+0100] {processor.py:830} INFO - Processing file /Users/harshasogala/financial-data-platform/venv/lib/python3.12/site-packages/airflow/example_dags/example_branch_operator.py for tasks to queue
[2026-03-13T22:45:38.836+0100] {logging_mixin.py:188} INFO - [2026-03-13T22:45:38.836+0100] {dagbag.py:545} INFO - Filling up the DagBag from /Users/harshasogala/financial-data-platform/venv/lib/python3.12/site-packages/airflow/example_dags/example_branch_operator.py
[2026-03-13T22:45:38.849+0100] {processor.py:842} WARNING - No viable dags retrieved from /Users/harshasogala/financial-data-platform/venv/lib/python3.12/site-packages/airflow/example_dags/example_branch_operator.py
[2026-03-13T22:45:38.891+0100] {processor.py:183} INFO - Processing /Users/harshasogala/financial-data-platform/venv/lib/python3.12/site-packages/airflow/example_dags/example_branch_operator.py took 0.058 seconds
[2026-03-13T22:47:07.996+0100] {processor.py:161} INFO - Started process (PID=70625) to work on /Users/harshasogala/financial-data-platform/venv/lib/python3.12/site-packages/airflow/example_dags/example_branch_operator.py
[2026-03-13T22:47:07.998+0100] {processor.py:830} INFO - Processing file /Users/harshasogala/financial-data-platform/venv/lib/python3.12/site-packages/airflow/example_dags/example_branch_operator.py for tasks to queue
[2026-03-13T22:47:07.998+0100] {logging_mixin.py:188} INFO - [2026-03-13T22:47:07.998+0100] {dagbag.py:545} INFO - Filling up the DagBag from /Users/harshasogala/financial-data-platform/venv/lib/python3.12/site-packages/airflow/example_dags/example_branch_operator.py
[2026-03-13T22:47:08.011+0100] {processor.py:842} WARNING - No viable dags retrieved from /Users/harshasogala/financial-data-platform/venv/lib/python3.12/site-packages/airflow/example_dags/example_branch_operator.py
[2026-03-13T22:47:08.055+0100] {processor.py:183} INFO - Processing /Users/harshasogala/financial-data-platform/venv/lib/python3.12/site-packages/airflow/example_dags/example_branch_operator.py took 0.061 seconds
[2026-03-13T22:48:28.950+0100] {processor.py:161} INFO - Started process (PID=71429) to work on /Users/harshasogala/financial-data-platform/venv/lib/python3.12/site-packages/airflow/example_dags/example_branch_operator.py
[2026-03-13T22:48:28.951+0100] {processor.py:830} INFO - Processing file /Users/harshasogala/financial-data-platform/venv/lib/python3.12/site-packages/airflow/example_dags/example_branch_operator.py for tasks to queue
[2026-03-13T22:48:28.951+0100] {logging_mixin.py:188} INFO - [2026-03-13T22:48:28.951+0100] {dagbag.py:545} INFO - Filling up the DagBag from /Users/harshasogala/financial-data-platform/venv/lib/python3.12/site-packages/airflow/example_dags/example_branch_operator.py
[2026-03-13T22:48:28.964+0100] {processor.py:842} WARNING - No viable dags retrieved from /Users/harshasogala/financial-data-platform/venv/lib/python3.12/site-packages/airflow/example_dags/example_branch_operator.py
[2026-03-13T22:48:29.007+0100] {processor.py:183} INFO - Processing /Users/harshasogala/financial-data-platform/venv/lib/python3.12/site-packages/airflow/example_dags/example_branch_operator.py took 0.059 seconds
[2026-03-13T22:49:48.904+0100] {processor.py:161} INFO - Started process (PID=71500) to work on /Users/harshasogala/financial-data-platform/venv/lib/python3.12/site-packages/airflow/example_dags/example_branch_operator.py
[2026-03-13T22:49:48.905+0100] {processor.py:830} INFO - Processing file /Users/harshasogala/financial-data-platform/venv/lib/python3.12/site-packages/airflow/example_dags/example_branch_operator.py for tasks to queue
[2026-03-13T22:49:48.906+0100] {logging_mixin.py:188} INFO - [2026-03-13T22:49:48.905+0100] {dagbag.py:545} INFO - Filling up the DagBag from /Users/harshasogala/financial-data-platform/venv/lib/python3.12/site-packages/airflow/example_dags/example_branch_operator.py
[2026-03-13T22:49:48.919+0100] {processor.py:842} WARNING - No viable dags retrieved from /Users/harshasogala/financial-data-platform/venv/lib/python3.12/site-packages/airflow/example_dags/example_branch_operator.py
[2026-03-13T22:49:48.963+0100] {processor.py:183} INFO - Processing /Users/harshasogala/financial-data-platform/venv/lib/python3.12/site-packages/airflow/example_dags/example_branch_operator.py took 0.061 seconds
[2026-03-13T22:51:19.312+0100] {processor.py:161} INFO - Started process (PID=72040) to work on /Users/harshasogala/financial-data-platform/venv/lib/python3.12/site-packages/airflow/example_dags/example_branch_operator.py
[2026-03-13T22:51:19.313+0100] {processor.py:830} INFO - Processing file /Users/harshasogala/financial-data-platform/venv/lib/python3.12/site-packages/airflow/example_dags/example_branch_operator.py for tasks to queue
[2026-03-13T22:51:19.314+0100] {logging_mixin.py:188} INFO - [2026-03-13T22:51:19.314+0100] {dagbag.py:545} INFO - Filling up the DagBag from /Users/harshasogala/financial-data-platform/venv/lib/python3.12/site-packages/airflow/example_dags/example_branch_operator.py
[2026-03-13T22:51:19.326+0100] {processor.py:842} WARNING - No viable dags retrieved from /Users/harshasogala/financial-data-platform/venv/lib/python3.12/site-packages/airflow/example_dags/example_branch_operator.py
[2026-03-13T22:51:19.368+0100] {processor.py:183} INFO - Processing /Users/harshasogala/financial-data-platform/venv/lib/python3.12/site-packages/airflow/example_dags/example_branch_operator.py took 0.058 seconds
[2026-03-13T22:52:34.947+0100] {processor.py:161} INFO - Started process (PID=72334) to work on /Users/harshasogala/financial-data-platform/venv/lib/python3.12/site-packages/airflow/example_dags/example_branch_operator.py
[2026-03-13T22:52:34.948+0100] {processor.py:830} INFO - Processing file /Users/harshasogala/financial-data-platform/venv/lib/python3.12/site-packages/airflow/example_dags/example_branch_operator.py for tasks to queue
[2026-03-13T22:52:34.949+0100] {logging_mixin.py:188} INFO - [2026-03-13T22:52:34.948+0100] {dagbag.py:545} INFO - Filling up the DagBag from /Users/harshasogala/financial-data-platform/venv/lib/python3.12/site-packages/airflow/example_dags/example_branch_operator.py
[2026-03-13T22:52:34.961+0100] {processor.py:842} WARNING - No viable dags retrieved from /Users/harshasogala/financial-data-platform/venv/lib/python3.12/site-packages/airflow/example_dags/example_branch_operator.py
[2026-03-13T22:52:35.004+0100] {processor.py:183} INFO - Processing /Users/harshasogala/financial-data-platform/venv/lib/python3.12/site-packages/airflow/example_dags/example_branch_operator.py took 0.059 seconds
[2026-03-13T22:53:51.221+0100] {processor.py:161} INFO - Started process (PID=72439) to work on /Users/harshasogala/financial-data-platform/venv/lib/python3.12/site-packages/airflow/example_dags/example_branch_operator.py
[2026-03-13T22:53:51.223+0100] {processor.py:830} INFO - Processing file /Users/harshasogala/financial-data-platform/venv/lib/python3.12/site-packages/airflow/example_dags/example_branch_operator.py for tasks to queue
[2026-03-13T22:53:51.223+0100] {logging_mixin.py:188} INFO - [2026-03-13T22:53:51.223+0100] {dagbag.py:545} INFO - Filling up the DagBag from /Users/harshasogala/financial-data-platform/venv/lib/python3.12/site-packages/airflow/example_dags/example_branch_operator.py
[2026-03-13T22:53:51.236+0100] {processor.py:842} WARNING - No viable dags retrieved from /Users/harshasogala/financial-data-platform/venv/lib/python3.12/site-packages/airflow/example_dags/example_branch_operator.py
[2026-03-13T22:53:51.282+0100] {processor.py:183} INFO - Processing /Users/harshasogala/financial-data-platform/venv/lib/python3.12/site-packages/airflow/example_dags/example_branch_operator.py took 0.062 seconds
[2026-03-13T22:55:20.528+0100] {processor.py:161} INFO - Started process (PID=72535) to work on /Users/harshasogala/financial-data-platform/venv/lib/python3.12/site-packages/airflow/example_dags/example_branch_operator.py
[2026-03-13T22:55:20.529+0100] {processor.py:830} INFO - Processing file /Users/harshasogala/financial-data-platform/venv/lib/python3.12/site-packages/airflow/example_dags/example_branch_operator.py for tasks to queue
[2026-03-13T22:55:20.529+0100] {logging_mixin.py:188} INFO - [2026-03-13T22:55:20.529+0100] {dagbag.py:545} INFO - Filling up the DagBag from /Users/harshasogala/financial-data-platform/venv/lib/python3.12/site-packages/airflow/example_dags/example_branch_operator.py
[2026-03-13T22:55:20.542+0100] {processor.py:842} WARNING - No viable dags retrieved from /Users/harshasogala/financial-data-platform/venv/lib/python3.12/site-packages/airflow/example_dags/example_branch_operator.py
[2026-03-13T22:55:20.585+0100] {processor.py:183} INFO - Processing /Users/harshasogala/financial-data-platform/venv/lib/python3.12/site-packages/airflow/example_dags/example_branch_operator.py took 0.059 seconds
[2026-03-13T22:56:40.494+0100] {processor.py:161} INFO - Started process (PID=72630) to work on /Users/harshasogala/financial-data-platform/venv/lib/python3.12/site-packages/airflow/example_dags/example_branch_operator.py
[2026-03-13T22:56:40.495+0100] {processor.py:830} INFO - Processing file /Users/harshasogala/financial-data-platform/venv/lib/python3.12/site-packages/airflow/example_dags/example_branch_operator.py for tasks to queue
[2026-03-13T22:56:40.496+0100] {logging_mixin.py:188} INFO - [2026-03-13T22:56:40.495+0100] {dagbag.py:545} INFO - Filling up the DagBag from /Users/harshasogala/financial-data-platform/venv/lib/python3.12/site-packages/airflow/example_dags/example_branch_operator.py
[2026-03-13T22:56:40.508+0100] {processor.py:842} WARNING - No viable dags retrieved from /Users/harshasogala/financial-data-platform/venv/lib/python3.12/site-packages/airflow/example_dags/example_branch_operator.py
[2026-03-13T22:56:40.551+0100] {processor.py:183} INFO - Processing /Users/harshasogala/financial-data-platform/venv/lib/python3.12/site-packages/airflow/example_dags/example_branch_operator.py took 0.059 seconds
[2026-03-13T22:57:59.564+0100] {processor.py:161} INFO - Started process (PID=72691) to work on /Users/harshasogala/financial-data-platform/venv/lib/python3.12/site-packages/airflow/example_dags/example_branch_operator.py
[2026-03-13T22:57:59.565+0100] {processor.py:830} INFO - Processing file /Users/harshasogala/financial-data-platform/venv/lib/python3.12/site-packages/airflow/example_dags/example_branch_operator.py for tasks to queue
[2026-03-13T22:57:59.566+0100] {logging_mixin.py:188} INFO - [2026-03-13T22:57:59.566+0100] {dagbag.py:545} INFO - Filling up the DagBag from /Users/harshasogala/financial-data-platform/venv/lib/python3.12/site-packages/airflow/example_dags/example_branch_operator.py
[2026-03-13T22:57:59.579+0100] {processor.py:842} WARNING - No viable dags retrieved from /Users/harshasogala/financial-data-platform/venv/lib/python3.12/site-packages/airflow/example_dags/example_branch_operator.py
[2026-03-13T22:57:59.625+0100] {processor.py:183} INFO - Processing /Users/harshasogala/financial-data-platform/venv/lib/python3.12/site-packages/airflow/example_dags/example_branch_operator.py took 0.063 seconds
[2026-03-13T22:59:22.565+0100] {processor.py:161} INFO - Started process (PID=72765) to work on /Users/harshasogala/financial-data-platform/venv/lib/python3.12/site-packages/airflow/example_dags/example_branch_operator.py
[2026-03-13T22:59:22.566+0100] {processor.py:830} INFO - Processing file /Users/harshasogala/financial-data-platform/venv/lib/python3.12/site-packages/airflow/example_dags/example_branch_operator.py for tasks to queue
[2026-03-13T22:59:22.566+0100] {logging_mixin.py:188} INFO - [2026-03-13T22:59:22.566+0100] {dagbag.py:545} INFO - Filling up the DagBag from /Users/harshasogala/financial-data-platform/venv/lib/python3.12/site-packages/airflow/example_dags/example_branch_operator.py
[2026-03-13T22:59:22.578+0100] {processor.py:842} WARNING - No viable dags retrieved from /Users/harshasogala/financial-data-platform/venv/lib/python3.12/site-packages/airflow/example_dags/example_branch_operator.py
[2026-03-13T22:59:22.621+0100] {processor.py:183} INFO - Processing /Users/harshasogala/financial-data-platform/venv/lib/python3.12/site-packages/airflow/example_dags/example_branch_operator.py took 0.058 seconds
[2026-03-13T23:00:39.489+0100] {processor.py:161} INFO - Started process (PID=72836) to work on /Users/harshasogala/financial-data-platform/venv/lib/python3.12/site-packages/airflow/example_dags/example_branch_operator.py
[2026-03-13T23:00:39.490+0100] {processor.py:830} INFO - Processing file /Users/harshasogala/financial-data-platform/venv/lib/python3.12/site-packages/airflow/example_dags/example_branch_operator.py for tasks to queue
[2026-03-13T23:00:39.491+0100] {logging_mixin.py:188} INFO - [2026-03-13T23:00:39.491+0100] {dagbag.py:545} INFO - Filling up the DagBag from /Users/harshasogala/financial-data-platform/venv/lib/python3.12/site-packages/airflow/example_dags/example_branch_operator.py
[2026-03-13T23:00:39.503+0100] {processor.py:842} WARNING - No viable dags retrieved from /Users/harshasogala/financial-data-platform/venv/lib/python3.12/site-packages/airflow/example_dags/example_branch_operator.py
[2026-03-13T23:00:39.550+0100] {processor.py:183} INFO - Processing /Users/harshasogala/financial-data-platform/venv/lib/python3.12/site-packages/airflow/example_dags/example_branch_operator.py took 0.063 seconds
[2026-03-13T23:02:00.522+0100] {processor.py:161} INFO - Started process (PID=72897) to work on /Users/harshasogala/financial-data-platform/venv/lib/python3.12/site-packages/airflow/example_dags/example_branch_operator.py
[2026-03-13T23:02:00.523+0100] {processor.py:830} INFO - Processing file /Users/harshasogala/financial-data-platform/venv/lib/python3.12/site-packages/airflow/example_dags/example_branch_operator.py for tasks to queue
[2026-03-13T23:02:00.524+0100] {logging_mixin.py:188} INFO - [2026-03-13T23:02:00.524+0100] {dagbag.py:545} INFO - Filling up the DagBag from /Users/harshasogala/financial-data-platform/venv/lib/python3.12/site-packages/airflow/example_dags/example_branch_operator.py
[2026-03-13T23:02:00.536+0100] {processor.py:842} WARNING - No viable dags retrieved from /Users/harshasogala/financial-data-platform/venv/lib/python3.12/site-packages/airflow/example_dags/example_branch_operator.py
[2026-03-13T23:02:00.580+0100] {processor.py:183} INFO - Processing /Users/harshasogala/financial-data-platform/venv/lib/python3.12/site-packages/airflow/example_dags/example_branch_operator.py took 0.059 seconds
[2026-03-13T23:03:19.167+0100] {processor.py:161} INFO - Started process (PID=72955) to work on /Users/harshasogala/financial-data-platform/venv/lib/python3.12/site-packages/airflow/example_dags/example_branch_operator.py
[2026-03-13T23:03:19.168+0100] {processor.py:830} INFO - Processing file /Users/harshasogala/financial-data-platform/venv/lib/python3.12/site-packages/airflow/example_dags/example_branch_operator.py for tasks to queue
[2026-03-13T23:03:19.169+0100] {logging_mixin.py:188} INFO - [2026-03-13T23:03:19.169+0100] {dagbag.py:545} INFO - Filling up the DagBag from /Users/harshasogala/financial-data-platform/venv/lib/python3.12/site-packages/airflow/example_dags/example_branch_operator.py
[2026-03-13T23:03:19.181+0100] {processor.py:842} WARNING - No viable dags retrieved from /Users/harshasogala/financial-data-platform/venv/lib/python3.12/site-packages/airflow/example_dags/example_branch_operator.py
[2026-03-13T23:03:19.225+0100] {processor.py:183} INFO - Processing /Users/harshasogala/financial-data-platform/venv/lib/python3.12/site-packages/airflow/example_dags/example_branch_operator.py took 0.059 seconds
[2026-03-13T23:04:36.911+0100] {processor.py:161} INFO - Started process (PID=73016) to work on /Users/harshasogala/financial-data-platform/venv/lib/python3.12/site-packages/airflow/example_dags/example_branch_operator.py
[2026-03-13T23:04:36.912+0100] {processor.py:830} INFO - Processing file /Users/harshasogala/financial-data-platform/venv/lib/python3.12/site-packages/airflow/example_dags/example_branch_operator.py for tasks to queue
[2026-03-13T23:04:36.913+0100] {logging_mixin.py:188} INFO - [2026-03-13T23:04:36.913+0100] {dagbag.py:545} INFO - Filling up the DagBag from /Users/harshasogala/financial-data-platform/venv/lib/python3.12/site-packages/airflow/example_dags/example_branch_operator.py
[2026-03-13T23:04:36.925+0100] {processor.py:842} WARNING - No viable dags retrieved from /Users/harshasogala/financial-data-platform/venv/lib/python3.12/site-packages/airflow/example_dags/example_branch_operator.py
[2026-03-13T23:04:36.968+0100] {processor.py:183} INFO - Processing /Users/harshasogala/financial-data-platform/venv/lib/python3.12/site-packages/airflow/example_dags/example_branch_operator.py took 0.059 seconds
[2026-03-13T23:05:53.600+0100] {processor.py:161} INFO - Started process (PID=73082) to work on /Users/harshasogala/financial-data-platform/venv/lib/python3.12/site-packages/airflow/example_dags/example_branch_operator.py
[2026-03-13T23:05:53.601+0100] {processor.py:830} INFO - Processing file /Users/harshasogala/financial-data-platform/venv/lib/python3.12/site-packages/airflow/example_dags/example_branch_operator.py for tasks to queue
[2026-03-13T23:05:53.601+0100] {logging_mixin.py:188} INFO - [2026-03-13T23:05:53.601+0100] {dagbag.py:545} INFO - Filling up the DagBag from /Users/harshasogala/financial-data-platform/venv/lib/python3.12/site-packages/airflow/example_dags/example_branch_operator.py
[2026-03-13T23:05:53.614+0100] {processor.py:842} WARNING - No viable dags retrieved from /Users/harshasogala/financial-data-platform/venv/lib/python3.12/site-packages/airflow/example_dags/example_branch_operator.py
[2026-03-13T23:05:53.657+0100] {processor.py:183} INFO - Processing /Users/harshasogala/financial-data-platform/venv/lib/python3.12/site-packages/airflow/example_dags/example_branch_operator.py took 0.059 seconds
[2026-03-13T23:07:15.654+0100] {processor.py:161} INFO - Started process (PID=73150) to work on /Users/harshasogala/financial-data-platform/venv/lib/python3.12/site-packages/airflow/example_dags/example_branch_operator.py
[2026-03-13T23:07:15.656+0100] {processor.py:830} INFO - Processing file /Users/harshasogala/financial-data-platform/venv/lib/python3.12/site-packages/airflow/example_dags/example_branch_operator.py for tasks to queue
[2026-03-13T23:07:15.656+0100] {logging_mixin.py:188} INFO - [2026-03-13T23:07:15.656+0100] {dagbag.py:545} INFO - Filling up the DagBag from /Users/harshasogala/financial-data-platform/venv/lib/python3.12/site-packages/airflow/example_dags/example_branch_operator.py
[2026-03-13T23:07:15.671+0100] {processor.py:842} WARNING - No viable dags retrieved from /Users/harshasogala/financial-data-platform/venv/lib/python3.12/site-packages/airflow/example_dags/example_branch_operator.py
[2026-03-13T23:07:15.714+0100] {processor.py:183} INFO - Processing /Users/harshasogala/financial-data-platform/venv/lib/python3.12/site-packages/airflow/example_dags/example_branch_operator.py took 0.062 seconds
[2026-03-13T23:08:33.476+0100] {processor.py:161} INFO - Started process (PID=73212) to work on /Users/harshasogala/financial-data-platform/venv/lib/python3.12/site-packages/airflow/example_dags/example_branch_operator.py
[2026-03-13T23:08:33.477+0100] {processor.py:830} INFO - Processing file /Users/harshasogala/financial-data-platform/venv/lib/python3.12/site-packages/airflow/example_dags/example_branch_operator.py for tasks to queue
[2026-03-13T23:08:33.477+0100] {logging_mixin.py:188} INFO - [2026-03-13T23:08:33.477+0100] {dagbag.py:545} INFO - Filling up the DagBag from /Users/harshasogala/financial-data-platform/venv/lib/python3.12/site-packages/airflow/example_dags/example_branch_operator.py
[2026-03-13T23:08:33.491+0100] {processor.py:842} WARNING - No viable dags retrieved from /Users/harshasogala/financial-data-platform/venv/lib/python3.12/site-packages/airflow/example_dags/example_branch_operator.py
[2026-03-13T23:08:33.539+0100] {processor.py:183} INFO - Processing /Users/harshasogala/financial-data-platform/venv/lib/python3.12/site-packages/airflow/example_dags/example_branch_operator.py took 0.067 seconds
[2026-03-13T23:09:45.487+0100] {processor.py:161} INFO - Started process (PID=73268) to work on /Users/harshasogala/financial-data-platform/venv/lib/python3.12/site-packages/airflow/example_dags/example_branch_operator.py
[2026-03-13T23:09:45.488+0100] {processor.py:830} INFO - Processing file /Users/harshasogala/financial-data-platform/venv/lib/python3.12/site-packages/airflow/example_dags/example_branch_operator.py for tasks to queue
[2026-03-13T23:09:45.488+0100] {logging_mixin.py:188} INFO - [2026-03-13T23:09:45.488+0100] {dagbag.py:545} INFO - Filling up the DagBag from /Users/harshasogala/financial-data-platform/venv/lib/python3.12/site-packages/airflow/example_dags/example_branch_operator.py
[2026-03-13T23:09:45.501+0100] {processor.py:842} WARNING - No viable dags retrieved from /Users/harshasogala/financial-data-platform/venv/lib/python3.12/site-packages/airflow/example_dags/example_branch_operator.py
[2026-03-13T23:09:45.546+0100] {processor.py:183} INFO - Processing /Users/harshasogala/financial-data-platform/venv/lib/python3.12/site-packages/airflow/example_dags/example_branch_operator.py took 0.061 seconds
[2026-03-13T23:10:58.702+0100] {processor.py:161} INFO - Started process (PID=73325) to work on /Users/harshasogala/financial-data-platform/venv/lib/python3.12/site-packages/airflow/example_dags/example_branch_operator.py
[2026-03-13T23:10:58.703+0100] {processor.py:830} INFO - Processing file /Users/harshasogala/financial-data-platform/venv/lib/python3.12/site-packages/airflow/example_dags/example_branch_operator.py for tasks to queue
[2026-03-13T23:10:58.703+0100] {logging_mixin.py:188} INFO - [2026-03-13T23:10:58.703+0100] {dagbag.py:545} INFO - Filling up the DagBag from /Users/harshasogala/financial-data-platform/venv/lib/python3.12/site-packages/airflow/example_dags/example_branch_operator.py
[2026-03-13T23:10:58.716+0100] {processor.py:842} WARNING - No viable dags retrieved from /Users/harshasogala/financial-data-platform/venv/lib/python3.12/site-packages/airflow/example_dags/example_branch_operator.py
[2026-03-13T23:10:58.759+0100] {processor.py:183} INFO - Processing /Users/harshasogala/financial-data-platform/venv/lib/python3.12/site-packages/airflow/example_dags/example_branch_operator.py took 0.059 seconds
[2026-03-13T23:12:12.132+0100] {processor.py:161} INFO - Started process (PID=73395) to work on /Users/harshasogala/financial-data-platform/venv/lib/python3.12/site-packages/airflow/example_dags/example_branch_operator.py
[2026-03-13T23:12:12.133+0100] {processor.py:830} INFO - Processing file /Users/harshasogala/financial-data-platform/venv/lib/python3.12/site-packages/airflow/example_dags/example_branch_operator.py for tasks to queue
[2026-03-13T23:12:12.134+0100] {logging_mixin.py:188} INFO - [2026-03-13T23:12:12.134+0100] {dagbag.py:545} INFO - Filling up the DagBag from /Users/harshasogala/financial-data-platform/venv/lib/python3.12/site-packages/airflow/example_dags/example_branch_operator.py
[2026-03-13T23:12:12.146+0100] {processor.py:842} WARNING - No viable dags retrieved from /Users/harshasogala/financial-data-platform/venv/lib/python3.12/site-packages/airflow/example_dags/example_branch_operator.py
[2026-03-13T23:12:12.191+0100] {processor.py:183} INFO - Processing /Users/harshasogala/financial-data-platform/venv/lib/python3.12/site-packages/airflow/example_dags/example_branch_operator.py took 0.060 seconds
[2026-03-13T23:13:28.096+0100] {processor.py:161} INFO - Started process (PID=73454) to work on /Users/harshasogala/financial-data-platform/venv/lib/python3.12/site-packages/airflow/example_dags/example_branch_operator.py
[2026-03-13T23:13:28.098+0100] {processor.py:830} INFO - Processing file /Users/harshasogala/financial-data-platform/venv/lib/python3.12/site-packages/airflow/example_dags/example_branch_operator.py for tasks to queue
[2026-03-13T23:13:28.098+0100] {logging_mixin.py:188} INFO - [2026-03-13T23:13:28.098+0100] {dagbag.py:545} INFO - Filling up the DagBag from /Users/harshasogala/financial-data-platform/venv/lib/python3.12/site-packages/airflow/example_dags/example_branch_operator.py
[2026-03-13T23:13:28.110+0100] {processor.py:842} WARNING - No viable dags retrieved from /Users/harshasogala/financial-data-platform/venv/lib/python3.12/site-packages/airflow/example_dags/example_branch_operator.py
[2026-03-13T23:13:28.153+0100] {processor.py:183} INFO - Processing /Users/harshasogala/financial-data-platform/venv/lib/python3.12/site-packages/airflow/example_dags/example_branch_operator.py took 0.059 seconds
[2026-03-13T23:14:41.460+0100] {processor.py:161} INFO - Started process (PID=73514) to work on /Users/harshasogala/financial-data-platform/venv/lib/python3.12/site-packages/airflow/example_dags/example_branch_operator.py
[2026-03-13T23:14:41.461+0100] {processor.py:830} INFO - Processing file /Users/harshasogala/financial-data-platform/venv/lib/python3.12/site-packages/airflow/example_dags/example_branch_operator.py for tasks to queue
[2026-03-13T23:14:41.461+0100] {logging_mixin.py:188} INFO - [2026-03-13T23:14:41.461+0100] {dagbag.py:545} INFO - Filling up the DagBag from /Users/harshasogala/financial-data-platform/venv/lib/python3.12/site-packages/airflow/example_dags/example_branch_operator.py
[2026-03-13T23:14:41.475+0100] {processor.py:842} WARNING - No viable dags retrieved from /Users/harshasogala/financial-data-platform/venv/lib/python3.12/site-packages/airflow/example_dags/example_branch_operator.py
[2026-03-13T23:14:41.522+0100] {processor.py:183} INFO - Processing /Users/harshasogala/financial-data-platform/venv/lib/python3.12/site-packages/airflow/example_dags/example_branch_operator.py took 0.065 seconds
[2026-03-13T23:15:56.539+0100] {processor.py:161} INFO - Started process (PID=73574) to work on /Users/harshasogala/financial-data-platform/venv/lib/python3.12/site-packages/airflow/example_dags/example_branch_operator.py
[2026-03-13T23:15:56.540+0100] {processor.py:830} INFO - Processing file /Users/harshasogala/financial-data-platform/venv/lib/python3.12/site-packages/airflow/example_dags/example_branch_operator.py for tasks to queue
[2026-03-13T23:15:56.541+0100] {logging_mixin.py:188} INFO - [2026-03-13T23:15:56.540+0100] {dagbag.py:545} INFO - Filling up the DagBag from /Users/harshasogala/financial-data-platform/venv/lib/python3.12/site-packages/airflow/example_dags/example_branch_operator.py
[2026-03-13T23:15:56.553+0100] {processor.py:842} WARNING - No viable dags retrieved from /Users/harshasogala/financial-data-platform/venv/lib/python3.12/site-packages/airflow/example_dags/example_branch_operator.py
[2026-03-13T23:15:56.597+0100] {processor.py:183} INFO - Processing /Users/harshasogala/financial-data-platform/venv/lib/python3.12/site-packages/airflow/example_dags/example_branch_operator.py took 0.060 seconds
[2026-03-13T23:17:11.558+0100] {processor.py:161} INFO - Started process (PID=73644) to work on /Users/harshasogala/financial-data-platform/venv/lib/python3.12/site-packages/airflow/example_dags/example_branch_operator.py
[2026-03-13T23:17:11.559+0100] {processor.py:830} INFO - Processing file /Users/harshasogala/financial-data-platform/venv/lib/python3.12/site-packages/airflow/example_dags/example_branch_operator.py for tasks to queue
[2026-03-13T23:17:11.559+0100] {logging_mixin.py:188} INFO - [2026-03-13T23:17:11.559+0100] {dagbag.py:545} INFO - Filling up the DagBag from /Users/harshasogala/financial-data-platform/venv/lib/python3.12/site-packages/airflow/example_dags/example_branch_operator.py
[2026-03-13T23:17:11.574+0100] {processor.py:842} WARNING - No viable dags retrieved from /Users/harshasogala/financial-data-platform/venv/lib/python3.12/site-packages/airflow/example_dags/example_branch_operator.py
[2026-03-13T23:17:11.617+0100] {processor.py:183} INFO - Processing /Users/harshasogala/financial-data-platform/venv/lib/python3.12/site-packages/airflow/example_dags/example_branch_operator.py took 0.061 seconds
[2026-03-13T23:18:29.074+0100] {processor.py:161} INFO - Started process (PID=73706) to work on /Users/harshasogala/financial-data-platform/venv/lib/python3.12/site-packages/airflow/example_dags/example_branch_operator.py
[2026-03-13T23:18:29.075+0100] {processor.py:830} INFO - Processing file /Users/harshasogala/financial-data-platform/venv/lib/python3.12/site-packages/airflow/example_dags/example_branch_operator.py for tasks to queue
[2026-03-13T23:18:29.075+0100] {logging_mixin.py:188} INFO - [2026-03-13T23:18:29.075+0100] {dagbag.py:545} INFO - Filling up the DagBag from /Users/harshasogala/financial-data-platform/venv/lib/python3.12/site-packages/airflow/example_dags/example_branch_operator.py
[2026-03-13T23:18:29.087+0100] {processor.py:842} WARNING - No viable dags retrieved from /Users/harshasogala/financial-data-platform/venv/lib/python3.12/site-packages/airflow/example_dags/example_branch_operator.py
[2026-03-13T23:18:29.131+0100] {processor.py:183} INFO - Processing /Users/harshasogala/financial-data-platform/venv/lib/python3.12/site-packages/airflow/example_dags/example_branch_operator.py took 0.058 seconds
[2026-03-13T23:19:44.913+0100] {processor.py:161} INFO - Started process (PID=73766) to work on /Users/harshasogala/financial-data-platform/venv/lib/python3.12/site-packages/airflow/example_dags/example_branch_operator.py
[2026-03-13T23:19:44.914+0100] {processor.py:830} INFO - Processing file /Users/harshasogala/financial-data-platform/venv/lib/python3.12/site-packages/airflow/example_dags/example_branch_operator.py for tasks to queue
[2026-03-13T23:19:44.914+0100] {logging_mixin.py:188} INFO - [2026-03-13T23:19:44.914+0100] {dagbag.py:545} INFO - Filling up the DagBag from /Users/harshasogala/financial-data-platform/venv/lib/python3.12/site-packages/airflow/example_dags/example_branch_operator.py
[2026-03-13T23:19:44.927+0100] {processor.py:842} WARNING - No viable dags retrieved from /Users/harshasogala/financial-data-platform/venv/lib/python3.12/site-packages/airflow/example_dags/example_branch_operator.py
[2026-03-13T23:19:44.971+0100] {processor.py:183} INFO - Processing /Users/harshasogala/financial-data-platform/venv/lib/python3.12/site-packages/airflow/example_dags/example_branch_operator.py took 0.060 seconds
[2026-03-13T23:21:03.080+0100] {processor.py:161} INFO - Started process (PID=73837) to work on /Users/harshasogala/financial-data-platform/venv/lib/python3.12/site-packages/airflow/example_dags/example_branch_operator.py
[2026-03-13T23:21:03.080+0100] {processor.py:830} INFO - Processing file /Users/harshasogala/financial-data-platform/venv/lib/python3.12/site-packages/airflow/example_dags/example_branch_operator.py for tasks to queue
[2026-03-13T23:21:03.081+0100] {logging_mixin.py:188} INFO - [2026-03-13T23:21:03.081+0100] {dagbag.py:545} INFO - Filling up the DagBag from /Users/harshasogala/financial-data-platform/venv/lib/python3.12/site-packages/airflow/example_dags/example_branch_operator.py
[2026-03-13T23:21:03.093+0100] {processor.py:842} WARNING - No viable dags retrieved from /Users/harshasogala/financial-data-platform/venv/lib/python3.12/site-packages/airflow/example_dags/example_branch_operator.py
[2026-03-13T23:21:03.136+0100] {processor.py:183} INFO - Processing /Users/harshasogala/financial-data-platform/venv/lib/python3.12/site-packages/airflow/example_dags/example_branch_operator.py took 0.058 seconds
[2026-03-13T23:22:16.129+0100] {processor.py:161} INFO - Started process (PID=73913) to work on /Users/harshasogala/financial-data-platform/venv/lib/python3.12/site-packages/airflow/example_dags/example_branch_operator.py
[2026-03-13T23:22:16.131+0100] {processor.py:830} INFO - Processing file /Users/harshasogala/financial-data-platform/venv/lib/python3.12/site-packages/airflow/example_dags/example_branch_operator.py for tasks to queue
[2026-03-13T23:22:16.131+0100] {logging_mixin.py:188} INFO - [2026-03-13T23:22:16.131+0100] {dagbag.py:545} INFO - Filling up the DagBag from /Users/harshasogala/financial-data-platform/venv/lib/python3.12/site-packages/airflow/example_dags/example_branch_operator.py
[2026-03-13T23:22:16.143+0100] {processor.py:842} WARNING - No viable dags retrieved from /Users/harshasogala/financial-data-platform/venv/lib/python3.12/site-packages/airflow/example_dags/example_branch_operator.py
[2026-03-13T23:22:16.187+0100] {processor.py:183} INFO - Processing /Users/harshasogala/financial-data-platform/venv/lib/python3.12/site-packages/airflow/example_dags/example_branch_operator.py took 0.059 seconds
[2026-03-13T23:23:31.413+0100] {processor.py:161} INFO - Started process (PID=73977) to work on /Users/harshasogala/financial-data-platform/venv/lib/python3.12/site-packages/airflow/example_dags/example_branch_operator.py
[2026-03-13T23:23:31.414+0100] {processor.py:830} INFO - Processing file /Users/harshasogala/financial-data-platform/venv/lib/python3.12/site-packages/airflow/example_dags/example_branch_operator.py for tasks to queue
[2026-03-13T23:23:31.415+0100] {logging_mixin.py:188} INFO - [2026-03-13T23:23:31.415+0100] {dagbag.py:545} INFO - Filling up the DagBag from /Users/harshasogala/financial-data-platform/venv/lib/python3.12/site-packages/airflow/example_dags/example_branch_operator.py
[2026-03-13T23:23:31.427+0100] {processor.py:842} WARNING - No viable dags retrieved from /Users/harshasogala/financial-data-platform/venv/lib/python3.12/site-packages/airflow/example_dags/example_branch_operator.py
[2026-03-13T23:23:31.488+0100] {processor.py:183} INFO - Processing /Users/harshasogala/financial-data-platform/venv/lib/python3.12/site-packages/airflow/example_dags/example_branch_operator.py took 0.076 seconds
[2026-03-13T23:24:45.644+0100] {processor.py:161} INFO - Started process (PID=74035) to work on /Users/harshasogala/financial-data-platform/venv/lib/python3.12/site-packages/airflow/example_dags/example_branch_operator.py
[2026-03-13T23:24:45.645+0100] {processor.py:830} INFO - Processing file /Users/harshasogala/financial-data-platform/venv/lib/python3.12/site-packages/airflow/example_dags/example_branch_operator.py for tasks to queue
[2026-03-13T23:24:45.645+0100] {logging_mixin.py:188} INFO - [2026-03-13T23:24:45.645+0100] {dagbag.py:545} INFO - Filling up the DagBag from /Users/harshasogala/financial-data-platform/venv/lib/python3.12/site-packages/airflow/example_dags/example_branch_operator.py
[2026-03-13T23:24:45.658+0100] {processor.py:842} WARNING - No viable dags retrieved from /Users/harshasogala/financial-data-platform/venv/lib/python3.12/site-packages/airflow/example_dags/example_branch_operator.py
[2026-03-13T23:24:45.702+0100] {processor.py:183} INFO - Processing /Users/harshasogala/financial-data-platform/venv/lib/python3.12/site-packages/airflow/example_dags/example_branch_operator.py took 0.059 seconds
[2026-03-13T23:26:04.528+0100] {processor.py:161} INFO - Started process (PID=74095) to work on /Users/harshasogala/financial-data-platform/venv/lib/python3.12/site-packages/airflow/example_dags/example_branch_operator.py
[2026-03-13T23:26:04.530+0100] {processor.py:830} INFO - Processing file /Users/harshasogala/financial-data-platform/venv/lib/python3.12/site-packages/airflow/example_dags/example_branch_operator.py for tasks to queue
[2026-03-13T23:26:04.530+0100] {logging_mixin.py:188} INFO - [2026-03-13T23:26:04.530+0100] {dagbag.py:545} INFO - Filling up the DagBag from /Users/harshasogala/financial-data-platform/venv/lib/python3.12/site-packages/airflow/example_dags/example_branch_operator.py
[2026-03-13T23:26:04.543+0100] {processor.py:842} WARNING - No viable dags retrieved from /Users/harshasogala/financial-data-platform/venv/lib/python3.12/site-packages/airflow/example_dags/example_branch_operator.py
[2026-03-13T23:26:04.585+0100] {processor.py:183} INFO - Processing /Users/harshasogala/financial-data-platform/venv/lib/python3.12/site-packages/airflow/example_dags/example_branch_operator.py took 0.059 seconds
[2026-03-13T23:27:18.691+0100] {processor.py:161} INFO - Started process (PID=74164) to work on /Users/harshasogala/financial-data-platform/venv/lib/python3.12/site-packages/airflow/example_dags/example_branch_operator.py
[2026-03-13T23:27:18.691+0100] {processor.py:830} INFO - Processing file /Users/harshasogala/financial-data-platform/venv/lib/python3.12/site-packages/airflow/example_dags/example_branch_operator.py for tasks to queue
[2026-03-13T23:27:18.692+0100] {logging_mixin.py:188} INFO - [2026-03-13T23:27:18.692+0100] {dagbag.py:545} INFO - Filling up the DagBag from /Users/harshasogala/financial-data-platform/venv/lib/python3.12/site-packages/airflow/example_dags/example_branch_operator.py
[2026-03-13T23:27:18.704+0100] {processor.py:842} WARNING - No viable dags retrieved from /Users/harshasogala/financial-data-platform/venv/lib/python3.12/site-packages/airflow/example_dags/example_branch_operator.py
[2026-03-13T23:27:18.747+0100] {processor.py:183} INFO - Processing /Users/harshasogala/financial-data-platform/venv/lib/python3.12/site-packages/airflow/example_dags/example_branch_operator.py took 0.058 seconds
[2026-03-13T23:28:39.475+0100] {processor.py:161} INFO - Started process (PID=74257) to work on /Users/harshasogala/financial-data-platform/venv/lib/python3.12/site-packages/airflow/example_dags/example_branch_operator.py
[2026-03-13T23:28:39.477+0100] {processor.py:830} INFO - Processing file /Users/harshasogala/financial-data-platform/venv/lib/python3.12/site-packages/airflow/example_dags/example_branch_operator.py for tasks to queue
[2026-03-13T23:28:39.479+0100] {logging_mixin.py:188} INFO - [2026-03-13T23:28:39.478+0100] {dagbag.py:545} INFO - Filling up the DagBag from /Users/harshasogala/financial-data-platform/venv/lib/python3.12/site-packages/airflow/example_dags/example_branch_operator.py
[2026-03-13T23:28:39.509+0100] {processor.py:842} WARNING - No viable dags retrieved from /Users/harshasogala/financial-data-platform/venv/lib/python3.12/site-packages/airflow/example_dags/example_branch_operator.py
[2026-03-13T23:28:39.568+0100] {processor.py:183} INFO - Processing /Users/harshasogala/financial-data-platform/venv/lib/python3.12/site-packages/airflow/example_dags/example_branch_operator.py took 0.098 seconds
[2026-03-13T23:29:52.934+0100] {processor.py:161} INFO - Started process (PID=74315) to work on /Users/harshasogala/financial-data-platform/venv/lib/python3.12/site-packages/airflow/example_dags/example_branch_operator.py
[2026-03-13T23:29:52.935+0100] {processor.py:830} INFO - Processing file /Users/harshasogala/financial-data-platform/venv/lib/python3.12/site-packages/airflow/example_dags/example_branch_operator.py for tasks to queue
[2026-03-13T23:29:52.935+0100] {logging_mixin.py:188} INFO - [2026-03-13T23:29:52.935+0100] {dagbag.py:545} INFO - Filling up the DagBag from /Users/harshasogala/financial-data-platform/venv/lib/python3.12/site-packages/airflow/example_dags/example_branch_operator.py
[2026-03-13T23:29:52.948+0100] {processor.py:842} WARNING - No viable dags retrieved from /Users/harshasogala/financial-data-platform/venv/lib/python3.12/site-packages/airflow/example_dags/example_branch_operator.py
[2026-03-13T23:29:52.991+0100] {processor.py:183} INFO - Processing /Users/harshasogala/financial-data-platform/venv/lib/python3.12/site-packages/airflow/example_dags/example_branch_operator.py took 0.058 seconds
[2026-03-13T23:31:12.657+0100] {processor.py:161} INFO - Started process (PID=74610) to work on /Users/harshasogala/financial-data-platform/venv/lib/python3.12/site-packages/airflow/example_dags/example_branch_operator.py
[2026-03-13T23:31:12.659+0100] {processor.py:830} INFO - Processing file /Users/harshasogala/financial-data-platform/venv/lib/python3.12/site-packages/airflow/example_dags/example_branch_operator.py for tasks to queue
[2026-03-13T23:31:12.659+0100] {logging_mixin.py:188} INFO - [2026-03-13T23:31:12.659+0100] {dagbag.py:545} INFO - Filling up the DagBag from /Users/harshasogala/financial-data-platform/venv/lib/python3.12/site-packages/airflow/example_dags/example_branch_operator.py
[2026-03-13T23:31:12.724+0100] {processor.py:842} WARNING - No viable dags retrieved from /Users/harshasogala/financial-data-platform/venv/lib/python3.12/site-packages/airflow/example_dags/example_branch_operator.py
[2026-03-13T23:31:12.791+0100] {processor.py:183} INFO - Processing /Users/harshasogala/financial-data-platform/venv/lib/python3.12/site-packages/airflow/example_dags/example_branch_operator.py took 0.148 seconds
[2026-03-13T23:32:28.548+0100] {processor.py:161} INFO - Started process (PID=74951) to work on /Users/harshasogala/financial-data-platform/venv/lib/python3.12/site-packages/airflow/example_dags/example_branch_operator.py
[2026-03-13T23:32:28.549+0100] {processor.py:830} INFO - Processing file /Users/harshasogala/financial-data-platform/venv/lib/python3.12/site-packages/airflow/example_dags/example_branch_operator.py for tasks to queue
[2026-03-13T23:32:28.549+0100] {logging_mixin.py:188} INFO - [2026-03-13T23:32:28.549+0100] {dagbag.py:545} INFO - Filling up the DagBag from /Users/harshasogala/financial-data-platform/venv/lib/python3.12/site-packages/airflow/example_dags/example_branch_operator.py
[2026-03-13T23:32:28.562+0100] {processor.py:842} WARNING - No viable dags retrieved from /Users/harshasogala/financial-data-platform/venv/lib/python3.12/site-packages/airflow/example_dags/example_branch_operator.py
[2026-03-13T23:32:28.607+0100] {processor.py:183} INFO - Processing /Users/harshasogala/financial-data-platform/venv/lib/python3.12/site-packages/airflow/example_dags/example_branch_operator.py took 0.061 seconds
