[2026-03-13T22:18:45.838+0100] {processor.py:161} INFO - Started process (PID=66024) to work on /Users/harshasogala/financial-data-platform/venv/lib/python3.12/site-packages/airflow/example_dags/example_nested_branch_dag.py
[2026-03-13T22:18:45.838+0100] {processor.py:830} INFO - Processing file /Users/harshasogala/financial-data-platform/venv/lib/python3.12/site-packages/airflow/example_dags/example_nested_branch_dag.py for tasks to queue
[2026-03-13T22:18:45.839+0100] {logging_mixin.py:188} INFO - [2026-03-13T22:18:45.839+0100] {dagbag.py:545} INFO - Filling up the DagBag from /Users/harshasogala/financial-data-platform/venv/lib/python3.12/site-packages/airflow/example_dags/example_nested_branch_dag.py
[2026-03-13T22:18:45.865+0100] {processor.py:840} INFO - DAG(s) 'example_nested_branch_dag' retrieved from /Users/harshasogala/financial-data-platform/venv/lib/python3.12/site-packages/airflow/example_dags/example_nested_branch_dag.py
[2026-03-13T22:18:45.966+0100] {logging_mixin.py:188} INFO - [2026-03-13T22:18:45.966+0100] {override.py:1858} INFO - Created Permission View: can read on DAG:example_nested_branch_dag
[2026-03-13T22:18:45.971+0100] {logging_mixin.py:188} INFO - [2026-03-13T22:18:45.971+0100] {override.py:1858} INFO - Created Permission View: can delete on DAG:example_nested_branch_dag
[2026-03-13T22:18:45.974+0100] {logging_mixin.py:188} INFO - [2026-03-13T22:18:45.974+0100] {override.py:1858} INFO - Created Permission View: can edit on DAG:example_nested_branch_dag
[2026-03-13T22:18:45.974+0100] {logging_mixin.py:188} INFO - [2026-03-13T22:18:45.974+0100] {dag.py:3089} INFO - Sync 1 DAGs
[2026-03-13T22:18:45.980+0100] {logging_mixin.py:188} INFO - [2026-03-13T22:18:45.980+0100] {dag.py:3111} INFO - Creating ORM DAG for example_nested_branch_dag
[2026-03-13T22:18:45.985+0100] {logging_mixin.py:188} INFO - [2026-03-13T22:18:45.985+0100] {dag.py:3947} INFO - Setting next_dagrun for example_nested_branch_dag to 2026-03-12 00:00:00+00:00, run_after=2026-03-13 00:00:00+00:00
[2026-03-13T22:18:46.031+0100] {processor.py:183} INFO - Processing /Users/harshasogala/financial-data-platform/venv/lib/python3.12/site-packages/airflow/example_dags/example_nested_branch_dag.py took 0.195 seconds
[2026-03-13T22:20:33.763+0100] {processor.py:161} INFO - Started process (PID=66099) to work on /Users/harshasogala/financial-data-platform/venv/lib/python3.12/site-packages/airflow/example_dags/example_nested_branch_dag.py
[2026-03-13T22:20:33.764+0100] {processor.py:830} INFO - Processing file /Users/harshasogala/financial-data-platform/venv/lib/python3.12/site-packages/airflow/example_dags/example_nested_branch_dag.py for tasks to queue
[2026-03-13T22:20:33.764+0100] {logging_mixin.py:188} INFO - [2026-03-13T22:20:33.764+0100] {dagbag.py:545} INFO - Filling up the DagBag from /Users/harshasogala/financial-data-platform/venv/lib/python3.12/site-packages/airflow/example_dags/example_nested_branch_dag.py
[2026-03-13T22:20:33.793+0100] {processor.py:840} INFO - DAG(s) 'example_nested_branch_dag' retrieved from /Users/harshasogala/financial-data-platform/venv/lib/python3.12/site-packages/airflow/example_dags/example_nested_branch_dag.py
[2026-03-13T22:20:33.856+0100] {logging_mixin.py:188} INFO - [2026-03-13T22:20:33.856+0100] {dag.py:3089} INFO - Sync 1 DAGs
[2026-03-13T22:20:33.867+0100] {logging_mixin.py:188} INFO - [2026-03-13T22:20:33.866+0100] {dag.py:3947} INFO - Setting next_dagrun for example_nested_branch_dag to 2026-03-12 00:00:00+00:00, run_after=2026-03-13 00:00:00+00:00
[2026-03-13T22:20:33.878+0100] {processor.py:183} INFO - Processing /Users/harshasogala/financial-data-platform/venv/lib/python3.12/site-packages/airflow/example_dags/example_nested_branch_dag.py took 0.117 seconds
[2026-03-13T22:28:33.796+0100] {processor.py:161} INFO - Started process (PID=67337) to work on /Users/harshasogala/financial-data-platform/venv/lib/python3.12/site-packages/airflow/example_dags/example_nested_branch_dag.py
[2026-03-13T22:28:33.797+0100] {processor.py:830} INFO - Processing file /Users/harshasogala/financial-data-platform/venv/lib/python3.12/site-packages/airflow/example_dags/example_nested_branch_dag.py for tasks to queue
[2026-03-13T22:28:33.797+0100] {logging_mixin.py:188} INFO - [2026-03-13T22:28:33.797+0100] {dagbag.py:545} INFO - Filling up the DagBag from /Users/harshasogala/financial-data-platform/venv/lib/python3.12/site-packages/airflow/example_dags/example_nested_branch_dag.py
[2026-03-13T22:28:33.823+0100] {processor.py:840} INFO - DAG(s) 'example_nested_branch_dag' retrieved from /Users/harshasogala/financial-data-platform/venv/lib/python3.12/site-packages/airflow/example_dags/example_nested_branch_dag.py
[2026-03-13T22:28:33.879+0100] {logging_mixin.py:188} INFO - [2026-03-13T22:28:33.879+0100] {dag.py:3089} INFO - Sync 1 DAGs
[2026-03-13T22:28:33.889+0100] {logging_mixin.py:188} INFO - [2026-03-13T22:28:33.889+0100] {dag.py:3947} INFO - Setting next_dagrun for example_nested_branch_dag to 2026-03-12 00:00:00+00:00, run_after=2026-03-13 00:00:00+00:00
[2026-03-13T22:28:33.901+0100] {processor.py:183} INFO - Processing /Users/harshasogala/financial-data-platform/venv/lib/python3.12/site-packages/airflow/example_dags/example_nested_branch_dag.py took 0.106 seconds
[2026-03-13T22:29:39.462+0100] {processor.py:161} INFO - Started process (PID=67460) to work on /Users/harshasogala/financial-data-platform/venv/lib/python3.12/site-packages/airflow/example_dags/example_nested_branch_dag.py
[2026-03-13T22:29:39.462+0100] {processor.py:830} INFO - Processing file /Users/harshasogala/financial-data-platform/venv/lib/python3.12/site-packages/airflow/example_dags/example_nested_branch_dag.py for tasks to queue
[2026-03-13T22:29:39.463+0100] {logging_mixin.py:188} INFO - [2026-03-13T22:29:39.463+0100] {dagbag.py:545} INFO - Filling up the DagBag from /Users/harshasogala/financial-data-platform/venv/lib/python3.12/site-packages/airflow/example_dags/example_nested_branch_dag.py
[2026-03-13T22:29:39.489+0100] {processor.py:840} INFO - DAG(s) 'example_nested_branch_dag' retrieved from /Users/harshasogala/financial-data-platform/venv/lib/python3.12/site-packages/airflow/example_dags/example_nested_branch_dag.py
[2026-03-13T22:29:39.545+0100] {logging_mixin.py:188} INFO - [2026-03-13T22:29:39.545+0100] {dag.py:3089} INFO - Sync 1 DAGs
[2026-03-13T22:29:39.555+0100] {logging_mixin.py:188} INFO - [2026-03-13T22:29:39.555+0100] {dag.py:3947} INFO - Setting next_dagrun for example_nested_branch_dag to 2026-03-12 00:00:00+00:00, run_after=2026-03-13 00:00:00+00:00
[2026-03-13T22:29:39.566+0100] {processor.py:183} INFO - Processing /Users/harshasogala/financial-data-platform/venv/lib/python3.12/site-packages/airflow/example_dags/example_nested_branch_dag.py took 0.106 seconds
[2026-03-13T22:30:46.584+0100] {processor.py:161} INFO - Started process (PID=67530) to work on /Users/harshasogala/financial-data-platform/venv/lib/python3.12/site-packages/airflow/example_dags/example_nested_branch_dag.py
[2026-03-13T22:30:46.585+0100] {processor.py:830} INFO - Processing file /Users/harshasogala/financial-data-platform/venv/lib/python3.12/site-packages/airflow/example_dags/example_nested_branch_dag.py for tasks to queue
[2026-03-13T22:30:46.586+0100] {logging_mixin.py:188} INFO - [2026-03-13T22:30:46.586+0100] {dagbag.py:545} INFO - Filling up the DagBag from /Users/harshasogala/financial-data-platform/venv/lib/python3.12/site-packages/airflow/example_dags/example_nested_branch_dag.py
[2026-03-13T22:30:46.611+0100] {processor.py:840} INFO - DAG(s) 'example_nested_branch_dag' retrieved from /Users/harshasogala/financial-data-platform/venv/lib/python3.12/site-packages/airflow/example_dags/example_nested_branch_dag.py
[2026-03-13T22:30:46.667+0100] {logging_mixin.py:188} INFO - [2026-03-13T22:30:46.667+0100] {dag.py:3089} INFO - Sync 1 DAGs
[2026-03-13T22:30:46.677+0100] {logging_mixin.py:188} INFO - [2026-03-13T22:30:46.677+0100] {dag.py:3947} INFO - Setting next_dagrun for example_nested_branch_dag to 2026-03-12 00:00:00+00:00, run_after=2026-03-13 00:00:00+00:00
[2026-03-13T22:30:46.688+0100] {processor.py:183} INFO - Processing /Users/harshasogala/financial-data-platform/venv/lib/python3.12/site-packages/airflow/example_dags/example_nested_branch_dag.py took 0.106 seconds
[2026-03-13T22:32:08.432+0100] {processor.py:161} INFO - Started process (PID=68424) to work on /Users/harshasogala/financial-data-platform/venv/lib/python3.12/site-packages/airflow/example_dags/example_nested_branch_dag.py
[2026-03-13T22:32:08.433+0100] {processor.py:830} INFO - Processing file /Users/harshasogala/financial-data-platform/venv/lib/python3.12/site-packages/airflow/example_dags/example_nested_branch_dag.py for tasks to queue
[2026-03-13T22:32:08.434+0100] {logging_mixin.py:188} INFO - [2026-03-13T22:32:08.434+0100] {dagbag.py:545} INFO - Filling up the DagBag from /Users/harshasogala/financial-data-platform/venv/lib/python3.12/site-packages/airflow/example_dags/example_nested_branch_dag.py
[2026-03-13T22:32:08.459+0100] {processor.py:840} INFO - DAG(s) 'example_nested_branch_dag' retrieved from /Users/harshasogala/financial-data-platform/venv/lib/python3.12/site-packages/airflow/example_dags/example_nested_branch_dag.py
[2026-03-13T22:32:08.513+0100] {logging_mixin.py:188} INFO - [2026-03-13T22:32:08.513+0100] {dag.py:3089} INFO - Sync 1 DAGs
[2026-03-13T22:32:08.556+0100] {logging_mixin.py:188} INFO - [2026-03-13T22:32:08.556+0100] {dag.py:3947} INFO - Setting next_dagrun for example_nested_branch_dag to 2026-03-12 00:00:00+00:00, run_after=2026-03-13 00:00:00+00:00
[2026-03-13T22:32:08.567+0100] {processor.py:183} INFO - Processing /Users/harshasogala/financial-data-platform/venv/lib/python3.12/site-packages/airflow/example_dags/example_nested_branch_dag.py took 0.137 seconds
[2026-03-13T22:33:31.892+0100] {processor.py:161} INFO - Started process (PID=69143) to work on /Users/harshasogala/financial-data-platform/venv/lib/python3.12/site-packages/airflow/example_dags/example_nested_branch_dag.py
[2026-03-13T22:33:31.893+0100] {processor.py:830} INFO - Processing file /Users/harshasogala/financial-data-platform/venv/lib/python3.12/site-packages/airflow/example_dags/example_nested_branch_dag.py for tasks to queue
[2026-03-13T22:33:31.894+0100] {logging_mixin.py:188} INFO - [2026-03-13T22:33:31.893+0100] {dagbag.py:545} INFO - Filling up the DagBag from /Users/harshasogala/financial-data-platform/venv/lib/python3.12/site-packages/airflow/example_dags/example_nested_branch_dag.py
[2026-03-13T22:33:31.919+0100] {processor.py:840} INFO - DAG(s) 'example_nested_branch_dag' retrieved from /Users/harshasogala/financial-data-platform/venv/lib/python3.12/site-packages/airflow/example_dags/example_nested_branch_dag.py
[2026-03-13T22:33:31.977+0100] {logging_mixin.py:188} INFO - [2026-03-13T22:33:31.977+0100] {dag.py:3089} INFO - Sync 1 DAGs
[2026-03-13T22:33:32.023+0100] {logging_mixin.py:188} INFO - [2026-03-13T22:33:32.023+0100] {dag.py:3947} INFO - Setting next_dagrun for example_nested_branch_dag to 2026-03-12 00:00:00+00:00, run_after=2026-03-13 00:00:00+00:00
[2026-03-13T22:33:32.035+0100] {processor.py:183} INFO - Processing /Users/harshasogala/financial-data-platform/venv/lib/python3.12/site-packages/airflow/example_dags/example_nested_branch_dag.py took 0.145 seconds
[2026-03-13T22:34:50.593+0100] {processor.py:161} INFO - Started process (PID=69208) to work on /Users/harshasogala/financial-data-platform/venv/lib/python3.12/site-packages/airflow/example_dags/example_nested_branch_dag.py
[2026-03-13T22:34:50.594+0100] {processor.py:830} INFO - Processing file /Users/harshasogala/financial-data-platform/venv/lib/python3.12/site-packages/airflow/example_dags/example_nested_branch_dag.py for tasks to queue
[2026-03-13T22:34:50.594+0100] {logging_mixin.py:188} INFO - [2026-03-13T22:34:50.594+0100] {dagbag.py:545} INFO - Filling up the DagBag from /Users/harshasogala/financial-data-platform/venv/lib/python3.12/site-packages/airflow/example_dags/example_nested_branch_dag.py
[2026-03-13T22:34:50.620+0100] {processor.py:840} INFO - DAG(s) 'example_nested_branch_dag' retrieved from /Users/harshasogala/financial-data-platform/venv/lib/python3.12/site-packages/airflow/example_dags/example_nested_branch_dag.py
[2026-03-13T22:34:50.675+0100] {logging_mixin.py:188} INFO - [2026-03-13T22:34:50.675+0100] {dag.py:3089} INFO - Sync 1 DAGs
[2026-03-13T22:34:50.721+0100] {logging_mixin.py:188} INFO - [2026-03-13T22:34:50.721+0100] {dag.py:3947} INFO - Setting next_dagrun for example_nested_branch_dag to 2026-03-12 00:00:00+00:00, run_after=2026-03-13 00:00:00+00:00
[2026-03-13T22:34:50.732+0100] {processor.py:183} INFO - Processing /Users/harshasogala/financial-data-platform/venv/lib/python3.12/site-packages/airflow/example_dags/example_nested_branch_dag.py took 0.140 seconds
[2026-03-13T22:36:06.145+0100] {processor.py:161} INFO - Started process (PID=69287) to work on /Users/harshasogala/financial-data-platform/venv/lib/python3.12/site-packages/airflow/example_dags/example_nested_branch_dag.py
[2026-03-13T22:36:06.146+0100] {processor.py:830} INFO - Processing file /Users/harshasogala/financial-data-platform/venv/lib/python3.12/site-packages/airflow/example_dags/example_nested_branch_dag.py for tasks to queue
[2026-03-13T22:36:06.147+0100] {logging_mixin.py:188} INFO - [2026-03-13T22:36:06.146+0100] {dagbag.py:545} INFO - Filling up the DagBag from /Users/harshasogala/financial-data-platform/venv/lib/python3.12/site-packages/airflow/example_dags/example_nested_branch_dag.py
[2026-03-13T22:36:06.171+0100] {processor.py:840} INFO - DAG(s) 'example_nested_branch_dag' retrieved from /Users/harshasogala/financial-data-platform/venv/lib/python3.12/site-packages/airflow/example_dags/example_nested_branch_dag.py
[2026-03-13T22:36:06.225+0100] {logging_mixin.py:188} INFO - [2026-03-13T22:36:06.225+0100] {dag.py:3089} INFO - Sync 1 DAGs
[2026-03-13T22:36:06.268+0100] {logging_mixin.py:188} INFO - [2026-03-13T22:36:06.268+0100] {dag.py:3947} INFO - Setting next_dagrun for example_nested_branch_dag to 2026-03-12 00:00:00+00:00, run_after=2026-03-13 00:00:00+00:00
[2026-03-13T22:36:06.279+0100] {processor.py:183} INFO - Processing /Users/harshasogala/financial-data-platform/venv/lib/python3.12/site-packages/airflow/example_dags/example_nested_branch_dag.py took 0.136 seconds
[2026-03-13T22:37:19.899+0100] {processor.py:161} INFO - Started process (PID=69345) to work on /Users/harshasogala/financial-data-platform/venv/lib/python3.12/site-packages/airflow/example_dags/example_nested_branch_dag.py
[2026-03-13T22:37:19.900+0100] {processor.py:830} INFO - Processing file /Users/harshasogala/financial-data-platform/venv/lib/python3.12/site-packages/airflow/example_dags/example_nested_branch_dag.py for tasks to queue
[2026-03-13T22:37:19.901+0100] {logging_mixin.py:188} INFO - [2026-03-13T22:37:19.900+0100] {dagbag.py:545} INFO - Filling up the DagBag from /Users/harshasogala/financial-data-platform/venv/lib/python3.12/site-packages/airflow/example_dags/example_nested_branch_dag.py
[2026-03-13T22:37:19.926+0100] {processor.py:840} INFO - DAG(s) 'example_nested_branch_dag' retrieved from /Users/harshasogala/financial-data-platform/venv/lib/python3.12/site-packages/airflow/example_dags/example_nested_branch_dag.py
[2026-03-13T22:37:19.982+0100] {logging_mixin.py:188} INFO - [2026-03-13T22:37:19.981+0100] {dag.py:3089} INFO - Sync 1 DAGs
[2026-03-13T22:37:20.029+0100] {logging_mixin.py:188} INFO - [2026-03-13T22:37:20.029+0100] {dag.py:3947} INFO - Setting next_dagrun for example_nested_branch_dag to 2026-03-12 00:00:00+00:00, run_after=2026-03-13 00:00:00+00:00
[2026-03-13T22:37:20.040+0100] {processor.py:183} INFO - Processing /Users/harshasogala/financial-data-platform/venv/lib/python3.12/site-packages/airflow/example_dags/example_nested_branch_dag.py took 0.142 seconds
[2026-03-13T22:38:34.362+0100] {processor.py:161} INFO - Started process (PID=69406) to work on /Users/harshasogala/financial-data-platform/venv/lib/python3.12/site-packages/airflow/example_dags/example_nested_branch_dag.py
[2026-03-13T22:38:34.364+0100] {processor.py:830} INFO - Processing file /Users/harshasogala/financial-data-platform/venv/lib/python3.12/site-packages/airflow/example_dags/example_nested_branch_dag.py for tasks to queue
[2026-03-13T22:38:34.364+0100] {logging_mixin.py:188} INFO - [2026-03-13T22:38:34.364+0100] {dagbag.py:545} INFO - Filling up the DagBag from /Users/harshasogala/financial-data-platform/venv/lib/python3.12/site-packages/airflow/example_dags/example_nested_branch_dag.py
[2026-03-13T22:38:34.389+0100] {processor.py:840} INFO - DAG(s) 'example_nested_branch_dag' retrieved from /Users/harshasogala/financial-data-platform/venv/lib/python3.12/site-packages/airflow/example_dags/example_nested_branch_dag.py
[2026-03-13T22:38:34.447+0100] {logging_mixin.py:188} INFO - [2026-03-13T22:38:34.447+0100] {dag.py:3089} INFO - Sync 1 DAGs
[2026-03-13T22:38:34.494+0100] {logging_mixin.py:188} INFO - [2026-03-13T22:38:34.494+0100] {dag.py:3947} INFO - Setting next_dagrun for example_nested_branch_dag to 2026-03-12 00:00:00+00:00, run_after=2026-03-13 00:00:00+00:00
[2026-03-13T22:38:34.505+0100] {processor.py:183} INFO - Processing /Users/harshasogala/financial-data-platform/venv/lib/python3.12/site-packages/airflow/example_dags/example_nested_branch_dag.py took 0.145 seconds
[2026-03-13T22:39:48.214+0100] {processor.py:161} INFO - Started process (PID=69627) to work on /Users/harshasogala/financial-data-platform/venv/lib/python3.12/site-packages/airflow/example_dags/example_nested_branch_dag.py
[2026-03-13T22:39:48.215+0100] {processor.py:830} INFO - Processing file /Users/harshasogala/financial-data-platform/venv/lib/python3.12/site-packages/airflow/example_dags/example_nested_branch_dag.py for tasks to queue
[2026-03-13T22:39:48.215+0100] {logging_mixin.py:188} INFO - [2026-03-13T22:39:48.215+0100] {dagbag.py:545} INFO - Filling up the DagBag from /Users/harshasogala/financial-data-platform/venv/lib/python3.12/site-packages/airflow/example_dags/example_nested_branch_dag.py
[2026-03-13T22:39:48.241+0100] {processor.py:840} INFO - DAG(s) 'example_nested_branch_dag' retrieved from /Users/harshasogala/financial-data-platform/venv/lib/python3.12/site-packages/airflow/example_dags/example_nested_branch_dag.py
[2026-03-13T22:39:48.297+0100] {logging_mixin.py:188} INFO - [2026-03-13T22:39:48.297+0100] {dag.py:3089} INFO - Sync 1 DAGs
[2026-03-13T22:39:48.341+0100] {logging_mixin.py:188} INFO - [2026-03-13T22:39:48.341+0100] {dag.py:3947} INFO - Setting next_dagrun for example_nested_branch_dag to 2026-03-12 00:00:00+00:00, run_after=2026-03-13 00:00:00+00:00
[2026-03-13T22:39:48.353+0100] {processor.py:183} INFO - Processing /Users/harshasogala/financial-data-platform/venv/lib/python3.12/site-packages/airflow/example_dags/example_nested_branch_dag.py took 0.141 seconds
[2026-03-13T22:41:12.100+0100] {processor.py:161} INFO - Started process (PID=69693) to work on /Users/harshasogala/financial-data-platform/venv/lib/python3.12/site-packages/airflow/example_dags/example_nested_branch_dag.py
[2026-03-13T22:41:12.101+0100] {processor.py:830} INFO - Processing file /Users/harshasogala/financial-data-platform/venv/lib/python3.12/site-packages/airflow/example_dags/example_nested_branch_dag.py for tasks to queue
[2026-03-13T22:41:12.101+0100] {logging_mixin.py:188} INFO - [2026-03-13T22:41:12.101+0100] {dagbag.py:545} INFO - Filling up the DagBag from /Users/harshasogala/financial-data-platform/venv/lib/python3.12/site-packages/airflow/example_dags/example_nested_branch_dag.py
[2026-03-13T22:41:12.126+0100] {processor.py:840} INFO - DAG(s) 'example_nested_branch_dag' retrieved from /Users/harshasogala/financial-data-platform/venv/lib/python3.12/site-packages/airflow/example_dags/example_nested_branch_dag.py
[2026-03-13T22:41:12.181+0100] {logging_mixin.py:188} INFO - [2026-03-13T22:41:12.181+0100] {dag.py:3089} INFO - Sync 1 DAGs
[2026-03-13T22:41:12.225+0100] {logging_mixin.py:188} INFO - [2026-03-13T22:41:12.225+0100] {dag.py:3947} INFO - Setting next_dagrun for example_nested_branch_dag to 2026-03-12 00:00:00+00:00, run_after=2026-03-13 00:00:00+00:00
[2026-03-13T22:41:12.236+0100] {processor.py:183} INFO - Processing /Users/harshasogala/financial-data-platform/venv/lib/python3.12/site-packages/airflow/example_dags/example_nested_branch_dag.py took 0.138 seconds
[2026-03-13T22:42:29.926+0100] {processor.py:161} INFO - Started process (PID=69752) to work on /Users/harshasogala/financial-data-platform/venv/lib/python3.12/site-packages/airflow/example_dags/example_nested_branch_dag.py
[2026-03-13T22:42:29.926+0100] {processor.py:830} INFO - Processing file /Users/harshasogala/financial-data-platform/venv/lib/python3.12/site-packages/airflow/example_dags/example_nested_branch_dag.py for tasks to queue
[2026-03-13T22:42:29.927+0100] {logging_mixin.py:188} INFO - [2026-03-13T22:42:29.927+0100] {dagbag.py:545} INFO - Filling up the DagBag from /Users/harshasogala/financial-data-platform/venv/lib/python3.12/site-packages/airflow/example_dags/example_nested_branch_dag.py
[2026-03-13T22:42:29.952+0100] {processor.py:840} INFO - DAG(s) 'example_nested_branch_dag' retrieved from /Users/harshasogala/financial-data-platform/venv/lib/python3.12/site-packages/airflow/example_dags/example_nested_branch_dag.py
[2026-03-13T22:42:30.007+0100] {logging_mixin.py:188} INFO - [2026-03-13T22:42:30.007+0100] {dag.py:3089} INFO - Sync 1 DAGs
[2026-03-13T22:42:30.050+0100] {logging_mixin.py:188} INFO - [2026-03-13T22:42:30.050+0100] {dag.py:3947} INFO - Setting next_dagrun for example_nested_branch_dag to 2026-03-12 00:00:00+00:00, run_after=2026-03-13 00:00:00+00:00
[2026-03-13T22:42:30.061+0100] {processor.py:183} INFO - Processing /Users/harshasogala/financial-data-platform/venv/lib/python3.12/site-packages/airflow/example_dags/example_nested_branch_dag.py took 0.137 seconds
[2026-03-13T22:43:49.457+0100] {processor.py:161} INFO - Started process (PID=69830) to work on /Users/harshasogala/financial-data-platform/venv/lib/python3.12/site-packages/airflow/example_dags/example_nested_branch_dag.py
[2026-03-13T22:43:49.458+0100] {processor.py:830} INFO - Processing file /Users/harshasogala/financial-data-platform/venv/lib/python3.12/site-packages/airflow/example_dags/example_nested_branch_dag.py for tasks to queue
[2026-03-13T22:43:49.459+0100] {logging_mixin.py:188} INFO - [2026-03-13T22:43:49.459+0100] {dagbag.py:545} INFO - Filling up the DagBag from /Users/harshasogala/financial-data-platform/venv/lib/python3.12/site-packages/airflow/example_dags/example_nested_branch_dag.py
[2026-03-13T22:43:49.483+0100] {processor.py:840} INFO - DAG(s) 'example_nested_branch_dag' retrieved from /Users/harshasogala/financial-data-platform/venv/lib/python3.12/site-packages/airflow/example_dags/example_nested_branch_dag.py
[2026-03-13T22:43:49.537+0100] {logging_mixin.py:188} INFO - [2026-03-13T22:43:49.536+0100] {dag.py:3089} INFO - Sync 1 DAGs
[2026-03-13T22:43:49.580+0100] {logging_mixin.py:188} INFO - [2026-03-13T22:43:49.580+0100] {dag.py:3947} INFO - Setting next_dagrun for example_nested_branch_dag to 2026-03-12 00:00:00+00:00, run_after=2026-03-13 00:00:00+00:00
[2026-03-13T22:43:49.590+0100] {processor.py:183} INFO - Processing /Users/harshasogala/financial-data-platform/venv/lib/python3.12/site-packages/airflow/example_dags/example_nested_branch_dag.py took 0.135 seconds
[2026-03-13T22:45:16.117+0100] {processor.py:161} INFO - Started process (PID=70204) to work on /Users/harshasogala/financial-data-platform/venv/lib/python3.12/site-packages/airflow/example_dags/example_nested_branch_dag.py
[2026-03-13T22:45:16.119+0100] {processor.py:830} INFO - Processing file /Users/harshasogala/financial-data-platform/venv/lib/python3.12/site-packages/airflow/example_dags/example_nested_branch_dag.py for tasks to queue
[2026-03-13T22:45:16.119+0100] {logging_mixin.py:188} INFO - [2026-03-13T22:45:16.119+0100] {dagbag.py:545} INFO - Filling up the DagBag from /Users/harshasogala/financial-data-platform/venv/lib/python3.12/site-packages/airflow/example_dags/example_nested_branch_dag.py
[2026-03-13T22:45:16.171+0100] {processor.py:840} INFO - DAG(s) 'example_nested_branch_dag' retrieved from /Users/harshasogala/financial-data-platform/venv/lib/python3.12/site-packages/airflow/example_dags/example_nested_branch_dag.py
[2026-03-13T22:45:16.261+0100] {logging_mixin.py:188} INFO - [2026-03-13T22:45:16.261+0100] {dag.py:3089} INFO - Sync 1 DAGs
[2026-03-13T22:45:16.318+0100] {logging_mixin.py:188} INFO - [2026-03-13T22:45:16.317+0100] {dag.py:3947} INFO - Setting next_dagrun for example_nested_branch_dag to 2026-03-12 00:00:00+00:00, run_after=2026-03-13 00:00:00+00:00
[2026-03-13T22:45:16.336+0100] {processor.py:183} INFO - Processing /Users/harshasogala/financial-data-platform/venv/lib/python3.12/site-packages/airflow/example_dags/example_nested_branch_dag.py took 0.223 seconds
[2026-03-13T22:46:45.520+0100] {processor.py:161} INFO - Started process (PID=70602) to work on /Users/harshasogala/financial-data-platform/venv/lib/python3.12/site-packages/airflow/example_dags/example_nested_branch_dag.py
[2026-03-13T22:46:45.521+0100] {processor.py:830} INFO - Processing file /Users/harshasogala/financial-data-platform/venv/lib/python3.12/site-packages/airflow/example_dags/example_nested_branch_dag.py for tasks to queue
[2026-03-13T22:46:45.522+0100] {logging_mixin.py:188} INFO - [2026-03-13T22:46:45.521+0100] {dagbag.py:545} INFO - Filling up the DagBag from /Users/harshasogala/financial-data-platform/venv/lib/python3.12/site-packages/airflow/example_dags/example_nested_branch_dag.py
[2026-03-13T22:46:45.550+0100] {processor.py:840} INFO - DAG(s) 'example_nested_branch_dag' retrieved from /Users/harshasogala/financial-data-platform/venv/lib/python3.12/site-packages/airflow/example_dags/example_nested_branch_dag.py
[2026-03-13T22:46:45.619+0100] {logging_mixin.py:188} INFO - [2026-03-13T22:46:45.619+0100] {dag.py:3089} INFO - Sync 1 DAGs
[2026-03-13T22:46:45.667+0100] {logging_mixin.py:188} INFO - [2026-03-13T22:46:45.667+0100] {dag.py:3947} INFO - Setting next_dagrun for example_nested_branch_dag to 2026-03-12 00:00:00+00:00, run_after=2026-03-13 00:00:00+00:00
[2026-03-13T22:46:45.678+0100] {processor.py:183} INFO - Processing /Users/harshasogala/financial-data-platform/venv/lib/python3.12/site-packages/airflow/example_dags/example_nested_branch_dag.py took 0.161 seconds
[2026-03-13T22:48:09.502+0100] {processor.py:161} INFO - Started process (PID=71406) to work on /Users/harshasogala/financial-data-platform/venv/lib/python3.12/site-packages/airflow/example_dags/example_nested_branch_dag.py
[2026-03-13T22:48:09.503+0100] {processor.py:830} INFO - Processing file /Users/harshasogala/financial-data-platform/venv/lib/python3.12/site-packages/airflow/example_dags/example_nested_branch_dag.py for tasks to queue
[2026-03-13T22:48:09.504+0100] {logging_mixin.py:188} INFO - [2026-03-13T22:48:09.504+0100] {dagbag.py:545} INFO - Filling up the DagBag from /Users/harshasogala/financial-data-platform/venv/lib/python3.12/site-packages/airflow/example_dags/example_nested_branch_dag.py
[2026-03-13T22:48:09.529+0100] {processor.py:840} INFO - DAG(s) 'example_nested_branch_dag' retrieved from /Users/harshasogala/financial-data-platform/venv/lib/python3.12/site-packages/airflow/example_dags/example_nested_branch_dag.py
[2026-03-13T22:48:09.584+0100] {logging_mixin.py:188} INFO - [2026-03-13T22:48:09.584+0100] {dag.py:3089} INFO - Sync 1 DAGs
[2026-03-13T22:48:09.630+0100] {logging_mixin.py:188} INFO - [2026-03-13T22:48:09.630+0100] {dag.py:3947} INFO - Setting next_dagrun for example_nested_branch_dag to 2026-03-12 00:00:00+00:00, run_after=2026-03-13 00:00:00+00:00
[2026-03-13T22:48:09.641+0100] {processor.py:183} INFO - Processing /Users/harshasogala/financial-data-platform/venv/lib/python3.12/site-packages/airflow/example_dags/example_nested_branch_dag.py took 0.141 seconds
[2026-03-13T22:49:29.597+0100] {processor.py:161} INFO - Started process (PID=71481) to work on /Users/harshasogala/financial-data-platform/venv/lib/python3.12/site-packages/airflow/example_dags/example_nested_branch_dag.py
[2026-03-13T22:49:29.598+0100] {processor.py:830} INFO - Processing file /Users/harshasogala/financial-data-platform/venv/lib/python3.12/site-packages/airflow/example_dags/example_nested_branch_dag.py for tasks to queue
[2026-03-13T22:49:29.599+0100] {logging_mixin.py:188} INFO - [2026-03-13T22:49:29.599+0100] {dagbag.py:545} INFO - Filling up the DagBag from /Users/harshasogala/financial-data-platform/venv/lib/python3.12/site-packages/airflow/example_dags/example_nested_branch_dag.py
[2026-03-13T22:49:29.624+0100] {processor.py:840} INFO - DAG(s) 'example_nested_branch_dag' retrieved from /Users/harshasogala/financial-data-platform/venv/lib/python3.12/site-packages/airflow/example_dags/example_nested_branch_dag.py
[2026-03-13T22:49:29.680+0100] {logging_mixin.py:188} INFO - [2026-03-13T22:49:29.680+0100] {dag.py:3089} INFO - Sync 1 DAGs
[2026-03-13T22:49:29.724+0100] {logging_mixin.py:188} INFO - [2026-03-13T22:49:29.724+0100] {dag.py:3947} INFO - Setting next_dagrun for example_nested_branch_dag to 2026-03-12 00:00:00+00:00, run_after=2026-03-13 00:00:00+00:00
[2026-03-13T22:49:29.737+0100] {processor.py:183} INFO - Processing /Users/harshasogala/financial-data-platform/venv/lib/python3.12/site-packages/airflow/example_dags/example_nested_branch_dag.py took 0.142 seconds
[2026-03-13T22:51:00.175+0100] {processor.py:161} INFO - Started process (PID=72021) to work on /Users/harshasogala/financial-data-platform/venv/lib/python3.12/site-packages/airflow/example_dags/example_nested_branch_dag.py
[2026-03-13T22:51:00.176+0100] {processor.py:830} INFO - Processing file /Users/harshasogala/financial-data-platform/venv/lib/python3.12/site-packages/airflow/example_dags/example_nested_branch_dag.py for tasks to queue
[2026-03-13T22:51:00.176+0100] {logging_mixin.py:188} INFO - [2026-03-13T22:51:00.176+0100] {dagbag.py:545} INFO - Filling up the DagBag from /Users/harshasogala/financial-data-platform/venv/lib/python3.12/site-packages/airflow/example_dags/example_nested_branch_dag.py
[2026-03-13T22:51:00.202+0100] {processor.py:840} INFO - DAG(s) 'example_nested_branch_dag' retrieved from /Users/harshasogala/financial-data-platform/venv/lib/python3.12/site-packages/airflow/example_dags/example_nested_branch_dag.py
[2026-03-13T22:51:00.256+0100] {logging_mixin.py:188} INFO - [2026-03-13T22:51:00.256+0100] {dag.py:3089} INFO - Sync 1 DAGs
[2026-03-13T22:51:00.299+0100] {logging_mixin.py:188} INFO - [2026-03-13T22:51:00.299+0100] {dag.py:3947} INFO - Setting next_dagrun for example_nested_branch_dag to 2026-03-12 00:00:00+00:00, run_after=2026-03-13 00:00:00+00:00
[2026-03-13T22:51:00.310+0100] {processor.py:183} INFO - Processing /Users/harshasogala/financial-data-platform/venv/lib/python3.12/site-packages/airflow/example_dags/example_nested_branch_dag.py took 0.137 seconds
[2026-03-13T22:52:16.339+0100] {processor.py:161} INFO - Started process (PID=72314) to work on /Users/harshasogala/financial-data-platform/venv/lib/python3.12/site-packages/airflow/example_dags/example_nested_branch_dag.py
[2026-03-13T22:52:16.340+0100] {processor.py:830} INFO - Processing file /Users/harshasogala/financial-data-platform/venv/lib/python3.12/site-packages/airflow/example_dags/example_nested_branch_dag.py for tasks to queue
[2026-03-13T22:52:16.340+0100] {logging_mixin.py:188} INFO - [2026-03-13T22:52:16.340+0100] {dagbag.py:545} INFO - Filling up the DagBag from /Users/harshasogala/financial-data-platform/venv/lib/python3.12/site-packages/airflow/example_dags/example_nested_branch_dag.py
[2026-03-13T22:52:16.365+0100] {processor.py:840} INFO - DAG(s) 'example_nested_branch_dag' retrieved from /Users/harshasogala/financial-data-platform/venv/lib/python3.12/site-packages/airflow/example_dags/example_nested_branch_dag.py
[2026-03-13T22:52:16.420+0100] {logging_mixin.py:188} INFO - [2026-03-13T22:52:16.420+0100] {dag.py:3089} INFO - Sync 1 DAGs
[2026-03-13T22:52:16.462+0100] {logging_mixin.py:188} INFO - [2026-03-13T22:52:16.462+0100] {dag.py:3947} INFO - Setting next_dagrun for example_nested_branch_dag to 2026-03-12 00:00:00+00:00, run_after=2026-03-13 00:00:00+00:00
[2026-03-13T22:52:16.472+0100] {processor.py:183} INFO - Processing /Users/harshasogala/financial-data-platform/venv/lib/python3.12/site-packages/airflow/example_dags/example_nested_branch_dag.py took 0.135 seconds
[2026-03-13T22:53:32.799+0100] {processor.py:161} INFO - Started process (PID=72417) to work on /Users/harshasogala/financial-data-platform/venv/lib/python3.12/site-packages/airflow/example_dags/example_nested_branch_dag.py
[2026-03-13T22:53:32.800+0100] {processor.py:830} INFO - Processing file /Users/harshasogala/financial-data-platform/venv/lib/python3.12/site-packages/airflow/example_dags/example_nested_branch_dag.py for tasks to queue
[2026-03-13T22:53:32.800+0100] {logging_mixin.py:188} INFO - [2026-03-13T22:53:32.800+0100] {dagbag.py:545} INFO - Filling up the DagBag from /Users/harshasogala/financial-data-platform/venv/lib/python3.12/site-packages/airflow/example_dags/example_nested_branch_dag.py
[2026-03-13T22:53:32.825+0100] {processor.py:840} INFO - DAG(s) 'example_nested_branch_dag' retrieved from /Users/harshasogala/financial-data-platform/venv/lib/python3.12/site-packages/airflow/example_dags/example_nested_branch_dag.py
[2026-03-13T22:53:32.879+0100] {logging_mixin.py:188} INFO - [2026-03-13T22:53:32.879+0100] {dag.py:3089} INFO - Sync 1 DAGs
[2026-03-13T22:53:32.923+0100] {logging_mixin.py:188} INFO - [2026-03-13T22:53:32.922+0100] {dag.py:3947} INFO - Setting next_dagrun for example_nested_branch_dag to 2026-03-12 00:00:00+00:00, run_after=2026-03-13 00:00:00+00:00
[2026-03-13T22:53:32.933+0100] {processor.py:183} INFO - Processing /Users/harshasogala/financial-data-platform/venv/lib/python3.12/site-packages/airflow/example_dags/example_nested_branch_dag.py took 0.136 seconds
[2026-03-13T22:55:02.522+0100] {processor.py:161} INFO - Started process (PID=72521) to work on /Users/harshasogala/financial-data-platform/venv/lib/python3.12/site-packages/airflow/example_dags/example_nested_branch_dag.py
[2026-03-13T22:55:02.522+0100] {processor.py:830} INFO - Processing file /Users/harshasogala/financial-data-platform/venv/lib/python3.12/site-packages/airflow/example_dags/example_nested_branch_dag.py for tasks to queue
[2026-03-13T22:55:02.523+0100] {logging_mixin.py:188} INFO - [2026-03-13T22:55:02.523+0100] {dagbag.py:545} INFO - Filling up the DagBag from /Users/harshasogala/financial-data-platform/venv/lib/python3.12/site-packages/airflow/example_dags/example_nested_branch_dag.py
[2026-03-13T22:55:02.547+0100] {processor.py:840} INFO - DAG(s) 'example_nested_branch_dag' retrieved from /Users/harshasogala/financial-data-platform/venv/lib/python3.12/site-packages/airflow/example_dags/example_nested_branch_dag.py
[2026-03-13T22:55:02.600+0100] {logging_mixin.py:188} INFO - [2026-03-13T22:55:02.600+0100] {dag.py:3089} INFO - Sync 1 DAGs
[2026-03-13T22:55:02.650+0100] {logging_mixin.py:188} INFO - [2026-03-13T22:55:02.649+0100] {dag.py:3947} INFO - Setting next_dagrun for example_nested_branch_dag to 2026-03-12 00:00:00+00:00, run_after=2026-03-13 00:00:00+00:00
[2026-03-13T22:55:02.661+0100] {processor.py:183} INFO - Processing /Users/harshasogala/financial-data-platform/venv/lib/python3.12/site-packages/airflow/example_dags/example_nested_branch_dag.py took 0.141 seconds
[2026-03-13T22:56:20.857+0100] {processor.py:161} INFO - Started process (PID=72615) to work on /Users/harshasogala/financial-data-platform/venv/lib/python3.12/site-packages/airflow/example_dags/example_nested_branch_dag.py
[2026-03-13T22:56:20.858+0100] {processor.py:830} INFO - Processing file /Users/harshasogala/financial-data-platform/venv/lib/python3.12/site-packages/airflow/example_dags/example_nested_branch_dag.py for tasks to queue
[2026-03-13T22:56:20.859+0100] {logging_mixin.py:188} INFO - [2026-03-13T22:56:20.859+0100] {dagbag.py:545} INFO - Filling up the DagBag from /Users/harshasogala/financial-data-platform/venv/lib/python3.12/site-packages/airflow/example_dags/example_nested_branch_dag.py
[2026-03-13T22:56:20.893+0100] {processor.py:840} INFO - DAG(s) 'example_nested_branch_dag' retrieved from /Users/harshasogala/financial-data-platform/venv/lib/python3.12/site-packages/airflow/example_dags/example_nested_branch_dag.py
[2026-03-13T22:56:20.954+0100] {logging_mixin.py:188} INFO - [2026-03-13T22:56:20.953+0100] {dag.py:3089} INFO - Sync 1 DAGs
[2026-03-13T22:56:21.008+0100] {logging_mixin.py:188} INFO - [2026-03-13T22:56:21.008+0100] {dag.py:3947} INFO - Setting next_dagrun for example_nested_branch_dag to 2026-03-12 00:00:00+00:00, run_after=2026-03-13 00:00:00+00:00
[2026-03-13T22:56:21.020+0100] {processor.py:183} INFO - Processing /Users/harshasogala/financial-data-platform/venv/lib/python3.12/site-packages/airflow/example_dags/example_nested_branch_dag.py took 0.165 seconds
[2026-03-13T22:57:39.644+0100] {processor.py:161} INFO - Started process (PID=72675) to work on /Users/harshasogala/financial-data-platform/venv/lib/python3.12/site-packages/airflow/example_dags/example_nested_branch_dag.py
[2026-03-13T22:57:39.645+0100] {processor.py:830} INFO - Processing file /Users/harshasogala/financial-data-platform/venv/lib/python3.12/site-packages/airflow/example_dags/example_nested_branch_dag.py for tasks to queue
[2026-03-13T22:57:39.646+0100] {logging_mixin.py:188} INFO - [2026-03-13T22:57:39.646+0100] {dagbag.py:545} INFO - Filling up the DagBag from /Users/harshasogala/financial-data-platform/venv/lib/python3.12/site-packages/airflow/example_dags/example_nested_branch_dag.py
[2026-03-13T22:57:39.672+0100] {processor.py:840} INFO - DAG(s) 'example_nested_branch_dag' retrieved from /Users/harshasogala/financial-data-platform/venv/lib/python3.12/site-packages/airflow/example_dags/example_nested_branch_dag.py
[2026-03-13T22:57:39.729+0100] {logging_mixin.py:188} INFO - [2026-03-13T22:57:39.729+0100] {dag.py:3089} INFO - Sync 1 DAGs
[2026-03-13T22:57:39.774+0100] {logging_mixin.py:188} INFO - [2026-03-13T22:57:39.774+0100] {dag.py:3947} INFO - Setting next_dagrun for example_nested_branch_dag to 2026-03-12 00:00:00+00:00, run_after=2026-03-13 00:00:00+00:00
[2026-03-13T22:57:39.787+0100] {processor.py:183} INFO - Processing /Users/harshasogala/financial-data-platform/venv/lib/python3.12/site-packages/airflow/example_dags/example_nested_branch_dag.py took 0.145 seconds
[2026-03-13T22:59:03.669+0100] {processor.py:161} INFO - Started process (PID=72751) to work on /Users/harshasogala/financial-data-platform/venv/lib/python3.12/site-packages/airflow/example_dags/example_nested_branch_dag.py
[2026-03-13T22:59:03.669+0100] {processor.py:830} INFO - Processing file /Users/harshasogala/financial-data-platform/venv/lib/python3.12/site-packages/airflow/example_dags/example_nested_branch_dag.py for tasks to queue
[2026-03-13T22:59:03.670+0100] {logging_mixin.py:188} INFO - [2026-03-13T22:59:03.670+0100] {dagbag.py:545} INFO - Filling up the DagBag from /Users/harshasogala/financial-data-platform/venv/lib/python3.12/site-packages/airflow/example_dags/example_nested_branch_dag.py
[2026-03-13T22:59:03.695+0100] {processor.py:840} INFO - DAG(s) 'example_nested_branch_dag' retrieved from /Users/harshasogala/financial-data-platform/venv/lib/python3.12/site-packages/airflow/example_dags/example_nested_branch_dag.py
[2026-03-13T22:59:03.749+0100] {logging_mixin.py:188} INFO - [2026-03-13T22:59:03.748+0100] {dag.py:3089} INFO - Sync 1 DAGs
[2026-03-13T22:59:03.791+0100] {logging_mixin.py:188} INFO - [2026-03-13T22:59:03.791+0100] {dag.py:3947} INFO - Setting next_dagrun for example_nested_branch_dag to 2026-03-12 00:00:00+00:00, run_after=2026-03-13 00:00:00+00:00
[2026-03-13T22:59:03.802+0100] {processor.py:183} INFO - Processing /Users/harshasogala/financial-data-platform/venv/lib/python3.12/site-packages/airflow/example_dags/example_nested_branch_dag.py took 0.135 seconds
[2026-03-13T23:00:19.882+0100] {processor.py:161} INFO - Started process (PID=72816) to work on /Users/harshasogala/financial-data-platform/venv/lib/python3.12/site-packages/airflow/example_dags/example_nested_branch_dag.py
[2026-03-13T23:00:19.883+0100] {processor.py:830} INFO - Processing file /Users/harshasogala/financial-data-platform/venv/lib/python3.12/site-packages/airflow/example_dags/example_nested_branch_dag.py for tasks to queue
[2026-03-13T23:00:19.884+0100] {logging_mixin.py:188} INFO - [2026-03-13T23:00:19.884+0100] {dagbag.py:545} INFO - Filling up the DagBag from /Users/harshasogala/financial-data-platform/venv/lib/python3.12/site-packages/airflow/example_dags/example_nested_branch_dag.py
[2026-03-13T23:00:19.911+0100] {processor.py:840} INFO - DAG(s) 'example_nested_branch_dag' retrieved from /Users/harshasogala/financial-data-platform/venv/lib/python3.12/site-packages/airflow/example_dags/example_nested_branch_dag.py
[2026-03-13T23:00:19.968+0100] {logging_mixin.py:188} INFO - [2026-03-13T23:00:19.968+0100] {dag.py:3089} INFO - Sync 1 DAGs
[2026-03-13T23:00:20.014+0100] {logging_mixin.py:188} INFO - [2026-03-13T23:00:20.014+0100] {dag.py:3947} INFO - Setting next_dagrun for example_nested_branch_dag to 2026-03-12 00:00:00+00:00, run_after=2026-03-13 00:00:00+00:00
[2026-03-13T23:00:20.026+0100] {processor.py:183} INFO - Processing /Users/harshasogala/financial-data-platform/venv/lib/python3.12/site-packages/airflow/example_dags/example_nested_branch_dag.py took 0.145 seconds
[2026-03-13T23:01:41.818+0100] {processor.py:161} INFO - Started process (PID=72883) to work on /Users/harshasogala/financial-data-platform/venv/lib/python3.12/site-packages/airflow/example_dags/example_nested_branch_dag.py
[2026-03-13T23:01:41.819+0100] {processor.py:830} INFO - Processing file /Users/harshasogala/financial-data-platform/venv/lib/python3.12/site-packages/airflow/example_dags/example_nested_branch_dag.py for tasks to queue
[2026-03-13T23:01:41.819+0100] {logging_mixin.py:188} INFO - [2026-03-13T23:01:41.819+0100] {dagbag.py:545} INFO - Filling up the DagBag from /Users/harshasogala/financial-data-platform/venv/lib/python3.12/site-packages/airflow/example_dags/example_nested_branch_dag.py
[2026-03-13T23:01:41.843+0100] {processor.py:840} INFO - DAG(s) 'example_nested_branch_dag' retrieved from /Users/harshasogala/financial-data-platform/venv/lib/python3.12/site-packages/airflow/example_dags/example_nested_branch_dag.py
[2026-03-13T23:01:41.896+0100] {logging_mixin.py:188} INFO - [2026-03-13T23:01:41.896+0100] {dag.py:3089} INFO - Sync 1 DAGs
[2026-03-13T23:01:41.940+0100] {logging_mixin.py:188} INFO - [2026-03-13T23:01:41.940+0100] {dag.py:3947} INFO - Setting next_dagrun for example_nested_branch_dag to 2026-03-12 00:00:00+00:00, run_after=2026-03-13 00:00:00+00:00
[2026-03-13T23:01:41.952+0100] {processor.py:183} INFO - Processing /Users/harshasogala/financial-data-platform/venv/lib/python3.12/site-packages/airflow/example_dags/example_nested_branch_dag.py took 0.136 seconds
[2026-03-13T23:02:58.467+0100] {processor.py:161} INFO - Started process (PID=72941) to work on /Users/harshasogala/financial-data-platform/venv/lib/python3.12/site-packages/airflow/example_dags/example_nested_branch_dag.py
[2026-03-13T23:02:58.468+0100] {processor.py:830} INFO - Processing file /Users/harshasogala/financial-data-platform/venv/lib/python3.12/site-packages/airflow/example_dags/example_nested_branch_dag.py for tasks to queue
[2026-03-13T23:02:58.468+0100] {logging_mixin.py:188} INFO - [2026-03-13T23:02:58.468+0100] {dagbag.py:545} INFO - Filling up the DagBag from /Users/harshasogala/financial-data-platform/venv/lib/python3.12/site-packages/airflow/example_dags/example_nested_branch_dag.py
[2026-03-13T23:02:58.493+0100] {processor.py:840} INFO - DAG(s) 'example_nested_branch_dag' retrieved from /Users/harshasogala/financial-data-platform/venv/lib/python3.12/site-packages/airflow/example_dags/example_nested_branch_dag.py
[2026-03-13T23:02:58.548+0100] {logging_mixin.py:188} INFO - [2026-03-13T23:02:58.548+0100] {dag.py:3089} INFO - Sync 1 DAGs
[2026-03-13T23:02:58.596+0100] {logging_mixin.py:188} INFO - [2026-03-13T23:02:58.595+0100] {dag.py:3947} INFO - Setting next_dagrun for example_nested_branch_dag to 2026-03-12 00:00:00+00:00, run_after=2026-03-13 00:00:00+00:00
[2026-03-13T23:02:58.608+0100] {processor.py:183} INFO - Processing /Users/harshasogala/financial-data-platform/venv/lib/python3.12/site-packages/airflow/example_dags/example_nested_branch_dag.py took 0.143 seconds
[2026-03-13T23:04:17.545+0100] {processor.py:161} INFO - Started process (PID=73002) to work on /Users/harshasogala/financial-data-platform/venv/lib/python3.12/site-packages/airflow/example_dags/example_nested_branch_dag.py
[2026-03-13T23:04:17.546+0100] {processor.py:830} INFO - Processing file /Users/harshasogala/financial-data-platform/venv/lib/python3.12/site-packages/airflow/example_dags/example_nested_branch_dag.py for tasks to queue
[2026-03-13T23:04:17.547+0100] {logging_mixin.py:188} INFO - [2026-03-13T23:04:17.547+0100] {dagbag.py:545} INFO - Filling up the DagBag from /Users/harshasogala/financial-data-platform/venv/lib/python3.12/site-packages/airflow/example_dags/example_nested_branch_dag.py
[2026-03-13T23:04:17.572+0100] {processor.py:840} INFO - DAG(s) 'example_nested_branch_dag' retrieved from /Users/harshasogala/financial-data-platform/venv/lib/python3.12/site-packages/airflow/example_dags/example_nested_branch_dag.py
[2026-03-13T23:04:17.626+0100] {logging_mixin.py:188} INFO - [2026-03-13T23:04:17.625+0100] {dag.py:3089} INFO - Sync 1 DAGs
[2026-03-13T23:04:17.673+0100] {logging_mixin.py:188} INFO - [2026-03-13T23:04:17.673+0100] {dag.py:3947} INFO - Setting next_dagrun for example_nested_branch_dag to 2026-03-12 00:00:00+00:00, run_after=2026-03-13 00:00:00+00:00
[2026-03-13T23:04:17.685+0100] {processor.py:183} INFO - Processing /Users/harshasogala/financial-data-platform/venv/lib/python3.12/site-packages/airflow/example_dags/example_nested_branch_dag.py took 0.142 seconds
[2026-03-13T23:05:34.660+0100] {processor.py:161} INFO - Started process (PID=73066) to work on /Users/harshasogala/financial-data-platform/venv/lib/python3.12/site-packages/airflow/example_dags/example_nested_branch_dag.py
[2026-03-13T23:05:34.661+0100] {processor.py:830} INFO - Processing file /Users/harshasogala/financial-data-platform/venv/lib/python3.12/site-packages/airflow/example_dags/example_nested_branch_dag.py for tasks to queue
[2026-03-13T23:05:34.661+0100] {logging_mixin.py:188} INFO - [2026-03-13T23:05:34.661+0100] {dagbag.py:545} INFO - Filling up the DagBag from /Users/harshasogala/financial-data-platform/venv/lib/python3.12/site-packages/airflow/example_dags/example_nested_branch_dag.py
[2026-03-13T23:05:34.686+0100] {processor.py:840} INFO - DAG(s) 'example_nested_branch_dag' retrieved from /Users/harshasogala/financial-data-platform/venv/lib/python3.12/site-packages/airflow/example_dags/example_nested_branch_dag.py
[2026-03-13T23:05:34.740+0100] {logging_mixin.py:188} INFO - [2026-03-13T23:05:34.740+0100] {dag.py:3089} INFO - Sync 1 DAGs
[2026-03-13T23:05:34.784+0100] {logging_mixin.py:188} INFO - [2026-03-13T23:05:34.784+0100] {dag.py:3947} INFO - Setting next_dagrun for example_nested_branch_dag to 2026-03-12 00:00:00+00:00, run_after=2026-03-13 00:00:00+00:00
[2026-03-13T23:05:34.795+0100] {processor.py:183} INFO - Processing /Users/harshasogala/financial-data-platform/venv/lib/python3.12/site-packages/airflow/example_dags/example_nested_branch_dag.py took 0.137 seconds
[2026-03-13T23:06:55.946+0100] {processor.py:161} INFO - Started process (PID=73134) to work on /Users/harshasogala/financial-data-platform/venv/lib/python3.12/site-packages/airflow/example_dags/example_nested_branch_dag.py
[2026-03-13T23:06:55.947+0100] {processor.py:830} INFO - Processing file /Users/harshasogala/financial-data-platform/venv/lib/python3.12/site-packages/airflow/example_dags/example_nested_branch_dag.py for tasks to queue
[2026-03-13T23:06:55.947+0100] {logging_mixin.py:188} INFO - [2026-03-13T23:06:55.947+0100] {dagbag.py:545} INFO - Filling up the DagBag from /Users/harshasogala/financial-data-platform/venv/lib/python3.12/site-packages/airflow/example_dags/example_nested_branch_dag.py
[2026-03-13T23:06:55.971+0100] {processor.py:840} INFO - DAG(s) 'example_nested_branch_dag' retrieved from /Users/harshasogala/financial-data-platform/venv/lib/python3.12/site-packages/airflow/example_dags/example_nested_branch_dag.py
[2026-03-13T23:06:56.025+0100] {logging_mixin.py:188} INFO - [2026-03-13T23:06:56.025+0100] {dag.py:3089} INFO - Sync 1 DAGs
[2026-03-13T23:06:56.069+0100] {logging_mixin.py:188} INFO - [2026-03-13T23:06:56.068+0100] {dag.py:3947} INFO - Setting next_dagrun for example_nested_branch_dag to 2026-03-12 00:00:00+00:00, run_after=2026-03-13 00:00:00+00:00
[2026-03-13T23:06:56.081+0100] {processor.py:183} INFO - Processing /Users/harshasogala/financial-data-platform/venv/lib/python3.12/site-packages/airflow/example_dags/example_nested_branch_dag.py took 0.137 seconds
[2026-03-13T23:08:15.208+0100] {processor.py:161} INFO - Started process (PID=73195) to work on /Users/harshasogala/financial-data-platform/venv/lib/python3.12/site-packages/airflow/example_dags/example_nested_branch_dag.py
[2026-03-13T23:08:15.209+0100] {processor.py:830} INFO - Processing file /Users/harshasogala/financial-data-platform/venv/lib/python3.12/site-packages/airflow/example_dags/example_nested_branch_dag.py for tasks to queue
[2026-03-13T23:08:15.210+0100] {logging_mixin.py:188} INFO - [2026-03-13T23:08:15.209+0100] {dagbag.py:545} INFO - Filling up the DagBag from /Users/harshasogala/financial-data-platform/venv/lib/python3.12/site-packages/airflow/example_dags/example_nested_branch_dag.py
[2026-03-13T23:08:15.234+0100] {processor.py:840} INFO - DAG(s) 'example_nested_branch_dag' retrieved from /Users/harshasogala/financial-data-platform/venv/lib/python3.12/site-packages/airflow/example_dags/example_nested_branch_dag.py
[2026-03-13T23:08:15.289+0100] {logging_mixin.py:188} INFO - [2026-03-13T23:08:15.289+0100] {dag.py:3089} INFO - Sync 1 DAGs
[2026-03-13T23:08:15.333+0100] {logging_mixin.py:188} INFO - [2026-03-13T23:08:15.333+0100] {dag.py:3947} INFO - Setting next_dagrun for example_nested_branch_dag to 2026-03-12 00:00:00+00:00, run_after=2026-03-13 00:00:00+00:00
[2026-03-13T23:08:15.346+0100] {processor.py:183} INFO - Processing /Users/harshasogala/financial-data-platform/venv/lib/python3.12/site-packages/airflow/example_dags/example_nested_branch_dag.py took 0.139 seconds
[2026-03-13T23:09:27.558+0100] {processor.py:161} INFO - Started process (PID=73254) to work on /Users/harshasogala/financial-data-platform/venv/lib/python3.12/site-packages/airflow/example_dags/example_nested_branch_dag.py
[2026-03-13T23:09:27.559+0100] {processor.py:830} INFO - Processing file /Users/harshasogala/financial-data-platform/venv/lib/python3.12/site-packages/airflow/example_dags/example_nested_branch_dag.py for tasks to queue
[2026-03-13T23:09:27.559+0100] {logging_mixin.py:188} INFO - [2026-03-13T23:09:27.559+0100] {dagbag.py:545} INFO - Filling up the DagBag from /Users/harshasogala/financial-data-platform/venv/lib/python3.12/site-packages/airflow/example_dags/example_nested_branch_dag.py
[2026-03-13T23:09:27.584+0100] {processor.py:840} INFO - DAG(s) 'example_nested_branch_dag' retrieved from /Users/harshasogala/financial-data-platform/venv/lib/python3.12/site-packages/airflow/example_dags/example_nested_branch_dag.py
[2026-03-13T23:09:27.639+0100] {logging_mixin.py:188} INFO - [2026-03-13T23:09:27.638+0100] {dag.py:3089} INFO - Sync 1 DAGs
[2026-03-13T23:09:27.682+0100] {logging_mixin.py:188} INFO - [2026-03-13T23:09:27.682+0100] {dag.py:3947} INFO - Setting next_dagrun for example_nested_branch_dag to 2026-03-12 00:00:00+00:00, run_after=2026-03-13 00:00:00+00:00
[2026-03-13T23:09:27.694+0100] {processor.py:183} INFO - Processing /Users/harshasogala/financial-data-platform/venv/lib/python3.12/site-packages/airflow/example_dags/example_nested_branch_dag.py took 0.138 seconds
[2026-03-13T23:10:40.594+0100] {processor.py:161} INFO - Started process (PID=73311) to work on /Users/harshasogala/financial-data-platform/venv/lib/python3.12/site-packages/airflow/example_dags/example_nested_branch_dag.py
[2026-03-13T23:10:40.595+0100] {processor.py:830} INFO - Processing file /Users/harshasogala/financial-data-platform/venv/lib/python3.12/site-packages/airflow/example_dags/example_nested_branch_dag.py for tasks to queue
[2026-03-13T23:10:40.595+0100] {logging_mixin.py:188} INFO - [2026-03-13T23:10:40.595+0100] {dagbag.py:545} INFO - Filling up the DagBag from /Users/harshasogala/financial-data-platform/venv/lib/python3.12/site-packages/airflow/example_dags/example_nested_branch_dag.py
[2026-03-13T23:10:40.619+0100] {processor.py:840} INFO - DAG(s) 'example_nested_branch_dag' retrieved from /Users/harshasogala/financial-data-platform/venv/lib/python3.12/site-packages/airflow/example_dags/example_nested_branch_dag.py
[2026-03-13T23:10:40.674+0100] {logging_mixin.py:188} INFO - [2026-03-13T23:10:40.674+0100] {dag.py:3089} INFO - Sync 1 DAGs
[2026-03-13T23:10:40.718+0100] {logging_mixin.py:188} INFO - [2026-03-13T23:10:40.717+0100] {dag.py:3947} INFO - Setting next_dagrun for example_nested_branch_dag to 2026-03-12 00:00:00+00:00, run_after=2026-03-13 00:00:00+00:00
[2026-03-13T23:10:40.730+0100] {processor.py:183} INFO - Processing /Users/harshasogala/financial-data-platform/venv/lib/python3.12/site-packages/airflow/example_dags/example_nested_branch_dag.py took 0.138 seconds
[2026-03-13T23:11:53.943+0100] {processor.py:161} INFO - Started process (PID=73380) to work on /Users/harshasogala/financial-data-platform/venv/lib/python3.12/site-packages/airflow/example_dags/example_nested_branch_dag.py
[2026-03-13T23:11:53.943+0100] {processor.py:830} INFO - Processing file /Users/harshasogala/financial-data-platform/venv/lib/python3.12/site-packages/airflow/example_dags/example_nested_branch_dag.py for tasks to queue
[2026-03-13T23:11:53.944+0100] {logging_mixin.py:188} INFO - [2026-03-13T23:11:53.944+0100] {dagbag.py:545} INFO - Filling up the DagBag from /Users/harshasogala/financial-data-platform/venv/lib/python3.12/site-packages/airflow/example_dags/example_nested_branch_dag.py
[2026-03-13T23:11:53.968+0100] {processor.py:840} INFO - DAG(s) 'example_nested_branch_dag' retrieved from /Users/harshasogala/financial-data-platform/venv/lib/python3.12/site-packages/airflow/example_dags/example_nested_branch_dag.py
[2026-03-13T23:11:54.024+0100] {logging_mixin.py:188} INFO - [2026-03-13T23:11:54.024+0100] {dag.py:3089} INFO - Sync 1 DAGs
[2026-03-13T23:11:54.069+0100] {logging_mixin.py:188} INFO - [2026-03-13T23:11:54.069+0100] {dag.py:3947} INFO - Setting next_dagrun for example_nested_branch_dag to 2026-03-12 00:00:00+00:00, run_after=2026-03-13 00:00:00+00:00
[2026-03-13T23:11:54.081+0100] {processor.py:183} INFO - Processing /Users/harshasogala/financial-data-platform/venv/lib/python3.12/site-packages/airflow/example_dags/example_nested_branch_dag.py took 0.140 seconds
[2026-03-13T23:13:08.772+0100] {processor.py:161} INFO - Started process (PID=73438) to work on /Users/harshasogala/financial-data-platform/venv/lib/python3.12/site-packages/airflow/example_dags/example_nested_branch_dag.py
[2026-03-13T23:13:08.773+0100] {processor.py:830} INFO - Processing file /Users/harshasogala/financial-data-platform/venv/lib/python3.12/site-packages/airflow/example_dags/example_nested_branch_dag.py for tasks to queue
[2026-03-13T23:13:08.773+0100] {logging_mixin.py:188} INFO - [2026-03-13T23:13:08.773+0100] {dagbag.py:545} INFO - Filling up the DagBag from /Users/harshasogala/financial-data-platform/venv/lib/python3.12/site-packages/airflow/example_dags/example_nested_branch_dag.py
[2026-03-13T23:13:08.798+0100] {processor.py:840} INFO - DAG(s) 'example_nested_branch_dag' retrieved from /Users/harshasogala/financial-data-platform/venv/lib/python3.12/site-packages/airflow/example_dags/example_nested_branch_dag.py
[2026-03-13T23:13:08.851+0100] {logging_mixin.py:188} INFO - [2026-03-13T23:13:08.851+0100] {dag.py:3089} INFO - Sync 1 DAGs
[2026-03-13T23:13:08.894+0100] {logging_mixin.py:188} INFO - [2026-03-13T23:13:08.894+0100] {dag.py:3947} INFO - Setting next_dagrun for example_nested_branch_dag to 2026-03-12 00:00:00+00:00, run_after=2026-03-13 00:00:00+00:00
[2026-03-13T23:13:08.906+0100] {processor.py:183} INFO - Processing /Users/harshasogala/financial-data-platform/venv/lib/python3.12/site-packages/airflow/example_dags/example_nested_branch_dag.py took 0.136 seconds
[2026-03-13T23:14:22.566+0100] {processor.py:161} INFO - Started process (PID=73500) to work on /Users/harshasogala/financial-data-platform/venv/lib/python3.12/site-packages/airflow/example_dags/example_nested_branch_dag.py
[2026-03-13T23:14:22.567+0100] {processor.py:830} INFO - Processing file /Users/harshasogala/financial-data-platform/venv/lib/python3.12/site-packages/airflow/example_dags/example_nested_branch_dag.py for tasks to queue
[2026-03-13T23:14:22.567+0100] {logging_mixin.py:188} INFO - [2026-03-13T23:14:22.567+0100] {dagbag.py:545} INFO - Filling up the DagBag from /Users/harshasogala/financial-data-platform/venv/lib/python3.12/site-packages/airflow/example_dags/example_nested_branch_dag.py
[2026-03-13T23:14:22.592+0100] {processor.py:840} INFO - DAG(s) 'example_nested_branch_dag' retrieved from /Users/harshasogala/financial-data-platform/venv/lib/python3.12/site-packages/airflow/example_dags/example_nested_branch_dag.py
[2026-03-13T23:14:22.646+0100] {logging_mixin.py:188} INFO - [2026-03-13T23:14:22.646+0100] {dag.py:3089} INFO - Sync 1 DAGs
[2026-03-13T23:14:22.689+0100] {logging_mixin.py:188} INFO - [2026-03-13T23:14:22.689+0100] {dag.py:3947} INFO - Setting next_dagrun for example_nested_branch_dag to 2026-03-12 00:00:00+00:00, run_after=2026-03-13 00:00:00+00:00
[2026-03-13T23:14:22.702+0100] {processor.py:183} INFO - Processing /Users/harshasogala/financial-data-platform/venv/lib/python3.12/site-packages/airflow/example_dags/example_nested_branch_dag.py took 0.138 seconds
[2026-03-13T23:15:38.478+0100] {processor.py:161} INFO - Started process (PID=73560) to work on /Users/harshasogala/financial-data-platform/venv/lib/python3.12/site-packages/airflow/example_dags/example_nested_branch_dag.py
[2026-03-13T23:15:38.480+0100] {processor.py:830} INFO - Processing file /Users/harshasogala/financial-data-platform/venv/lib/python3.12/site-packages/airflow/example_dags/example_nested_branch_dag.py for tasks to queue
[2026-03-13T23:15:38.480+0100] {logging_mixin.py:188} INFO - [2026-03-13T23:15:38.480+0100] {dagbag.py:545} INFO - Filling up the DagBag from /Users/harshasogala/financial-data-platform/venv/lib/python3.12/site-packages/airflow/example_dags/example_nested_branch_dag.py
[2026-03-13T23:15:38.505+0100] {processor.py:840} INFO - DAG(s) 'example_nested_branch_dag' retrieved from /Users/harshasogala/financial-data-platform/venv/lib/python3.12/site-packages/airflow/example_dags/example_nested_branch_dag.py
[2026-03-13T23:15:38.559+0100] {logging_mixin.py:188} INFO - [2026-03-13T23:15:38.558+0100] {dag.py:3089} INFO - Sync 1 DAGs
[2026-03-13T23:15:38.601+0100] {logging_mixin.py:188} INFO - [2026-03-13T23:15:38.601+0100] {dag.py:3947} INFO - Setting next_dagrun for example_nested_branch_dag to 2026-03-12 00:00:00+00:00, run_after=2026-03-13 00:00:00+00:00
[2026-03-13T23:15:38.613+0100] {processor.py:183} INFO - Processing /Users/harshasogala/financial-data-platform/venv/lib/python3.12/site-packages/airflow/example_dags/example_nested_branch_dag.py took 0.136 seconds
[2026-03-13T23:16:53.189+0100] {processor.py:161} INFO - Started process (PID=73623) to work on /Users/harshasogala/financial-data-platform/venv/lib/python3.12/site-packages/airflow/example_dags/example_nested_branch_dag.py
[2026-03-13T23:16:53.190+0100] {processor.py:830} INFO - Processing file /Users/harshasogala/financial-data-platform/venv/lib/python3.12/site-packages/airflow/example_dags/example_nested_branch_dag.py for tasks to queue
[2026-03-13T23:16:53.190+0100] {logging_mixin.py:188} INFO - [2026-03-13T23:16:53.190+0100] {dagbag.py:545} INFO - Filling up the DagBag from /Users/harshasogala/financial-data-platform/venv/lib/python3.12/site-packages/airflow/example_dags/example_nested_branch_dag.py
[2026-03-13T23:16:53.216+0100] {processor.py:840} INFO - DAG(s) 'example_nested_branch_dag' retrieved from /Users/harshasogala/financial-data-platform/venv/lib/python3.12/site-packages/airflow/example_dags/example_nested_branch_dag.py
[2026-03-13T23:16:53.271+0100] {logging_mixin.py:188} INFO - [2026-03-13T23:16:53.271+0100] {dag.py:3089} INFO - Sync 1 DAGs
[2026-03-13T23:16:53.315+0100] {logging_mixin.py:188} INFO - [2026-03-13T23:16:53.314+0100] {dag.py:3947} INFO - Setting next_dagrun for example_nested_branch_dag to 2026-03-12 00:00:00+00:00, run_after=2026-03-13 00:00:00+00:00
[2026-03-13T23:16:53.327+0100] {processor.py:183} INFO - Processing /Users/harshasogala/financial-data-platform/venv/lib/python3.12/site-packages/airflow/example_dags/example_nested_branch_dag.py took 0.140 seconds
[2026-03-13T23:18:10.964+0100] {processor.py:161} INFO - Started process (PID=73690) to work on /Users/harshasogala/financial-data-platform/venv/lib/python3.12/site-packages/airflow/example_dags/example_nested_branch_dag.py
[2026-03-13T23:18:10.966+0100] {processor.py:830} INFO - Processing file /Users/harshasogala/financial-data-platform/venv/lib/python3.12/site-packages/airflow/example_dags/example_nested_branch_dag.py for tasks to queue
[2026-03-13T23:18:10.966+0100] {logging_mixin.py:188} INFO - [2026-03-13T23:18:10.966+0100] {dagbag.py:545} INFO - Filling up the DagBag from /Users/harshasogala/financial-data-platform/venv/lib/python3.12/site-packages/airflow/example_dags/example_nested_branch_dag.py
[2026-03-13T23:18:10.991+0100] {processor.py:840} INFO - DAG(s) 'example_nested_branch_dag' retrieved from /Users/harshasogala/financial-data-platform/venv/lib/python3.12/site-packages/airflow/example_dags/example_nested_branch_dag.py
[2026-03-13T23:18:11.044+0100] {logging_mixin.py:188} INFO - [2026-03-13T23:18:11.044+0100] {dag.py:3089} INFO - Sync 1 DAGs
[2026-03-13T23:18:11.087+0100] {logging_mixin.py:188} INFO - [2026-03-13T23:18:11.087+0100] {dag.py:3947} INFO - Setting next_dagrun for example_nested_branch_dag to 2026-03-12 00:00:00+00:00, run_after=2026-03-13 00:00:00+00:00
[2026-03-13T23:18:11.098+0100] {processor.py:183} INFO - Processing /Users/harshasogala/financial-data-platform/venv/lib/python3.12/site-packages/airflow/example_dags/example_nested_branch_dag.py took 0.136 seconds
[2026-03-13T23:19:26.155+0100] {processor.py:161} INFO - Started process (PID=73750) to work on /Users/harshasogala/financial-data-platform/venv/lib/python3.12/site-packages/airflow/example_dags/example_nested_branch_dag.py
[2026-03-13T23:19:26.156+0100] {processor.py:830} INFO - Processing file /Users/harshasogala/financial-data-platform/venv/lib/python3.12/site-packages/airflow/example_dags/example_nested_branch_dag.py for tasks to queue
[2026-03-13T23:19:26.156+0100] {logging_mixin.py:188} INFO - [2026-03-13T23:19:26.156+0100] {dagbag.py:545} INFO - Filling up the DagBag from /Users/harshasogala/financial-data-platform/venv/lib/python3.12/site-packages/airflow/example_dags/example_nested_branch_dag.py
[2026-03-13T23:19:26.182+0100] {processor.py:840} INFO - DAG(s) 'example_nested_branch_dag' retrieved from /Users/harshasogala/financial-data-platform/venv/lib/python3.12/site-packages/airflow/example_dags/example_nested_branch_dag.py
[2026-03-13T23:19:26.236+0100] {logging_mixin.py:188} INFO - [2026-03-13T23:19:26.236+0100] {dag.py:3089} INFO - Sync 1 DAGs
[2026-03-13T23:19:26.279+0100] {logging_mixin.py:188} INFO - [2026-03-13T23:19:26.279+0100] {dag.py:3947} INFO - Setting next_dagrun for example_nested_branch_dag to 2026-03-12 00:00:00+00:00, run_after=2026-03-13 00:00:00+00:00
[2026-03-13T23:19:26.290+0100] {processor.py:183} INFO - Processing /Users/harshasogala/financial-data-platform/venv/lib/python3.12/site-packages/airflow/example_dags/example_nested_branch_dag.py took 0.137 seconds
[2026-03-13T23:20:45.086+0100] {processor.py:161} INFO - Started process (PID=73817) to work on /Users/harshasogala/financial-data-platform/venv/lib/python3.12/site-packages/airflow/example_dags/example_nested_branch_dag.py
[2026-03-13T23:20:45.088+0100] {processor.py:830} INFO - Processing file /Users/harshasogala/financial-data-platform/venv/lib/python3.12/site-packages/airflow/example_dags/example_nested_branch_dag.py for tasks to queue
[2026-03-13T23:20:45.088+0100] {logging_mixin.py:188} INFO - [2026-03-13T23:20:45.088+0100] {dagbag.py:545} INFO - Filling up the DagBag from /Users/harshasogala/financial-data-platform/venv/lib/python3.12/site-packages/airflow/example_dags/example_nested_branch_dag.py
[2026-03-13T23:20:45.113+0100] {processor.py:840} INFO - DAG(s) 'example_nested_branch_dag' retrieved from /Users/harshasogala/financial-data-platform/venv/lib/python3.12/site-packages/airflow/example_dags/example_nested_branch_dag.py
[2026-03-13T23:20:45.167+0100] {logging_mixin.py:188} INFO - [2026-03-13T23:20:45.167+0100] {dag.py:3089} INFO - Sync 1 DAGs
[2026-03-13T23:20:45.210+0100] {logging_mixin.py:188} INFO - [2026-03-13T23:20:45.210+0100] {dag.py:3947} INFO - Setting next_dagrun for example_nested_branch_dag to 2026-03-12 00:00:00+00:00, run_after=2026-03-13 00:00:00+00:00
[2026-03-13T23:20:45.222+0100] {processor.py:183} INFO - Processing /Users/harshasogala/financial-data-platform/venv/lib/python3.12/site-packages/airflow/example_dags/example_nested_branch_dag.py took 0.138 seconds
[2026-03-13T23:21:58.441+0100] {processor.py:161} INFO - Started process (PID=73899) to work on /Users/harshasogala/financial-data-platform/venv/lib/python3.12/site-packages/airflow/example_dags/example_nested_branch_dag.py
[2026-03-13T23:21:58.442+0100] {processor.py:830} INFO - Processing file /Users/harshasogala/financial-data-platform/venv/lib/python3.12/site-packages/airflow/example_dags/example_nested_branch_dag.py for tasks to queue
[2026-03-13T23:21:58.442+0100] {logging_mixin.py:188} INFO - [2026-03-13T23:21:58.442+0100] {dagbag.py:545} INFO - Filling up the DagBag from /Users/harshasogala/financial-data-platform/venv/lib/python3.12/site-packages/airflow/example_dags/example_nested_branch_dag.py
[2026-03-13T23:21:58.467+0100] {processor.py:840} INFO - DAG(s) 'example_nested_branch_dag' retrieved from /Users/harshasogala/financial-data-platform/venv/lib/python3.12/site-packages/airflow/example_dags/example_nested_branch_dag.py
[2026-03-13T23:21:58.521+0100] {logging_mixin.py:188} INFO - [2026-03-13T23:21:58.520+0100] {dag.py:3089} INFO - Sync 1 DAGs
[2026-03-13T23:21:58.564+0100] {logging_mixin.py:188} INFO - [2026-03-13T23:21:58.564+0100] {dag.py:3947} INFO - Setting next_dagrun for example_nested_branch_dag to 2026-03-12 00:00:00+00:00, run_after=2026-03-13 00:00:00+00:00
[2026-03-13T23:21:58.574+0100] {processor.py:183} INFO - Processing /Users/harshasogala/financial-data-platform/venv/lib/python3.12/site-packages/airflow/example_dags/example_nested_branch_dag.py took 0.135 seconds
[2026-03-13T23:23:13.267+0100] {processor.py:161} INFO - Started process (PID=73961) to work on /Users/harshasogala/financial-data-platform/venv/lib/python3.12/site-packages/airflow/example_dags/example_nested_branch_dag.py
[2026-03-13T23:23:13.268+0100] {processor.py:830} INFO - Processing file /Users/harshasogala/financial-data-platform/venv/lib/python3.12/site-packages/airflow/example_dags/example_nested_branch_dag.py for tasks to queue
[2026-03-13T23:23:13.269+0100] {logging_mixin.py:188} INFO - [2026-03-13T23:23:13.268+0100] {dagbag.py:545} INFO - Filling up the DagBag from /Users/harshasogala/financial-data-platform/venv/lib/python3.12/site-packages/airflow/example_dags/example_nested_branch_dag.py
[2026-03-13T23:23:13.293+0100] {processor.py:840} INFO - DAG(s) 'example_nested_branch_dag' retrieved from /Users/harshasogala/financial-data-platform/venv/lib/python3.12/site-packages/airflow/example_dags/example_nested_branch_dag.py
[2026-03-13T23:23:13.347+0100] {logging_mixin.py:188} INFO - [2026-03-13T23:23:13.347+0100] {dag.py:3089} INFO - Sync 1 DAGs
[2026-03-13T23:23:13.390+0100] {logging_mixin.py:188} INFO - [2026-03-13T23:23:13.390+0100] {dag.py:3947} INFO - Setting next_dagrun for example_nested_branch_dag to 2026-03-12 00:00:00+00:00, run_after=2026-03-13 00:00:00+00:00
[2026-03-13T23:23:13.402+0100] {processor.py:183} INFO - Processing /Users/harshasogala/financial-data-platform/venv/lib/python3.12/site-packages/airflow/example_dags/example_nested_branch_dag.py took 0.137 seconds
[2026-03-13T23:24:24.850+0100] {processor.py:161} INFO - Started process (PID=74021) to work on /Users/harshasogala/financial-data-platform/venv/lib/python3.12/site-packages/airflow/example_dags/example_nested_branch_dag.py
[2026-03-13T23:24:24.852+0100] {processor.py:830} INFO - Processing file /Users/harshasogala/financial-data-platform/venv/lib/python3.12/site-packages/airflow/example_dags/example_nested_branch_dag.py for tasks to queue
[2026-03-13T23:24:24.852+0100] {logging_mixin.py:188} INFO - [2026-03-13T23:24:24.852+0100] {dagbag.py:545} INFO - Filling up the DagBag from /Users/harshasogala/financial-data-platform/venv/lib/python3.12/site-packages/airflow/example_dags/example_nested_branch_dag.py
[2026-03-13T23:24:24.877+0100] {processor.py:840} INFO - DAG(s) 'example_nested_branch_dag' retrieved from /Users/harshasogala/financial-data-platform/venv/lib/python3.12/site-packages/airflow/example_dags/example_nested_branch_dag.py
[2026-03-13T23:24:24.931+0100] {logging_mixin.py:188} INFO - [2026-03-13T23:24:24.931+0100] {dag.py:3089} INFO - Sync 1 DAGs
[2026-03-13T23:24:24.974+0100] {logging_mixin.py:188} INFO - [2026-03-13T23:24:24.974+0100] {dag.py:3947} INFO - Setting next_dagrun for example_nested_branch_dag to 2026-03-12 00:00:00+00:00, run_after=2026-03-13 00:00:00+00:00
[2026-03-13T23:24:24.985+0100] {processor.py:183} INFO - Processing /Users/harshasogala/financial-data-platform/venv/lib/python3.12/site-packages/airflow/example_dags/example_nested_branch_dag.py took 0.136 seconds
[2026-03-13T23:25:46.552+0100] {processor.py:161} INFO - Started process (PID=74081) to work on /Users/harshasogala/financial-data-platform/venv/lib/python3.12/site-packages/airflow/example_dags/example_nested_branch_dag.py
[2026-03-13T23:25:46.552+0100] {processor.py:830} INFO - Processing file /Users/harshasogala/financial-data-platform/venv/lib/python3.12/site-packages/airflow/example_dags/example_nested_branch_dag.py for tasks to queue
[2026-03-13T23:25:46.553+0100] {logging_mixin.py:188} INFO - [2026-03-13T23:25:46.553+0100] {dagbag.py:545} INFO - Filling up the DagBag from /Users/harshasogala/financial-data-platform/venv/lib/python3.12/site-packages/airflow/example_dags/example_nested_branch_dag.py
[2026-03-13T23:25:46.578+0100] {processor.py:840} INFO - DAG(s) 'example_nested_branch_dag' retrieved from /Users/harshasogala/financial-data-platform/venv/lib/python3.12/site-packages/airflow/example_dags/example_nested_branch_dag.py
[2026-03-13T23:25:46.631+0100] {logging_mixin.py:188} INFO - [2026-03-13T23:25:46.631+0100] {dag.py:3089} INFO - Sync 1 DAGs
[2026-03-13T23:25:46.675+0100] {logging_mixin.py:188} INFO - [2026-03-13T23:25:46.674+0100] {dag.py:3947} INFO - Setting next_dagrun for example_nested_branch_dag to 2026-03-12 00:00:00+00:00, run_after=2026-03-13 00:00:00+00:00
[2026-03-13T23:25:46.685+0100] {processor.py:183} INFO - Processing /Users/harshasogala/financial-data-platform/venv/lib/python3.12/site-packages/airflow/example_dags/example_nested_branch_dag.py took 0.136 seconds
[2026-03-13T23:26:59.069+0100] {processor.py:161} INFO - Started process (PID=74145) to work on /Users/harshasogala/financial-data-platform/venv/lib/python3.12/site-packages/airflow/example_dags/example_nested_branch_dag.py
[2026-03-13T23:26:59.070+0100] {processor.py:830} INFO - Processing file /Users/harshasogala/financial-data-platform/venv/lib/python3.12/site-packages/airflow/example_dags/example_nested_branch_dag.py for tasks to queue
[2026-03-13T23:26:59.070+0100] {logging_mixin.py:188} INFO - [2026-03-13T23:26:59.070+0100] {dagbag.py:545} INFO - Filling up the DagBag from /Users/harshasogala/financial-data-platform/venv/lib/python3.12/site-packages/airflow/example_dags/example_nested_branch_dag.py
[2026-03-13T23:26:59.098+0100] {processor.py:840} INFO - DAG(s) 'example_nested_branch_dag' retrieved from /Users/harshasogala/financial-data-platform/venv/lib/python3.12/site-packages/airflow/example_dags/example_nested_branch_dag.py
[2026-03-13T23:26:59.153+0100] {logging_mixin.py:188} INFO - [2026-03-13T23:26:59.153+0100] {dag.py:3089} INFO - Sync 1 DAGs
[2026-03-13T23:26:59.198+0100] {logging_mixin.py:188} INFO - [2026-03-13T23:26:59.198+0100] {dag.py:3947} INFO - Setting next_dagrun for example_nested_branch_dag to 2026-03-12 00:00:00+00:00, run_after=2026-03-13 00:00:00+00:00
[2026-03-13T23:26:59.208+0100] {processor.py:183} INFO - Processing /Users/harshasogala/financial-data-platform/venv/lib/python3.12/site-packages/airflow/example_dags/example_nested_branch_dag.py took 0.141 seconds
[2026-03-13T23:28:20.657+0100] {processor.py:161} INFO - Started process (PID=74240) to work on /Users/harshasogala/financial-data-platform/venv/lib/python3.12/site-packages/airflow/example_dags/example_nested_branch_dag.py
[2026-03-13T23:28:20.658+0100] {processor.py:830} INFO - Processing file /Users/harshasogala/financial-data-platform/venv/lib/python3.12/site-packages/airflow/example_dags/example_nested_branch_dag.py for tasks to queue
[2026-03-13T23:28:20.659+0100] {logging_mixin.py:188} INFO - [2026-03-13T23:28:20.659+0100] {dagbag.py:545} INFO - Filling up the DagBag from /Users/harshasogala/financial-data-platform/venv/lib/python3.12/site-packages/airflow/example_dags/example_nested_branch_dag.py
[2026-03-13T23:28:20.683+0100] {processor.py:840} INFO - DAG(s) 'example_nested_branch_dag' retrieved from /Users/harshasogala/financial-data-platform/venv/lib/python3.12/site-packages/airflow/example_dags/example_nested_branch_dag.py
[2026-03-13T23:28:20.737+0100] {logging_mixin.py:188} INFO - [2026-03-13T23:28:20.736+0100] {dag.py:3089} INFO - Sync 1 DAGs
[2026-03-13T23:28:20.779+0100] {logging_mixin.py:188} INFO - [2026-03-13T23:28:20.779+0100] {dag.py:3947} INFO - Setting next_dagrun for example_nested_branch_dag to 2026-03-12 00:00:00+00:00, run_after=2026-03-13 00:00:00+00:00
[2026-03-13T23:28:20.789+0100] {processor.py:183} INFO - Processing /Users/harshasogala/financial-data-platform/venv/lib/python3.12/site-packages/airflow/example_dags/example_nested_branch_dag.py took 0.134 seconds
[2026-03-13T23:29:34.975+0100] {processor.py:161} INFO - Started process (PID=74301) to work on /Users/harshasogala/financial-data-platform/venv/lib/python3.12/site-packages/airflow/example_dags/example_nested_branch_dag.py
[2026-03-13T23:29:34.976+0100] {processor.py:830} INFO - Processing file /Users/harshasogala/financial-data-platform/venv/lib/python3.12/site-packages/airflow/example_dags/example_nested_branch_dag.py for tasks to queue
[2026-03-13T23:29:34.977+0100] {logging_mixin.py:188} INFO - [2026-03-13T23:29:34.976+0100] {dagbag.py:545} INFO - Filling up the DagBag from /Users/harshasogala/financial-data-platform/venv/lib/python3.12/site-packages/airflow/example_dags/example_nested_branch_dag.py
[2026-03-13T23:29:35.001+0100] {processor.py:840} INFO - DAG(s) 'example_nested_branch_dag' retrieved from /Users/harshasogala/financial-data-platform/venv/lib/python3.12/site-packages/airflow/example_dags/example_nested_branch_dag.py
[2026-03-13T23:29:35.055+0100] {logging_mixin.py:188} INFO - [2026-03-13T23:29:35.055+0100] {dag.py:3089} INFO - Sync 1 DAGs
[2026-03-13T23:29:35.098+0100] {logging_mixin.py:188} INFO - [2026-03-13T23:29:35.098+0100] {dag.py:3947} INFO - Setting next_dagrun for example_nested_branch_dag to 2026-03-12 00:00:00+00:00, run_after=2026-03-13 00:00:00+00:00
[2026-03-13T23:29:35.109+0100] {processor.py:183} INFO - Processing /Users/harshasogala/financial-data-platform/venv/lib/python3.12/site-packages/airflow/example_dags/example_nested_branch_dag.py took 0.135 seconds
[2026-03-13T23:30:54.081+0100] {processor.py:161} INFO - Started process (PID=74404) to work on /Users/harshasogala/financial-data-platform/venv/lib/python3.12/site-packages/airflow/example_dags/example_nested_branch_dag.py
[2026-03-13T23:30:54.082+0100] {processor.py:830} INFO - Processing file /Users/harshasogala/financial-data-platform/venv/lib/python3.12/site-packages/airflow/example_dags/example_nested_branch_dag.py for tasks to queue
[2026-03-13T23:30:54.082+0100] {logging_mixin.py:188} INFO - [2026-03-13T23:30:54.082+0100] {dagbag.py:545} INFO - Filling up the DagBag from /Users/harshasogala/financial-data-platform/venv/lib/python3.12/site-packages/airflow/example_dags/example_nested_branch_dag.py
[2026-03-13T23:30:54.108+0100] {processor.py:840} INFO - DAG(s) 'example_nested_branch_dag' retrieved from /Users/harshasogala/financial-data-platform/venv/lib/python3.12/site-packages/airflow/example_dags/example_nested_branch_dag.py
[2026-03-13T23:30:54.163+0100] {logging_mixin.py:188} INFO - [2026-03-13T23:30:54.163+0100] {dag.py:3089} INFO - Sync 1 DAGs
[2026-03-13T23:30:54.207+0100] {logging_mixin.py:188} INFO - [2026-03-13T23:30:54.207+0100] {dag.py:3947} INFO - Setting next_dagrun for example_nested_branch_dag to 2026-03-12 00:00:00+00:00, run_after=2026-03-13 00:00:00+00:00
[2026-03-13T23:30:54.218+0100] {processor.py:183} INFO - Processing /Users/harshasogala/financial-data-platform/venv/lib/python3.12/site-packages/airflow/example_dags/example_nested_branch_dag.py took 0.139 seconds
[2026-03-13T23:32:10.005+0100] {processor.py:161} INFO - Started process (PID=74916) to work on /Users/harshasogala/financial-data-platform/venv/lib/python3.12/site-packages/airflow/example_dags/example_nested_branch_dag.py
[2026-03-13T23:32:10.006+0100] {processor.py:830} INFO - Processing file /Users/harshasogala/financial-data-platform/venv/lib/python3.12/site-packages/airflow/example_dags/example_nested_branch_dag.py for tasks to queue
[2026-03-13T23:32:10.006+0100] {logging_mixin.py:188} INFO - [2026-03-13T23:32:10.006+0100] {dagbag.py:545} INFO - Filling up the DagBag from /Users/harshasogala/financial-data-platform/venv/lib/python3.12/site-packages/airflow/example_dags/example_nested_branch_dag.py
[2026-03-13T23:32:10.031+0100] {processor.py:840} INFO - DAG(s) 'example_nested_branch_dag' retrieved from /Users/harshasogala/financial-data-platform/venv/lib/python3.12/site-packages/airflow/example_dags/example_nested_branch_dag.py
[2026-03-13T23:32:10.086+0100] {logging_mixin.py:188} INFO - [2026-03-13T23:32:10.086+0100] {dag.py:3089} INFO - Sync 1 DAGs
[2026-03-13T23:32:10.129+0100] {logging_mixin.py:188} INFO - [2026-03-13T23:32:10.129+0100] {dag.py:3947} INFO - Setting next_dagrun for example_nested_branch_dag to 2026-03-12 00:00:00+00:00, run_after=2026-03-13 00:00:00+00:00
[2026-03-13T23:32:10.142+0100] {processor.py:183} INFO - Processing /Users/harshasogala/financial-data-platform/venv/lib/python3.12/site-packages/airflow/example_dags/example_nested_branch_dag.py took 0.138 seconds
[2026-03-13T23:33:29.513+0100] {processor.py:161} INFO - Started process (PID=75019) to work on /Users/harshasogala/financial-data-platform/venv/lib/python3.12/site-packages/airflow/example_dags/example_nested_branch_dag.py
[2026-03-13T23:33:29.514+0100] {processor.py:830} INFO - Processing file /Users/harshasogala/financial-data-platform/venv/lib/python3.12/site-packages/airflow/example_dags/example_nested_branch_dag.py for tasks to queue
[2026-03-13T23:33:29.515+0100] {logging_mixin.py:188} INFO - [2026-03-13T23:33:29.515+0100] {dagbag.py:545} INFO - Filling up the DagBag from /Users/harshasogala/financial-data-platform/venv/lib/python3.12/site-packages/airflow/example_dags/example_nested_branch_dag.py
[2026-03-13T23:33:29.551+0100] {processor.py:840} INFO - DAG(s) 'example_nested_branch_dag' retrieved from /Users/harshasogala/financial-data-platform/venv/lib/python3.12/site-packages/airflow/example_dags/example_nested_branch_dag.py
[2026-03-13T23:33:29.619+0100] {logging_mixin.py:188} INFO - [2026-03-13T23:33:29.619+0100] {dag.py:3089} INFO - Sync 1 DAGs
[2026-03-13T23:33:29.694+0100] {logging_mixin.py:188} INFO - [2026-03-13T23:33:29.694+0100] {dag.py:3947} INFO - Setting next_dagrun for example_nested_branch_dag to 2026-03-12 00:00:00+00:00, run_after=2026-03-13 00:00:00+00:00
[2026-03-13T23:33:29.712+0100] {processor.py:183} INFO - Processing /Users/harshasogala/financial-data-platform/venv/lib/python3.12/site-packages/airflow/example_dags/example_nested_branch_dag.py took 0.202 seconds
