[2026-03-13T22:18:06.056+0100] {processor.py:161} INFO - Started process (PID=65486) to work on /Users/harshasogala/financial-data-platform/venv/lib/python3.12/site-packages/airflow/example_dags/example_trigger_target_dag.py
[2026-03-13T22:18:06.056+0100] {processor.py:830} INFO - Processing file /Users/harshasogala/financial-data-platform/venv/lib/python3.12/site-packages/airflow/example_dags/example_trigger_target_dag.py for tasks to queue
[2026-03-13T22:18:06.057+0100] {logging_mixin.py:188} INFO - [2026-03-13T22:18:06.057+0100] {dagbag.py:545} INFO - Filling up the DagBag from /Users/harshasogala/financial-data-platform/venv/lib/python3.12/site-packages/airflow/example_dags/example_trigger_target_dag.py
[2026-03-13T22:18:06.079+0100] {processor.py:840} INFO - DAG(s) 'example_trigger_target_dag' retrieved from /Users/harshasogala/financial-data-platform/venv/lib/python3.12/site-packages/airflow/example_dags/example_trigger_target_dag.py
[2026-03-13T22:18:06.178+0100] {logging_mixin.py:188} INFO - [2026-03-13T22:18:06.177+0100] {override.py:1858} INFO - Created Permission View: can read on DAG:example_trigger_target_dag
[2026-03-13T22:18:06.182+0100] {logging_mixin.py:188} INFO - [2026-03-13T22:18:06.182+0100] {override.py:1858} INFO - Created Permission View: can delete on DAG:example_trigger_target_dag
[2026-03-13T22:18:06.186+0100] {logging_mixin.py:188} INFO - [2026-03-13T22:18:06.186+0100] {override.py:1858} INFO - Created Permission View: can edit on DAG:example_trigger_target_dag
[2026-03-13T22:18:06.186+0100] {logging_mixin.py:188} INFO - [2026-03-13T22:18:06.186+0100] {dag.py:3089} INFO - Sync 1 DAGs
[2026-03-13T22:18:06.191+0100] {logging_mixin.py:188} INFO - [2026-03-13T22:18:06.191+0100] {dag.py:3111} INFO - Creating ORM DAG for example_trigger_target_dag
[2026-03-13T22:18:06.192+0100] {logging_mixin.py:188} INFO - [2026-03-13T22:18:06.192+0100] {dag.py:3947} INFO - Setting next_dagrun for example_trigger_target_dag to None, run_after=None
[2026-03-13T22:18:06.203+0100] {processor.py:183} INFO - Processing /Users/harshasogala/financial-data-platform/venv/lib/python3.12/site-packages/airflow/example_dags/example_trigger_target_dag.py took 0.149 seconds
[2026-03-13T22:19:54.896+0100] {processor.py:161} INFO - Started process (PID=66073) to work on /Users/harshasogala/financial-data-platform/venv/lib/python3.12/site-packages/airflow/example_dags/example_trigger_target_dag.py
[2026-03-13T22:19:54.897+0100] {processor.py:830} INFO - Processing file /Users/harshasogala/financial-data-platform/venv/lib/python3.12/site-packages/airflow/example_dags/example_trigger_target_dag.py for tasks to queue
[2026-03-13T22:19:54.897+0100] {logging_mixin.py:188} INFO - [2026-03-13T22:19:54.897+0100] {dagbag.py:545} INFO - Filling up the DagBag from /Users/harshasogala/financial-data-platform/venv/lib/python3.12/site-packages/airflow/example_dags/example_trigger_target_dag.py
[2026-03-13T22:19:54.924+0100] {processor.py:840} INFO - DAG(s) 'example_trigger_target_dag' retrieved from /Users/harshasogala/financial-data-platform/venv/lib/python3.12/site-packages/airflow/example_dags/example_trigger_target_dag.py
[2026-03-13T22:19:54.980+0100] {logging_mixin.py:188} INFO - [2026-03-13T22:19:54.979+0100] {dag.py:3089} INFO - Sync 1 DAGs
[2026-03-13T22:19:54.985+0100] {logging_mixin.py:188} INFO - [2026-03-13T22:19:54.985+0100] {dag.py:3947} INFO - Setting next_dagrun for example_trigger_target_dag to None, run_after=None
[2026-03-13T22:19:54.995+0100] {processor.py:183} INFO - Processing /Users/harshasogala/financial-data-platform/venv/lib/python3.12/site-packages/airflow/example_dags/example_trigger_target_dag.py took 0.101 seconds
[2026-03-13T22:21:13.468+0100] {processor.py:161} INFO - Started process (PID=66143) to work on /Users/harshasogala/financial-data-platform/venv/lib/python3.12/site-packages/airflow/example_dags/example_trigger_target_dag.py
[2026-03-13T22:21:13.469+0100] {processor.py:830} INFO - Processing file /Users/harshasogala/financial-data-platform/venv/lib/python3.12/site-packages/airflow/example_dags/example_trigger_target_dag.py for tasks to queue
[2026-03-13T22:21:13.470+0100] {logging_mixin.py:188} INFO - [2026-03-13T22:21:13.469+0100] {dagbag.py:545} INFO - Filling up the DagBag from /Users/harshasogala/financial-data-platform/venv/lib/python3.12/site-packages/airflow/example_dags/example_trigger_target_dag.py
[2026-03-13T22:21:13.493+0100] {processor.py:840} INFO - DAG(s) 'example_trigger_target_dag' retrieved from /Users/harshasogala/financial-data-platform/venv/lib/python3.12/site-packages/airflow/example_dags/example_trigger_target_dag.py
[2026-03-13T22:21:13.550+0100] {logging_mixin.py:188} INFO - [2026-03-13T22:21:13.550+0100] {dag.py:3089} INFO - Sync 1 DAGs
[2026-03-13T22:21:13.555+0100] {logging_mixin.py:188} INFO - [2026-03-13T22:21:13.555+0100] {dag.py:3947} INFO - Setting next_dagrun for example_trigger_target_dag to None, run_after=None
[2026-03-13T22:21:13.566+0100] {processor.py:183} INFO - Processing /Users/harshasogala/financial-data-platform/venv/lib/python3.12/site-packages/airflow/example_dags/example_trigger_target_dag.py took 0.100 seconds
[2026-03-13T22:27:40.571+0100] {processor.py:161} INFO - Started process (PID=67204) to work on /Users/harshasogala/financial-data-platform/venv/lib/python3.12/site-packages/airflow/example_dags/example_trigger_target_dag.py
[2026-03-13T22:27:40.572+0100] {processor.py:830} INFO - Processing file /Users/harshasogala/financial-data-platform/venv/lib/python3.12/site-packages/airflow/example_dags/example_trigger_target_dag.py for tasks to queue
[2026-03-13T22:27:40.573+0100] {logging_mixin.py:188} INFO - [2026-03-13T22:27:40.572+0100] {dagbag.py:545} INFO - Filling up the DagBag from /Users/harshasogala/financial-data-platform/venv/lib/python3.12/site-packages/airflow/example_dags/example_trigger_target_dag.py
[2026-03-13T22:27:40.595+0100] {processor.py:840} INFO - DAG(s) 'example_trigger_target_dag' retrieved from /Users/harshasogala/financial-data-platform/venv/lib/python3.12/site-packages/airflow/example_dags/example_trigger_target_dag.py
[2026-03-13T22:27:40.648+0100] {logging_mixin.py:188} INFO - [2026-03-13T22:27:40.648+0100] {dag.py:3089} INFO - Sync 1 DAGs
[2026-03-13T22:27:40.654+0100] {logging_mixin.py:188} INFO - [2026-03-13T22:27:40.654+0100] {dag.py:3947} INFO - Setting next_dagrun for example_trigger_target_dag to None, run_after=None
[2026-03-13T22:27:40.664+0100] {processor.py:183} INFO - Processing /Users/harshasogala/financial-data-platform/venv/lib/python3.12/site-packages/airflow/example_dags/example_trigger_target_dag.py took 0.095 seconds
[2026-03-13T22:29:09.776+0100] {processor.py:161} INFO - Started process (PID=67368) to work on /Users/harshasogala/financial-data-platform/venv/lib/python3.12/site-packages/airflow/example_dags/example_trigger_target_dag.py
[2026-03-13T22:29:09.777+0100] {processor.py:830} INFO - Processing file /Users/harshasogala/financial-data-platform/venv/lib/python3.12/site-packages/airflow/example_dags/example_trigger_target_dag.py for tasks to queue
[2026-03-13T22:29:09.777+0100] {logging_mixin.py:188} INFO - [2026-03-13T22:29:09.777+0100] {dagbag.py:545} INFO - Filling up the DagBag from /Users/harshasogala/financial-data-platform/venv/lib/python3.12/site-packages/airflow/example_dags/example_trigger_target_dag.py
[2026-03-13T22:29:09.799+0100] {processor.py:840} INFO - DAG(s) 'example_trigger_target_dag' retrieved from /Users/harshasogala/financial-data-platform/venv/lib/python3.12/site-packages/airflow/example_dags/example_trigger_target_dag.py
[2026-03-13T22:29:09.909+0100] {logging_mixin.py:188} INFO - [2026-03-13T22:29:09.909+0100] {dag.py:3089} INFO - Sync 1 DAGs
[2026-03-13T22:29:09.917+0100] {logging_mixin.py:188} INFO - [2026-03-13T22:29:09.917+0100] {dag.py:3947} INFO - Setting next_dagrun for example_trigger_target_dag to None, run_after=None
[2026-03-13T22:29:09.934+0100] {processor.py:183} INFO - Processing /Users/harshasogala/financial-data-platform/venv/lib/python3.12/site-packages/airflow/example_dags/example_trigger_target_dag.py took 0.160 seconds
[2026-03-13T22:30:16.205+0100] {processor.py:161} INFO - Started process (PID=67497) to work on /Users/harshasogala/financial-data-platform/venv/lib/python3.12/site-packages/airflow/example_dags/example_trigger_target_dag.py
[2026-03-13T22:30:16.206+0100] {processor.py:830} INFO - Processing file /Users/harshasogala/financial-data-platform/venv/lib/python3.12/site-packages/airflow/example_dags/example_trigger_target_dag.py for tasks to queue
[2026-03-13T22:30:16.206+0100] {logging_mixin.py:188} INFO - [2026-03-13T22:30:16.206+0100] {dagbag.py:545} INFO - Filling up the DagBag from /Users/harshasogala/financial-data-platform/venv/lib/python3.12/site-packages/airflow/example_dags/example_trigger_target_dag.py
[2026-03-13T22:30:16.229+0100] {processor.py:840} INFO - DAG(s) 'example_trigger_target_dag' retrieved from /Users/harshasogala/financial-data-platform/venv/lib/python3.12/site-packages/airflow/example_dags/example_trigger_target_dag.py
[2026-03-13T22:30:16.282+0100] {logging_mixin.py:188} INFO - [2026-03-13T22:30:16.282+0100] {dag.py:3089} INFO - Sync 1 DAGs
[2026-03-13T22:30:16.288+0100] {logging_mixin.py:188} INFO - [2026-03-13T22:30:16.287+0100] {dag.py:3947} INFO - Setting next_dagrun for example_trigger_target_dag to None, run_after=None
[2026-03-13T22:30:16.308+0100] {processor.py:183} INFO - Processing /Users/harshasogala/financial-data-platform/venv/lib/python3.12/site-packages/airflow/example_dags/example_trigger_target_dag.py took 0.105 seconds
[2026-03-13T22:31:26.860+0100] {processor.py:161} INFO - Started process (PID=67765) to work on /Users/harshasogala/financial-data-platform/venv/lib/python3.12/site-packages/airflow/example_dags/example_trigger_target_dag.py
[2026-03-13T22:31:26.861+0100] {processor.py:830} INFO - Processing file /Users/harshasogala/financial-data-platform/venv/lib/python3.12/site-packages/airflow/example_dags/example_trigger_target_dag.py for tasks to queue
[2026-03-13T22:31:26.862+0100] {logging_mixin.py:188} INFO - [2026-03-13T22:31:26.861+0100] {dagbag.py:545} INFO - Filling up the DagBag from /Users/harshasogala/financial-data-platform/venv/lib/python3.12/site-packages/airflow/example_dags/example_trigger_target_dag.py
[2026-03-13T22:31:26.893+0100] {processor.py:840} INFO - DAG(s) 'example_trigger_target_dag' retrieved from /Users/harshasogala/financial-data-platform/venv/lib/python3.12/site-packages/airflow/example_dags/example_trigger_target_dag.py
[2026-03-13T22:31:26.968+0100] {logging_mixin.py:188} INFO - [2026-03-13T22:31:26.968+0100] {dag.py:3089} INFO - Sync 1 DAGs
[2026-03-13T22:31:27.020+0100] {logging_mixin.py:188} INFO - [2026-03-13T22:31:27.020+0100] {dag.py:3947} INFO - Setting next_dagrun for example_trigger_target_dag to None, run_after=None
[2026-03-13T22:31:27.035+0100] {processor.py:183} INFO - Processing /Users/harshasogala/financial-data-platform/venv/lib/python3.12/site-packages/airflow/example_dags/example_trigger_target_dag.py took 0.177 seconds
[2026-03-13T22:32:49.997+0100] {processor.py:161} INFO - Started process (PID=68746) to work on /Users/harshasogala/financial-data-platform/venv/lib/python3.12/site-packages/airflow/example_dags/example_trigger_target_dag.py
[2026-03-13T22:32:49.998+0100] {processor.py:830} INFO - Processing file /Users/harshasogala/financial-data-platform/venv/lib/python3.12/site-packages/airflow/example_dags/example_trigger_target_dag.py for tasks to queue
[2026-03-13T22:32:49.999+0100] {logging_mixin.py:188} INFO - [2026-03-13T22:32:49.998+0100] {dagbag.py:545} INFO - Filling up the DagBag from /Users/harshasogala/financial-data-platform/venv/lib/python3.12/site-packages/airflow/example_dags/example_trigger_target_dag.py
[2026-03-13T22:32:50.021+0100] {processor.py:840} INFO - DAG(s) 'example_trigger_target_dag' retrieved from /Users/harshasogala/financial-data-platform/venv/lib/python3.12/site-packages/airflow/example_dags/example_trigger_target_dag.py
[2026-03-13T22:32:50.074+0100] {logging_mixin.py:188} INFO - [2026-03-13T22:32:50.074+0100] {dag.py:3089} INFO - Sync 1 DAGs
[2026-03-13T22:32:50.113+0100] {logging_mixin.py:188} INFO - [2026-03-13T22:32:50.112+0100] {dag.py:3947} INFO - Setting next_dagrun for example_trigger_target_dag to None, run_after=None
[2026-03-13T22:32:50.123+0100] {processor.py:183} INFO - Processing /Users/harshasogala/financial-data-platform/venv/lib/python3.12/site-packages/airflow/example_dags/example_trigger_target_dag.py took 0.128 seconds
[2026-03-13T22:34:11.351+0100] {processor.py:161} INFO - Started process (PID=69175) to work on /Users/harshasogala/financial-data-platform/venv/lib/python3.12/site-packages/airflow/example_dags/example_trigger_target_dag.py
[2026-03-13T22:34:11.352+0100] {processor.py:830} INFO - Processing file /Users/harshasogala/financial-data-platform/venv/lib/python3.12/site-packages/airflow/example_dags/example_trigger_target_dag.py for tasks to queue
[2026-03-13T22:34:11.353+0100] {logging_mixin.py:188} INFO - [2026-03-13T22:34:11.353+0100] {dagbag.py:545} INFO - Filling up the DagBag from /Users/harshasogala/financial-data-platform/venv/lib/python3.12/site-packages/airflow/example_dags/example_trigger_target_dag.py
[2026-03-13T22:34:11.376+0100] {processor.py:840} INFO - DAG(s) 'example_trigger_target_dag' retrieved from /Users/harshasogala/financial-data-platform/venv/lib/python3.12/site-packages/airflow/example_dags/example_trigger_target_dag.py
[2026-03-13T22:34:11.429+0100] {logging_mixin.py:188} INFO - [2026-03-13T22:34:11.429+0100] {dag.py:3089} INFO - Sync 1 DAGs
[2026-03-13T22:34:11.469+0100] {logging_mixin.py:188} INFO - [2026-03-13T22:34:11.468+0100] {dag.py:3947} INFO - Setting next_dagrun for example_trigger_target_dag to None, run_after=None
[2026-03-13T22:34:11.480+0100] {processor.py:183} INFO - Processing /Users/harshasogala/financial-data-platform/venv/lib/python3.12/site-packages/airflow/example_dags/example_trigger_target_dag.py took 0.131 seconds
[2026-03-13T22:35:26.819+0100] {processor.py:161} INFO - Started process (PID=69236) to work on /Users/harshasogala/financial-data-platform/venv/lib/python3.12/site-packages/airflow/example_dags/example_trigger_target_dag.py
[2026-03-13T22:35:26.820+0100] {processor.py:830} INFO - Processing file /Users/harshasogala/financial-data-platform/venv/lib/python3.12/site-packages/airflow/example_dags/example_trigger_target_dag.py for tasks to queue
[2026-03-13T22:35:26.820+0100] {logging_mixin.py:188} INFO - [2026-03-13T22:35:26.820+0100] {dagbag.py:545} INFO - Filling up the DagBag from /Users/harshasogala/financial-data-platform/venv/lib/python3.12/site-packages/airflow/example_dags/example_trigger_target_dag.py
[2026-03-13T22:35:26.844+0100] {processor.py:840} INFO - DAG(s) 'example_trigger_target_dag' retrieved from /Users/harshasogala/financial-data-platform/venv/lib/python3.12/site-packages/airflow/example_dags/example_trigger_target_dag.py
[2026-03-13T22:35:26.898+0100] {logging_mixin.py:188} INFO - [2026-03-13T22:35:26.898+0100] {dag.py:3089} INFO - Sync 1 DAGs
[2026-03-13T22:35:26.940+0100] {logging_mixin.py:188} INFO - [2026-03-13T22:35:26.940+0100] {dag.py:3947} INFO - Setting next_dagrun for example_trigger_target_dag to None, run_after=None
[2026-03-13T22:35:26.951+0100] {processor.py:183} INFO - Processing /Users/harshasogala/financial-data-platform/venv/lib/python3.12/site-packages/airflow/example_dags/example_trigger_target_dag.py took 0.135 seconds
[2026-03-13T22:36:40.817+0100] {processor.py:161} INFO - Started process (PID=69314) to work on /Users/harshasogala/financial-data-platform/venv/lib/python3.12/site-packages/airflow/example_dags/example_trigger_target_dag.py
[2026-03-13T22:36:40.818+0100] {processor.py:830} INFO - Processing file /Users/harshasogala/financial-data-platform/venv/lib/python3.12/site-packages/airflow/example_dags/example_trigger_target_dag.py for tasks to queue
[2026-03-13T22:36:40.818+0100] {logging_mixin.py:188} INFO - [2026-03-13T22:36:40.818+0100] {dagbag.py:545} INFO - Filling up the DagBag from /Users/harshasogala/financial-data-platform/venv/lib/python3.12/site-packages/airflow/example_dags/example_trigger_target_dag.py
[2026-03-13T22:36:40.841+0100] {processor.py:840} INFO - DAG(s) 'example_trigger_target_dag' retrieved from /Users/harshasogala/financial-data-platform/venv/lib/python3.12/site-packages/airflow/example_dags/example_trigger_target_dag.py
[2026-03-13T22:36:40.894+0100] {logging_mixin.py:188} INFO - [2026-03-13T22:36:40.894+0100] {dag.py:3089} INFO - Sync 1 DAGs
[2026-03-13T22:36:40.934+0100] {logging_mixin.py:188} INFO - [2026-03-13T22:36:40.934+0100] {dag.py:3947} INFO - Setting next_dagrun for example_trigger_target_dag to None, run_after=None
[2026-03-13T22:36:40.945+0100] {processor.py:183} INFO - Processing /Users/harshasogala/financial-data-platform/venv/lib/python3.12/site-packages/airflow/example_dags/example_trigger_target_dag.py took 0.130 seconds
[2026-03-13T22:37:54.715+0100] {processor.py:161} INFO - Started process (PID=69372) to work on /Users/harshasogala/financial-data-platform/venv/lib/python3.12/site-packages/airflow/example_dags/example_trigger_target_dag.py
[2026-03-13T22:37:54.716+0100] {processor.py:830} INFO - Processing file /Users/harshasogala/financial-data-platform/venv/lib/python3.12/site-packages/airflow/example_dags/example_trigger_target_dag.py for tasks to queue
[2026-03-13T22:37:54.716+0100] {logging_mixin.py:188} INFO - [2026-03-13T22:37:54.716+0100] {dagbag.py:545} INFO - Filling up the DagBag from /Users/harshasogala/financial-data-platform/venv/lib/python3.12/site-packages/airflow/example_dags/example_trigger_target_dag.py
[2026-03-13T22:37:54.740+0100] {processor.py:840} INFO - DAG(s) 'example_trigger_target_dag' retrieved from /Users/harshasogala/financial-data-platform/venv/lib/python3.12/site-packages/airflow/example_dags/example_trigger_target_dag.py
[2026-03-13T22:37:54.793+0100] {logging_mixin.py:188} INFO - [2026-03-13T22:37:54.793+0100] {dag.py:3089} INFO - Sync 1 DAGs
[2026-03-13T22:37:54.832+0100] {logging_mixin.py:188} INFO - [2026-03-13T22:37:54.832+0100] {dag.py:3947} INFO - Setting next_dagrun for example_trigger_target_dag to None, run_after=None
[2026-03-13T22:37:54.843+0100] {processor.py:183} INFO - Processing /Users/harshasogala/financial-data-platform/venv/lib/python3.12/site-packages/airflow/example_dags/example_trigger_target_dag.py took 0.130 seconds
[2026-03-13T22:39:09.004+0100] {processor.py:161} INFO - Started process (PID=69441) to work on /Users/harshasogala/financial-data-platform/venv/lib/python3.12/site-packages/airflow/example_dags/example_trigger_target_dag.py
[2026-03-13T22:39:09.005+0100] {processor.py:830} INFO - Processing file /Users/harshasogala/financial-data-platform/venv/lib/python3.12/site-packages/airflow/example_dags/example_trigger_target_dag.py for tasks to queue
[2026-03-13T22:39:09.005+0100] {logging_mixin.py:188} INFO - [2026-03-13T22:39:09.005+0100] {dagbag.py:545} INFO - Filling up the DagBag from /Users/harshasogala/financial-data-platform/venv/lib/python3.12/site-packages/airflow/example_dags/example_trigger_target_dag.py
[2026-03-13T22:39:09.028+0100] {processor.py:840} INFO - DAG(s) 'example_trigger_target_dag' retrieved from /Users/harshasogala/financial-data-platform/venv/lib/python3.12/site-packages/airflow/example_dags/example_trigger_target_dag.py
[2026-03-13T22:39:09.081+0100] {logging_mixin.py:188} INFO - [2026-03-13T22:39:09.081+0100] {dag.py:3089} INFO - Sync 1 DAGs
[2026-03-13T22:39:09.121+0100] {logging_mixin.py:188} INFO - [2026-03-13T22:39:09.121+0100] {dag.py:3947} INFO - Setting next_dagrun for example_trigger_target_dag to None, run_after=None
[2026-03-13T22:39:09.131+0100] {processor.py:183} INFO - Processing /Users/harshasogala/financial-data-platform/venv/lib/python3.12/site-packages/airflow/example_dags/example_trigger_target_dag.py took 0.129 seconds
[2026-03-13T22:40:30.095+0100] {processor.py:161} INFO - Started process (PID=69662) to work on /Users/harshasogala/financial-data-platform/venv/lib/python3.12/site-packages/airflow/example_dags/example_trigger_target_dag.py
[2026-03-13T22:40:30.095+0100] {processor.py:830} INFO - Processing file /Users/harshasogala/financial-data-platform/venv/lib/python3.12/site-packages/airflow/example_dags/example_trigger_target_dag.py for tasks to queue
[2026-03-13T22:40:30.096+0100] {logging_mixin.py:188} INFO - [2026-03-13T22:40:30.096+0100] {dagbag.py:545} INFO - Filling up the DagBag from /Users/harshasogala/financial-data-platform/venv/lib/python3.12/site-packages/airflow/example_dags/example_trigger_target_dag.py
[2026-03-13T22:40:30.121+0100] {processor.py:840} INFO - DAG(s) 'example_trigger_target_dag' retrieved from /Users/harshasogala/financial-data-platform/venv/lib/python3.12/site-packages/airflow/example_dags/example_trigger_target_dag.py
[2026-03-13T22:40:30.173+0100] {logging_mixin.py:188} INFO - [2026-03-13T22:40:30.173+0100] {dag.py:3089} INFO - Sync 1 DAGs
[2026-03-13T22:40:30.212+0100] {logging_mixin.py:188} INFO - [2026-03-13T22:40:30.212+0100] {dag.py:3947} INFO - Setting next_dagrun for example_trigger_target_dag to None, run_after=None
[2026-03-13T22:40:30.223+0100] {processor.py:183} INFO - Processing /Users/harshasogala/financial-data-platform/venv/lib/python3.12/site-packages/airflow/example_dags/example_trigger_target_dag.py took 0.130 seconds
[2026-03-13T22:41:48.240+0100] {processor.py:161} INFO - Started process (PID=69721) to work on /Users/harshasogala/financial-data-platform/venv/lib/python3.12/site-packages/airflow/example_dags/example_trigger_target_dag.py
[2026-03-13T22:41:48.241+0100] {processor.py:830} INFO - Processing file /Users/harshasogala/financial-data-platform/venv/lib/python3.12/site-packages/airflow/example_dags/example_trigger_target_dag.py for tasks to queue
[2026-03-13T22:41:48.242+0100] {logging_mixin.py:188} INFO - [2026-03-13T22:41:48.242+0100] {dagbag.py:545} INFO - Filling up the DagBag from /Users/harshasogala/financial-data-platform/venv/lib/python3.12/site-packages/airflow/example_dags/example_trigger_target_dag.py
[2026-03-13T22:41:48.264+0100] {processor.py:840} INFO - DAG(s) 'example_trigger_target_dag' retrieved from /Users/harshasogala/financial-data-platform/venv/lib/python3.12/site-packages/airflow/example_dags/example_trigger_target_dag.py
[2026-03-13T22:41:48.321+0100] {logging_mixin.py:188} INFO - [2026-03-13T22:41:48.321+0100] {dag.py:3089} INFO - Sync 1 DAGs
[2026-03-13T22:41:48.362+0100] {logging_mixin.py:188} INFO - [2026-03-13T22:41:48.362+0100] {dag.py:3947} INFO - Setting next_dagrun for example_trigger_target_dag to None, run_after=None
[2026-03-13T22:41:48.373+0100] {processor.py:183} INFO - Processing /Users/harshasogala/financial-data-platform/venv/lib/python3.12/site-packages/airflow/example_dags/example_trigger_target_dag.py took 0.135 seconds
[2026-03-13T22:43:06.700+0100] {processor.py:161} INFO - Started process (PID=69787) to work on /Users/harshasogala/financial-data-platform/venv/lib/python3.12/site-packages/airflow/example_dags/example_trigger_target_dag.py
[2026-03-13T22:43:06.701+0100] {processor.py:830} INFO - Processing file /Users/harshasogala/financial-data-platform/venv/lib/python3.12/site-packages/airflow/example_dags/example_trigger_target_dag.py for tasks to queue
[2026-03-13T22:43:06.701+0100] {logging_mixin.py:188} INFO - [2026-03-13T22:43:06.701+0100] {dagbag.py:545} INFO - Filling up the DagBag from /Users/harshasogala/financial-data-platform/venv/lib/python3.12/site-packages/airflow/example_dags/example_trigger_target_dag.py
[2026-03-13T22:43:06.725+0100] {processor.py:840} INFO - DAG(s) 'example_trigger_target_dag' retrieved from /Users/harshasogala/financial-data-platform/venv/lib/python3.12/site-packages/airflow/example_dags/example_trigger_target_dag.py
[2026-03-13T22:43:06.778+0100] {logging_mixin.py:188} INFO - [2026-03-13T22:43:06.778+0100] {dag.py:3089} INFO - Sync 1 DAGs
[2026-03-13T22:43:06.818+0100] {logging_mixin.py:188} INFO - [2026-03-13T22:43:06.818+0100] {dag.py:3947} INFO - Setting next_dagrun for example_trigger_target_dag to None, run_after=None
[2026-03-13T22:43:06.829+0100] {processor.py:183} INFO - Processing /Users/harshasogala/financial-data-platform/venv/lib/python3.12/site-packages/airflow/example_dags/example_trigger_target_dag.py took 0.131 seconds
[2026-03-13T22:44:29.024+0100] {processor.py:161} INFO - Started process (PID=70040) to work on /Users/harshasogala/financial-data-platform/venv/lib/python3.12/site-packages/airflow/example_dags/example_trigger_target_dag.py
[2026-03-13T22:44:29.027+0100] {processor.py:830} INFO - Processing file /Users/harshasogala/financial-data-platform/venv/lib/python3.12/site-packages/airflow/example_dags/example_trigger_target_dag.py for tasks to queue
[2026-03-13T22:44:29.028+0100] {logging_mixin.py:188} INFO - [2026-03-13T22:44:29.028+0100] {dagbag.py:545} INFO - Filling up the DagBag from /Users/harshasogala/financial-data-platform/venv/lib/python3.12/site-packages/airflow/example_dags/example_trigger_target_dag.py
[2026-03-13T22:44:29.063+0100] {processor.py:840} INFO - DAG(s) 'example_trigger_target_dag' retrieved from /Users/harshasogala/financial-data-platform/venv/lib/python3.12/site-packages/airflow/example_dags/example_trigger_target_dag.py
[2026-03-13T22:44:29.119+0100] {logging_mixin.py:188} INFO - [2026-03-13T22:44:29.119+0100] {dag.py:3089} INFO - Sync 1 DAGs
[2026-03-13T22:44:29.161+0100] {logging_mixin.py:188} INFO - [2026-03-13T22:44:29.161+0100] {dag.py:3947} INFO - Setting next_dagrun for example_trigger_target_dag to None, run_after=None
[2026-03-13T22:44:29.172+0100] {processor.py:183} INFO - Processing /Users/harshasogala/financial-data-platform/venv/lib/python3.12/site-packages/airflow/example_dags/example_trigger_target_dag.py took 0.156 seconds
[2026-03-13T22:46:01.167+0100] {processor.py:161} INFO - Started process (PID=70344) to work on /Users/harshasogala/financial-data-platform/venv/lib/python3.12/site-packages/airflow/example_dags/example_trigger_target_dag.py
[2026-03-13T22:46:01.168+0100] {processor.py:830} INFO - Processing file /Users/harshasogala/financial-data-platform/venv/lib/python3.12/site-packages/airflow/example_dags/example_trigger_target_dag.py for tasks to queue
[2026-03-13T22:46:01.168+0100] {logging_mixin.py:188} INFO - [2026-03-13T22:46:01.168+0100] {dagbag.py:545} INFO - Filling up the DagBag from /Users/harshasogala/financial-data-platform/venv/lib/python3.12/site-packages/airflow/example_dags/example_trigger_target_dag.py
[2026-03-13T22:46:01.192+0100] {processor.py:840} INFO - DAG(s) 'example_trigger_target_dag' retrieved from /Users/harshasogala/financial-data-platform/venv/lib/python3.12/site-packages/airflow/example_dags/example_trigger_target_dag.py
[2026-03-13T22:46:01.254+0100] {logging_mixin.py:188} INFO - [2026-03-13T22:46:01.254+0100] {dag.py:3089} INFO - Sync 1 DAGs
[2026-03-13T22:46:01.352+0100] {logging_mixin.py:188} INFO - [2026-03-13T22:46:01.352+0100] {dag.py:3947} INFO - Setting next_dagrun for example_trigger_target_dag to None, run_after=None
[2026-03-13T22:46:01.383+0100] {processor.py:183} INFO - Processing /Users/harshasogala/financial-data-platform/venv/lib/python3.12/site-packages/airflow/example_dags/example_trigger_target_dag.py took 0.218 seconds
[2026-03-13T22:47:26.525+0100] {processor.py:161} INFO - Started process (PID=71372) to work on /Users/harshasogala/financial-data-platform/venv/lib/python3.12/site-packages/airflow/example_dags/example_trigger_target_dag.py
[2026-03-13T22:47:26.526+0100] {processor.py:830} INFO - Processing file /Users/harshasogala/financial-data-platform/venv/lib/python3.12/site-packages/airflow/example_dags/example_trigger_target_dag.py for tasks to queue
[2026-03-13T22:47:26.527+0100] {logging_mixin.py:188} INFO - [2026-03-13T22:47:26.527+0100] {dagbag.py:545} INFO - Filling up the DagBag from /Users/harshasogala/financial-data-platform/venv/lib/python3.12/site-packages/airflow/example_dags/example_trigger_target_dag.py
[2026-03-13T22:47:26.550+0100] {processor.py:840} INFO - DAG(s) 'example_trigger_target_dag' retrieved from /Users/harshasogala/financial-data-platform/venv/lib/python3.12/site-packages/airflow/example_dags/example_trigger_target_dag.py
[2026-03-13T22:47:26.603+0100] {logging_mixin.py:188} INFO - [2026-03-13T22:47:26.603+0100] {dag.py:3089} INFO - Sync 1 DAGs
[2026-03-13T22:47:26.644+0100] {logging_mixin.py:188} INFO - [2026-03-13T22:47:26.644+0100] {dag.py:3947} INFO - Setting next_dagrun for example_trigger_target_dag to None, run_after=None
[2026-03-13T22:47:26.655+0100] {processor.py:183} INFO - Processing /Users/harshasogala/financial-data-platform/venv/lib/python3.12/site-packages/airflow/example_dags/example_trigger_target_dag.py took 0.132 seconds
[2026-03-13T22:48:43.050+0100] {processor.py:161} INFO - Started process (PID=71440) to work on /Users/harshasogala/financial-data-platform/venv/lib/python3.12/site-packages/airflow/example_dags/example_trigger_target_dag.py
[2026-03-13T22:48:43.051+0100] {processor.py:830} INFO - Processing file /Users/harshasogala/financial-data-platform/venv/lib/python3.12/site-packages/airflow/example_dags/example_trigger_target_dag.py for tasks to queue
[2026-03-13T22:48:43.052+0100] {logging_mixin.py:188} INFO - [2026-03-13T22:48:43.052+0100] {dagbag.py:545} INFO - Filling up the DagBag from /Users/harshasogala/financial-data-platform/venv/lib/python3.12/site-packages/airflow/example_dags/example_trigger_target_dag.py
[2026-03-13T22:48:43.094+0100] {processor.py:840} INFO - DAG(s) 'example_trigger_target_dag' retrieved from /Users/harshasogala/financial-data-platform/venv/lib/python3.12/site-packages/airflow/example_dags/example_trigger_target_dag.py
[2026-03-13T22:48:43.149+0100] {logging_mixin.py:188} INFO - [2026-03-13T22:48:43.149+0100] {dag.py:3089} INFO - Sync 1 DAGs
[2026-03-13T22:48:43.192+0100] {logging_mixin.py:188} INFO - [2026-03-13T22:48:43.191+0100] {dag.py:3947} INFO - Setting next_dagrun for example_trigger_target_dag to None, run_after=None
[2026-03-13T22:48:43.202+0100] {processor.py:183} INFO - Processing /Users/harshasogala/financial-data-platform/venv/lib/python3.12/site-packages/airflow/example_dags/example_trigger_target_dag.py took 0.155 seconds
[2026-03-13T22:50:03.480+0100] {processor.py:161} INFO - Started process (PID=71596) to work on /Users/harshasogala/financial-data-platform/venv/lib/python3.12/site-packages/airflow/example_dags/example_trigger_target_dag.py
[2026-03-13T22:50:03.483+0100] {processor.py:830} INFO - Processing file /Users/harshasogala/financial-data-platform/venv/lib/python3.12/site-packages/airflow/example_dags/example_trigger_target_dag.py for tasks to queue
[2026-03-13T22:50:03.484+0100] {logging_mixin.py:188} INFO - [2026-03-13T22:50:03.484+0100] {dagbag.py:545} INFO - Filling up the DagBag from /Users/harshasogala/financial-data-platform/venv/lib/python3.12/site-packages/airflow/example_dags/example_trigger_target_dag.py
[2026-03-13T22:50:03.535+0100] {processor.py:840} INFO - DAG(s) 'example_trigger_target_dag' retrieved from /Users/harshasogala/financial-data-platform/venv/lib/python3.12/site-packages/airflow/example_dags/example_trigger_target_dag.py
[2026-03-13T22:50:03.669+0100] {logging_mixin.py:188} INFO - [2026-03-13T22:50:03.668+0100] {dag.py:3089} INFO - Sync 1 DAGs
[2026-03-13T22:50:03.763+0100] {logging_mixin.py:188} INFO - [2026-03-13T22:50:03.763+0100] {dag.py:3947} INFO - Setting next_dagrun for example_trigger_target_dag to None, run_after=None
[2026-03-13T22:50:03.781+0100] {processor.py:183} INFO - Processing /Users/harshasogala/financial-data-platform/venv/lib/python3.12/site-packages/airflow/example_dags/example_trigger_target_dag.py took 0.307 seconds
[2026-03-13T22:50:56.172+0100] {processor.py:161} INFO - Started process (PID=72018) to work on /Users/harshasogala/financial-data-platform/venv/lib/python3.12/site-packages/airflow/example_dags/example_trigger_target_dag.py
[2026-03-13T22:50:56.173+0100] {processor.py:830} INFO - Processing file /Users/harshasogala/financial-data-platform/venv/lib/python3.12/site-packages/airflow/example_dags/example_trigger_target_dag.py for tasks to queue
[2026-03-13T22:50:56.174+0100] {logging_mixin.py:188} INFO - [2026-03-13T22:50:56.174+0100] {dagbag.py:545} INFO - Filling up the DagBag from /Users/harshasogala/financial-data-platform/venv/lib/python3.12/site-packages/airflow/example_dags/example_trigger_target_dag.py
[2026-03-13T22:50:56.197+0100] {processor.py:840} INFO - DAG(s) 'example_trigger_target_dag' retrieved from /Users/harshasogala/financial-data-platform/venv/lib/python3.12/site-packages/airflow/example_dags/example_trigger_target_dag.py
[2026-03-13T22:50:56.251+0100] {logging_mixin.py:188} INFO - [2026-03-13T22:50:56.251+0100] {dag.py:3089} INFO - Sync 1 DAGs
[2026-03-13T22:50:56.294+0100] {logging_mixin.py:188} INFO - [2026-03-13T22:50:56.293+0100] {dag.py:3947} INFO - Setting next_dagrun for example_trigger_target_dag to None, run_after=None
[2026-03-13T22:50:56.305+0100] {processor.py:183} INFO - Processing /Users/harshasogala/financial-data-platform/venv/lib/python3.12/site-packages/airflow/example_dags/example_trigger_target_dag.py took 0.135 seconds
[2026-03-13T22:52:11.579+0100] {processor.py:161} INFO - Started process (PID=72217) to work on /Users/harshasogala/financial-data-platform/venv/lib/python3.12/site-packages/airflow/example_dags/example_trigger_target_dag.py
[2026-03-13T22:52:11.580+0100] {processor.py:830} INFO - Processing file /Users/harshasogala/financial-data-platform/venv/lib/python3.12/site-packages/airflow/example_dags/example_trigger_target_dag.py for tasks to queue
[2026-03-13T22:52:11.580+0100] {logging_mixin.py:188} INFO - [2026-03-13T22:52:11.580+0100] {dagbag.py:545} INFO - Filling up the DagBag from /Users/harshasogala/financial-data-platform/venv/lib/python3.12/site-packages/airflow/example_dags/example_trigger_target_dag.py
[2026-03-13T22:52:11.604+0100] {processor.py:840} INFO - DAG(s) 'example_trigger_target_dag' retrieved from /Users/harshasogala/financial-data-platform/venv/lib/python3.12/site-packages/airflow/example_dags/example_trigger_target_dag.py
[2026-03-13T22:52:11.660+0100] {logging_mixin.py:188} INFO - [2026-03-13T22:52:11.659+0100] {dag.py:3089} INFO - Sync 1 DAGs
[2026-03-13T22:52:11.700+0100] {logging_mixin.py:188} INFO - [2026-03-13T22:52:11.700+0100] {dag.py:3947} INFO - Setting next_dagrun for example_trigger_target_dag to None, run_after=None
[2026-03-13T22:52:11.711+0100] {processor.py:183} INFO - Processing /Users/harshasogala/financial-data-platform/venv/lib/python3.12/site-packages/airflow/example_dags/example_trigger_target_dag.py took 0.134 seconds
[2026-03-13T22:53:28.877+0100] {processor.py:161} INFO - Started process (PID=72414) to work on /Users/harshasogala/financial-data-platform/venv/lib/python3.12/site-packages/airflow/example_dags/example_trigger_target_dag.py
[2026-03-13T22:53:28.878+0100] {processor.py:830} INFO - Processing file /Users/harshasogala/financial-data-platform/venv/lib/python3.12/site-packages/airflow/example_dags/example_trigger_target_dag.py for tasks to queue
[2026-03-13T22:53:28.878+0100] {logging_mixin.py:188} INFO - [2026-03-13T22:53:28.878+0100] {dagbag.py:545} INFO - Filling up the DagBag from /Users/harshasogala/financial-data-platform/venv/lib/python3.12/site-packages/airflow/example_dags/example_trigger_target_dag.py
[2026-03-13T22:53:28.903+0100] {processor.py:840} INFO - DAG(s) 'example_trigger_target_dag' retrieved from /Users/harshasogala/financial-data-platform/venv/lib/python3.12/site-packages/airflow/example_dags/example_trigger_target_dag.py
[2026-03-13T22:53:28.959+0100] {logging_mixin.py:188} INFO - [2026-03-13T22:53:28.959+0100] {dag.py:3089} INFO - Sync 1 DAGs
[2026-03-13T22:53:28.999+0100] {logging_mixin.py:188} INFO - [2026-03-13T22:53:28.999+0100] {dag.py:3947} INFO - Setting next_dagrun for example_trigger_target_dag to None, run_after=None
[2026-03-13T22:53:29.011+0100] {processor.py:183} INFO - Processing /Users/harshasogala/financial-data-platform/venv/lib/python3.12/site-packages/airflow/example_dags/example_trigger_target_dag.py took 0.136 seconds
[2026-03-13T22:54:58.514+0100] {processor.py:161} INFO - Started process (PID=72518) to work on /Users/harshasogala/financial-data-platform/venv/lib/python3.12/site-packages/airflow/example_dags/example_trigger_target_dag.py
[2026-03-13T22:54:58.516+0100] {processor.py:830} INFO - Processing file /Users/harshasogala/financial-data-platform/venv/lib/python3.12/site-packages/airflow/example_dags/example_trigger_target_dag.py for tasks to queue
[2026-03-13T22:54:58.516+0100] {logging_mixin.py:188} INFO - [2026-03-13T22:54:58.516+0100] {dagbag.py:545} INFO - Filling up the DagBag from /Users/harshasogala/financial-data-platform/venv/lib/python3.12/site-packages/airflow/example_dags/example_trigger_target_dag.py
[2026-03-13T22:54:58.539+0100] {processor.py:840} INFO - DAG(s) 'example_trigger_target_dag' retrieved from /Users/harshasogala/financial-data-platform/venv/lib/python3.12/site-packages/airflow/example_dags/example_trigger_target_dag.py
[2026-03-13T22:54:58.592+0100] {logging_mixin.py:188} INFO - [2026-03-13T22:54:58.591+0100] {dag.py:3089} INFO - Sync 1 DAGs
[2026-03-13T22:54:58.631+0100] {logging_mixin.py:188} INFO - [2026-03-13T22:54:58.631+0100] {dag.py:3947} INFO - Setting next_dagrun for example_trigger_target_dag to None, run_after=None
[2026-03-13T22:54:58.642+0100] {processor.py:183} INFO - Processing /Users/harshasogala/financial-data-platform/venv/lib/python3.12/site-packages/airflow/example_dags/example_trigger_target_dag.py took 0.129 seconds
[2026-03-13T22:56:16.409+0100] {processor.py:161} INFO - Started process (PID=72612) to work on /Users/harshasogala/financial-data-platform/venv/lib/python3.12/site-packages/airflow/example_dags/example_trigger_target_dag.py
[2026-03-13T22:56:16.409+0100] {processor.py:830} INFO - Processing file /Users/harshasogala/financial-data-platform/venv/lib/python3.12/site-packages/airflow/example_dags/example_trigger_target_dag.py for tasks to queue
[2026-03-13T22:56:16.410+0100] {logging_mixin.py:188} INFO - [2026-03-13T22:56:16.410+0100] {dagbag.py:545} INFO - Filling up the DagBag from /Users/harshasogala/financial-data-platform/venv/lib/python3.12/site-packages/airflow/example_dags/example_trigger_target_dag.py
[2026-03-13T22:56:16.433+0100] {processor.py:840} INFO - DAG(s) 'example_trigger_target_dag' retrieved from /Users/harshasogala/financial-data-platform/venv/lib/python3.12/site-packages/airflow/example_dags/example_trigger_target_dag.py
[2026-03-13T22:56:16.487+0100] {logging_mixin.py:188} INFO - [2026-03-13T22:56:16.487+0100] {dag.py:3089} INFO - Sync 1 DAGs
[2026-03-13T22:56:16.528+0100] {logging_mixin.py:188} INFO - [2026-03-13T22:56:16.528+0100] {dag.py:3947} INFO - Setting next_dagrun for example_trigger_target_dag to None, run_after=None
[2026-03-13T22:56:16.541+0100] {processor.py:183} INFO - Processing /Users/harshasogala/financial-data-platform/venv/lib/python3.12/site-packages/airflow/example_dags/example_trigger_target_dag.py took 0.134 seconds
[2026-03-13T22:57:35.426+0100] {processor.py:161} INFO - Started process (PID=72672) to work on /Users/harshasogala/financial-data-platform/venv/lib/python3.12/site-packages/airflow/example_dags/example_trigger_target_dag.py
[2026-03-13T22:57:35.427+0100] {processor.py:830} INFO - Processing file /Users/harshasogala/financial-data-platform/venv/lib/python3.12/site-packages/airflow/example_dags/example_trigger_target_dag.py for tasks to queue
[2026-03-13T22:57:35.427+0100] {logging_mixin.py:188} INFO - [2026-03-13T22:57:35.427+0100] {dagbag.py:545} INFO - Filling up the DagBag from /Users/harshasogala/financial-data-platform/venv/lib/python3.12/site-packages/airflow/example_dags/example_trigger_target_dag.py
[2026-03-13T22:57:35.457+0100] {processor.py:840} INFO - DAG(s) 'example_trigger_target_dag' retrieved from /Users/harshasogala/financial-data-platform/venv/lib/python3.12/site-packages/airflow/example_dags/example_trigger_target_dag.py
[2026-03-13T22:57:35.526+0100] {logging_mixin.py:188} INFO - [2026-03-13T22:57:35.525+0100] {dag.py:3089} INFO - Sync 1 DAGs
[2026-03-13T22:57:35.576+0100] {logging_mixin.py:188} INFO - [2026-03-13T22:57:35.576+0100] {dag.py:3947} INFO - Setting next_dagrun for example_trigger_target_dag to None, run_after=None
[2026-03-13T22:57:35.591+0100] {processor.py:183} INFO - Processing /Users/harshasogala/financial-data-platform/venv/lib/python3.12/site-packages/airflow/example_dags/example_trigger_target_dag.py took 0.167 seconds
[2026-03-13T22:58:59.431+0100] {processor.py:161} INFO - Started process (PID=72746) to work on /Users/harshasogala/financial-data-platform/venv/lib/python3.12/site-packages/airflow/example_dags/example_trigger_target_dag.py
[2026-03-13T22:58:59.432+0100] {processor.py:830} INFO - Processing file /Users/harshasogala/financial-data-platform/venv/lib/python3.12/site-packages/airflow/example_dags/example_trigger_target_dag.py for tasks to queue
[2026-03-13T22:58:59.433+0100] {logging_mixin.py:188} INFO - [2026-03-13T22:58:59.432+0100] {dagbag.py:545} INFO - Filling up the DagBag from /Users/harshasogala/financial-data-platform/venv/lib/python3.12/site-packages/airflow/example_dags/example_trigger_target_dag.py
[2026-03-13T22:58:59.455+0100] {processor.py:840} INFO - DAG(s) 'example_trigger_target_dag' retrieved from /Users/harshasogala/financial-data-platform/venv/lib/python3.12/site-packages/airflow/example_dags/example_trigger_target_dag.py
[2026-03-13T22:58:59.507+0100] {logging_mixin.py:188} INFO - [2026-03-13T22:58:59.507+0100] {dag.py:3089} INFO - Sync 1 DAGs
[2026-03-13T22:58:59.548+0100] {logging_mixin.py:188} INFO - [2026-03-13T22:58:59.548+0100] {dag.py:3947} INFO - Setting next_dagrun for example_trigger_target_dag to None, run_after=None
[2026-03-13T22:58:59.560+0100] {processor.py:183} INFO - Processing /Users/harshasogala/financial-data-platform/venv/lib/python3.12/site-packages/airflow/example_dags/example_trigger_target_dag.py took 0.131 seconds
[2026-03-13T23:00:15.742+0100] {processor.py:161} INFO - Started process (PID=72813) to work on /Users/harshasogala/financial-data-platform/venv/lib/python3.12/site-packages/airflow/example_dags/example_trigger_target_dag.py
[2026-03-13T23:00:15.743+0100] {processor.py:830} INFO - Processing file /Users/harshasogala/financial-data-platform/venv/lib/python3.12/site-packages/airflow/example_dags/example_trigger_target_dag.py for tasks to queue
[2026-03-13T23:00:15.744+0100] {logging_mixin.py:188} INFO - [2026-03-13T23:00:15.743+0100] {dagbag.py:545} INFO - Filling up the DagBag from /Users/harshasogala/financial-data-platform/venv/lib/python3.12/site-packages/airflow/example_dags/example_trigger_target_dag.py
[2026-03-13T23:00:15.767+0100] {processor.py:840} INFO - DAG(s) 'example_trigger_target_dag' retrieved from /Users/harshasogala/financial-data-platform/venv/lib/python3.12/site-packages/airflow/example_dags/example_trigger_target_dag.py
[2026-03-13T23:00:15.819+0100] {logging_mixin.py:188} INFO - [2026-03-13T23:00:15.819+0100] {dag.py:3089} INFO - Sync 1 DAGs
[2026-03-13T23:00:15.859+0100] {logging_mixin.py:188} INFO - [2026-03-13T23:00:15.859+0100] {dag.py:3947} INFO - Setting next_dagrun for example_trigger_target_dag to None, run_after=None
[2026-03-13T23:00:15.869+0100] {processor.py:183} INFO - Processing /Users/harshasogala/financial-data-platform/venv/lib/python3.12/site-packages/airflow/example_dags/example_trigger_target_dag.py took 0.129 seconds
[2026-03-13T23:01:37.955+0100] {processor.py:161} INFO - Started process (PID=72880) to work on /Users/harshasogala/financial-data-platform/venv/lib/python3.12/site-packages/airflow/example_dags/example_trigger_target_dag.py
[2026-03-13T23:01:37.956+0100] {processor.py:830} INFO - Processing file /Users/harshasogala/financial-data-platform/venv/lib/python3.12/site-packages/airflow/example_dags/example_trigger_target_dag.py for tasks to queue
[2026-03-13T23:01:37.956+0100] {logging_mixin.py:188} INFO - [2026-03-13T23:01:37.956+0100] {dagbag.py:545} INFO - Filling up the DagBag from /Users/harshasogala/financial-data-platform/venv/lib/python3.12/site-packages/airflow/example_dags/example_trigger_target_dag.py
[2026-03-13T23:01:37.978+0100] {processor.py:840} INFO - DAG(s) 'example_trigger_target_dag' retrieved from /Users/harshasogala/financial-data-platform/venv/lib/python3.12/site-packages/airflow/example_dags/example_trigger_target_dag.py
[2026-03-13T23:01:38.032+0100] {logging_mixin.py:188} INFO - [2026-03-13T23:01:38.032+0100] {dag.py:3089} INFO - Sync 1 DAGs
[2026-03-13T23:01:38.072+0100] {logging_mixin.py:188} INFO - [2026-03-13T23:01:38.072+0100] {dag.py:3947} INFO - Setting next_dagrun for example_trigger_target_dag to None, run_after=None
[2026-03-13T23:01:38.082+0100] {processor.py:183} INFO - Processing /Users/harshasogala/financial-data-platform/venv/lib/python3.12/site-packages/airflow/example_dags/example_trigger_target_dag.py took 0.129 seconds
[2026-03-13T23:02:54.601+0100] {processor.py:161} INFO - Started process (PID=72938) to work on /Users/harshasogala/financial-data-platform/venv/lib/python3.12/site-packages/airflow/example_dags/example_trigger_target_dag.py
[2026-03-13T23:02:54.602+0100] {processor.py:830} INFO - Processing file /Users/harshasogala/financial-data-platform/venv/lib/python3.12/site-packages/airflow/example_dags/example_trigger_target_dag.py for tasks to queue
[2026-03-13T23:02:54.602+0100] {logging_mixin.py:188} INFO - [2026-03-13T23:02:54.602+0100] {dagbag.py:545} INFO - Filling up the DagBag from /Users/harshasogala/financial-data-platform/venv/lib/python3.12/site-packages/airflow/example_dags/example_trigger_target_dag.py
[2026-03-13T23:02:54.625+0100] {processor.py:840} INFO - DAG(s) 'example_trigger_target_dag' retrieved from /Users/harshasogala/financial-data-platform/venv/lib/python3.12/site-packages/airflow/example_dags/example_trigger_target_dag.py
[2026-03-13T23:02:54.678+0100] {logging_mixin.py:188} INFO - [2026-03-13T23:02:54.678+0100] {dag.py:3089} INFO - Sync 1 DAGs
[2026-03-13T23:02:54.717+0100] {logging_mixin.py:188} INFO - [2026-03-13T23:02:54.717+0100] {dag.py:3947} INFO - Setting next_dagrun for example_trigger_target_dag to None, run_after=None
[2026-03-13T23:02:54.728+0100] {processor.py:183} INFO - Processing /Users/harshasogala/financial-data-platform/venv/lib/python3.12/site-packages/airflow/example_dags/example_trigger_target_dag.py took 0.129 seconds
[2026-03-13T23:04:13.652+0100] {processor.py:161} INFO - Started process (PID=72999) to work on /Users/harshasogala/financial-data-platform/venv/lib/python3.12/site-packages/airflow/example_dags/example_trigger_target_dag.py
[2026-03-13T23:04:13.654+0100] {processor.py:830} INFO - Processing file /Users/harshasogala/financial-data-platform/venv/lib/python3.12/site-packages/airflow/example_dags/example_trigger_target_dag.py for tasks to queue
[2026-03-13T23:04:13.655+0100] {logging_mixin.py:188} INFO - [2026-03-13T23:04:13.654+0100] {dagbag.py:545} INFO - Filling up the DagBag from /Users/harshasogala/financial-data-platform/venv/lib/python3.12/site-packages/airflow/example_dags/example_trigger_target_dag.py
[2026-03-13T23:04:13.677+0100] {processor.py:840} INFO - DAG(s) 'example_trigger_target_dag' retrieved from /Users/harshasogala/financial-data-platform/venv/lib/python3.12/site-packages/airflow/example_dags/example_trigger_target_dag.py
[2026-03-13T23:04:13.729+0100] {logging_mixin.py:188} INFO - [2026-03-13T23:04:13.729+0100] {dag.py:3089} INFO - Sync 1 DAGs
[2026-03-13T23:04:13.768+0100] {logging_mixin.py:188} INFO - [2026-03-13T23:04:13.768+0100] {dag.py:3947} INFO - Setting next_dagrun for example_trigger_target_dag to None, run_after=None
[2026-03-13T23:04:13.779+0100] {processor.py:183} INFO - Processing /Users/harshasogala/financial-data-platform/venv/lib/python3.12/site-packages/airflow/example_dags/example_trigger_target_dag.py took 0.129 seconds
[2026-03-13T23:05:30.732+0100] {processor.py:161} INFO - Started process (PID=73060) to work on /Users/harshasogala/financial-data-platform/venv/lib/python3.12/site-packages/airflow/example_dags/example_trigger_target_dag.py
[2026-03-13T23:05:30.733+0100] {processor.py:830} INFO - Processing file /Users/harshasogala/financial-data-platform/venv/lib/python3.12/site-packages/airflow/example_dags/example_trigger_target_dag.py for tasks to queue
[2026-03-13T23:05:30.733+0100] {logging_mixin.py:188} INFO - [2026-03-13T23:05:30.733+0100] {dagbag.py:545} INFO - Filling up the DagBag from /Users/harshasogala/financial-data-platform/venv/lib/python3.12/site-packages/airflow/example_dags/example_trigger_target_dag.py
[2026-03-13T23:05:30.756+0100] {processor.py:840} INFO - DAG(s) 'example_trigger_target_dag' retrieved from /Users/harshasogala/financial-data-platform/venv/lib/python3.12/site-packages/airflow/example_dags/example_trigger_target_dag.py
[2026-03-13T23:05:30.810+0100] {logging_mixin.py:188} INFO - [2026-03-13T23:05:30.810+0100] {dag.py:3089} INFO - Sync 1 DAGs
[2026-03-13T23:05:30.851+0100] {logging_mixin.py:188} INFO - [2026-03-13T23:05:30.851+0100] {dag.py:3947} INFO - Setting next_dagrun for example_trigger_target_dag to None, run_after=None
[2026-03-13T23:05:30.862+0100] {processor.py:183} INFO - Processing /Users/harshasogala/financial-data-platform/venv/lib/python3.12/site-packages/airflow/example_dags/example_trigger_target_dag.py took 0.132 seconds
[2026-03-13T23:06:52.000+0100] {processor.py:161} INFO - Started process (PID=73129) to work on /Users/harshasogala/financial-data-platform/venv/lib/python3.12/site-packages/airflow/example_dags/example_trigger_target_dag.py
[2026-03-13T23:06:52.001+0100] {processor.py:830} INFO - Processing file /Users/harshasogala/financial-data-platform/venv/lib/python3.12/site-packages/airflow/example_dags/example_trigger_target_dag.py for tasks to queue
[2026-03-13T23:06:52.002+0100] {logging_mixin.py:188} INFO - [2026-03-13T23:06:52.002+0100] {dagbag.py:545} INFO - Filling up the DagBag from /Users/harshasogala/financial-data-platform/venv/lib/python3.12/site-packages/airflow/example_dags/example_trigger_target_dag.py
[2026-03-13T23:06:52.024+0100] {processor.py:840} INFO - DAG(s) 'example_trigger_target_dag' retrieved from /Users/harshasogala/financial-data-platform/venv/lib/python3.12/site-packages/airflow/example_dags/example_trigger_target_dag.py
[2026-03-13T23:06:52.077+0100] {logging_mixin.py:188} INFO - [2026-03-13T23:06:52.077+0100] {dag.py:3089} INFO - Sync 1 DAGs
[2026-03-13T23:06:52.115+0100] {logging_mixin.py:188} INFO - [2026-03-13T23:06:52.115+0100] {dag.py:3947} INFO - Setting next_dagrun for example_trigger_target_dag to None, run_after=None
[2026-03-13T23:06:52.126+0100] {processor.py:183} INFO - Processing /Users/harshasogala/financial-data-platform/venv/lib/python3.12/site-packages/airflow/example_dags/example_trigger_target_dag.py took 0.128 seconds
[2026-03-13T23:08:11.190+0100] {processor.py:161} INFO - Started process (PID=73192) to work on /Users/harshasogala/financial-data-platform/venv/lib/python3.12/site-packages/airflow/example_dags/example_trigger_target_dag.py
[2026-03-13T23:08:11.191+0100] {processor.py:830} INFO - Processing file /Users/harshasogala/financial-data-platform/venv/lib/python3.12/site-packages/airflow/example_dags/example_trigger_target_dag.py for tasks to queue
[2026-03-13T23:08:11.191+0100] {logging_mixin.py:188} INFO - [2026-03-13T23:08:11.191+0100] {dagbag.py:545} INFO - Filling up the DagBag from /Users/harshasogala/financial-data-platform/venv/lib/python3.12/site-packages/airflow/example_dags/example_trigger_target_dag.py
[2026-03-13T23:08:11.214+0100] {processor.py:840} INFO - DAG(s) 'example_trigger_target_dag' retrieved from /Users/harshasogala/financial-data-platform/venv/lib/python3.12/site-packages/airflow/example_dags/example_trigger_target_dag.py
[2026-03-13T23:08:11.267+0100] {logging_mixin.py:188} INFO - [2026-03-13T23:08:11.267+0100] {dag.py:3089} INFO - Sync 1 DAGs
[2026-03-13T23:08:11.306+0100] {logging_mixin.py:188} INFO - [2026-03-13T23:08:11.306+0100] {dag.py:3947} INFO - Setting next_dagrun for example_trigger_target_dag to None, run_after=None
[2026-03-13T23:08:11.316+0100] {processor.py:183} INFO - Processing /Users/harshasogala/financial-data-platform/venv/lib/python3.12/site-packages/airflow/example_dags/example_trigger_target_dag.py took 0.128 seconds
[2026-03-13T23:09:23.632+0100] {processor.py:161} INFO - Started process (PID=73251) to work on /Users/harshasogala/financial-data-platform/venv/lib/python3.12/site-packages/airflow/example_dags/example_trigger_target_dag.py
[2026-03-13T23:09:23.633+0100] {processor.py:830} INFO - Processing file /Users/harshasogala/financial-data-platform/venv/lib/python3.12/site-packages/airflow/example_dags/example_trigger_target_dag.py for tasks to queue
[2026-03-13T23:09:23.634+0100] {logging_mixin.py:188} INFO - [2026-03-13T23:09:23.634+0100] {dagbag.py:545} INFO - Filling up the DagBag from /Users/harshasogala/financial-data-platform/venv/lib/python3.12/site-packages/airflow/example_dags/example_trigger_target_dag.py
[2026-03-13T23:09:23.656+0100] {processor.py:840} INFO - DAG(s) 'example_trigger_target_dag' retrieved from /Users/harshasogala/financial-data-platform/venv/lib/python3.12/site-packages/airflow/example_dags/example_trigger_target_dag.py
[2026-03-13T23:09:23.708+0100] {logging_mixin.py:188} INFO - [2026-03-13T23:09:23.708+0100] {dag.py:3089} INFO - Sync 1 DAGs
[2026-03-13T23:09:23.747+0100] {logging_mixin.py:188} INFO - [2026-03-13T23:09:23.746+0100] {dag.py:3947} INFO - Setting next_dagrun for example_trigger_target_dag to None, run_after=None
[2026-03-13T23:09:23.757+0100] {processor.py:183} INFO - Processing /Users/harshasogala/financial-data-platform/venv/lib/python3.12/site-packages/airflow/example_dags/example_trigger_target_dag.py took 0.127 seconds
[2026-03-13T23:10:36.812+0100] {processor.py:161} INFO - Started process (PID=73308) to work on /Users/harshasogala/financial-data-platform/venv/lib/python3.12/site-packages/airflow/example_dags/example_trigger_target_dag.py
[2026-03-13T23:10:36.813+0100] {processor.py:830} INFO - Processing file /Users/harshasogala/financial-data-platform/venv/lib/python3.12/site-packages/airflow/example_dags/example_trigger_target_dag.py for tasks to queue
[2026-03-13T23:10:36.813+0100] {logging_mixin.py:188} INFO - [2026-03-13T23:10:36.813+0100] {dagbag.py:545} INFO - Filling up the DagBag from /Users/harshasogala/financial-data-platform/venv/lib/python3.12/site-packages/airflow/example_dags/example_trigger_target_dag.py
[2026-03-13T23:10:36.836+0100] {processor.py:840} INFO - DAG(s) 'example_trigger_target_dag' retrieved from /Users/harshasogala/financial-data-platform/venv/lib/python3.12/site-packages/airflow/example_dags/example_trigger_target_dag.py
[2026-03-13T23:10:36.889+0100] {logging_mixin.py:188} INFO - [2026-03-13T23:10:36.889+0100] {dag.py:3089} INFO - Sync 1 DAGs
[2026-03-13T23:10:36.928+0100] {logging_mixin.py:188} INFO - [2026-03-13T23:10:36.928+0100] {dag.py:3947} INFO - Setting next_dagrun for example_trigger_target_dag to None, run_after=None
[2026-03-13T23:10:36.939+0100] {processor.py:183} INFO - Processing /Users/harshasogala/financial-data-platform/venv/lib/python3.12/site-packages/airflow/example_dags/example_trigger_target_dag.py took 0.129 seconds
[2026-03-13T23:11:50.150+0100] {processor.py:161} INFO - Started process (PID=73377) to work on /Users/harshasogala/financial-data-platform/venv/lib/python3.12/site-packages/airflow/example_dags/example_trigger_target_dag.py
[2026-03-13T23:11:50.152+0100] {processor.py:830} INFO - Processing file /Users/harshasogala/financial-data-platform/venv/lib/python3.12/site-packages/airflow/example_dags/example_trigger_target_dag.py for tasks to queue
[2026-03-13T23:11:50.152+0100] {logging_mixin.py:188} INFO - [2026-03-13T23:11:50.152+0100] {dagbag.py:545} INFO - Filling up the DagBag from /Users/harshasogala/financial-data-platform/venv/lib/python3.12/site-packages/airflow/example_dags/example_trigger_target_dag.py
[2026-03-13T23:11:50.174+0100] {processor.py:840} INFO - DAG(s) 'example_trigger_target_dag' retrieved from /Users/harshasogala/financial-data-platform/venv/lib/python3.12/site-packages/airflow/example_dags/example_trigger_target_dag.py
[2026-03-13T23:11:50.227+0100] {logging_mixin.py:188} INFO - [2026-03-13T23:11:50.227+0100] {dag.py:3089} INFO - Sync 1 DAGs
[2026-03-13T23:11:50.265+0100] {logging_mixin.py:188} INFO - [2026-03-13T23:11:50.265+0100] {dag.py:3947} INFO - Setting next_dagrun for example_trigger_target_dag to None, run_after=None
[2026-03-13T23:11:50.276+0100] {processor.py:183} INFO - Processing /Users/harshasogala/financial-data-platform/venv/lib/python3.12/site-packages/airflow/example_dags/example_trigger_target_dag.py took 0.127 seconds
[2026-03-13T23:13:04.976+0100] {processor.py:161} INFO - Started process (PID=73435) to work on /Users/harshasogala/financial-data-platform/venv/lib/python3.12/site-packages/airflow/example_dags/example_trigger_target_dag.py
[2026-03-13T23:13:04.978+0100] {processor.py:830} INFO - Processing file /Users/harshasogala/financial-data-platform/venv/lib/python3.12/site-packages/airflow/example_dags/example_trigger_target_dag.py for tasks to queue
[2026-03-13T23:13:04.978+0100] {logging_mixin.py:188} INFO - [2026-03-13T23:13:04.978+0100] {dagbag.py:545} INFO - Filling up the DagBag from /Users/harshasogala/financial-data-platform/venv/lib/python3.12/site-packages/airflow/example_dags/example_trigger_target_dag.py
[2026-03-13T23:13:05.001+0100] {processor.py:840} INFO - DAG(s) 'example_trigger_target_dag' retrieved from /Users/harshasogala/financial-data-platform/venv/lib/python3.12/site-packages/airflow/example_dags/example_trigger_target_dag.py
[2026-03-13T23:13:05.055+0100] {logging_mixin.py:188} INFO - [2026-03-13T23:13:05.055+0100] {dag.py:3089} INFO - Sync 1 DAGs
[2026-03-13T23:13:05.094+0100] {logging_mixin.py:188} INFO - [2026-03-13T23:13:05.094+0100] {dag.py:3947} INFO - Setting next_dagrun for example_trigger_target_dag to None, run_after=None
[2026-03-13T23:13:05.104+0100] {processor.py:183} INFO - Processing /Users/harshasogala/financial-data-platform/venv/lib/python3.12/site-packages/airflow/example_dags/example_trigger_target_dag.py took 0.130 seconds
[2026-03-13T23:14:18.668+0100] {processor.py:161} INFO - Started process (PID=73497) to work on /Users/harshasogala/financial-data-platform/venv/lib/python3.12/site-packages/airflow/example_dags/example_trigger_target_dag.py
[2026-03-13T23:14:18.669+0100] {processor.py:830} INFO - Processing file /Users/harshasogala/financial-data-platform/venv/lib/python3.12/site-packages/airflow/example_dags/example_trigger_target_dag.py for tasks to queue
[2026-03-13T23:14:18.669+0100] {logging_mixin.py:188} INFO - [2026-03-13T23:14:18.669+0100] {dagbag.py:545} INFO - Filling up the DagBag from /Users/harshasogala/financial-data-platform/venv/lib/python3.12/site-packages/airflow/example_dags/example_trigger_target_dag.py
[2026-03-13T23:14:18.692+0100] {processor.py:840} INFO - DAG(s) 'example_trigger_target_dag' retrieved from /Users/harshasogala/financial-data-platform/venv/lib/python3.12/site-packages/airflow/example_dags/example_trigger_target_dag.py
[2026-03-13T23:14:18.745+0100] {logging_mixin.py:188} INFO - [2026-03-13T23:14:18.745+0100] {dag.py:3089} INFO - Sync 1 DAGs
[2026-03-13T23:14:18.783+0100] {logging_mixin.py:188} INFO - [2026-03-13T23:14:18.783+0100] {dag.py:3947} INFO - Setting next_dagrun for example_trigger_target_dag to None, run_after=None
[2026-03-13T23:14:18.795+0100] {processor.py:183} INFO - Processing /Users/harshasogala/financial-data-platform/venv/lib/python3.12/site-packages/airflow/example_dags/example_trigger_target_dag.py took 0.129 seconds
[2026-03-13T23:15:34.567+0100] {processor.py:161} INFO - Started process (PID=73557) to work on /Users/harshasogala/financial-data-platform/venv/lib/python3.12/site-packages/airflow/example_dags/example_trigger_target_dag.py
[2026-03-13T23:15:34.569+0100] {processor.py:830} INFO - Processing file /Users/harshasogala/financial-data-platform/venv/lib/python3.12/site-packages/airflow/example_dags/example_trigger_target_dag.py for tasks to queue
[2026-03-13T23:15:34.569+0100] {logging_mixin.py:188} INFO - [2026-03-13T23:15:34.569+0100] {dagbag.py:545} INFO - Filling up the DagBag from /Users/harshasogala/financial-data-platform/venv/lib/python3.12/site-packages/airflow/example_dags/example_trigger_target_dag.py
[2026-03-13T23:15:34.593+0100] {processor.py:840} INFO - DAG(s) 'example_trigger_target_dag' retrieved from /Users/harshasogala/financial-data-platform/venv/lib/python3.12/site-packages/airflow/example_dags/example_trigger_target_dag.py
[2026-03-13T23:15:34.648+0100] {logging_mixin.py:188} INFO - [2026-03-13T23:15:34.648+0100] {dag.py:3089} INFO - Sync 1 DAGs
[2026-03-13T23:15:34.687+0100] {logging_mixin.py:188} INFO - [2026-03-13T23:15:34.687+0100] {dag.py:3947} INFO - Setting next_dagrun for example_trigger_target_dag to None, run_after=None
[2026-03-13T23:15:34.698+0100] {processor.py:183} INFO - Processing /Users/harshasogala/financial-data-platform/venv/lib/python3.12/site-packages/airflow/example_dags/example_trigger_target_dag.py took 0.134 seconds
[2026-03-13T23:16:49.342+0100] {processor.py:161} INFO - Started process (PID=73620) to work on /Users/harshasogala/financial-data-platform/venv/lib/python3.12/site-packages/airflow/example_dags/example_trigger_target_dag.py
[2026-03-13T23:16:49.343+0100] {processor.py:830} INFO - Processing file /Users/harshasogala/financial-data-platform/venv/lib/python3.12/site-packages/airflow/example_dags/example_trigger_target_dag.py for tasks to queue
[2026-03-13T23:16:49.344+0100] {logging_mixin.py:188} INFO - [2026-03-13T23:16:49.344+0100] {dagbag.py:545} INFO - Filling up the DagBag from /Users/harshasogala/financial-data-platform/venv/lib/python3.12/site-packages/airflow/example_dags/example_trigger_target_dag.py
[2026-03-13T23:16:49.366+0100] {processor.py:840} INFO - DAG(s) 'example_trigger_target_dag' retrieved from /Users/harshasogala/financial-data-platform/venv/lib/python3.12/site-packages/airflow/example_dags/example_trigger_target_dag.py
[2026-03-13T23:16:49.419+0100] {logging_mixin.py:188} INFO - [2026-03-13T23:16:49.418+0100] {dag.py:3089} INFO - Sync 1 DAGs
[2026-03-13T23:16:49.457+0100] {logging_mixin.py:188} INFO - [2026-03-13T23:16:49.457+0100] {dag.py:3947} INFO - Setting next_dagrun for example_trigger_target_dag to None, run_after=None
[2026-03-13T23:16:49.468+0100] {processor.py:183} INFO - Processing /Users/harshasogala/financial-data-platform/venv/lib/python3.12/site-packages/airflow/example_dags/example_trigger_target_dag.py took 0.127 seconds
[2026-03-13T23:18:07.112+0100] {processor.py:161} INFO - Started process (PID=73687) to work on /Users/harshasogala/financial-data-platform/venv/lib/python3.12/site-packages/airflow/example_dags/example_trigger_target_dag.py
[2026-03-13T23:18:07.113+0100] {processor.py:830} INFO - Processing file /Users/harshasogala/financial-data-platform/venv/lib/python3.12/site-packages/airflow/example_dags/example_trigger_target_dag.py for tasks to queue
[2026-03-13T23:18:07.113+0100] {logging_mixin.py:188} INFO - [2026-03-13T23:18:07.113+0100] {dagbag.py:545} INFO - Filling up the DagBag from /Users/harshasogala/financial-data-platform/venv/lib/python3.12/site-packages/airflow/example_dags/example_trigger_target_dag.py
[2026-03-13T23:18:07.135+0100] {processor.py:840} INFO - DAG(s) 'example_trigger_target_dag' retrieved from /Users/harshasogala/financial-data-platform/venv/lib/python3.12/site-packages/airflow/example_dags/example_trigger_target_dag.py
[2026-03-13T23:18:07.189+0100] {logging_mixin.py:188} INFO - [2026-03-13T23:18:07.189+0100] {dag.py:3089} INFO - Sync 1 DAGs
[2026-03-13T23:18:07.228+0100] {logging_mixin.py:188} INFO - [2026-03-13T23:18:07.228+0100] {dag.py:3947} INFO - Setting next_dagrun for example_trigger_target_dag to None, run_after=None
[2026-03-13T23:18:07.239+0100] {processor.py:183} INFO - Processing /Users/harshasogala/financial-data-platform/venv/lib/python3.12/site-packages/airflow/example_dags/example_trigger_target_dag.py took 0.129 seconds
[2026-03-13T23:19:22.118+0100] {processor.py:161} INFO - Started process (PID=73747) to work on /Users/harshasogala/financial-data-platform/venv/lib/python3.12/site-packages/airflow/example_dags/example_trigger_target_dag.py
[2026-03-13T23:19:22.120+0100] {processor.py:830} INFO - Processing file /Users/harshasogala/financial-data-platform/venv/lib/python3.12/site-packages/airflow/example_dags/example_trigger_target_dag.py for tasks to queue
[2026-03-13T23:19:22.120+0100] {logging_mixin.py:188} INFO - [2026-03-13T23:19:22.120+0100] {dagbag.py:545} INFO - Filling up the DagBag from /Users/harshasogala/financial-data-platform/venv/lib/python3.12/site-packages/airflow/example_dags/example_trigger_target_dag.py
[2026-03-13T23:19:22.142+0100] {processor.py:840} INFO - DAG(s) 'example_trigger_target_dag' retrieved from /Users/harshasogala/financial-data-platform/venv/lib/python3.12/site-packages/airflow/example_dags/example_trigger_target_dag.py
[2026-03-13T23:19:22.196+0100] {logging_mixin.py:188} INFO - [2026-03-13T23:19:22.196+0100] {dag.py:3089} INFO - Sync 1 DAGs
[2026-03-13T23:19:22.236+0100] {logging_mixin.py:188} INFO - [2026-03-13T23:19:22.236+0100] {dag.py:3947} INFO - Setting next_dagrun for example_trigger_target_dag to None, run_after=None
[2026-03-13T23:19:22.246+0100] {processor.py:183} INFO - Processing /Users/harshasogala/financial-data-platform/venv/lib/python3.12/site-packages/airflow/example_dags/example_trigger_target_dag.py took 0.130 seconds
[2026-03-13T23:20:41.261+0100] {processor.py:161} INFO - Started process (PID=73813) to work on /Users/harshasogala/financial-data-platform/venv/lib/python3.12/site-packages/airflow/example_dags/example_trigger_target_dag.py
[2026-03-13T23:20:41.263+0100] {processor.py:830} INFO - Processing file /Users/harshasogala/financial-data-platform/venv/lib/python3.12/site-packages/airflow/example_dags/example_trigger_target_dag.py for tasks to queue
[2026-03-13T23:20:41.263+0100] {logging_mixin.py:188} INFO - [2026-03-13T23:20:41.263+0100] {dagbag.py:545} INFO - Filling up the DagBag from /Users/harshasogala/financial-data-platform/venv/lib/python3.12/site-packages/airflow/example_dags/example_trigger_target_dag.py
[2026-03-13T23:20:41.285+0100] {processor.py:840} INFO - DAG(s) 'example_trigger_target_dag' retrieved from /Users/harshasogala/financial-data-platform/venv/lib/python3.12/site-packages/airflow/example_dags/example_trigger_target_dag.py
[2026-03-13T23:20:41.338+0100] {logging_mixin.py:188} INFO - [2026-03-13T23:20:41.338+0100] {dag.py:3089} INFO - Sync 1 DAGs
[2026-03-13T23:20:41.376+0100] {logging_mixin.py:188} INFO - [2026-03-13T23:20:41.376+0100] {dag.py:3947} INFO - Setting next_dagrun for example_trigger_target_dag to None, run_after=None
[2026-03-13T23:20:41.387+0100] {processor.py:183} INFO - Processing /Users/harshasogala/financial-data-platform/venv/lib/python3.12/site-packages/airflow/example_dags/example_trigger_target_dag.py took 0.128 seconds
[2026-03-13T23:21:54.543+0100] {processor.py:161} INFO - Started process (PID=73896) to work on /Users/harshasogala/financial-data-platform/venv/lib/python3.12/site-packages/airflow/example_dags/example_trigger_target_dag.py
[2026-03-13T23:21:54.544+0100] {processor.py:830} INFO - Processing file /Users/harshasogala/financial-data-platform/venv/lib/python3.12/site-packages/airflow/example_dags/example_trigger_target_dag.py for tasks to queue
[2026-03-13T23:21:54.544+0100] {logging_mixin.py:188} INFO - [2026-03-13T23:21:54.544+0100] {dagbag.py:545} INFO - Filling up the DagBag from /Users/harshasogala/financial-data-platform/venv/lib/python3.12/site-packages/airflow/example_dags/example_trigger_target_dag.py
[2026-03-13T23:21:54.566+0100] {processor.py:840} INFO - DAG(s) 'example_trigger_target_dag' retrieved from /Users/harshasogala/financial-data-platform/venv/lib/python3.12/site-packages/airflow/example_dags/example_trigger_target_dag.py
[2026-03-13T23:21:54.618+0100] {logging_mixin.py:188} INFO - [2026-03-13T23:21:54.618+0100] {dag.py:3089} INFO - Sync 1 DAGs
[2026-03-13T23:21:54.662+0100] {logging_mixin.py:188} INFO - [2026-03-13T23:21:54.661+0100] {dag.py:3947} INFO - Setting next_dagrun for example_trigger_target_dag to None, run_after=None
[2026-03-13T23:21:54.692+0100] {processor.py:183} INFO - Processing /Users/harshasogala/financial-data-platform/venv/lib/python3.12/site-packages/airflow/example_dags/example_trigger_target_dag.py took 0.152 seconds
[2026-03-13T23:23:09.372+0100] {processor.py:161} INFO - Started process (PID=73958) to work on /Users/harshasogala/financial-data-platform/venv/lib/python3.12/site-packages/airflow/example_dags/example_trigger_target_dag.py
[2026-03-13T23:23:09.374+0100] {processor.py:830} INFO - Processing file /Users/harshasogala/financial-data-platform/venv/lib/python3.12/site-packages/airflow/example_dags/example_trigger_target_dag.py for tasks to queue
[2026-03-13T23:23:09.374+0100] {logging_mixin.py:188} INFO - [2026-03-13T23:23:09.374+0100] {dagbag.py:545} INFO - Filling up the DagBag from /Users/harshasogala/financial-data-platform/venv/lib/python3.12/site-packages/airflow/example_dags/example_trigger_target_dag.py
[2026-03-13T23:23:09.396+0100] {processor.py:840} INFO - DAG(s) 'example_trigger_target_dag' retrieved from /Users/harshasogala/financial-data-platform/venv/lib/python3.12/site-packages/airflow/example_dags/example_trigger_target_dag.py
[2026-03-13T23:23:09.448+0100] {logging_mixin.py:188} INFO - [2026-03-13T23:23:09.448+0100] {dag.py:3089} INFO - Sync 1 DAGs
[2026-03-13T23:23:09.487+0100] {logging_mixin.py:188} INFO - [2026-03-13T23:23:09.487+0100] {dag.py:3947} INFO - Setting next_dagrun for example_trigger_target_dag to None, run_after=None
[2026-03-13T23:23:09.498+0100] {processor.py:183} INFO - Processing /Users/harshasogala/financial-data-platform/venv/lib/python3.12/site-packages/airflow/example_dags/example_trigger_target_dag.py took 0.127 seconds
[2026-03-13T23:24:20.981+0100] {processor.py:161} INFO - Started process (PID=74018) to work on /Users/harshasogala/financial-data-platform/venv/lib/python3.12/site-packages/airflow/example_dags/example_trigger_target_dag.py
[2026-03-13T23:24:20.982+0100] {processor.py:830} INFO - Processing file /Users/harshasogala/financial-data-platform/venv/lib/python3.12/site-packages/airflow/example_dags/example_trigger_target_dag.py for tasks to queue
[2026-03-13T23:24:20.983+0100] {logging_mixin.py:188} INFO - [2026-03-13T23:24:20.983+0100] {dagbag.py:545} INFO - Filling up the DagBag from /Users/harshasogala/financial-data-platform/venv/lib/python3.12/site-packages/airflow/example_dags/example_trigger_target_dag.py
[2026-03-13T23:24:21.005+0100] {processor.py:840} INFO - DAG(s) 'example_trigger_target_dag' retrieved from /Users/harshasogala/financial-data-platform/venv/lib/python3.12/site-packages/airflow/example_dags/example_trigger_target_dag.py
[2026-03-13T23:24:21.058+0100] {logging_mixin.py:188} INFO - [2026-03-13T23:24:21.058+0100] {dag.py:3089} INFO - Sync 1 DAGs
[2026-03-13T23:24:21.097+0100] {logging_mixin.py:188} INFO - [2026-03-13T23:24:21.097+0100] {dag.py:3947} INFO - Setting next_dagrun for example_trigger_target_dag to None, run_after=None
[2026-03-13T23:24:21.107+0100] {processor.py:183} INFO - Processing /Users/harshasogala/financial-data-platform/venv/lib/python3.12/site-packages/airflow/example_dags/example_trigger_target_dag.py took 0.129 seconds
[2026-03-13T23:25:42.727+0100] {processor.py:161} INFO - Started process (PID=74078) to work on /Users/harshasogala/financial-data-platform/venv/lib/python3.12/site-packages/airflow/example_dags/example_trigger_target_dag.py
[2026-03-13T23:25:42.728+0100] {processor.py:830} INFO - Processing file /Users/harshasogala/financial-data-platform/venv/lib/python3.12/site-packages/airflow/example_dags/example_trigger_target_dag.py for tasks to queue
[2026-03-13T23:25:42.729+0100] {logging_mixin.py:188} INFO - [2026-03-13T23:25:42.729+0100] {dagbag.py:545} INFO - Filling up the DagBag from /Users/harshasogala/financial-data-platform/venv/lib/python3.12/site-packages/airflow/example_dags/example_trigger_target_dag.py
[2026-03-13T23:25:42.751+0100] {processor.py:840} INFO - DAG(s) 'example_trigger_target_dag' retrieved from /Users/harshasogala/financial-data-platform/venv/lib/python3.12/site-packages/airflow/example_dags/example_trigger_target_dag.py
[2026-03-13T23:25:42.804+0100] {logging_mixin.py:188} INFO - [2026-03-13T23:25:42.804+0100] {dag.py:3089} INFO - Sync 1 DAGs
[2026-03-13T23:25:42.843+0100] {logging_mixin.py:188} INFO - [2026-03-13T23:25:42.843+0100] {dag.py:3947} INFO - Setting next_dagrun for example_trigger_target_dag to None, run_after=None
[2026-03-13T23:25:42.854+0100] {processor.py:183} INFO - Processing /Users/harshasogala/financial-data-platform/venv/lib/python3.12/site-packages/airflow/example_dags/example_trigger_target_dag.py took 0.129 seconds
[2026-03-13T23:26:54.631+0100] {processor.py:161} INFO - Started process (PID=74142) to work on /Users/harshasogala/financial-data-platform/venv/lib/python3.12/site-packages/airflow/example_dags/example_trigger_target_dag.py
[2026-03-13T23:26:54.632+0100] {processor.py:830} INFO - Processing file /Users/harshasogala/financial-data-platform/venv/lib/python3.12/site-packages/airflow/example_dags/example_trigger_target_dag.py for tasks to queue
[2026-03-13T23:26:54.633+0100] {logging_mixin.py:188} INFO - [2026-03-13T23:26:54.633+0100] {dagbag.py:545} INFO - Filling up the DagBag from /Users/harshasogala/financial-data-platform/venv/lib/python3.12/site-packages/airflow/example_dags/example_trigger_target_dag.py
[2026-03-13T23:26:54.655+0100] {processor.py:840} INFO - DAG(s) 'example_trigger_target_dag' retrieved from /Users/harshasogala/financial-data-platform/venv/lib/python3.12/site-packages/airflow/example_dags/example_trigger_target_dag.py
[2026-03-13T23:26:54.707+0100] {logging_mixin.py:188} INFO - [2026-03-13T23:26:54.707+0100] {dag.py:3089} INFO - Sync 1 DAGs
[2026-03-13T23:26:54.746+0100] {logging_mixin.py:188} INFO - [2026-03-13T23:26:54.746+0100] {dag.py:3947} INFO - Setting next_dagrun for example_trigger_target_dag to None, run_after=None
[2026-03-13T23:26:54.757+0100] {processor.py:183} INFO - Processing /Users/harshasogala/financial-data-platform/venv/lib/python3.12/site-packages/airflow/example_dags/example_trigger_target_dag.py took 0.128 seconds
[2026-03-13T23:28:16.829+0100] {processor.py:161} INFO - Started process (PID=74237) to work on /Users/harshasogala/financial-data-platform/venv/lib/python3.12/site-packages/airflow/example_dags/example_trigger_target_dag.py
[2026-03-13T23:28:16.829+0100] {processor.py:830} INFO - Processing file /Users/harshasogala/financial-data-platform/venv/lib/python3.12/site-packages/airflow/example_dags/example_trigger_target_dag.py for tasks to queue
[2026-03-13T23:28:16.830+0100] {logging_mixin.py:188} INFO - [2026-03-13T23:28:16.830+0100] {dagbag.py:545} INFO - Filling up the DagBag from /Users/harshasogala/financial-data-platform/venv/lib/python3.12/site-packages/airflow/example_dags/example_trigger_target_dag.py
[2026-03-13T23:28:16.853+0100] {processor.py:840} INFO - DAG(s) 'example_trigger_target_dag' retrieved from /Users/harshasogala/financial-data-platform/venv/lib/python3.12/site-packages/airflow/example_dags/example_trigger_target_dag.py
[2026-03-13T23:28:16.906+0100] {logging_mixin.py:188} INFO - [2026-03-13T23:28:16.906+0100] {dag.py:3089} INFO - Sync 1 DAGs
[2026-03-13T23:28:16.945+0100] {logging_mixin.py:188} INFO - [2026-03-13T23:28:16.945+0100] {dag.py:3947} INFO - Setting next_dagrun for example_trigger_target_dag to None, run_after=None
[2026-03-13T23:28:16.956+0100] {processor.py:183} INFO - Processing /Users/harshasogala/financial-data-platform/venv/lib/python3.12/site-packages/airflow/example_dags/example_trigger_target_dag.py took 0.129 seconds
[2026-03-13T23:29:31.185+0100] {processor.py:161} INFO - Started process (PID=74298) to work on /Users/harshasogala/financial-data-platform/venv/lib/python3.12/site-packages/airflow/example_dags/example_trigger_target_dag.py
[2026-03-13T23:29:31.186+0100] {processor.py:830} INFO - Processing file /Users/harshasogala/financial-data-platform/venv/lib/python3.12/site-packages/airflow/example_dags/example_trigger_target_dag.py for tasks to queue
[2026-03-13T23:29:31.187+0100] {logging_mixin.py:188} INFO - [2026-03-13T23:29:31.186+0100] {dagbag.py:545} INFO - Filling up the DagBag from /Users/harshasogala/financial-data-platform/venv/lib/python3.12/site-packages/airflow/example_dags/example_trigger_target_dag.py
[2026-03-13T23:29:31.209+0100] {processor.py:840} INFO - DAG(s) 'example_trigger_target_dag' retrieved from /Users/harshasogala/financial-data-platform/venv/lib/python3.12/site-packages/airflow/example_dags/example_trigger_target_dag.py
[2026-03-13T23:29:31.262+0100] {logging_mixin.py:188} INFO - [2026-03-13T23:29:31.262+0100] {dag.py:3089} INFO - Sync 1 DAGs
[2026-03-13T23:29:31.301+0100] {logging_mixin.py:188} INFO - [2026-03-13T23:29:31.301+0100] {dag.py:3947} INFO - Setting next_dagrun for example_trigger_target_dag to None, run_after=None
[2026-03-13T23:29:31.311+0100] {processor.py:183} INFO - Processing /Users/harshasogala/financial-data-platform/venv/lib/python3.12/site-packages/airflow/example_dags/example_trigger_target_dag.py took 0.128 seconds
[2026-03-13T23:30:50.010+0100] {processor.py:161} INFO - Started process (PID=74392) to work on /Users/harshasogala/financial-data-platform/venv/lib/python3.12/site-packages/airflow/example_dags/example_trigger_target_dag.py
[2026-03-13T23:30:50.011+0100] {processor.py:830} INFO - Processing file /Users/harshasogala/financial-data-platform/venv/lib/python3.12/site-packages/airflow/example_dags/example_trigger_target_dag.py for tasks to queue
[2026-03-13T23:30:50.012+0100] {logging_mixin.py:188} INFO - [2026-03-13T23:30:50.012+0100] {dagbag.py:545} INFO - Filling up the DagBag from /Users/harshasogala/financial-data-platform/venv/lib/python3.12/site-packages/airflow/example_dags/example_trigger_target_dag.py
[2026-03-13T23:30:50.035+0100] {processor.py:840} INFO - DAG(s) 'example_trigger_target_dag' retrieved from /Users/harshasogala/financial-data-platform/venv/lib/python3.12/site-packages/airflow/example_dags/example_trigger_target_dag.py
[2026-03-13T23:30:50.087+0100] {logging_mixin.py:188} INFO - [2026-03-13T23:30:50.087+0100] {dag.py:3089} INFO - Sync 1 DAGs
[2026-03-13T23:30:50.128+0100] {logging_mixin.py:188} INFO - [2026-03-13T23:30:50.127+0100] {dag.py:3947} INFO - Setting next_dagrun for example_trigger_target_dag to None, run_after=None
[2026-03-13T23:30:50.139+0100] {processor.py:183} INFO - Processing /Users/harshasogala/financial-data-platform/venv/lib/python3.12/site-packages/airflow/example_dags/example_trigger_target_dag.py took 0.131 seconds
[2026-03-13T23:32:06.113+0100] {processor.py:161} INFO - Started process (PID=74823) to work on /Users/harshasogala/financial-data-platform/venv/lib/python3.12/site-packages/airflow/example_dags/example_trigger_target_dag.py
[2026-03-13T23:32:06.114+0100] {processor.py:830} INFO - Processing file /Users/harshasogala/financial-data-platform/venv/lib/python3.12/site-packages/airflow/example_dags/example_trigger_target_dag.py for tasks to queue
[2026-03-13T23:32:06.114+0100] {logging_mixin.py:188} INFO - [2026-03-13T23:32:06.114+0100] {dagbag.py:545} INFO - Filling up the DagBag from /Users/harshasogala/financial-data-platform/venv/lib/python3.12/site-packages/airflow/example_dags/example_trigger_target_dag.py
[2026-03-13T23:32:06.137+0100] {processor.py:840} INFO - DAG(s) 'example_trigger_target_dag' retrieved from /Users/harshasogala/financial-data-platform/venv/lib/python3.12/site-packages/airflow/example_dags/example_trigger_target_dag.py
[2026-03-13T23:32:06.190+0100] {logging_mixin.py:188} INFO - [2026-03-13T23:32:06.190+0100] {dag.py:3089} INFO - Sync 1 DAGs
[2026-03-13T23:32:06.229+0100] {logging_mixin.py:188} INFO - [2026-03-13T23:32:06.229+0100] {dag.py:3947} INFO - Setting next_dagrun for example_trigger_target_dag to None, run_after=None
[2026-03-13T23:32:06.241+0100] {processor.py:183} INFO - Processing /Users/harshasogala/financial-data-platform/venv/lib/python3.12/site-packages/airflow/example_dags/example_trigger_target_dag.py took 0.129 seconds
[2026-03-13T23:33:25.403+0100] {processor.py:161} INFO - Started process (PID=75014) to work on /Users/harshasogala/financial-data-platform/venv/lib/python3.12/site-packages/airflow/example_dags/example_trigger_target_dag.py
[2026-03-13T23:33:25.404+0100] {processor.py:830} INFO - Processing file /Users/harshasogala/financial-data-platform/venv/lib/python3.12/site-packages/airflow/example_dags/example_trigger_target_dag.py for tasks to queue
[2026-03-13T23:33:25.404+0100] {logging_mixin.py:188} INFO - [2026-03-13T23:33:25.404+0100] {dagbag.py:545} INFO - Filling up the DagBag from /Users/harshasogala/financial-data-platform/venv/lib/python3.12/site-packages/airflow/example_dags/example_trigger_target_dag.py
[2026-03-13T23:33:25.427+0100] {processor.py:840} INFO - DAG(s) 'example_trigger_target_dag' retrieved from /Users/harshasogala/financial-data-platform/venv/lib/python3.12/site-packages/airflow/example_dags/example_trigger_target_dag.py
[2026-03-13T23:33:25.480+0100] {logging_mixin.py:188} INFO - [2026-03-13T23:33:25.480+0100] {dag.py:3089} INFO - Sync 1 DAGs
[2026-03-13T23:33:25.520+0100] {logging_mixin.py:188} INFO - [2026-03-13T23:33:25.520+0100] {dag.py:3947} INFO - Setting next_dagrun for example_trigger_target_dag to None, run_after=None
[2026-03-13T23:33:25.531+0100] {processor.py:183} INFO - Processing /Users/harshasogala/financial-data-platform/venv/lib/python3.12/site-packages/airflow/example_dags/example_trigger_target_dag.py took 0.130 seconds
