[2026-03-13T22:19:00.883+0100] {processor.py:161} INFO - Started process (PID=66031) to work on /Users/harshasogala/financial-data-platform/venv/lib/python3.12/site-packages/airflow/example_dags/example_dynamic_task_mapping.py
[2026-03-13T22:19:00.883+0100] {processor.py:830} INFO - Processing file /Users/harshasogala/financial-data-platform/venv/lib/python3.12/site-packages/airflow/example_dags/example_dynamic_task_mapping.py for tasks to queue
[2026-03-13T22:19:00.884+0100] {logging_mixin.py:188} INFO - [2026-03-13T22:19:00.884+0100] {dagbag.py:545} INFO - Filling up the DagBag from /Users/harshasogala/financial-data-platform/venv/lib/python3.12/site-packages/airflow/example_dags/example_dynamic_task_mapping.py
[2026-03-13T22:19:00.907+0100] {processor.py:840} INFO - DAG(s) 'example_dynamic_task_mapping' retrieved from /Users/harshasogala/financial-data-platform/venv/lib/python3.12/site-packages/airflow/example_dags/example_dynamic_task_mapping.py
[2026-03-13T22:19:01.002+0100] {logging_mixin.py:188} INFO - [2026-03-13T22:19:01.002+0100] {override.py:1858} INFO - Created Permission View: can edit on DAG:example_dynamic_task_mapping
[2026-03-13T22:19:01.007+0100] {logging_mixin.py:188} INFO - [2026-03-13T22:19:01.007+0100] {override.py:1858} INFO - Created Permission View: can read on DAG:example_dynamic_task_mapping
[2026-03-13T22:19:01.010+0100] {logging_mixin.py:188} INFO - [2026-03-13T22:19:01.010+0100] {override.py:1858} INFO - Created Permission View: can delete on DAG:example_dynamic_task_mapping
[2026-03-13T22:19:01.010+0100] {logging_mixin.py:188} INFO - [2026-03-13T22:19:01.010+0100] {dag.py:3089} INFO - Sync 1 DAGs
[2026-03-13T22:19:01.015+0100] {logging_mixin.py:188} INFO - [2026-03-13T22:19:01.015+0100] {dag.py:3111} INFO - Creating ORM DAG for example_dynamic_task_mapping
[2026-03-13T22:19:01.020+0100] {logging_mixin.py:188} INFO - [2026-03-13T22:19:01.020+0100] {dag.py:3947} INFO - Setting next_dagrun for example_dynamic_task_mapping to 2022-03-04 00:00:00+00:00, run_after=2022-03-05 00:00:00+00:00
[2026-03-13T22:19:01.063+0100] {processor.py:183} INFO - Processing /Users/harshasogala/financial-data-platform/venv/lib/python3.12/site-packages/airflow/example_dags/example_dynamic_task_mapping.py took 0.182 seconds
[2026-03-13T22:21:38.020+0100] {processor.py:161} INFO - Started process (PID=66173) to work on /Users/harshasogala/financial-data-platform/venv/lib/python3.12/site-packages/airflow/example_dags/example_dynamic_task_mapping.py
[2026-03-13T22:21:38.021+0100] {processor.py:830} INFO - Processing file /Users/harshasogala/financial-data-platform/venv/lib/python3.12/site-packages/airflow/example_dags/example_dynamic_task_mapping.py for tasks to queue
[2026-03-13T22:21:38.021+0100] {logging_mixin.py:188} INFO - [2026-03-13T22:21:38.021+0100] {dagbag.py:545} INFO - Filling up the DagBag from /Users/harshasogala/financial-data-platform/venv/lib/python3.12/site-packages/airflow/example_dags/example_dynamic_task_mapping.py
[2026-03-13T22:21:38.044+0100] {processor.py:840} INFO - DAG(s) 'example_dynamic_task_mapping' retrieved from /Users/harshasogala/financial-data-platform/venv/lib/python3.12/site-packages/airflow/example_dags/example_dynamic_task_mapping.py
[2026-03-13T22:21:38.097+0100] {logging_mixin.py:188} INFO - [2026-03-13T22:21:38.096+0100] {dag.py:3089} INFO - Sync 1 DAGs
[2026-03-13T22:21:38.106+0100] {logging_mixin.py:188} INFO - [2026-03-13T22:21:38.106+0100] {dag.py:3947} INFO - Setting next_dagrun for example_dynamic_task_mapping to 2022-03-04 00:00:00+00:00, run_after=2022-03-05 00:00:00+00:00
[2026-03-13T22:21:38.117+0100] {processor.py:183} INFO - Processing /Users/harshasogala/financial-data-platform/venv/lib/python3.12/site-packages/airflow/example_dags/example_dynamic_task_mapping.py took 0.099 seconds
[2026-03-13T22:28:42.022+0100] {processor.py:161} INFO - Started process (PID=67344) to work on /Users/harshasogala/financial-data-platform/venv/lib/python3.12/site-packages/airflow/example_dags/example_dynamic_task_mapping.py
[2026-03-13T22:28:42.023+0100] {processor.py:830} INFO - Processing file /Users/harshasogala/financial-data-platform/venv/lib/python3.12/site-packages/airflow/example_dags/example_dynamic_task_mapping.py for tasks to queue
[2026-03-13T22:28:42.024+0100] {logging_mixin.py:188} INFO - [2026-03-13T22:28:42.024+0100] {dagbag.py:545} INFO - Filling up the DagBag from /Users/harshasogala/financial-data-platform/venv/lib/python3.12/site-packages/airflow/example_dags/example_dynamic_task_mapping.py
[2026-03-13T22:28:42.078+0100] {processor.py:840} INFO - DAG(s) 'example_dynamic_task_mapping' retrieved from /Users/harshasogala/financial-data-platform/venv/lib/python3.12/site-packages/airflow/example_dags/example_dynamic_task_mapping.py
[2026-03-13T22:28:42.140+0100] {logging_mixin.py:188} INFO - [2026-03-13T22:28:42.139+0100] {dag.py:3089} INFO - Sync 1 DAGs
[2026-03-13T22:28:42.149+0100] {logging_mixin.py:188} INFO - [2026-03-13T22:28:42.149+0100] {dag.py:3947} INFO - Setting next_dagrun for example_dynamic_task_mapping to 2022-03-04 00:00:00+00:00, run_after=2022-03-05 00:00:00+00:00
[2026-03-13T22:28:42.160+0100] {processor.py:183} INFO - Processing /Users/harshasogala/financial-data-platform/venv/lib/python3.12/site-packages/airflow/example_dags/example_dynamic_task_mapping.py took 0.140 seconds
[2026-03-13T22:29:47.510+0100] {processor.py:161} INFO - Started process (PID=67469) to work on /Users/harshasogala/financial-data-platform/venv/lib/python3.12/site-packages/airflow/example_dags/example_dynamic_task_mapping.py
[2026-03-13T22:29:47.512+0100] {processor.py:830} INFO - Processing file /Users/harshasogala/financial-data-platform/venv/lib/python3.12/site-packages/airflow/example_dags/example_dynamic_task_mapping.py for tasks to queue
[2026-03-13T22:29:47.512+0100] {logging_mixin.py:188} INFO - [2026-03-13T22:29:47.512+0100] {dagbag.py:545} INFO - Filling up the DagBag from /Users/harshasogala/financial-data-platform/venv/lib/python3.12/site-packages/airflow/example_dags/example_dynamic_task_mapping.py
[2026-03-13T22:29:47.534+0100] {processor.py:840} INFO - DAG(s) 'example_dynamic_task_mapping' retrieved from /Users/harshasogala/financial-data-platform/venv/lib/python3.12/site-packages/airflow/example_dags/example_dynamic_task_mapping.py
[2026-03-13T22:29:47.587+0100] {logging_mixin.py:188} INFO - [2026-03-13T22:29:47.587+0100] {dag.py:3089} INFO - Sync 1 DAGs
[2026-03-13T22:29:47.596+0100] {logging_mixin.py:188} INFO - [2026-03-13T22:29:47.596+0100] {dag.py:3947} INFO - Setting next_dagrun for example_dynamic_task_mapping to 2022-03-04 00:00:00+00:00, run_after=2022-03-05 00:00:00+00:00
[2026-03-13T22:29:47.607+0100] {processor.py:183} INFO - Processing /Users/harshasogala/financial-data-platform/venv/lib/python3.12/site-packages/airflow/example_dags/example_dynamic_task_mapping.py took 0.098 seconds
[2026-03-13T22:30:55.092+0100] {processor.py:161} INFO - Started process (PID=67537) to work on /Users/harshasogala/financial-data-platform/venv/lib/python3.12/site-packages/airflow/example_dags/example_dynamic_task_mapping.py
[2026-03-13T22:30:55.093+0100] {processor.py:830} INFO - Processing file /Users/harshasogala/financial-data-platform/venv/lib/python3.12/site-packages/airflow/example_dags/example_dynamic_task_mapping.py for tasks to queue
[2026-03-13T22:30:55.093+0100] {logging_mixin.py:188} INFO - [2026-03-13T22:30:55.093+0100] {dagbag.py:545} INFO - Filling up the DagBag from /Users/harshasogala/financial-data-platform/venv/lib/python3.12/site-packages/airflow/example_dags/example_dynamic_task_mapping.py
[2026-03-13T22:30:55.116+0100] {processor.py:840} INFO - DAG(s) 'example_dynamic_task_mapping' retrieved from /Users/harshasogala/financial-data-platform/venv/lib/python3.12/site-packages/airflow/example_dags/example_dynamic_task_mapping.py
[2026-03-13T22:30:55.169+0100] {logging_mixin.py:188} INFO - [2026-03-13T22:30:55.169+0100] {dag.py:3089} INFO - Sync 1 DAGs
[2026-03-13T22:30:55.178+0100] {logging_mixin.py:188} INFO - [2026-03-13T22:30:55.178+0100] {dag.py:3947} INFO - Setting next_dagrun for example_dynamic_task_mapping to 2022-03-04 00:00:00+00:00, run_after=2022-03-05 00:00:00+00:00
[2026-03-13T22:30:55.189+0100] {processor.py:183} INFO - Processing /Users/harshasogala/financial-data-platform/venv/lib/python3.12/site-packages/airflow/example_dags/example_dynamic_task_mapping.py took 0.099 seconds
[2026-03-13T22:32:17.857+0100] {processor.py:161} INFO - Started process (PID=68431) to work on /Users/harshasogala/financial-data-platform/venv/lib/python3.12/site-packages/airflow/example_dags/example_dynamic_task_mapping.py
[2026-03-13T22:32:17.858+0100] {processor.py:830} INFO - Processing file /Users/harshasogala/financial-data-platform/venv/lib/python3.12/site-packages/airflow/example_dags/example_dynamic_task_mapping.py for tasks to queue
[2026-03-13T22:32:17.859+0100] {logging_mixin.py:188} INFO - [2026-03-13T22:32:17.858+0100] {dagbag.py:545} INFO - Filling up the DagBag from /Users/harshasogala/financial-data-platform/venv/lib/python3.12/site-packages/airflow/example_dags/example_dynamic_task_mapping.py
[2026-03-13T22:32:17.881+0100] {processor.py:840} INFO - DAG(s) 'example_dynamic_task_mapping' retrieved from /Users/harshasogala/financial-data-platform/venv/lib/python3.12/site-packages/airflow/example_dags/example_dynamic_task_mapping.py
[2026-03-13T22:32:17.935+0100] {logging_mixin.py:188} INFO - [2026-03-13T22:32:17.935+0100] {dag.py:3089} INFO - Sync 1 DAGs
[2026-03-13T22:32:17.978+0100] {logging_mixin.py:188} INFO - [2026-03-13T22:32:17.978+0100] {dag.py:3947} INFO - Setting next_dagrun for example_dynamic_task_mapping to 2022-03-04 00:00:00+00:00, run_after=2022-03-05 00:00:00+00:00
[2026-03-13T22:32:17.989+0100] {processor.py:183} INFO - Processing /Users/harshasogala/financial-data-platform/venv/lib/python3.12/site-packages/airflow/example_dags/example_dynamic_task_mapping.py took 0.134 seconds
[2026-03-13T22:33:41.589+0100] {processor.py:161} INFO - Started process (PID=69152) to work on /Users/harshasogala/financial-data-platform/venv/lib/python3.12/site-packages/airflow/example_dags/example_dynamic_task_mapping.py
[2026-03-13T22:33:41.590+0100] {processor.py:830} INFO - Processing file /Users/harshasogala/financial-data-platform/venv/lib/python3.12/site-packages/airflow/example_dags/example_dynamic_task_mapping.py for tasks to queue
[2026-03-13T22:33:41.591+0100] {logging_mixin.py:188} INFO - [2026-03-13T22:33:41.590+0100] {dagbag.py:545} INFO - Filling up the DagBag from /Users/harshasogala/financial-data-platform/venv/lib/python3.12/site-packages/airflow/example_dags/example_dynamic_task_mapping.py
[2026-03-13T22:33:41.615+0100] {processor.py:840} INFO - DAG(s) 'example_dynamic_task_mapping' retrieved from /Users/harshasogala/financial-data-platform/venv/lib/python3.12/site-packages/airflow/example_dags/example_dynamic_task_mapping.py
[2026-03-13T22:33:41.670+0100] {logging_mixin.py:188} INFO - [2026-03-13T22:33:41.670+0100] {dag.py:3089} INFO - Sync 1 DAGs
[2026-03-13T22:33:41.715+0100] {logging_mixin.py:188} INFO - [2026-03-13T22:33:41.715+0100] {dag.py:3947} INFO - Setting next_dagrun for example_dynamic_task_mapping to 2022-03-04 00:00:00+00:00, run_after=2022-03-05 00:00:00+00:00
[2026-03-13T22:33:41.726+0100] {processor.py:183} INFO - Processing /Users/harshasogala/financial-data-platform/venv/lib/python3.12/site-packages/airflow/example_dags/example_dynamic_task_mapping.py took 0.139 seconds
[2026-03-13T22:34:59.515+0100] {processor.py:161} INFO - Started process (PID=69215) to work on /Users/harshasogala/financial-data-platform/venv/lib/python3.12/site-packages/airflow/example_dags/example_dynamic_task_mapping.py
[2026-03-13T22:34:59.516+0100] {processor.py:830} INFO - Processing file /Users/harshasogala/financial-data-platform/venv/lib/python3.12/site-packages/airflow/example_dags/example_dynamic_task_mapping.py for tasks to queue
[2026-03-13T22:34:59.516+0100] {logging_mixin.py:188} INFO - [2026-03-13T22:34:59.516+0100] {dagbag.py:545} INFO - Filling up the DagBag from /Users/harshasogala/financial-data-platform/venv/lib/python3.12/site-packages/airflow/example_dags/example_dynamic_task_mapping.py
[2026-03-13T22:34:59.540+0100] {processor.py:840} INFO - DAG(s) 'example_dynamic_task_mapping' retrieved from /Users/harshasogala/financial-data-platform/venv/lib/python3.12/site-packages/airflow/example_dags/example_dynamic_task_mapping.py
[2026-03-13T22:34:59.604+0100] {logging_mixin.py:188} INFO - [2026-03-13T22:34:59.603+0100] {dag.py:3089} INFO - Sync 1 DAGs
[2026-03-13T22:34:59.686+0100] {logging_mixin.py:188} INFO - [2026-03-13T22:34:59.686+0100] {dag.py:3947} INFO - Setting next_dagrun for example_dynamic_task_mapping to 2022-03-04 00:00:00+00:00, run_after=2022-03-05 00:00:00+00:00
[2026-03-13T22:34:59.698+0100] {processor.py:183} INFO - Processing /Users/harshasogala/financial-data-platform/venv/lib/python3.12/site-packages/airflow/example_dags/example_dynamic_task_mapping.py took 0.185 seconds
[2026-03-13T22:36:15.035+0100] {processor.py:161} INFO - Started process (PID=69294) to work on /Users/harshasogala/financial-data-platform/venv/lib/python3.12/site-packages/airflow/example_dags/example_dynamic_task_mapping.py
[2026-03-13T22:36:15.036+0100] {processor.py:830} INFO - Processing file /Users/harshasogala/financial-data-platform/venv/lib/python3.12/site-packages/airflow/example_dags/example_dynamic_task_mapping.py for tasks to queue
[2026-03-13T22:36:15.037+0100] {logging_mixin.py:188} INFO - [2026-03-13T22:36:15.037+0100] {dagbag.py:545} INFO - Filling up the DagBag from /Users/harshasogala/financial-data-platform/venv/lib/python3.12/site-packages/airflow/example_dags/example_dynamic_task_mapping.py
[2026-03-13T22:36:15.059+0100] {processor.py:840} INFO - DAG(s) 'example_dynamic_task_mapping' retrieved from /Users/harshasogala/financial-data-platform/venv/lib/python3.12/site-packages/airflow/example_dags/example_dynamic_task_mapping.py
[2026-03-13T22:36:15.112+0100] {logging_mixin.py:188} INFO - [2026-03-13T22:36:15.112+0100] {dag.py:3089} INFO - Sync 1 DAGs
[2026-03-13T22:36:15.155+0100] {logging_mixin.py:188} INFO - [2026-03-13T22:36:15.155+0100] {dag.py:3947} INFO - Setting next_dagrun for example_dynamic_task_mapping to 2022-03-04 00:00:00+00:00, run_after=2022-03-05 00:00:00+00:00
[2026-03-13T22:36:15.165+0100] {processor.py:183} INFO - Processing /Users/harshasogala/financial-data-platform/venv/lib/python3.12/site-packages/airflow/example_dags/example_dynamic_task_mapping.py took 0.132 seconds
[2026-03-13T22:37:28.995+0100] {processor.py:161} INFO - Started process (PID=69352) to work on /Users/harshasogala/financial-data-platform/venv/lib/python3.12/site-packages/airflow/example_dags/example_dynamic_task_mapping.py
[2026-03-13T22:37:28.997+0100] {processor.py:830} INFO - Processing file /Users/harshasogala/financial-data-platform/venv/lib/python3.12/site-packages/airflow/example_dags/example_dynamic_task_mapping.py for tasks to queue
[2026-03-13T22:37:28.997+0100] {logging_mixin.py:188} INFO - [2026-03-13T22:37:28.997+0100] {dagbag.py:545} INFO - Filling up the DagBag from /Users/harshasogala/financial-data-platform/venv/lib/python3.12/site-packages/airflow/example_dags/example_dynamic_task_mapping.py
[2026-03-13T22:37:29.019+0100] {processor.py:840} INFO - DAG(s) 'example_dynamic_task_mapping' retrieved from /Users/harshasogala/financial-data-platform/venv/lib/python3.12/site-packages/airflow/example_dags/example_dynamic_task_mapping.py
[2026-03-13T22:37:29.076+0100] {logging_mixin.py:188} INFO - [2026-03-13T22:37:29.076+0100] {dag.py:3089} INFO - Sync 1 DAGs
[2026-03-13T22:37:29.124+0100] {logging_mixin.py:188} INFO - [2026-03-13T22:37:29.124+0100] {dag.py:3947} INFO - Setting next_dagrun for example_dynamic_task_mapping to 2022-03-04 00:00:00+00:00, run_after=2022-03-05 00:00:00+00:00
[2026-03-13T22:37:29.135+0100] {processor.py:183} INFO - Processing /Users/harshasogala/financial-data-platform/venv/lib/python3.12/site-packages/airflow/example_dags/example_dynamic_task_mapping.py took 0.142 seconds
[2026-03-13T22:38:43.238+0100] {processor.py:161} INFO - Started process (PID=69416) to work on /Users/harshasogala/financial-data-platform/venv/lib/python3.12/site-packages/airflow/example_dags/example_dynamic_task_mapping.py
[2026-03-13T22:38:43.238+0100] {processor.py:830} INFO - Processing file /Users/harshasogala/financial-data-platform/venv/lib/python3.12/site-packages/airflow/example_dags/example_dynamic_task_mapping.py for tasks to queue
[2026-03-13T22:38:43.239+0100] {logging_mixin.py:188} INFO - [2026-03-13T22:38:43.239+0100] {dagbag.py:545} INFO - Filling up the DagBag from /Users/harshasogala/financial-data-platform/venv/lib/python3.12/site-packages/airflow/example_dags/example_dynamic_task_mapping.py
[2026-03-13T22:38:43.262+0100] {processor.py:840} INFO - DAG(s) 'example_dynamic_task_mapping' retrieved from /Users/harshasogala/financial-data-platform/venv/lib/python3.12/site-packages/airflow/example_dags/example_dynamic_task_mapping.py
[2026-03-13T22:38:43.315+0100] {logging_mixin.py:188} INFO - [2026-03-13T22:38:43.315+0100] {dag.py:3089} INFO - Sync 1 DAGs
[2026-03-13T22:38:43.360+0100] {logging_mixin.py:188} INFO - [2026-03-13T22:38:43.360+0100] {dag.py:3947} INFO - Setting next_dagrun for example_dynamic_task_mapping to 2022-03-04 00:00:00+00:00, run_after=2022-03-05 00:00:00+00:00
[2026-03-13T22:38:43.371+0100] {processor.py:183} INFO - Processing /Users/harshasogala/financial-data-platform/venv/lib/python3.12/site-packages/airflow/example_dags/example_dynamic_task_mapping.py took 0.135 seconds
[2026-03-13T22:39:57.191+0100] {processor.py:161} INFO - Started process (PID=69638) to work on /Users/harshasogala/financial-data-platform/venv/lib/python3.12/site-packages/airflow/example_dags/example_dynamic_task_mapping.py
[2026-03-13T22:39:57.192+0100] {processor.py:830} INFO - Processing file /Users/harshasogala/financial-data-platform/venv/lib/python3.12/site-packages/airflow/example_dags/example_dynamic_task_mapping.py for tasks to queue
[2026-03-13T22:39:57.193+0100] {logging_mixin.py:188} INFO - [2026-03-13T22:39:57.193+0100] {dagbag.py:545} INFO - Filling up the DagBag from /Users/harshasogala/financial-data-platform/venv/lib/python3.12/site-packages/airflow/example_dags/example_dynamic_task_mapping.py
[2026-03-13T22:39:57.216+0100] {processor.py:840} INFO - DAG(s) 'example_dynamic_task_mapping' retrieved from /Users/harshasogala/financial-data-platform/venv/lib/python3.12/site-packages/airflow/example_dags/example_dynamic_task_mapping.py
[2026-03-13T22:39:57.270+0100] {logging_mixin.py:188} INFO - [2026-03-13T22:39:57.270+0100] {dag.py:3089} INFO - Sync 1 DAGs
[2026-03-13T22:39:57.313+0100] {logging_mixin.py:188} INFO - [2026-03-13T22:39:57.313+0100] {dag.py:3947} INFO - Setting next_dagrun for example_dynamic_task_mapping to 2022-03-04 00:00:00+00:00, run_after=2022-03-05 00:00:00+00:00
[2026-03-13T22:39:57.323+0100] {processor.py:183} INFO - Processing /Users/harshasogala/financial-data-platform/venv/lib/python3.12/site-packages/airflow/example_dags/example_dynamic_task_mapping.py took 0.134 seconds
[2026-03-13T22:41:21.093+0100] {processor.py:161} INFO - Started process (PID=69700) to work on /Users/harshasogala/financial-data-platform/venv/lib/python3.12/site-packages/airflow/example_dags/example_dynamic_task_mapping.py
[2026-03-13T22:41:21.095+0100] {processor.py:830} INFO - Processing file /Users/harshasogala/financial-data-platform/venv/lib/python3.12/site-packages/airflow/example_dags/example_dynamic_task_mapping.py for tasks to queue
[2026-03-13T22:41:21.095+0100] {logging_mixin.py:188} INFO - [2026-03-13T22:41:21.095+0100] {dagbag.py:545} INFO - Filling up the DagBag from /Users/harshasogala/financial-data-platform/venv/lib/python3.12/site-packages/airflow/example_dags/example_dynamic_task_mapping.py
[2026-03-13T22:41:21.117+0100] {processor.py:840} INFO - DAG(s) 'example_dynamic_task_mapping' retrieved from /Users/harshasogala/financial-data-platform/venv/lib/python3.12/site-packages/airflow/example_dags/example_dynamic_task_mapping.py
[2026-03-13T22:41:21.170+0100] {logging_mixin.py:188} INFO - [2026-03-13T22:41:21.170+0100] {dag.py:3089} INFO - Sync 1 DAGs
[2026-03-13T22:41:21.212+0100] {logging_mixin.py:188} INFO - [2026-03-13T22:41:21.212+0100] {dag.py:3947} INFO - Setting next_dagrun for example_dynamic_task_mapping to 2022-03-04 00:00:00+00:00, run_after=2022-03-05 00:00:00+00:00
[2026-03-13T22:41:21.222+0100] {processor.py:183} INFO - Processing /Users/harshasogala/financial-data-platform/venv/lib/python3.12/site-packages/airflow/example_dags/example_dynamic_task_mapping.py took 0.131 seconds
[2026-03-13T22:42:38.685+0100] {processor.py:161} INFO - Started process (PID=69760) to work on /Users/harshasogala/financial-data-platform/venv/lib/python3.12/site-packages/airflow/example_dags/example_dynamic_task_mapping.py
[2026-03-13T22:42:38.686+0100] {processor.py:830} INFO - Processing file /Users/harshasogala/financial-data-platform/venv/lib/python3.12/site-packages/airflow/example_dags/example_dynamic_task_mapping.py for tasks to queue
[2026-03-13T22:42:38.687+0100] {logging_mixin.py:188} INFO - [2026-03-13T22:42:38.686+0100] {dagbag.py:545} INFO - Filling up the DagBag from /Users/harshasogala/financial-data-platform/venv/lib/python3.12/site-packages/airflow/example_dags/example_dynamic_task_mapping.py
[2026-03-13T22:42:38.709+0100] {processor.py:840} INFO - DAG(s) 'example_dynamic_task_mapping' retrieved from /Users/harshasogala/financial-data-platform/venv/lib/python3.12/site-packages/airflow/example_dags/example_dynamic_task_mapping.py
[2026-03-13T22:42:38.761+0100] {logging_mixin.py:188} INFO - [2026-03-13T22:42:38.761+0100] {dag.py:3089} INFO - Sync 1 DAGs
[2026-03-13T22:42:38.803+0100] {logging_mixin.py:188} INFO - [2026-03-13T22:42:38.803+0100] {dag.py:3947} INFO - Setting next_dagrun for example_dynamic_task_mapping to 2022-03-04 00:00:00+00:00, run_after=2022-03-05 00:00:00+00:00
[2026-03-13T22:42:38.814+0100] {processor.py:183} INFO - Processing /Users/harshasogala/financial-data-platform/venv/lib/python3.12/site-packages/airflow/example_dags/example_dynamic_task_mapping.py took 0.130 seconds
[2026-03-13T22:43:58.499+0100] {processor.py:161} INFO - Started process (PID=69918) to work on /Users/harshasogala/financial-data-platform/venv/lib/python3.12/site-packages/airflow/example_dags/example_dynamic_task_mapping.py
[2026-03-13T22:43:58.500+0100] {processor.py:830} INFO - Processing file /Users/harshasogala/financial-data-platform/venv/lib/python3.12/site-packages/airflow/example_dags/example_dynamic_task_mapping.py for tasks to queue
[2026-03-13T22:43:58.500+0100] {logging_mixin.py:188} INFO - [2026-03-13T22:43:58.500+0100] {dagbag.py:545} INFO - Filling up the DagBag from /Users/harshasogala/financial-data-platform/venv/lib/python3.12/site-packages/airflow/example_dags/example_dynamic_task_mapping.py
[2026-03-13T22:43:58.523+0100] {processor.py:840} INFO - DAG(s) 'example_dynamic_task_mapping' retrieved from /Users/harshasogala/financial-data-platform/venv/lib/python3.12/site-packages/airflow/example_dags/example_dynamic_task_mapping.py
[2026-03-13T22:43:58.575+0100] {logging_mixin.py:188} INFO - [2026-03-13T22:43:58.575+0100] {dag.py:3089} INFO - Sync 1 DAGs
[2026-03-13T22:43:58.618+0100] {logging_mixin.py:188} INFO - [2026-03-13T22:43:58.618+0100] {dag.py:3947} INFO - Setting next_dagrun for example_dynamic_task_mapping to 2022-03-04 00:00:00+00:00, run_after=2022-03-05 00:00:00+00:00
[2026-03-13T22:43:58.628+0100] {processor.py:183} INFO - Processing /Users/harshasogala/financial-data-platform/venv/lib/python3.12/site-packages/airflow/example_dags/example_dynamic_task_mapping.py took 0.131 seconds
[2026-03-13T22:45:29.121+0100] {processor.py:161} INFO - Started process (PID=70297) to work on /Users/harshasogala/financial-data-platform/venv/lib/python3.12/site-packages/airflow/example_dags/example_dynamic_task_mapping.py
[2026-03-13T22:45:29.122+0100] {processor.py:830} INFO - Processing file /Users/harshasogala/financial-data-platform/venv/lib/python3.12/site-packages/airflow/example_dags/example_dynamic_task_mapping.py for tasks to queue
[2026-03-13T22:45:29.123+0100] {logging_mixin.py:188} INFO - [2026-03-13T22:45:29.123+0100] {dagbag.py:545} INFO - Filling up the DagBag from /Users/harshasogala/financial-data-platform/venv/lib/python3.12/site-packages/airflow/example_dags/example_dynamic_task_mapping.py
[2026-03-13T22:45:29.148+0100] {processor.py:840} INFO - DAG(s) 'example_dynamic_task_mapping' retrieved from /Users/harshasogala/financial-data-platform/venv/lib/python3.12/site-packages/airflow/example_dags/example_dynamic_task_mapping.py
[2026-03-13T22:45:29.202+0100] {logging_mixin.py:188} INFO - [2026-03-13T22:45:29.202+0100] {dag.py:3089} INFO - Sync 1 DAGs
[2026-03-13T22:45:29.247+0100] {logging_mixin.py:188} INFO - [2026-03-13T22:45:29.247+0100] {dag.py:3947} INFO - Setting next_dagrun for example_dynamic_task_mapping to 2022-03-04 00:00:00+00:00, run_after=2022-03-05 00:00:00+00:00
[2026-03-13T22:45:29.258+0100] {processor.py:183} INFO - Processing /Users/harshasogala/financial-data-platform/venv/lib/python3.12/site-packages/airflow/example_dags/example_dynamic_task_mapping.py took 0.140 seconds
[2026-03-13T22:46:57.035+0100] {processor.py:161} INFO - Started process (PID=70612) to work on /Users/harshasogala/financial-data-platform/venv/lib/python3.12/site-packages/airflow/example_dags/example_dynamic_task_mapping.py
[2026-03-13T22:46:57.036+0100] {processor.py:830} INFO - Processing file /Users/harshasogala/financial-data-platform/venv/lib/python3.12/site-packages/airflow/example_dags/example_dynamic_task_mapping.py for tasks to queue
[2026-03-13T22:46:57.037+0100] {logging_mixin.py:188} INFO - [2026-03-13T22:46:57.036+0100] {dagbag.py:545} INFO - Filling up the DagBag from /Users/harshasogala/financial-data-platform/venv/lib/python3.12/site-packages/airflow/example_dags/example_dynamic_task_mapping.py
[2026-03-13T22:46:57.062+0100] {processor.py:840} INFO - DAG(s) 'example_dynamic_task_mapping' retrieved from /Users/harshasogala/financial-data-platform/venv/lib/python3.12/site-packages/airflow/example_dags/example_dynamic_task_mapping.py
[2026-03-13T22:46:57.121+0100] {logging_mixin.py:188} INFO - [2026-03-13T22:46:57.121+0100] {dag.py:3089} INFO - Sync 1 DAGs
[2026-03-13T22:46:57.171+0100] {logging_mixin.py:188} INFO - [2026-03-13T22:46:57.171+0100] {dag.py:3947} INFO - Setting next_dagrun for example_dynamic_task_mapping to 2022-03-04 00:00:00+00:00, run_after=2022-03-05 00:00:00+00:00
[2026-03-13T22:46:57.186+0100] {processor.py:183} INFO - Processing /Users/harshasogala/financial-data-platform/venv/lib/python3.12/site-packages/airflow/example_dags/example_dynamic_task_mapping.py took 0.152 seconds
[2026-03-13T22:48:19.041+0100] {processor.py:161} INFO - Started process (PID=71418) to work on /Users/harshasogala/financial-data-platform/venv/lib/python3.12/site-packages/airflow/example_dags/example_dynamic_task_mapping.py
[2026-03-13T22:48:19.042+0100] {processor.py:830} INFO - Processing file /Users/harshasogala/financial-data-platform/venv/lib/python3.12/site-packages/airflow/example_dags/example_dynamic_task_mapping.py for tasks to queue
[2026-03-13T22:48:19.043+0100] {logging_mixin.py:188} INFO - [2026-03-13T22:48:19.043+0100] {dagbag.py:545} INFO - Filling up the DagBag from /Users/harshasogala/financial-data-platform/venv/lib/python3.12/site-packages/airflow/example_dags/example_dynamic_task_mapping.py
[2026-03-13T22:48:19.065+0100] {processor.py:840} INFO - DAG(s) 'example_dynamic_task_mapping' retrieved from /Users/harshasogala/financial-data-platform/venv/lib/python3.12/site-packages/airflow/example_dags/example_dynamic_task_mapping.py
[2026-03-13T22:48:19.118+0100] {logging_mixin.py:188} INFO - [2026-03-13T22:48:19.118+0100] {dag.py:3089} INFO - Sync 1 DAGs
[2026-03-13T22:48:19.171+0100] {logging_mixin.py:188} INFO - [2026-03-13T22:48:19.171+0100] {dag.py:3947} INFO - Setting next_dagrun for example_dynamic_task_mapping to 2022-03-04 00:00:00+00:00, run_after=2022-03-05 00:00:00+00:00
[2026-03-13T22:48:19.186+0100] {processor.py:183} INFO - Processing /Users/harshasogala/financial-data-platform/venv/lib/python3.12/site-packages/airflow/example_dags/example_dynamic_task_mapping.py took 0.146 seconds
[2026-03-13T22:49:39.103+0100] {processor.py:161} INFO - Started process (PID=71491) to work on /Users/harshasogala/financial-data-platform/venv/lib/python3.12/site-packages/airflow/example_dags/example_dynamic_task_mapping.py
[2026-03-13T22:49:39.104+0100] {processor.py:830} INFO - Processing file /Users/harshasogala/financial-data-platform/venv/lib/python3.12/site-packages/airflow/example_dags/example_dynamic_task_mapping.py for tasks to queue
[2026-03-13T22:49:39.104+0100] {logging_mixin.py:188} INFO - [2026-03-13T22:49:39.104+0100] {dagbag.py:545} INFO - Filling up the DagBag from /Users/harshasogala/financial-data-platform/venv/lib/python3.12/site-packages/airflow/example_dags/example_dynamic_task_mapping.py
[2026-03-13T22:49:39.126+0100] {processor.py:840} INFO - DAG(s) 'example_dynamic_task_mapping' retrieved from /Users/harshasogala/financial-data-platform/venv/lib/python3.12/site-packages/airflow/example_dags/example_dynamic_task_mapping.py
[2026-03-13T22:49:39.179+0100] {logging_mixin.py:188} INFO - [2026-03-13T22:49:39.178+0100] {dag.py:3089} INFO - Sync 1 DAGs
[2026-03-13T22:49:39.221+0100] {logging_mixin.py:188} INFO - [2026-03-13T22:49:39.221+0100] {dag.py:3947} INFO - Setting next_dagrun for example_dynamic_task_mapping to 2022-03-04 00:00:00+00:00, run_after=2022-03-05 00:00:00+00:00
[2026-03-13T22:49:39.232+0100] {processor.py:183} INFO - Processing /Users/harshasogala/financial-data-platform/venv/lib/python3.12/site-packages/airflow/example_dags/example_dynamic_task_mapping.py took 0.131 seconds
[2026-03-13T22:51:09.331+0100] {processor.py:161} INFO - Started process (PID=72028) to work on /Users/harshasogala/financial-data-platform/venv/lib/python3.12/site-packages/airflow/example_dags/example_dynamic_task_mapping.py
[2026-03-13T22:51:09.332+0100] {processor.py:830} INFO - Processing file /Users/harshasogala/financial-data-platform/venv/lib/python3.12/site-packages/airflow/example_dags/example_dynamic_task_mapping.py for tasks to queue
[2026-03-13T22:51:09.332+0100] {logging_mixin.py:188} INFO - [2026-03-13T22:51:09.332+0100] {dagbag.py:545} INFO - Filling up the DagBag from /Users/harshasogala/financial-data-platform/venv/lib/python3.12/site-packages/airflow/example_dags/example_dynamic_task_mapping.py
[2026-03-13T22:51:09.358+0100] {processor.py:840} INFO - DAG(s) 'example_dynamic_task_mapping' retrieved from /Users/harshasogala/financial-data-platform/venv/lib/python3.12/site-packages/airflow/example_dags/example_dynamic_task_mapping.py
[2026-03-13T22:51:09.451+0100] {logging_mixin.py:188} INFO - [2026-03-13T22:51:09.451+0100] {dag.py:3089} INFO - Sync 1 DAGs
[2026-03-13T22:51:09.501+0100] {logging_mixin.py:188} INFO - [2026-03-13T22:51:09.501+0100] {dag.py:3947} INFO - Setting next_dagrun for example_dynamic_task_mapping to 2022-03-04 00:00:00+00:00, run_after=2022-03-05 00:00:00+00:00
[2026-03-13T22:51:09.512+0100] {processor.py:183} INFO - Processing /Users/harshasogala/financial-data-platform/venv/lib/python3.12/site-packages/airflow/example_dags/example_dynamic_task_mapping.py took 0.183 seconds
[2026-03-13T22:52:25.289+0100] {processor.py:161} INFO - Started process (PID=72325) to work on /Users/harshasogala/financial-data-platform/venv/lib/python3.12/site-packages/airflow/example_dags/example_dynamic_task_mapping.py
[2026-03-13T22:52:25.290+0100] {processor.py:830} INFO - Processing file /Users/harshasogala/financial-data-platform/venv/lib/python3.12/site-packages/airflow/example_dags/example_dynamic_task_mapping.py for tasks to queue
[2026-03-13T22:52:25.290+0100] {logging_mixin.py:188} INFO - [2026-03-13T22:52:25.290+0100] {dagbag.py:545} INFO - Filling up the DagBag from /Users/harshasogala/financial-data-platform/venv/lib/python3.12/site-packages/airflow/example_dags/example_dynamic_task_mapping.py
[2026-03-13T22:52:25.315+0100] {processor.py:840} INFO - DAG(s) 'example_dynamic_task_mapping' retrieved from /Users/harshasogala/financial-data-platform/venv/lib/python3.12/site-packages/airflow/example_dags/example_dynamic_task_mapping.py
[2026-03-13T22:52:25.372+0100] {logging_mixin.py:188} INFO - [2026-03-13T22:52:25.371+0100] {dag.py:3089} INFO - Sync 1 DAGs
[2026-03-13T22:52:25.416+0100] {logging_mixin.py:188} INFO - [2026-03-13T22:52:25.416+0100] {dag.py:3947} INFO - Setting next_dagrun for example_dynamic_task_mapping to 2022-03-04 00:00:00+00:00, run_after=2022-03-05 00:00:00+00:00
[2026-03-13T22:52:25.427+0100] {processor.py:183} INFO - Processing /Users/harshasogala/financial-data-platform/venv/lib/python3.12/site-packages/airflow/example_dags/example_dynamic_task_mapping.py took 0.140 seconds
[2026-03-13T22:53:41.584+0100] {processor.py:161} INFO - Started process (PID=72424) to work on /Users/harshasogala/financial-data-platform/venv/lib/python3.12/site-packages/airflow/example_dags/example_dynamic_task_mapping.py
[2026-03-13T22:53:41.585+0100] {processor.py:830} INFO - Processing file /Users/harshasogala/financial-data-platform/venv/lib/python3.12/site-packages/airflow/example_dags/example_dynamic_task_mapping.py for tasks to queue
[2026-03-13T22:53:41.585+0100] {logging_mixin.py:188} INFO - [2026-03-13T22:53:41.585+0100] {dagbag.py:545} INFO - Filling up the DagBag from /Users/harshasogala/financial-data-platform/venv/lib/python3.12/site-packages/airflow/example_dags/example_dynamic_task_mapping.py
[2026-03-13T22:53:41.607+0100] {processor.py:840} INFO - DAG(s) 'example_dynamic_task_mapping' retrieved from /Users/harshasogala/financial-data-platform/venv/lib/python3.12/site-packages/airflow/example_dags/example_dynamic_task_mapping.py
[2026-03-13T22:53:41.662+0100] {logging_mixin.py:188} INFO - [2026-03-13T22:53:41.662+0100] {dag.py:3089} INFO - Sync 1 DAGs
[2026-03-13T22:53:41.705+0100] {logging_mixin.py:188} INFO - [2026-03-13T22:53:41.705+0100] {dag.py:3947} INFO - Setting next_dagrun for example_dynamic_task_mapping to 2022-03-04 00:00:00+00:00, run_after=2022-03-05 00:00:00+00:00
[2026-03-13T22:53:41.715+0100] {processor.py:183} INFO - Processing /Users/harshasogala/financial-data-platform/venv/lib/python3.12/site-packages/airflow/example_dags/example_dynamic_task_mapping.py took 0.133 seconds
[2026-03-13T22:55:11.251+0100] {processor.py:161} INFO - Started process (PID=72528) to work on /Users/harshasogala/financial-data-platform/venv/lib/python3.12/site-packages/airflow/example_dags/example_dynamic_task_mapping.py
[2026-03-13T22:55:11.252+0100] {processor.py:830} INFO - Processing file /Users/harshasogala/financial-data-platform/venv/lib/python3.12/site-packages/airflow/example_dags/example_dynamic_task_mapping.py for tasks to queue
[2026-03-13T22:55:11.253+0100] {logging_mixin.py:188} INFO - [2026-03-13T22:55:11.253+0100] {dagbag.py:545} INFO - Filling up the DagBag from /Users/harshasogala/financial-data-platform/venv/lib/python3.12/site-packages/airflow/example_dags/example_dynamic_task_mapping.py
[2026-03-13T22:55:11.277+0100] {processor.py:840} INFO - DAG(s) 'example_dynamic_task_mapping' retrieved from /Users/harshasogala/financial-data-platform/venv/lib/python3.12/site-packages/airflow/example_dags/example_dynamic_task_mapping.py
[2026-03-13T22:55:11.346+0100] {logging_mixin.py:188} INFO - [2026-03-13T22:55:11.346+0100] {dag.py:3089} INFO - Sync 1 DAGs
[2026-03-13T22:55:11.391+0100] {logging_mixin.py:188} INFO - [2026-03-13T22:55:11.391+0100] {dag.py:3947} INFO - Setting next_dagrun for example_dynamic_task_mapping to 2022-03-04 00:00:00+00:00, run_after=2022-03-05 00:00:00+00:00
[2026-03-13T22:55:11.404+0100] {processor.py:183} INFO - Processing /Users/harshasogala/financial-data-platform/venv/lib/python3.12/site-packages/airflow/example_dags/example_dynamic_task_mapping.py took 0.156 seconds
[2026-03-13T22:56:30.121+0100] {processor.py:161} INFO - Started process (PID=72622) to work on /Users/harshasogala/financial-data-platform/venv/lib/python3.12/site-packages/airflow/example_dags/example_dynamic_task_mapping.py
[2026-03-13T22:56:30.122+0100] {processor.py:830} INFO - Processing file /Users/harshasogala/financial-data-platform/venv/lib/python3.12/site-packages/airflow/example_dags/example_dynamic_task_mapping.py for tasks to queue
[2026-03-13T22:56:30.122+0100] {logging_mixin.py:188} INFO - [2026-03-13T22:56:30.122+0100] {dagbag.py:545} INFO - Filling up the DagBag from /Users/harshasogala/financial-data-platform/venv/lib/python3.12/site-packages/airflow/example_dags/example_dynamic_task_mapping.py
[2026-03-13T22:56:30.145+0100] {processor.py:840} INFO - DAG(s) 'example_dynamic_task_mapping' retrieved from /Users/harshasogala/financial-data-platform/venv/lib/python3.12/site-packages/airflow/example_dags/example_dynamic_task_mapping.py
[2026-03-13T22:56:30.197+0100] {logging_mixin.py:188} INFO - [2026-03-13T22:56:30.197+0100] {dag.py:3089} INFO - Sync 1 DAGs
[2026-03-13T22:56:30.241+0100] {logging_mixin.py:188} INFO - [2026-03-13T22:56:30.241+0100] {dag.py:3947} INFO - Setting next_dagrun for example_dynamic_task_mapping to 2022-03-04 00:00:00+00:00, run_after=2022-03-05 00:00:00+00:00
[2026-03-13T22:56:30.253+0100] {processor.py:183} INFO - Processing /Users/harshasogala/financial-data-platform/venv/lib/python3.12/site-packages/airflow/example_dags/example_dynamic_task_mapping.py took 0.134 seconds
[2026-03-13T22:57:49.051+0100] {processor.py:161} INFO - Started process (PID=72682) to work on /Users/harshasogala/financial-data-platform/venv/lib/python3.12/site-packages/airflow/example_dags/example_dynamic_task_mapping.py
[2026-03-13T22:57:49.052+0100] {processor.py:830} INFO - Processing file /Users/harshasogala/financial-data-platform/venv/lib/python3.12/site-packages/airflow/example_dags/example_dynamic_task_mapping.py for tasks to queue
[2026-03-13T22:57:49.052+0100] {logging_mixin.py:188} INFO - [2026-03-13T22:57:49.052+0100] {dagbag.py:545} INFO - Filling up the DagBag from /Users/harshasogala/financial-data-platform/venv/lib/python3.12/site-packages/airflow/example_dags/example_dynamic_task_mapping.py
[2026-03-13T22:57:49.074+0100] {processor.py:840} INFO - DAG(s) 'example_dynamic_task_mapping' retrieved from /Users/harshasogala/financial-data-platform/venv/lib/python3.12/site-packages/airflow/example_dags/example_dynamic_task_mapping.py
[2026-03-13T22:57:49.127+0100] {logging_mixin.py:188} INFO - [2026-03-13T22:57:49.127+0100] {dag.py:3089} INFO - Sync 1 DAGs
[2026-03-13T22:57:49.170+0100] {logging_mixin.py:188} INFO - [2026-03-13T22:57:49.170+0100] {dag.py:3947} INFO - Setting next_dagrun for example_dynamic_task_mapping to 2022-03-04 00:00:00+00:00, run_after=2022-03-05 00:00:00+00:00
[2026-03-13T22:57:49.181+0100] {processor.py:183} INFO - Processing /Users/harshasogala/financial-data-platform/venv/lib/python3.12/site-packages/airflow/example_dags/example_dynamic_task_mapping.py took 0.132 seconds
[2026-03-13T22:59:13.043+0100] {processor.py:161} INFO - Started process (PID=72758) to work on /Users/harshasogala/financial-data-platform/venv/lib/python3.12/site-packages/airflow/example_dags/example_dynamic_task_mapping.py
[2026-03-13T22:59:13.044+0100] {processor.py:830} INFO - Processing file /Users/harshasogala/financial-data-platform/venv/lib/python3.12/site-packages/airflow/example_dags/example_dynamic_task_mapping.py for tasks to queue
[2026-03-13T22:59:13.044+0100] {logging_mixin.py:188} INFO - [2026-03-13T22:59:13.044+0100] {dagbag.py:545} INFO - Filling up the DagBag from /Users/harshasogala/financial-data-platform/venv/lib/python3.12/site-packages/airflow/example_dags/example_dynamic_task_mapping.py
[2026-03-13T22:59:13.068+0100] {processor.py:840} INFO - DAG(s) 'example_dynamic_task_mapping' retrieved from /Users/harshasogala/financial-data-platform/venv/lib/python3.12/site-packages/airflow/example_dags/example_dynamic_task_mapping.py
[2026-03-13T22:59:13.123+0100] {logging_mixin.py:188} INFO - [2026-03-13T22:59:13.122+0100] {dag.py:3089} INFO - Sync 1 DAGs
[2026-03-13T22:59:13.168+0100] {logging_mixin.py:188} INFO - [2026-03-13T22:59:13.167+0100] {dag.py:3947} INFO - Setting next_dagrun for example_dynamic_task_mapping to 2022-03-04 00:00:00+00:00, run_after=2022-03-05 00:00:00+00:00
[2026-03-13T22:59:13.181+0100] {processor.py:183} INFO - Processing /Users/harshasogala/financial-data-platform/venv/lib/python3.12/site-packages/airflow/example_dags/example_dynamic_task_mapping.py took 0.139 seconds
[2026-03-13T23:00:29.888+0100] {processor.py:161} INFO - Started process (PID=72829) to work on /Users/harshasogala/financial-data-platform/venv/lib/python3.12/site-packages/airflow/example_dags/example_dynamic_task_mapping.py
[2026-03-13T23:00:29.889+0100] {processor.py:830} INFO - Processing file /Users/harshasogala/financial-data-platform/venv/lib/python3.12/site-packages/airflow/example_dags/example_dynamic_task_mapping.py for tasks to queue
[2026-03-13T23:00:29.890+0100] {logging_mixin.py:188} INFO - [2026-03-13T23:00:29.890+0100] {dagbag.py:545} INFO - Filling up the DagBag from /Users/harshasogala/financial-data-platform/venv/lib/python3.12/site-packages/airflow/example_dags/example_dynamic_task_mapping.py
[2026-03-13T23:00:29.913+0100] {processor.py:840} INFO - DAG(s) 'example_dynamic_task_mapping' retrieved from /Users/harshasogala/financial-data-platform/venv/lib/python3.12/site-packages/airflow/example_dags/example_dynamic_task_mapping.py
[2026-03-13T23:00:29.966+0100] {logging_mixin.py:188} INFO - [2026-03-13T23:00:29.966+0100] {dag.py:3089} INFO - Sync 1 DAGs
[2026-03-13T23:00:30.009+0100] {logging_mixin.py:188} INFO - [2026-03-13T23:00:30.009+0100] {dag.py:3947} INFO - Setting next_dagrun for example_dynamic_task_mapping to 2022-03-04 00:00:00+00:00, run_after=2022-03-05 00:00:00+00:00
[2026-03-13T23:00:30.020+0100] {processor.py:183} INFO - Processing /Users/harshasogala/financial-data-platform/venv/lib/python3.12/site-packages/airflow/example_dags/example_dynamic_task_mapping.py took 0.133 seconds
[2026-03-13T23:01:50.855+0100] {processor.py:161} INFO - Started process (PID=72890) to work on /Users/harshasogala/financial-data-platform/venv/lib/python3.12/site-packages/airflow/example_dags/example_dynamic_task_mapping.py
[2026-03-13T23:01:50.857+0100] {processor.py:830} INFO - Processing file /Users/harshasogala/financial-data-platform/venv/lib/python3.12/site-packages/airflow/example_dags/example_dynamic_task_mapping.py for tasks to queue
[2026-03-13T23:01:50.857+0100] {logging_mixin.py:188} INFO - [2026-03-13T23:01:50.857+0100] {dagbag.py:545} INFO - Filling up the DagBag from /Users/harshasogala/financial-data-platform/venv/lib/python3.12/site-packages/airflow/example_dags/example_dynamic_task_mapping.py
[2026-03-13T23:01:50.880+0100] {processor.py:840} INFO - DAG(s) 'example_dynamic_task_mapping' retrieved from /Users/harshasogala/financial-data-platform/venv/lib/python3.12/site-packages/airflow/example_dags/example_dynamic_task_mapping.py
[2026-03-13T23:01:50.932+0100] {logging_mixin.py:188} INFO - [2026-03-13T23:01:50.932+0100] {dag.py:3089} INFO - Sync 1 DAGs
[2026-03-13T23:01:50.975+0100] {logging_mixin.py:188} INFO - [2026-03-13T23:01:50.975+0100] {dag.py:3947} INFO - Setting next_dagrun for example_dynamic_task_mapping to 2022-03-04 00:00:00+00:00, run_after=2022-03-05 00:00:00+00:00
[2026-03-13T23:01:50.985+0100] {processor.py:183} INFO - Processing /Users/harshasogala/financial-data-platform/venv/lib/python3.12/site-packages/airflow/example_dags/example_dynamic_task_mapping.py took 0.132 seconds
[2026-03-13T23:03:08.645+0100] {processor.py:161} INFO - Started process (PID=72948) to work on /Users/harshasogala/financial-data-platform/venv/lib/python3.12/site-packages/airflow/example_dags/example_dynamic_task_mapping.py
[2026-03-13T23:03:08.648+0100] {processor.py:830} INFO - Processing file /Users/harshasogala/financial-data-platform/venv/lib/python3.12/site-packages/airflow/example_dags/example_dynamic_task_mapping.py for tasks to queue
[2026-03-13T23:03:08.649+0100] {logging_mixin.py:188} INFO - [2026-03-13T23:03:08.649+0100] {dagbag.py:545} INFO - Filling up the DagBag from /Users/harshasogala/financial-data-platform/venv/lib/python3.12/site-packages/airflow/example_dags/example_dynamic_task_mapping.py
[2026-03-13T23:03:08.776+0100] {processor.py:840} INFO - DAG(s) 'example_dynamic_task_mapping' retrieved from /Users/harshasogala/financial-data-platform/venv/lib/python3.12/site-packages/airflow/example_dags/example_dynamic_task_mapping.py
[2026-03-13T23:03:08.894+0100] {logging_mixin.py:188} INFO - [2026-03-13T23:03:08.894+0100] {dag.py:3089} INFO - Sync 1 DAGs
[2026-03-13T23:03:08.980+0100] {logging_mixin.py:188} INFO - [2026-03-13T23:03:08.979+0100] {dag.py:3947} INFO - Setting next_dagrun for example_dynamic_task_mapping to 2022-03-04 00:00:00+00:00, run_after=2022-03-05 00:00:00+00:00
[2026-03-13T23:03:09.002+0100] {processor.py:183} INFO - Processing /Users/harshasogala/financial-data-platform/venv/lib/python3.12/site-packages/airflow/example_dags/example_dynamic_task_mapping.py took 0.361 seconds
[2026-03-13T23:04:27.785+0100] {processor.py:161} INFO - Started process (PID=73009) to work on /Users/harshasogala/financial-data-platform/venv/lib/python3.12/site-packages/airflow/example_dags/example_dynamic_task_mapping.py
[2026-03-13T23:04:27.786+0100] {processor.py:830} INFO - Processing file /Users/harshasogala/financial-data-platform/venv/lib/python3.12/site-packages/airflow/example_dags/example_dynamic_task_mapping.py for tasks to queue
[2026-03-13T23:04:27.786+0100] {logging_mixin.py:188} INFO - [2026-03-13T23:04:27.786+0100] {dagbag.py:545} INFO - Filling up the DagBag from /Users/harshasogala/financial-data-platform/venv/lib/python3.12/site-packages/airflow/example_dags/example_dynamic_task_mapping.py
[2026-03-13T23:04:27.811+0100] {processor.py:840} INFO - DAG(s) 'example_dynamic_task_mapping' retrieved from /Users/harshasogala/financial-data-platform/venv/lib/python3.12/site-packages/airflow/example_dags/example_dynamic_task_mapping.py
[2026-03-13T23:04:27.864+0100] {logging_mixin.py:188} INFO - [2026-03-13T23:04:27.864+0100] {dag.py:3089} INFO - Sync 1 DAGs
[2026-03-13T23:04:27.907+0100] {logging_mixin.py:188} INFO - [2026-03-13T23:04:27.907+0100] {dag.py:3947} INFO - Setting next_dagrun for example_dynamic_task_mapping to 2022-03-04 00:00:00+00:00, run_after=2022-03-05 00:00:00+00:00
[2026-03-13T23:04:27.918+0100] {processor.py:183} INFO - Processing /Users/harshasogala/financial-data-platform/venv/lib/python3.12/site-packages/airflow/example_dags/example_dynamic_task_mapping.py took 0.135 seconds
[2026-03-13T23:05:43.980+0100] {processor.py:161} INFO - Started process (PID=73075) to work on /Users/harshasogala/financial-data-platform/venv/lib/python3.12/site-packages/airflow/example_dags/example_dynamic_task_mapping.py
[2026-03-13T23:05:43.981+0100] {processor.py:830} INFO - Processing file /Users/harshasogala/financial-data-platform/venv/lib/python3.12/site-packages/airflow/example_dags/example_dynamic_task_mapping.py for tasks to queue
[2026-03-13T23:05:43.981+0100] {logging_mixin.py:188} INFO - [2026-03-13T23:05:43.981+0100] {dagbag.py:545} INFO - Filling up the DagBag from /Users/harshasogala/financial-data-platform/venv/lib/python3.12/site-packages/airflow/example_dags/example_dynamic_task_mapping.py
[2026-03-13T23:05:44.007+0100] {processor.py:840} INFO - DAG(s) 'example_dynamic_task_mapping' retrieved from /Users/harshasogala/financial-data-platform/venv/lib/python3.12/site-packages/airflow/example_dags/example_dynamic_task_mapping.py
[2026-03-13T23:05:44.063+0100] {logging_mixin.py:188} INFO - [2026-03-13T23:05:44.062+0100] {dag.py:3089} INFO - Sync 1 DAGs
[2026-03-13T23:05:44.110+0100] {logging_mixin.py:188} INFO - [2026-03-13T23:05:44.110+0100] {dag.py:3947} INFO - Setting next_dagrun for example_dynamic_task_mapping to 2022-03-04 00:00:00+00:00, run_after=2022-03-05 00:00:00+00:00
[2026-03-13T23:05:44.121+0100] {processor.py:183} INFO - Processing /Users/harshasogala/financial-data-platform/venv/lib/python3.12/site-packages/airflow/example_dags/example_dynamic_task_mapping.py took 0.143 seconds
[2026-03-13T23:07:05.156+0100] {processor.py:161} INFO - Started process (PID=73141) to work on /Users/harshasogala/financial-data-platform/venv/lib/python3.12/site-packages/airflow/example_dags/example_dynamic_task_mapping.py
[2026-03-13T23:07:05.157+0100] {processor.py:830} INFO - Processing file /Users/harshasogala/financial-data-platform/venv/lib/python3.12/site-packages/airflow/example_dags/example_dynamic_task_mapping.py for tasks to queue
[2026-03-13T23:07:05.157+0100] {logging_mixin.py:188} INFO - [2026-03-13T23:07:05.157+0100] {dagbag.py:545} INFO - Filling up the DagBag from /Users/harshasogala/financial-data-platform/venv/lib/python3.12/site-packages/airflow/example_dags/example_dynamic_task_mapping.py
[2026-03-13T23:07:05.180+0100] {processor.py:840} INFO - DAG(s) 'example_dynamic_task_mapping' retrieved from /Users/harshasogala/financial-data-platform/venv/lib/python3.12/site-packages/airflow/example_dags/example_dynamic_task_mapping.py
[2026-03-13T23:07:05.232+0100] {logging_mixin.py:188} INFO - [2026-03-13T23:07:05.232+0100] {dag.py:3089} INFO - Sync 1 DAGs
[2026-03-13T23:07:05.276+0100] {logging_mixin.py:188} INFO - [2026-03-13T23:07:05.276+0100] {dag.py:3947} INFO - Setting next_dagrun for example_dynamic_task_mapping to 2022-03-04 00:00:00+00:00, run_after=2022-03-05 00:00:00+00:00
[2026-03-13T23:07:05.288+0100] {processor.py:183} INFO - Processing /Users/harshasogala/financial-data-platform/venv/lib/python3.12/site-packages/airflow/example_dags/example_dynamic_task_mapping.py took 0.134 seconds
[2026-03-13T23:08:23.996+0100] {processor.py:161} INFO - Started process (PID=73204) to work on /Users/harshasogala/financial-data-platform/venv/lib/python3.12/site-packages/airflow/example_dags/example_dynamic_task_mapping.py
[2026-03-13T23:08:23.997+0100] {processor.py:830} INFO - Processing file /Users/harshasogala/financial-data-platform/venv/lib/python3.12/site-packages/airflow/example_dags/example_dynamic_task_mapping.py for tasks to queue
[2026-03-13T23:08:23.997+0100] {logging_mixin.py:188} INFO - [2026-03-13T23:08:23.997+0100] {dagbag.py:545} INFO - Filling up the DagBag from /Users/harshasogala/financial-data-platform/venv/lib/python3.12/site-packages/airflow/example_dags/example_dynamic_task_mapping.py
[2026-03-13T23:08:24.019+0100] {processor.py:840} INFO - DAG(s) 'example_dynamic_task_mapping' retrieved from /Users/harshasogala/financial-data-platform/venv/lib/python3.12/site-packages/airflow/example_dags/example_dynamic_task_mapping.py
[2026-03-13T23:08:24.072+0100] {logging_mixin.py:188} INFO - [2026-03-13T23:08:24.072+0100] {dag.py:3089} INFO - Sync 1 DAGs
[2026-03-13T23:08:24.115+0100] {logging_mixin.py:188} INFO - [2026-03-13T23:08:24.115+0100] {dag.py:3947} INFO - Setting next_dagrun for example_dynamic_task_mapping to 2022-03-04 00:00:00+00:00, run_after=2022-03-05 00:00:00+00:00
[2026-03-13T23:08:24.125+0100] {processor.py:183} INFO - Processing /Users/harshasogala/financial-data-platform/venv/lib/python3.12/site-packages/airflow/example_dags/example_dynamic_task_mapping.py took 0.131 seconds
[2026-03-13T23:09:36.342+0100] {processor.py:161} INFO - Started process (PID=73261) to work on /Users/harshasogala/financial-data-platform/venv/lib/python3.12/site-packages/airflow/example_dags/example_dynamic_task_mapping.py
[2026-03-13T23:09:36.343+0100] {processor.py:830} INFO - Processing file /Users/harshasogala/financial-data-platform/venv/lib/python3.12/site-packages/airflow/example_dags/example_dynamic_task_mapping.py for tasks to queue
[2026-03-13T23:09:36.343+0100] {logging_mixin.py:188} INFO - [2026-03-13T23:09:36.343+0100] {dagbag.py:545} INFO - Filling up the DagBag from /Users/harshasogala/financial-data-platform/venv/lib/python3.12/site-packages/airflow/example_dags/example_dynamic_task_mapping.py
[2026-03-13T23:09:36.366+0100] {processor.py:840} INFO - DAG(s) 'example_dynamic_task_mapping' retrieved from /Users/harshasogala/financial-data-platform/venv/lib/python3.12/site-packages/airflow/example_dags/example_dynamic_task_mapping.py
[2026-03-13T23:09:36.420+0100] {logging_mixin.py:188} INFO - [2026-03-13T23:09:36.419+0100] {dag.py:3089} INFO - Sync 1 DAGs
[2026-03-13T23:09:36.462+0100] {logging_mixin.py:188} INFO - [2026-03-13T23:09:36.462+0100] {dag.py:3947} INFO - Setting next_dagrun for example_dynamic_task_mapping to 2022-03-04 00:00:00+00:00, run_after=2022-03-05 00:00:00+00:00
[2026-03-13T23:09:36.473+0100] {processor.py:183} INFO - Processing /Users/harshasogala/financial-data-platform/venv/lib/python3.12/site-packages/airflow/example_dags/example_dynamic_task_mapping.py took 0.133 seconds
[2026-03-13T23:10:49.423+0100] {processor.py:161} INFO - Started process (PID=73318) to work on /Users/harshasogala/financial-data-platform/venv/lib/python3.12/site-packages/airflow/example_dags/example_dynamic_task_mapping.py
[2026-03-13T23:10:49.425+0100] {processor.py:830} INFO - Processing file /Users/harshasogala/financial-data-platform/venv/lib/python3.12/site-packages/airflow/example_dags/example_dynamic_task_mapping.py for tasks to queue
[2026-03-13T23:10:49.425+0100] {logging_mixin.py:188} INFO - [2026-03-13T23:10:49.425+0100] {dagbag.py:545} INFO - Filling up the DagBag from /Users/harshasogala/financial-data-platform/venv/lib/python3.12/site-packages/airflow/example_dags/example_dynamic_task_mapping.py
[2026-03-13T23:10:49.448+0100] {processor.py:840} INFO - DAG(s) 'example_dynamic_task_mapping' retrieved from /Users/harshasogala/financial-data-platform/venv/lib/python3.12/site-packages/airflow/example_dags/example_dynamic_task_mapping.py
[2026-03-13T23:10:49.502+0100] {logging_mixin.py:188} INFO - [2026-03-13T23:10:49.502+0100] {dag.py:3089} INFO - Sync 1 DAGs
[2026-03-13T23:10:49.546+0100] {logging_mixin.py:188} INFO - [2026-03-13T23:10:49.546+0100] {dag.py:3947} INFO - Setting next_dagrun for example_dynamic_task_mapping to 2022-03-04 00:00:00+00:00, run_after=2022-03-05 00:00:00+00:00
[2026-03-13T23:10:49.556+0100] {processor.py:183} INFO - Processing /Users/harshasogala/financial-data-platform/venv/lib/python3.12/site-packages/airflow/example_dags/example_dynamic_task_mapping.py took 0.135 seconds
[2026-03-13T23:12:02.651+0100] {processor.py:161} INFO - Started process (PID=73388) to work on /Users/harshasogala/financial-data-platform/venv/lib/python3.12/site-packages/airflow/example_dags/example_dynamic_task_mapping.py
[2026-03-13T23:12:02.652+0100] {processor.py:830} INFO - Processing file /Users/harshasogala/financial-data-platform/venv/lib/python3.12/site-packages/airflow/example_dags/example_dynamic_task_mapping.py for tasks to queue
[2026-03-13T23:12:02.652+0100] {logging_mixin.py:188} INFO - [2026-03-13T23:12:02.652+0100] {dagbag.py:545} INFO - Filling up the DagBag from /Users/harshasogala/financial-data-platform/venv/lib/python3.12/site-packages/airflow/example_dags/example_dynamic_task_mapping.py
[2026-03-13T23:12:02.676+0100] {processor.py:840} INFO - DAG(s) 'example_dynamic_task_mapping' retrieved from /Users/harshasogala/financial-data-platform/venv/lib/python3.12/site-packages/airflow/example_dags/example_dynamic_task_mapping.py
[2026-03-13T23:12:02.729+0100] {logging_mixin.py:188} INFO - [2026-03-13T23:12:02.729+0100] {dag.py:3089} INFO - Sync 1 DAGs
[2026-03-13T23:12:02.772+0100] {logging_mixin.py:188} INFO - [2026-03-13T23:12:02.772+0100] {dag.py:3947} INFO - Setting next_dagrun for example_dynamic_task_mapping to 2022-03-04 00:00:00+00:00, run_after=2022-03-05 00:00:00+00:00
[2026-03-13T23:12:02.782+0100] {processor.py:183} INFO - Processing /Users/harshasogala/financial-data-platform/venv/lib/python3.12/site-packages/airflow/example_dags/example_dynamic_task_mapping.py took 0.133 seconds
[2026-03-13T23:13:17.465+0100] {processor.py:161} INFO - Started process (PID=73445) to work on /Users/harshasogala/financial-data-platform/venv/lib/python3.12/site-packages/airflow/example_dags/example_dynamic_task_mapping.py
[2026-03-13T23:13:17.467+0100] {processor.py:830} INFO - Processing file /Users/harshasogala/financial-data-platform/venv/lib/python3.12/site-packages/airflow/example_dags/example_dynamic_task_mapping.py for tasks to queue
[2026-03-13T23:13:17.467+0100] {logging_mixin.py:188} INFO - [2026-03-13T23:13:17.467+0100] {dagbag.py:545} INFO - Filling up the DagBag from /Users/harshasogala/financial-data-platform/venv/lib/python3.12/site-packages/airflow/example_dags/example_dynamic_task_mapping.py
[2026-03-13T23:13:17.490+0100] {processor.py:840} INFO - DAG(s) 'example_dynamic_task_mapping' retrieved from /Users/harshasogala/financial-data-platform/venv/lib/python3.12/site-packages/airflow/example_dags/example_dynamic_task_mapping.py
[2026-03-13T23:13:17.543+0100] {logging_mixin.py:188} INFO - [2026-03-13T23:13:17.543+0100] {dag.py:3089} INFO - Sync 1 DAGs
[2026-03-13T23:13:17.586+0100] {logging_mixin.py:188} INFO - [2026-03-13T23:13:17.585+0100] {dag.py:3947} INFO - Setting next_dagrun for example_dynamic_task_mapping to 2022-03-04 00:00:00+00:00, run_after=2022-03-05 00:00:00+00:00
[2026-03-13T23:13:17.596+0100] {processor.py:183} INFO - Processing /Users/harshasogala/financial-data-platform/venv/lib/python3.12/site-packages/airflow/example_dags/example_dynamic_task_mapping.py took 0.132 seconds
[2026-03-13T23:14:31.609+0100] {processor.py:161} INFO - Started process (PID=73507) to work on /Users/harshasogala/financial-data-platform/venv/lib/python3.12/site-packages/airflow/example_dags/example_dynamic_task_mapping.py
[2026-03-13T23:14:31.610+0100] {processor.py:830} INFO - Processing file /Users/harshasogala/financial-data-platform/venv/lib/python3.12/site-packages/airflow/example_dags/example_dynamic_task_mapping.py for tasks to queue
[2026-03-13T23:14:31.611+0100] {logging_mixin.py:188} INFO - [2026-03-13T23:14:31.610+0100] {dagbag.py:545} INFO - Filling up the DagBag from /Users/harshasogala/financial-data-platform/venv/lib/python3.12/site-packages/airflow/example_dags/example_dynamic_task_mapping.py
[2026-03-13T23:14:31.633+0100] {processor.py:840} INFO - DAG(s) 'example_dynamic_task_mapping' retrieved from /Users/harshasogala/financial-data-platform/venv/lib/python3.12/site-packages/airflow/example_dags/example_dynamic_task_mapping.py
[2026-03-13T23:14:31.687+0100] {logging_mixin.py:188} INFO - [2026-03-13T23:14:31.687+0100] {dag.py:3089} INFO - Sync 1 DAGs
[2026-03-13T23:14:31.731+0100] {logging_mixin.py:188} INFO - [2026-03-13T23:14:31.731+0100] {dag.py:3947} INFO - Setting next_dagrun for example_dynamic_task_mapping to 2022-03-04 00:00:00+00:00, run_after=2022-03-05 00:00:00+00:00
[2026-03-13T23:14:31.741+0100] {processor.py:183} INFO - Processing /Users/harshasogala/financial-data-platform/venv/lib/python3.12/site-packages/airflow/example_dags/example_dynamic_task_mapping.py took 0.134 seconds
[2026-03-13T23:15:47.204+0100] {processor.py:161} INFO - Started process (PID=73567) to work on /Users/harshasogala/financial-data-platform/venv/lib/python3.12/site-packages/airflow/example_dags/example_dynamic_task_mapping.py
[2026-03-13T23:15:47.205+0100] {processor.py:830} INFO - Processing file /Users/harshasogala/financial-data-platform/venv/lib/python3.12/site-packages/airflow/example_dags/example_dynamic_task_mapping.py for tasks to queue
[2026-03-13T23:15:47.206+0100] {logging_mixin.py:188} INFO - [2026-03-13T23:15:47.206+0100] {dagbag.py:545} INFO - Filling up the DagBag from /Users/harshasogala/financial-data-platform/venv/lib/python3.12/site-packages/airflow/example_dags/example_dynamic_task_mapping.py
[2026-03-13T23:15:47.228+0100] {processor.py:840} INFO - DAG(s) 'example_dynamic_task_mapping' retrieved from /Users/harshasogala/financial-data-platform/venv/lib/python3.12/site-packages/airflow/example_dags/example_dynamic_task_mapping.py
[2026-03-13T23:15:47.281+0100] {logging_mixin.py:188} INFO - [2026-03-13T23:15:47.281+0100] {dag.py:3089} INFO - Sync 1 DAGs
[2026-03-13T23:15:47.329+0100] {logging_mixin.py:188} INFO - [2026-03-13T23:15:47.329+0100] {dag.py:3947} INFO - Setting next_dagrun for example_dynamic_task_mapping to 2022-03-04 00:00:00+00:00, run_after=2022-03-05 00:00:00+00:00
[2026-03-13T23:15:47.343+0100] {processor.py:183} INFO - Processing /Users/harshasogala/financial-data-platform/venv/lib/python3.12/site-packages/airflow/example_dags/example_dynamic_task_mapping.py took 0.141 seconds
[2026-03-13T23:17:02.005+0100] {processor.py:161} INFO - Started process (PID=73633) to work on /Users/harshasogala/financial-data-platform/venv/lib/python3.12/site-packages/airflow/example_dags/example_dynamic_task_mapping.py
[2026-03-13T23:17:02.006+0100] {processor.py:830} INFO - Processing file /Users/harshasogala/financial-data-platform/venv/lib/python3.12/site-packages/airflow/example_dags/example_dynamic_task_mapping.py for tasks to queue
[2026-03-13T23:17:02.007+0100] {logging_mixin.py:188} INFO - [2026-03-13T23:17:02.007+0100] {dagbag.py:545} INFO - Filling up the DagBag from /Users/harshasogala/financial-data-platform/venv/lib/python3.12/site-packages/airflow/example_dags/example_dynamic_task_mapping.py
[2026-03-13T23:17:02.031+0100] {processor.py:840} INFO - DAG(s) 'example_dynamic_task_mapping' retrieved from /Users/harshasogala/financial-data-platform/venv/lib/python3.12/site-packages/airflow/example_dags/example_dynamic_task_mapping.py
[2026-03-13T23:17:02.084+0100] {logging_mixin.py:188} INFO - [2026-03-13T23:17:02.083+0100] {dag.py:3089} INFO - Sync 1 DAGs
[2026-03-13T23:17:02.129+0100] {logging_mixin.py:188} INFO - [2026-03-13T23:17:02.129+0100] {dag.py:3947} INFO - Setting next_dagrun for example_dynamic_task_mapping to 2022-03-04 00:00:00+00:00, run_after=2022-03-05 00:00:00+00:00
[2026-03-13T23:17:02.139+0100] {processor.py:183} INFO - Processing /Users/harshasogala/financial-data-platform/venv/lib/python3.12/site-packages/airflow/example_dags/example_dynamic_task_mapping.py took 0.135 seconds
[2026-03-13T23:18:19.664+0100] {processor.py:161} INFO - Started process (PID=73697) to work on /Users/harshasogala/financial-data-platform/venv/lib/python3.12/site-packages/airflow/example_dags/example_dynamic_task_mapping.py
[2026-03-13T23:18:19.665+0100] {processor.py:830} INFO - Processing file /Users/harshasogala/financial-data-platform/venv/lib/python3.12/site-packages/airflow/example_dags/example_dynamic_task_mapping.py for tasks to queue
[2026-03-13T23:18:19.665+0100] {logging_mixin.py:188} INFO - [2026-03-13T23:18:19.665+0100] {dagbag.py:545} INFO - Filling up the DagBag from /Users/harshasogala/financial-data-platform/venv/lib/python3.12/site-packages/airflow/example_dags/example_dynamic_task_mapping.py
[2026-03-13T23:18:19.687+0100] {processor.py:840} INFO - DAG(s) 'example_dynamic_task_mapping' retrieved from /Users/harshasogala/financial-data-platform/venv/lib/python3.12/site-packages/airflow/example_dags/example_dynamic_task_mapping.py
[2026-03-13T23:18:19.742+0100] {logging_mixin.py:188} INFO - [2026-03-13T23:18:19.741+0100] {dag.py:3089} INFO - Sync 1 DAGs
[2026-03-13T23:18:19.786+0100] {logging_mixin.py:188} INFO - [2026-03-13T23:18:19.786+0100] {dag.py:3947} INFO - Setting next_dagrun for example_dynamic_task_mapping to 2022-03-04 00:00:00+00:00, run_after=2022-03-05 00:00:00+00:00
[2026-03-13T23:18:19.796+0100] {processor.py:183} INFO - Processing /Users/harshasogala/financial-data-platform/venv/lib/python3.12/site-packages/airflow/example_dags/example_dynamic_task_mapping.py took 0.134 seconds
[2026-03-13T23:19:34.875+0100] {processor.py:161} INFO - Started process (PID=73757) to work on /Users/harshasogala/financial-data-platform/venv/lib/python3.12/site-packages/airflow/example_dags/example_dynamic_task_mapping.py
[2026-03-13T23:19:34.878+0100] {processor.py:830} INFO - Processing file /Users/harshasogala/financial-data-platform/venv/lib/python3.12/site-packages/airflow/example_dags/example_dynamic_task_mapping.py for tasks to queue
[2026-03-13T23:19:34.878+0100] {logging_mixin.py:188} INFO - [2026-03-13T23:19:34.878+0100] {dagbag.py:545} INFO - Filling up the DagBag from /Users/harshasogala/financial-data-platform/venv/lib/python3.12/site-packages/airflow/example_dags/example_dynamic_task_mapping.py
[2026-03-13T23:19:34.901+0100] {processor.py:840} INFO - DAG(s) 'example_dynamic_task_mapping' retrieved from /Users/harshasogala/financial-data-platform/venv/lib/python3.12/site-packages/airflow/example_dags/example_dynamic_task_mapping.py
[2026-03-13T23:19:34.954+0100] {logging_mixin.py:188} INFO - [2026-03-13T23:19:34.953+0100] {dag.py:3089} INFO - Sync 1 DAGs
[2026-03-13T23:19:34.997+0100] {logging_mixin.py:188} INFO - [2026-03-13T23:19:34.996+0100] {dag.py:3947} INFO - Setting next_dagrun for example_dynamic_task_mapping to 2022-03-04 00:00:00+00:00, run_after=2022-03-05 00:00:00+00:00
[2026-03-13T23:19:35.007+0100] {processor.py:183} INFO - Processing /Users/harshasogala/financial-data-platform/venv/lib/python3.12/site-packages/airflow/example_dags/example_dynamic_task_mapping.py took 0.134 seconds
[2026-03-13T23:20:53.813+0100] {processor.py:161} INFO - Started process (PID=73830) to work on /Users/harshasogala/financial-data-platform/venv/lib/python3.12/site-packages/airflow/example_dags/example_dynamic_task_mapping.py
[2026-03-13T23:20:53.814+0100] {processor.py:830} INFO - Processing file /Users/harshasogala/financial-data-platform/venv/lib/python3.12/site-packages/airflow/example_dags/example_dynamic_task_mapping.py for tasks to queue
[2026-03-13T23:20:53.815+0100] {logging_mixin.py:188} INFO - [2026-03-13T23:20:53.815+0100] {dagbag.py:545} INFO - Filling up the DagBag from /Users/harshasogala/financial-data-platform/venv/lib/python3.12/site-packages/airflow/example_dags/example_dynamic_task_mapping.py
[2026-03-13T23:20:53.837+0100] {processor.py:840} INFO - DAG(s) 'example_dynamic_task_mapping' retrieved from /Users/harshasogala/financial-data-platform/venv/lib/python3.12/site-packages/airflow/example_dags/example_dynamic_task_mapping.py
[2026-03-13T23:20:53.890+0100] {logging_mixin.py:188} INFO - [2026-03-13T23:20:53.890+0100] {dag.py:3089} INFO - Sync 1 DAGs
[2026-03-13T23:20:53.932+0100] {logging_mixin.py:188} INFO - [2026-03-13T23:20:53.932+0100] {dag.py:3947} INFO - Setting next_dagrun for example_dynamic_task_mapping to 2022-03-04 00:00:00+00:00, run_after=2022-03-05 00:00:00+00:00
[2026-03-13T23:20:53.943+0100] {processor.py:183} INFO - Processing /Users/harshasogala/financial-data-platform/venv/lib/python3.12/site-packages/airflow/example_dags/example_dynamic_task_mapping.py took 0.132 seconds
[2026-03-13T23:22:07.046+0100] {processor.py:161} INFO - Started process (PID=73906) to work on /Users/harshasogala/financial-data-platform/venv/lib/python3.12/site-packages/airflow/example_dags/example_dynamic_task_mapping.py
[2026-03-13T23:22:07.047+0100] {processor.py:830} INFO - Processing file /Users/harshasogala/financial-data-platform/venv/lib/python3.12/site-packages/airflow/example_dags/example_dynamic_task_mapping.py for tasks to queue
[2026-03-13T23:22:07.047+0100] {logging_mixin.py:188} INFO - [2026-03-13T23:22:07.047+0100] {dagbag.py:545} INFO - Filling up the DagBag from /Users/harshasogala/financial-data-platform/venv/lib/python3.12/site-packages/airflow/example_dags/example_dynamic_task_mapping.py
[2026-03-13T23:22:07.070+0100] {processor.py:840} INFO - DAG(s) 'example_dynamic_task_mapping' retrieved from /Users/harshasogala/financial-data-platform/venv/lib/python3.12/site-packages/airflow/example_dags/example_dynamic_task_mapping.py
[2026-03-13T23:22:07.122+0100] {logging_mixin.py:188} INFO - [2026-03-13T23:22:07.122+0100] {dag.py:3089} INFO - Sync 1 DAGs
[2026-03-13T23:22:07.165+0100] {logging_mixin.py:188} INFO - [2026-03-13T23:22:07.164+0100] {dag.py:3947} INFO - Setting next_dagrun for example_dynamic_task_mapping to 2022-03-04 00:00:00+00:00, run_after=2022-03-05 00:00:00+00:00
[2026-03-13T23:22:07.175+0100] {processor.py:183} INFO - Processing /Users/harshasogala/financial-data-platform/venv/lib/python3.12/site-packages/airflow/example_dags/example_dynamic_task_mapping.py took 0.130 seconds
[2026-03-13T23:23:22.049+0100] {processor.py:161} INFO - Started process (PID=73968) to work on /Users/harshasogala/financial-data-platform/venv/lib/python3.12/site-packages/airflow/example_dags/example_dynamic_task_mapping.py
[2026-03-13T23:23:22.049+0100] {processor.py:830} INFO - Processing file /Users/harshasogala/financial-data-platform/venv/lib/python3.12/site-packages/airflow/example_dags/example_dynamic_task_mapping.py for tasks to queue
[2026-03-13T23:23:22.050+0100] {logging_mixin.py:188} INFO - [2026-03-13T23:23:22.050+0100] {dagbag.py:545} INFO - Filling up the DagBag from /Users/harshasogala/financial-data-platform/venv/lib/python3.12/site-packages/airflow/example_dags/example_dynamic_task_mapping.py
[2026-03-13T23:23:22.072+0100] {processor.py:840} INFO - DAG(s) 'example_dynamic_task_mapping' retrieved from /Users/harshasogala/financial-data-platform/venv/lib/python3.12/site-packages/airflow/example_dags/example_dynamic_task_mapping.py
[2026-03-13T23:23:22.126+0100] {logging_mixin.py:188} INFO - [2026-03-13T23:23:22.126+0100] {dag.py:3089} INFO - Sync 1 DAGs
[2026-03-13T23:23:22.171+0100] {logging_mixin.py:188} INFO - [2026-03-13T23:23:22.171+0100] {dag.py:3947} INFO - Setting next_dagrun for example_dynamic_task_mapping to 2022-03-04 00:00:00+00:00, run_after=2022-03-05 00:00:00+00:00
[2026-03-13T23:23:22.183+0100] {processor.py:183} INFO - Processing /Users/harshasogala/financial-data-platform/venv/lib/python3.12/site-packages/airflow/example_dags/example_dynamic_task_mapping.py took 0.136 seconds
[2026-03-13T23:24:33.818+0100] {processor.py:161} INFO - Started process (PID=74028) to work on /Users/harshasogala/financial-data-platform/venv/lib/python3.12/site-packages/airflow/example_dags/example_dynamic_task_mapping.py
[2026-03-13T23:24:33.819+0100] {processor.py:830} INFO - Processing file /Users/harshasogala/financial-data-platform/venv/lib/python3.12/site-packages/airflow/example_dags/example_dynamic_task_mapping.py for tasks to queue
[2026-03-13T23:24:33.820+0100] {logging_mixin.py:188} INFO - [2026-03-13T23:24:33.820+0100] {dagbag.py:545} INFO - Filling up the DagBag from /Users/harshasogala/financial-data-platform/venv/lib/python3.12/site-packages/airflow/example_dags/example_dynamic_task_mapping.py
[2026-03-13T23:24:33.842+0100] {processor.py:840} INFO - DAG(s) 'example_dynamic_task_mapping' retrieved from /Users/harshasogala/financial-data-platform/venv/lib/python3.12/site-packages/airflow/example_dags/example_dynamic_task_mapping.py
[2026-03-13T23:24:33.895+0100] {logging_mixin.py:188} INFO - [2026-03-13T23:24:33.895+0100] {dag.py:3089} INFO - Sync 1 DAGs
[2026-03-13T23:24:33.937+0100] {logging_mixin.py:188} INFO - [2026-03-13T23:24:33.937+0100] {dag.py:3947} INFO - Setting next_dagrun for example_dynamic_task_mapping to 2022-03-04 00:00:00+00:00, run_after=2022-03-05 00:00:00+00:00
[2026-03-13T23:24:33.948+0100] {processor.py:183} INFO - Processing /Users/harshasogala/financial-data-platform/venv/lib/python3.12/site-packages/airflow/example_dags/example_dynamic_task_mapping.py took 0.131 seconds
[2026-03-13T23:25:55.468+0100] {processor.py:161} INFO - Started process (PID=74088) to work on /Users/harshasogala/financial-data-platform/venv/lib/python3.12/site-packages/airflow/example_dags/example_dynamic_task_mapping.py
[2026-03-13T23:25:55.469+0100] {processor.py:830} INFO - Processing file /Users/harshasogala/financial-data-platform/venv/lib/python3.12/site-packages/airflow/example_dags/example_dynamic_task_mapping.py for tasks to queue
[2026-03-13T23:25:55.469+0100] {logging_mixin.py:188} INFO - [2026-03-13T23:25:55.469+0100] {dagbag.py:545} INFO - Filling up the DagBag from /Users/harshasogala/financial-data-platform/venv/lib/python3.12/site-packages/airflow/example_dags/example_dynamic_task_mapping.py
[2026-03-13T23:25:55.492+0100] {processor.py:840} INFO - DAG(s) 'example_dynamic_task_mapping' retrieved from /Users/harshasogala/financial-data-platform/venv/lib/python3.12/site-packages/airflow/example_dags/example_dynamic_task_mapping.py
[2026-03-13T23:25:55.545+0100] {logging_mixin.py:188} INFO - [2026-03-13T23:25:55.545+0100] {dag.py:3089} INFO - Sync 1 DAGs
[2026-03-13T23:25:55.587+0100] {logging_mixin.py:188} INFO - [2026-03-13T23:25:55.587+0100] {dag.py:3947} INFO - Setting next_dagrun for example_dynamic_task_mapping to 2022-03-04 00:00:00+00:00, run_after=2022-03-05 00:00:00+00:00
[2026-03-13T23:25:55.598+0100] {processor.py:183} INFO - Processing /Users/harshasogala/financial-data-platform/venv/lib/python3.12/site-packages/airflow/example_dags/example_dynamic_task_mapping.py took 0.132 seconds
[2026-03-13T23:27:08.650+0100] {processor.py:161} INFO - Started process (PID=74153) to work on /Users/harshasogala/financial-data-platform/venv/lib/python3.12/site-packages/airflow/example_dags/example_dynamic_task_mapping.py
[2026-03-13T23:27:08.651+0100] {processor.py:830} INFO - Processing file /Users/harshasogala/financial-data-platform/venv/lib/python3.12/site-packages/airflow/example_dags/example_dynamic_task_mapping.py for tasks to queue
[2026-03-13T23:27:08.651+0100] {logging_mixin.py:188} INFO - [2026-03-13T23:27:08.651+0100] {dagbag.py:545} INFO - Filling up the DagBag from /Users/harshasogala/financial-data-platform/venv/lib/python3.12/site-packages/airflow/example_dags/example_dynamic_task_mapping.py
[2026-03-13T23:27:08.674+0100] {processor.py:840} INFO - DAG(s) 'example_dynamic_task_mapping' retrieved from /Users/harshasogala/financial-data-platform/venv/lib/python3.12/site-packages/airflow/example_dags/example_dynamic_task_mapping.py
[2026-03-13T23:27:08.728+0100] {logging_mixin.py:188} INFO - [2026-03-13T23:27:08.728+0100] {dag.py:3089} INFO - Sync 1 DAGs
[2026-03-13T23:27:08.771+0100] {logging_mixin.py:188} INFO - [2026-03-13T23:27:08.771+0100] {dag.py:3947} INFO - Setting next_dagrun for example_dynamic_task_mapping to 2022-03-04 00:00:00+00:00, run_after=2022-03-05 00:00:00+00:00
[2026-03-13T23:27:08.782+0100] {processor.py:183} INFO - Processing /Users/harshasogala/financial-data-platform/venv/lib/python3.12/site-packages/airflow/example_dags/example_dynamic_task_mapping.py took 0.134 seconds
[2026-03-13T23:28:30.323+0100] {processor.py:161} INFO - Started process (PID=74249) to work on /Users/harshasogala/financial-data-platform/venv/lib/python3.12/site-packages/airflow/example_dags/example_dynamic_task_mapping.py
[2026-03-13T23:28:30.325+0100] {processor.py:830} INFO - Processing file /Users/harshasogala/financial-data-platform/venv/lib/python3.12/site-packages/airflow/example_dags/example_dynamic_task_mapping.py for tasks to queue
[2026-03-13T23:28:30.325+0100] {logging_mixin.py:188} INFO - [2026-03-13T23:28:30.325+0100] {dagbag.py:545} INFO - Filling up the DagBag from /Users/harshasogala/financial-data-platform/venv/lib/python3.12/site-packages/airflow/example_dags/example_dynamic_task_mapping.py
[2026-03-13T23:28:30.350+0100] {processor.py:840} INFO - DAG(s) 'example_dynamic_task_mapping' retrieved from /Users/harshasogala/financial-data-platform/venv/lib/python3.12/site-packages/airflow/example_dags/example_dynamic_task_mapping.py
[2026-03-13T23:28:30.404+0100] {logging_mixin.py:188} INFO - [2026-03-13T23:28:30.403+0100] {dag.py:3089} INFO - Sync 1 DAGs
[2026-03-13T23:28:30.447+0100] {logging_mixin.py:188} INFO - [2026-03-13T23:28:30.446+0100] {dag.py:3947} INFO - Setting next_dagrun for example_dynamic_task_mapping to 2022-03-04 00:00:00+00:00, run_after=2022-03-05 00:00:00+00:00
[2026-03-13T23:28:30.459+0100] {processor.py:183} INFO - Processing /Users/harshasogala/financial-data-platform/venv/lib/python3.12/site-packages/airflow/example_dags/example_dynamic_task_mapping.py took 0.137 seconds
[2026-03-13T23:29:43.831+0100] {processor.py:161} INFO - Started process (PID=74308) to work on /Users/harshasogala/financial-data-platform/venv/lib/python3.12/site-packages/airflow/example_dags/example_dynamic_task_mapping.py
[2026-03-13T23:29:43.833+0100] {processor.py:830} INFO - Processing file /Users/harshasogala/financial-data-platform/venv/lib/python3.12/site-packages/airflow/example_dags/example_dynamic_task_mapping.py for tasks to queue
[2026-03-13T23:29:43.833+0100] {logging_mixin.py:188} INFO - [2026-03-13T23:29:43.833+0100] {dagbag.py:545} INFO - Filling up the DagBag from /Users/harshasogala/financial-data-platform/venv/lib/python3.12/site-packages/airflow/example_dags/example_dynamic_task_mapping.py
[2026-03-13T23:29:43.855+0100] {processor.py:840} INFO - DAG(s) 'example_dynamic_task_mapping' retrieved from /Users/harshasogala/financial-data-platform/venv/lib/python3.12/site-packages/airflow/example_dags/example_dynamic_task_mapping.py
[2026-03-13T23:29:43.907+0100] {logging_mixin.py:188} INFO - [2026-03-13T23:29:43.907+0100] {dag.py:3089} INFO - Sync 1 DAGs
[2026-03-13T23:29:43.950+0100] {logging_mixin.py:188} INFO - [2026-03-13T23:29:43.950+0100] {dag.py:3947} INFO - Setting next_dagrun for example_dynamic_task_mapping to 2022-03-04 00:00:00+00:00, run_after=2022-03-05 00:00:00+00:00
[2026-03-13T23:29:43.960+0100] {processor.py:183} INFO - Processing /Users/harshasogala/financial-data-platform/venv/lib/python3.12/site-packages/airflow/example_dags/example_dynamic_task_mapping.py took 0.130 seconds
[2026-03-13T23:31:03.122+0100] {processor.py:161} INFO - Started process (PID=74411) to work on /Users/harshasogala/financial-data-platform/venv/lib/python3.12/site-packages/airflow/example_dags/example_dynamic_task_mapping.py
[2026-03-13T23:31:03.123+0100] {processor.py:830} INFO - Processing file /Users/harshasogala/financial-data-platform/venv/lib/python3.12/site-packages/airflow/example_dags/example_dynamic_task_mapping.py for tasks to queue
[2026-03-13T23:31:03.123+0100] {logging_mixin.py:188} INFO - [2026-03-13T23:31:03.123+0100] {dagbag.py:545} INFO - Filling up the DagBag from /Users/harshasogala/financial-data-platform/venv/lib/python3.12/site-packages/airflow/example_dags/example_dynamic_task_mapping.py
[2026-03-13T23:31:03.154+0100] {processor.py:840} INFO - DAG(s) 'example_dynamic_task_mapping' retrieved from /Users/harshasogala/financial-data-platform/venv/lib/python3.12/site-packages/airflow/example_dags/example_dynamic_task_mapping.py
[2026-03-13T23:31:03.217+0100] {logging_mixin.py:188} INFO - [2026-03-13T23:31:03.217+0100] {dag.py:3089} INFO - Sync 1 DAGs
[2026-03-13T23:31:03.268+0100] {logging_mixin.py:188} INFO - [2026-03-13T23:31:03.268+0100] {dag.py:3947} INFO - Setting next_dagrun for example_dynamic_task_mapping to 2022-03-04 00:00:00+00:00, run_after=2022-03-05 00:00:00+00:00
[2026-03-13T23:31:03.280+0100] {processor.py:183} INFO - Processing /Users/harshasogala/financial-data-platform/venv/lib/python3.12/site-packages/airflow/example_dags/example_dynamic_task_mapping.py took 0.160 seconds
[2026-03-13T23:32:19.111+0100] {processor.py:161} INFO - Started process (PID=74940) to work on /Users/harshasogala/financial-data-platform/venv/lib/python3.12/site-packages/airflow/example_dags/example_dynamic_task_mapping.py
[2026-03-13T23:32:19.113+0100] {processor.py:830} INFO - Processing file /Users/harshasogala/financial-data-platform/venv/lib/python3.12/site-packages/airflow/example_dags/example_dynamic_task_mapping.py for tasks to queue
[2026-03-13T23:32:19.113+0100] {logging_mixin.py:188} INFO - [2026-03-13T23:32:19.113+0100] {dagbag.py:545} INFO - Filling up the DagBag from /Users/harshasogala/financial-data-platform/venv/lib/python3.12/site-packages/airflow/example_dags/example_dynamic_task_mapping.py
[2026-03-13T23:32:19.137+0100] {processor.py:840} INFO - DAG(s) 'example_dynamic_task_mapping' retrieved from /Users/harshasogala/financial-data-platform/venv/lib/python3.12/site-packages/airflow/example_dags/example_dynamic_task_mapping.py
[2026-03-13T23:32:19.191+0100] {logging_mixin.py:188} INFO - [2026-03-13T23:32:19.190+0100] {dag.py:3089} INFO - Sync 1 DAGs
[2026-03-13T23:32:19.237+0100] {logging_mixin.py:188} INFO - [2026-03-13T23:32:19.237+0100] {dag.py:3947} INFO - Setting next_dagrun for example_dynamic_task_mapping to 2022-03-04 00:00:00+00:00, run_after=2022-03-05 00:00:00+00:00
[2026-03-13T23:32:19.248+0100] {processor.py:183} INFO - Processing /Users/harshasogala/financial-data-platform/venv/lib/python3.12/site-packages/airflow/example_dags/example_dynamic_task_mapping.py took 0.139 seconds
[2026-03-13T23:33:38.628+0100] {processor.py:161} INFO - Started process (PID=75026) to work on /Users/harshasogala/financial-data-platform/venv/lib/python3.12/site-packages/airflow/example_dags/example_dynamic_task_mapping.py
[2026-03-13T23:33:38.629+0100] {processor.py:830} INFO - Processing file /Users/harshasogala/financial-data-platform/venv/lib/python3.12/site-packages/airflow/example_dags/example_dynamic_task_mapping.py for tasks to queue
[2026-03-13T23:33:38.629+0100] {logging_mixin.py:188} INFO - [2026-03-13T23:33:38.629+0100] {dagbag.py:545} INFO - Filling up the DagBag from /Users/harshasogala/financial-data-platform/venv/lib/python3.12/site-packages/airflow/example_dags/example_dynamic_task_mapping.py
[2026-03-13T23:33:38.652+0100] {processor.py:840} INFO - DAG(s) 'example_dynamic_task_mapping' retrieved from /Users/harshasogala/financial-data-platform/venv/lib/python3.12/site-packages/airflow/example_dags/example_dynamic_task_mapping.py
[2026-03-13T23:33:38.705+0100] {logging_mixin.py:188} INFO - [2026-03-13T23:33:38.705+0100] {dag.py:3089} INFO - Sync 1 DAGs
[2026-03-13T23:33:38.748+0100] {logging_mixin.py:188} INFO - [2026-03-13T23:33:38.748+0100] {dag.py:3947} INFO - Setting next_dagrun for example_dynamic_task_mapping to 2022-03-04 00:00:00+00:00, run_after=2022-03-05 00:00:00+00:00
[2026-03-13T23:33:38.759+0100] {processor.py:183} INFO - Processing /Users/harshasogala/financial-data-platform/venv/lib/python3.12/site-packages/airflow/example_dags/example_dynamic_task_mapping.py took 0.133 seconds
