[2026-03-13T22:18:31.399+0100] {processor.py:161} INFO - Started process (PID=66014) to work on /Users/harshasogala/financial-data-platform/venv/lib/python3.12/site-packages/airflow/example_dags/example_sensors.py
[2026-03-13T22:18:31.399+0100] {processor.py:830} INFO - Processing file /Users/harshasogala/financial-data-platform/venv/lib/python3.12/site-packages/airflow/example_dags/example_sensors.py for tasks to queue
[2026-03-13T22:18:31.400+0100] {logging_mixin.py:188} INFO - [2026-03-13T22:18:31.400+0100] {dagbag.py:545} INFO - Filling up the DagBag from /Users/harshasogala/financial-data-platform/venv/lib/python3.12/site-packages/airflow/example_dags/example_sensors.py
[2026-03-13T22:18:31.409+0100] {processor.py:840} INFO - DAG(s) 'example_sensors' retrieved from /Users/harshasogala/financial-data-platform/venv/lib/python3.12/site-packages/airflow/example_dags/example_sensors.py
[2026-03-13T22:18:31.519+0100] {logging_mixin.py:188} INFO - [2026-03-13T22:18:31.519+0100] {override.py:1858} INFO - Created Permission View: can read on DAG:example_sensors
[2026-03-13T22:18:31.524+0100] {logging_mixin.py:188} INFO - [2026-03-13T22:18:31.524+0100] {override.py:1858} INFO - Created Permission View: can delete on DAG:example_sensors
[2026-03-13T22:18:31.527+0100] {logging_mixin.py:188} INFO - [2026-03-13T22:18:31.527+0100] {override.py:1858} INFO - Created Permission View: can edit on DAG:example_sensors
[2026-03-13T22:18:31.527+0100] {logging_mixin.py:188} INFO - [2026-03-13T22:18:31.527+0100] {dag.py:3089} INFO - Sync 1 DAGs
[2026-03-13T22:18:31.532+0100] {logging_mixin.py:188} INFO - [2026-03-13T22:18:31.532+0100] {dag.py:3111} INFO - Creating ORM DAG for example_sensors
[2026-03-13T22:18:31.533+0100] {logging_mixin.py:188} INFO - [2026-03-13T22:18:31.533+0100] {dag.py:3947} INFO - Setting next_dagrun for example_sensors to None, run_after=None
[2026-03-13T22:18:31.542+0100] {processor.py:183} INFO - Processing /Users/harshasogala/financial-data-platform/venv/lib/python3.12/site-packages/airflow/example_dags/example_sensors.py took 0.145 seconds
[2026-03-13T22:20:19.915+0100] {processor.py:161} INFO - Started process (PID=66088) to work on /Users/harshasogala/financial-data-platform/venv/lib/python3.12/site-packages/airflow/example_dags/example_sensors.py
[2026-03-13T22:20:19.916+0100] {processor.py:830} INFO - Processing file /Users/harshasogala/financial-data-platform/venv/lib/python3.12/site-packages/airflow/example_dags/example_sensors.py for tasks to queue
[2026-03-13T22:20:19.916+0100] {logging_mixin.py:188} INFO - [2026-03-13T22:20:19.916+0100] {dagbag.py:545} INFO - Filling up the DagBag from /Users/harshasogala/financial-data-platform/venv/lib/python3.12/site-packages/airflow/example_dags/example_sensors.py
[2026-03-13T22:20:19.929+0100] {processor.py:840} INFO - DAG(s) 'example_sensors' retrieved from /Users/harshasogala/financial-data-platform/venv/lib/python3.12/site-packages/airflow/example_dags/example_sensors.py
[2026-03-13T22:20:20.001+0100] {logging_mixin.py:188} INFO - [2026-03-13T22:20:20.001+0100] {dag.py:3089} INFO - Sync 1 DAGs
[2026-03-13T22:20:20.007+0100] {logging_mixin.py:188} INFO - [2026-03-13T22:20:20.007+0100] {dag.py:3947} INFO - Setting next_dagrun for example_sensors to None, run_after=None
[2026-03-13T22:20:20.021+0100] {processor.py:183} INFO - Processing /Users/harshasogala/financial-data-platform/venv/lib/python3.12/site-packages/airflow/example_dags/example_sensors.py took 0.108 seconds
[2026-03-13T22:28:25.380+0100] {processor.py:161} INFO - Started process (PID=67326) to work on /Users/harshasogala/financial-data-platform/venv/lib/python3.12/site-packages/airflow/example_dags/example_sensors.py
[2026-03-13T22:28:25.381+0100] {processor.py:830} INFO - Processing file /Users/harshasogala/financial-data-platform/venv/lib/python3.12/site-packages/airflow/example_dags/example_sensors.py for tasks to queue
[2026-03-13T22:28:25.382+0100] {logging_mixin.py:188} INFO - [2026-03-13T22:28:25.382+0100] {dagbag.py:545} INFO - Filling up the DagBag from /Users/harshasogala/financial-data-platform/venv/lib/python3.12/site-packages/airflow/example_dags/example_sensors.py
[2026-03-13T22:28:25.391+0100] {processor.py:840} INFO - DAG(s) 'example_sensors' retrieved from /Users/harshasogala/financial-data-platform/venv/lib/python3.12/site-packages/airflow/example_dags/example_sensors.py
[2026-03-13T22:28:25.455+0100] {logging_mixin.py:188} INFO - [2026-03-13T22:28:25.455+0100] {dag.py:3089} INFO - Sync 1 DAGs
[2026-03-13T22:28:25.461+0100] {logging_mixin.py:188} INFO - [2026-03-13T22:28:25.461+0100] {dag.py:3947} INFO - Setting next_dagrun for example_sensors to None, run_after=None
[2026-03-13T22:28:25.472+0100] {processor.py:183} INFO - Processing /Users/harshasogala/financial-data-platform/venv/lib/python3.12/site-packages/airflow/example_dags/example_sensors.py took 0.093 seconds
[2026-03-13T22:29:30.590+0100] {processor.py:161} INFO - Started process (PID=67385) to work on /Users/harshasogala/financial-data-platform/venv/lib/python3.12/site-packages/airflow/example_dags/example_sensors.py
[2026-03-13T22:29:30.591+0100] {processor.py:830} INFO - Processing file /Users/harshasogala/financial-data-platform/venv/lib/python3.12/site-packages/airflow/example_dags/example_sensors.py for tasks to queue
[2026-03-13T22:29:30.591+0100] {logging_mixin.py:188} INFO - [2026-03-13T22:29:30.591+0100] {dagbag.py:545} INFO - Filling up the DagBag from /Users/harshasogala/financial-data-platform/venv/lib/python3.12/site-packages/airflow/example_dags/example_sensors.py
[2026-03-13T22:29:30.601+0100] {processor.py:840} INFO - DAG(s) 'example_sensors' retrieved from /Users/harshasogala/financial-data-platform/venv/lib/python3.12/site-packages/airflow/example_dags/example_sensors.py
[2026-03-13T22:29:30.665+0100] {logging_mixin.py:188} INFO - [2026-03-13T22:29:30.665+0100] {dag.py:3089} INFO - Sync 1 DAGs
[2026-03-13T22:29:30.671+0100] {logging_mixin.py:188} INFO - [2026-03-13T22:29:30.671+0100] {dag.py:3947} INFO - Setting next_dagrun for example_sensors to None, run_after=None
[2026-03-13T22:29:30.682+0100] {processor.py:183} INFO - Processing /Users/harshasogala/financial-data-platform/venv/lib/python3.12/site-packages/airflow/example_dags/example_sensors.py took 0.094 seconds
[2026-03-13T22:30:38.327+0100] {processor.py:161} INFO - Started process (PID=67523) to work on /Users/harshasogala/financial-data-platform/venv/lib/python3.12/site-packages/airflow/example_dags/example_sensors.py
[2026-03-13T22:30:38.328+0100] {processor.py:830} INFO - Processing file /Users/harshasogala/financial-data-platform/venv/lib/python3.12/site-packages/airflow/example_dags/example_sensors.py for tasks to queue
[2026-03-13T22:30:38.328+0100] {logging_mixin.py:188} INFO - [2026-03-13T22:30:38.328+0100] {dagbag.py:545} INFO - Filling up the DagBag from /Users/harshasogala/financial-data-platform/venv/lib/python3.12/site-packages/airflow/example_dags/example_sensors.py
[2026-03-13T22:30:38.338+0100] {processor.py:840} INFO - DAG(s) 'example_sensors' retrieved from /Users/harshasogala/financial-data-platform/venv/lib/python3.12/site-packages/airflow/example_dags/example_sensors.py
[2026-03-13T22:30:38.402+0100] {logging_mixin.py:188} INFO - [2026-03-13T22:30:38.402+0100] {dag.py:3089} INFO - Sync 1 DAGs
[2026-03-13T22:30:38.407+0100] {logging_mixin.py:188} INFO - [2026-03-13T22:30:38.407+0100] {dag.py:3947} INFO - Setting next_dagrun for example_sensors to None, run_after=None
[2026-03-13T22:30:38.418+0100] {processor.py:183} INFO - Processing /Users/harshasogala/financial-data-platform/venv/lib/python3.12/site-packages/airflow/example_dags/example_sensors.py took 0.093 seconds
[2026-03-13T22:31:59.185+0100] {processor.py:161} INFO - Started process (PID=68348) to work on /Users/harshasogala/financial-data-platform/venv/lib/python3.12/site-packages/airflow/example_dags/example_sensors.py
[2026-03-13T22:31:59.186+0100] {processor.py:830} INFO - Processing file /Users/harshasogala/financial-data-platform/venv/lib/python3.12/site-packages/airflow/example_dags/example_sensors.py for tasks to queue
[2026-03-13T22:31:59.186+0100] {logging_mixin.py:188} INFO - [2026-03-13T22:31:59.186+0100] {dagbag.py:545} INFO - Filling up the DagBag from /Users/harshasogala/financial-data-platform/venv/lib/python3.12/site-packages/airflow/example_dags/example_sensors.py
[2026-03-13T22:31:59.195+0100] {processor.py:840} INFO - DAG(s) 'example_sensors' retrieved from /Users/harshasogala/financial-data-platform/venv/lib/python3.12/site-packages/airflow/example_dags/example_sensors.py
[2026-03-13T22:31:59.259+0100] {logging_mixin.py:188} INFO - [2026-03-13T22:31:59.259+0100] {dag.py:3089} INFO - Sync 1 DAGs
[2026-03-13T22:31:59.265+0100] {logging_mixin.py:188} INFO - [2026-03-13T22:31:59.265+0100] {dag.py:3947} INFO - Setting next_dagrun for example_sensors to None, run_after=None
[2026-03-13T22:31:59.312+0100] {processor.py:183} INFO - Processing /Users/harshasogala/financial-data-platform/venv/lib/python3.12/site-packages/airflow/example_dags/example_sensors.py took 0.129 seconds
[2026-03-13T22:33:06.086+0100] {processor.py:161} INFO - Started process (PID=69002) to work on /Users/harshasogala/financial-data-platform/venv/lib/python3.12/site-packages/airflow/example_dags/example_sensors.py
[2026-03-13T22:33:06.087+0100] {processor.py:830} INFO - Processing file /Users/harshasogala/financial-data-platform/venv/lib/python3.12/site-packages/airflow/example_dags/example_sensors.py for tasks to queue
[2026-03-13T22:33:06.088+0100] {logging_mixin.py:188} INFO - [2026-03-13T22:33:06.088+0100] {dagbag.py:545} INFO - Filling up the DagBag from /Users/harshasogala/financial-data-platform/venv/lib/python3.12/site-packages/airflow/example_dags/example_sensors.py
[2026-03-13T22:33:06.097+0100] {processor.py:840} INFO - DAG(s) 'example_sensors' retrieved from /Users/harshasogala/financial-data-platform/venv/lib/python3.12/site-packages/airflow/example_dags/example_sensors.py
[2026-03-13T22:33:06.161+0100] {logging_mixin.py:188} INFO - [2026-03-13T22:33:06.160+0100] {dag.py:3089} INFO - Sync 1 DAGs
[2026-03-13T22:33:06.166+0100] {logging_mixin.py:188} INFO - [2026-03-13T22:33:06.166+0100] {dag.py:3947} INFO - Setting next_dagrun for example_sensors to None, run_after=None
[2026-03-13T22:33:06.211+0100] {processor.py:183} INFO - Processing /Users/harshasogala/financial-data-platform/venv/lib/python3.12/site-packages/airflow/example_dags/example_sensors.py took 0.126 seconds
[2026-03-13T22:34:26.903+0100] {processor.py:161} INFO - Started process (PID=69187) to work on /Users/harshasogala/financial-data-platform/venv/lib/python3.12/site-packages/airflow/example_dags/example_sensors.py
[2026-03-13T22:34:26.904+0100] {processor.py:830} INFO - Processing file /Users/harshasogala/financial-data-platform/venv/lib/python3.12/site-packages/airflow/example_dags/example_sensors.py for tasks to queue
[2026-03-13T22:34:26.904+0100] {logging_mixin.py:188} INFO - [2026-03-13T22:34:26.904+0100] {dagbag.py:545} INFO - Filling up the DagBag from /Users/harshasogala/financial-data-platform/venv/lib/python3.12/site-packages/airflow/example_dags/example_sensors.py
[2026-03-13T22:34:26.918+0100] {processor.py:840} INFO - DAG(s) 'example_sensors' retrieved from /Users/harshasogala/financial-data-platform/venv/lib/python3.12/site-packages/airflow/example_dags/example_sensors.py
[2026-03-13T22:34:26.985+0100] {logging_mixin.py:188} INFO - [2026-03-13T22:34:26.984+0100] {dag.py:3089} INFO - Sync 1 DAGs
[2026-03-13T22:34:26.990+0100] {logging_mixin.py:188} INFO - [2026-03-13T22:34:26.990+0100] {dag.py:3947} INFO - Setting next_dagrun for example_sensors to None, run_after=None
[2026-03-13T22:34:27.037+0100] {processor.py:183} INFO - Processing /Users/harshasogala/financial-data-platform/venv/lib/python3.12/site-packages/airflow/example_dags/example_sensors.py took 0.136 seconds
[2026-03-13T22:35:42.486+0100] {processor.py:161} INFO - Started process (PID=69248) to work on /Users/harshasogala/financial-data-platform/venv/lib/python3.12/site-packages/airflow/example_dags/example_sensors.py
[2026-03-13T22:35:42.488+0100] {processor.py:830} INFO - Processing file /Users/harshasogala/financial-data-platform/venv/lib/python3.12/site-packages/airflow/example_dags/example_sensors.py for tasks to queue
[2026-03-13T22:35:42.488+0100] {logging_mixin.py:188} INFO - [2026-03-13T22:35:42.488+0100] {dagbag.py:545} INFO - Filling up the DagBag from /Users/harshasogala/financial-data-platform/venv/lib/python3.12/site-packages/airflow/example_dags/example_sensors.py
[2026-03-13T22:35:42.498+0100] {processor.py:840} INFO - DAG(s) 'example_sensors' retrieved from /Users/harshasogala/financial-data-platform/venv/lib/python3.12/site-packages/airflow/example_dags/example_sensors.py
[2026-03-13T22:35:42.562+0100] {logging_mixin.py:188} INFO - [2026-03-13T22:35:42.562+0100] {dag.py:3089} INFO - Sync 1 DAGs
[2026-03-13T22:35:42.567+0100] {logging_mixin.py:188} INFO - [2026-03-13T22:35:42.567+0100] {dag.py:3947} INFO - Setting next_dagrun for example_sensors to None, run_after=None
[2026-03-13T22:35:42.614+0100] {processor.py:183} INFO - Processing /Users/harshasogala/financial-data-platform/venv/lib/python3.12/site-packages/airflow/example_dags/example_sensors.py took 0.130 seconds
[2026-03-13T22:36:56.362+0100] {processor.py:161} INFO - Started process (PID=69326) to work on /Users/harshasogala/financial-data-platform/venv/lib/python3.12/site-packages/airflow/example_dags/example_sensors.py
[2026-03-13T22:36:56.363+0100] {processor.py:830} INFO - Processing file /Users/harshasogala/financial-data-platform/venv/lib/python3.12/site-packages/airflow/example_dags/example_sensors.py for tasks to queue
[2026-03-13T22:36:56.363+0100] {logging_mixin.py:188} INFO - [2026-03-13T22:36:56.363+0100] {dagbag.py:545} INFO - Filling up the DagBag from /Users/harshasogala/financial-data-platform/venv/lib/python3.12/site-packages/airflow/example_dags/example_sensors.py
[2026-03-13T22:36:56.373+0100] {processor.py:840} INFO - DAG(s) 'example_sensors' retrieved from /Users/harshasogala/financial-data-platform/venv/lib/python3.12/site-packages/airflow/example_dags/example_sensors.py
[2026-03-13T22:36:56.438+0100] {logging_mixin.py:188} INFO - [2026-03-13T22:36:56.438+0100] {dag.py:3089} INFO - Sync 1 DAGs
[2026-03-13T22:36:56.443+0100] {logging_mixin.py:188} INFO - [2026-03-13T22:36:56.443+0100] {dag.py:3947} INFO - Setting next_dagrun for example_sensors to None, run_after=None
[2026-03-13T22:36:56.490+0100] {processor.py:183} INFO - Processing /Users/harshasogala/financial-data-platform/venv/lib/python3.12/site-packages/airflow/example_dags/example_sensors.py took 0.131 seconds
[2026-03-13T22:38:10.176+0100] {processor.py:161} INFO - Started process (PID=69384) to work on /Users/harshasogala/financial-data-platform/venv/lib/python3.12/site-packages/airflow/example_dags/example_sensors.py
[2026-03-13T22:38:10.176+0100] {processor.py:830} INFO - Processing file /Users/harshasogala/financial-data-platform/venv/lib/python3.12/site-packages/airflow/example_dags/example_sensors.py for tasks to queue
[2026-03-13T22:38:10.177+0100] {logging_mixin.py:188} INFO - [2026-03-13T22:38:10.177+0100] {dagbag.py:545} INFO - Filling up the DagBag from /Users/harshasogala/financial-data-platform/venv/lib/python3.12/site-packages/airflow/example_dags/example_sensors.py
[2026-03-13T22:38:10.187+0100] {processor.py:840} INFO - DAG(s) 'example_sensors' retrieved from /Users/harshasogala/financial-data-platform/venv/lib/python3.12/site-packages/airflow/example_dags/example_sensors.py
[2026-03-13T22:38:10.251+0100] {logging_mixin.py:188} INFO - [2026-03-13T22:38:10.251+0100] {dag.py:3089} INFO - Sync 1 DAGs
[2026-03-13T22:38:10.257+0100] {logging_mixin.py:188} INFO - [2026-03-13T22:38:10.257+0100] {dag.py:3947} INFO - Setting next_dagrun for example_sensors to None, run_after=None
[2026-03-13T22:38:10.305+0100] {processor.py:183} INFO - Processing /Users/harshasogala/financial-data-platform/venv/lib/python3.12/site-packages/airflow/example_dags/example_sensors.py took 0.131 seconds
[2026-03-13T22:39:24.496+0100] {processor.py:161} INFO - Started process (PID=69453) to work on /Users/harshasogala/financial-data-platform/venv/lib/python3.12/site-packages/airflow/example_dags/example_sensors.py
[2026-03-13T22:39:24.498+0100] {processor.py:830} INFO - Processing file /Users/harshasogala/financial-data-platform/venv/lib/python3.12/site-packages/airflow/example_dags/example_sensors.py for tasks to queue
[2026-03-13T22:39:24.498+0100] {logging_mixin.py:188} INFO - [2026-03-13T22:39:24.498+0100] {dagbag.py:545} INFO - Filling up the DagBag from /Users/harshasogala/financial-data-platform/venv/lib/python3.12/site-packages/airflow/example_dags/example_sensors.py
[2026-03-13T22:39:24.508+0100] {processor.py:840} INFO - DAG(s) 'example_sensors' retrieved from /Users/harshasogala/financial-data-platform/venv/lib/python3.12/site-packages/airflow/example_dags/example_sensors.py
[2026-03-13T22:39:24.573+0100] {logging_mixin.py:188} INFO - [2026-03-13T22:39:24.573+0100] {dag.py:3089} INFO - Sync 1 DAGs
[2026-03-13T22:39:24.579+0100] {logging_mixin.py:188} INFO - [2026-03-13T22:39:24.579+0100] {dag.py:3947} INFO - Setting next_dagrun for example_sensors to None, run_after=None
[2026-03-13T22:39:24.632+0100] {processor.py:183} INFO - Processing /Users/harshasogala/financial-data-platform/venv/lib/python3.12/site-packages/airflow/example_dags/example_sensors.py took 0.138 seconds
[2026-03-13T22:40:47.082+0100] {processor.py:161} INFO - Started process (PID=69674) to work on /Users/harshasogala/financial-data-platform/venv/lib/python3.12/site-packages/airflow/example_dags/example_sensors.py
[2026-03-13T22:40:47.084+0100] {processor.py:830} INFO - Processing file /Users/harshasogala/financial-data-platform/venv/lib/python3.12/site-packages/airflow/example_dags/example_sensors.py for tasks to queue
[2026-03-13T22:40:47.084+0100] {logging_mixin.py:188} INFO - [2026-03-13T22:40:47.084+0100] {dagbag.py:545} INFO - Filling up the DagBag from /Users/harshasogala/financial-data-platform/venv/lib/python3.12/site-packages/airflow/example_dags/example_sensors.py
[2026-03-13T22:40:47.094+0100] {processor.py:840} INFO - DAG(s) 'example_sensors' retrieved from /Users/harshasogala/financial-data-platform/venv/lib/python3.12/site-packages/airflow/example_dags/example_sensors.py
[2026-03-13T22:40:47.157+0100] {logging_mixin.py:188} INFO - [2026-03-13T22:40:47.157+0100] {dag.py:3089} INFO - Sync 1 DAGs
[2026-03-13T22:40:47.162+0100] {logging_mixin.py:188} INFO - [2026-03-13T22:40:47.162+0100] {dag.py:3947} INFO - Setting next_dagrun for example_sensors to None, run_after=None
[2026-03-13T22:40:47.207+0100] {processor.py:183} INFO - Processing /Users/harshasogala/financial-data-platform/venv/lib/python3.12/site-packages/airflow/example_dags/example_sensors.py took 0.127 seconds
[2026-03-13T22:42:05.306+0100] {processor.py:161} INFO - Started process (PID=69733) to work on /Users/harshasogala/financial-data-platform/venv/lib/python3.12/site-packages/airflow/example_dags/example_sensors.py
[2026-03-13T22:42:05.307+0100] {processor.py:830} INFO - Processing file /Users/harshasogala/financial-data-platform/venv/lib/python3.12/site-packages/airflow/example_dags/example_sensors.py for tasks to queue
[2026-03-13T22:42:05.308+0100] {logging_mixin.py:188} INFO - [2026-03-13T22:42:05.308+0100] {dagbag.py:545} INFO - Filling up the DagBag from /Users/harshasogala/financial-data-platform/venv/lib/python3.12/site-packages/airflow/example_dags/example_sensors.py
[2026-03-13T22:42:05.317+0100] {processor.py:840} INFO - DAG(s) 'example_sensors' retrieved from /Users/harshasogala/financial-data-platform/venv/lib/python3.12/site-packages/airflow/example_dags/example_sensors.py
[2026-03-13T22:42:05.381+0100] {logging_mixin.py:188} INFO - [2026-03-13T22:42:05.381+0100] {dag.py:3089} INFO - Sync 1 DAGs
[2026-03-13T22:42:05.386+0100] {logging_mixin.py:188} INFO - [2026-03-13T22:42:05.386+0100] {dag.py:3947} INFO - Setting next_dagrun for example_sensors to None, run_after=None
[2026-03-13T22:42:05.431+0100] {processor.py:183} INFO - Processing /Users/harshasogala/financial-data-platform/venv/lib/python3.12/site-packages/airflow/example_dags/example_sensors.py took 0.126 seconds
[2026-03-13T22:43:23.062+0100] {processor.py:161} INFO - Started process (PID=69810) to work on /Users/harshasogala/financial-data-platform/venv/lib/python3.12/site-packages/airflow/example_dags/example_sensors.py
[2026-03-13T22:43:23.063+0100] {processor.py:830} INFO - Processing file /Users/harshasogala/financial-data-platform/venv/lib/python3.12/site-packages/airflow/example_dags/example_sensors.py for tasks to queue
[2026-03-13T22:43:23.063+0100] {logging_mixin.py:188} INFO - [2026-03-13T22:43:23.063+0100] {dagbag.py:545} INFO - Filling up the DagBag from /Users/harshasogala/financial-data-platform/venv/lib/python3.12/site-packages/airflow/example_dags/example_sensors.py
[2026-03-13T22:43:23.074+0100] {processor.py:840} INFO - DAG(s) 'example_sensors' retrieved from /Users/harshasogala/financial-data-platform/venv/lib/python3.12/site-packages/airflow/example_dags/example_sensors.py
[2026-03-13T22:43:23.143+0100] {logging_mixin.py:188} INFO - [2026-03-13T22:43:23.143+0100] {dag.py:3089} INFO - Sync 1 DAGs
[2026-03-13T22:43:23.150+0100] {logging_mixin.py:188} INFO - [2026-03-13T22:43:23.150+0100] {dag.py:3947} INFO - Setting next_dagrun for example_sensors to None, run_after=None
[2026-03-13T22:43:23.200+0100] {processor.py:183} INFO - Processing /Users/harshasogala/financial-data-platform/venv/lib/python3.12/site-packages/airflow/example_dags/example_sensors.py took 0.140 seconds
[2026-03-13T22:44:45.151+0100] {processor.py:161} INFO - Started process (PID=70052) to work on /Users/harshasogala/financial-data-platform/venv/lib/python3.12/site-packages/airflow/example_dags/example_sensors.py
[2026-03-13T22:44:45.152+0100] {processor.py:830} INFO - Processing file /Users/harshasogala/financial-data-platform/venv/lib/python3.12/site-packages/airflow/example_dags/example_sensors.py for tasks to queue
[2026-03-13T22:44:45.152+0100] {logging_mixin.py:188} INFO - [2026-03-13T22:44:45.152+0100] {dagbag.py:545} INFO - Filling up the DagBag from /Users/harshasogala/financial-data-platform/venv/lib/python3.12/site-packages/airflow/example_dags/example_sensors.py
[2026-03-13T22:44:45.162+0100] {processor.py:840} INFO - DAG(s) 'example_sensors' retrieved from /Users/harshasogala/financial-data-platform/venv/lib/python3.12/site-packages/airflow/example_dags/example_sensors.py
[2026-03-13T22:44:45.224+0100] {logging_mixin.py:188} INFO - [2026-03-13T22:44:45.224+0100] {dag.py:3089} INFO - Sync 1 DAGs
[2026-03-13T22:44:45.230+0100] {logging_mixin.py:188} INFO - [2026-03-13T22:44:45.229+0100] {dag.py:3947} INFO - Setting next_dagrun for example_sensors to None, run_after=None
[2026-03-13T22:44:45.282+0100] {processor.py:183} INFO - Processing /Users/harshasogala/financial-data-platform/venv/lib/python3.12/site-packages/airflow/example_dags/example_sensors.py took 0.133 seconds
[2026-03-13T22:46:17.734+0100] {processor.py:161} INFO - Started process (PID=70482) to work on /Users/harshasogala/financial-data-platform/venv/lib/python3.12/site-packages/airflow/example_dags/example_sensors.py
[2026-03-13T22:46:17.735+0100] {processor.py:830} INFO - Processing file /Users/harshasogala/financial-data-platform/venv/lib/python3.12/site-packages/airflow/example_dags/example_sensors.py for tasks to queue
[2026-03-13T22:46:17.735+0100] {logging_mixin.py:188} INFO - [2026-03-13T22:46:17.735+0100] {dagbag.py:545} INFO - Filling up the DagBag from /Users/harshasogala/financial-data-platform/venv/lib/python3.12/site-packages/airflow/example_dags/example_sensors.py
[2026-03-13T22:46:17.744+0100] {processor.py:840} INFO - DAG(s) 'example_sensors' retrieved from /Users/harshasogala/financial-data-platform/venv/lib/python3.12/site-packages/airflow/example_dags/example_sensors.py
[2026-03-13T22:46:17.807+0100] {logging_mixin.py:188} INFO - [2026-03-13T22:46:17.807+0100] {dag.py:3089} INFO - Sync 1 DAGs
[2026-03-13T22:46:17.812+0100] {logging_mixin.py:188} INFO - [2026-03-13T22:46:17.812+0100] {dag.py:3947} INFO - Setting next_dagrun for example_sensors to None, run_after=None
[2026-03-13T22:46:17.860+0100] {processor.py:183} INFO - Processing /Users/harshasogala/financial-data-platform/venv/lib/python3.12/site-packages/airflow/example_dags/example_sensors.py took 0.128 seconds
[2026-03-13T22:47:42.374+0100] {processor.py:161} INFO - Started process (PID=71384) to work on /Users/harshasogala/financial-data-platform/venv/lib/python3.12/site-packages/airflow/example_dags/example_sensors.py
[2026-03-13T22:47:42.375+0100] {processor.py:830} INFO - Processing file /Users/harshasogala/financial-data-platform/venv/lib/python3.12/site-packages/airflow/example_dags/example_sensors.py for tasks to queue
[2026-03-13T22:47:42.375+0100] {logging_mixin.py:188} INFO - [2026-03-13T22:47:42.375+0100] {dagbag.py:545} INFO - Filling up the DagBag from /Users/harshasogala/financial-data-platform/venv/lib/python3.12/site-packages/airflow/example_dags/example_sensors.py
[2026-03-13T22:47:42.385+0100] {processor.py:840} INFO - DAG(s) 'example_sensors' retrieved from /Users/harshasogala/financial-data-platform/venv/lib/python3.12/site-packages/airflow/example_dags/example_sensors.py
[2026-03-13T22:47:42.451+0100] {logging_mixin.py:188} INFO - [2026-03-13T22:47:42.451+0100] {dag.py:3089} INFO - Sync 1 DAGs
[2026-03-13T22:47:42.456+0100] {logging_mixin.py:188} INFO - [2026-03-13T22:47:42.456+0100] {dag.py:3947} INFO - Setting next_dagrun for example_sensors to None, run_after=None
[2026-03-13T22:47:42.504+0100] {processor.py:183} INFO - Processing /Users/harshasogala/financial-data-platform/venv/lib/python3.12/site-packages/airflow/example_dags/example_sensors.py took 0.131 seconds
[2026-03-13T22:48:59.765+0100] {processor.py:161} INFO - Started process (PID=71456) to work on /Users/harshasogala/financial-data-platform/venv/lib/python3.12/site-packages/airflow/example_dags/example_sensors.py
[2026-03-13T22:48:59.766+0100] {processor.py:830} INFO - Processing file /Users/harshasogala/financial-data-platform/venv/lib/python3.12/site-packages/airflow/example_dags/example_sensors.py for tasks to queue
[2026-03-13T22:48:59.767+0100] {logging_mixin.py:188} INFO - [2026-03-13T22:48:59.767+0100] {dagbag.py:545} INFO - Filling up the DagBag from /Users/harshasogala/financial-data-platform/venv/lib/python3.12/site-packages/airflow/example_dags/example_sensors.py
[2026-03-13T22:48:59.777+0100] {processor.py:840} INFO - DAG(s) 'example_sensors' retrieved from /Users/harshasogala/financial-data-platform/venv/lib/python3.12/site-packages/airflow/example_dags/example_sensors.py
[2026-03-13T22:48:59.847+0100] {logging_mixin.py:188} INFO - [2026-03-13T22:48:59.847+0100] {dag.py:3089} INFO - Sync 1 DAGs
[2026-03-13T22:48:59.852+0100] {logging_mixin.py:188} INFO - [2026-03-13T22:48:59.852+0100] {dag.py:3947} INFO - Setting next_dagrun for example_sensors to None, run_after=None
[2026-03-13T22:48:59.907+0100] {processor.py:183} INFO - Processing /Users/harshasogala/financial-data-platform/venv/lib/python3.12/site-packages/airflow/example_dags/example_sensors.py took 0.145 seconds
[2026-03-13T22:50:19.899+0100] {processor.py:161} INFO - Started process (PID=71706) to work on /Users/harshasogala/financial-data-platform/venv/lib/python3.12/site-packages/airflow/example_dags/example_sensors.py
[2026-03-13T22:50:19.901+0100] {processor.py:830} INFO - Processing file /Users/harshasogala/financial-data-platform/venv/lib/python3.12/site-packages/airflow/example_dags/example_sensors.py for tasks to queue
[2026-03-13T22:50:19.901+0100] {logging_mixin.py:188} INFO - [2026-03-13T22:50:19.901+0100] {dagbag.py:545} INFO - Filling up the DagBag from /Users/harshasogala/financial-data-platform/venv/lib/python3.12/site-packages/airflow/example_dags/example_sensors.py
[2026-03-13T22:50:19.911+0100] {processor.py:840} INFO - DAG(s) 'example_sensors' retrieved from /Users/harshasogala/financial-data-platform/venv/lib/python3.12/site-packages/airflow/example_dags/example_sensors.py
[2026-03-13T22:50:19.981+0100] {logging_mixin.py:188} INFO - [2026-03-13T22:50:19.981+0100] {dag.py:3089} INFO - Sync 1 DAGs
[2026-03-13T22:50:19.987+0100] {logging_mixin.py:188} INFO - [2026-03-13T22:50:19.987+0100] {dag.py:3947} INFO - Setting next_dagrun for example_sensors to None, run_after=None
[2026-03-13T22:50:20.040+0100] {processor.py:183} INFO - Processing /Users/harshasogala/financial-data-platform/venv/lib/python3.12/site-packages/airflow/example_dags/example_sensors.py took 0.143 seconds
[2026-03-13T22:51:49.034+0100] {processor.py:161} INFO - Started process (PID=72069) to work on /Users/harshasogala/financial-data-platform/venv/lib/python3.12/site-packages/airflow/example_dags/example_sensors.py
[2026-03-13T22:51:49.035+0100] {processor.py:830} INFO - Processing file /Users/harshasogala/financial-data-platform/venv/lib/python3.12/site-packages/airflow/example_dags/example_sensors.py for tasks to queue
[2026-03-13T22:51:49.035+0100] {logging_mixin.py:188} INFO - [2026-03-13T22:51:49.035+0100] {dagbag.py:545} INFO - Filling up the DagBag from /Users/harshasogala/financial-data-platform/venv/lib/python3.12/site-packages/airflow/example_dags/example_sensors.py
[2026-03-13T22:51:49.045+0100] {processor.py:840} INFO - DAG(s) 'example_sensors' retrieved from /Users/harshasogala/financial-data-platform/venv/lib/python3.12/site-packages/airflow/example_dags/example_sensors.py
[2026-03-13T22:51:49.107+0100] {logging_mixin.py:188} INFO - [2026-03-13T22:51:49.107+0100] {dag.py:3089} INFO - Sync 1 DAGs
[2026-03-13T22:51:49.112+0100] {logging_mixin.py:188} INFO - [2026-03-13T22:51:49.112+0100] {dag.py:3947} INFO - Setting next_dagrun for example_sensors to None, run_after=None
[2026-03-13T22:51:49.161+0100] {processor.py:183} INFO - Processing /Users/harshasogala/financial-data-platform/venv/lib/python3.12/site-packages/airflow/example_dags/example_sensors.py took 0.129 seconds
[2026-03-13T22:53:04.359+0100] {processor.py:161} INFO - Started process (PID=72394) to work on /Users/harshasogala/financial-data-platform/venv/lib/python3.12/site-packages/airflow/example_dags/example_sensors.py
[2026-03-13T22:53:04.360+0100] {processor.py:830} INFO - Processing file /Users/harshasogala/financial-data-platform/venv/lib/python3.12/site-packages/airflow/example_dags/example_sensors.py for tasks to queue
[2026-03-13T22:53:04.361+0100] {logging_mixin.py:188} INFO - [2026-03-13T22:53:04.361+0100] {dagbag.py:545} INFO - Filling up the DagBag from /Users/harshasogala/financial-data-platform/venv/lib/python3.12/site-packages/airflow/example_dags/example_sensors.py
[2026-03-13T22:53:04.370+0100] {processor.py:840} INFO - DAG(s) 'example_sensors' retrieved from /Users/harshasogala/financial-data-platform/venv/lib/python3.12/site-packages/airflow/example_dags/example_sensors.py
[2026-03-13T22:53:04.434+0100] {logging_mixin.py:188} INFO - [2026-03-13T22:53:04.434+0100] {dag.py:3089} INFO - Sync 1 DAGs
[2026-03-13T22:53:04.439+0100] {logging_mixin.py:188} INFO - [2026-03-13T22:53:04.439+0100] {dag.py:3947} INFO - Setting next_dagrun for example_sensors to None, run_after=None
[2026-03-13T22:53:04.486+0100] {processor.py:183} INFO - Processing /Users/harshasogala/financial-data-platform/venv/lib/python3.12/site-packages/airflow/example_dags/example_sensors.py took 0.128 seconds
[2026-03-13T22:54:26.354+0100] {processor.py:161} INFO - Started process (PID=72487) to work on /Users/harshasogala/financial-data-platform/venv/lib/python3.12/site-packages/airflow/example_dags/example_sensors.py
[2026-03-13T22:54:26.355+0100] {processor.py:830} INFO - Processing file /Users/harshasogala/financial-data-platform/venv/lib/python3.12/site-packages/airflow/example_dags/example_sensors.py for tasks to queue
[2026-03-13T22:54:26.356+0100] {logging_mixin.py:188} INFO - [2026-03-13T22:54:26.356+0100] {dagbag.py:545} INFO - Filling up the DagBag from /Users/harshasogala/financial-data-platform/venv/lib/python3.12/site-packages/airflow/example_dags/example_sensors.py
[2026-03-13T22:54:26.366+0100] {processor.py:840} INFO - DAG(s) 'example_sensors' retrieved from /Users/harshasogala/financial-data-platform/venv/lib/python3.12/site-packages/airflow/example_dags/example_sensors.py
[2026-03-13T22:54:26.428+0100] {logging_mixin.py:188} INFO - [2026-03-13T22:54:26.428+0100] {dag.py:3089} INFO - Sync 1 DAGs
[2026-03-13T22:54:26.434+0100] {logging_mixin.py:188} INFO - [2026-03-13T22:54:26.434+0100] {dag.py:3947} INFO - Setting next_dagrun for example_sensors to None, run_after=None
[2026-03-13T22:54:26.484+0100] {processor.py:183} INFO - Processing /Users/harshasogala/financial-data-platform/venv/lib/python3.12/site-packages/airflow/example_dags/example_sensors.py took 0.132 seconds
[2026-03-13T22:55:49.913+0100] {processor.py:161} INFO - Started process (PID=72566) to work on /Users/harshasogala/financial-data-platform/venv/lib/python3.12/site-packages/airflow/example_dags/example_sensors.py
[2026-03-13T22:55:49.914+0100] {processor.py:830} INFO - Processing file /Users/harshasogala/financial-data-platform/venv/lib/python3.12/site-packages/airflow/example_dags/example_sensors.py for tasks to queue
[2026-03-13T22:55:49.914+0100] {logging_mixin.py:188} INFO - [2026-03-13T22:55:49.914+0100] {dagbag.py:545} INFO - Filling up the DagBag from /Users/harshasogala/financial-data-platform/venv/lib/python3.12/site-packages/airflow/example_dags/example_sensors.py
[2026-03-13T22:55:49.924+0100] {processor.py:840} INFO - DAG(s) 'example_sensors' retrieved from /Users/harshasogala/financial-data-platform/venv/lib/python3.12/site-packages/airflow/example_dags/example_sensors.py
[2026-03-13T22:55:50.015+0100] {logging_mixin.py:188} INFO - [2026-03-13T22:55:50.014+0100] {dag.py:3089} INFO - Sync 1 DAGs
[2026-03-13T22:55:50.021+0100] {logging_mixin.py:188} INFO - [2026-03-13T22:55:50.020+0100] {dag.py:3947} INFO - Setting next_dagrun for example_sensors to None, run_after=None
[2026-03-13T22:55:50.074+0100] {processor.py:183} INFO - Processing /Users/harshasogala/financial-data-platform/venv/lib/python3.12/site-packages/airflow/example_dags/example_sensors.py took 0.164 seconds
[2026-03-13T22:57:11.639+0100] {processor.py:161} INFO - Started process (PID=72654) to work on /Users/harshasogala/financial-data-platform/venv/lib/python3.12/site-packages/airflow/example_dags/example_sensors.py
[2026-03-13T22:57:11.639+0100] {processor.py:830} INFO - Processing file /Users/harshasogala/financial-data-platform/venv/lib/python3.12/site-packages/airflow/example_dags/example_sensors.py for tasks to queue
[2026-03-13T22:57:11.640+0100] {logging_mixin.py:188} INFO - [2026-03-13T22:57:11.640+0100] {dagbag.py:545} INFO - Filling up the DagBag from /Users/harshasogala/financial-data-platform/venv/lib/python3.12/site-packages/airflow/example_dags/example_sensors.py
[2026-03-13T22:57:11.649+0100] {processor.py:840} INFO - DAG(s) 'example_sensors' retrieved from /Users/harshasogala/financial-data-platform/venv/lib/python3.12/site-packages/airflow/example_dags/example_sensors.py
[2026-03-13T22:57:11.713+0100] {logging_mixin.py:188} INFO - [2026-03-13T22:57:11.712+0100] {dag.py:3089} INFO - Sync 1 DAGs
[2026-03-13T22:57:11.718+0100] {logging_mixin.py:188} INFO - [2026-03-13T22:57:11.718+0100] {dag.py:3947} INFO - Setting next_dagrun for example_sensors to None, run_after=None
[2026-03-13T22:57:11.764+0100] {processor.py:183} INFO - Processing /Users/harshasogala/financial-data-platform/venv/lib/python3.12/site-packages/airflow/example_dags/example_sensors.py took 0.127 seconds
[2026-03-13T22:58:31.811+0100] {processor.py:161} INFO - Started process (PID=72719) to work on /Users/harshasogala/financial-data-platform/venv/lib/python3.12/site-packages/airflow/example_dags/example_sensors.py
[2026-03-13T22:58:31.812+0100] {processor.py:830} INFO - Processing file /Users/harshasogala/financial-data-platform/venv/lib/python3.12/site-packages/airflow/example_dags/example_sensors.py for tasks to queue
[2026-03-13T22:58:31.812+0100] {logging_mixin.py:188} INFO - [2026-03-13T22:58:31.812+0100] {dagbag.py:545} INFO - Filling up the DagBag from /Users/harshasogala/financial-data-platform/venv/lib/python3.12/site-packages/airflow/example_dags/example_sensors.py
[2026-03-13T22:58:31.824+0100] {processor.py:840} INFO - DAG(s) 'example_sensors' retrieved from /Users/harshasogala/financial-data-platform/venv/lib/python3.12/site-packages/airflow/example_dags/example_sensors.py
[2026-03-13T22:58:31.888+0100] {logging_mixin.py:188} INFO - [2026-03-13T22:58:31.887+0100] {dag.py:3089} INFO - Sync 1 DAGs
[2026-03-13T22:58:31.893+0100] {logging_mixin.py:188} INFO - [2026-03-13T22:58:31.893+0100] {dag.py:3947} INFO - Setting next_dagrun for example_sensors to None, run_after=None
[2026-03-13T22:58:31.940+0100] {processor.py:183} INFO - Processing /Users/harshasogala/financial-data-platform/venv/lib/python3.12/site-packages/airflow/example_dags/example_sensors.py took 0.131 seconds
[2026-03-13T22:59:51.956+0100] {processor.py:161} INFO - Started process (PID=72793) to work on /Users/harshasogala/financial-data-platform/venv/lib/python3.12/site-packages/airflow/example_dags/example_sensors.py
[2026-03-13T22:59:51.958+0100] {processor.py:830} INFO - Processing file /Users/harshasogala/financial-data-platform/venv/lib/python3.12/site-packages/airflow/example_dags/example_sensors.py for tasks to queue
[2026-03-13T22:59:51.958+0100] {logging_mixin.py:188} INFO - [2026-03-13T22:59:51.958+0100] {dagbag.py:545} INFO - Filling up the DagBag from /Users/harshasogala/financial-data-platform/venv/lib/python3.12/site-packages/airflow/example_dags/example_sensors.py
[2026-03-13T22:59:51.968+0100] {processor.py:840} INFO - DAG(s) 'example_sensors' retrieved from /Users/harshasogala/financial-data-platform/venv/lib/python3.12/site-packages/airflow/example_dags/example_sensors.py
[2026-03-13T22:59:52.031+0100] {logging_mixin.py:188} INFO - [2026-03-13T22:59:52.031+0100] {dag.py:3089} INFO - Sync 1 DAGs
[2026-03-13T22:59:52.036+0100] {logging_mixin.py:188} INFO - [2026-03-13T22:59:52.036+0100] {dag.py:3947} INFO - Setting next_dagrun for example_sensors to None, run_after=None
[2026-03-13T22:59:52.083+0100] {processor.py:183} INFO - Processing /Users/harshasogala/financial-data-platform/venv/lib/python3.12/site-packages/airflow/example_dags/example_sensors.py took 0.128 seconds
[2026-03-13T23:01:12.125+0100] {processor.py:161} INFO - Started process (PID=72860) to work on /Users/harshasogala/financial-data-platform/venv/lib/python3.12/site-packages/airflow/example_dags/example_sensors.py
[2026-03-13T23:01:12.126+0100] {processor.py:830} INFO - Processing file /Users/harshasogala/financial-data-platform/venv/lib/python3.12/site-packages/airflow/example_dags/example_sensors.py for tasks to queue
[2026-03-13T23:01:12.127+0100] {logging_mixin.py:188} INFO - [2026-03-13T23:01:12.126+0100] {dagbag.py:545} INFO - Filling up the DagBag from /Users/harshasogala/financial-data-platform/venv/lib/python3.12/site-packages/airflow/example_dags/example_sensors.py
[2026-03-13T23:01:12.136+0100] {processor.py:840} INFO - DAG(s) 'example_sensors' retrieved from /Users/harshasogala/financial-data-platform/venv/lib/python3.12/site-packages/airflow/example_dags/example_sensors.py
[2026-03-13T23:01:12.198+0100] {logging_mixin.py:188} INFO - [2026-03-13T23:01:12.197+0100] {dag.py:3089} INFO - Sync 1 DAGs
[2026-03-13T23:01:12.203+0100] {logging_mixin.py:188} INFO - [2026-03-13T23:01:12.203+0100] {dag.py:3947} INFO - Setting next_dagrun for example_sensors to None, run_after=None
[2026-03-13T23:01:12.250+0100] {processor.py:183} INFO - Processing /Users/harshasogala/financial-data-platform/venv/lib/python3.12/site-packages/airflow/example_dags/example_sensors.py took 0.127 seconds
[2026-03-13T23:02:30.412+0100] {processor.py:161} INFO - Started process (PID=72920) to work on /Users/harshasogala/financial-data-platform/venv/lib/python3.12/site-packages/airflow/example_dags/example_sensors.py
[2026-03-13T23:02:30.413+0100] {processor.py:830} INFO - Processing file /Users/harshasogala/financial-data-platform/venv/lib/python3.12/site-packages/airflow/example_dags/example_sensors.py for tasks to queue
[2026-03-13T23:02:30.414+0100] {logging_mixin.py:188} INFO - [2026-03-13T23:02:30.413+0100] {dagbag.py:545} INFO - Filling up the DagBag from /Users/harshasogala/financial-data-platform/venv/lib/python3.12/site-packages/airflow/example_dags/example_sensors.py
[2026-03-13T23:02:30.423+0100] {processor.py:840} INFO - DAG(s) 'example_sensors' retrieved from /Users/harshasogala/financial-data-platform/venv/lib/python3.12/site-packages/airflow/example_dags/example_sensors.py
[2026-03-13T23:02:30.487+0100] {logging_mixin.py:188} INFO - [2026-03-13T23:02:30.487+0100] {dag.py:3089} INFO - Sync 1 DAGs
[2026-03-13T23:02:30.493+0100] {logging_mixin.py:188} INFO - [2026-03-13T23:02:30.493+0100] {dag.py:3947} INFO - Setting next_dagrun for example_sensors to None, run_after=None
[2026-03-13T23:02:30.538+0100] {processor.py:183} INFO - Processing /Users/harshasogala/financial-data-platform/venv/lib/python3.12/site-packages/airflow/example_dags/example_sensors.py took 0.128 seconds
[2026-03-13T23:03:50.113+0100] {processor.py:161} INFO - Started process (PID=72981) to work on /Users/harshasogala/financial-data-platform/venv/lib/python3.12/site-packages/airflow/example_dags/example_sensors.py
[2026-03-13T23:03:50.114+0100] {processor.py:830} INFO - Processing file /Users/harshasogala/financial-data-platform/venv/lib/python3.12/site-packages/airflow/example_dags/example_sensors.py for tasks to queue
[2026-03-13T23:03:50.115+0100] {logging_mixin.py:188} INFO - [2026-03-13T23:03:50.115+0100] {dagbag.py:545} INFO - Filling up the DagBag from /Users/harshasogala/financial-data-platform/venv/lib/python3.12/site-packages/airflow/example_dags/example_sensors.py
[2026-03-13T23:03:50.125+0100] {processor.py:840} INFO - DAG(s) 'example_sensors' retrieved from /Users/harshasogala/financial-data-platform/venv/lib/python3.12/site-packages/airflow/example_dags/example_sensors.py
[2026-03-13T23:03:50.189+0100] {logging_mixin.py:188} INFO - [2026-03-13T23:03:50.189+0100] {dag.py:3089} INFO - Sync 1 DAGs
[2026-03-13T23:03:50.194+0100] {logging_mixin.py:188} INFO - [2026-03-13T23:03:50.194+0100] {dag.py:3947} INFO - Setting next_dagrun for example_sensors to None, run_after=None
[2026-03-13T23:03:50.243+0100] {processor.py:183} INFO - Processing /Users/harshasogala/financial-data-platform/venv/lib/python3.12/site-packages/airflow/example_dags/example_sensors.py took 0.132 seconds
[2026-03-13T23:05:07.004+0100] {processor.py:161} INFO - Started process (PID=73039) to work on /Users/harshasogala/financial-data-platform/venv/lib/python3.12/site-packages/airflow/example_dags/example_sensors.py
[2026-03-13T23:05:07.006+0100] {processor.py:830} INFO - Processing file /Users/harshasogala/financial-data-platform/venv/lib/python3.12/site-packages/airflow/example_dags/example_sensors.py for tasks to queue
[2026-03-13T23:05:07.006+0100] {logging_mixin.py:188} INFO - [2026-03-13T23:05:07.006+0100] {dagbag.py:545} INFO - Filling up the DagBag from /Users/harshasogala/financial-data-platform/venv/lib/python3.12/site-packages/airflow/example_dags/example_sensors.py
[2026-03-13T23:05:07.015+0100] {processor.py:840} INFO - DAG(s) 'example_sensors' retrieved from /Users/harshasogala/financial-data-platform/venv/lib/python3.12/site-packages/airflow/example_dags/example_sensors.py
[2026-03-13T23:05:07.079+0100] {logging_mixin.py:188} INFO - [2026-03-13T23:05:07.079+0100] {dag.py:3089} INFO - Sync 1 DAGs
[2026-03-13T23:05:07.084+0100] {logging_mixin.py:188} INFO - [2026-03-13T23:05:07.084+0100] {dag.py:3947} INFO - Setting next_dagrun for example_sensors to None, run_after=None
[2026-03-13T23:05:07.133+0100] {processor.py:183} INFO - Processing /Users/harshasogala/financial-data-platform/venv/lib/python3.12/site-packages/airflow/example_dags/example_sensors.py took 0.130 seconds
[2026-03-13T23:06:24.316+0100] {processor.py:161} INFO - Started process (PID=73109) to work on /Users/harshasogala/financial-data-platform/venv/lib/python3.12/site-packages/airflow/example_dags/example_sensors.py
[2026-03-13T23:06:24.317+0100] {processor.py:830} INFO - Processing file /Users/harshasogala/financial-data-platform/venv/lib/python3.12/site-packages/airflow/example_dags/example_sensors.py for tasks to queue
[2026-03-13T23:06:24.318+0100] {logging_mixin.py:188} INFO - [2026-03-13T23:06:24.318+0100] {dagbag.py:545} INFO - Filling up the DagBag from /Users/harshasogala/financial-data-platform/venv/lib/python3.12/site-packages/airflow/example_dags/example_sensors.py
[2026-03-13T23:06:24.328+0100] {processor.py:840} INFO - DAG(s) 'example_sensors' retrieved from /Users/harshasogala/financial-data-platform/venv/lib/python3.12/site-packages/airflow/example_dags/example_sensors.py
[2026-03-13T23:06:24.395+0100] {logging_mixin.py:188} INFO - [2026-03-13T23:06:24.395+0100] {dag.py:3089} INFO - Sync 1 DAGs
[2026-03-13T23:06:24.400+0100] {logging_mixin.py:188} INFO - [2026-03-13T23:06:24.400+0100] {dag.py:3947} INFO - Setting next_dagrun for example_sensors to None, run_after=None
[2026-03-13T23:06:24.450+0100] {processor.py:183} INFO - Processing /Users/harshasogala/financial-data-platform/venv/lib/python3.12/site-packages/airflow/example_dags/example_sensors.py took 0.135 seconds
[2026-03-13T23:07:47.906+0100] {processor.py:161} INFO - Started process (PID=73174) to work on /Users/harshasogala/financial-data-platform/venv/lib/python3.12/site-packages/airflow/example_dags/example_sensors.py
[2026-03-13T23:07:47.907+0100] {processor.py:830} INFO - Processing file /Users/harshasogala/financial-data-platform/venv/lib/python3.12/site-packages/airflow/example_dags/example_sensors.py for tasks to queue
[2026-03-13T23:07:47.908+0100] {logging_mixin.py:188} INFO - [2026-03-13T23:07:47.908+0100] {dagbag.py:545} INFO - Filling up the DagBag from /Users/harshasogala/financial-data-platform/venv/lib/python3.12/site-packages/airflow/example_dags/example_sensors.py
[2026-03-13T23:07:47.917+0100] {processor.py:840} INFO - DAG(s) 'example_sensors' retrieved from /Users/harshasogala/financial-data-platform/venv/lib/python3.12/site-packages/airflow/example_dags/example_sensors.py
[2026-03-13T23:07:47.981+0100] {logging_mixin.py:188} INFO - [2026-03-13T23:07:47.981+0100] {dag.py:3089} INFO - Sync 1 DAGs
[2026-03-13T23:07:47.986+0100] {logging_mixin.py:188} INFO - [2026-03-13T23:07:47.986+0100] {dag.py:3947} INFO - Setting next_dagrun for example_sensors to None, run_after=None
[2026-03-13T23:07:48.032+0100] {processor.py:183} INFO - Processing /Users/harshasogala/financial-data-platform/venv/lib/python3.12/site-packages/airflow/example_dags/example_sensors.py took 0.128 seconds
[2026-03-13T23:09:01.891+0100] {processor.py:161} INFO - Started process (PID=73234) to work on /Users/harshasogala/financial-data-platform/venv/lib/python3.12/site-packages/airflow/example_dags/example_sensors.py
[2026-03-13T23:09:01.892+0100] {processor.py:830} INFO - Processing file /Users/harshasogala/financial-data-platform/venv/lib/python3.12/site-packages/airflow/example_dags/example_sensors.py for tasks to queue
[2026-03-13T23:09:01.892+0100] {logging_mixin.py:188} INFO - [2026-03-13T23:09:01.892+0100] {dagbag.py:545} INFO - Filling up the DagBag from /Users/harshasogala/financial-data-platform/venv/lib/python3.12/site-packages/airflow/example_dags/example_sensors.py
[2026-03-13T23:09:01.902+0100] {processor.py:840} INFO - DAG(s) 'example_sensors' retrieved from /Users/harshasogala/financial-data-platform/venv/lib/python3.12/site-packages/airflow/example_dags/example_sensors.py
[2026-03-13T23:09:01.965+0100] {logging_mixin.py:188} INFO - [2026-03-13T23:09:01.965+0100] {dag.py:3089} INFO - Sync 1 DAGs
[2026-03-13T23:09:01.971+0100] {logging_mixin.py:188} INFO - [2026-03-13T23:09:01.971+0100] {dag.py:3947} INFO - Setting next_dagrun for example_sensors to None, run_after=None
[2026-03-13T23:09:02.017+0100] {processor.py:183} INFO - Processing /Users/harshasogala/financial-data-platform/venv/lib/python3.12/site-packages/airflow/example_dags/example_sensors.py took 0.129 seconds
[2026-03-13T23:10:13.585+0100] {processor.py:161} INFO - Started process (PID=73290) to work on /Users/harshasogala/financial-data-platform/venv/lib/python3.12/site-packages/airflow/example_dags/example_sensors.py
[2026-03-13T23:10:13.588+0100] {processor.py:830} INFO - Processing file /Users/harshasogala/financial-data-platform/venv/lib/python3.12/site-packages/airflow/example_dags/example_sensors.py for tasks to queue
[2026-03-13T23:10:13.588+0100] {logging_mixin.py:188} INFO - [2026-03-13T23:10:13.588+0100] {dagbag.py:545} INFO - Filling up the DagBag from /Users/harshasogala/financial-data-platform/venv/lib/python3.12/site-packages/airflow/example_dags/example_sensors.py
[2026-03-13T23:10:13.605+0100] {processor.py:840} INFO - DAG(s) 'example_sensors' retrieved from /Users/harshasogala/financial-data-platform/venv/lib/python3.12/site-packages/airflow/example_dags/example_sensors.py
[2026-03-13T23:10:13.682+0100] {logging_mixin.py:188} INFO - [2026-03-13T23:10:13.682+0100] {dag.py:3089} INFO - Sync 1 DAGs
[2026-03-13T23:10:13.687+0100] {logging_mixin.py:188} INFO - [2026-03-13T23:10:13.687+0100] {dag.py:3947} INFO - Setting next_dagrun for example_sensors to None, run_after=None
[2026-03-13T23:10:13.739+0100] {processor.py:183} INFO - Processing /Users/harshasogala/financial-data-platform/venv/lib/python3.12/site-packages/airflow/example_dags/example_sensors.py took 0.161 seconds
[2026-03-13T23:11:27.241+0100] {processor.py:161} INFO - Started process (PID=73355) to work on /Users/harshasogala/financial-data-platform/venv/lib/python3.12/site-packages/airflow/example_dags/example_sensors.py
[2026-03-13T23:11:27.242+0100] {processor.py:830} INFO - Processing file /Users/harshasogala/financial-data-platform/venv/lib/python3.12/site-packages/airflow/example_dags/example_sensors.py for tasks to queue
[2026-03-13T23:11:27.243+0100] {logging_mixin.py:188} INFO - [2026-03-13T23:11:27.243+0100] {dagbag.py:545} INFO - Filling up the DagBag from /Users/harshasogala/financial-data-platform/venv/lib/python3.12/site-packages/airflow/example_dags/example_sensors.py
[2026-03-13T23:11:27.253+0100] {processor.py:840} INFO - DAG(s) 'example_sensors' retrieved from /Users/harshasogala/financial-data-platform/venv/lib/python3.12/site-packages/airflow/example_dags/example_sensors.py
[2026-03-13T23:11:27.316+0100] {logging_mixin.py:188} INFO - [2026-03-13T23:11:27.316+0100] {dag.py:3089} INFO - Sync 1 DAGs
[2026-03-13T23:11:27.321+0100] {logging_mixin.py:188} INFO - [2026-03-13T23:11:27.321+0100] {dag.py:3947} INFO - Setting next_dagrun for example_sensors to None, run_after=None
[2026-03-13T23:11:27.368+0100] {processor.py:183} INFO - Processing /Users/harshasogala/financial-data-platform/venv/lib/python3.12/site-packages/airflow/example_dags/example_sensors.py took 0.129 seconds
[2026-03-13T23:12:41.147+0100] {processor.py:161} INFO - Started process (PID=73417) to work on /Users/harshasogala/financial-data-platform/venv/lib/python3.12/site-packages/airflow/example_dags/example_sensors.py
[2026-03-13T23:12:41.147+0100] {processor.py:830} INFO - Processing file /Users/harshasogala/financial-data-platform/venv/lib/python3.12/site-packages/airflow/example_dags/example_sensors.py for tasks to queue
[2026-03-13T23:12:41.148+0100] {logging_mixin.py:188} INFO - [2026-03-13T23:12:41.148+0100] {dagbag.py:545} INFO - Filling up the DagBag from /Users/harshasogala/financial-data-platform/venv/lib/python3.12/site-packages/airflow/example_dags/example_sensors.py
[2026-03-13T23:12:41.158+0100] {processor.py:840} INFO - DAG(s) 'example_sensors' retrieved from /Users/harshasogala/financial-data-platform/venv/lib/python3.12/site-packages/airflow/example_dags/example_sensors.py
[2026-03-13T23:12:41.221+0100] {logging_mixin.py:188} INFO - [2026-03-13T23:12:41.221+0100] {dag.py:3089} INFO - Sync 1 DAGs
[2026-03-13T23:12:41.226+0100] {logging_mixin.py:188} INFO - [2026-03-13T23:12:41.226+0100] {dag.py:3947} INFO - Setting next_dagrun for example_sensors to None, run_after=None
[2026-03-13T23:12:41.273+0100] {processor.py:183} INFO - Processing /Users/harshasogala/financial-data-platform/venv/lib/python3.12/site-packages/airflow/example_dags/example_sensors.py took 0.129 seconds
[2026-03-13T23:13:57.135+0100] {processor.py:161} INFO - Started process (PID=73478) to work on /Users/harshasogala/financial-data-platform/venv/lib/python3.12/site-packages/airflow/example_dags/example_sensors.py
[2026-03-13T23:13:57.136+0100] {processor.py:830} INFO - Processing file /Users/harshasogala/financial-data-platform/venv/lib/python3.12/site-packages/airflow/example_dags/example_sensors.py for tasks to queue
[2026-03-13T23:13:57.136+0100] {logging_mixin.py:188} INFO - [2026-03-13T23:13:57.136+0100] {dagbag.py:545} INFO - Filling up the DagBag from /Users/harshasogala/financial-data-platform/venv/lib/python3.12/site-packages/airflow/example_dags/example_sensors.py
[2026-03-13T23:13:57.145+0100] {processor.py:840} INFO - DAG(s) 'example_sensors' retrieved from /Users/harshasogala/financial-data-platform/venv/lib/python3.12/site-packages/airflow/example_dags/example_sensors.py
[2026-03-13T23:13:57.209+0100] {logging_mixin.py:188} INFO - [2026-03-13T23:13:57.209+0100] {dag.py:3089} INFO - Sync 1 DAGs
[2026-03-13T23:13:57.214+0100] {logging_mixin.py:188} INFO - [2026-03-13T23:13:57.214+0100] {dag.py:3947} INFO - Setting next_dagrun for example_sensors to None, run_after=None
[2026-03-13T23:13:57.261+0100] {processor.py:183} INFO - Processing /Users/harshasogala/financial-data-platform/venv/lib/python3.12/site-packages/airflow/example_dags/example_sensors.py took 0.127 seconds
[2026-03-13T23:15:11.276+0100] {processor.py:161} INFO - Started process (PID=73537) to work on /Users/harshasogala/financial-data-platform/venv/lib/python3.12/site-packages/airflow/example_dags/example_sensors.py
[2026-03-13T23:15:11.277+0100] {processor.py:830} INFO - Processing file /Users/harshasogala/financial-data-platform/venv/lib/python3.12/site-packages/airflow/example_dags/example_sensors.py for tasks to queue
[2026-03-13T23:15:11.277+0100] {logging_mixin.py:188} INFO - [2026-03-13T23:15:11.277+0100] {dagbag.py:545} INFO - Filling up the DagBag from /Users/harshasogala/financial-data-platform/venv/lib/python3.12/site-packages/airflow/example_dags/example_sensors.py
[2026-03-13T23:15:11.286+0100] {processor.py:840} INFO - DAG(s) 'example_sensors' retrieved from /Users/harshasogala/financial-data-platform/venv/lib/python3.12/site-packages/airflow/example_dags/example_sensors.py
[2026-03-13T23:15:11.350+0100] {logging_mixin.py:188} INFO - [2026-03-13T23:15:11.350+0100] {dag.py:3089} INFO - Sync 1 DAGs
[2026-03-13T23:15:11.356+0100] {logging_mixin.py:188} INFO - [2026-03-13T23:15:11.355+0100] {dag.py:3947} INFO - Setting next_dagrun for example_sensors to None, run_after=None
[2026-03-13T23:15:11.403+0100] {processor.py:183} INFO - Processing /Users/harshasogala/financial-data-platform/venv/lib/python3.12/site-packages/airflow/example_dags/example_sensors.py took 0.129 seconds
[2026-03-13T23:16:25.015+0100] {processor.py:161} INFO - Started process (PID=73602) to work on /Users/harshasogala/financial-data-platform/venv/lib/python3.12/site-packages/airflow/example_dags/example_sensors.py
[2026-03-13T23:16:25.016+0100] {processor.py:830} INFO - Processing file /Users/harshasogala/financial-data-platform/venv/lib/python3.12/site-packages/airflow/example_dags/example_sensors.py for tasks to queue
[2026-03-13T23:16:25.017+0100] {logging_mixin.py:188} INFO - [2026-03-13T23:16:25.017+0100] {dagbag.py:545} INFO - Filling up the DagBag from /Users/harshasogala/financial-data-platform/venv/lib/python3.12/site-packages/airflow/example_dags/example_sensors.py
[2026-03-13T23:16:25.030+0100] {processor.py:840} INFO - DAG(s) 'example_sensors' retrieved from /Users/harshasogala/financial-data-platform/venv/lib/python3.12/site-packages/airflow/example_dags/example_sensors.py
[2026-03-13T23:16:25.095+0100] {logging_mixin.py:188} INFO - [2026-03-13T23:16:25.095+0100] {dag.py:3089} INFO - Sync 1 DAGs
[2026-03-13T23:16:25.100+0100] {logging_mixin.py:188} INFO - [2026-03-13T23:16:25.100+0100] {dag.py:3947} INFO - Setting next_dagrun for example_sensors to None, run_after=None
[2026-03-13T23:16:25.147+0100] {processor.py:183} INFO - Processing /Users/harshasogala/financial-data-platform/venv/lib/python3.12/site-packages/airflow/example_dags/example_sensors.py took 0.134 seconds
[2026-03-13T23:17:42.461+0100] {processor.py:161} INFO - Started process (PID=73668) to work on /Users/harshasogala/financial-data-platform/venv/lib/python3.12/site-packages/airflow/example_dags/example_sensors.py
[2026-03-13T23:17:42.462+0100] {processor.py:830} INFO - Processing file /Users/harshasogala/financial-data-platform/venv/lib/python3.12/site-packages/airflow/example_dags/example_sensors.py for tasks to queue
[2026-03-13T23:17:42.463+0100] {logging_mixin.py:188} INFO - [2026-03-13T23:17:42.463+0100] {dagbag.py:545} INFO - Filling up the DagBag from /Users/harshasogala/financial-data-platform/venv/lib/python3.12/site-packages/airflow/example_dags/example_sensors.py
[2026-03-13T23:17:42.472+0100] {processor.py:840} INFO - DAG(s) 'example_sensors' retrieved from /Users/harshasogala/financial-data-platform/venv/lib/python3.12/site-packages/airflow/example_dags/example_sensors.py
[2026-03-13T23:17:42.540+0100] {logging_mixin.py:188} INFO - [2026-03-13T23:17:42.540+0100] {dag.py:3089} INFO - Sync 1 DAGs
[2026-03-13T23:17:42.545+0100] {logging_mixin.py:188} INFO - [2026-03-13T23:17:42.545+0100] {dag.py:3947} INFO - Setting next_dagrun for example_sensors to None, run_after=None
[2026-03-13T23:17:42.598+0100] {processor.py:183} INFO - Processing /Users/harshasogala/financial-data-platform/venv/lib/python3.12/site-packages/airflow/example_dags/example_sensors.py took 0.139 seconds
[2026-03-13T23:18:58.573+0100] {processor.py:161} INFO - Started process (PID=73729) to work on /Users/harshasogala/financial-data-platform/venv/lib/python3.12/site-packages/airflow/example_dags/example_sensors.py
[2026-03-13T23:18:58.574+0100] {processor.py:830} INFO - Processing file /Users/harshasogala/financial-data-platform/venv/lib/python3.12/site-packages/airflow/example_dags/example_sensors.py for tasks to queue
[2026-03-13T23:18:58.574+0100] {logging_mixin.py:188} INFO - [2026-03-13T23:18:58.574+0100] {dagbag.py:545} INFO - Filling up the DagBag from /Users/harshasogala/financial-data-platform/venv/lib/python3.12/site-packages/airflow/example_dags/example_sensors.py
[2026-03-13T23:18:58.584+0100] {processor.py:840} INFO - DAG(s) 'example_sensors' retrieved from /Users/harshasogala/financial-data-platform/venv/lib/python3.12/site-packages/airflow/example_dags/example_sensors.py
[2026-03-13T23:18:58.648+0100] {logging_mixin.py:188} INFO - [2026-03-13T23:18:58.647+0100] {dag.py:3089} INFO - Sync 1 DAGs
[2026-03-13T23:18:58.653+0100] {logging_mixin.py:188} INFO - [2026-03-13T23:18:58.653+0100] {dag.py:3947} INFO - Setting next_dagrun for example_sensors to None, run_after=None
[2026-03-13T23:18:58.700+0100] {processor.py:183} INFO - Processing /Users/harshasogala/financial-data-platform/venv/lib/python3.12/site-packages/airflow/example_dags/example_sensors.py took 0.128 seconds
[2026-03-13T23:20:16.113+0100] {processor.py:161} INFO - Started process (PID=73794) to work on /Users/harshasogala/financial-data-platform/venv/lib/python3.12/site-packages/airflow/example_dags/example_sensors.py
[2026-03-13T23:20:16.114+0100] {processor.py:830} INFO - Processing file /Users/harshasogala/financial-data-platform/venv/lib/python3.12/site-packages/airflow/example_dags/example_sensors.py for tasks to queue
[2026-03-13T23:20:16.114+0100] {logging_mixin.py:188} INFO - [2026-03-13T23:20:16.114+0100] {dagbag.py:545} INFO - Filling up the DagBag from /Users/harshasogala/financial-data-platform/venv/lib/python3.12/site-packages/airflow/example_dags/example_sensors.py
[2026-03-13T23:20:16.123+0100] {processor.py:840} INFO - DAG(s) 'example_sensors' retrieved from /Users/harshasogala/financial-data-platform/venv/lib/python3.12/site-packages/airflow/example_dags/example_sensors.py
[2026-03-13T23:20:16.187+0100] {logging_mixin.py:188} INFO - [2026-03-13T23:20:16.186+0100] {dag.py:3089} INFO - Sync 1 DAGs
[2026-03-13T23:20:16.192+0100] {logging_mixin.py:188} INFO - [2026-03-13T23:20:16.192+0100] {dag.py:3947} INFO - Setting next_dagrun for example_sensors to None, run_after=None
[2026-03-13T23:20:16.238+0100] {processor.py:183} INFO - Processing /Users/harshasogala/financial-data-platform/venv/lib/python3.12/site-packages/airflow/example_dags/example_sensors.py took 0.127 seconds
[2026-03-13T23:21:31.442+0100] {processor.py:161} INFO - Started process (PID=73878) to work on /Users/harshasogala/financial-data-platform/venv/lib/python3.12/site-packages/airflow/example_dags/example_sensors.py
[2026-03-13T23:21:31.443+0100] {processor.py:830} INFO - Processing file /Users/harshasogala/financial-data-platform/venv/lib/python3.12/site-packages/airflow/example_dags/example_sensors.py for tasks to queue
[2026-03-13T23:21:31.443+0100] {logging_mixin.py:188} INFO - [2026-03-13T23:21:31.443+0100] {dagbag.py:545} INFO - Filling up the DagBag from /Users/harshasogala/financial-data-platform/venv/lib/python3.12/site-packages/airflow/example_dags/example_sensors.py
[2026-03-13T23:21:31.452+0100] {processor.py:840} INFO - DAG(s) 'example_sensors' retrieved from /Users/harshasogala/financial-data-platform/venv/lib/python3.12/site-packages/airflow/example_dags/example_sensors.py
[2026-03-13T23:21:31.514+0100] {logging_mixin.py:188} INFO - [2026-03-13T23:21:31.514+0100] {dag.py:3089} INFO - Sync 1 DAGs
[2026-03-13T23:21:31.520+0100] {logging_mixin.py:188} INFO - [2026-03-13T23:21:31.520+0100] {dag.py:3947} INFO - Setting next_dagrun for example_sensors to None, run_after=None
[2026-03-13T23:21:31.568+0100] {processor.py:183} INFO - Processing /Users/harshasogala/financial-data-platform/venv/lib/python3.12/site-packages/airflow/example_dags/example_sensors.py took 0.128 seconds
[2026-03-13T23:22:44.447+0100] {processor.py:161} INFO - Started process (PID=73940) to work on /Users/harshasogala/financial-data-platform/venv/lib/python3.12/site-packages/airflow/example_dags/example_sensors.py
[2026-03-13T23:22:44.448+0100] {processor.py:830} INFO - Processing file /Users/harshasogala/financial-data-platform/venv/lib/python3.12/site-packages/airflow/example_dags/example_sensors.py for tasks to queue
[2026-03-13T23:22:44.449+0100] {logging_mixin.py:188} INFO - [2026-03-13T23:22:44.449+0100] {dagbag.py:545} INFO - Filling up the DagBag from /Users/harshasogala/financial-data-platform/venv/lib/python3.12/site-packages/airflow/example_dags/example_sensors.py
[2026-03-13T23:22:44.459+0100] {processor.py:840} INFO - DAG(s) 'example_sensors' retrieved from /Users/harshasogala/financial-data-platform/venv/lib/python3.12/site-packages/airflow/example_dags/example_sensors.py
[2026-03-13T23:22:44.525+0100] {logging_mixin.py:188} INFO - [2026-03-13T23:22:44.525+0100] {dag.py:3089} INFO - Sync 1 DAGs
[2026-03-13T23:22:44.530+0100] {logging_mixin.py:188} INFO - [2026-03-13T23:22:44.530+0100] {dag.py:3947} INFO - Setting next_dagrun for example_sensors to None, run_after=None
[2026-03-13T23:22:44.577+0100] {processor.py:183} INFO - Processing /Users/harshasogala/financial-data-platform/venv/lib/python3.12/site-packages/airflow/example_dags/example_sensors.py took 0.132 seconds
[2026-03-13T23:23:59.389+0100] {processor.py:161} INFO - Started process (PID=73999) to work on /Users/harshasogala/financial-data-platform/venv/lib/python3.12/site-packages/airflow/example_dags/example_sensors.py
[2026-03-13T23:23:59.390+0100] {processor.py:830} INFO - Processing file /Users/harshasogala/financial-data-platform/venv/lib/python3.12/site-packages/airflow/example_dags/example_sensors.py for tasks to queue
[2026-03-13T23:23:59.391+0100] {logging_mixin.py:188} INFO - [2026-03-13T23:23:59.391+0100] {dagbag.py:545} INFO - Filling up the DagBag from /Users/harshasogala/financial-data-platform/venv/lib/python3.12/site-packages/airflow/example_dags/example_sensors.py
[2026-03-13T23:23:59.400+0100] {processor.py:840} INFO - DAG(s) 'example_sensors' retrieved from /Users/harshasogala/financial-data-platform/venv/lib/python3.12/site-packages/airflow/example_dags/example_sensors.py
[2026-03-13T23:23:59.463+0100] {logging_mixin.py:188} INFO - [2026-03-13T23:23:59.463+0100] {dag.py:3089} INFO - Sync 1 DAGs
[2026-03-13T23:23:59.468+0100] {logging_mixin.py:188} INFO - [2026-03-13T23:23:59.468+0100] {dag.py:3947} INFO - Setting next_dagrun for example_sensors to None, run_after=None
[2026-03-13T23:23:59.514+0100] {processor.py:183} INFO - Processing /Users/harshasogala/financial-data-platform/venv/lib/python3.12/site-packages/airflow/example_dags/example_sensors.py took 0.127 seconds
[2026-03-13T23:25:15.995+0100] {processor.py:161} INFO - Started process (PID=74059) to work on /Users/harshasogala/financial-data-platform/venv/lib/python3.12/site-packages/airflow/example_dags/example_sensors.py
[2026-03-13T23:25:15.996+0100] {processor.py:830} INFO - Processing file /Users/harshasogala/financial-data-platform/venv/lib/python3.12/site-packages/airflow/example_dags/example_sensors.py for tasks to queue
[2026-03-13T23:25:15.997+0100] {logging_mixin.py:188} INFO - [2026-03-13T23:25:15.997+0100] {dagbag.py:545} INFO - Filling up the DagBag from /Users/harshasogala/financial-data-platform/venv/lib/python3.12/site-packages/airflow/example_dags/example_sensors.py
[2026-03-13T23:25:16.006+0100] {processor.py:840} INFO - DAG(s) 'example_sensors' retrieved from /Users/harshasogala/financial-data-platform/venv/lib/python3.12/site-packages/airflow/example_dags/example_sensors.py
[2026-03-13T23:25:16.069+0100] {logging_mixin.py:188} INFO - [2026-03-13T23:25:16.069+0100] {dag.py:3089} INFO - Sync 1 DAGs
[2026-03-13T23:25:16.074+0100] {logging_mixin.py:188} INFO - [2026-03-13T23:25:16.074+0100] {dag.py:3947} INFO - Setting next_dagrun for example_sensors to None, run_after=None
[2026-03-13T23:25:16.120+0100] {processor.py:183} INFO - Processing /Users/harshasogala/financial-data-platform/venv/lib/python3.12/site-packages/airflow/example_dags/example_sensors.py took 0.127 seconds
[2026-03-13T23:26:32.738+0100] {processor.py:161} INFO - Started process (PID=74117) to work on /Users/harshasogala/financial-data-platform/venv/lib/python3.12/site-packages/airflow/example_dags/example_sensors.py
[2026-03-13T23:26:32.740+0100] {processor.py:830} INFO - Processing file /Users/harshasogala/financial-data-platform/venv/lib/python3.12/site-packages/airflow/example_dags/example_sensors.py for tasks to queue
[2026-03-13T23:26:32.740+0100] {logging_mixin.py:188} INFO - [2026-03-13T23:26:32.740+0100] {dagbag.py:545} INFO - Filling up the DagBag from /Users/harshasogala/financial-data-platform/venv/lib/python3.12/site-packages/airflow/example_dags/example_sensors.py
[2026-03-13T23:26:32.750+0100] {processor.py:840} INFO - DAG(s) 'example_sensors' retrieved from /Users/harshasogala/financial-data-platform/venv/lib/python3.12/site-packages/airflow/example_dags/example_sensors.py
[2026-03-13T23:26:32.813+0100] {logging_mixin.py:188} INFO - [2026-03-13T23:26:32.813+0100] {dag.py:3089} INFO - Sync 1 DAGs
[2026-03-13T23:26:32.818+0100] {logging_mixin.py:188} INFO - [2026-03-13T23:26:32.818+0100] {dag.py:3947} INFO - Setting next_dagrun for example_sensors to None, run_after=None
[2026-03-13T23:26:32.865+0100] {processor.py:183} INFO - Processing /Users/harshasogala/financial-data-platform/venv/lib/python3.12/site-packages/airflow/example_dags/example_sensors.py took 0.129 seconds
[2026-03-13T23:27:51.190+0100] {processor.py:161} INFO - Started process (PID=74215) to work on /Users/harshasogala/financial-data-platform/venv/lib/python3.12/site-packages/airflow/example_dags/example_sensors.py
[2026-03-13T23:27:51.191+0100] {processor.py:830} INFO - Processing file /Users/harshasogala/financial-data-platform/venv/lib/python3.12/site-packages/airflow/example_dags/example_sensors.py for tasks to queue
[2026-03-13T23:27:51.191+0100] {logging_mixin.py:188} INFO - [2026-03-13T23:27:51.191+0100] {dagbag.py:545} INFO - Filling up the DagBag from /Users/harshasogala/financial-data-platform/venv/lib/python3.12/site-packages/airflow/example_dags/example_sensors.py
[2026-03-13T23:27:51.201+0100] {processor.py:840} INFO - DAG(s) 'example_sensors' retrieved from /Users/harshasogala/financial-data-platform/venv/lib/python3.12/site-packages/airflow/example_dags/example_sensors.py
[2026-03-13T23:27:51.270+0100] {logging_mixin.py:188} INFO - [2026-03-13T23:27:51.270+0100] {dag.py:3089} INFO - Sync 1 DAGs
[2026-03-13T23:27:51.277+0100] {logging_mixin.py:188} INFO - [2026-03-13T23:27:51.276+0100] {dag.py:3947} INFO - Setting next_dagrun for example_sensors to None, run_after=None
[2026-03-13T23:27:51.330+0100] {processor.py:183} INFO - Processing /Users/harshasogala/financial-data-platform/venv/lib/python3.12/site-packages/airflow/example_dags/example_sensors.py took 0.142 seconds
[2026-03-13T23:29:08.748+0100] {processor.py:161} INFO - Started process (PID=74281) to work on /Users/harshasogala/financial-data-platform/venv/lib/python3.12/site-packages/airflow/example_dags/example_sensors.py
[2026-03-13T23:29:08.749+0100] {processor.py:830} INFO - Processing file /Users/harshasogala/financial-data-platform/venv/lib/python3.12/site-packages/airflow/example_dags/example_sensors.py for tasks to queue
[2026-03-13T23:29:08.750+0100] {logging_mixin.py:188} INFO - [2026-03-13T23:29:08.749+0100] {dagbag.py:545} INFO - Filling up the DagBag from /Users/harshasogala/financial-data-platform/venv/lib/python3.12/site-packages/airflow/example_dags/example_sensors.py
[2026-03-13T23:29:08.759+0100] {processor.py:840} INFO - DAG(s) 'example_sensors' retrieved from /Users/harshasogala/financial-data-platform/venv/lib/python3.12/site-packages/airflow/example_dags/example_sensors.py
[2026-03-13T23:29:08.826+0100] {logging_mixin.py:188} INFO - [2026-03-13T23:29:08.826+0100] {dag.py:3089} INFO - Sync 1 DAGs
[2026-03-13T23:29:08.832+0100] {logging_mixin.py:188} INFO - [2026-03-13T23:29:08.832+0100] {dag.py:3947} INFO - Setting next_dagrun for example_sensors to None, run_after=None
[2026-03-13T23:29:08.880+0100] {processor.py:183} INFO - Processing /Users/harshasogala/financial-data-platform/venv/lib/python3.12/site-packages/airflow/example_dags/example_sensors.py took 0.136 seconds
[2026-03-13T23:30:23.945+0100] {processor.py:161} INFO - Started process (PID=74371) to work on /Users/harshasogala/financial-data-platform/venv/lib/python3.12/site-packages/airflow/example_dags/example_sensors.py
[2026-03-13T23:30:23.947+0100] {processor.py:830} INFO - Processing file /Users/harshasogala/financial-data-platform/venv/lib/python3.12/site-packages/airflow/example_dags/example_sensors.py for tasks to queue
[2026-03-13T23:30:23.947+0100] {logging_mixin.py:188} INFO - [2026-03-13T23:30:23.947+0100] {dagbag.py:545} INFO - Filling up the DagBag from /Users/harshasogala/financial-data-platform/venv/lib/python3.12/site-packages/airflow/example_dags/example_sensors.py
[2026-03-13T23:30:23.956+0100] {processor.py:840} INFO - DAG(s) 'example_sensors' retrieved from /Users/harshasogala/financial-data-platform/venv/lib/python3.12/site-packages/airflow/example_dags/example_sensors.py
[2026-03-13T23:30:24.021+0100] {logging_mixin.py:188} INFO - [2026-03-13T23:30:24.021+0100] {dag.py:3089} INFO - Sync 1 DAGs
[2026-03-13T23:30:24.026+0100] {logging_mixin.py:188} INFO - [2026-03-13T23:30:24.026+0100] {dag.py:3947} INFO - Setting next_dagrun for example_sensors to None, run_after=None
[2026-03-13T23:30:24.074+0100] {processor.py:183} INFO - Processing /Users/harshasogala/financial-data-platform/venv/lib/python3.12/site-packages/airflow/example_dags/example_sensors.py took 0.130 seconds
[2026-03-13T23:31:42.123+0100] {processor.py:161} INFO - Started process (PID=74802) to work on /Users/harshasogala/financial-data-platform/venv/lib/python3.12/site-packages/airflow/example_dags/example_sensors.py
[2026-03-13T23:31:42.124+0100] {processor.py:830} INFO - Processing file /Users/harshasogala/financial-data-platform/venv/lib/python3.12/site-packages/airflow/example_dags/example_sensors.py for tasks to queue
[2026-03-13T23:31:42.125+0100] {logging_mixin.py:188} INFO - [2026-03-13T23:31:42.125+0100] {dagbag.py:545} INFO - Filling up the DagBag from /Users/harshasogala/financial-data-platform/venv/lib/python3.12/site-packages/airflow/example_dags/example_sensors.py
[2026-03-13T23:31:42.135+0100] {processor.py:840} INFO - DAG(s) 'example_sensors' retrieved from /Users/harshasogala/financial-data-platform/venv/lib/python3.12/site-packages/airflow/example_dags/example_sensors.py
[2026-03-13T23:31:42.198+0100] {logging_mixin.py:188} INFO - [2026-03-13T23:31:42.198+0100] {dag.py:3089} INFO - Sync 1 DAGs
[2026-03-13T23:31:42.203+0100] {logging_mixin.py:188} INFO - [2026-03-13T23:31:42.203+0100] {dag.py:3947} INFO - Setting next_dagrun for example_sensors to None, run_after=None
[2026-03-13T23:31:42.252+0100] {processor.py:183} INFO - Processing /Users/harshasogala/financial-data-platform/venv/lib/python3.12/site-packages/airflow/example_dags/example_sensors.py took 0.131 seconds
[2026-03-13T23:32:59.188+0100] {processor.py:161} INFO - Started process (PID=74981) to work on /Users/harshasogala/financial-data-platform/venv/lib/python3.12/site-packages/airflow/example_dags/example_sensors.py
[2026-03-13T23:32:59.189+0100] {processor.py:830} INFO - Processing file /Users/harshasogala/financial-data-platform/venv/lib/python3.12/site-packages/airflow/example_dags/example_sensors.py for tasks to queue
[2026-03-13T23:32:59.189+0100] {logging_mixin.py:188} INFO - [2026-03-13T23:32:59.189+0100] {dagbag.py:545} INFO - Filling up the DagBag from /Users/harshasogala/financial-data-platform/venv/lib/python3.12/site-packages/airflow/example_dags/example_sensors.py
[2026-03-13T23:32:59.198+0100] {processor.py:840} INFO - DAG(s) 'example_sensors' retrieved from /Users/harshasogala/financial-data-platform/venv/lib/python3.12/site-packages/airflow/example_dags/example_sensors.py
[2026-03-13T23:32:59.264+0100] {logging_mixin.py:188} INFO - [2026-03-13T23:32:59.263+0100] {dag.py:3089} INFO - Sync 1 DAGs
[2026-03-13T23:32:59.269+0100] {logging_mixin.py:188} INFO - [2026-03-13T23:32:59.269+0100] {dag.py:3947} INFO - Setting next_dagrun for example_sensors to None, run_after=None
[2026-03-13T23:32:59.316+0100] {processor.py:183} INFO - Processing /Users/harshasogala/financial-data-platform/venv/lib/python3.12/site-packages/airflow/example_dags/example_sensors.py took 0.129 seconds
