[2026-03-13T22:18:07.716+0100] {processor.py:161} INFO - Started process (PID=65487) to work on /Users/harshasogala/financial-data-platform/venv/lib/python3.12/site-packages/airflow/example_dags/example_trigger_controller_dag.py
[2026-03-13T22:18:07.716+0100] {processor.py:830} INFO - Processing file /Users/harshasogala/financial-data-platform/venv/lib/python3.12/site-packages/airflow/example_dags/example_trigger_controller_dag.py for tasks to queue
[2026-03-13T22:18:07.716+0100] {logging_mixin.py:188} INFO - [2026-03-13T22:18:07.716+0100] {dagbag.py:545} INFO - Filling up the DagBag from /Users/harshasogala/financial-data-platform/venv/lib/python3.12/site-packages/airflow/example_dags/example_trigger_controller_dag.py
[2026-03-13T22:18:07.723+0100] {processor.py:840} INFO - DAG(s) 'example_trigger_controller_dag' retrieved from /Users/harshasogala/financial-data-platform/venv/lib/python3.12/site-packages/airflow/example_dags/example_trigger_controller_dag.py
[2026-03-13T22:18:07.819+0100] {logging_mixin.py:188} INFO - [2026-03-13T22:18:07.818+0100] {override.py:1858} INFO - Created Permission View: can edit on DAG:example_trigger_controller_dag
[2026-03-13T22:18:07.823+0100] {logging_mixin.py:188} INFO - [2026-03-13T22:18:07.823+0100] {override.py:1858} INFO - Created Permission View: can read on DAG:example_trigger_controller_dag
[2026-03-13T22:18:07.827+0100] {logging_mixin.py:188} INFO - [2026-03-13T22:18:07.827+0100] {override.py:1858} INFO - Created Permission View: can delete on DAG:example_trigger_controller_dag
[2026-03-13T22:18:07.827+0100] {logging_mixin.py:188} INFO - [2026-03-13T22:18:07.827+0100] {dag.py:3089} INFO - Sync 1 DAGs
[2026-03-13T22:18:07.833+0100] {logging_mixin.py:188} INFO - [2026-03-13T22:18:07.833+0100] {dag.py:3111} INFO - Creating ORM DAG for example_trigger_controller_dag
[2026-03-13T22:18:07.838+0100] {logging_mixin.py:188} INFO - [2026-03-13T22:18:07.837+0100] {dag.py:3947} INFO - Setting next_dagrun for example_trigger_controller_dag to 2021-01-01 00:00:00+00:00, run_after=2021-01-01 00:00:00+00:00
[2026-03-13T22:18:07.849+0100] {processor.py:183} INFO - Processing /Users/harshasogala/financial-data-platform/venv/lib/python3.12/site-packages/airflow/example_dags/example_trigger_controller_dag.py took 0.136 seconds
[2026-03-13T22:19:57.108+0100] {processor.py:161} INFO - Started process (PID=66076) to work on /Users/harshasogala/financial-data-platform/venv/lib/python3.12/site-packages/airflow/example_dags/example_trigger_controller_dag.py
[2026-03-13T22:19:57.109+0100] {processor.py:830} INFO - Processing file /Users/harshasogala/financial-data-platform/venv/lib/python3.12/site-packages/airflow/example_dags/example_trigger_controller_dag.py for tasks to queue
[2026-03-13T22:19:57.110+0100] {logging_mixin.py:188} INFO - [2026-03-13T22:19:57.110+0100] {dagbag.py:545} INFO - Filling up the DagBag from /Users/harshasogala/financial-data-platform/venv/lib/python3.12/site-packages/airflow/example_dags/example_trigger_controller_dag.py
[2026-03-13T22:19:57.116+0100] {processor.py:840} INFO - DAG(s) 'example_trigger_controller_dag' retrieved from /Users/harshasogala/financial-data-platform/venv/lib/python3.12/site-packages/airflow/example_dags/example_trigger_controller_dag.py
[2026-03-13T22:19:57.167+0100] {logging_mixin.py:188} INFO - [2026-03-13T22:19:57.167+0100] {dag.py:3089} INFO - Sync 1 DAGs
[2026-03-13T22:19:57.177+0100] {logging_mixin.py:188} INFO - [2026-03-13T22:19:57.176+0100] {dag.py:3947} INFO - Setting next_dagrun for example_trigger_controller_dag to 2021-01-01 00:00:00+00:00, run_after=2021-01-01 00:00:00+00:00
[2026-03-13T22:19:57.187+0100] {processor.py:183} INFO - Processing /Users/harshasogala/financial-data-platform/venv/lib/python3.12/site-packages/airflow/example_dags/example_trigger_controller_dag.py took 0.081 seconds
[2026-03-13T22:21:15.708+0100] {processor.py:161} INFO - Started process (PID=66148) to work on /Users/harshasogala/financial-data-platform/venv/lib/python3.12/site-packages/airflow/example_dags/example_trigger_controller_dag.py
[2026-03-13T22:21:15.709+0100] {processor.py:830} INFO - Processing file /Users/harshasogala/financial-data-platform/venv/lib/python3.12/site-packages/airflow/example_dags/example_trigger_controller_dag.py for tasks to queue
[2026-03-13T22:21:15.710+0100] {logging_mixin.py:188} INFO - [2026-03-13T22:21:15.709+0100] {dagbag.py:545} INFO - Filling up the DagBag from /Users/harshasogala/financial-data-platform/venv/lib/python3.12/site-packages/airflow/example_dags/example_trigger_controller_dag.py
[2026-03-13T22:21:15.716+0100] {processor.py:840} INFO - DAG(s) 'example_trigger_controller_dag' retrieved from /Users/harshasogala/financial-data-platform/venv/lib/python3.12/site-packages/airflow/example_dags/example_trigger_controller_dag.py
[2026-03-13T22:21:15.782+0100] {logging_mixin.py:188} INFO - [2026-03-13T22:21:15.782+0100] {dag.py:3089} INFO - Sync 1 DAGs
[2026-03-13T22:21:15.795+0100] {logging_mixin.py:188} INFO - [2026-03-13T22:21:15.795+0100] {dag.py:3947} INFO - Setting next_dagrun for example_trigger_controller_dag to 2021-01-01 00:00:00+00:00, run_after=2021-01-01 00:00:00+00:00
[2026-03-13T22:21:15.808+0100] {processor.py:183} INFO - Processing /Users/harshasogala/financial-data-platform/venv/lib/python3.12/site-packages/airflow/example_dags/example_trigger_controller_dag.py took 0.101 seconds
[2026-03-13T22:27:41.884+0100] {processor.py:161} INFO - Started process (PID=67209) to work on /Users/harshasogala/financial-data-platform/venv/lib/python3.12/site-packages/airflow/example_dags/example_trigger_controller_dag.py
[2026-03-13T22:27:41.885+0100] {processor.py:830} INFO - Processing file /Users/harshasogala/financial-data-platform/venv/lib/python3.12/site-packages/airflow/example_dags/example_trigger_controller_dag.py for tasks to queue
[2026-03-13T22:27:41.886+0100] {logging_mixin.py:188} INFO - [2026-03-13T22:27:41.886+0100] {dagbag.py:545} INFO - Filling up the DagBag from /Users/harshasogala/financial-data-platform/venv/lib/python3.12/site-packages/airflow/example_dags/example_trigger_controller_dag.py
[2026-03-13T22:27:41.901+0100] {processor.py:840} INFO - DAG(s) 'example_trigger_controller_dag' retrieved from /Users/harshasogala/financial-data-platform/venv/lib/python3.12/site-packages/airflow/example_dags/example_trigger_controller_dag.py
[2026-03-13T22:27:41.954+0100] {logging_mixin.py:188} INFO - [2026-03-13T22:27:41.954+0100] {dag.py:3089} INFO - Sync 1 DAGs
[2026-03-13T22:27:41.965+0100] {logging_mixin.py:188} INFO - [2026-03-13T22:27:41.965+0100] {dag.py:3947} INFO - Setting next_dagrun for example_trigger_controller_dag to 2021-01-01 00:00:00+00:00, run_after=2021-01-01 00:00:00+00:00
[2026-03-13T22:27:41.976+0100] {processor.py:183} INFO - Processing /Users/harshasogala/financial-data-platform/venv/lib/python3.12/site-packages/airflow/example_dags/example_trigger_controller_dag.py took 0.093 seconds
[2026-03-13T22:29:11.065+0100] {processor.py:161} INFO - Started process (PID=67369) to work on /Users/harshasogala/financial-data-platform/venv/lib/python3.12/site-packages/airflow/example_dags/example_trigger_controller_dag.py
[2026-03-13T22:29:11.066+0100] {processor.py:830} INFO - Processing file /Users/harshasogala/financial-data-platform/venv/lib/python3.12/site-packages/airflow/example_dags/example_trigger_controller_dag.py for tasks to queue
[2026-03-13T22:29:11.066+0100] {logging_mixin.py:188} INFO - [2026-03-13T22:29:11.066+0100] {dagbag.py:545} INFO - Filling up the DagBag from /Users/harshasogala/financial-data-platform/venv/lib/python3.12/site-packages/airflow/example_dags/example_trigger_controller_dag.py
[2026-03-13T22:29:11.073+0100] {processor.py:840} INFO - DAG(s) 'example_trigger_controller_dag' retrieved from /Users/harshasogala/financial-data-platform/venv/lib/python3.12/site-packages/airflow/example_dags/example_trigger_controller_dag.py
[2026-03-13T22:29:11.125+0100] {logging_mixin.py:188} INFO - [2026-03-13T22:29:11.125+0100] {dag.py:3089} INFO - Sync 1 DAGs
[2026-03-13T22:29:11.134+0100] {logging_mixin.py:188} INFO - [2026-03-13T22:29:11.134+0100] {dag.py:3947} INFO - Setting next_dagrun for example_trigger_controller_dag to 2021-01-01 00:00:00+00:00, run_after=2021-01-01 00:00:00+00:00
[2026-03-13T22:29:11.146+0100] {processor.py:183} INFO - Processing /Users/harshasogala/financial-data-platform/venv/lib/python3.12/site-packages/airflow/example_dags/example_trigger_controller_dag.py took 0.083 seconds
[2026-03-13T22:30:17.393+0100] {processor.py:161} INFO - Started process (PID=67499) to work on /Users/harshasogala/financial-data-platform/venv/lib/python3.12/site-packages/airflow/example_dags/example_trigger_controller_dag.py
[2026-03-13T22:30:17.393+0100] {processor.py:830} INFO - Processing file /Users/harshasogala/financial-data-platform/venv/lib/python3.12/site-packages/airflow/example_dags/example_trigger_controller_dag.py for tasks to queue
[2026-03-13T22:30:17.394+0100] {logging_mixin.py:188} INFO - [2026-03-13T22:30:17.394+0100] {dagbag.py:545} INFO - Filling up the DagBag from /Users/harshasogala/financial-data-platform/venv/lib/python3.12/site-packages/airflow/example_dags/example_trigger_controller_dag.py
[2026-03-13T22:30:17.400+0100] {processor.py:840} INFO - DAG(s) 'example_trigger_controller_dag' retrieved from /Users/harshasogala/financial-data-platform/venv/lib/python3.12/site-packages/airflow/example_dags/example_trigger_controller_dag.py
[2026-03-13T22:30:17.451+0100] {logging_mixin.py:188} INFO - [2026-03-13T22:30:17.451+0100] {dag.py:3089} INFO - Sync 1 DAGs
[2026-03-13T22:30:17.460+0100] {logging_mixin.py:188} INFO - [2026-03-13T22:30:17.460+0100] {dag.py:3947} INFO - Setting next_dagrun for example_trigger_controller_dag to 2021-01-01 00:00:00+00:00, run_after=2021-01-01 00:00:00+00:00
[2026-03-13T22:30:17.470+0100] {processor.py:183} INFO - Processing /Users/harshasogala/financial-data-platform/venv/lib/python3.12/site-packages/airflow/example_dags/example_trigger_controller_dag.py took 0.079 seconds
[2026-03-13T22:31:28.733+0100] {processor.py:161} INFO - Started process (PID=67923) to work on /Users/harshasogala/financial-data-platform/venv/lib/python3.12/site-packages/airflow/example_dags/example_trigger_controller_dag.py
[2026-03-13T22:31:28.734+0100] {processor.py:830} INFO - Processing file /Users/harshasogala/financial-data-platform/venv/lib/python3.12/site-packages/airflow/example_dags/example_trigger_controller_dag.py for tasks to queue
[2026-03-13T22:31:28.735+0100] {logging_mixin.py:188} INFO - [2026-03-13T22:31:28.734+0100] {dagbag.py:545} INFO - Filling up the DagBag from /Users/harshasogala/financial-data-platform/venv/lib/python3.12/site-packages/airflow/example_dags/example_trigger_controller_dag.py
[2026-03-13T22:31:28.745+0100] {processor.py:840} INFO - DAG(s) 'example_trigger_controller_dag' retrieved from /Users/harshasogala/financial-data-platform/venv/lib/python3.12/site-packages/airflow/example_dags/example_trigger_controller_dag.py
[2026-03-13T22:31:28.813+0100] {logging_mixin.py:188} INFO - [2026-03-13T22:31:28.813+0100] {dag.py:3089} INFO - Sync 1 DAGs
[2026-03-13T22:31:28.825+0100] {logging_mixin.py:188} INFO - [2026-03-13T22:31:28.825+0100] {dag.py:3947} INFO - Setting next_dagrun for example_trigger_controller_dag to 2021-01-01 00:00:00+00:00, run_after=2021-01-01 00:00:00+00:00
[2026-03-13T22:31:28.839+0100] {processor.py:183} INFO - Processing /Users/harshasogala/financial-data-platform/venv/lib/python3.12/site-packages/airflow/example_dags/example_trigger_controller_dag.py took 0.108 seconds
[2026-03-13T22:32:51.283+0100] {processor.py:161} INFO - Started process (PID=68831) to work on /Users/harshasogala/financial-data-platform/venv/lib/python3.12/site-packages/airflow/example_dags/example_trigger_controller_dag.py
[2026-03-13T22:32:51.284+0100] {processor.py:830} INFO - Processing file /Users/harshasogala/financial-data-platform/venv/lib/python3.12/site-packages/airflow/example_dags/example_trigger_controller_dag.py for tasks to queue
[2026-03-13T22:32:51.284+0100] {logging_mixin.py:188} INFO - [2026-03-13T22:32:51.284+0100] {dagbag.py:545} INFO - Filling up the DagBag from /Users/harshasogala/financial-data-platform/venv/lib/python3.12/site-packages/airflow/example_dags/example_trigger_controller_dag.py
[2026-03-13T22:32:51.291+0100] {processor.py:840} INFO - DAG(s) 'example_trigger_controller_dag' retrieved from /Users/harshasogala/financial-data-platform/venv/lib/python3.12/site-packages/airflow/example_dags/example_trigger_controller_dag.py
[2026-03-13T22:32:51.341+0100] {logging_mixin.py:188} INFO - [2026-03-13T22:32:51.341+0100] {dag.py:3089} INFO - Sync 1 DAGs
[2026-03-13T22:32:51.349+0100] {logging_mixin.py:188} INFO - [2026-03-13T22:32:51.349+0100] {dag.py:3947} INFO - Setting next_dagrun for example_trigger_controller_dag to 2021-01-01 00:00:00+00:00, run_after=2021-01-01 00:00:00+00:00
[2026-03-13T22:32:51.360+0100] {processor.py:183} INFO - Processing /Users/harshasogala/financial-data-platform/venv/lib/python3.12/site-packages/airflow/example_dags/example_trigger_controller_dag.py took 0.079 seconds
[2026-03-13T22:34:12.657+0100] {processor.py:161} INFO - Started process (PID=69176) to work on /Users/harshasogala/financial-data-platform/venv/lib/python3.12/site-packages/airflow/example_dags/example_trigger_controller_dag.py
[2026-03-13T22:34:12.659+0100] {processor.py:830} INFO - Processing file /Users/harshasogala/financial-data-platform/venv/lib/python3.12/site-packages/airflow/example_dags/example_trigger_controller_dag.py for tasks to queue
[2026-03-13T22:34:12.659+0100] {logging_mixin.py:188} INFO - [2026-03-13T22:34:12.659+0100] {dagbag.py:545} INFO - Filling up the DagBag from /Users/harshasogala/financial-data-platform/venv/lib/python3.12/site-packages/airflow/example_dags/example_trigger_controller_dag.py
[2026-03-13T22:34:12.666+0100] {processor.py:840} INFO - DAG(s) 'example_trigger_controller_dag' retrieved from /Users/harshasogala/financial-data-platform/venv/lib/python3.12/site-packages/airflow/example_dags/example_trigger_controller_dag.py
[2026-03-13T22:34:12.718+0100] {logging_mixin.py:188} INFO - [2026-03-13T22:34:12.718+0100] {dag.py:3089} INFO - Sync 1 DAGs
[2026-03-13T22:34:12.727+0100] {logging_mixin.py:188} INFO - [2026-03-13T22:34:12.727+0100] {dag.py:3947} INFO - Setting next_dagrun for example_trigger_controller_dag to 2021-01-01 00:00:00+00:00, run_after=2021-01-01 00:00:00+00:00
[2026-03-13T22:34:12.738+0100] {processor.py:183} INFO - Processing /Users/harshasogala/financial-data-platform/venv/lib/python3.12/site-packages/airflow/example_dags/example_trigger_controller_dag.py took 0.083 seconds
[2026-03-13T22:35:28.130+0100] {processor.py:161} INFO - Started process (PID=69237) to work on /Users/harshasogala/financial-data-platform/venv/lib/python3.12/site-packages/airflow/example_dags/example_trigger_controller_dag.py
[2026-03-13T22:35:28.132+0100] {processor.py:830} INFO - Processing file /Users/harshasogala/financial-data-platform/venv/lib/python3.12/site-packages/airflow/example_dags/example_trigger_controller_dag.py for tasks to queue
[2026-03-13T22:35:28.132+0100] {logging_mixin.py:188} INFO - [2026-03-13T22:35:28.132+0100] {dagbag.py:545} INFO - Filling up the DagBag from /Users/harshasogala/financial-data-platform/venv/lib/python3.12/site-packages/airflow/example_dags/example_trigger_controller_dag.py
[2026-03-13T22:35:28.139+0100] {processor.py:840} INFO - DAG(s) 'example_trigger_controller_dag' retrieved from /Users/harshasogala/financial-data-platform/venv/lib/python3.12/site-packages/airflow/example_dags/example_trigger_controller_dag.py
[2026-03-13T22:35:28.190+0100] {logging_mixin.py:188} INFO - [2026-03-13T22:35:28.190+0100] {dag.py:3089} INFO - Sync 1 DAGs
[2026-03-13T22:35:28.198+0100] {logging_mixin.py:188} INFO - [2026-03-13T22:35:28.198+0100] {dag.py:3947} INFO - Setting next_dagrun for example_trigger_controller_dag to 2021-01-01 00:00:00+00:00, run_after=2021-01-01 00:00:00+00:00
[2026-03-13T22:35:28.209+0100] {processor.py:183} INFO - Processing /Users/harshasogala/financial-data-platform/venv/lib/python3.12/site-packages/airflow/example_dags/example_trigger_controller_dag.py took 0.081 seconds
[2026-03-13T22:36:42.112+0100] {processor.py:161} INFO - Started process (PID=69315) to work on /Users/harshasogala/financial-data-platform/venv/lib/python3.12/site-packages/airflow/example_dags/example_trigger_controller_dag.py
[2026-03-13T22:36:42.113+0100] {processor.py:830} INFO - Processing file /Users/harshasogala/financial-data-platform/venv/lib/python3.12/site-packages/airflow/example_dags/example_trigger_controller_dag.py for tasks to queue
[2026-03-13T22:36:42.114+0100] {logging_mixin.py:188} INFO - [2026-03-13T22:36:42.114+0100] {dagbag.py:545} INFO - Filling up the DagBag from /Users/harshasogala/financial-data-platform/venv/lib/python3.12/site-packages/airflow/example_dags/example_trigger_controller_dag.py
[2026-03-13T22:36:42.121+0100] {processor.py:840} INFO - DAG(s) 'example_trigger_controller_dag' retrieved from /Users/harshasogala/financial-data-platform/venv/lib/python3.12/site-packages/airflow/example_dags/example_trigger_controller_dag.py
[2026-03-13T22:36:42.172+0100] {logging_mixin.py:188} INFO - [2026-03-13T22:36:42.172+0100] {dag.py:3089} INFO - Sync 1 DAGs
[2026-03-13T22:36:42.181+0100] {logging_mixin.py:188} INFO - [2026-03-13T22:36:42.181+0100] {dag.py:3947} INFO - Setting next_dagrun for example_trigger_controller_dag to 2021-01-01 00:00:00+00:00, run_after=2021-01-01 00:00:00+00:00
[2026-03-13T22:36:42.192+0100] {processor.py:183} INFO - Processing /Users/harshasogala/financial-data-platform/venv/lib/python3.12/site-packages/airflow/example_dags/example_trigger_controller_dag.py took 0.081 seconds
[2026-03-13T22:37:56.009+0100] {processor.py:161} INFO - Started process (PID=69373) to work on /Users/harshasogala/financial-data-platform/venv/lib/python3.12/site-packages/airflow/example_dags/example_trigger_controller_dag.py
[2026-03-13T22:37:56.010+0100] {processor.py:830} INFO - Processing file /Users/harshasogala/financial-data-platform/venv/lib/python3.12/site-packages/airflow/example_dags/example_trigger_controller_dag.py for tasks to queue
[2026-03-13T22:37:56.010+0100] {logging_mixin.py:188} INFO - [2026-03-13T22:37:56.010+0100] {dagbag.py:545} INFO - Filling up the DagBag from /Users/harshasogala/financial-data-platform/venv/lib/python3.12/site-packages/airflow/example_dags/example_trigger_controller_dag.py
[2026-03-13T22:37:56.017+0100] {processor.py:840} INFO - DAG(s) 'example_trigger_controller_dag' retrieved from /Users/harshasogala/financial-data-platform/venv/lib/python3.12/site-packages/airflow/example_dags/example_trigger_controller_dag.py
[2026-03-13T22:37:56.066+0100] {logging_mixin.py:188} INFO - [2026-03-13T22:37:56.066+0100] {dag.py:3089} INFO - Sync 1 DAGs
[2026-03-13T22:37:56.075+0100] {logging_mixin.py:188} INFO - [2026-03-13T22:37:56.075+0100] {dag.py:3947} INFO - Setting next_dagrun for example_trigger_controller_dag to 2021-01-01 00:00:00+00:00, run_after=2021-01-01 00:00:00+00:00
[2026-03-13T22:37:56.085+0100] {processor.py:183} INFO - Processing /Users/harshasogala/financial-data-platform/venv/lib/python3.12/site-packages/airflow/example_dags/example_trigger_controller_dag.py took 0.078 seconds
[2026-03-13T22:39:10.298+0100] {processor.py:161} INFO - Started process (PID=69442) to work on /Users/harshasogala/financial-data-platform/venv/lib/python3.12/site-packages/airflow/example_dags/example_trigger_controller_dag.py
[2026-03-13T22:39:10.300+0100] {processor.py:830} INFO - Processing file /Users/harshasogala/financial-data-platform/venv/lib/python3.12/site-packages/airflow/example_dags/example_trigger_controller_dag.py for tasks to queue
[2026-03-13T22:39:10.300+0100] {logging_mixin.py:188} INFO - [2026-03-13T22:39:10.300+0100] {dagbag.py:545} INFO - Filling up the DagBag from /Users/harshasogala/financial-data-platform/venv/lib/python3.12/site-packages/airflow/example_dags/example_trigger_controller_dag.py
[2026-03-13T22:39:10.307+0100] {processor.py:840} INFO - DAG(s) 'example_trigger_controller_dag' retrieved from /Users/harshasogala/financial-data-platform/venv/lib/python3.12/site-packages/airflow/example_dags/example_trigger_controller_dag.py
[2026-03-13T22:39:10.358+0100] {logging_mixin.py:188} INFO - [2026-03-13T22:39:10.357+0100] {dag.py:3089} INFO - Sync 1 DAGs
[2026-03-13T22:39:10.366+0100] {logging_mixin.py:188} INFO - [2026-03-13T22:39:10.366+0100] {dag.py:3947} INFO - Setting next_dagrun for example_trigger_controller_dag to 2021-01-01 00:00:00+00:00, run_after=2021-01-01 00:00:00+00:00
[2026-03-13T22:39:10.377+0100] {processor.py:183} INFO - Processing /Users/harshasogala/financial-data-platform/venv/lib/python3.12/site-packages/airflow/example_dags/example_trigger_controller_dag.py took 0.080 seconds
[2026-03-13T22:40:31.392+0100] {processor.py:161} INFO - Started process (PID=69663) to work on /Users/harshasogala/financial-data-platform/venv/lib/python3.12/site-packages/airflow/example_dags/example_trigger_controller_dag.py
[2026-03-13T22:40:31.394+0100] {processor.py:830} INFO - Processing file /Users/harshasogala/financial-data-platform/venv/lib/python3.12/site-packages/airflow/example_dags/example_trigger_controller_dag.py for tasks to queue
[2026-03-13T22:40:31.394+0100] {logging_mixin.py:188} INFO - [2026-03-13T22:40:31.394+0100] {dagbag.py:545} INFO - Filling up the DagBag from /Users/harshasogala/financial-data-platform/venv/lib/python3.12/site-packages/airflow/example_dags/example_trigger_controller_dag.py
[2026-03-13T22:40:31.401+0100] {processor.py:840} INFO - DAG(s) 'example_trigger_controller_dag' retrieved from /Users/harshasogala/financial-data-platform/venv/lib/python3.12/site-packages/airflow/example_dags/example_trigger_controller_dag.py
[2026-03-13T22:40:31.451+0100] {logging_mixin.py:188} INFO - [2026-03-13T22:40:31.451+0100] {dag.py:3089} INFO - Sync 1 DAGs
[2026-03-13T22:40:31.462+0100] {logging_mixin.py:188} INFO - [2026-03-13T22:40:31.462+0100] {dag.py:3947} INFO - Setting next_dagrun for example_trigger_controller_dag to 2021-01-01 00:00:00+00:00, run_after=2021-01-01 00:00:00+00:00
[2026-03-13T22:40:31.474+0100] {processor.py:183} INFO - Processing /Users/harshasogala/financial-data-platform/venv/lib/python3.12/site-packages/airflow/example_dags/example_trigger_controller_dag.py took 0.083 seconds
[2026-03-13T22:41:49.574+0100] {processor.py:161} INFO - Started process (PID=69722) to work on /Users/harshasogala/financial-data-platform/venv/lib/python3.12/site-packages/airflow/example_dags/example_trigger_controller_dag.py
[2026-03-13T22:41:49.575+0100] {processor.py:830} INFO - Processing file /Users/harshasogala/financial-data-platform/venv/lib/python3.12/site-packages/airflow/example_dags/example_trigger_controller_dag.py for tasks to queue
[2026-03-13T22:41:49.576+0100] {logging_mixin.py:188} INFO - [2026-03-13T22:41:49.575+0100] {dagbag.py:545} INFO - Filling up the DagBag from /Users/harshasogala/financial-data-platform/venv/lib/python3.12/site-packages/airflow/example_dags/example_trigger_controller_dag.py
[2026-03-13T22:41:49.582+0100] {processor.py:840} INFO - DAG(s) 'example_trigger_controller_dag' retrieved from /Users/harshasogala/financial-data-platform/venv/lib/python3.12/site-packages/airflow/example_dags/example_trigger_controller_dag.py
[2026-03-13T22:41:49.632+0100] {logging_mixin.py:188} INFO - [2026-03-13T22:41:49.631+0100] {dag.py:3089} INFO - Sync 1 DAGs
[2026-03-13T22:41:49.640+0100] {logging_mixin.py:188} INFO - [2026-03-13T22:41:49.640+0100] {dag.py:3947} INFO - Setting next_dagrun for example_trigger_controller_dag to 2021-01-01 00:00:00+00:00, run_after=2021-01-01 00:00:00+00:00
[2026-03-13T22:41:49.650+0100] {processor.py:183} INFO - Processing /Users/harshasogala/financial-data-platform/venv/lib/python3.12/site-packages/airflow/example_dags/example_trigger_controller_dag.py took 0.078 seconds
[2026-03-13T22:43:08.023+0100] {processor.py:161} INFO - Started process (PID=69788) to work on /Users/harshasogala/financial-data-platform/venv/lib/python3.12/site-packages/airflow/example_dags/example_trigger_controller_dag.py
[2026-03-13T22:43:08.024+0100] {processor.py:830} INFO - Processing file /Users/harshasogala/financial-data-platform/venv/lib/python3.12/site-packages/airflow/example_dags/example_trigger_controller_dag.py for tasks to queue
[2026-03-13T22:43:08.024+0100] {logging_mixin.py:188} INFO - [2026-03-13T22:43:08.024+0100] {dagbag.py:545} INFO - Filling up the DagBag from /Users/harshasogala/financial-data-platform/venv/lib/python3.12/site-packages/airflow/example_dags/example_trigger_controller_dag.py
[2026-03-13T22:43:08.032+0100] {processor.py:840} INFO - DAG(s) 'example_trigger_controller_dag' retrieved from /Users/harshasogala/financial-data-platform/venv/lib/python3.12/site-packages/airflow/example_dags/example_trigger_controller_dag.py
[2026-03-13T22:43:08.083+0100] {logging_mixin.py:188} INFO - [2026-03-13T22:43:08.083+0100] {dag.py:3089} INFO - Sync 1 DAGs
[2026-03-13T22:43:08.092+0100] {logging_mixin.py:188} INFO - [2026-03-13T22:43:08.092+0100] {dag.py:3947} INFO - Setting next_dagrun for example_trigger_controller_dag to 2021-01-01 00:00:00+00:00, run_after=2021-01-01 00:00:00+00:00
[2026-03-13T22:43:08.103+0100] {processor.py:183} INFO - Processing /Users/harshasogala/financial-data-platform/venv/lib/python3.12/site-packages/airflow/example_dags/example_trigger_controller_dag.py took 0.081 seconds
[2026-03-13T22:44:30.424+0100] {processor.py:161} INFO - Started process (PID=70041) to work on /Users/harshasogala/financial-data-platform/venv/lib/python3.12/site-packages/airflow/example_dags/example_trigger_controller_dag.py
[2026-03-13T22:44:30.425+0100] {processor.py:830} INFO - Processing file /Users/harshasogala/financial-data-platform/venv/lib/python3.12/site-packages/airflow/example_dags/example_trigger_controller_dag.py for tasks to queue
[2026-03-13T22:44:30.425+0100] {logging_mixin.py:188} INFO - [2026-03-13T22:44:30.425+0100] {dagbag.py:545} INFO - Filling up the DagBag from /Users/harshasogala/financial-data-platform/venv/lib/python3.12/site-packages/airflow/example_dags/example_trigger_controller_dag.py
[2026-03-13T22:44:30.432+0100] {processor.py:840} INFO - DAG(s) 'example_trigger_controller_dag' retrieved from /Users/harshasogala/financial-data-platform/venv/lib/python3.12/site-packages/airflow/example_dags/example_trigger_controller_dag.py
[2026-03-13T22:44:30.484+0100] {logging_mixin.py:188} INFO - [2026-03-13T22:44:30.484+0100] {dag.py:3089} INFO - Sync 1 DAGs
[2026-03-13T22:44:30.492+0100] {logging_mixin.py:188} INFO - [2026-03-13T22:44:30.492+0100] {dag.py:3947} INFO - Setting next_dagrun for example_trigger_controller_dag to 2021-01-01 00:00:00+00:00, run_after=2021-01-01 00:00:00+00:00
[2026-03-13T22:44:30.503+0100] {processor.py:183} INFO - Processing /Users/harshasogala/financial-data-platform/venv/lib/python3.12/site-packages/airflow/example_dags/example_trigger_controller_dag.py took 0.081 seconds
[2026-03-13T22:46:03.173+0100] {processor.py:161} INFO - Started process (PID=70345) to work on /Users/harshasogala/financial-data-platform/venv/lib/python3.12/site-packages/airflow/example_dags/example_trigger_controller_dag.py
[2026-03-13T22:46:03.175+0100] {processor.py:830} INFO - Processing file /Users/harshasogala/financial-data-platform/venv/lib/python3.12/site-packages/airflow/example_dags/example_trigger_controller_dag.py for tasks to queue
[2026-03-13T22:46:03.175+0100] {logging_mixin.py:188} INFO - [2026-03-13T22:46:03.175+0100] {dagbag.py:545} INFO - Filling up the DagBag from /Users/harshasogala/financial-data-platform/venv/lib/python3.12/site-packages/airflow/example_dags/example_trigger_controller_dag.py
[2026-03-13T22:46:03.189+0100] {processor.py:840} INFO - DAG(s) 'example_trigger_controller_dag' retrieved from /Users/harshasogala/financial-data-platform/venv/lib/python3.12/site-packages/airflow/example_dags/example_trigger_controller_dag.py
[2026-03-13T22:46:03.269+0100] {logging_mixin.py:188} INFO - [2026-03-13T22:46:03.269+0100] {dag.py:3089} INFO - Sync 1 DAGs
[2026-03-13T22:46:03.279+0100] {logging_mixin.py:188} INFO - [2026-03-13T22:46:03.279+0100] {dag.py:3947} INFO - Setting next_dagrun for example_trigger_controller_dag to 2021-01-01 00:00:00+00:00, run_after=2021-01-01 00:00:00+00:00
[2026-03-13T22:46:03.290+0100] {processor.py:183} INFO - Processing /Users/harshasogala/financial-data-platform/venv/lib/python3.12/site-packages/airflow/example_dags/example_trigger_controller_dag.py took 0.121 seconds
[2026-03-13T22:47:27.851+0100] {processor.py:161} INFO - Started process (PID=71373) to work on /Users/harshasogala/financial-data-platform/venv/lib/python3.12/site-packages/airflow/example_dags/example_trigger_controller_dag.py
[2026-03-13T22:47:27.851+0100] {processor.py:830} INFO - Processing file /Users/harshasogala/financial-data-platform/venv/lib/python3.12/site-packages/airflow/example_dags/example_trigger_controller_dag.py for tasks to queue
[2026-03-13T22:47:27.852+0100] {logging_mixin.py:188} INFO - [2026-03-13T22:47:27.852+0100] {dagbag.py:545} INFO - Filling up the DagBag from /Users/harshasogala/financial-data-platform/venv/lib/python3.12/site-packages/airflow/example_dags/example_trigger_controller_dag.py
[2026-03-13T22:47:27.859+0100] {processor.py:840} INFO - DAG(s) 'example_trigger_controller_dag' retrieved from /Users/harshasogala/financial-data-platform/venv/lib/python3.12/site-packages/airflow/example_dags/example_trigger_controller_dag.py
[2026-03-13T22:47:27.911+0100] {logging_mixin.py:188} INFO - [2026-03-13T22:47:27.911+0100] {dag.py:3089} INFO - Sync 1 DAGs
[2026-03-13T22:47:27.920+0100] {logging_mixin.py:188} INFO - [2026-03-13T22:47:27.920+0100] {dag.py:3947} INFO - Setting next_dagrun for example_trigger_controller_dag to 2021-01-01 00:00:00+00:00, run_after=2021-01-01 00:00:00+00:00
[2026-03-13T22:47:27.931+0100] {processor.py:183} INFO - Processing /Users/harshasogala/financial-data-platform/venv/lib/python3.12/site-packages/airflow/example_dags/example_trigger_controller_dag.py took 0.082 seconds
[2026-03-13T22:48:44.667+0100] {processor.py:161} INFO - Started process (PID=71442) to work on /Users/harshasogala/financial-data-platform/venv/lib/python3.12/site-packages/airflow/example_dags/example_trigger_controller_dag.py
[2026-03-13T22:48:44.668+0100] {processor.py:830} INFO - Processing file /Users/harshasogala/financial-data-platform/venv/lib/python3.12/site-packages/airflow/example_dags/example_trigger_controller_dag.py for tasks to queue
[2026-03-13T22:48:44.669+0100] {logging_mixin.py:188} INFO - [2026-03-13T22:48:44.668+0100] {dagbag.py:545} INFO - Filling up the DagBag from /Users/harshasogala/financial-data-platform/venv/lib/python3.12/site-packages/airflow/example_dags/example_trigger_controller_dag.py
[2026-03-13T22:48:44.677+0100] {processor.py:840} INFO - DAG(s) 'example_trigger_controller_dag' retrieved from /Users/harshasogala/financial-data-platform/venv/lib/python3.12/site-packages/airflow/example_dags/example_trigger_controller_dag.py
[2026-03-13T22:48:44.732+0100] {logging_mixin.py:188} INFO - [2026-03-13T22:48:44.732+0100] {dag.py:3089} INFO - Sync 1 DAGs
[2026-03-13T22:48:44.741+0100] {logging_mixin.py:188} INFO - [2026-03-13T22:48:44.741+0100] {dag.py:3947} INFO - Setting next_dagrun for example_trigger_controller_dag to 2021-01-01 00:00:00+00:00, run_after=2021-01-01 00:00:00+00:00
[2026-03-13T22:48:44.752+0100] {processor.py:183} INFO - Processing /Users/harshasogala/financial-data-platform/venv/lib/python3.12/site-packages/airflow/example_dags/example_trigger_controller_dag.py took 0.087 seconds
[2026-03-13T22:50:05.327+0100] {processor.py:161} INFO - Started process (PID=71695) to work on /Users/harshasogala/financial-data-platform/venv/lib/python3.12/site-packages/airflow/example_dags/example_trigger_controller_dag.py
[2026-03-13T22:50:05.328+0100] {processor.py:830} INFO - Processing file /Users/harshasogala/financial-data-platform/venv/lib/python3.12/site-packages/airflow/example_dags/example_trigger_controller_dag.py for tasks to queue
[2026-03-13T22:50:05.328+0100] {logging_mixin.py:188} INFO - [2026-03-13T22:50:05.328+0100] {dagbag.py:545} INFO - Filling up the DagBag from /Users/harshasogala/financial-data-platform/venv/lib/python3.12/site-packages/airflow/example_dags/example_trigger_controller_dag.py
[2026-03-13T22:50:05.344+0100] {processor.py:840} INFO - DAG(s) 'example_trigger_controller_dag' retrieved from /Users/harshasogala/financial-data-platform/venv/lib/python3.12/site-packages/airflow/example_dags/example_trigger_controller_dag.py
[2026-03-13T22:50:05.399+0100] {logging_mixin.py:188} INFO - [2026-03-13T22:50:05.399+0100] {dag.py:3089} INFO - Sync 1 DAGs
[2026-03-13T22:50:05.408+0100] {logging_mixin.py:188} INFO - [2026-03-13T22:50:05.408+0100] {dag.py:3947} INFO - Setting next_dagrun for example_trigger_controller_dag to 2021-01-01 00:00:00+00:00, run_after=2021-01-01 00:00:00+00:00
[2026-03-13T22:50:05.420+0100] {processor.py:183} INFO - Processing /Users/harshasogala/financial-data-platform/venv/lib/python3.12/site-packages/airflow/example_dags/example_trigger_controller_dag.py took 0.096 seconds
[2026-03-13T22:50:57.482+0100] {processor.py:161} INFO - Started process (PID=72019) to work on /Users/harshasogala/financial-data-platform/venv/lib/python3.12/site-packages/airflow/example_dags/example_trigger_controller_dag.py
[2026-03-13T22:50:57.483+0100] {processor.py:830} INFO - Processing file /Users/harshasogala/financial-data-platform/venv/lib/python3.12/site-packages/airflow/example_dags/example_trigger_controller_dag.py for tasks to queue
[2026-03-13T22:50:57.483+0100] {logging_mixin.py:188} INFO - [2026-03-13T22:50:57.483+0100] {dagbag.py:545} INFO - Filling up the DagBag from /Users/harshasogala/financial-data-platform/venv/lib/python3.12/site-packages/airflow/example_dags/example_trigger_controller_dag.py
[2026-03-13T22:50:57.491+0100] {processor.py:840} INFO - DAG(s) 'example_trigger_controller_dag' retrieved from /Users/harshasogala/financial-data-platform/venv/lib/python3.12/site-packages/airflow/example_dags/example_trigger_controller_dag.py
[2026-03-13T22:50:57.541+0100] {logging_mixin.py:188} INFO - [2026-03-13T22:50:57.541+0100] {dag.py:3089} INFO - Sync 1 DAGs
[2026-03-13T22:50:57.550+0100] {logging_mixin.py:188} INFO - [2026-03-13T22:50:57.550+0100] {dag.py:3947} INFO - Setting next_dagrun for example_trigger_controller_dag to 2021-01-01 00:00:00+00:00, run_after=2021-01-01 00:00:00+00:00
[2026-03-13T22:50:57.560+0100] {processor.py:183} INFO - Processing /Users/harshasogala/financial-data-platform/venv/lib/python3.12/site-packages/airflow/example_dags/example_trigger_controller_dag.py took 0.080 seconds
[2026-03-13T22:52:12.897+0100] {processor.py:161} INFO - Started process (PID=72219) to work on /Users/harshasogala/financial-data-platform/venv/lib/python3.12/site-packages/airflow/example_dags/example_trigger_controller_dag.py
[2026-03-13T22:52:12.898+0100] {processor.py:830} INFO - Processing file /Users/harshasogala/financial-data-platform/venv/lib/python3.12/site-packages/airflow/example_dags/example_trigger_controller_dag.py for tasks to queue
[2026-03-13T22:52:12.898+0100] {logging_mixin.py:188} INFO - [2026-03-13T22:52:12.898+0100] {dagbag.py:545} INFO - Filling up the DagBag from /Users/harshasogala/financial-data-platform/venv/lib/python3.12/site-packages/airflow/example_dags/example_trigger_controller_dag.py
[2026-03-13T22:52:12.905+0100] {processor.py:840} INFO - DAG(s) 'example_trigger_controller_dag' retrieved from /Users/harshasogala/financial-data-platform/venv/lib/python3.12/site-packages/airflow/example_dags/example_trigger_controller_dag.py
[2026-03-13T22:52:12.958+0100] {logging_mixin.py:188} INFO - [2026-03-13T22:52:12.957+0100] {dag.py:3089} INFO - Sync 1 DAGs
[2026-03-13T22:52:12.966+0100] {logging_mixin.py:188} INFO - [2026-03-13T22:52:12.966+0100] {dag.py:3947} INFO - Setting next_dagrun for example_trigger_controller_dag to 2021-01-01 00:00:00+00:00, run_after=2021-01-01 00:00:00+00:00
[2026-03-13T22:52:12.977+0100] {processor.py:183} INFO - Processing /Users/harshasogala/financial-data-platform/venv/lib/python3.12/site-packages/airflow/example_dags/example_trigger_controller_dag.py took 0.082 seconds
[2026-03-13T22:53:30.283+0100] {processor.py:161} INFO - Started process (PID=72415) to work on /Users/harshasogala/financial-data-platform/venv/lib/python3.12/site-packages/airflow/example_dags/example_trigger_controller_dag.py
[2026-03-13T22:53:30.284+0100] {processor.py:830} INFO - Processing file /Users/harshasogala/financial-data-platform/venv/lib/python3.12/site-packages/airflow/example_dags/example_trigger_controller_dag.py for tasks to queue
[2026-03-13T22:53:30.284+0100] {logging_mixin.py:188} INFO - [2026-03-13T22:53:30.284+0100] {dagbag.py:545} INFO - Filling up the DagBag from /Users/harshasogala/financial-data-platform/venv/lib/python3.12/site-packages/airflow/example_dags/example_trigger_controller_dag.py
[2026-03-13T22:53:30.291+0100] {processor.py:840} INFO - DAG(s) 'example_trigger_controller_dag' retrieved from /Users/harshasogala/financial-data-platform/venv/lib/python3.12/site-packages/airflow/example_dags/example_trigger_controller_dag.py
[2026-03-13T22:53:30.341+0100] {logging_mixin.py:188} INFO - [2026-03-13T22:53:30.341+0100] {dag.py:3089} INFO - Sync 1 DAGs
[2026-03-13T22:53:30.350+0100] {logging_mixin.py:188} INFO - [2026-03-13T22:53:30.349+0100] {dag.py:3947} INFO - Setting next_dagrun for example_trigger_controller_dag to 2021-01-01 00:00:00+00:00, run_after=2021-01-01 00:00:00+00:00
[2026-03-13T22:53:30.360+0100] {processor.py:183} INFO - Processing /Users/harshasogala/financial-data-platform/venv/lib/python3.12/site-packages/airflow/example_dags/example_trigger_controller_dag.py took 0.079 seconds
[2026-03-13T22:54:59.818+0100] {processor.py:161} INFO - Started process (PID=72519) to work on /Users/harshasogala/financial-data-platform/venv/lib/python3.12/site-packages/airflow/example_dags/example_trigger_controller_dag.py
[2026-03-13T22:54:59.818+0100] {processor.py:830} INFO - Processing file /Users/harshasogala/financial-data-platform/venv/lib/python3.12/site-packages/airflow/example_dags/example_trigger_controller_dag.py for tasks to queue
[2026-03-13T22:54:59.819+0100] {logging_mixin.py:188} INFO - [2026-03-13T22:54:59.819+0100] {dagbag.py:545} INFO - Filling up the DagBag from /Users/harshasogala/financial-data-platform/venv/lib/python3.12/site-packages/airflow/example_dags/example_trigger_controller_dag.py
[2026-03-13T22:54:59.826+0100] {processor.py:840} INFO - DAG(s) 'example_trigger_controller_dag' retrieved from /Users/harshasogala/financial-data-platform/venv/lib/python3.12/site-packages/airflow/example_dags/example_trigger_controller_dag.py
[2026-03-13T22:54:59.881+0100] {logging_mixin.py:188} INFO - [2026-03-13T22:54:59.880+0100] {dag.py:3089} INFO - Sync 1 DAGs
[2026-03-13T22:54:59.893+0100] {logging_mixin.py:188} INFO - [2026-03-13T22:54:59.893+0100] {dag.py:3947} INFO - Setting next_dagrun for example_trigger_controller_dag to 2021-01-01 00:00:00+00:00, run_after=2021-01-01 00:00:00+00:00
[2026-03-13T22:54:59.906+0100] {processor.py:183} INFO - Processing /Users/harshasogala/financial-data-platform/venv/lib/python3.12/site-packages/airflow/example_dags/example_trigger_controller_dag.py took 0.090 seconds
[2026-03-13T22:56:17.806+0100] {processor.py:161} INFO - Started process (PID=72613) to work on /Users/harshasogala/financial-data-platform/venv/lib/python3.12/site-packages/airflow/example_dags/example_trigger_controller_dag.py
[2026-03-13T22:56:17.807+0100] {processor.py:830} INFO - Processing file /Users/harshasogala/financial-data-platform/venv/lib/python3.12/site-packages/airflow/example_dags/example_trigger_controller_dag.py for tasks to queue
[2026-03-13T22:56:17.808+0100] {logging_mixin.py:188} INFO - [2026-03-13T22:56:17.807+0100] {dagbag.py:545} INFO - Filling up the DagBag from /Users/harshasogala/financial-data-platform/venv/lib/python3.12/site-packages/airflow/example_dags/example_trigger_controller_dag.py
[2026-03-13T22:56:17.815+0100] {processor.py:840} INFO - DAG(s) 'example_trigger_controller_dag' retrieved from /Users/harshasogala/financial-data-platform/venv/lib/python3.12/site-packages/airflow/example_dags/example_trigger_controller_dag.py
[2026-03-13T22:56:17.872+0100] {logging_mixin.py:188} INFO - [2026-03-13T22:56:17.872+0100] {dag.py:3089} INFO - Sync 1 DAGs
[2026-03-13T22:56:17.881+0100] {logging_mixin.py:188} INFO - [2026-03-13T22:56:17.881+0100] {dag.py:3947} INFO - Setting next_dagrun for example_trigger_controller_dag to 2021-01-01 00:00:00+00:00, run_after=2021-01-01 00:00:00+00:00
[2026-03-13T22:56:17.892+0100] {processor.py:183} INFO - Processing /Users/harshasogala/financial-data-platform/venv/lib/python3.12/site-packages/airflow/example_dags/example_trigger_controller_dag.py took 0.088 seconds
[2026-03-13T22:57:36.997+0100] {processor.py:161} INFO - Started process (PID=72673) to work on /Users/harshasogala/financial-data-platform/venv/lib/python3.12/site-packages/airflow/example_dags/example_trigger_controller_dag.py
[2026-03-13T22:57:36.997+0100] {processor.py:830} INFO - Processing file /Users/harshasogala/financial-data-platform/venv/lib/python3.12/site-packages/airflow/example_dags/example_trigger_controller_dag.py for tasks to queue
[2026-03-13T22:57:36.998+0100] {logging_mixin.py:188} INFO - [2026-03-13T22:57:36.998+0100] {dagbag.py:545} INFO - Filling up the DagBag from /Users/harshasogala/financial-data-platform/venv/lib/python3.12/site-packages/airflow/example_dags/example_trigger_controller_dag.py
[2026-03-13T22:57:37.005+0100] {processor.py:840} INFO - DAG(s) 'example_trigger_controller_dag' retrieved from /Users/harshasogala/financial-data-platform/venv/lib/python3.12/site-packages/airflow/example_dags/example_trigger_controller_dag.py
[2026-03-13T22:57:37.056+0100] {logging_mixin.py:188} INFO - [2026-03-13T22:57:37.056+0100] {dag.py:3089} INFO - Sync 1 DAGs
[2026-03-13T22:57:37.065+0100] {logging_mixin.py:188} INFO - [2026-03-13T22:57:37.065+0100] {dag.py:3947} INFO - Setting next_dagrun for example_trigger_controller_dag to 2021-01-01 00:00:00+00:00, run_after=2021-01-01 00:00:00+00:00
[2026-03-13T22:57:37.075+0100] {processor.py:183} INFO - Processing /Users/harshasogala/financial-data-platform/venv/lib/python3.12/site-packages/airflow/example_dags/example_trigger_controller_dag.py took 0.081 seconds
[2026-03-13T22:59:00.735+0100] {processor.py:161} INFO - Started process (PID=72749) to work on /Users/harshasogala/financial-data-platform/venv/lib/python3.12/site-packages/airflow/example_dags/example_trigger_controller_dag.py
[2026-03-13T22:59:00.736+0100] {processor.py:830} INFO - Processing file /Users/harshasogala/financial-data-platform/venv/lib/python3.12/site-packages/airflow/example_dags/example_trigger_controller_dag.py for tasks to queue
[2026-03-13T22:59:00.736+0100] {logging_mixin.py:188} INFO - [2026-03-13T22:59:00.736+0100] {dagbag.py:545} INFO - Filling up the DagBag from /Users/harshasogala/financial-data-platform/venv/lib/python3.12/site-packages/airflow/example_dags/example_trigger_controller_dag.py
[2026-03-13T22:59:00.743+0100] {processor.py:840} INFO - DAG(s) 'example_trigger_controller_dag' retrieved from /Users/harshasogala/financial-data-platform/venv/lib/python3.12/site-packages/airflow/example_dags/example_trigger_controller_dag.py
[2026-03-13T22:59:00.794+0100] {logging_mixin.py:188} INFO - [2026-03-13T22:59:00.794+0100] {dag.py:3089} INFO - Sync 1 DAGs
[2026-03-13T22:59:00.802+0100] {logging_mixin.py:188} INFO - [2026-03-13T22:59:00.802+0100] {dag.py:3947} INFO - Setting next_dagrun for example_trigger_controller_dag to 2021-01-01 00:00:00+00:00, run_after=2021-01-01 00:00:00+00:00
[2026-03-13T22:59:00.813+0100] {processor.py:183} INFO - Processing /Users/harshasogala/financial-data-platform/venv/lib/python3.12/site-packages/airflow/example_dags/example_trigger_controller_dag.py took 0.080 seconds
[2026-03-13T23:00:17.099+0100] {processor.py:161} INFO - Started process (PID=72814) to work on /Users/harshasogala/financial-data-platform/venv/lib/python3.12/site-packages/airflow/example_dags/example_trigger_controller_dag.py
[2026-03-13T23:00:17.103+0100] {processor.py:830} INFO - Processing file /Users/harshasogala/financial-data-platform/venv/lib/python3.12/site-packages/airflow/example_dags/example_trigger_controller_dag.py for tasks to queue
[2026-03-13T23:00:17.103+0100] {logging_mixin.py:188} INFO - [2026-03-13T23:00:17.103+0100] {dagbag.py:545} INFO - Filling up the DagBag from /Users/harshasogala/financial-data-platform/venv/lib/python3.12/site-packages/airflow/example_dags/example_trigger_controller_dag.py
[2026-03-13T23:00:17.112+0100] {processor.py:840} INFO - DAG(s) 'example_trigger_controller_dag' retrieved from /Users/harshasogala/financial-data-platform/venv/lib/python3.12/site-packages/airflow/example_dags/example_trigger_controller_dag.py
[2026-03-13T23:00:17.174+0100] {logging_mixin.py:188} INFO - [2026-03-13T23:00:17.174+0100] {dag.py:3089} INFO - Sync 1 DAGs
[2026-03-13T23:00:17.183+0100] {logging_mixin.py:188} INFO - [2026-03-13T23:00:17.182+0100] {dag.py:3947} INFO - Setting next_dagrun for example_trigger_controller_dag to 2021-01-01 00:00:00+00:00, run_after=2021-01-01 00:00:00+00:00
[2026-03-13T23:00:17.197+0100] {processor.py:183} INFO - Processing /Users/harshasogala/financial-data-platform/venv/lib/python3.12/site-packages/airflow/example_dags/example_trigger_controller_dag.py took 0.101 seconds
[2026-03-13T23:01:39.264+0100] {processor.py:161} INFO - Started process (PID=72881) to work on /Users/harshasogala/financial-data-platform/venv/lib/python3.12/site-packages/airflow/example_dags/example_trigger_controller_dag.py
[2026-03-13T23:01:39.266+0100] {processor.py:830} INFO - Processing file /Users/harshasogala/financial-data-platform/venv/lib/python3.12/site-packages/airflow/example_dags/example_trigger_controller_dag.py for tasks to queue
[2026-03-13T23:01:39.266+0100] {logging_mixin.py:188} INFO - [2026-03-13T23:01:39.266+0100] {dagbag.py:545} INFO - Filling up the DagBag from /Users/harshasogala/financial-data-platform/venv/lib/python3.12/site-packages/airflow/example_dags/example_trigger_controller_dag.py
[2026-03-13T23:01:39.274+0100] {processor.py:840} INFO - DAG(s) 'example_trigger_controller_dag' retrieved from /Users/harshasogala/financial-data-platform/venv/lib/python3.12/site-packages/airflow/example_dags/example_trigger_controller_dag.py
[2026-03-13T23:01:39.328+0100] {logging_mixin.py:188} INFO - [2026-03-13T23:01:39.328+0100] {dag.py:3089} INFO - Sync 1 DAGs
[2026-03-13T23:01:39.338+0100] {logging_mixin.py:188} INFO - [2026-03-13T23:01:39.337+0100] {dag.py:3947} INFO - Setting next_dagrun for example_trigger_controller_dag to 2021-01-01 00:00:00+00:00, run_after=2021-01-01 00:00:00+00:00
[2026-03-13T23:01:39.348+0100] {processor.py:183} INFO - Processing /Users/harshasogala/financial-data-platform/venv/lib/python3.12/site-packages/airflow/example_dags/example_trigger_controller_dag.py took 0.086 seconds
[2026-03-13T23:02:55.943+0100] {processor.py:161} INFO - Started process (PID=72939) to work on /Users/harshasogala/financial-data-platform/venv/lib/python3.12/site-packages/airflow/example_dags/example_trigger_controller_dag.py
[2026-03-13T23:02:55.944+0100] {processor.py:830} INFO - Processing file /Users/harshasogala/financial-data-platform/venv/lib/python3.12/site-packages/airflow/example_dags/example_trigger_controller_dag.py for tasks to queue
[2026-03-13T23:02:55.945+0100] {logging_mixin.py:188} INFO - [2026-03-13T23:02:55.945+0100] {dagbag.py:545} INFO - Filling up the DagBag from /Users/harshasogala/financial-data-platform/venv/lib/python3.12/site-packages/airflow/example_dags/example_trigger_controller_dag.py
[2026-03-13T23:02:55.951+0100] {processor.py:840} INFO - DAG(s) 'example_trigger_controller_dag' retrieved from /Users/harshasogala/financial-data-platform/venv/lib/python3.12/site-packages/airflow/example_dags/example_trigger_controller_dag.py
[2026-03-13T23:02:56.002+0100] {logging_mixin.py:188} INFO - [2026-03-13T23:02:56.002+0100] {dag.py:3089} INFO - Sync 1 DAGs
[2026-03-13T23:02:56.010+0100] {logging_mixin.py:188} INFO - [2026-03-13T23:02:56.010+0100] {dag.py:3947} INFO - Setting next_dagrun for example_trigger_controller_dag to 2021-01-01 00:00:00+00:00, run_after=2021-01-01 00:00:00+00:00
[2026-03-13T23:02:56.020+0100] {processor.py:183} INFO - Processing /Users/harshasogala/financial-data-platform/venv/lib/python3.12/site-packages/airflow/example_dags/example_trigger_controller_dag.py took 0.079 seconds
[2026-03-13T23:04:14.941+0100] {processor.py:161} INFO - Started process (PID=73000) to work on /Users/harshasogala/financial-data-platform/venv/lib/python3.12/site-packages/airflow/example_dags/example_trigger_controller_dag.py
[2026-03-13T23:04:14.942+0100] {processor.py:830} INFO - Processing file /Users/harshasogala/financial-data-platform/venv/lib/python3.12/site-packages/airflow/example_dags/example_trigger_controller_dag.py for tasks to queue
[2026-03-13T23:04:14.943+0100] {logging_mixin.py:188} INFO - [2026-03-13T23:04:14.942+0100] {dagbag.py:545} INFO - Filling up the DagBag from /Users/harshasogala/financial-data-platform/venv/lib/python3.12/site-packages/airflow/example_dags/example_trigger_controller_dag.py
[2026-03-13T23:04:14.949+0100] {processor.py:840} INFO - DAG(s) 'example_trigger_controller_dag' retrieved from /Users/harshasogala/financial-data-platform/venv/lib/python3.12/site-packages/airflow/example_dags/example_trigger_controller_dag.py
[2026-03-13T23:04:15.000+0100] {logging_mixin.py:188} INFO - [2026-03-13T23:04:14.999+0100] {dag.py:3089} INFO - Sync 1 DAGs
[2026-03-13T23:04:15.008+0100] {logging_mixin.py:188} INFO - [2026-03-13T23:04:15.008+0100] {dag.py:3947} INFO - Setting next_dagrun for example_trigger_controller_dag to 2021-01-01 00:00:00+00:00, run_after=2021-01-01 00:00:00+00:00
[2026-03-13T23:04:15.019+0100] {processor.py:183} INFO - Processing /Users/harshasogala/financial-data-platform/venv/lib/python3.12/site-packages/airflow/example_dags/example_trigger_controller_dag.py took 0.079 seconds
[2026-03-13T23:05:32.081+0100] {processor.py:161} INFO - Started process (PID=73063) to work on /Users/harshasogala/financial-data-platform/venv/lib/python3.12/site-packages/airflow/example_dags/example_trigger_controller_dag.py
[2026-03-13T23:05:32.082+0100] {processor.py:830} INFO - Processing file /Users/harshasogala/financial-data-platform/venv/lib/python3.12/site-packages/airflow/example_dags/example_trigger_controller_dag.py for tasks to queue
[2026-03-13T23:05:32.082+0100] {logging_mixin.py:188} INFO - [2026-03-13T23:05:32.082+0100] {dagbag.py:545} INFO - Filling up the DagBag from /Users/harshasogala/financial-data-platform/venv/lib/python3.12/site-packages/airflow/example_dags/example_trigger_controller_dag.py
[2026-03-13T23:05:32.089+0100] {processor.py:840} INFO - DAG(s) 'example_trigger_controller_dag' retrieved from /Users/harshasogala/financial-data-platform/venv/lib/python3.12/site-packages/airflow/example_dags/example_trigger_controller_dag.py
[2026-03-13T23:05:32.143+0100] {logging_mixin.py:188} INFO - [2026-03-13T23:05:32.142+0100] {dag.py:3089} INFO - Sync 1 DAGs
[2026-03-13T23:05:32.153+0100] {logging_mixin.py:188} INFO - [2026-03-13T23:05:32.153+0100] {dag.py:3947} INFO - Setting next_dagrun for example_trigger_controller_dag to 2021-01-01 00:00:00+00:00, run_after=2021-01-01 00:00:00+00:00
[2026-03-13T23:05:32.165+0100] {processor.py:183} INFO - Processing /Users/harshasogala/financial-data-platform/venv/lib/python3.12/site-packages/airflow/example_dags/example_trigger_controller_dag.py took 0.086 seconds
[2026-03-13T23:06:53.282+0100] {processor.py:161} INFO - Started process (PID=73130) to work on /Users/harshasogala/financial-data-platform/venv/lib/python3.12/site-packages/airflow/example_dags/example_trigger_controller_dag.py
[2026-03-13T23:06:53.283+0100] {processor.py:830} INFO - Processing file /Users/harshasogala/financial-data-platform/venv/lib/python3.12/site-packages/airflow/example_dags/example_trigger_controller_dag.py for tasks to queue
[2026-03-13T23:06:53.284+0100] {logging_mixin.py:188} INFO - [2026-03-13T23:06:53.284+0100] {dagbag.py:545} INFO - Filling up the DagBag from /Users/harshasogala/financial-data-platform/venv/lib/python3.12/site-packages/airflow/example_dags/example_trigger_controller_dag.py
[2026-03-13T23:06:53.290+0100] {processor.py:840} INFO - DAG(s) 'example_trigger_controller_dag' retrieved from /Users/harshasogala/financial-data-platform/venv/lib/python3.12/site-packages/airflow/example_dags/example_trigger_controller_dag.py
[2026-03-13T23:06:53.342+0100] {logging_mixin.py:188} INFO - [2026-03-13T23:06:53.341+0100] {dag.py:3089} INFO - Sync 1 DAGs
[2026-03-13T23:06:53.351+0100] {logging_mixin.py:188} INFO - [2026-03-13T23:06:53.351+0100] {dag.py:3947} INFO - Setting next_dagrun for example_trigger_controller_dag to 2021-01-01 00:00:00+00:00, run_after=2021-01-01 00:00:00+00:00
[2026-03-13T23:06:53.362+0100] {processor.py:183} INFO - Processing /Users/harshasogala/financial-data-platform/venv/lib/python3.12/site-packages/airflow/example_dags/example_trigger_controller_dag.py took 0.082 seconds
[2026-03-13T23:08:12.484+0100] {processor.py:161} INFO - Started process (PID=73193) to work on /Users/harshasogala/financial-data-platform/venv/lib/python3.12/site-packages/airflow/example_dags/example_trigger_controller_dag.py
[2026-03-13T23:08:12.487+0100] {processor.py:830} INFO - Processing file /Users/harshasogala/financial-data-platform/venv/lib/python3.12/site-packages/airflow/example_dags/example_trigger_controller_dag.py for tasks to queue
[2026-03-13T23:08:12.488+0100] {logging_mixin.py:188} INFO - [2026-03-13T23:08:12.488+0100] {dagbag.py:545} INFO - Filling up the DagBag from /Users/harshasogala/financial-data-platform/venv/lib/python3.12/site-packages/airflow/example_dags/example_trigger_controller_dag.py
[2026-03-13T23:08:12.498+0100] {processor.py:840} INFO - DAG(s) 'example_trigger_controller_dag' retrieved from /Users/harshasogala/financial-data-platform/venv/lib/python3.12/site-packages/airflow/example_dags/example_trigger_controller_dag.py
[2026-03-13T23:08:12.581+0100] {logging_mixin.py:188} INFO - [2026-03-13T23:08:12.580+0100] {dag.py:3089} INFO - Sync 1 DAGs
[2026-03-13T23:08:12.595+0100] {logging_mixin.py:188} INFO - [2026-03-13T23:08:12.595+0100] {dag.py:3947} INFO - Setting next_dagrun for example_trigger_controller_dag to 2021-01-01 00:00:00+00:00, run_after=2021-01-01 00:00:00+00:00
[2026-03-13T23:08:12.611+0100] {processor.py:183} INFO - Processing /Users/harshasogala/financial-data-platform/venv/lib/python3.12/site-packages/airflow/example_dags/example_trigger_controller_dag.py took 0.130 seconds
[2026-03-13T23:09:24.989+0100] {processor.py:161} INFO - Started process (PID=73252) to work on /Users/harshasogala/financial-data-platform/venv/lib/python3.12/site-packages/airflow/example_dags/example_trigger_controller_dag.py
[2026-03-13T23:09:24.990+0100] {processor.py:830} INFO - Processing file /Users/harshasogala/financial-data-platform/venv/lib/python3.12/site-packages/airflow/example_dags/example_trigger_controller_dag.py for tasks to queue
[2026-03-13T23:09:24.991+0100] {logging_mixin.py:188} INFO - [2026-03-13T23:09:24.990+0100] {dagbag.py:545} INFO - Filling up the DagBag from /Users/harshasogala/financial-data-platform/venv/lib/python3.12/site-packages/airflow/example_dags/example_trigger_controller_dag.py
[2026-03-13T23:09:24.998+0100] {processor.py:840} INFO - DAG(s) 'example_trigger_controller_dag' retrieved from /Users/harshasogala/financial-data-platform/venv/lib/python3.12/site-packages/airflow/example_dags/example_trigger_controller_dag.py
[2026-03-13T23:09:25.049+0100] {logging_mixin.py:188} INFO - [2026-03-13T23:09:25.049+0100] {dag.py:3089} INFO - Sync 1 DAGs
[2026-03-13T23:09:25.057+0100] {logging_mixin.py:188} INFO - [2026-03-13T23:09:25.057+0100] {dag.py:3947} INFO - Setting next_dagrun for example_trigger_controller_dag to 2021-01-01 00:00:00+00:00, run_after=2021-01-01 00:00:00+00:00
[2026-03-13T23:09:25.068+0100] {processor.py:183} INFO - Processing /Users/harshasogala/financial-data-platform/venv/lib/python3.12/site-packages/airflow/example_dags/example_trigger_controller_dag.py took 0.081 seconds
[2026-03-13T23:10:38.086+0100] {processor.py:161} INFO - Started process (PID=73309) to work on /Users/harshasogala/financial-data-platform/venv/lib/python3.12/site-packages/airflow/example_dags/example_trigger_controller_dag.py
[2026-03-13T23:10:38.087+0100] {processor.py:830} INFO - Processing file /Users/harshasogala/financial-data-platform/venv/lib/python3.12/site-packages/airflow/example_dags/example_trigger_controller_dag.py for tasks to queue
[2026-03-13T23:10:38.087+0100] {logging_mixin.py:188} INFO - [2026-03-13T23:10:38.087+0100] {dagbag.py:545} INFO - Filling up the DagBag from /Users/harshasogala/financial-data-platform/venv/lib/python3.12/site-packages/airflow/example_dags/example_trigger_controller_dag.py
[2026-03-13T23:10:38.094+0100] {processor.py:840} INFO - DAG(s) 'example_trigger_controller_dag' retrieved from /Users/harshasogala/financial-data-platform/venv/lib/python3.12/site-packages/airflow/example_dags/example_trigger_controller_dag.py
[2026-03-13T23:10:38.144+0100] {logging_mixin.py:188} INFO - [2026-03-13T23:10:38.143+0100] {dag.py:3089} INFO - Sync 1 DAGs
[2026-03-13T23:10:38.152+0100] {logging_mixin.py:188} INFO - [2026-03-13T23:10:38.152+0100] {dag.py:3947} INFO - Setting next_dagrun for example_trigger_controller_dag to 2021-01-01 00:00:00+00:00, run_after=2021-01-01 00:00:00+00:00
[2026-03-13T23:10:38.162+0100] {processor.py:183} INFO - Processing /Users/harshasogala/financial-data-platform/venv/lib/python3.12/site-packages/airflow/example_dags/example_trigger_controller_dag.py took 0.078 seconds
[2026-03-13T23:11:51.424+0100] {processor.py:161} INFO - Started process (PID=73378) to work on /Users/harshasogala/financial-data-platform/venv/lib/python3.12/site-packages/airflow/example_dags/example_trigger_controller_dag.py
[2026-03-13T23:11:51.425+0100] {processor.py:830} INFO - Processing file /Users/harshasogala/financial-data-platform/venv/lib/python3.12/site-packages/airflow/example_dags/example_trigger_controller_dag.py for tasks to queue
[2026-03-13T23:11:51.426+0100] {logging_mixin.py:188} INFO - [2026-03-13T23:11:51.426+0100] {dagbag.py:545} INFO - Filling up the DagBag from /Users/harshasogala/financial-data-platform/venv/lib/python3.12/site-packages/airflow/example_dags/example_trigger_controller_dag.py
[2026-03-13T23:11:51.432+0100] {processor.py:840} INFO - DAG(s) 'example_trigger_controller_dag' retrieved from /Users/harshasogala/financial-data-platform/venv/lib/python3.12/site-packages/airflow/example_dags/example_trigger_controller_dag.py
[2026-03-13T23:11:51.483+0100] {logging_mixin.py:188} INFO - [2026-03-13T23:11:51.483+0100] {dag.py:3089} INFO - Sync 1 DAGs
[2026-03-13T23:11:51.491+0100] {logging_mixin.py:188} INFO - [2026-03-13T23:11:51.491+0100] {dag.py:3947} INFO - Setting next_dagrun for example_trigger_controller_dag to 2021-01-01 00:00:00+00:00, run_after=2021-01-01 00:00:00+00:00
[2026-03-13T23:11:51.501+0100] {processor.py:183} INFO - Processing /Users/harshasogala/financial-data-platform/venv/lib/python3.12/site-packages/airflow/example_dags/example_trigger_controller_dag.py took 0.079 seconds
[2026-03-13T23:13:06.255+0100] {processor.py:161} INFO - Started process (PID=73436) to work on /Users/harshasogala/financial-data-platform/venv/lib/python3.12/site-packages/airflow/example_dags/example_trigger_controller_dag.py
[2026-03-13T23:13:06.257+0100] {processor.py:830} INFO - Processing file /Users/harshasogala/financial-data-platform/venv/lib/python3.12/site-packages/airflow/example_dags/example_trigger_controller_dag.py for tasks to queue
[2026-03-13T23:13:06.257+0100] {logging_mixin.py:188} INFO - [2026-03-13T23:13:06.257+0100] {dagbag.py:545} INFO - Filling up the DagBag from /Users/harshasogala/financial-data-platform/venv/lib/python3.12/site-packages/airflow/example_dags/example_trigger_controller_dag.py
[2026-03-13T23:13:06.264+0100] {processor.py:840} INFO - DAG(s) 'example_trigger_controller_dag' retrieved from /Users/harshasogala/financial-data-platform/venv/lib/python3.12/site-packages/airflow/example_dags/example_trigger_controller_dag.py
[2026-03-13T23:13:06.314+0100] {logging_mixin.py:188} INFO - [2026-03-13T23:13:06.314+0100] {dag.py:3089} INFO - Sync 1 DAGs
[2026-03-13T23:13:06.322+0100] {logging_mixin.py:188} INFO - [2026-03-13T23:13:06.322+0100] {dag.py:3947} INFO - Setting next_dagrun for example_trigger_controller_dag to 2021-01-01 00:00:00+00:00, run_after=2021-01-01 00:00:00+00:00
[2026-03-13T23:13:06.333+0100] {processor.py:183} INFO - Processing /Users/harshasogala/financial-data-platform/venv/lib/python3.12/site-packages/airflow/example_dags/example_trigger_controller_dag.py took 0.079 seconds
[2026-03-13T23:14:19.975+0100] {processor.py:161} INFO - Started process (PID=73498) to work on /Users/harshasogala/financial-data-platform/venv/lib/python3.12/site-packages/airflow/example_dags/example_trigger_controller_dag.py
[2026-03-13T23:14:19.976+0100] {processor.py:830} INFO - Processing file /Users/harshasogala/financial-data-platform/venv/lib/python3.12/site-packages/airflow/example_dags/example_trigger_controller_dag.py for tasks to queue
[2026-03-13T23:14:19.977+0100] {logging_mixin.py:188} INFO - [2026-03-13T23:14:19.977+0100] {dagbag.py:545} INFO - Filling up the DagBag from /Users/harshasogala/financial-data-platform/venv/lib/python3.12/site-packages/airflow/example_dags/example_trigger_controller_dag.py
[2026-03-13T23:14:19.984+0100] {processor.py:840} INFO - DAG(s) 'example_trigger_controller_dag' retrieved from /Users/harshasogala/financial-data-platform/venv/lib/python3.12/site-packages/airflow/example_dags/example_trigger_controller_dag.py
[2026-03-13T23:14:20.035+0100] {logging_mixin.py:188} INFO - [2026-03-13T23:14:20.034+0100] {dag.py:3089} INFO - Sync 1 DAGs
[2026-03-13T23:14:20.043+0100] {logging_mixin.py:188} INFO - [2026-03-13T23:14:20.043+0100] {dag.py:3947} INFO - Setting next_dagrun for example_trigger_controller_dag to 2021-01-01 00:00:00+00:00, run_after=2021-01-01 00:00:00+00:00
[2026-03-13T23:14:20.054+0100] {processor.py:183} INFO - Processing /Users/harshasogala/financial-data-platform/venv/lib/python3.12/site-packages/airflow/example_dags/example_trigger_controller_dag.py took 0.081 seconds
[2026-03-13T23:15:35.889+0100] {processor.py:161} INFO - Started process (PID=73558) to work on /Users/harshasogala/financial-data-platform/venv/lib/python3.12/site-packages/airflow/example_dags/example_trigger_controller_dag.py
[2026-03-13T23:15:35.889+0100] {processor.py:830} INFO - Processing file /Users/harshasogala/financial-data-platform/venv/lib/python3.12/site-packages/airflow/example_dags/example_trigger_controller_dag.py for tasks to queue
[2026-03-13T23:15:35.890+0100] {logging_mixin.py:188} INFO - [2026-03-13T23:15:35.890+0100] {dagbag.py:545} INFO - Filling up the DagBag from /Users/harshasogala/financial-data-platform/venv/lib/python3.12/site-packages/airflow/example_dags/example_trigger_controller_dag.py
[2026-03-13T23:15:35.896+0100] {processor.py:840} INFO - DAG(s) 'example_trigger_controller_dag' retrieved from /Users/harshasogala/financial-data-platform/venv/lib/python3.12/site-packages/airflow/example_dags/example_trigger_controller_dag.py
[2026-03-13T23:15:35.948+0100] {logging_mixin.py:188} INFO - [2026-03-13T23:15:35.948+0100] {dag.py:3089} INFO - Sync 1 DAGs
[2026-03-13T23:15:35.957+0100] {logging_mixin.py:188} INFO - [2026-03-13T23:15:35.957+0100] {dag.py:3947} INFO - Setting next_dagrun for example_trigger_controller_dag to 2021-01-01 00:00:00+00:00, run_after=2021-01-01 00:00:00+00:00
[2026-03-13T23:15:35.968+0100] {processor.py:183} INFO - Processing /Users/harshasogala/financial-data-platform/venv/lib/python3.12/site-packages/airflow/example_dags/example_trigger_controller_dag.py took 0.082 seconds
[2026-03-13T23:16:50.624+0100] {processor.py:161} INFO - Started process (PID=73621) to work on /Users/harshasogala/financial-data-platform/venv/lib/python3.12/site-packages/airflow/example_dags/example_trigger_controller_dag.py
[2026-03-13T23:16:50.625+0100] {processor.py:830} INFO - Processing file /Users/harshasogala/financial-data-platform/venv/lib/python3.12/site-packages/airflow/example_dags/example_trigger_controller_dag.py for tasks to queue
[2026-03-13T23:16:50.625+0100] {logging_mixin.py:188} INFO - [2026-03-13T23:16:50.625+0100] {dagbag.py:545} INFO - Filling up the DagBag from /Users/harshasogala/financial-data-platform/venv/lib/python3.12/site-packages/airflow/example_dags/example_trigger_controller_dag.py
[2026-03-13T23:16:50.632+0100] {processor.py:840} INFO - DAG(s) 'example_trigger_controller_dag' retrieved from /Users/harshasogala/financial-data-platform/venv/lib/python3.12/site-packages/airflow/example_dags/example_trigger_controller_dag.py
[2026-03-13T23:16:50.682+0100] {logging_mixin.py:188} INFO - [2026-03-13T23:16:50.682+0100] {dag.py:3089} INFO - Sync 1 DAGs
[2026-03-13T23:16:50.690+0100] {logging_mixin.py:188} INFO - [2026-03-13T23:16:50.690+0100] {dag.py:3947} INFO - Setting next_dagrun for example_trigger_controller_dag to 2021-01-01 00:00:00+00:00, run_after=2021-01-01 00:00:00+00:00
[2026-03-13T23:16:50.701+0100] {processor.py:183} INFO - Processing /Users/harshasogala/financial-data-platform/venv/lib/python3.12/site-packages/airflow/example_dags/example_trigger_controller_dag.py took 0.078 seconds
[2026-03-13T23:18:08.421+0100] {processor.py:161} INFO - Started process (PID=73688) to work on /Users/harshasogala/financial-data-platform/venv/lib/python3.12/site-packages/airflow/example_dags/example_trigger_controller_dag.py
[2026-03-13T23:18:08.422+0100] {processor.py:830} INFO - Processing file /Users/harshasogala/financial-data-platform/venv/lib/python3.12/site-packages/airflow/example_dags/example_trigger_controller_dag.py for tasks to queue
[2026-03-13T23:18:08.422+0100] {logging_mixin.py:188} INFO - [2026-03-13T23:18:08.422+0100] {dagbag.py:545} INFO - Filling up the DagBag from /Users/harshasogala/financial-data-platform/venv/lib/python3.12/site-packages/airflow/example_dags/example_trigger_controller_dag.py
[2026-03-13T23:18:08.429+0100] {processor.py:840} INFO - DAG(s) 'example_trigger_controller_dag' retrieved from /Users/harshasogala/financial-data-platform/venv/lib/python3.12/site-packages/airflow/example_dags/example_trigger_controller_dag.py
[2026-03-13T23:18:08.479+0100] {logging_mixin.py:188} INFO - [2026-03-13T23:18:08.479+0100] {dag.py:3089} INFO - Sync 1 DAGs
[2026-03-13T23:18:08.488+0100] {logging_mixin.py:188} INFO - [2026-03-13T23:18:08.487+0100] {dag.py:3947} INFO - Setting next_dagrun for example_trigger_controller_dag to 2021-01-01 00:00:00+00:00, run_after=2021-01-01 00:00:00+00:00
[2026-03-13T23:18:08.498+0100] {processor.py:183} INFO - Processing /Users/harshasogala/financial-data-platform/venv/lib/python3.12/site-packages/airflow/example_dags/example_trigger_controller_dag.py took 0.079 seconds
[2026-03-13T23:19:23.466+0100] {processor.py:161} INFO - Started process (PID=73748) to work on /Users/harshasogala/financial-data-platform/venv/lib/python3.12/site-packages/airflow/example_dags/example_trigger_controller_dag.py
[2026-03-13T23:19:23.467+0100] {processor.py:830} INFO - Processing file /Users/harshasogala/financial-data-platform/venv/lib/python3.12/site-packages/airflow/example_dags/example_trigger_controller_dag.py for tasks to queue
[2026-03-13T23:19:23.468+0100] {logging_mixin.py:188} INFO - [2026-03-13T23:19:23.468+0100] {dagbag.py:545} INFO - Filling up the DagBag from /Users/harshasogala/financial-data-platform/venv/lib/python3.12/site-packages/airflow/example_dags/example_trigger_controller_dag.py
[2026-03-13T23:19:23.478+0100] {processor.py:840} INFO - DAG(s) 'example_trigger_controller_dag' retrieved from /Users/harshasogala/financial-data-platform/venv/lib/python3.12/site-packages/airflow/example_dags/example_trigger_controller_dag.py
[2026-03-13T23:19:23.552+0100] {logging_mixin.py:188} INFO - [2026-03-13T23:19:23.552+0100] {dag.py:3089} INFO - Sync 1 DAGs
[2026-03-13T23:19:23.563+0100] {logging_mixin.py:188} INFO - [2026-03-13T23:19:23.563+0100] {dag.py:3947} INFO - Setting next_dagrun for example_trigger_controller_dag to 2021-01-01 00:00:00+00:00, run_after=2021-01-01 00:00:00+00:00
[2026-03-13T23:19:23.576+0100] {processor.py:183} INFO - Processing /Users/harshasogala/financial-data-platform/venv/lib/python3.12/site-packages/airflow/example_dags/example_trigger_controller_dag.py took 0.113 seconds
[2026-03-13T23:20:42.534+0100] {processor.py:161} INFO - Started process (PID=73814) to work on /Users/harshasogala/financial-data-platform/venv/lib/python3.12/site-packages/airflow/example_dags/example_trigger_controller_dag.py
[2026-03-13T23:20:42.535+0100] {processor.py:830} INFO - Processing file /Users/harshasogala/financial-data-platform/venv/lib/python3.12/site-packages/airflow/example_dags/example_trigger_controller_dag.py for tasks to queue
[2026-03-13T23:20:42.535+0100] {logging_mixin.py:188} INFO - [2026-03-13T23:20:42.535+0100] {dagbag.py:545} INFO - Filling up the DagBag from /Users/harshasogala/financial-data-platform/venv/lib/python3.12/site-packages/airflow/example_dags/example_trigger_controller_dag.py
[2026-03-13T23:20:42.542+0100] {processor.py:840} INFO - DAG(s) 'example_trigger_controller_dag' retrieved from /Users/harshasogala/financial-data-platform/venv/lib/python3.12/site-packages/airflow/example_dags/example_trigger_controller_dag.py
[2026-03-13T23:20:42.592+0100] {logging_mixin.py:188} INFO - [2026-03-13T23:20:42.592+0100] {dag.py:3089} INFO - Sync 1 DAGs
[2026-03-13T23:20:42.601+0100] {logging_mixin.py:188} INFO - [2026-03-13T23:20:42.601+0100] {dag.py:3947} INFO - Setting next_dagrun for example_trigger_controller_dag to 2021-01-01 00:00:00+00:00, run_after=2021-01-01 00:00:00+00:00
[2026-03-13T23:20:42.611+0100] {processor.py:183} INFO - Processing /Users/harshasogala/financial-data-platform/venv/lib/python3.12/site-packages/airflow/example_dags/example_trigger_controller_dag.py took 0.079 seconds
[2026-03-13T23:21:55.902+0100] {processor.py:161} INFO - Started process (PID=73897) to work on /Users/harshasogala/financial-data-platform/venv/lib/python3.12/site-packages/airflow/example_dags/example_trigger_controller_dag.py
[2026-03-13T23:21:55.903+0100] {processor.py:830} INFO - Processing file /Users/harshasogala/financial-data-platform/venv/lib/python3.12/site-packages/airflow/example_dags/example_trigger_controller_dag.py for tasks to queue
[2026-03-13T23:21:55.904+0100] {logging_mixin.py:188} INFO - [2026-03-13T23:21:55.904+0100] {dagbag.py:545} INFO - Filling up the DagBag from /Users/harshasogala/financial-data-platform/venv/lib/python3.12/site-packages/airflow/example_dags/example_trigger_controller_dag.py
[2026-03-13T23:21:55.911+0100] {processor.py:840} INFO - DAG(s) 'example_trigger_controller_dag' retrieved from /Users/harshasogala/financial-data-platform/venv/lib/python3.12/site-packages/airflow/example_dags/example_trigger_controller_dag.py
[2026-03-13T23:21:55.964+0100] {logging_mixin.py:188} INFO - [2026-03-13T23:21:55.963+0100] {dag.py:3089} INFO - Sync 1 DAGs
[2026-03-13T23:21:55.972+0100] {logging_mixin.py:188} INFO - [2026-03-13T23:21:55.972+0100] {dag.py:3947} INFO - Setting next_dagrun for example_trigger_controller_dag to 2021-01-01 00:00:00+00:00, run_after=2021-01-01 00:00:00+00:00
[2026-03-13T23:21:55.985+0100] {processor.py:183} INFO - Processing /Users/harshasogala/financial-data-platform/venv/lib/python3.12/site-packages/airflow/example_dags/example_trigger_controller_dag.py took 0.085 seconds
[2026-03-13T23:23:10.666+0100] {processor.py:161} INFO - Started process (PID=73959) to work on /Users/harshasogala/financial-data-platform/venv/lib/python3.12/site-packages/airflow/example_dags/example_trigger_controller_dag.py
[2026-03-13T23:23:10.667+0100] {processor.py:830} INFO - Processing file /Users/harshasogala/financial-data-platform/venv/lib/python3.12/site-packages/airflow/example_dags/example_trigger_controller_dag.py for tasks to queue
[2026-03-13T23:23:10.668+0100] {logging_mixin.py:188} INFO - [2026-03-13T23:23:10.668+0100] {dagbag.py:545} INFO - Filling up the DagBag from /Users/harshasogala/financial-data-platform/venv/lib/python3.12/site-packages/airflow/example_dags/example_trigger_controller_dag.py
[2026-03-13T23:23:10.674+0100] {processor.py:840} INFO - DAG(s) 'example_trigger_controller_dag' retrieved from /Users/harshasogala/financial-data-platform/venv/lib/python3.12/site-packages/airflow/example_dags/example_trigger_controller_dag.py
[2026-03-13T23:23:10.724+0100] {logging_mixin.py:188} INFO - [2026-03-13T23:23:10.724+0100] {dag.py:3089} INFO - Sync 1 DAGs
[2026-03-13T23:23:10.732+0100] {logging_mixin.py:188} INFO - [2026-03-13T23:23:10.732+0100] {dag.py:3947} INFO - Setting next_dagrun for example_trigger_controller_dag to 2021-01-01 00:00:00+00:00, run_after=2021-01-01 00:00:00+00:00
[2026-03-13T23:23:10.748+0100] {processor.py:183} INFO - Processing /Users/harshasogala/financial-data-platform/venv/lib/python3.12/site-packages/airflow/example_dags/example_trigger_controller_dag.py took 0.084 seconds
[2026-03-13T23:24:22.261+0100] {processor.py:161} INFO - Started process (PID=74019) to work on /Users/harshasogala/financial-data-platform/venv/lib/python3.12/site-packages/airflow/example_dags/example_trigger_controller_dag.py
[2026-03-13T23:24:22.262+0100] {processor.py:830} INFO - Processing file /Users/harshasogala/financial-data-platform/venv/lib/python3.12/site-packages/airflow/example_dags/example_trigger_controller_dag.py for tasks to queue
[2026-03-13T23:24:22.262+0100] {logging_mixin.py:188} INFO - [2026-03-13T23:24:22.262+0100] {dagbag.py:545} INFO - Filling up the DagBag from /Users/harshasogala/financial-data-platform/venv/lib/python3.12/site-packages/airflow/example_dags/example_trigger_controller_dag.py
[2026-03-13T23:24:22.269+0100] {processor.py:840} INFO - DAG(s) 'example_trigger_controller_dag' retrieved from /Users/harshasogala/financial-data-platform/venv/lib/python3.12/site-packages/airflow/example_dags/example_trigger_controller_dag.py
[2026-03-13T23:24:22.321+0100] {logging_mixin.py:188} INFO - [2026-03-13T23:24:22.321+0100] {dag.py:3089} INFO - Sync 1 DAGs
[2026-03-13T23:24:22.329+0100] {logging_mixin.py:188} INFO - [2026-03-13T23:24:22.329+0100] {dag.py:3947} INFO - Setting next_dagrun for example_trigger_controller_dag to 2021-01-01 00:00:00+00:00, run_after=2021-01-01 00:00:00+00:00
[2026-03-13T23:24:22.341+0100] {processor.py:183} INFO - Processing /Users/harshasogala/financial-data-platform/venv/lib/python3.12/site-packages/airflow/example_dags/example_trigger_controller_dag.py took 0.082 seconds
[2026-03-13T23:25:44.004+0100] {processor.py:161} INFO - Started process (PID=74079) to work on /Users/harshasogala/financial-data-platform/venv/lib/python3.12/site-packages/airflow/example_dags/example_trigger_controller_dag.py
[2026-03-13T23:25:44.005+0100] {processor.py:830} INFO - Processing file /Users/harshasogala/financial-data-platform/venv/lib/python3.12/site-packages/airflow/example_dags/example_trigger_controller_dag.py for tasks to queue
[2026-03-13T23:25:44.006+0100] {logging_mixin.py:188} INFO - [2026-03-13T23:25:44.006+0100] {dagbag.py:545} INFO - Filling up the DagBag from /Users/harshasogala/financial-data-platform/venv/lib/python3.12/site-packages/airflow/example_dags/example_trigger_controller_dag.py
[2026-03-13T23:25:44.012+0100] {processor.py:840} INFO - DAG(s) 'example_trigger_controller_dag' retrieved from /Users/harshasogala/financial-data-platform/venv/lib/python3.12/site-packages/airflow/example_dags/example_trigger_controller_dag.py
[2026-03-13T23:25:44.063+0100] {logging_mixin.py:188} INFO - [2026-03-13T23:25:44.063+0100] {dag.py:3089} INFO - Sync 1 DAGs
[2026-03-13T23:25:44.072+0100] {logging_mixin.py:188} INFO - [2026-03-13T23:25:44.071+0100] {dag.py:3947} INFO - Setting next_dagrun for example_trigger_controller_dag to 2021-01-01 00:00:00+00:00, run_after=2021-01-01 00:00:00+00:00
[2026-03-13T23:25:44.082+0100] {processor.py:183} INFO - Processing /Users/harshasogala/financial-data-platform/venv/lib/python3.12/site-packages/airflow/example_dags/example_trigger_controller_dag.py took 0.080 seconds
[2026-03-13T23:26:55.920+0100] {processor.py:161} INFO - Started process (PID=74143) to work on /Users/harshasogala/financial-data-platform/venv/lib/python3.12/site-packages/airflow/example_dags/example_trigger_controller_dag.py
[2026-03-13T23:26:55.922+0100] {processor.py:830} INFO - Processing file /Users/harshasogala/financial-data-platform/venv/lib/python3.12/site-packages/airflow/example_dags/example_trigger_controller_dag.py for tasks to queue
[2026-03-13T23:26:55.922+0100] {logging_mixin.py:188} INFO - [2026-03-13T23:26:55.922+0100] {dagbag.py:545} INFO - Filling up the DagBag from /Users/harshasogala/financial-data-platform/venv/lib/python3.12/site-packages/airflow/example_dags/example_trigger_controller_dag.py
[2026-03-13T23:26:55.929+0100] {processor.py:840} INFO - DAG(s) 'example_trigger_controller_dag' retrieved from /Users/harshasogala/financial-data-platform/venv/lib/python3.12/site-packages/airflow/example_dags/example_trigger_controller_dag.py
[2026-03-13T23:26:55.979+0100] {logging_mixin.py:188} INFO - [2026-03-13T23:26:55.979+0100] {dag.py:3089} INFO - Sync 1 DAGs
[2026-03-13T23:26:55.988+0100] {logging_mixin.py:188} INFO - [2026-03-13T23:26:55.987+0100] {dag.py:3947} INFO - Setting next_dagrun for example_trigger_controller_dag to 2021-01-01 00:00:00+00:00, run_after=2021-01-01 00:00:00+00:00
[2026-03-13T23:26:55.998+0100] {processor.py:183} INFO - Processing /Users/harshasogala/financial-data-platform/venv/lib/python3.12/site-packages/airflow/example_dags/example_trigger_controller_dag.py took 0.080 seconds
[2026-03-13T23:28:18.119+0100] {processor.py:161} INFO - Started process (PID=74238) to work on /Users/harshasogala/financial-data-platform/venv/lib/python3.12/site-packages/airflow/example_dags/example_trigger_controller_dag.py
[2026-03-13T23:28:18.121+0100] {processor.py:830} INFO - Processing file /Users/harshasogala/financial-data-platform/venv/lib/python3.12/site-packages/airflow/example_dags/example_trigger_controller_dag.py for tasks to queue
[2026-03-13T23:28:18.121+0100] {logging_mixin.py:188} INFO - [2026-03-13T23:28:18.121+0100] {dagbag.py:545} INFO - Filling up the DagBag from /Users/harshasogala/financial-data-platform/venv/lib/python3.12/site-packages/airflow/example_dags/example_trigger_controller_dag.py
[2026-03-13T23:28:18.128+0100] {processor.py:840} INFO - DAG(s) 'example_trigger_controller_dag' retrieved from /Users/harshasogala/financial-data-platform/venv/lib/python3.12/site-packages/airflow/example_dags/example_trigger_controller_dag.py
[2026-03-13T23:28:18.178+0100] {logging_mixin.py:188} INFO - [2026-03-13T23:28:18.178+0100] {dag.py:3089} INFO - Sync 1 DAGs
[2026-03-13T23:28:18.187+0100] {logging_mixin.py:188} INFO - [2026-03-13T23:28:18.187+0100] {dag.py:3947} INFO - Setting next_dagrun for example_trigger_controller_dag to 2021-01-01 00:00:00+00:00, run_after=2021-01-01 00:00:00+00:00
[2026-03-13T23:28:18.197+0100] {processor.py:183} INFO - Processing /Users/harshasogala/financial-data-platform/venv/lib/python3.12/site-packages/airflow/example_dags/example_trigger_controller_dag.py took 0.079 seconds
[2026-03-13T23:29:32.461+0100] {processor.py:161} INFO - Started process (PID=74299) to work on /Users/harshasogala/financial-data-platform/venv/lib/python3.12/site-packages/airflow/example_dags/example_trigger_controller_dag.py
[2026-03-13T23:29:32.461+0100] {processor.py:830} INFO - Processing file /Users/harshasogala/financial-data-platform/venv/lib/python3.12/site-packages/airflow/example_dags/example_trigger_controller_dag.py for tasks to queue
[2026-03-13T23:29:32.462+0100] {logging_mixin.py:188} INFO - [2026-03-13T23:29:32.462+0100] {dagbag.py:545} INFO - Filling up the DagBag from /Users/harshasogala/financial-data-platform/venv/lib/python3.12/site-packages/airflow/example_dags/example_trigger_controller_dag.py
[2026-03-13T23:29:32.469+0100] {processor.py:840} INFO - DAG(s) 'example_trigger_controller_dag' retrieved from /Users/harshasogala/financial-data-platform/venv/lib/python3.12/site-packages/airflow/example_dags/example_trigger_controller_dag.py
[2026-03-13T23:29:32.519+0100] {logging_mixin.py:188} INFO - [2026-03-13T23:29:32.519+0100] {dag.py:3089} INFO - Sync 1 DAGs
[2026-03-13T23:29:32.527+0100] {logging_mixin.py:188} INFO - [2026-03-13T23:29:32.527+0100] {dag.py:3947} INFO - Setting next_dagrun for example_trigger_controller_dag to 2021-01-01 00:00:00+00:00, run_after=2021-01-01 00:00:00+00:00
[2026-03-13T23:29:32.537+0100] {processor.py:183} INFO - Processing /Users/harshasogala/financial-data-platform/venv/lib/python3.12/site-packages/airflow/example_dags/example_trigger_controller_dag.py took 0.079 seconds
[2026-03-13T23:30:51.352+0100] {processor.py:161} INFO - Started process (PID=74393) to work on /Users/harshasogala/financial-data-platform/venv/lib/python3.12/site-packages/airflow/example_dags/example_trigger_controller_dag.py
[2026-03-13T23:30:51.353+0100] {processor.py:830} INFO - Processing file /Users/harshasogala/financial-data-platform/venv/lib/python3.12/site-packages/airflow/example_dags/example_trigger_controller_dag.py for tasks to queue
[2026-03-13T23:30:51.354+0100] {logging_mixin.py:188} INFO - [2026-03-13T23:30:51.353+0100] {dagbag.py:545} INFO - Filling up the DagBag from /Users/harshasogala/financial-data-platform/venv/lib/python3.12/site-packages/airflow/example_dags/example_trigger_controller_dag.py
[2026-03-13T23:30:51.360+0100] {processor.py:840} INFO - DAG(s) 'example_trigger_controller_dag' retrieved from /Users/harshasogala/financial-data-platform/venv/lib/python3.12/site-packages/airflow/example_dags/example_trigger_controller_dag.py
[2026-03-13T23:30:51.412+0100] {logging_mixin.py:188} INFO - [2026-03-13T23:30:51.411+0100] {dag.py:3089} INFO - Sync 1 DAGs
[2026-03-13T23:30:51.420+0100] {logging_mixin.py:188} INFO - [2026-03-13T23:30:51.420+0100] {dag.py:3947} INFO - Setting next_dagrun for example_trigger_controller_dag to 2021-01-01 00:00:00+00:00, run_after=2021-01-01 00:00:00+00:00
[2026-03-13T23:30:51.432+0100] {processor.py:183} INFO - Processing /Users/harshasogala/financial-data-platform/venv/lib/python3.12/site-packages/airflow/example_dags/example_trigger_controller_dag.py took 0.082 seconds
[2026-03-13T23:32:07.436+0100] {processor.py:161} INFO - Started process (PID=74824) to work on /Users/harshasogala/financial-data-platform/venv/lib/python3.12/site-packages/airflow/example_dags/example_trigger_controller_dag.py
[2026-03-13T23:32:07.438+0100] {processor.py:830} INFO - Processing file /Users/harshasogala/financial-data-platform/venv/lib/python3.12/site-packages/airflow/example_dags/example_trigger_controller_dag.py for tasks to queue
[2026-03-13T23:32:07.438+0100] {logging_mixin.py:188} INFO - [2026-03-13T23:32:07.438+0100] {dagbag.py:545} INFO - Filling up the DagBag from /Users/harshasogala/financial-data-platform/venv/lib/python3.12/site-packages/airflow/example_dags/example_trigger_controller_dag.py
[2026-03-13T23:32:07.445+0100] {processor.py:840} INFO - DAG(s) 'example_trigger_controller_dag' retrieved from /Users/harshasogala/financial-data-platform/venv/lib/python3.12/site-packages/airflow/example_dags/example_trigger_controller_dag.py
[2026-03-13T23:32:07.496+0100] {logging_mixin.py:188} INFO - [2026-03-13T23:32:07.496+0100] {dag.py:3089} INFO - Sync 1 DAGs
[2026-03-13T23:32:07.504+0100] {logging_mixin.py:188} INFO - [2026-03-13T23:32:07.504+0100] {dag.py:3947} INFO - Setting next_dagrun for example_trigger_controller_dag to 2021-01-01 00:00:00+00:00, run_after=2021-01-01 00:00:00+00:00
[2026-03-13T23:32:07.515+0100] {processor.py:183} INFO - Processing /Users/harshasogala/financial-data-platform/venv/lib/python3.12/site-packages/airflow/example_dags/example_trigger_controller_dag.py took 0.081 seconds
[2026-03-13T23:33:26.726+0100] {processor.py:161} INFO - Started process (PID=75017) to work on /Users/harshasogala/financial-data-platform/venv/lib/python3.12/site-packages/airflow/example_dags/example_trigger_controller_dag.py
[2026-03-13T23:33:26.727+0100] {processor.py:830} INFO - Processing file /Users/harshasogala/financial-data-platform/venv/lib/python3.12/site-packages/airflow/example_dags/example_trigger_controller_dag.py for tasks to queue
[2026-03-13T23:33:26.727+0100] {logging_mixin.py:188} INFO - [2026-03-13T23:33:26.727+0100] {dagbag.py:545} INFO - Filling up the DagBag from /Users/harshasogala/financial-data-platform/venv/lib/python3.12/site-packages/airflow/example_dags/example_trigger_controller_dag.py
[2026-03-13T23:33:26.734+0100] {processor.py:840} INFO - DAG(s) 'example_trigger_controller_dag' retrieved from /Users/harshasogala/financial-data-platform/venv/lib/python3.12/site-packages/airflow/example_dags/example_trigger_controller_dag.py
[2026-03-13T23:33:26.786+0100] {logging_mixin.py:188} INFO - [2026-03-13T23:33:26.785+0100] {dag.py:3089} INFO - Sync 1 DAGs
[2026-03-13T23:33:26.794+0100] {logging_mixin.py:188} INFO - [2026-03-13T23:33:26.794+0100] {dag.py:3947} INFO - Setting next_dagrun for example_trigger_controller_dag to 2021-01-01 00:00:00+00:00, run_after=2021-01-01 00:00:00+00:00
[2026-03-13T23:33:26.804+0100] {processor.py:183} INFO - Processing /Users/harshasogala/financial-data-platform/venv/lib/python3.12/site-packages/airflow/example_dags/example_trigger_controller_dag.py took 0.080 seconds
