[2026-03-13T22:17:53.010+0100] {processor.py:161} INFO - Started process (PID=65351) to work on /Users/harshasogala/financial-data-platform/venv/lib/python3.12/site-packages/airflow/example_dags/tutorial_taskflow_api.py
[2026-03-13T22:17:53.011+0100] {processor.py:830} INFO - Processing file /Users/harshasogala/financial-data-platform/venv/lib/python3.12/site-packages/airflow/example_dags/tutorial_taskflow_api.py for tasks to queue
[2026-03-13T22:17:53.012+0100] {logging_mixin.py:188} INFO - [2026-03-13T22:17:53.011+0100] {dagbag.py:545} INFO - Filling up the DagBag from /Users/harshasogala/financial-data-platform/venv/lib/python3.12/site-packages/airflow/example_dags/tutorial_taskflow_api.py
[2026-03-13T22:17:53.036+0100] {processor.py:840} INFO - DAG(s) 'tutorial_taskflow_api' retrieved from /Users/harshasogala/financial-data-platform/venv/lib/python3.12/site-packages/airflow/example_dags/tutorial_taskflow_api.py
[2026-03-13T22:17:53.145+0100] {logging_mixin.py:188} INFO - [2026-03-13T22:17:53.145+0100] {override.py:1858} INFO - Created Permission View: can read on DAG:tutorial_taskflow_api
[2026-03-13T22:17:53.149+0100] {logging_mixin.py:188} INFO - [2026-03-13T22:17:53.149+0100] {override.py:1858} INFO - Created Permission View: can delete on DAG:tutorial_taskflow_api
[2026-03-13T22:17:53.152+0100] {logging_mixin.py:188} INFO - [2026-03-13T22:17:53.152+0100] {override.py:1858} INFO - Created Permission View: can edit on DAG:tutorial_taskflow_api
[2026-03-13T22:17:53.153+0100] {logging_mixin.py:188} INFO - [2026-03-13T22:17:53.152+0100] {dag.py:3089} INFO - Sync 1 DAGs
[2026-03-13T22:17:53.158+0100] {logging_mixin.py:188} INFO - [2026-03-13T22:17:53.158+0100] {dag.py:3111} INFO - Creating ORM DAG for tutorial_taskflow_api
[2026-03-13T22:17:53.158+0100] {logging_mixin.py:188} INFO - [2026-03-13T22:17:53.158+0100] {dag.py:3947} INFO - Setting next_dagrun for tutorial_taskflow_api to None, run_after=None
[2026-03-13T22:17:53.169+0100] {processor.py:183} INFO - Processing /Users/harshasogala/financial-data-platform/venv/lib/python3.12/site-packages/airflow/example_dags/tutorial_taskflow_api.py took 0.161 seconds
[2026-03-13T22:19:41.322+0100] {processor.py:161} INFO - Started process (PID=66060) to work on /Users/harshasogala/financial-data-platform/venv/lib/python3.12/site-packages/airflow/example_dags/tutorial_taskflow_api.py
[2026-03-13T22:19:41.323+0100] {processor.py:830} INFO - Processing file /Users/harshasogala/financial-data-platform/venv/lib/python3.12/site-packages/airflow/example_dags/tutorial_taskflow_api.py for tasks to queue
[2026-03-13T22:19:41.323+0100] {logging_mixin.py:188} INFO - [2026-03-13T22:19:41.323+0100] {dagbag.py:545} INFO - Filling up the DagBag from /Users/harshasogala/financial-data-platform/venv/lib/python3.12/site-packages/airflow/example_dags/tutorial_taskflow_api.py
[2026-03-13T22:19:41.350+0100] {processor.py:840} INFO - DAG(s) 'tutorial_taskflow_api' retrieved from /Users/harshasogala/financial-data-platform/venv/lib/python3.12/site-packages/airflow/example_dags/tutorial_taskflow_api.py
[2026-03-13T22:19:41.409+0100] {logging_mixin.py:188} INFO - [2026-03-13T22:19:41.409+0100] {dag.py:3089} INFO - Sync 1 DAGs
[2026-03-13T22:19:41.414+0100] {logging_mixin.py:188} INFO - [2026-03-13T22:19:41.414+0100] {dag.py:3947} INFO - Setting next_dagrun for tutorial_taskflow_api to None, run_after=None
[2026-03-13T22:19:41.425+0100] {processor.py:183} INFO - Processing /Users/harshasogala/financial-data-platform/venv/lib/python3.12/site-packages/airflow/example_dags/tutorial_taskflow_api.py took 0.105 seconds
[2026-03-13T22:21:00.993+0100] {processor.py:161} INFO - Started process (PID=66126) to work on /Users/harshasogala/financial-data-platform/venv/lib/python3.12/site-packages/airflow/example_dags/tutorial_taskflow_api.py
[2026-03-13T22:21:00.994+0100] {processor.py:830} INFO - Processing file /Users/harshasogala/financial-data-platform/venv/lib/python3.12/site-packages/airflow/example_dags/tutorial_taskflow_api.py for tasks to queue
[2026-03-13T22:21:00.995+0100] {logging_mixin.py:188} INFO - [2026-03-13T22:21:00.994+0100] {dagbag.py:545} INFO - Filling up the DagBag from /Users/harshasogala/financial-data-platform/venv/lib/python3.12/site-packages/airflow/example_dags/tutorial_taskflow_api.py
[2026-03-13T22:21:01.019+0100] {processor.py:840} INFO - DAG(s) 'tutorial_taskflow_api' retrieved from /Users/harshasogala/financial-data-platform/venv/lib/python3.12/site-packages/airflow/example_dags/tutorial_taskflow_api.py
[2026-03-13T22:21:01.080+0100] {logging_mixin.py:188} INFO - [2026-03-13T22:21:01.079+0100] {dag.py:3089} INFO - Sync 1 DAGs
[2026-03-13T22:21:01.085+0100] {logging_mixin.py:188} INFO - [2026-03-13T22:21:01.085+0100] {dag.py:3947} INFO - Setting next_dagrun for tutorial_taskflow_api to None, run_after=None
[2026-03-13T22:21:01.096+0100] {processor.py:183} INFO - Processing /Users/harshasogala/financial-data-platform/venv/lib/python3.12/site-packages/airflow/example_dags/tutorial_taskflow_api.py took 0.104 seconds
[2026-03-13T22:25:25.857+0100] {processor.py:161} INFO - Started process (PID=66831) to work on /Users/harshasogala/financial-data-platform/venv/lib/python3.12/site-packages/airflow/example_dags/tutorial_taskflow_api.py
[2026-03-13T22:25:25.858+0100] {processor.py:830} INFO - Processing file /Users/harshasogala/financial-data-platform/venv/lib/python3.12/site-packages/airflow/example_dags/tutorial_taskflow_api.py for tasks to queue
[2026-03-13T22:25:25.859+0100] {logging_mixin.py:188} INFO - [2026-03-13T22:25:25.859+0100] {dagbag.py:545} INFO - Filling up the DagBag from /Users/harshasogala/financial-data-platform/venv/lib/python3.12/site-packages/airflow/example_dags/tutorial_taskflow_api.py
[2026-03-13T22:25:25.887+0100] {processor.py:840} INFO - DAG(s) 'tutorial_taskflow_api' retrieved from /Users/harshasogala/financial-data-platform/venv/lib/python3.12/site-packages/airflow/example_dags/tutorial_taskflow_api.py
[2026-03-13T22:25:25.951+0100] {logging_mixin.py:188} INFO - [2026-03-13T22:25:25.951+0100] {dag.py:3089} INFO - Sync 1 DAGs
[2026-03-13T22:25:25.959+0100] {logging_mixin.py:188} INFO - [2026-03-13T22:25:25.959+0100] {dag.py:3947} INFO - Setting next_dagrun for tutorial_taskflow_api to None, run_after=None
[2026-03-13T22:25:25.975+0100] {processor.py:183} INFO - Processing /Users/harshasogala/financial-data-platform/venv/lib/python3.12/site-packages/airflow/example_dags/tutorial_taskflow_api.py took 0.120 seconds
[2026-03-13T22:29:02.599+0100] {processor.py:161} INFO - Started process (PID=67362) to work on /Users/harshasogala/financial-data-platform/venv/lib/python3.12/site-packages/airflow/example_dags/tutorial_taskflow_api.py
[2026-03-13T22:29:02.600+0100] {processor.py:830} INFO - Processing file /Users/harshasogala/financial-data-platform/venv/lib/python3.12/site-packages/airflow/example_dags/tutorial_taskflow_api.py for tasks to queue
[2026-03-13T22:29:02.600+0100] {logging_mixin.py:188} INFO - [2026-03-13T22:29:02.600+0100] {dagbag.py:545} INFO - Filling up the DagBag from /Users/harshasogala/financial-data-platform/venv/lib/python3.12/site-packages/airflow/example_dags/tutorial_taskflow_api.py
[2026-03-13T22:29:02.622+0100] {processor.py:840} INFO - DAG(s) 'tutorial_taskflow_api' retrieved from /Users/harshasogala/financial-data-platform/venv/lib/python3.12/site-packages/airflow/example_dags/tutorial_taskflow_api.py
[2026-03-13T22:29:02.676+0100] {logging_mixin.py:188} INFO - [2026-03-13T22:29:02.676+0100] {dag.py:3089} INFO - Sync 1 DAGs
[2026-03-13T22:29:02.681+0100] {logging_mixin.py:188} INFO - [2026-03-13T22:29:02.681+0100] {dag.py:3947} INFO - Setting next_dagrun for tutorial_taskflow_api to None, run_after=None
[2026-03-13T22:29:02.692+0100] {processor.py:183} INFO - Processing /Users/harshasogala/financial-data-platform/venv/lib/python3.12/site-packages/airflow/example_dags/tutorial_taskflow_api.py took 0.095 seconds
[2026-03-13T22:30:08.647+0100] {processor.py:161} INFO - Started process (PID=67491) to work on /Users/harshasogala/financial-data-platform/venv/lib/python3.12/site-packages/airflow/example_dags/tutorial_taskflow_api.py
[2026-03-13T22:30:08.648+0100] {processor.py:830} INFO - Processing file /Users/harshasogala/financial-data-platform/venv/lib/python3.12/site-packages/airflow/example_dags/tutorial_taskflow_api.py for tasks to queue
[2026-03-13T22:30:08.648+0100] {logging_mixin.py:188} INFO - [2026-03-13T22:30:08.648+0100] {dagbag.py:545} INFO - Filling up the DagBag from /Users/harshasogala/financial-data-platform/venv/lib/python3.12/site-packages/airflow/example_dags/tutorial_taskflow_api.py
[2026-03-13T22:30:08.671+0100] {processor.py:840} INFO - DAG(s) 'tutorial_taskflow_api' retrieved from /Users/harshasogala/financial-data-platform/venv/lib/python3.12/site-packages/airflow/example_dags/tutorial_taskflow_api.py
[2026-03-13T22:30:08.725+0100] {logging_mixin.py:188} INFO - [2026-03-13T22:30:08.725+0100] {dag.py:3089} INFO - Sync 1 DAGs
[2026-03-13T22:30:08.730+0100] {logging_mixin.py:188} INFO - [2026-03-13T22:30:08.730+0100] {dag.py:3947} INFO - Setting next_dagrun for tutorial_taskflow_api to None, run_after=None
[2026-03-13T22:30:08.741+0100] {processor.py:183} INFO - Processing /Users/harshasogala/financial-data-platform/venv/lib/python3.12/site-packages/airflow/example_dags/tutorial_taskflow_api.py took 0.096 seconds
[2026-03-13T22:31:15.593+0100] {processor.py:161} INFO - Started process (PID=67648) to work on /Users/harshasogala/financial-data-platform/venv/lib/python3.12/site-packages/airflow/example_dags/tutorial_taskflow_api.py
[2026-03-13T22:31:15.595+0100] {processor.py:830} INFO - Processing file /Users/harshasogala/financial-data-platform/venv/lib/python3.12/site-packages/airflow/example_dags/tutorial_taskflow_api.py for tasks to queue
[2026-03-13T22:31:15.595+0100] {logging_mixin.py:188} INFO - [2026-03-13T22:31:15.595+0100] {dagbag.py:545} INFO - Filling up the DagBag from /Users/harshasogala/financial-data-platform/venv/lib/python3.12/site-packages/airflow/example_dags/tutorial_taskflow_api.py
[2026-03-13T22:31:15.619+0100] {processor.py:840} INFO - DAG(s) 'tutorial_taskflow_api' retrieved from /Users/harshasogala/financial-data-platform/venv/lib/python3.12/site-packages/airflow/example_dags/tutorial_taskflow_api.py
[2026-03-13T22:31:15.678+0100] {logging_mixin.py:188} INFO - [2026-03-13T22:31:15.678+0100] {dag.py:3089} INFO - Sync 1 DAGs
[2026-03-13T22:31:15.684+0100] {logging_mixin.py:188} INFO - [2026-03-13T22:31:15.683+0100] {dag.py:3947} INFO - Setting next_dagrun for tutorial_taskflow_api to None, run_after=None
[2026-03-13T22:31:15.696+0100] {processor.py:183} INFO - Processing /Users/harshasogala/financial-data-platform/venv/lib/python3.12/site-packages/airflow/example_dags/tutorial_taskflow_api.py took 0.105 seconds
[2026-03-13T22:31:56.657+0100] {processor.py:161} INFO - Started process (PID=68346) to work on /Users/harshasogala/financial-data-platform/venv/lib/python3.12/site-packages/airflow/example_dags/tutorial_taskflow_api.py
[2026-03-13T22:31:56.658+0100] {processor.py:830} INFO - Processing file /Users/harshasogala/financial-data-platform/venv/lib/python3.12/site-packages/airflow/example_dags/tutorial_taskflow_api.py for tasks to queue
[2026-03-13T22:31:56.659+0100] {logging_mixin.py:188} INFO - [2026-03-13T22:31:56.658+0100] {dagbag.py:545} INFO - Filling up the DagBag from /Users/harshasogala/financial-data-platform/venv/lib/python3.12/site-packages/airflow/example_dags/tutorial_taskflow_api.py
[2026-03-13T22:31:56.681+0100] {processor.py:840} INFO - DAG(s) 'tutorial_taskflow_api' retrieved from /Users/harshasogala/financial-data-platform/venv/lib/python3.12/site-packages/airflow/example_dags/tutorial_taskflow_api.py
[2026-03-13T22:31:56.736+0100] {logging_mixin.py:188} INFO - [2026-03-13T22:31:56.736+0100] {dag.py:3089} INFO - Sync 1 DAGs
[2026-03-13T22:31:56.777+0100] {logging_mixin.py:188} INFO - [2026-03-13T22:31:56.777+0100] {dag.py:3947} INFO - Setting next_dagrun for tutorial_taskflow_api to None, run_after=None
[2026-03-13T22:31:56.788+0100] {processor.py:183} INFO - Processing /Users/harshasogala/financial-data-platform/venv/lib/python3.12/site-packages/airflow/example_dags/tutorial_taskflow_api.py took 0.133 seconds
[2026-03-13T22:32:41.193+0100] {processor.py:161} INFO - Started process (PID=68722) to work on /Users/harshasogala/financial-data-platform/venv/lib/python3.12/site-packages/airflow/example_dags/tutorial_taskflow_api.py
[2026-03-13T22:32:41.194+0100] {processor.py:830} INFO - Processing file /Users/harshasogala/financial-data-platform/venv/lib/python3.12/site-packages/airflow/example_dags/tutorial_taskflow_api.py for tasks to queue
[2026-03-13T22:32:41.194+0100] {logging_mixin.py:188} INFO - [2026-03-13T22:32:41.194+0100] {dagbag.py:545} INFO - Filling up the DagBag from /Users/harshasogala/financial-data-platform/venv/lib/python3.12/site-packages/airflow/example_dags/tutorial_taskflow_api.py
[2026-03-13T22:32:41.299+0100] {processor.py:840} INFO - DAG(s) 'tutorial_taskflow_api' retrieved from /Users/harshasogala/financial-data-platform/venv/lib/python3.12/site-packages/airflow/example_dags/tutorial_taskflow_api.py
[2026-03-13T22:32:41.371+0100] {logging_mixin.py:188} INFO - [2026-03-13T22:32:41.371+0100] {dag.py:3089} INFO - Sync 1 DAGs
[2026-03-13T22:32:41.418+0100] {logging_mixin.py:188} INFO - [2026-03-13T22:32:41.418+0100] {dag.py:3947} INFO - Setting next_dagrun for tutorial_taskflow_api to None, run_after=None
[2026-03-13T22:32:41.429+0100] {processor.py:183} INFO - Processing /Users/harshasogala/financial-data-platform/venv/lib/python3.12/site-packages/airflow/example_dags/tutorial_taskflow_api.py took 0.238 seconds
[2026-03-13T22:34:03.580+0100] {processor.py:161} INFO - Started process (PID=69169) to work on /Users/harshasogala/financial-data-platform/venv/lib/python3.12/site-packages/airflow/example_dags/tutorial_taskflow_api.py
[2026-03-13T22:34:03.582+0100] {processor.py:830} INFO - Processing file /Users/harshasogala/financial-data-platform/venv/lib/python3.12/site-packages/airflow/example_dags/tutorial_taskflow_api.py for tasks to queue
[2026-03-13T22:34:03.582+0100] {logging_mixin.py:188} INFO - [2026-03-13T22:34:03.582+0100] {dagbag.py:545} INFO - Filling up the DagBag from /Users/harshasogala/financial-data-platform/venv/lib/python3.12/site-packages/airflow/example_dags/tutorial_taskflow_api.py
[2026-03-13T22:34:03.605+0100] {processor.py:840} INFO - DAG(s) 'tutorial_taskflow_api' retrieved from /Users/harshasogala/financial-data-platform/venv/lib/python3.12/site-packages/airflow/example_dags/tutorial_taskflow_api.py
[2026-03-13T22:34:03.661+0100] {logging_mixin.py:188} INFO - [2026-03-13T22:34:03.661+0100] {dag.py:3089} INFO - Sync 1 DAGs
[2026-03-13T22:34:03.702+0100] {logging_mixin.py:188} INFO - [2026-03-13T22:34:03.702+0100] {dag.py:3947} INFO - Setting next_dagrun for tutorial_taskflow_api to None, run_after=None
[2026-03-13T22:34:03.713+0100] {processor.py:183} INFO - Processing /Users/harshasogala/financial-data-platform/venv/lib/python3.12/site-packages/airflow/example_dags/tutorial_taskflow_api.py took 0.134 seconds
[2026-03-13T22:34:43.720+0100] {processor.py:161} INFO - Started process (PID=69203) to work on /Users/harshasogala/financial-data-platform/venv/lib/python3.12/site-packages/airflow/example_dags/tutorial_taskflow_api.py
[2026-03-13T22:34:43.721+0100] {processor.py:830} INFO - Processing file /Users/harshasogala/financial-data-platform/venv/lib/python3.12/site-packages/airflow/example_dags/tutorial_taskflow_api.py for tasks to queue
[2026-03-13T22:34:43.722+0100] {logging_mixin.py:188} INFO - [2026-03-13T22:34:43.722+0100] {dagbag.py:545} INFO - Filling up the DagBag from /Users/harshasogala/financial-data-platform/venv/lib/python3.12/site-packages/airflow/example_dags/tutorial_taskflow_api.py
[2026-03-13T22:34:43.745+0100] {processor.py:840} INFO - DAG(s) 'tutorial_taskflow_api' retrieved from /Users/harshasogala/financial-data-platform/venv/lib/python3.12/site-packages/airflow/example_dags/tutorial_taskflow_api.py
[2026-03-13T22:34:43.799+0100] {logging_mixin.py:188} INFO - [2026-03-13T22:34:43.799+0100] {dag.py:3089} INFO - Sync 1 DAGs
[2026-03-13T22:34:43.839+0100] {logging_mixin.py:188} INFO - [2026-03-13T22:34:43.839+0100] {dag.py:3947} INFO - Setting next_dagrun for tutorial_taskflow_api to None, run_after=None
[2026-03-13T22:34:43.850+0100] {processor.py:183} INFO - Processing /Users/harshasogala/financial-data-platform/venv/lib/python3.12/site-packages/airflow/example_dags/tutorial_taskflow_api.py took 0.131 seconds
[2026-03-13T22:35:59.420+0100] {processor.py:161} INFO - Started process (PID=69282) to work on /Users/harshasogala/financial-data-platform/venv/lib/python3.12/site-packages/airflow/example_dags/tutorial_taskflow_api.py
[2026-03-13T22:35:59.421+0100] {processor.py:830} INFO - Processing file /Users/harshasogala/financial-data-platform/venv/lib/python3.12/site-packages/airflow/example_dags/tutorial_taskflow_api.py for tasks to queue
[2026-03-13T22:35:59.421+0100] {logging_mixin.py:188} INFO - [2026-03-13T22:35:59.421+0100] {dagbag.py:545} INFO - Filling up the DagBag from /Users/harshasogala/financial-data-platform/venv/lib/python3.12/site-packages/airflow/example_dags/tutorial_taskflow_api.py
[2026-03-13T22:35:59.444+0100] {processor.py:840} INFO - DAG(s) 'tutorial_taskflow_api' retrieved from /Users/harshasogala/financial-data-platform/venv/lib/python3.12/site-packages/airflow/example_dags/tutorial_taskflow_api.py
[2026-03-13T22:35:59.498+0100] {logging_mixin.py:188} INFO - [2026-03-13T22:35:59.498+0100] {dag.py:3089} INFO - Sync 1 DAGs
[2026-03-13T22:35:59.538+0100] {logging_mixin.py:188} INFO - [2026-03-13T22:35:59.537+0100] {dag.py:3947} INFO - Setting next_dagrun for tutorial_taskflow_api to None, run_after=None
[2026-03-13T22:35:59.548+0100] {processor.py:183} INFO - Processing /Users/harshasogala/financial-data-platform/venv/lib/python3.12/site-packages/airflow/example_dags/tutorial_taskflow_api.py took 0.130 seconds
[2026-03-13T22:37:13.361+0100] {processor.py:161} INFO - Started process (PID=69340) to work on /Users/harshasogala/financial-data-platform/venv/lib/python3.12/site-packages/airflow/example_dags/tutorial_taskflow_api.py
[2026-03-13T22:37:13.362+0100] {processor.py:830} INFO - Processing file /Users/harshasogala/financial-data-platform/venv/lib/python3.12/site-packages/airflow/example_dags/tutorial_taskflow_api.py for tasks to queue
[2026-03-13T22:37:13.363+0100] {logging_mixin.py:188} INFO - [2026-03-13T22:37:13.362+0100] {dagbag.py:545} INFO - Filling up the DagBag from /Users/harshasogala/financial-data-platform/venv/lib/python3.12/site-packages/airflow/example_dags/tutorial_taskflow_api.py
[2026-03-13T22:37:13.386+0100] {processor.py:840} INFO - DAG(s) 'tutorial_taskflow_api' retrieved from /Users/harshasogala/financial-data-platform/venv/lib/python3.12/site-packages/airflow/example_dags/tutorial_taskflow_api.py
[2026-03-13T22:37:13.440+0100] {logging_mixin.py:188} INFO - [2026-03-13T22:37:13.440+0100] {dag.py:3089} INFO - Sync 1 DAGs
[2026-03-13T22:37:13.479+0100] {logging_mixin.py:188} INFO - [2026-03-13T22:37:13.479+0100] {dag.py:3947} INFO - Setting next_dagrun for tutorial_taskflow_api to None, run_after=None
[2026-03-13T22:37:13.490+0100] {processor.py:183} INFO - Processing /Users/harshasogala/financial-data-platform/venv/lib/python3.12/site-packages/airflow/example_dags/tutorial_taskflow_api.py took 0.130 seconds
[2026-03-13T22:38:27.650+0100] {processor.py:161} INFO - Started process (PID=69401) to work on /Users/harshasogala/financial-data-platform/venv/lib/python3.12/site-packages/airflow/example_dags/tutorial_taskflow_api.py
[2026-03-13T22:38:27.651+0100] {processor.py:830} INFO - Processing file /Users/harshasogala/financial-data-platform/venv/lib/python3.12/site-packages/airflow/example_dags/tutorial_taskflow_api.py for tasks to queue
[2026-03-13T22:38:27.651+0100] {logging_mixin.py:188} INFO - [2026-03-13T22:38:27.651+0100] {dagbag.py:545} INFO - Filling up the DagBag from /Users/harshasogala/financial-data-platform/venv/lib/python3.12/site-packages/airflow/example_dags/tutorial_taskflow_api.py
[2026-03-13T22:38:27.675+0100] {processor.py:840} INFO - DAG(s) 'tutorial_taskflow_api' retrieved from /Users/harshasogala/financial-data-platform/venv/lib/python3.12/site-packages/airflow/example_dags/tutorial_taskflow_api.py
[2026-03-13T22:38:27.730+0100] {logging_mixin.py:188} INFO - [2026-03-13T22:38:27.730+0100] {dag.py:3089} INFO - Sync 1 DAGs
[2026-03-13T22:38:27.770+0100] {logging_mixin.py:188} INFO - [2026-03-13T22:38:27.770+0100] {dag.py:3947} INFO - Setting next_dagrun for tutorial_taskflow_api to None, run_after=None
[2026-03-13T22:38:27.781+0100] {processor.py:183} INFO - Processing /Users/harshasogala/financial-data-platform/venv/lib/python3.12/site-packages/airflow/example_dags/tutorial_taskflow_api.py took 0.132 seconds
[2026-03-13T22:39:41.360+0100] {processor.py:161} INFO - Started process (PID=69466) to work on /Users/harshasogala/financial-data-platform/venv/lib/python3.12/site-packages/airflow/example_dags/tutorial_taskflow_api.py
[2026-03-13T22:39:41.361+0100] {processor.py:830} INFO - Processing file /Users/harshasogala/financial-data-platform/venv/lib/python3.12/site-packages/airflow/example_dags/tutorial_taskflow_api.py for tasks to queue
[2026-03-13T22:39:41.361+0100] {logging_mixin.py:188} INFO - [2026-03-13T22:39:41.361+0100] {dagbag.py:545} INFO - Filling up the DagBag from /Users/harshasogala/financial-data-platform/venv/lib/python3.12/site-packages/airflow/example_dags/tutorial_taskflow_api.py
[2026-03-13T22:39:41.385+0100] {processor.py:840} INFO - DAG(s) 'tutorial_taskflow_api' retrieved from /Users/harshasogala/financial-data-platform/venv/lib/python3.12/site-packages/airflow/example_dags/tutorial_taskflow_api.py
[2026-03-13T22:39:41.440+0100] {logging_mixin.py:188} INFO - [2026-03-13T22:39:41.440+0100] {dag.py:3089} INFO - Sync 1 DAGs
[2026-03-13T22:39:41.483+0100] {logging_mixin.py:188} INFO - [2026-03-13T22:39:41.482+0100] {dag.py:3947} INFO - Setting next_dagrun for tutorial_taskflow_api to None, run_after=None
[2026-03-13T22:39:41.496+0100] {processor.py:183} INFO - Processing /Users/harshasogala/financial-data-platform/venv/lib/python3.12/site-packages/airflow/example_dags/tutorial_taskflow_api.py took 0.137 seconds
[2026-03-13T22:41:03.819+0100] {processor.py:161} INFO - Started process (PID=69687) to work on /Users/harshasogala/financial-data-platform/venv/lib/python3.12/site-packages/airflow/example_dags/tutorial_taskflow_api.py
[2026-03-13T22:41:03.820+0100] {processor.py:830} INFO - Processing file /Users/harshasogala/financial-data-platform/venv/lib/python3.12/site-packages/airflow/example_dags/tutorial_taskflow_api.py for tasks to queue
[2026-03-13T22:41:03.820+0100] {logging_mixin.py:188} INFO - [2026-03-13T22:41:03.820+0100] {dagbag.py:545} INFO - Filling up the DagBag from /Users/harshasogala/financial-data-platform/venv/lib/python3.12/site-packages/airflow/example_dags/tutorial_taskflow_api.py
[2026-03-13T22:41:03.844+0100] {processor.py:840} INFO - DAG(s) 'tutorial_taskflow_api' retrieved from /Users/harshasogala/financial-data-platform/venv/lib/python3.12/site-packages/airflow/example_dags/tutorial_taskflow_api.py
[2026-03-13T22:41:03.898+0100] {logging_mixin.py:188} INFO - [2026-03-13T22:41:03.898+0100] {dag.py:3089} INFO - Sync 1 DAGs
[2026-03-13T22:41:03.937+0100] {logging_mixin.py:188} INFO - [2026-03-13T22:41:03.937+0100] {dag.py:3947} INFO - Setting next_dagrun for tutorial_taskflow_api to None, run_after=None
[2026-03-13T22:41:03.948+0100] {processor.py:183} INFO - Processing /Users/harshasogala/financial-data-platform/venv/lib/python3.12/site-packages/airflow/example_dags/tutorial_taskflow_api.py took 0.131 seconds
[2026-03-13T22:42:21.933+0100] {processor.py:161} INFO - Started process (PID=69746) to work on /Users/harshasogala/financial-data-platform/venv/lib/python3.12/site-packages/airflow/example_dags/tutorial_taskflow_api.py
[2026-03-13T22:42:21.934+0100] {processor.py:830} INFO - Processing file /Users/harshasogala/financial-data-platform/venv/lib/python3.12/site-packages/airflow/example_dags/tutorial_taskflow_api.py for tasks to queue
[2026-03-13T22:42:21.934+0100] {logging_mixin.py:188} INFO - [2026-03-13T22:42:21.934+0100] {dagbag.py:545} INFO - Filling up the DagBag from /Users/harshasogala/financial-data-platform/venv/lib/python3.12/site-packages/airflow/example_dags/tutorial_taskflow_api.py
[2026-03-13T22:42:21.957+0100] {processor.py:840} INFO - DAG(s) 'tutorial_taskflow_api' retrieved from /Users/harshasogala/financial-data-platform/venv/lib/python3.12/site-packages/airflow/example_dags/tutorial_taskflow_api.py
[2026-03-13T22:42:22.011+0100] {logging_mixin.py:188} INFO - [2026-03-13T22:42:22.010+0100] {dag.py:3089} INFO - Sync 1 DAGs
[2026-03-13T22:42:22.050+0100] {logging_mixin.py:188} INFO - [2026-03-13T22:42:22.049+0100] {dag.py:3947} INFO - Setting next_dagrun for tutorial_taskflow_api to None, run_after=None
[2026-03-13T22:42:22.060+0100] {processor.py:183} INFO - Processing /Users/harshasogala/financial-data-platform/venv/lib/python3.12/site-packages/airflow/example_dags/tutorial_taskflow_api.py took 0.129 seconds
[2026-03-13T22:43:40.824+0100] {processor.py:161} INFO - Started process (PID=69824) to work on /Users/harshasogala/financial-data-platform/venv/lib/python3.12/site-packages/airflow/example_dags/tutorial_taskflow_api.py
[2026-03-13T22:43:40.825+0100] {processor.py:830} INFO - Processing file /Users/harshasogala/financial-data-platform/venv/lib/python3.12/site-packages/airflow/example_dags/tutorial_taskflow_api.py for tasks to queue
[2026-03-13T22:43:40.825+0100] {logging_mixin.py:188} INFO - [2026-03-13T22:43:40.825+0100] {dagbag.py:545} INFO - Filling up the DagBag from /Users/harshasogala/financial-data-platform/venv/lib/python3.12/site-packages/airflow/example_dags/tutorial_taskflow_api.py
[2026-03-13T22:43:40.852+0100] {processor.py:840} INFO - DAG(s) 'tutorial_taskflow_api' retrieved from /Users/harshasogala/financial-data-platform/venv/lib/python3.12/site-packages/airflow/example_dags/tutorial_taskflow_api.py
[2026-03-13T22:43:40.913+0100] {logging_mixin.py:188} INFO - [2026-03-13T22:43:40.913+0100] {dag.py:3089} INFO - Sync 1 DAGs
[2026-03-13T22:43:40.954+0100] {logging_mixin.py:188} INFO - [2026-03-13T22:43:40.954+0100] {dag.py:3947} INFO - Setting next_dagrun for tutorial_taskflow_api to None, run_after=None
[2026-03-13T22:43:40.966+0100] {processor.py:183} INFO - Processing /Users/harshasogala/financial-data-platform/venv/lib/python3.12/site-packages/airflow/example_dags/tutorial_taskflow_api.py took 0.144 seconds
[2026-03-13T22:44:21.877+0100] {processor.py:161} INFO - Started process (PID=70035) to work on /Users/harshasogala/financial-data-platform/venv/lib/python3.12/site-packages/airflow/example_dags/tutorial_taskflow_api.py
[2026-03-13T22:44:21.878+0100] {processor.py:830} INFO - Processing file /Users/harshasogala/financial-data-platform/venv/lib/python3.12/site-packages/airflow/example_dags/tutorial_taskflow_api.py for tasks to queue
[2026-03-13T22:44:21.878+0100] {logging_mixin.py:188} INFO - [2026-03-13T22:44:21.878+0100] {dagbag.py:545} INFO - Filling up the DagBag from /Users/harshasogala/financial-data-platform/venv/lib/python3.12/site-packages/airflow/example_dags/tutorial_taskflow_api.py
[2026-03-13T22:44:21.901+0100] {processor.py:840} INFO - DAG(s) 'tutorial_taskflow_api' retrieved from /Users/harshasogala/financial-data-platform/venv/lib/python3.12/site-packages/airflow/example_dags/tutorial_taskflow_api.py
[2026-03-13T22:44:21.954+0100] {logging_mixin.py:188} INFO - [2026-03-13T22:44:21.954+0100] {dag.py:3089} INFO - Sync 1 DAGs
[2026-03-13T22:44:21.993+0100] {logging_mixin.py:188} INFO - [2026-03-13T22:44:21.993+0100] {dag.py:3947} INFO - Setting next_dagrun for tutorial_taskflow_api to None, run_after=None
[2026-03-13T22:44:22.005+0100] {processor.py:183} INFO - Processing /Users/harshasogala/financial-data-platform/venv/lib/python3.12/site-packages/airflow/example_dags/tutorial_taskflow_api.py took 0.130 seconds
[2026-03-13T22:45:03.039+0100] {processor.py:161} INFO - Started process (PID=70184) to work on /Users/harshasogala/financial-data-platform/venv/lib/python3.12/site-packages/airflow/example_dags/tutorial_taskflow_api.py
[2026-03-13T22:45:03.040+0100] {processor.py:830} INFO - Processing file /Users/harshasogala/financial-data-platform/venv/lib/python3.12/site-packages/airflow/example_dags/tutorial_taskflow_api.py for tasks to queue
[2026-03-13T22:45:03.040+0100] {logging_mixin.py:188} INFO - [2026-03-13T22:45:03.040+0100] {dagbag.py:545} INFO - Filling up the DagBag from /Users/harshasogala/financial-data-platform/venv/lib/python3.12/site-packages/airflow/example_dags/tutorial_taskflow_api.py
[2026-03-13T22:45:03.068+0100] {processor.py:840} INFO - DAG(s) 'tutorial_taskflow_api' retrieved from /Users/harshasogala/financial-data-platform/venv/lib/python3.12/site-packages/airflow/example_dags/tutorial_taskflow_api.py
[2026-03-13T22:45:03.131+0100] {logging_mixin.py:188} INFO - [2026-03-13T22:45:03.131+0100] {dag.py:3089} INFO - Sync 1 DAGs
[2026-03-13T22:45:03.179+0100] {logging_mixin.py:188} INFO - [2026-03-13T22:45:03.179+0100] {dag.py:3947} INFO - Setting next_dagrun for tutorial_taskflow_api to None, run_after=None
[2026-03-13T22:45:03.191+0100] {processor.py:183} INFO - Processing /Users/harshasogala/financial-data-platform/venv/lib/python3.12/site-packages/airflow/example_dags/tutorial_taskflow_api.py took 0.155 seconds
[2026-03-13T22:45:52.004+0100] {processor.py:161} INFO - Started process (PID=70338) to work on /Users/harshasogala/financial-data-platform/venv/lib/python3.12/site-packages/airflow/example_dags/tutorial_taskflow_api.py
[2026-03-13T22:45:52.005+0100] {processor.py:830} INFO - Processing file /Users/harshasogala/financial-data-platform/venv/lib/python3.12/site-packages/airflow/example_dags/tutorial_taskflow_api.py for tasks to queue
[2026-03-13T22:45:52.005+0100] {logging_mixin.py:188} INFO - [2026-03-13T22:45:52.005+0100] {dagbag.py:545} INFO - Filling up the DagBag from /Users/harshasogala/financial-data-platform/venv/lib/python3.12/site-packages/airflow/example_dags/tutorial_taskflow_api.py
[2026-03-13T22:45:52.033+0100] {processor.py:840} INFO - DAG(s) 'tutorial_taskflow_api' retrieved from /Users/harshasogala/financial-data-platform/venv/lib/python3.12/site-packages/airflow/example_dags/tutorial_taskflow_api.py
[2026-03-13T22:45:52.104+0100] {logging_mixin.py:188} INFO - [2026-03-13T22:45:52.104+0100] {dag.py:3089} INFO - Sync 1 DAGs
[2026-03-13T22:45:52.228+0100] {logging_mixin.py:188} INFO - [2026-03-13T22:45:52.228+0100] {dag.py:3947} INFO - Setting next_dagrun for tutorial_taskflow_api to None, run_after=None
[2026-03-13T22:45:52.253+0100] {processor.py:183} INFO - Processing /Users/harshasogala/financial-data-platform/venv/lib/python3.12/site-packages/airflow/example_dags/tutorial_taskflow_api.py took 0.252 seconds
[2026-03-13T22:46:38.822+0100] {processor.py:161} INFO - Started process (PID=70597) to work on /Users/harshasogala/financial-data-platform/venv/lib/python3.12/site-packages/airflow/example_dags/tutorial_taskflow_api.py
[2026-03-13T22:46:38.824+0100] {processor.py:830} INFO - Processing file /Users/harshasogala/financial-data-platform/venv/lib/python3.12/site-packages/airflow/example_dags/tutorial_taskflow_api.py for tasks to queue
[2026-03-13T22:46:38.824+0100] {logging_mixin.py:188} INFO - [2026-03-13T22:46:38.824+0100] {dagbag.py:545} INFO - Filling up the DagBag from /Users/harshasogala/financial-data-platform/venv/lib/python3.12/site-packages/airflow/example_dags/tutorial_taskflow_api.py
[2026-03-13T22:46:38.848+0100] {processor.py:840} INFO - DAG(s) 'tutorial_taskflow_api' retrieved from /Users/harshasogala/financial-data-platform/venv/lib/python3.12/site-packages/airflow/example_dags/tutorial_taskflow_api.py
[2026-03-13T22:46:38.905+0100] {logging_mixin.py:188} INFO - [2026-03-13T22:46:38.904+0100] {dag.py:3089} INFO - Sync 1 DAGs
[2026-03-13T22:46:38.947+0100] {logging_mixin.py:188} INFO - [2026-03-13T22:46:38.947+0100] {dag.py:3947} INFO - Setting next_dagrun for tutorial_taskflow_api to None, run_after=None
[2026-03-13T22:46:38.958+0100] {processor.py:183} INFO - Processing /Users/harshasogala/financial-data-platform/venv/lib/python3.12/site-packages/airflow/example_dags/tutorial_taskflow_api.py took 0.137 seconds
[2026-03-13T22:47:21.260+0100] {processor.py:161} INFO - Started process (PID=71368) to work on /Users/harshasogala/financial-data-platform/venv/lib/python3.12/site-packages/airflow/example_dags/tutorial_taskflow_api.py
[2026-03-13T22:47:21.262+0100] {processor.py:830} INFO - Processing file /Users/harshasogala/financial-data-platform/venv/lib/python3.12/site-packages/airflow/example_dags/tutorial_taskflow_api.py for tasks to queue
[2026-03-13T22:47:21.262+0100] {logging_mixin.py:188} INFO - [2026-03-13T22:47:21.262+0100] {dagbag.py:545} INFO - Filling up the DagBag from /Users/harshasogala/financial-data-platform/venv/lib/python3.12/site-packages/airflow/example_dags/tutorial_taskflow_api.py
[2026-03-13T22:47:21.284+0100] {processor.py:840} INFO - DAG(s) 'tutorial_taskflow_api' retrieved from /Users/harshasogala/financial-data-platform/venv/lib/python3.12/site-packages/airflow/example_dags/tutorial_taskflow_api.py
[2026-03-13T22:47:21.338+0100] {logging_mixin.py:188} INFO - [2026-03-13T22:47:21.337+0100] {dag.py:3089} INFO - Sync 1 DAGs
[2026-03-13T22:47:21.376+0100] {logging_mixin.py:188} INFO - [2026-03-13T22:47:21.376+0100] {dag.py:3947} INFO - Setting next_dagrun for tutorial_taskflow_api to None, run_after=None
[2026-03-13T22:47:21.387+0100] {processor.py:183} INFO - Processing /Users/harshasogala/financial-data-platform/venv/lib/python3.12/site-packages/airflow/example_dags/tutorial_taskflow_api.py took 0.128 seconds
[2026-03-13T22:48:02.816+0100] {processor.py:161} INFO - Started process (PID=71400) to work on /Users/harshasogala/financial-data-platform/venv/lib/python3.12/site-packages/airflow/example_dags/tutorial_taskflow_api.py
[2026-03-13T22:48:02.817+0100] {processor.py:830} INFO - Processing file /Users/harshasogala/financial-data-platform/venv/lib/python3.12/site-packages/airflow/example_dags/tutorial_taskflow_api.py for tasks to queue
[2026-03-13T22:48:02.818+0100] {logging_mixin.py:188} INFO - [2026-03-13T22:48:02.817+0100] {dagbag.py:545} INFO - Filling up the DagBag from /Users/harshasogala/financial-data-platform/venv/lib/python3.12/site-packages/airflow/example_dags/tutorial_taskflow_api.py
[2026-03-13T22:48:02.840+0100] {processor.py:840} INFO - DAG(s) 'tutorial_taskflow_api' retrieved from /Users/harshasogala/financial-data-platform/venv/lib/python3.12/site-packages/airflow/example_dags/tutorial_taskflow_api.py
[2026-03-13T22:48:02.894+0100] {logging_mixin.py:188} INFO - [2026-03-13T22:48:02.894+0100] {dag.py:3089} INFO - Sync 1 DAGs
[2026-03-13T22:48:02.933+0100] {logging_mixin.py:188} INFO - [2026-03-13T22:48:02.933+0100] {dag.py:3947} INFO - Setting next_dagrun for tutorial_taskflow_api to None, run_after=None
[2026-03-13T22:48:02.944+0100] {processor.py:183} INFO - Processing /Users/harshasogala/financial-data-platform/venv/lib/python3.12/site-packages/airflow/example_dags/tutorial_taskflow_api.py took 0.130 seconds
[2026-03-13T22:49:21.561+0100] {processor.py:161} INFO - Started process (PID=71475) to work on /Users/harshasogala/financial-data-platform/venv/lib/python3.12/site-packages/airflow/example_dags/tutorial_taskflow_api.py
[2026-03-13T22:49:21.562+0100] {processor.py:830} INFO - Processing file /Users/harshasogala/financial-data-platform/venv/lib/python3.12/site-packages/airflow/example_dags/tutorial_taskflow_api.py for tasks to queue
[2026-03-13T22:49:21.563+0100] {logging_mixin.py:188} INFO - [2026-03-13T22:49:21.563+0100] {dagbag.py:545} INFO - Filling up the DagBag from /Users/harshasogala/financial-data-platform/venv/lib/python3.12/site-packages/airflow/example_dags/tutorial_taskflow_api.py
[2026-03-13T22:49:21.587+0100] {processor.py:840} INFO - DAG(s) 'tutorial_taskflow_api' retrieved from /Users/harshasogala/financial-data-platform/venv/lib/python3.12/site-packages/airflow/example_dags/tutorial_taskflow_api.py
[2026-03-13T22:49:21.641+0100] {logging_mixin.py:188} INFO - [2026-03-13T22:49:21.641+0100] {dag.py:3089} INFO - Sync 1 DAGs
[2026-03-13T22:49:21.681+0100] {logging_mixin.py:188} INFO - [2026-03-13T22:49:21.681+0100] {dag.py:3947} INFO - Setting next_dagrun for tutorial_taskflow_api to None, run_after=None
[2026-03-13T22:49:21.693+0100] {processor.py:183} INFO - Processing /Users/harshasogala/financial-data-platform/venv/lib/python3.12/site-packages/airflow/example_dags/tutorial_taskflow_api.py took 0.134 seconds
[2026-03-13T22:50:48.035+0100] {processor.py:161} INFO - Started process (PID=72008) to work on /Users/harshasogala/financial-data-platform/venv/lib/python3.12/site-packages/airflow/example_dags/tutorial_taskflow_api.py
[2026-03-13T22:50:48.036+0100] {processor.py:830} INFO - Processing file /Users/harshasogala/financial-data-platform/venv/lib/python3.12/site-packages/airflow/example_dags/tutorial_taskflow_api.py for tasks to queue
[2026-03-13T22:50:48.036+0100] {logging_mixin.py:188} INFO - [2026-03-13T22:50:48.036+0100] {dagbag.py:545} INFO - Filling up the DagBag from /Users/harshasogala/financial-data-platform/venv/lib/python3.12/site-packages/airflow/example_dags/tutorial_taskflow_api.py
[2026-03-13T22:50:48.060+0100] {processor.py:840} INFO - DAG(s) 'tutorial_taskflow_api' retrieved from /Users/harshasogala/financial-data-platform/venv/lib/python3.12/site-packages/airflow/example_dags/tutorial_taskflow_api.py
[2026-03-13T22:50:48.118+0100] {logging_mixin.py:188} INFO - [2026-03-13T22:50:48.117+0100] {dag.py:3089} INFO - Sync 1 DAGs
[2026-03-13T22:50:48.157+0100] {logging_mixin.py:188} INFO - [2026-03-13T22:50:48.157+0100] {dag.py:3947} INFO - Setting next_dagrun for tutorial_taskflow_api to None, run_after=None
[2026-03-13T22:50:48.167+0100] {processor.py:183} INFO - Processing /Users/harshasogala/financial-data-platform/venv/lib/python3.12/site-packages/airflow/example_dags/tutorial_taskflow_api.py took 0.134 seconds
[2026-03-13T22:51:32.379+0100] {processor.py:161} INFO - Started process (PID=72056) to work on /Users/harshasogala/financial-data-platform/venv/lib/python3.12/site-packages/airflow/example_dags/tutorial_taskflow_api.py
[2026-03-13T22:51:32.381+0100] {processor.py:830} INFO - Processing file /Users/harshasogala/financial-data-platform/venv/lib/python3.12/site-packages/airflow/example_dags/tutorial_taskflow_api.py for tasks to queue
[2026-03-13T22:51:32.381+0100] {logging_mixin.py:188} INFO - [2026-03-13T22:51:32.381+0100] {dagbag.py:545} INFO - Filling up the DagBag from /Users/harshasogala/financial-data-platform/venv/lib/python3.12/site-packages/airflow/example_dags/tutorial_taskflow_api.py
[2026-03-13T22:51:32.404+0100] {processor.py:840} INFO - DAG(s) 'tutorial_taskflow_api' retrieved from /Users/harshasogala/financial-data-platform/venv/lib/python3.12/site-packages/airflow/example_dags/tutorial_taskflow_api.py
[2026-03-13T22:51:32.457+0100] {logging_mixin.py:188} INFO - [2026-03-13T22:51:32.456+0100] {dag.py:3089} INFO - Sync 1 DAGs
[2026-03-13T22:51:32.495+0100] {logging_mixin.py:188} INFO - [2026-03-13T22:51:32.495+0100] {dag.py:3947} INFO - Setting next_dagrun for tutorial_taskflow_api to None, run_after=None
[2026-03-13T22:51:32.508+0100] {processor.py:183} INFO - Processing /Users/harshasogala/financial-data-platform/venv/lib/python3.12/site-packages/airflow/example_dags/tutorial_taskflow_api.py took 0.130 seconds
[2026-03-13T22:52:47.543+0100] {processor.py:161} INFO - Started process (PID=72381) to work on /Users/harshasogala/financial-data-platform/venv/lib/python3.12/site-packages/airflow/example_dags/tutorial_taskflow_api.py
[2026-03-13T22:52:47.544+0100] {processor.py:830} INFO - Processing file /Users/harshasogala/financial-data-platform/venv/lib/python3.12/site-packages/airflow/example_dags/tutorial_taskflow_api.py for tasks to queue
[2026-03-13T22:52:47.545+0100] {logging_mixin.py:188} INFO - [2026-03-13T22:52:47.545+0100] {dagbag.py:545} INFO - Filling up the DagBag from /Users/harshasogala/financial-data-platform/venv/lib/python3.12/site-packages/airflow/example_dags/tutorial_taskflow_api.py
[2026-03-13T22:52:47.567+0100] {processor.py:840} INFO - DAG(s) 'tutorial_taskflow_api' retrieved from /Users/harshasogala/financial-data-platform/venv/lib/python3.12/site-packages/airflow/example_dags/tutorial_taskflow_api.py
[2026-03-13T22:52:47.631+0100] {logging_mixin.py:188} INFO - [2026-03-13T22:52:47.631+0100] {dag.py:3089} INFO - Sync 1 DAGs
[2026-03-13T22:52:47.672+0100] {logging_mixin.py:188} INFO - [2026-03-13T22:52:47.672+0100] {dag.py:3947} INFO - Setting next_dagrun for tutorial_taskflow_api to None, run_after=None
[2026-03-13T22:52:47.684+0100] {processor.py:183} INFO - Processing /Users/harshasogala/financial-data-platform/venv/lib/python3.12/site-packages/airflow/example_dags/tutorial_taskflow_api.py took 0.142 seconds
[2026-03-13T22:54:04.479+0100] {processor.py:161} INFO - Started process (PID=72455) to work on /Users/harshasogala/financial-data-platform/venv/lib/python3.12/site-packages/airflow/example_dags/tutorial_taskflow_api.py
[2026-03-13T22:54:04.480+0100] {processor.py:830} INFO - Processing file /Users/harshasogala/financial-data-platform/venv/lib/python3.12/site-packages/airflow/example_dags/tutorial_taskflow_api.py for tasks to queue
[2026-03-13T22:54:04.480+0100] {logging_mixin.py:188} INFO - [2026-03-13T22:54:04.480+0100] {dagbag.py:545} INFO - Filling up the DagBag from /Users/harshasogala/financial-data-platform/venv/lib/python3.12/site-packages/airflow/example_dags/tutorial_taskflow_api.py
[2026-03-13T22:54:04.504+0100] {processor.py:840} INFO - DAG(s) 'tutorial_taskflow_api' retrieved from /Users/harshasogala/financial-data-platform/venv/lib/python3.12/site-packages/airflow/example_dags/tutorial_taskflow_api.py
[2026-03-13T22:54:04.557+0100] {logging_mixin.py:188} INFO - [2026-03-13T22:54:04.557+0100] {dag.py:3089} INFO - Sync 1 DAGs
[2026-03-13T22:54:04.597+0100] {logging_mixin.py:188} INFO - [2026-03-13T22:54:04.597+0100] {dag.py:3947} INFO - Setting next_dagrun for tutorial_taskflow_api to None, run_after=None
[2026-03-13T22:54:04.609+0100] {processor.py:183} INFO - Processing /Users/harshasogala/financial-data-platform/venv/lib/python3.12/site-packages/airflow/example_dags/tutorial_taskflow_api.py took 0.131 seconds
[2026-03-13T22:54:49.896+0100] {processor.py:161} INFO - Started process (PID=72510) to work on /Users/harshasogala/financial-data-platform/venv/lib/python3.12/site-packages/airflow/example_dags/tutorial_taskflow_api.py
[2026-03-13T22:54:49.897+0100] {processor.py:830} INFO - Processing file /Users/harshasogala/financial-data-platform/venv/lib/python3.12/site-packages/airflow/example_dags/tutorial_taskflow_api.py for tasks to queue
[2026-03-13T22:54:49.897+0100] {logging_mixin.py:188} INFO - [2026-03-13T22:54:49.897+0100] {dagbag.py:545} INFO - Filling up the DagBag from /Users/harshasogala/financial-data-platform/venv/lib/python3.12/site-packages/airflow/example_dags/tutorial_taskflow_api.py
[2026-03-13T22:54:49.931+0100] {processor.py:840} INFO - DAG(s) 'tutorial_taskflow_api' retrieved from /Users/harshasogala/financial-data-platform/venv/lib/python3.12/site-packages/airflow/example_dags/tutorial_taskflow_api.py
[2026-03-13T22:54:50.050+0100] {logging_mixin.py:188} INFO - [2026-03-13T22:54:50.050+0100] {dag.py:3089} INFO - Sync 1 DAGs
[2026-03-13T22:54:50.111+0100] {logging_mixin.py:188} INFO - [2026-03-13T22:54:50.111+0100] {dag.py:3947} INFO - Setting next_dagrun for tutorial_taskflow_api to None, run_after=None
[2026-03-13T22:54:50.125+0100] {processor.py:183} INFO - Processing /Users/harshasogala/financial-data-platform/venv/lib/python3.12/site-packages/airflow/example_dags/tutorial_taskflow_api.py took 0.231 seconds
[2026-03-13T22:55:33.489+0100] {processor.py:161} INFO - Started process (PID=72545) to work on /Users/harshasogala/financial-data-platform/venv/lib/python3.12/site-packages/airflow/example_dags/tutorial_taskflow_api.py
[2026-03-13T22:55:33.489+0100] {processor.py:830} INFO - Processing file /Users/harshasogala/financial-data-platform/venv/lib/python3.12/site-packages/airflow/example_dags/tutorial_taskflow_api.py for tasks to queue
[2026-03-13T22:55:33.490+0100] {logging_mixin.py:188} INFO - [2026-03-13T22:55:33.490+0100] {dagbag.py:545} INFO - Filling up the DagBag from /Users/harshasogala/financial-data-platform/venv/lib/python3.12/site-packages/airflow/example_dags/tutorial_taskflow_api.py
[2026-03-13T22:55:33.514+0100] {processor.py:840} INFO - DAG(s) 'tutorial_taskflow_api' retrieved from /Users/harshasogala/financial-data-platform/venv/lib/python3.12/site-packages/airflow/example_dags/tutorial_taskflow_api.py
[2026-03-13T22:55:33.569+0100] {logging_mixin.py:188} INFO - [2026-03-13T22:55:33.569+0100] {dag.py:3089} INFO - Sync 1 DAGs
[2026-03-13T22:55:33.616+0100] {logging_mixin.py:188} INFO - [2026-03-13T22:55:33.616+0100] {dag.py:3947} INFO - Setting next_dagrun for tutorial_taskflow_api to None, run_after=None
[2026-03-13T22:55:33.632+0100] {processor.py:183} INFO - Processing /Users/harshasogala/financial-data-platform/venv/lib/python3.12/site-packages/airflow/example_dags/tutorial_taskflow_api.py took 0.145 seconds
[2026-03-13T22:56:52.825+0100] {processor.py:161} INFO - Started process (PID=72640) to work on /Users/harshasogala/financial-data-platform/venv/lib/python3.12/site-packages/airflow/example_dags/tutorial_taskflow_api.py
[2026-03-13T22:56:52.826+0100] {processor.py:830} INFO - Processing file /Users/harshasogala/financial-data-platform/venv/lib/python3.12/site-packages/airflow/example_dags/tutorial_taskflow_api.py for tasks to queue
[2026-03-13T22:56:52.827+0100] {logging_mixin.py:188} INFO - [2026-03-13T22:56:52.827+0100] {dagbag.py:545} INFO - Filling up the DagBag from /Users/harshasogala/financial-data-platform/venv/lib/python3.12/site-packages/airflow/example_dags/tutorial_taskflow_api.py
[2026-03-13T22:56:52.849+0100] {processor.py:840} INFO - DAG(s) 'tutorial_taskflow_api' retrieved from /Users/harshasogala/financial-data-platform/venv/lib/python3.12/site-packages/airflow/example_dags/tutorial_taskflow_api.py
[2026-03-13T22:56:52.903+0100] {logging_mixin.py:188} INFO - [2026-03-13T22:56:52.903+0100] {dag.py:3089} INFO - Sync 1 DAGs
[2026-03-13T22:56:52.942+0100] {logging_mixin.py:188} INFO - [2026-03-13T22:56:52.942+0100] {dag.py:3947} INFO - Setting next_dagrun for tutorial_taskflow_api to None, run_after=None
[2026-03-13T22:56:52.955+0100] {processor.py:183} INFO - Processing /Users/harshasogala/financial-data-platform/venv/lib/python3.12/site-packages/airflow/example_dags/tutorial_taskflow_api.py took 0.131 seconds
[2026-03-13T22:58:12.462+0100] {processor.py:161} INFO - Started process (PID=72701) to work on /Users/harshasogala/financial-data-platform/venv/lib/python3.12/site-packages/airflow/example_dags/tutorial_taskflow_api.py
[2026-03-13T22:58:12.463+0100] {processor.py:830} INFO - Processing file /Users/harshasogala/financial-data-platform/venv/lib/python3.12/site-packages/airflow/example_dags/tutorial_taskflow_api.py for tasks to queue
[2026-03-13T22:58:12.463+0100] {logging_mixin.py:188} INFO - [2026-03-13T22:58:12.463+0100] {dagbag.py:545} INFO - Filling up the DagBag from /Users/harshasogala/financial-data-platform/venv/lib/python3.12/site-packages/airflow/example_dags/tutorial_taskflow_api.py
[2026-03-13T22:58:12.486+0100] {processor.py:840} INFO - DAG(s) 'tutorial_taskflow_api' retrieved from /Users/harshasogala/financial-data-platform/venv/lib/python3.12/site-packages/airflow/example_dags/tutorial_taskflow_api.py
[2026-03-13T22:58:12.541+0100] {logging_mixin.py:188} INFO - [2026-03-13T22:58:12.541+0100] {dag.py:3089} INFO - Sync 1 DAGs
[2026-03-13T22:58:12.580+0100] {logging_mixin.py:188} INFO - [2026-03-13T22:58:12.580+0100] {dag.py:3947} INFO - Setting next_dagrun for tutorial_taskflow_api to None, run_after=None
[2026-03-13T22:58:12.593+0100] {processor.py:183} INFO - Processing /Users/harshasogala/financial-data-platform/venv/lib/python3.12/site-packages/airflow/example_dags/tutorial_taskflow_api.py took 0.133 seconds
[2026-03-13T22:58:53.938+0100] {processor.py:161} INFO - Started process (PID=72740) to work on /Users/harshasogala/financial-data-platform/venv/lib/python3.12/site-packages/airflow/example_dags/tutorial_taskflow_api.py
[2026-03-13T22:58:53.939+0100] {processor.py:830} INFO - Processing file /Users/harshasogala/financial-data-platform/venv/lib/python3.12/site-packages/airflow/example_dags/tutorial_taskflow_api.py for tasks to queue
[2026-03-13T22:58:53.939+0100] {logging_mixin.py:188} INFO - [2026-03-13T22:58:53.939+0100] {dagbag.py:545} INFO - Filling up the DagBag from /Users/harshasogala/financial-data-platform/venv/lib/python3.12/site-packages/airflow/example_dags/tutorial_taskflow_api.py
[2026-03-13T22:58:53.962+0100] {processor.py:840} INFO - DAG(s) 'tutorial_taskflow_api' retrieved from /Users/harshasogala/financial-data-platform/venv/lib/python3.12/site-packages/airflow/example_dags/tutorial_taskflow_api.py
[2026-03-13T22:58:54.014+0100] {logging_mixin.py:188} INFO - [2026-03-13T22:58:54.014+0100] {dag.py:3089} INFO - Sync 1 DAGs
[2026-03-13T22:58:54.053+0100] {logging_mixin.py:188} INFO - [2026-03-13T22:58:54.052+0100] {dag.py:3947} INFO - Setting next_dagrun for tutorial_taskflow_api to None, run_after=None
[2026-03-13T22:58:54.065+0100] {processor.py:183} INFO - Processing /Users/harshasogala/financial-data-platform/venv/lib/python3.12/site-packages/airflow/example_dags/tutorial_taskflow_api.py took 0.129 seconds
[2026-03-13T22:59:35.085+0100] {processor.py:161} INFO - Started process (PID=72775) to work on /Users/harshasogala/financial-data-platform/venv/lib/python3.12/site-packages/airflow/example_dags/tutorial_taskflow_api.py
[2026-03-13T22:59:35.087+0100] {processor.py:830} INFO - Processing file /Users/harshasogala/financial-data-platform/venv/lib/python3.12/site-packages/airflow/example_dags/tutorial_taskflow_api.py for tasks to queue
[2026-03-13T22:59:35.087+0100] {logging_mixin.py:188} INFO - [2026-03-13T22:59:35.087+0100] {dagbag.py:545} INFO - Filling up the DagBag from /Users/harshasogala/financial-data-platform/venv/lib/python3.12/site-packages/airflow/example_dags/tutorial_taskflow_api.py
[2026-03-13T22:59:35.109+0100] {processor.py:840} INFO - DAG(s) 'tutorial_taskflow_api' retrieved from /Users/harshasogala/financial-data-platform/venv/lib/python3.12/site-packages/airflow/example_dags/tutorial_taskflow_api.py
[2026-03-13T22:59:35.161+0100] {logging_mixin.py:188} INFO - [2026-03-13T22:59:35.161+0100] {dag.py:3089} INFO - Sync 1 DAGs
[2026-03-13T22:59:35.200+0100] {logging_mixin.py:188} INFO - [2026-03-13T22:59:35.200+0100] {dag.py:3947} INFO - Setting next_dagrun for tutorial_taskflow_api to None, run_after=None
[2026-03-13T22:59:35.212+0100] {processor.py:183} INFO - Processing /Users/harshasogala/financial-data-platform/venv/lib/python3.12/site-packages/airflow/example_dags/tutorial_taskflow_api.py took 0.129 seconds
[2026-03-13T23:00:53.116+0100] {processor.py:161} INFO - Started process (PID=72846) to work on /Users/harshasogala/financial-data-platform/venv/lib/python3.12/site-packages/airflow/example_dags/tutorial_taskflow_api.py
[2026-03-13T23:00:53.117+0100] {processor.py:830} INFO - Processing file /Users/harshasogala/financial-data-platform/venv/lib/python3.12/site-packages/airflow/example_dags/tutorial_taskflow_api.py for tasks to queue
[2026-03-13T23:00:53.117+0100] {logging_mixin.py:188} INFO - [2026-03-13T23:00:53.117+0100] {dagbag.py:545} INFO - Filling up the DagBag from /Users/harshasogala/financial-data-platform/venv/lib/python3.12/site-packages/airflow/example_dags/tutorial_taskflow_api.py
[2026-03-13T23:00:53.141+0100] {processor.py:840} INFO - DAG(s) 'tutorial_taskflow_api' retrieved from /Users/harshasogala/financial-data-platform/venv/lib/python3.12/site-packages/airflow/example_dags/tutorial_taskflow_api.py
[2026-03-13T23:00:53.196+0100] {logging_mixin.py:188} INFO - [2026-03-13T23:00:53.196+0100] {dag.py:3089} INFO - Sync 1 DAGs
[2026-03-13T23:00:53.236+0100] {logging_mixin.py:188} INFO - [2026-03-13T23:00:53.236+0100] {dag.py:3947} INFO - Setting next_dagrun for tutorial_taskflow_api to None, run_after=None
[2026-03-13T23:00:53.248+0100] {processor.py:183} INFO - Processing /Users/harshasogala/financial-data-platform/venv/lib/python3.12/site-packages/airflow/example_dags/tutorial_taskflow_api.py took 0.135 seconds
[2026-03-13T23:02:11.531+0100] {processor.py:161} INFO - Started process (PID=72906) to work on /Users/harshasogala/financial-data-platform/venv/lib/python3.12/site-packages/airflow/example_dags/tutorial_taskflow_api.py
[2026-03-13T23:02:11.532+0100] {processor.py:830} INFO - Processing file /Users/harshasogala/financial-data-platform/venv/lib/python3.12/site-packages/airflow/example_dags/tutorial_taskflow_api.py for tasks to queue
[2026-03-13T23:02:11.533+0100] {logging_mixin.py:188} INFO - [2026-03-13T23:02:11.532+0100] {dagbag.py:545} INFO - Filling up the DagBag from /Users/harshasogala/financial-data-platform/venv/lib/python3.12/site-packages/airflow/example_dags/tutorial_taskflow_api.py
[2026-03-13T23:02:11.557+0100] {processor.py:840} INFO - DAG(s) 'tutorial_taskflow_api' retrieved from /Users/harshasogala/financial-data-platform/venv/lib/python3.12/site-packages/airflow/example_dags/tutorial_taskflow_api.py
[2026-03-13T23:02:11.610+0100] {logging_mixin.py:188} INFO - [2026-03-13T23:02:11.610+0100] {dag.py:3089} INFO - Sync 1 DAGs
[2026-03-13T23:02:11.650+0100] {logging_mixin.py:188} INFO - [2026-03-13T23:02:11.650+0100] {dag.py:3947} INFO - Setting next_dagrun for tutorial_taskflow_api to None, run_after=None
[2026-03-13T23:02:11.662+0100] {processor.py:183} INFO - Processing /Users/harshasogala/financial-data-platform/venv/lib/python3.12/site-packages/airflow/example_dags/tutorial_taskflow_api.py took 0.133 seconds
[2026-03-13T23:03:31.747+0100] {processor.py:161} INFO - Started process (PID=72967) to work on /Users/harshasogala/financial-data-platform/venv/lib/python3.12/site-packages/airflow/example_dags/tutorial_taskflow_api.py
[2026-03-13T23:03:31.748+0100] {processor.py:830} INFO - Processing file /Users/harshasogala/financial-data-platform/venv/lib/python3.12/site-packages/airflow/example_dags/tutorial_taskflow_api.py for tasks to queue
[2026-03-13T23:03:31.749+0100] {logging_mixin.py:188} INFO - [2026-03-13T23:03:31.748+0100] {dagbag.py:545} INFO - Filling up the DagBag from /Users/harshasogala/financial-data-platform/venv/lib/python3.12/site-packages/airflow/example_dags/tutorial_taskflow_api.py
[2026-03-13T23:03:31.775+0100] {processor.py:840} INFO - DAG(s) 'tutorial_taskflow_api' retrieved from /Users/harshasogala/financial-data-platform/venv/lib/python3.12/site-packages/airflow/example_dags/tutorial_taskflow_api.py
[2026-03-13T23:03:31.835+0100] {logging_mixin.py:188} INFO - [2026-03-13T23:03:31.835+0100] {dag.py:3089} INFO - Sync 1 DAGs
[2026-03-13T23:03:31.876+0100] {logging_mixin.py:188} INFO - [2026-03-13T23:03:31.876+0100] {dag.py:3947} INFO - Setting next_dagrun for tutorial_taskflow_api to None, run_after=None
[2026-03-13T23:03:31.888+0100] {processor.py:183} INFO - Processing /Users/harshasogala/financial-data-platform/venv/lib/python3.12/site-packages/airflow/example_dags/tutorial_taskflow_api.py took 0.143 seconds
[2026-03-13T23:04:48.645+0100] {processor.py:161} INFO - Started process (PID=73025) to work on /Users/harshasogala/financial-data-platform/venv/lib/python3.12/site-packages/airflow/example_dags/tutorial_taskflow_api.py
[2026-03-13T23:04:48.647+0100] {processor.py:830} INFO - Processing file /Users/harshasogala/financial-data-platform/venv/lib/python3.12/site-packages/airflow/example_dags/tutorial_taskflow_api.py for tasks to queue
[2026-03-13T23:04:48.648+0100] {logging_mixin.py:188} INFO - [2026-03-13T23:04:48.648+0100] {dagbag.py:545} INFO - Filling up the DagBag from /Users/harshasogala/financial-data-platform/venv/lib/python3.12/site-packages/airflow/example_dags/tutorial_taskflow_api.py
[2026-03-13T23:04:48.675+0100] {processor.py:840} INFO - DAG(s) 'tutorial_taskflow_api' retrieved from /Users/harshasogala/financial-data-platform/venv/lib/python3.12/site-packages/airflow/example_dags/tutorial_taskflow_api.py
[2026-03-13T23:04:48.727+0100] {logging_mixin.py:188} INFO - [2026-03-13T23:04:48.727+0100] {dag.py:3089} INFO - Sync 1 DAGs
[2026-03-13T23:04:48.766+0100] {logging_mixin.py:188} INFO - [2026-03-13T23:04:48.766+0100] {dag.py:3947} INFO - Setting next_dagrun for tutorial_taskflow_api to None, run_after=None
[2026-03-13T23:04:48.779+0100] {processor.py:183} INFO - Processing /Users/harshasogala/financial-data-platform/venv/lib/python3.12/site-packages/airflow/example_dags/tutorial_taskflow_api.py took 0.136 seconds
[2026-03-13T23:06:04.508+0100] {processor.py:161} INFO - Started process (PID=73091) to work on /Users/harshasogala/financial-data-platform/venv/lib/python3.12/site-packages/airflow/example_dags/tutorial_taskflow_api.py
[2026-03-13T23:06:04.510+0100] {processor.py:830} INFO - Processing file /Users/harshasogala/financial-data-platform/venv/lib/python3.12/site-packages/airflow/example_dags/tutorial_taskflow_api.py for tasks to queue
[2026-03-13T23:06:04.510+0100] {logging_mixin.py:188} INFO - [2026-03-13T23:06:04.510+0100] {dagbag.py:545} INFO - Filling up the DagBag from /Users/harshasogala/financial-data-platform/venv/lib/python3.12/site-packages/airflow/example_dags/tutorial_taskflow_api.py
[2026-03-13T23:06:04.532+0100] {processor.py:840} INFO - DAG(s) 'tutorial_taskflow_api' retrieved from /Users/harshasogala/financial-data-platform/venv/lib/python3.12/site-packages/airflow/example_dags/tutorial_taskflow_api.py
[2026-03-13T23:06:04.585+0100] {logging_mixin.py:188} INFO - [2026-03-13T23:06:04.585+0100] {dag.py:3089} INFO - Sync 1 DAGs
[2026-03-13T23:06:04.624+0100] {logging_mixin.py:188} INFO - [2026-03-13T23:06:04.624+0100] {dag.py:3947} INFO - Setting next_dagrun for tutorial_taskflow_api to None, run_after=None
[2026-03-13T23:06:04.635+0100] {processor.py:183} INFO - Processing /Users/harshasogala/financial-data-platform/venv/lib/python3.12/site-packages/airflow/example_dags/tutorial_taskflow_api.py took 0.128 seconds
[2026-03-13T23:06:46.775+0100] {processor.py:161} INFO - Started process (PID=73125) to work on /Users/harshasogala/financial-data-platform/venv/lib/python3.12/site-packages/airflow/example_dags/tutorial_taskflow_api.py
[2026-03-13T23:06:46.776+0100] {processor.py:830} INFO - Processing file /Users/harshasogala/financial-data-platform/venv/lib/python3.12/site-packages/airflow/example_dags/tutorial_taskflow_api.py for tasks to queue
[2026-03-13T23:06:46.776+0100] {logging_mixin.py:188} INFO - [2026-03-13T23:06:46.776+0100] {dagbag.py:545} INFO - Filling up the DagBag from /Users/harshasogala/financial-data-platform/venv/lib/python3.12/site-packages/airflow/example_dags/tutorial_taskflow_api.py
[2026-03-13T23:06:46.800+0100] {processor.py:840} INFO - DAG(s) 'tutorial_taskflow_api' retrieved from /Users/harshasogala/financial-data-platform/venv/lib/python3.12/site-packages/airflow/example_dags/tutorial_taskflow_api.py
[2026-03-13T23:06:46.858+0100] {logging_mixin.py:188} INFO - [2026-03-13T23:06:46.858+0100] {dag.py:3089} INFO - Sync 1 DAGs
[2026-03-13T23:06:46.897+0100] {logging_mixin.py:188} INFO - [2026-03-13T23:06:46.897+0100] {dag.py:3947} INFO - Setting next_dagrun for tutorial_taskflow_api to None, run_after=None
[2026-03-13T23:06:46.909+0100] {processor.py:183} INFO - Processing /Users/harshasogala/financial-data-platform/venv/lib/python3.12/site-packages/airflow/example_dags/tutorial_taskflow_api.py took 0.136 seconds
[2026-03-13T23:07:28.596+0100] {processor.py:161} INFO - Started process (PID=73160) to work on /Users/harshasogala/financial-data-platform/venv/lib/python3.12/site-packages/airflow/example_dags/tutorial_taskflow_api.py
[2026-03-13T23:07:28.597+0100] {processor.py:830} INFO - Processing file /Users/harshasogala/financial-data-platform/venv/lib/python3.12/site-packages/airflow/example_dags/tutorial_taskflow_api.py for tasks to queue
[2026-03-13T23:07:28.598+0100] {logging_mixin.py:188} INFO - [2026-03-13T23:07:28.598+0100] {dagbag.py:545} INFO - Filling up the DagBag from /Users/harshasogala/financial-data-platform/venv/lib/python3.12/site-packages/airflow/example_dags/tutorial_taskflow_api.py
[2026-03-13T23:07:28.637+0100] {processor.py:840} INFO - DAG(s) 'tutorial_taskflow_api' retrieved from /Users/harshasogala/financial-data-platform/venv/lib/python3.12/site-packages/airflow/example_dags/tutorial_taskflow_api.py
[2026-03-13T23:07:28.750+0100] {logging_mixin.py:188} INFO - [2026-03-13T23:07:28.750+0100] {dag.py:3089} INFO - Sync 1 DAGs
[2026-03-13T23:07:28.831+0100] {logging_mixin.py:188} INFO - [2026-03-13T23:07:28.831+0100] {dag.py:3947} INFO - Setting next_dagrun for tutorial_taskflow_api to None, run_after=None
[2026-03-13T23:07:28.852+0100] {processor.py:183} INFO - Processing /Users/harshasogala/financial-data-platform/venv/lib/python3.12/site-packages/airflow/example_dags/tutorial_taskflow_api.py took 0.258 seconds
[2026-03-13T23:08:43.709+0100] {processor.py:161} INFO - Started process (PID=73220) to work on /Users/harshasogala/financial-data-platform/venv/lib/python3.12/site-packages/airflow/example_dags/tutorial_taskflow_api.py
[2026-03-13T23:08:43.710+0100] {processor.py:830} INFO - Processing file /Users/harshasogala/financial-data-platform/venv/lib/python3.12/site-packages/airflow/example_dags/tutorial_taskflow_api.py for tasks to queue
[2026-03-13T23:08:43.711+0100] {logging_mixin.py:188} INFO - [2026-03-13T23:08:43.711+0100] {dagbag.py:545} INFO - Filling up the DagBag from /Users/harshasogala/financial-data-platform/venv/lib/python3.12/site-packages/airflow/example_dags/tutorial_taskflow_api.py
[2026-03-13T23:08:43.736+0100] {processor.py:840} INFO - DAG(s) 'tutorial_taskflow_api' retrieved from /Users/harshasogala/financial-data-platform/venv/lib/python3.12/site-packages/airflow/example_dags/tutorial_taskflow_api.py
[2026-03-13T23:08:43.792+0100] {logging_mixin.py:188} INFO - [2026-03-13T23:08:43.791+0100] {dag.py:3089} INFO - Sync 1 DAGs
[2026-03-13T23:08:43.832+0100] {logging_mixin.py:188} INFO - [2026-03-13T23:08:43.831+0100] {dag.py:3947} INFO - Setting next_dagrun for tutorial_taskflow_api to None, run_after=None
[2026-03-13T23:08:43.844+0100] {processor.py:183} INFO - Processing /Users/harshasogala/financial-data-platform/venv/lib/python3.12/site-packages/airflow/example_dags/tutorial_taskflow_api.py took 0.137 seconds
[2026-03-13T23:09:55.243+0100] {processor.py:161} INFO - Started process (PID=73276) to work on /Users/harshasogala/financial-data-platform/venv/lib/python3.12/site-packages/airflow/example_dags/tutorial_taskflow_api.py
[2026-03-13T23:09:55.244+0100] {processor.py:830} INFO - Processing file /Users/harshasogala/financial-data-platform/venv/lib/python3.12/site-packages/airflow/example_dags/tutorial_taskflow_api.py for tasks to queue
[2026-03-13T23:09:55.245+0100] {logging_mixin.py:188} INFO - [2026-03-13T23:09:55.245+0100] {dagbag.py:545} INFO - Filling up the DagBag from /Users/harshasogala/financial-data-platform/venv/lib/python3.12/site-packages/airflow/example_dags/tutorial_taskflow_api.py
[2026-03-13T23:09:55.274+0100] {processor.py:840} INFO - DAG(s) 'tutorial_taskflow_api' retrieved from /Users/harshasogala/financial-data-platform/venv/lib/python3.12/site-packages/airflow/example_dags/tutorial_taskflow_api.py
[2026-03-13T23:09:55.395+0100] {logging_mixin.py:188} INFO - [2026-03-13T23:09:55.394+0100] {dag.py:3089} INFO - Sync 1 DAGs
[2026-03-13T23:09:55.445+0100] {logging_mixin.py:188} INFO - [2026-03-13T23:09:55.445+0100] {dag.py:3947} INFO - Setting next_dagrun for tutorial_taskflow_api to None, run_after=None
[2026-03-13T23:09:55.461+0100] {processor.py:183} INFO - Processing /Users/harshasogala/financial-data-platform/venv/lib/python3.12/site-packages/airflow/example_dags/tutorial_taskflow_api.py took 0.221 seconds
[2026-03-13T23:11:08.796+0100] {processor.py:161} INFO - Started process (PID=73336) to work on /Users/harshasogala/financial-data-platform/venv/lib/python3.12/site-packages/airflow/example_dags/tutorial_taskflow_api.py
[2026-03-13T23:11:08.797+0100] {processor.py:830} INFO - Processing file /Users/harshasogala/financial-data-platform/venv/lib/python3.12/site-packages/airflow/example_dags/tutorial_taskflow_api.py for tasks to queue
[2026-03-13T23:11:08.798+0100] {logging_mixin.py:188} INFO - [2026-03-13T23:11:08.798+0100] {dagbag.py:545} INFO - Filling up the DagBag from /Users/harshasogala/financial-data-platform/venv/lib/python3.12/site-packages/airflow/example_dags/tutorial_taskflow_api.py
[2026-03-13T23:11:08.825+0100] {processor.py:840} INFO - DAG(s) 'tutorial_taskflow_api' retrieved from /Users/harshasogala/financial-data-platform/venv/lib/python3.12/site-packages/airflow/example_dags/tutorial_taskflow_api.py
[2026-03-13T23:11:08.879+0100] {logging_mixin.py:188} INFO - [2026-03-13T23:11:08.879+0100] {dag.py:3089} INFO - Sync 1 DAGs
[2026-03-13T23:11:08.920+0100] {logging_mixin.py:188} INFO - [2026-03-13T23:11:08.920+0100] {dag.py:3947} INFO - Setting next_dagrun for tutorial_taskflow_api to None, run_after=None
[2026-03-13T23:11:08.932+0100] {processor.py:183} INFO - Processing /Users/harshasogala/financial-data-platform/venv/lib/python3.12/site-packages/airflow/example_dags/tutorial_taskflow_api.py took 0.139 seconds
[2026-03-13T23:12:22.048+0100] {processor.py:161} INFO - Started process (PID=73403) to work on /Users/harshasogala/financial-data-platform/venv/lib/python3.12/site-packages/airflow/example_dags/tutorial_taskflow_api.py
[2026-03-13T23:12:22.050+0100] {processor.py:830} INFO - Processing file /Users/harshasogala/financial-data-platform/venv/lib/python3.12/site-packages/airflow/example_dags/tutorial_taskflow_api.py for tasks to queue
[2026-03-13T23:12:22.050+0100] {logging_mixin.py:188} INFO - [2026-03-13T23:12:22.050+0100] {dagbag.py:545} INFO - Filling up the DagBag from /Users/harshasogala/financial-data-platform/venv/lib/python3.12/site-packages/airflow/example_dags/tutorial_taskflow_api.py
[2026-03-13T23:12:22.075+0100] {processor.py:840} INFO - DAG(s) 'tutorial_taskflow_api' retrieved from /Users/harshasogala/financial-data-platform/venv/lib/python3.12/site-packages/airflow/example_dags/tutorial_taskflow_api.py
[2026-03-13T23:12:22.128+0100] {logging_mixin.py:188} INFO - [2026-03-13T23:12:22.128+0100] {dag.py:3089} INFO - Sync 1 DAGs
[2026-03-13T23:12:22.167+0100] {logging_mixin.py:188} INFO - [2026-03-13T23:12:22.167+0100] {dag.py:3947} INFO - Setting next_dagrun for tutorial_taskflow_api to None, run_after=None
[2026-03-13T23:12:22.180+0100] {processor.py:183} INFO - Processing /Users/harshasogala/financial-data-platform/venv/lib/python3.12/site-packages/airflow/example_dags/tutorial_taskflow_api.py took 0.133 seconds
[2026-03-13T23:13:39.073+0100] {processor.py:161} INFO - Started process (PID=73463) to work on /Users/harshasogala/financial-data-platform/venv/lib/python3.12/site-packages/airflow/example_dags/tutorial_taskflow_api.py
[2026-03-13T23:13:39.074+0100] {processor.py:830} INFO - Processing file /Users/harshasogala/financial-data-platform/venv/lib/python3.12/site-packages/airflow/example_dags/tutorial_taskflow_api.py for tasks to queue
[2026-03-13T23:13:39.075+0100] {logging_mixin.py:188} INFO - [2026-03-13T23:13:39.074+0100] {dagbag.py:545} INFO - Filling up the DagBag from /Users/harshasogala/financial-data-platform/venv/lib/python3.12/site-packages/airflow/example_dags/tutorial_taskflow_api.py
[2026-03-13T23:13:39.100+0100] {processor.py:840} INFO - DAG(s) 'tutorial_taskflow_api' retrieved from /Users/harshasogala/financial-data-platform/venv/lib/python3.12/site-packages/airflow/example_dags/tutorial_taskflow_api.py
[2026-03-13T23:13:39.153+0100] {logging_mixin.py:188} INFO - [2026-03-13T23:13:39.153+0100] {dag.py:3089} INFO - Sync 1 DAGs
[2026-03-13T23:13:39.192+0100] {logging_mixin.py:188} INFO - [2026-03-13T23:13:39.191+0100] {dag.py:3947} INFO - Setting next_dagrun for tutorial_taskflow_api to None, run_after=None
[2026-03-13T23:13:39.204+0100] {processor.py:183} INFO - Processing /Users/harshasogala/financial-data-platform/venv/lib/python3.12/site-packages/airflow/example_dags/tutorial_taskflow_api.py took 0.133 seconds
[2026-03-13T23:14:52.793+0100] {processor.py:161} INFO - Started process (PID=73523) to work on /Users/harshasogala/financial-data-platform/venv/lib/python3.12/site-packages/airflow/example_dags/tutorial_taskflow_api.py
[2026-03-13T23:14:52.794+0100] {processor.py:830} INFO - Processing file /Users/harshasogala/financial-data-platform/venv/lib/python3.12/site-packages/airflow/example_dags/tutorial_taskflow_api.py for tasks to queue
[2026-03-13T23:14:52.795+0100] {logging_mixin.py:188} INFO - [2026-03-13T23:14:52.795+0100] {dagbag.py:545} INFO - Filling up the DagBag from /Users/harshasogala/financial-data-platform/venv/lib/python3.12/site-packages/airflow/example_dags/tutorial_taskflow_api.py
[2026-03-13T23:14:52.823+0100] {processor.py:840} INFO - DAG(s) 'tutorial_taskflow_api' retrieved from /Users/harshasogala/financial-data-platform/venv/lib/python3.12/site-packages/airflow/example_dags/tutorial_taskflow_api.py
[2026-03-13T23:14:52.877+0100] {logging_mixin.py:188} INFO - [2026-03-13T23:14:52.877+0100] {dag.py:3089} INFO - Sync 1 DAGs
[2026-03-13T23:14:52.916+0100] {logging_mixin.py:188} INFO - [2026-03-13T23:14:52.916+0100] {dag.py:3947} INFO - Setting next_dagrun for tutorial_taskflow_api to None, run_after=None
[2026-03-13T23:14:52.927+0100] {processor.py:183} INFO - Processing /Users/harshasogala/financial-data-platform/venv/lib/python3.12/site-packages/airflow/example_dags/tutorial_taskflow_api.py took 0.137 seconds
[2026-03-13T23:16:06.675+0100] {processor.py:161} INFO - Started process (PID=73582) to work on /Users/harshasogala/financial-data-platform/venv/lib/python3.12/site-packages/airflow/example_dags/tutorial_taskflow_api.py
[2026-03-13T23:16:06.676+0100] {processor.py:830} INFO - Processing file /Users/harshasogala/financial-data-platform/venv/lib/python3.12/site-packages/airflow/example_dags/tutorial_taskflow_api.py for tasks to queue
[2026-03-13T23:16:06.677+0100] {logging_mixin.py:188} INFO - [2026-03-13T23:16:06.677+0100] {dagbag.py:545} INFO - Filling up the DagBag from /Users/harshasogala/financial-data-platform/venv/lib/python3.12/site-packages/airflow/example_dags/tutorial_taskflow_api.py
[2026-03-13T23:16:06.708+0100] {processor.py:840} INFO - DAG(s) 'tutorial_taskflow_api' retrieved from /Users/harshasogala/financial-data-platform/venv/lib/python3.12/site-packages/airflow/example_dags/tutorial_taskflow_api.py
[2026-03-13T23:16:06.770+0100] {logging_mixin.py:188} INFO - [2026-03-13T23:16:06.770+0100] {dag.py:3089} INFO - Sync 1 DAGs
[2026-03-13T23:16:06.812+0100] {logging_mixin.py:188} INFO - [2026-03-13T23:16:06.812+0100] {dag.py:3947} INFO - Setting next_dagrun for tutorial_taskflow_api to None, run_after=None
[2026-03-13T23:16:06.825+0100] {processor.py:183} INFO - Processing /Users/harshasogala/financial-data-platform/venv/lib/python3.12/site-packages/airflow/example_dags/tutorial_taskflow_api.py took 0.152 seconds
[2026-03-13T23:17:22.946+0100] {processor.py:161} INFO - Started process (PID=73654) to work on /Users/harshasogala/financial-data-platform/venv/lib/python3.12/site-packages/airflow/example_dags/tutorial_taskflow_api.py
[2026-03-13T23:17:22.947+0100] {processor.py:830} INFO - Processing file /Users/harshasogala/financial-data-platform/venv/lib/python3.12/site-packages/airflow/example_dags/tutorial_taskflow_api.py for tasks to queue
[2026-03-13T23:17:22.947+0100] {logging_mixin.py:188} INFO - [2026-03-13T23:17:22.947+0100] {dagbag.py:545} INFO - Filling up the DagBag from /Users/harshasogala/financial-data-platform/venv/lib/python3.12/site-packages/airflow/example_dags/tutorial_taskflow_api.py
[2026-03-13T23:17:22.973+0100] {processor.py:840} INFO - DAG(s) 'tutorial_taskflow_api' retrieved from /Users/harshasogala/financial-data-platform/venv/lib/python3.12/site-packages/airflow/example_dags/tutorial_taskflow_api.py
[2026-03-13T23:17:23.030+0100] {logging_mixin.py:188} INFO - [2026-03-13T23:17:23.029+0100] {dag.py:3089} INFO - Sync 1 DAGs
[2026-03-13T23:17:23.075+0100] {logging_mixin.py:188} INFO - [2026-03-13T23:17:23.075+0100] {dag.py:3947} INFO - Setting next_dagrun for tutorial_taskflow_api to None, run_after=None
[2026-03-13T23:17:23.089+0100] {processor.py:183} INFO - Processing /Users/harshasogala/financial-data-platform/venv/lib/python3.12/site-packages/airflow/example_dags/tutorial_taskflow_api.py took 0.145 seconds
[2026-03-13T23:18:02.940+0100] {processor.py:161} INFO - Started process (PID=73684) to work on /Users/harshasogala/financial-data-platform/venv/lib/python3.12/site-packages/airflow/example_dags/tutorial_taskflow_api.py
[2026-03-13T23:18:02.941+0100] {processor.py:830} INFO - Processing file /Users/harshasogala/financial-data-platform/venv/lib/python3.12/site-packages/airflow/example_dags/tutorial_taskflow_api.py for tasks to queue
[2026-03-13T23:18:02.941+0100] {logging_mixin.py:188} INFO - [2026-03-13T23:18:02.941+0100] {dagbag.py:545} INFO - Filling up the DagBag from /Users/harshasogala/financial-data-platform/venv/lib/python3.12/site-packages/airflow/example_dags/tutorial_taskflow_api.py
[2026-03-13T23:18:02.964+0100] {processor.py:840} INFO - DAG(s) 'tutorial_taskflow_api' retrieved from /Users/harshasogala/financial-data-platform/venv/lib/python3.12/site-packages/airflow/example_dags/tutorial_taskflow_api.py
[2026-03-13T23:18:03.017+0100] {logging_mixin.py:188} INFO - [2026-03-13T23:18:03.017+0100] {dag.py:3089} INFO - Sync 1 DAGs
[2026-03-13T23:18:03.056+0100] {logging_mixin.py:188} INFO - [2026-03-13T23:18:03.056+0100] {dag.py:3947} INFO - Setting next_dagrun for tutorial_taskflow_api to None, run_after=None
[2026-03-13T23:18:03.069+0100] {processor.py:183} INFO - Processing /Users/harshasogala/financial-data-platform/venv/lib/python3.12/site-packages/airflow/example_dags/tutorial_taskflow_api.py took 0.131 seconds
[2026-03-13T23:19:18.247+0100] {processor.py:161} INFO - Started process (PID=73744) to work on /Users/harshasogala/financial-data-platform/venv/lib/python3.12/site-packages/airflow/example_dags/tutorial_taskflow_api.py
[2026-03-13T23:19:18.248+0100] {processor.py:830} INFO - Processing file /Users/harshasogala/financial-data-platform/venv/lib/python3.12/site-packages/airflow/example_dags/tutorial_taskflow_api.py for tasks to queue
[2026-03-13T23:19:18.248+0100] {logging_mixin.py:188} INFO - [2026-03-13T23:19:18.248+0100] {dagbag.py:545} INFO - Filling up the DagBag from /Users/harshasogala/financial-data-platform/venv/lib/python3.12/site-packages/airflow/example_dags/tutorial_taskflow_api.py
[2026-03-13T23:19:18.270+0100] {processor.py:840} INFO - DAG(s) 'tutorial_taskflow_api' retrieved from /Users/harshasogala/financial-data-platform/venv/lib/python3.12/site-packages/airflow/example_dags/tutorial_taskflow_api.py
[2026-03-13T23:19:18.323+0100] {logging_mixin.py:188} INFO - [2026-03-13T23:19:18.323+0100] {dag.py:3089} INFO - Sync 1 DAGs
[2026-03-13T23:19:18.362+0100] {logging_mixin.py:188} INFO - [2026-03-13T23:19:18.362+0100] {dag.py:3947} INFO - Setting next_dagrun for tutorial_taskflow_api to None, run_after=None
[2026-03-13T23:19:18.375+0100] {processor.py:183} INFO - Processing /Users/harshasogala/financial-data-platform/venv/lib/python3.12/site-packages/airflow/example_dags/tutorial_taskflow_api.py took 0.130 seconds
[2026-03-13T23:20:37.418+0100] {processor.py:161} INFO - Started process (PID=73810) to work on /Users/harshasogala/financial-data-platform/venv/lib/python3.12/site-packages/airflow/example_dags/tutorial_taskflow_api.py
[2026-03-13T23:20:37.420+0100] {processor.py:830} INFO - Processing file /Users/harshasogala/financial-data-platform/venv/lib/python3.12/site-packages/airflow/example_dags/tutorial_taskflow_api.py for tasks to queue
[2026-03-13T23:20:37.420+0100] {logging_mixin.py:188} INFO - [2026-03-13T23:20:37.420+0100] {dagbag.py:545} INFO - Filling up the DagBag from /Users/harshasogala/financial-data-platform/venv/lib/python3.12/site-packages/airflow/example_dags/tutorial_taskflow_api.py
[2026-03-13T23:20:37.443+0100] {processor.py:840} INFO - DAG(s) 'tutorial_taskflow_api' retrieved from /Users/harshasogala/financial-data-platform/venv/lib/python3.12/site-packages/airflow/example_dags/tutorial_taskflow_api.py
[2026-03-13T23:20:37.498+0100] {logging_mixin.py:188} INFO - [2026-03-13T23:20:37.498+0100] {dag.py:3089} INFO - Sync 1 DAGs
[2026-03-13T23:20:37.538+0100] {logging_mixin.py:188} INFO - [2026-03-13T23:20:37.538+0100] {dag.py:3947} INFO - Setting next_dagrun for tutorial_taskflow_api to None, run_after=None
[2026-03-13T23:20:37.550+0100] {processor.py:183} INFO - Processing /Users/harshasogala/financial-data-platform/venv/lib/python3.12/site-packages/airflow/example_dags/tutorial_taskflow_api.py took 0.133 seconds
[2026-03-13T23:21:50.674+0100] {processor.py:161} INFO - Started process (PID=73893) to work on /Users/harshasogala/financial-data-platform/venv/lib/python3.12/site-packages/airflow/example_dags/tutorial_taskflow_api.py
[2026-03-13T23:21:50.675+0100] {processor.py:830} INFO - Processing file /Users/harshasogala/financial-data-platform/venv/lib/python3.12/site-packages/airflow/example_dags/tutorial_taskflow_api.py for tasks to queue
[2026-03-13T23:21:50.676+0100] {logging_mixin.py:188} INFO - [2026-03-13T23:21:50.676+0100] {dagbag.py:545} INFO - Filling up the DagBag from /Users/harshasogala/financial-data-platform/venv/lib/python3.12/site-packages/airflow/example_dags/tutorial_taskflow_api.py
[2026-03-13T23:21:50.698+0100] {processor.py:840} INFO - DAG(s) 'tutorial_taskflow_api' retrieved from /Users/harshasogala/financial-data-platform/venv/lib/python3.12/site-packages/airflow/example_dags/tutorial_taskflow_api.py
[2026-03-13T23:21:50.753+0100] {logging_mixin.py:188} INFO - [2026-03-13T23:21:50.753+0100] {dag.py:3089} INFO - Sync 1 DAGs
[2026-03-13T23:21:50.792+0100] {logging_mixin.py:188} INFO - [2026-03-13T23:21:50.792+0100] {dag.py:3947} INFO - Setting next_dagrun for tutorial_taskflow_api to None, run_after=None
[2026-03-13T23:21:50.803+0100] {processor.py:183} INFO - Processing /Users/harshasogala/financial-data-platform/venv/lib/python3.12/site-packages/airflow/example_dags/tutorial_taskflow_api.py took 0.131 seconds
[2026-03-13T23:23:05.469+0100] {processor.py:161} INFO - Started process (PID=73955) to work on /Users/harshasogala/financial-data-platform/venv/lib/python3.12/site-packages/airflow/example_dags/tutorial_taskflow_api.py
[2026-03-13T23:23:05.471+0100] {processor.py:830} INFO - Processing file /Users/harshasogala/financial-data-platform/venv/lib/python3.12/site-packages/airflow/example_dags/tutorial_taskflow_api.py for tasks to queue
[2026-03-13T23:23:05.471+0100] {logging_mixin.py:188} INFO - [2026-03-13T23:23:05.471+0100] {dagbag.py:545} INFO - Filling up the DagBag from /Users/harshasogala/financial-data-platform/venv/lib/python3.12/site-packages/airflow/example_dags/tutorial_taskflow_api.py
[2026-03-13T23:23:05.494+0100] {processor.py:840} INFO - DAG(s) 'tutorial_taskflow_api' retrieved from /Users/harshasogala/financial-data-platform/venv/lib/python3.12/site-packages/airflow/example_dags/tutorial_taskflow_api.py
[2026-03-13T23:23:05.549+0100] {logging_mixin.py:188} INFO - [2026-03-13T23:23:05.548+0100] {dag.py:3089} INFO - Sync 1 DAGs
[2026-03-13T23:23:05.587+0100] {logging_mixin.py:188} INFO - [2026-03-13T23:23:05.587+0100] {dag.py:3947} INFO - Setting next_dagrun for tutorial_taskflow_api to None, run_after=None
[2026-03-13T23:23:05.600+0100] {processor.py:183} INFO - Processing /Users/harshasogala/financial-data-platform/venv/lib/python3.12/site-packages/airflow/example_dags/tutorial_taskflow_api.py took 0.132 seconds
[2026-03-13T23:24:17.041+0100] {processor.py:161} INFO - Started process (PID=74013) to work on /Users/harshasogala/financial-data-platform/venv/lib/python3.12/site-packages/airflow/example_dags/tutorial_taskflow_api.py
[2026-03-13T23:24:17.042+0100] {processor.py:830} INFO - Processing file /Users/harshasogala/financial-data-platform/venv/lib/python3.12/site-packages/airflow/example_dags/tutorial_taskflow_api.py for tasks to queue
[2026-03-13T23:24:17.043+0100] {logging_mixin.py:188} INFO - [2026-03-13T23:24:17.042+0100] {dagbag.py:545} INFO - Filling up the DagBag from /Users/harshasogala/financial-data-platform/venv/lib/python3.12/site-packages/airflow/example_dags/tutorial_taskflow_api.py
[2026-03-13T23:24:17.066+0100] {processor.py:840} INFO - DAG(s) 'tutorial_taskflow_api' retrieved from /Users/harshasogala/financial-data-platform/venv/lib/python3.12/site-packages/airflow/example_dags/tutorial_taskflow_api.py
[2026-03-13T23:24:17.120+0100] {logging_mixin.py:188} INFO - [2026-03-13T23:24:17.120+0100] {dag.py:3089} INFO - Sync 1 DAGs
[2026-03-13T23:24:17.158+0100] {logging_mixin.py:188} INFO - [2026-03-13T23:24:17.158+0100] {dag.py:3947} INFO - Setting next_dagrun for tutorial_taskflow_api to None, run_after=None
[2026-03-13T23:24:17.170+0100] {processor.py:183} INFO - Processing /Users/harshasogala/financial-data-platform/venv/lib/python3.12/site-packages/airflow/example_dags/tutorial_taskflow_api.py took 0.130 seconds
[2026-03-13T23:24:58.081+0100] {processor.py:161} INFO - Started process (PID=74045) to work on /Users/harshasogala/financial-data-platform/venv/lib/python3.12/site-packages/airflow/example_dags/tutorial_taskflow_api.py
[2026-03-13T23:24:58.082+0100] {processor.py:830} INFO - Processing file /Users/harshasogala/financial-data-platform/venv/lib/python3.12/site-packages/airflow/example_dags/tutorial_taskflow_api.py for tasks to queue
[2026-03-13T23:24:58.083+0100] {logging_mixin.py:188} INFO - [2026-03-13T23:24:58.083+0100] {dagbag.py:545} INFO - Filling up the DagBag from /Users/harshasogala/financial-data-platform/venv/lib/python3.12/site-packages/airflow/example_dags/tutorial_taskflow_api.py
[2026-03-13T23:24:58.106+0100] {processor.py:840} INFO - DAG(s) 'tutorial_taskflow_api' retrieved from /Users/harshasogala/financial-data-platform/venv/lib/python3.12/site-packages/airflow/example_dags/tutorial_taskflow_api.py
[2026-03-13T23:24:58.159+0100] {logging_mixin.py:188} INFO - [2026-03-13T23:24:58.159+0100] {dag.py:3089} INFO - Sync 1 DAGs
[2026-03-13T23:24:58.198+0100] {logging_mixin.py:188} INFO - [2026-03-13T23:24:58.198+0100] {dag.py:3947} INFO - Setting next_dagrun for tutorial_taskflow_api to None, run_after=None
[2026-03-13T23:24:58.210+0100] {processor.py:183} INFO - Processing /Users/harshasogala/financial-data-platform/venv/lib/python3.12/site-packages/airflow/example_dags/tutorial_taskflow_api.py took 0.131 seconds
[2026-03-13T23:25:38.871+0100] {processor.py:161} INFO - Started process (PID=74075) to work on /Users/harshasogala/financial-data-platform/venv/lib/python3.12/site-packages/airflow/example_dags/tutorial_taskflow_api.py
[2026-03-13T23:25:38.872+0100] {processor.py:830} INFO - Processing file /Users/harshasogala/financial-data-platform/venv/lib/python3.12/site-packages/airflow/example_dags/tutorial_taskflow_api.py for tasks to queue
[2026-03-13T23:25:38.873+0100] {logging_mixin.py:188} INFO - [2026-03-13T23:25:38.873+0100] {dagbag.py:545} INFO - Filling up the DagBag from /Users/harshasogala/financial-data-platform/venv/lib/python3.12/site-packages/airflow/example_dags/tutorial_taskflow_api.py
[2026-03-13T23:25:38.895+0100] {processor.py:840} INFO - DAG(s) 'tutorial_taskflow_api' retrieved from /Users/harshasogala/financial-data-platform/venv/lib/python3.12/site-packages/airflow/example_dags/tutorial_taskflow_api.py
[2026-03-13T23:25:38.948+0100] {logging_mixin.py:188} INFO - [2026-03-13T23:25:38.948+0100] {dag.py:3089} INFO - Sync 1 DAGs
[2026-03-13T23:25:38.987+0100] {logging_mixin.py:188} INFO - [2026-03-13T23:25:38.987+0100] {dag.py:3947} INFO - Setting next_dagrun for tutorial_taskflow_api to None, run_after=None
[2026-03-13T23:25:39.000+0100] {processor.py:183} INFO - Processing /Users/harshasogala/financial-data-platform/venv/lib/python3.12/site-packages/airflow/example_dags/tutorial_taskflow_api.py took 0.130 seconds
[2026-03-13T23:26:50.689+0100] {processor.py:161} INFO - Started process (PID=74134) to work on /Users/harshasogala/financial-data-platform/venv/lib/python3.12/site-packages/airflow/example_dags/tutorial_taskflow_api.py
[2026-03-13T23:26:50.691+0100] {processor.py:830} INFO - Processing file /Users/harshasogala/financial-data-platform/venv/lib/python3.12/site-packages/airflow/example_dags/tutorial_taskflow_api.py for tasks to queue
[2026-03-13T23:26:50.691+0100] {logging_mixin.py:188} INFO - [2026-03-13T23:26:50.691+0100] {dagbag.py:545} INFO - Filling up the DagBag from /Users/harshasogala/financial-data-platform/venv/lib/python3.12/site-packages/airflow/example_dags/tutorial_taskflow_api.py
[2026-03-13T23:26:50.714+0100] {processor.py:840} INFO - DAG(s) 'tutorial_taskflow_api' retrieved from /Users/harshasogala/financial-data-platform/venv/lib/python3.12/site-packages/airflow/example_dags/tutorial_taskflow_api.py
[2026-03-13T23:26:50.768+0100] {logging_mixin.py:188} INFO - [2026-03-13T23:26:50.768+0100] {dag.py:3089} INFO - Sync 1 DAGs
[2026-03-13T23:26:50.806+0100] {logging_mixin.py:188} INFO - [2026-03-13T23:26:50.806+0100] {dag.py:3947} INFO - Setting next_dagrun for tutorial_taskflow_api to None, run_after=None
[2026-03-13T23:26:50.818+0100] {processor.py:183} INFO - Processing /Users/harshasogala/financial-data-platform/venv/lib/python3.12/site-packages/airflow/example_dags/tutorial_taskflow_api.py took 0.131 seconds
[2026-03-13T23:27:32.385+0100] {processor.py:161} INFO - Started process (PID=74174) to work on /Users/harshasogala/financial-data-platform/venv/lib/python3.12/site-packages/airflow/example_dags/tutorial_taskflow_api.py
[2026-03-13T23:27:32.386+0100] {processor.py:830} INFO - Processing file /Users/harshasogala/financial-data-platform/venv/lib/python3.12/site-packages/airflow/example_dags/tutorial_taskflow_api.py for tasks to queue
[2026-03-13T23:27:32.386+0100] {logging_mixin.py:188} INFO - [2026-03-13T23:27:32.386+0100] {dagbag.py:545} INFO - Filling up the DagBag from /Users/harshasogala/financial-data-platform/venv/lib/python3.12/site-packages/airflow/example_dags/tutorial_taskflow_api.py
[2026-03-13T23:27:32.409+0100] {processor.py:840} INFO - DAG(s) 'tutorial_taskflow_api' retrieved from /Users/harshasogala/financial-data-platform/venv/lib/python3.12/site-packages/airflow/example_dags/tutorial_taskflow_api.py
[2026-03-13T23:27:32.462+0100] {logging_mixin.py:188} INFO - [2026-03-13T23:27:32.461+0100] {dag.py:3089} INFO - Sync 1 DAGs
[2026-03-13T23:27:32.503+0100] {logging_mixin.py:188} INFO - [2026-03-13T23:27:32.502+0100] {dag.py:3947} INFO - Setting next_dagrun for tutorial_taskflow_api to None, run_after=None
[2026-03-13T23:27:32.514+0100] {processor.py:183} INFO - Processing /Users/harshasogala/financial-data-platform/venv/lib/python3.12/site-packages/airflow/example_dags/tutorial_taskflow_api.py took 0.131 seconds
[2026-03-13T23:28:12.796+0100] {processor.py:161} INFO - Started process (PID=74234) to work on /Users/harshasogala/financial-data-platform/venv/lib/python3.12/site-packages/airflow/example_dags/tutorial_taskflow_api.py
[2026-03-13T23:28:12.798+0100] {processor.py:830} INFO - Processing file /Users/harshasogala/financial-data-platform/venv/lib/python3.12/site-packages/airflow/example_dags/tutorial_taskflow_api.py for tasks to queue
[2026-03-13T23:28:12.798+0100] {logging_mixin.py:188} INFO - [2026-03-13T23:28:12.798+0100] {dagbag.py:545} INFO - Filling up the DagBag from /Users/harshasogala/financial-data-platform/venv/lib/python3.12/site-packages/airflow/example_dags/tutorial_taskflow_api.py
[2026-03-13T23:28:12.821+0100] {processor.py:840} INFO - DAG(s) 'tutorial_taskflow_api' retrieved from /Users/harshasogala/financial-data-platform/venv/lib/python3.12/site-packages/airflow/example_dags/tutorial_taskflow_api.py
[2026-03-13T23:28:12.875+0100] {logging_mixin.py:188} INFO - [2026-03-13T23:28:12.875+0100] {dag.py:3089} INFO - Sync 1 DAGs
[2026-03-13T23:28:12.956+0100] {logging_mixin.py:188} INFO - [2026-03-13T23:28:12.956+0100] {dag.py:3947} INFO - Setting next_dagrun for tutorial_taskflow_api to None, run_after=None
[2026-03-13T23:28:12.988+0100] {processor.py:183} INFO - Processing /Users/harshasogala/financial-data-platform/venv/lib/python3.12/site-packages/airflow/example_dags/tutorial_taskflow_api.py took 0.193 seconds
[2026-03-13T23:29:27.255+0100] {processor.py:161} INFO - Started process (PID=74295) to work on /Users/harshasogala/financial-data-platform/venv/lib/python3.12/site-packages/airflow/example_dags/tutorial_taskflow_api.py
[2026-03-13T23:29:27.256+0100] {processor.py:830} INFO - Processing file /Users/harshasogala/financial-data-platform/venv/lib/python3.12/site-packages/airflow/example_dags/tutorial_taskflow_api.py for tasks to queue
[2026-03-13T23:29:27.256+0100] {logging_mixin.py:188} INFO - [2026-03-13T23:29:27.256+0100] {dagbag.py:545} INFO - Filling up the DagBag from /Users/harshasogala/financial-data-platform/venv/lib/python3.12/site-packages/airflow/example_dags/tutorial_taskflow_api.py
[2026-03-13T23:29:27.279+0100] {processor.py:840} INFO - DAG(s) 'tutorial_taskflow_api' retrieved from /Users/harshasogala/financial-data-platform/venv/lib/python3.12/site-packages/airflow/example_dags/tutorial_taskflow_api.py
[2026-03-13T23:29:27.335+0100] {logging_mixin.py:188} INFO - [2026-03-13T23:29:27.334+0100] {dag.py:3089} INFO - Sync 1 DAGs
[2026-03-13T23:29:27.374+0100] {logging_mixin.py:188} INFO - [2026-03-13T23:29:27.374+0100] {dag.py:3947} INFO - Setting next_dagrun for tutorial_taskflow_api to None, run_after=None
[2026-03-13T23:29:27.386+0100] {processor.py:183} INFO - Processing /Users/harshasogala/financial-data-platform/venv/lib/python3.12/site-packages/airflow/example_dags/tutorial_taskflow_api.py took 0.133 seconds
[2026-03-13T23:30:45.762+0100] {processor.py:161} INFO - Started process (PID=74387) to work on /Users/harshasogala/financial-data-platform/venv/lib/python3.12/site-packages/airflow/example_dags/tutorial_taskflow_api.py
[2026-03-13T23:30:45.764+0100] {processor.py:830} INFO - Processing file /Users/harshasogala/financial-data-platform/venv/lib/python3.12/site-packages/airflow/example_dags/tutorial_taskflow_api.py for tasks to queue
[2026-03-13T23:30:45.765+0100] {logging_mixin.py:188} INFO - [2026-03-13T23:30:45.765+0100] {dagbag.py:545} INFO - Filling up the DagBag from /Users/harshasogala/financial-data-platform/venv/lib/python3.12/site-packages/airflow/example_dags/tutorial_taskflow_api.py
[2026-03-13T23:30:45.790+0100] {processor.py:840} INFO - DAG(s) 'tutorial_taskflow_api' retrieved from /Users/harshasogala/financial-data-platform/venv/lib/python3.12/site-packages/airflow/example_dags/tutorial_taskflow_api.py
[2026-03-13T23:30:45.851+0100] {logging_mixin.py:188} INFO - [2026-03-13T23:30:45.851+0100] {dag.py:3089} INFO - Sync 1 DAGs
[2026-03-13T23:30:45.895+0100] {logging_mixin.py:188} INFO - [2026-03-13T23:30:45.895+0100] {dag.py:3947} INFO - Setting next_dagrun for tutorial_taskflow_api to None, run_after=None
[2026-03-13T23:30:45.908+0100] {processor.py:183} INFO - Processing /Users/harshasogala/financial-data-platform/venv/lib/python3.12/site-packages/airflow/example_dags/tutorial_taskflow_api.py took 0.148 seconds
[2026-03-13T23:32:01.865+0100] {processor.py:161} INFO - Started process (PID=74820) to work on /Users/harshasogala/financial-data-platform/venv/lib/python3.12/site-packages/airflow/example_dags/tutorial_taskflow_api.py
[2026-03-13T23:32:01.866+0100] {processor.py:830} INFO - Processing file /Users/harshasogala/financial-data-platform/venv/lib/python3.12/site-packages/airflow/example_dags/tutorial_taskflow_api.py for tasks to queue
[2026-03-13T23:32:01.867+0100] {logging_mixin.py:188} INFO - [2026-03-13T23:32:01.866+0100] {dagbag.py:545} INFO - Filling up the DagBag from /Users/harshasogala/financial-data-platform/venv/lib/python3.12/site-packages/airflow/example_dags/tutorial_taskflow_api.py
[2026-03-13T23:32:01.891+0100] {processor.py:840} INFO - DAG(s) 'tutorial_taskflow_api' retrieved from /Users/harshasogala/financial-data-platform/venv/lib/python3.12/site-packages/airflow/example_dags/tutorial_taskflow_api.py
[2026-03-13T23:32:01.945+0100] {logging_mixin.py:188} INFO - [2026-03-13T23:32:01.945+0100] {dag.py:3089} INFO - Sync 1 DAGs
[2026-03-13T23:32:01.985+0100] {logging_mixin.py:188} INFO - [2026-03-13T23:32:01.985+0100] {dag.py:3947} INFO - Setting next_dagrun for tutorial_taskflow_api to None, run_after=None
[2026-03-13T23:32:01.996+0100] {processor.py:183} INFO - Processing /Users/harshasogala/financial-data-platform/venv/lib/python3.12/site-packages/airflow/example_dags/tutorial_taskflow_api.py took 0.133 seconds
[2026-03-13T23:33:21.221+0100] {processor.py:161} INFO - Started process (PID=75010) to work on /Users/harshasogala/financial-data-platform/venv/lib/python3.12/site-packages/airflow/example_dags/tutorial_taskflow_api.py
[2026-03-13T23:33:21.222+0100] {processor.py:830} INFO - Processing file /Users/harshasogala/financial-data-platform/venv/lib/python3.12/site-packages/airflow/example_dags/tutorial_taskflow_api.py for tasks to queue
[2026-03-13T23:33:21.223+0100] {logging_mixin.py:188} INFO - [2026-03-13T23:33:21.222+0100] {dagbag.py:545} INFO - Filling up the DagBag from /Users/harshasogala/financial-data-platform/venv/lib/python3.12/site-packages/airflow/example_dags/tutorial_taskflow_api.py
[2026-03-13T23:33:21.250+0100] {processor.py:840} INFO - DAG(s) 'tutorial_taskflow_api' retrieved from /Users/harshasogala/financial-data-platform/venv/lib/python3.12/site-packages/airflow/example_dags/tutorial_taskflow_api.py
[2026-03-13T23:33:21.312+0100] {logging_mixin.py:188} INFO - [2026-03-13T23:33:21.312+0100] {dag.py:3089} INFO - Sync 1 DAGs
[2026-03-13T23:33:21.354+0100] {logging_mixin.py:188} INFO - [2026-03-13T23:33:21.353+0100] {dag.py:3947} INFO - Setting next_dagrun for tutorial_taskflow_api to None, run_after=None
[2026-03-13T23:33:21.367+0100] {processor.py:183} INFO - Processing /Users/harshasogala/financial-data-platform/venv/lib/python3.12/site-packages/airflow/example_dags/tutorial_taskflow_api.py took 0.150 seconds
