[2026-03-13T22:17:55.351+0100] {processor.py:161} INFO - Started process (PID=65356) to work on /Users/harshasogala/financial-data-platform/venv/lib/python3.12/site-packages/airflow/example_dags/tutorial_objectstorage.py
[2026-03-13T22:17:55.351+0100] {processor.py:830} INFO - Processing file /Users/harshasogala/financial-data-platform/venv/lib/python3.12/site-packages/airflow/example_dags/tutorial_objectstorage.py for tasks to queue
[2026-03-13T22:17:55.352+0100] {logging_mixin.py:188} INFO - [2026-03-13T22:17:55.352+0100] {dagbag.py:545} INFO - Filling up the DagBag from /Users/harshasogala/financial-data-platform/venv/lib/python3.12/site-packages/airflow/example_dags/tutorial_objectstorage.py
[2026-03-13T22:17:55.397+0100] {processor.py:840} INFO - DAG(s) 'tutorial_objectstorage' retrieved from /Users/harshasogala/financial-data-platform/venv/lib/python3.12/site-packages/airflow/example_dags/tutorial_objectstorage.py
[2026-03-13T22:17:55.495+0100] {logging_mixin.py:188} INFO - [2026-03-13T22:17:55.494+0100] {override.py:1858} INFO - Created Permission View: can read on DAG:tutorial_objectstorage
[2026-03-13T22:17:55.535+0100] {logging_mixin.py:188} INFO - [2026-03-13T22:17:55.535+0100] {override.py:1858} INFO - Created Permission View: can edit on DAG:tutorial_objectstorage
[2026-03-13T22:17:55.538+0100] {logging_mixin.py:188} INFO - [2026-03-13T22:17:55.538+0100] {override.py:1858} INFO - Created Permission View: can delete on DAG:tutorial_objectstorage
[2026-03-13T22:17:55.539+0100] {logging_mixin.py:188} INFO - [2026-03-13T22:17:55.538+0100] {dag.py:3089} INFO - Sync 1 DAGs
[2026-03-13T22:17:55.544+0100] {logging_mixin.py:188} INFO - [2026-03-13T22:17:55.544+0100] {dag.py:3111} INFO - Creating ORM DAG for tutorial_objectstorage
[2026-03-13T22:17:55.544+0100] {logging_mixin.py:188} INFO - [2026-03-13T22:17:55.544+0100] {dag.py:3947} INFO - Setting next_dagrun for tutorial_objectstorage to None, run_after=None
[2026-03-13T22:17:55.554+0100] {processor.py:183} INFO - Processing /Users/harshasogala/financial-data-platform/venv/lib/python3.12/site-packages/airflow/example_dags/tutorial_objectstorage.py took 0.205 seconds
[2026-03-13T22:19:43.538+0100] {processor.py:161} INFO - Started process (PID=66061) to work on /Users/harshasogala/financial-data-platform/venv/lib/python3.12/site-packages/airflow/example_dags/tutorial_objectstorage.py
[2026-03-13T22:19:43.539+0100] {processor.py:830} INFO - Processing file /Users/harshasogala/financial-data-platform/venv/lib/python3.12/site-packages/airflow/example_dags/tutorial_objectstorage.py for tasks to queue
[2026-03-13T22:19:43.540+0100] {logging_mixin.py:188} INFO - [2026-03-13T22:19:43.540+0100] {dagbag.py:545} INFO - Filling up the DagBag from /Users/harshasogala/financial-data-platform/venv/lib/python3.12/site-packages/airflow/example_dags/tutorial_objectstorage.py
[2026-03-13T22:19:43.593+0100] {processor.py:840} INFO - DAG(s) 'tutorial_objectstorage' retrieved from /Users/harshasogala/financial-data-platform/venv/lib/python3.12/site-packages/airflow/example_dags/tutorial_objectstorage.py
[2026-03-13T22:19:43.647+0100] {logging_mixin.py:188} INFO - [2026-03-13T22:19:43.646+0100] {dag.py:3089} INFO - Sync 1 DAGs
[2026-03-13T22:19:43.652+0100] {logging_mixin.py:188} INFO - [2026-03-13T22:19:43.652+0100] {dag.py:3947} INFO - Setting next_dagrun for tutorial_objectstorage to None, run_after=None
[2026-03-13T22:19:43.663+0100] {processor.py:183} INFO - Processing /Users/harshasogala/financial-data-platform/venv/lib/python3.12/site-packages/airflow/example_dags/tutorial_objectstorage.py took 0.127 seconds
[2026-03-13T22:21:03.244+0100] {processor.py:161} INFO - Started process (PID=66127) to work on /Users/harshasogala/financial-data-platform/venv/lib/python3.12/site-packages/airflow/example_dags/tutorial_objectstorage.py
[2026-03-13T22:21:03.246+0100] {processor.py:830} INFO - Processing file /Users/harshasogala/financial-data-platform/venv/lib/python3.12/site-packages/airflow/example_dags/tutorial_objectstorage.py for tasks to queue
[2026-03-13T22:21:03.246+0100] {logging_mixin.py:188} INFO - [2026-03-13T22:21:03.246+0100] {dagbag.py:545} INFO - Filling up the DagBag from /Users/harshasogala/financial-data-platform/venv/lib/python3.12/site-packages/airflow/example_dags/tutorial_objectstorage.py
[2026-03-13T22:21:03.300+0100] {processor.py:840} INFO - DAG(s) 'tutorial_objectstorage' retrieved from /Users/harshasogala/financial-data-platform/venv/lib/python3.12/site-packages/airflow/example_dags/tutorial_objectstorage.py
[2026-03-13T22:21:03.351+0100] {logging_mixin.py:188} INFO - [2026-03-13T22:21:03.351+0100] {dag.py:3089} INFO - Sync 1 DAGs
[2026-03-13T22:21:03.357+0100] {logging_mixin.py:188} INFO - [2026-03-13T22:21:03.357+0100] {dag.py:3947} INFO - Setting next_dagrun for tutorial_objectstorage to None, run_after=None
[2026-03-13T22:21:03.368+0100] {processor.py:183} INFO - Processing /Users/harshasogala/financial-data-platform/venv/lib/python3.12/site-packages/airflow/example_dags/tutorial_objectstorage.py took 0.126 seconds
[2026-03-13T22:25:27.422+0100] {processor.py:161} INFO - Started process (PID=66846) to work on /Users/harshasogala/financial-data-platform/venv/lib/python3.12/site-packages/airflow/example_dags/tutorial_objectstorage.py
[2026-03-13T22:25:27.423+0100] {processor.py:830} INFO - Processing file /Users/harshasogala/financial-data-platform/venv/lib/python3.12/site-packages/airflow/example_dags/tutorial_objectstorage.py for tasks to queue
[2026-03-13T22:25:27.424+0100] {logging_mixin.py:188} INFO - [2026-03-13T22:25:27.424+0100] {dagbag.py:545} INFO - Filling up the DagBag from /Users/harshasogala/financial-data-platform/venv/lib/python3.12/site-packages/airflow/example_dags/tutorial_objectstorage.py
[2026-03-13T22:25:27.498+0100] {processor.py:840} INFO - DAG(s) 'tutorial_objectstorage' retrieved from /Users/harshasogala/financial-data-platform/venv/lib/python3.12/site-packages/airflow/example_dags/tutorial_objectstorage.py
[2026-03-13T22:25:27.580+0100] {logging_mixin.py:188} INFO - [2026-03-13T22:25:27.580+0100] {dag.py:3089} INFO - Sync 1 DAGs
[2026-03-13T22:25:27.588+0100] {logging_mixin.py:188} INFO - [2026-03-13T22:25:27.588+0100] {dag.py:3947} INFO - Setting next_dagrun for tutorial_objectstorage to None, run_after=None
[2026-03-13T22:25:27.602+0100] {processor.py:183} INFO - Processing /Users/harshasogala/financial-data-platform/venv/lib/python3.12/site-packages/airflow/example_dags/tutorial_objectstorage.py took 0.183 seconds
[2026-03-13T22:29:03.777+0100] {processor.py:161} INFO - Started process (PID=67363) to work on /Users/harshasogala/financial-data-platform/venv/lib/python3.12/site-packages/airflow/example_dags/tutorial_objectstorage.py
[2026-03-13T22:29:03.778+0100] {processor.py:830} INFO - Processing file /Users/harshasogala/financial-data-platform/venv/lib/python3.12/site-packages/airflow/example_dags/tutorial_objectstorage.py for tasks to queue
[2026-03-13T22:29:03.778+0100] {logging_mixin.py:188} INFO - [2026-03-13T22:29:03.778+0100] {dagbag.py:545} INFO - Filling up the DagBag from /Users/harshasogala/financial-data-platform/venv/lib/python3.12/site-packages/airflow/example_dags/tutorial_objectstorage.py
[2026-03-13T22:29:03.832+0100] {processor.py:840} INFO - DAG(s) 'tutorial_objectstorage' retrieved from /Users/harshasogala/financial-data-platform/venv/lib/python3.12/site-packages/airflow/example_dags/tutorial_objectstorage.py
[2026-03-13T22:29:03.887+0100] {logging_mixin.py:188} INFO - [2026-03-13T22:29:03.887+0100] {dag.py:3089} INFO - Sync 1 DAGs
[2026-03-13T22:29:03.893+0100] {logging_mixin.py:188} INFO - [2026-03-13T22:29:03.893+0100] {dag.py:3947} INFO - Setting next_dagrun for tutorial_objectstorage to None, run_after=None
[2026-03-13T22:29:03.905+0100] {processor.py:183} INFO - Processing /Users/harshasogala/financial-data-platform/venv/lib/python3.12/site-packages/airflow/example_dags/tutorial_objectstorage.py took 0.130 seconds
[2026-03-13T22:30:10.239+0100] {processor.py:161} INFO - Started process (PID=67492) to work on /Users/harshasogala/financial-data-platform/venv/lib/python3.12/site-packages/airflow/example_dags/tutorial_objectstorage.py
[2026-03-13T22:30:10.240+0100] {processor.py:830} INFO - Processing file /Users/harshasogala/financial-data-platform/venv/lib/python3.12/site-packages/airflow/example_dags/tutorial_objectstorage.py for tasks to queue
[2026-03-13T22:30:10.241+0100] {logging_mixin.py:188} INFO - [2026-03-13T22:30:10.241+0100] {dagbag.py:545} INFO - Filling up the DagBag from /Users/harshasogala/financial-data-platform/venv/lib/python3.12/site-packages/airflow/example_dags/tutorial_objectstorage.py
[2026-03-13T22:30:10.291+0100] {processor.py:840} INFO - DAG(s) 'tutorial_objectstorage' retrieved from /Users/harshasogala/financial-data-platform/venv/lib/python3.12/site-packages/airflow/example_dags/tutorial_objectstorage.py
[2026-03-13T22:30:10.343+0100] {logging_mixin.py:188} INFO - [2026-03-13T22:30:10.342+0100] {dag.py:3089} INFO - Sync 1 DAGs
[2026-03-13T22:30:10.348+0100] {logging_mixin.py:188} INFO - [2026-03-13T22:30:10.348+0100] {dag.py:3947} INFO - Setting next_dagrun for tutorial_objectstorage to None, run_after=None
[2026-03-13T22:30:10.359+0100] {processor.py:183} INFO - Processing /Users/harshasogala/financial-data-platform/venv/lib/python3.12/site-packages/airflow/example_dags/tutorial_objectstorage.py took 0.121 seconds
[2026-03-13T22:31:16.872+0100] {processor.py:161} INFO - Started process (PID=67649) to work on /Users/harshasogala/financial-data-platform/venv/lib/python3.12/site-packages/airflow/example_dags/tutorial_objectstorage.py
[2026-03-13T22:31:16.873+0100] {processor.py:830} INFO - Processing file /Users/harshasogala/financial-data-platform/venv/lib/python3.12/site-packages/airflow/example_dags/tutorial_objectstorage.py for tasks to queue
[2026-03-13T22:31:16.874+0100] {logging_mixin.py:188} INFO - [2026-03-13T22:31:16.874+0100] {dagbag.py:545} INFO - Filling up the DagBag from /Users/harshasogala/financial-data-platform/venv/lib/python3.12/site-packages/airflow/example_dags/tutorial_objectstorage.py
[2026-03-13T22:31:16.925+0100] {processor.py:840} INFO - DAG(s) 'tutorial_objectstorage' retrieved from /Users/harshasogala/financial-data-platform/venv/lib/python3.12/site-packages/airflow/example_dags/tutorial_objectstorage.py
[2026-03-13T22:31:16.978+0100] {logging_mixin.py:188} INFO - [2026-03-13T22:31:16.978+0100] {dag.py:3089} INFO - Sync 1 DAGs
[2026-03-13T22:31:16.984+0100] {logging_mixin.py:188} INFO - [2026-03-13T22:31:16.984+0100] {dag.py:3947} INFO - Setting next_dagrun for tutorial_objectstorage to None, run_after=None
[2026-03-13T22:31:16.995+0100] {processor.py:183} INFO - Processing /Users/harshasogala/financial-data-platform/venv/lib/python3.12/site-packages/airflow/example_dags/tutorial_objectstorage.py took 0.125 seconds
[2026-03-13T22:32:42.771+0100] {processor.py:161} INFO - Started process (PID=68723) to work on /Users/harshasogala/financial-data-platform/venv/lib/python3.12/site-packages/airflow/example_dags/tutorial_objectstorage.py
[2026-03-13T22:32:42.773+0100] {processor.py:830} INFO - Processing file /Users/harshasogala/financial-data-platform/venv/lib/python3.12/site-packages/airflow/example_dags/tutorial_objectstorage.py for tasks to queue
[2026-03-13T22:32:42.773+0100] {logging_mixin.py:188} INFO - [2026-03-13T22:32:42.773+0100] {dagbag.py:545} INFO - Filling up the DagBag from /Users/harshasogala/financial-data-platform/venv/lib/python3.12/site-packages/airflow/example_dags/tutorial_objectstorage.py
[2026-03-13T22:32:42.830+0100] {processor.py:840} INFO - DAG(s) 'tutorial_objectstorage' retrieved from /Users/harshasogala/financial-data-platform/venv/lib/python3.12/site-packages/airflow/example_dags/tutorial_objectstorage.py
[2026-03-13T22:32:42.923+0100] {logging_mixin.py:188} INFO - [2026-03-13T22:32:42.923+0100] {dag.py:3089} INFO - Sync 1 DAGs
[2026-03-13T22:32:42.928+0100] {logging_mixin.py:188} INFO - [2026-03-13T22:32:42.928+0100] {dag.py:3947} INFO - Setting next_dagrun for tutorial_objectstorage to None, run_after=None
[2026-03-13T22:32:42.939+0100] {processor.py:183} INFO - Processing /Users/harshasogala/financial-data-platform/venv/lib/python3.12/site-packages/airflow/example_dags/tutorial_objectstorage.py took 0.171 seconds
[2026-03-13T22:34:04.887+0100] {processor.py:161} INFO - Started process (PID=69170) to work on /Users/harshasogala/financial-data-platform/venv/lib/python3.12/site-packages/airflow/example_dags/tutorial_objectstorage.py
[2026-03-13T22:34:04.888+0100] {processor.py:830} INFO - Processing file /Users/harshasogala/financial-data-platform/venv/lib/python3.12/site-packages/airflow/example_dags/tutorial_objectstorage.py for tasks to queue
[2026-03-13T22:34:04.888+0100] {logging_mixin.py:188} INFO - [2026-03-13T22:34:04.888+0100] {dagbag.py:545} INFO - Filling up the DagBag from /Users/harshasogala/financial-data-platform/venv/lib/python3.12/site-packages/airflow/example_dags/tutorial_objectstorage.py
[2026-03-13T22:34:04.941+0100] {processor.py:840} INFO - DAG(s) 'tutorial_objectstorage' retrieved from /Users/harshasogala/financial-data-platform/venv/lib/python3.12/site-packages/airflow/example_dags/tutorial_objectstorage.py
[2026-03-13T22:34:05.026+0100] {logging_mixin.py:188} INFO - [2026-03-13T22:34:05.026+0100] {dag.py:3089} INFO - Sync 1 DAGs
[2026-03-13T22:34:05.031+0100] {logging_mixin.py:188} INFO - [2026-03-13T22:34:05.031+0100] {dag.py:3947} INFO - Setting next_dagrun for tutorial_objectstorage to None, run_after=None
[2026-03-13T22:34:05.042+0100] {processor.py:183} INFO - Processing /Users/harshasogala/financial-data-platform/venv/lib/python3.12/site-packages/airflow/example_dags/tutorial_objectstorage.py took 0.157 seconds
[2026-03-13T22:35:20.112+0100] {processor.py:161} INFO - Started process (PID=69231) to work on /Users/harshasogala/financial-data-platform/venv/lib/python3.12/site-packages/airflow/example_dags/tutorial_objectstorage.py
[2026-03-13T22:35:20.114+0100] {processor.py:830} INFO - Processing file /Users/harshasogala/financial-data-platform/venv/lib/python3.12/site-packages/airflow/example_dags/tutorial_objectstorage.py for tasks to queue
[2026-03-13T22:35:20.114+0100] {logging_mixin.py:188} INFO - [2026-03-13T22:35:20.114+0100] {dagbag.py:545} INFO - Filling up the DagBag from /Users/harshasogala/financial-data-platform/venv/lib/python3.12/site-packages/airflow/example_dags/tutorial_objectstorage.py
[2026-03-13T22:35:20.169+0100] {processor.py:840} INFO - DAG(s) 'tutorial_objectstorage' retrieved from /Users/harshasogala/financial-data-platform/venv/lib/python3.12/site-packages/airflow/example_dags/tutorial_objectstorage.py
[2026-03-13T22:35:20.255+0100] {logging_mixin.py:188} INFO - [2026-03-13T22:35:20.254+0100] {dag.py:3089} INFO - Sync 1 DAGs
[2026-03-13T22:35:20.260+0100] {logging_mixin.py:188} INFO - [2026-03-13T22:35:20.260+0100] {dag.py:3947} INFO - Setting next_dagrun for tutorial_objectstorage to None, run_after=None
[2026-03-13T22:35:20.271+0100] {processor.py:183} INFO - Processing /Users/harshasogala/financial-data-platform/venv/lib/python3.12/site-packages/airflow/example_dags/tutorial_objectstorage.py took 0.160 seconds
[2026-03-13T22:36:34.184+0100] {processor.py:161} INFO - Started process (PID=69309) to work on /Users/harshasogala/financial-data-platform/venv/lib/python3.12/site-packages/airflow/example_dags/tutorial_objectstorage.py
[2026-03-13T22:36:34.186+0100] {processor.py:830} INFO - Processing file /Users/harshasogala/financial-data-platform/venv/lib/python3.12/site-packages/airflow/example_dags/tutorial_objectstorage.py for tasks to queue
[2026-03-13T22:36:34.186+0100] {logging_mixin.py:188} INFO - [2026-03-13T22:36:34.186+0100] {dagbag.py:545} INFO - Filling up the DagBag from /Users/harshasogala/financial-data-platform/venv/lib/python3.12/site-packages/airflow/example_dags/tutorial_objectstorage.py
[2026-03-13T22:36:34.241+0100] {processor.py:840} INFO - DAG(s) 'tutorial_objectstorage' retrieved from /Users/harshasogala/financial-data-platform/venv/lib/python3.12/site-packages/airflow/example_dags/tutorial_objectstorage.py
[2026-03-13T22:36:34.328+0100] {logging_mixin.py:188} INFO - [2026-03-13T22:36:34.328+0100] {dag.py:3089} INFO - Sync 1 DAGs
[2026-03-13T22:36:34.334+0100] {logging_mixin.py:188} INFO - [2026-03-13T22:36:34.334+0100] {dag.py:3947} INFO - Setting next_dagrun for tutorial_objectstorage to None, run_after=None
[2026-03-13T22:36:34.345+0100] {processor.py:183} INFO - Processing /Users/harshasogala/financial-data-platform/venv/lib/python3.12/site-packages/airflow/example_dags/tutorial_objectstorage.py took 0.162 seconds
[2026-03-13T22:37:48.273+0100] {processor.py:161} INFO - Started process (PID=69367) to work on /Users/harshasogala/financial-data-platform/venv/lib/python3.12/site-packages/airflow/example_dags/tutorial_objectstorage.py
[2026-03-13T22:37:48.274+0100] {processor.py:830} INFO - Processing file /Users/harshasogala/financial-data-platform/venv/lib/python3.12/site-packages/airflow/example_dags/tutorial_objectstorage.py for tasks to queue
[2026-03-13T22:37:48.275+0100] {logging_mixin.py:188} INFO - [2026-03-13T22:37:48.275+0100] {dagbag.py:545} INFO - Filling up the DagBag from /Users/harshasogala/financial-data-platform/venv/lib/python3.12/site-packages/airflow/example_dags/tutorial_objectstorage.py
[2026-03-13T22:37:48.331+0100] {processor.py:840} INFO - DAG(s) 'tutorial_objectstorage' retrieved from /Users/harshasogala/financial-data-platform/venv/lib/python3.12/site-packages/airflow/example_dags/tutorial_objectstorage.py
[2026-03-13T22:37:48.420+0100] {logging_mixin.py:188} INFO - [2026-03-13T22:37:48.420+0100] {dag.py:3089} INFO - Sync 1 DAGs
[2026-03-13T22:37:48.425+0100] {logging_mixin.py:188} INFO - [2026-03-13T22:37:48.425+0100] {dag.py:3947} INFO - Setting next_dagrun for tutorial_objectstorage to None, run_after=None
[2026-03-13T22:37:48.435+0100] {processor.py:183} INFO - Processing /Users/harshasogala/financial-data-platform/venv/lib/python3.12/site-packages/airflow/example_dags/tutorial_objectstorage.py took 0.164 seconds
[2026-03-13T22:39:02.421+0100] {processor.py:161} INFO - Started process (PID=69436) to work on /Users/harshasogala/financial-data-platform/venv/lib/python3.12/site-packages/airflow/example_dags/tutorial_objectstorage.py
[2026-03-13T22:39:02.423+0100] {processor.py:830} INFO - Processing file /Users/harshasogala/financial-data-platform/venv/lib/python3.12/site-packages/airflow/example_dags/tutorial_objectstorage.py for tasks to queue
[2026-03-13T22:39:02.423+0100] {logging_mixin.py:188} INFO - [2026-03-13T22:39:02.423+0100] {dagbag.py:545} INFO - Filling up the DagBag from /Users/harshasogala/financial-data-platform/venv/lib/python3.12/site-packages/airflow/example_dags/tutorial_objectstorage.py
[2026-03-13T22:39:02.480+0100] {processor.py:840} INFO - DAG(s) 'tutorial_objectstorage' retrieved from /Users/harshasogala/financial-data-platform/venv/lib/python3.12/site-packages/airflow/example_dags/tutorial_objectstorage.py
[2026-03-13T22:39:02.570+0100] {logging_mixin.py:188} INFO - [2026-03-13T22:39:02.570+0100] {dag.py:3089} INFO - Sync 1 DAGs
[2026-03-13T22:39:02.576+0100] {logging_mixin.py:188} INFO - [2026-03-13T22:39:02.576+0100] {dag.py:3947} INFO - Setting next_dagrun for tutorial_objectstorage to None, run_after=None
[2026-03-13T22:39:02.590+0100] {processor.py:183} INFO - Processing /Users/harshasogala/financial-data-platform/venv/lib/python3.12/site-packages/airflow/example_dags/tutorial_objectstorage.py took 0.171 seconds
[2026-03-13T22:40:22.853+0100] {processor.py:161} INFO - Started process (PID=69657) to work on /Users/harshasogala/financial-data-platform/venv/lib/python3.12/site-packages/airflow/example_dags/tutorial_objectstorage.py
[2026-03-13T22:40:22.855+0100] {processor.py:830} INFO - Processing file /Users/harshasogala/financial-data-platform/venv/lib/python3.12/site-packages/airflow/example_dags/tutorial_objectstorage.py for tasks to queue
[2026-03-13T22:40:22.855+0100] {logging_mixin.py:188} INFO - [2026-03-13T22:40:22.855+0100] {dagbag.py:545} INFO - Filling up the DagBag from /Users/harshasogala/financial-data-platform/venv/lib/python3.12/site-packages/airflow/example_dags/tutorial_objectstorage.py
[2026-03-13T22:40:22.913+0100] {processor.py:840} INFO - DAG(s) 'tutorial_objectstorage' retrieved from /Users/harshasogala/financial-data-platform/venv/lib/python3.12/site-packages/airflow/example_dags/tutorial_objectstorage.py
[2026-03-13T22:40:23.008+0100] {logging_mixin.py:188} INFO - [2026-03-13T22:40:23.008+0100] {dag.py:3089} INFO - Sync 1 DAGs
[2026-03-13T22:40:23.013+0100] {logging_mixin.py:188} INFO - [2026-03-13T22:40:23.013+0100] {dag.py:3947} INFO - Setting next_dagrun for tutorial_objectstorage to None, run_after=None
[2026-03-13T22:40:23.024+0100] {processor.py:183} INFO - Processing /Users/harshasogala/financial-data-platform/venv/lib/python3.12/site-packages/airflow/example_dags/tutorial_objectstorage.py took 0.172 seconds
[2026-03-13T22:41:05.103+0100] {processor.py:161} INFO - Started process (PID=69688) to work on /Users/harshasogala/financial-data-platform/venv/lib/python3.12/site-packages/airflow/example_dags/tutorial_objectstorage.py
[2026-03-13T22:41:05.105+0100] {processor.py:830} INFO - Processing file /Users/harshasogala/financial-data-platform/venv/lib/python3.12/site-packages/airflow/example_dags/tutorial_objectstorage.py for tasks to queue
[2026-03-13T22:41:05.105+0100] {logging_mixin.py:188} INFO - [2026-03-13T22:41:05.105+0100] {dagbag.py:545} INFO - Filling up the DagBag from /Users/harshasogala/financial-data-platform/venv/lib/python3.12/site-packages/airflow/example_dags/tutorial_objectstorage.py
[2026-03-13T22:41:05.158+0100] {processor.py:840} INFO - DAG(s) 'tutorial_objectstorage' retrieved from /Users/harshasogala/financial-data-platform/venv/lib/python3.12/site-packages/airflow/example_dags/tutorial_objectstorage.py
[2026-03-13T22:41:05.244+0100] {logging_mixin.py:188} INFO - [2026-03-13T22:41:05.244+0100] {dag.py:3089} INFO - Sync 1 DAGs
[2026-03-13T22:41:05.249+0100] {logging_mixin.py:188} INFO - [2026-03-13T22:41:05.249+0100] {dag.py:3947} INFO - Setting next_dagrun for tutorial_objectstorage to None, run_after=None
[2026-03-13T22:41:05.260+0100] {processor.py:183} INFO - Processing /Users/harshasogala/financial-data-platform/venv/lib/python3.12/site-packages/airflow/example_dags/tutorial_objectstorage.py took 0.158 seconds
[2026-03-13T22:42:23.244+0100] {processor.py:161} INFO - Started process (PID=69747) to work on /Users/harshasogala/financial-data-platform/venv/lib/python3.12/site-packages/airflow/example_dags/tutorial_objectstorage.py
[2026-03-13T22:42:23.246+0100] {processor.py:830} INFO - Processing file /Users/harshasogala/financial-data-platform/venv/lib/python3.12/site-packages/airflow/example_dags/tutorial_objectstorage.py for tasks to queue
[2026-03-13T22:42:23.246+0100] {logging_mixin.py:188} INFO - [2026-03-13T22:42:23.246+0100] {dagbag.py:545} INFO - Filling up the DagBag from /Users/harshasogala/financial-data-platform/venv/lib/python3.12/site-packages/airflow/example_dags/tutorial_objectstorage.py
[2026-03-13T22:42:23.301+0100] {processor.py:840} INFO - DAG(s) 'tutorial_objectstorage' retrieved from /Users/harshasogala/financial-data-platform/venv/lib/python3.12/site-packages/airflow/example_dags/tutorial_objectstorage.py
[2026-03-13T22:42:23.388+0100] {logging_mixin.py:188} INFO - [2026-03-13T22:42:23.388+0100] {dag.py:3089} INFO - Sync 1 DAGs
[2026-03-13T22:42:23.393+0100] {logging_mixin.py:188} INFO - [2026-03-13T22:42:23.393+0100] {dag.py:3947} INFO - Setting next_dagrun for tutorial_objectstorage to None, run_after=None
[2026-03-13T22:42:23.404+0100] {processor.py:183} INFO - Processing /Users/harshasogala/financial-data-platform/venv/lib/python3.12/site-packages/airflow/example_dags/tutorial_objectstorage.py took 0.162 seconds
[2026-03-13T22:43:42.139+0100] {processor.py:161} INFO - Started process (PID=69825) to work on /Users/harshasogala/financial-data-platform/venv/lib/python3.12/site-packages/airflow/example_dags/tutorial_objectstorage.py
[2026-03-13T22:43:42.140+0100] {processor.py:830} INFO - Processing file /Users/harshasogala/financial-data-platform/venv/lib/python3.12/site-packages/airflow/example_dags/tutorial_objectstorage.py for tasks to queue
[2026-03-13T22:43:42.140+0100] {logging_mixin.py:188} INFO - [2026-03-13T22:43:42.140+0100] {dagbag.py:545} INFO - Filling up the DagBag from /Users/harshasogala/financial-data-platform/venv/lib/python3.12/site-packages/airflow/example_dags/tutorial_objectstorage.py
[2026-03-13T22:43:42.200+0100] {processor.py:840} INFO - DAG(s) 'tutorial_objectstorage' retrieved from /Users/harshasogala/financial-data-platform/venv/lib/python3.12/site-packages/airflow/example_dags/tutorial_objectstorage.py
[2026-03-13T22:43:42.290+0100] {logging_mixin.py:188} INFO - [2026-03-13T22:43:42.290+0100] {dag.py:3089} INFO - Sync 1 DAGs
[2026-03-13T22:43:42.295+0100] {logging_mixin.py:188} INFO - [2026-03-13T22:43:42.295+0100] {dag.py:3947} INFO - Setting next_dagrun for tutorial_objectstorage to None, run_after=None
[2026-03-13T22:43:42.306+0100] {processor.py:183} INFO - Processing /Users/harshasogala/financial-data-platform/venv/lib/python3.12/site-packages/airflow/example_dags/tutorial_objectstorage.py took 0.169 seconds
[2026-03-13T22:45:04.631+0100] {processor.py:161} INFO - Started process (PID=70196) to work on /Users/harshasogala/financial-data-platform/venv/lib/python3.12/site-packages/airflow/example_dags/tutorial_objectstorage.py
[2026-03-13T22:45:04.633+0100] {processor.py:830} INFO - Processing file /Users/harshasogala/financial-data-platform/venv/lib/python3.12/site-packages/airflow/example_dags/tutorial_objectstorage.py for tasks to queue
[2026-03-13T22:45:04.633+0100] {logging_mixin.py:188} INFO - [2026-03-13T22:45:04.633+0100] {dagbag.py:545} INFO - Filling up the DagBag from /Users/harshasogala/financial-data-platform/venv/lib/python3.12/site-packages/airflow/example_dags/tutorial_objectstorage.py
[2026-03-13T22:45:04.697+0100] {processor.py:840} INFO - DAG(s) 'tutorial_objectstorage' retrieved from /Users/harshasogala/financial-data-platform/venv/lib/python3.12/site-packages/airflow/example_dags/tutorial_objectstorage.py
[2026-03-13T22:45:04.800+0100] {logging_mixin.py:188} INFO - [2026-03-13T22:45:04.800+0100] {dag.py:3089} INFO - Sync 1 DAGs
[2026-03-13T22:45:04.806+0100] {logging_mixin.py:188} INFO - [2026-03-13T22:45:04.806+0100] {dag.py:3947} INFO - Setting next_dagrun for tutorial_objectstorage to None, run_after=None
[2026-03-13T22:45:04.818+0100] {processor.py:183} INFO - Processing /Users/harshasogala/financial-data-platform/venv/lib/python3.12/site-packages/airflow/example_dags/tutorial_objectstorage.py took 0.191 seconds
[2026-03-13T22:45:53.516+0100] {processor.py:161} INFO - Started process (PID=70339) to work on /Users/harshasogala/financial-data-platform/venv/lib/python3.12/site-packages/airflow/example_dags/tutorial_objectstorage.py
[2026-03-13T22:45:53.517+0100] {processor.py:830} INFO - Processing file /Users/harshasogala/financial-data-platform/venv/lib/python3.12/site-packages/airflow/example_dags/tutorial_objectstorage.py for tasks to queue
[2026-03-13T22:45:53.517+0100] {logging_mixin.py:188} INFO - [2026-03-13T22:45:53.517+0100] {dagbag.py:545} INFO - Filling up the DagBag from /Users/harshasogala/financial-data-platform/venv/lib/python3.12/site-packages/airflow/example_dags/tutorial_objectstorage.py
[2026-03-13T22:45:53.575+0100] {processor.py:840} INFO - DAG(s) 'tutorial_objectstorage' retrieved from /Users/harshasogala/financial-data-platform/venv/lib/python3.12/site-packages/airflow/example_dags/tutorial_objectstorage.py
[2026-03-13T22:45:53.669+0100] {logging_mixin.py:188} INFO - [2026-03-13T22:45:53.669+0100] {dag.py:3089} INFO - Sync 1 DAGs
[2026-03-13T22:45:53.674+0100] {logging_mixin.py:188} INFO - [2026-03-13T22:45:53.674+0100] {dag.py:3947} INFO - Setting next_dagrun for tutorial_objectstorage to None, run_after=None
[2026-03-13T22:45:53.685+0100] {processor.py:183} INFO - Processing /Users/harshasogala/financial-data-platform/venv/lib/python3.12/site-packages/airflow/example_dags/tutorial_objectstorage.py took 0.171 seconds
[2026-03-13T22:46:40.200+0100] {processor.py:161} INFO - Started process (PID=70598) to work on /Users/harshasogala/financial-data-platform/venv/lib/python3.12/site-packages/airflow/example_dags/tutorial_objectstorage.py
[2026-03-13T22:46:40.201+0100] {processor.py:830} INFO - Processing file /Users/harshasogala/financial-data-platform/venv/lib/python3.12/site-packages/airflow/example_dags/tutorial_objectstorage.py for tasks to queue
[2026-03-13T22:46:40.202+0100] {logging_mixin.py:188} INFO - [2026-03-13T22:46:40.201+0100] {dagbag.py:545} INFO - Filling up the DagBag from /Users/harshasogala/financial-data-platform/venv/lib/python3.12/site-packages/airflow/example_dags/tutorial_objectstorage.py
[2026-03-13T22:46:40.253+0100] {processor.py:840} INFO - DAG(s) 'tutorial_objectstorage' retrieved from /Users/harshasogala/financial-data-platform/venv/lib/python3.12/site-packages/airflow/example_dags/tutorial_objectstorage.py
[2026-03-13T22:46:40.338+0100] {logging_mixin.py:188} INFO - [2026-03-13T22:46:40.338+0100] {dag.py:3089} INFO - Sync 1 DAGs
[2026-03-13T22:46:40.343+0100] {logging_mixin.py:188} INFO - [2026-03-13T22:46:40.343+0100] {dag.py:3947} INFO - Setting next_dagrun for tutorial_objectstorage to None, run_after=None
[2026-03-13T22:46:40.354+0100] {processor.py:183} INFO - Processing /Users/harshasogala/financial-data-platform/venv/lib/python3.12/site-packages/airflow/example_dags/tutorial_objectstorage.py took 0.156 seconds
[2026-03-13T22:47:22.546+0100] {processor.py:161} INFO - Started process (PID=71369) to work on /Users/harshasogala/financial-data-platform/venv/lib/python3.12/site-packages/airflow/example_dags/tutorial_objectstorage.py
[2026-03-13T22:47:22.547+0100] {processor.py:830} INFO - Processing file /Users/harshasogala/financial-data-platform/venv/lib/python3.12/site-packages/airflow/example_dags/tutorial_objectstorage.py for tasks to queue
[2026-03-13T22:47:22.547+0100] {logging_mixin.py:188} INFO - [2026-03-13T22:47:22.547+0100] {dagbag.py:545} INFO - Filling up the DagBag from /Users/harshasogala/financial-data-platform/venv/lib/python3.12/site-packages/airflow/example_dags/tutorial_objectstorage.py
[2026-03-13T22:47:22.600+0100] {processor.py:840} INFO - DAG(s) 'tutorial_objectstorage' retrieved from /Users/harshasogala/financial-data-platform/venv/lib/python3.12/site-packages/airflow/example_dags/tutorial_objectstorage.py
[2026-03-13T22:47:22.690+0100] {logging_mixin.py:188} INFO - [2026-03-13T22:47:22.689+0100] {dag.py:3089} INFO - Sync 1 DAGs
[2026-03-13T22:47:22.695+0100] {logging_mixin.py:188} INFO - [2026-03-13T22:47:22.695+0100] {dag.py:3947} INFO - Setting next_dagrun for tutorial_objectstorage to None, run_after=None
[2026-03-13T22:47:22.706+0100] {processor.py:183} INFO - Processing /Users/harshasogala/financial-data-platform/venv/lib/python3.12/site-packages/airflow/example_dags/tutorial_objectstorage.py took 0.162 seconds
[2026-03-13T22:48:04.099+0100] {processor.py:161} INFO - Started process (PID=71401) to work on /Users/harshasogala/financial-data-platform/venv/lib/python3.12/site-packages/airflow/example_dags/tutorial_objectstorage.py
[2026-03-13T22:48:04.100+0100] {processor.py:830} INFO - Processing file /Users/harshasogala/financial-data-platform/venv/lib/python3.12/site-packages/airflow/example_dags/tutorial_objectstorage.py for tasks to queue
[2026-03-13T22:48:04.100+0100] {logging_mixin.py:188} INFO - [2026-03-13T22:48:04.100+0100] {dagbag.py:545} INFO - Filling up the DagBag from /Users/harshasogala/financial-data-platform/venv/lib/python3.12/site-packages/airflow/example_dags/tutorial_objectstorage.py
[2026-03-13T22:48:04.153+0100] {processor.py:840} INFO - DAG(s) 'tutorial_objectstorage' retrieved from /Users/harshasogala/financial-data-platform/venv/lib/python3.12/site-packages/airflow/example_dags/tutorial_objectstorage.py
[2026-03-13T22:48:04.239+0100] {logging_mixin.py:188} INFO - [2026-03-13T22:48:04.239+0100] {dag.py:3089} INFO - Sync 1 DAGs
[2026-03-13T22:48:04.245+0100] {logging_mixin.py:188} INFO - [2026-03-13T22:48:04.244+0100] {dag.py:3947} INFO - Setting next_dagrun for tutorial_objectstorage to None, run_after=None
[2026-03-13T22:48:04.255+0100] {processor.py:183} INFO - Processing /Users/harshasogala/financial-data-platform/venv/lib/python3.12/site-packages/airflow/example_dags/tutorial_objectstorage.py took 0.158 seconds
[2026-03-13T22:49:22.860+0100] {processor.py:161} INFO - Started process (PID=71476) to work on /Users/harshasogala/financial-data-platform/venv/lib/python3.12/site-packages/airflow/example_dags/tutorial_objectstorage.py
[2026-03-13T22:49:22.860+0100] {processor.py:830} INFO - Processing file /Users/harshasogala/financial-data-platform/venv/lib/python3.12/site-packages/airflow/example_dags/tutorial_objectstorage.py for tasks to queue
[2026-03-13T22:49:22.861+0100] {logging_mixin.py:188} INFO - [2026-03-13T22:49:22.861+0100] {dagbag.py:545} INFO - Filling up the DagBag from /Users/harshasogala/financial-data-platform/venv/lib/python3.12/site-packages/airflow/example_dags/tutorial_objectstorage.py
[2026-03-13T22:49:22.915+0100] {processor.py:840} INFO - DAG(s) 'tutorial_objectstorage' retrieved from /Users/harshasogala/financial-data-platform/venv/lib/python3.12/site-packages/airflow/example_dags/tutorial_objectstorage.py
[2026-03-13T22:49:23.007+0100] {logging_mixin.py:188} INFO - [2026-03-13T22:49:23.007+0100] {dag.py:3089} INFO - Sync 1 DAGs
[2026-03-13T22:49:23.012+0100] {logging_mixin.py:188} INFO - [2026-03-13T22:49:23.012+0100] {dag.py:3947} INFO - Setting next_dagrun for tutorial_objectstorage to None, run_after=None
[2026-03-13T22:49:23.024+0100] {processor.py:183} INFO - Processing /Users/harshasogala/financial-data-platform/venv/lib/python3.12/site-packages/airflow/example_dags/tutorial_objectstorage.py took 0.166 seconds
[2026-03-13T22:50:49.345+0100] {processor.py:161} INFO - Started process (PID=72009) to work on /Users/harshasogala/financial-data-platform/venv/lib/python3.12/site-packages/airflow/example_dags/tutorial_objectstorage.py
[2026-03-13T22:50:49.346+0100] {processor.py:830} INFO - Processing file /Users/harshasogala/financial-data-platform/venv/lib/python3.12/site-packages/airflow/example_dags/tutorial_objectstorage.py for tasks to queue
[2026-03-13T22:50:49.346+0100] {logging_mixin.py:188} INFO - [2026-03-13T22:50:49.346+0100] {dagbag.py:545} INFO - Filling up the DagBag from /Users/harshasogala/financial-data-platform/venv/lib/python3.12/site-packages/airflow/example_dags/tutorial_objectstorage.py
[2026-03-13T22:50:49.399+0100] {processor.py:840} INFO - DAG(s) 'tutorial_objectstorage' retrieved from /Users/harshasogala/financial-data-platform/venv/lib/python3.12/site-packages/airflow/example_dags/tutorial_objectstorage.py
[2026-03-13T22:50:49.486+0100] {logging_mixin.py:188} INFO - [2026-03-13T22:50:49.486+0100] {dag.py:3089} INFO - Sync 1 DAGs
[2026-03-13T22:50:49.491+0100] {logging_mixin.py:188} INFO - [2026-03-13T22:50:49.491+0100] {dag.py:3947} INFO - Setting next_dagrun for tutorial_objectstorage to None, run_after=None
[2026-03-13T22:50:49.502+0100] {processor.py:183} INFO - Processing /Users/harshasogala/financial-data-platform/venv/lib/python3.12/site-packages/airflow/example_dags/tutorial_objectstorage.py took 0.158 seconds
[2026-03-13T22:51:33.697+0100] {processor.py:161} INFO - Started process (PID=72057) to work on /Users/harshasogala/financial-data-platform/venv/lib/python3.12/site-packages/airflow/example_dags/tutorial_objectstorage.py
[2026-03-13T22:51:33.698+0100] {processor.py:830} INFO - Processing file /Users/harshasogala/financial-data-platform/venv/lib/python3.12/site-packages/airflow/example_dags/tutorial_objectstorage.py for tasks to queue
[2026-03-13T22:51:33.699+0100] {logging_mixin.py:188} INFO - [2026-03-13T22:51:33.699+0100] {dagbag.py:545} INFO - Filling up the DagBag from /Users/harshasogala/financial-data-platform/venv/lib/python3.12/site-packages/airflow/example_dags/tutorial_objectstorage.py
[2026-03-13T22:51:33.752+0100] {processor.py:840} INFO - DAG(s) 'tutorial_objectstorage' retrieved from /Users/harshasogala/financial-data-platform/venv/lib/python3.12/site-packages/airflow/example_dags/tutorial_objectstorage.py
[2026-03-13T22:51:33.840+0100] {logging_mixin.py:188} INFO - [2026-03-13T22:51:33.840+0100] {dag.py:3089} INFO - Sync 1 DAGs
[2026-03-13T22:51:33.845+0100] {logging_mixin.py:188} INFO - [2026-03-13T22:51:33.845+0100] {dag.py:3947} INFO - Setting next_dagrun for tutorial_objectstorage to None, run_after=None
[2026-03-13T22:51:33.855+0100] {processor.py:183} INFO - Processing /Users/harshasogala/financial-data-platform/venv/lib/python3.12/site-packages/airflow/example_dags/tutorial_objectstorage.py took 0.160 seconds
[2026-03-13T22:52:48.838+0100] {processor.py:161} INFO - Started process (PID=72382) to work on /Users/harshasogala/financial-data-platform/venv/lib/python3.12/site-packages/airflow/example_dags/tutorial_objectstorage.py
[2026-03-13T22:52:48.838+0100] {processor.py:830} INFO - Processing file /Users/harshasogala/financial-data-platform/venv/lib/python3.12/site-packages/airflow/example_dags/tutorial_objectstorage.py for tasks to queue
[2026-03-13T22:52:48.839+0100] {logging_mixin.py:188} INFO - [2026-03-13T22:52:48.839+0100] {dagbag.py:545} INFO - Filling up the DagBag from /Users/harshasogala/financial-data-platform/venv/lib/python3.12/site-packages/airflow/example_dags/tutorial_objectstorage.py
[2026-03-13T22:52:48.891+0100] {processor.py:840} INFO - DAG(s) 'tutorial_objectstorage' retrieved from /Users/harshasogala/financial-data-platform/venv/lib/python3.12/site-packages/airflow/example_dags/tutorial_objectstorage.py
[2026-03-13T22:52:48.977+0100] {logging_mixin.py:188} INFO - [2026-03-13T22:52:48.977+0100] {dag.py:3089} INFO - Sync 1 DAGs
[2026-03-13T22:52:48.983+0100] {logging_mixin.py:188} INFO - [2026-03-13T22:52:48.983+0100] {dag.py:3947} INFO - Setting next_dagrun for tutorial_objectstorage to None, run_after=None
[2026-03-13T22:52:48.993+0100] {processor.py:183} INFO - Processing /Users/harshasogala/financial-data-platform/venv/lib/python3.12/site-packages/airflow/example_dags/tutorial_objectstorage.py took 0.158 seconds
[2026-03-13T22:54:05.898+0100] {processor.py:161} INFO - Started process (PID=72458) to work on /Users/harshasogala/financial-data-platform/venv/lib/python3.12/site-packages/airflow/example_dags/tutorial_objectstorage.py
[2026-03-13T22:54:05.898+0100] {processor.py:830} INFO - Processing file /Users/harshasogala/financial-data-platform/venv/lib/python3.12/site-packages/airflow/example_dags/tutorial_objectstorage.py for tasks to queue
[2026-03-13T22:54:05.899+0100] {logging_mixin.py:188} INFO - [2026-03-13T22:54:05.899+0100] {dagbag.py:545} INFO - Filling up the DagBag from /Users/harshasogala/financial-data-platform/venv/lib/python3.12/site-packages/airflow/example_dags/tutorial_objectstorage.py
[2026-03-13T22:54:05.952+0100] {processor.py:840} INFO - DAG(s) 'tutorial_objectstorage' retrieved from /Users/harshasogala/financial-data-platform/venv/lib/python3.12/site-packages/airflow/example_dags/tutorial_objectstorage.py
[2026-03-13T22:54:06.039+0100] {logging_mixin.py:188} INFO - [2026-03-13T22:54:06.039+0100] {dag.py:3089} INFO - Sync 1 DAGs
[2026-03-13T22:54:06.044+0100] {logging_mixin.py:188} INFO - [2026-03-13T22:54:06.044+0100] {dag.py:3947} INFO - Setting next_dagrun for tutorial_objectstorage to None, run_after=None
[2026-03-13T22:54:06.056+0100] {processor.py:183} INFO - Processing /Users/harshasogala/financial-data-platform/venv/lib/python3.12/site-packages/airflow/example_dags/tutorial_objectstorage.py took 0.160 seconds
[2026-03-13T22:54:51.581+0100] {processor.py:161} INFO - Started process (PID=72511) to work on /Users/harshasogala/financial-data-platform/venv/lib/python3.12/site-packages/airflow/example_dags/tutorial_objectstorage.py
[2026-03-13T22:54:51.582+0100] {processor.py:830} INFO - Processing file /Users/harshasogala/financial-data-platform/venv/lib/python3.12/site-packages/airflow/example_dags/tutorial_objectstorage.py for tasks to queue
[2026-03-13T22:54:51.582+0100] {logging_mixin.py:188} INFO - [2026-03-13T22:54:51.582+0100] {dagbag.py:545} INFO - Filling up the DagBag from /Users/harshasogala/financial-data-platform/venv/lib/python3.12/site-packages/airflow/example_dags/tutorial_objectstorage.py
[2026-03-13T22:54:51.637+0100] {processor.py:840} INFO - DAG(s) 'tutorial_objectstorage' retrieved from /Users/harshasogala/financial-data-platform/venv/lib/python3.12/site-packages/airflow/example_dags/tutorial_objectstorage.py
[2026-03-13T22:54:51.730+0100] {logging_mixin.py:188} INFO - [2026-03-13T22:54:51.730+0100] {dag.py:3089} INFO - Sync 1 DAGs
[2026-03-13T22:54:51.736+0100] {logging_mixin.py:188} INFO - [2026-03-13T22:54:51.735+0100] {dag.py:3947} INFO - Setting next_dagrun for tutorial_objectstorage to None, run_after=None
[2026-03-13T22:54:51.746+0100] {processor.py:183} INFO - Processing /Users/harshasogala/financial-data-platform/venv/lib/python3.12/site-packages/airflow/example_dags/tutorial_objectstorage.py took 0.167 seconds
[2026-03-13T22:55:35.006+0100] {processor.py:161} INFO - Started process (PID=72546) to work on /Users/harshasogala/financial-data-platform/venv/lib/python3.12/site-packages/airflow/example_dags/tutorial_objectstorage.py
[2026-03-13T22:55:35.006+0100] {processor.py:830} INFO - Processing file /Users/harshasogala/financial-data-platform/venv/lib/python3.12/site-packages/airflow/example_dags/tutorial_objectstorage.py for tasks to queue
[2026-03-13T22:55:35.007+0100] {logging_mixin.py:188} INFO - [2026-03-13T22:55:35.007+0100] {dagbag.py:545} INFO - Filling up the DagBag from /Users/harshasogala/financial-data-platform/venv/lib/python3.12/site-packages/airflow/example_dags/tutorial_objectstorage.py
[2026-03-13T22:55:35.059+0100] {processor.py:840} INFO - DAG(s) 'tutorial_objectstorage' retrieved from /Users/harshasogala/financial-data-platform/venv/lib/python3.12/site-packages/airflow/example_dags/tutorial_objectstorage.py
[2026-03-13T22:55:35.145+0100] {logging_mixin.py:188} INFO - [2026-03-13T22:55:35.145+0100] {dag.py:3089} INFO - Sync 1 DAGs
[2026-03-13T22:55:35.151+0100] {logging_mixin.py:188} INFO - [2026-03-13T22:55:35.151+0100] {dag.py:3947} INFO - Setting next_dagrun for tutorial_objectstorage to None, run_after=None
[2026-03-13T22:55:35.161+0100] {processor.py:183} INFO - Processing /Users/harshasogala/financial-data-platform/venv/lib/python3.12/site-packages/airflow/example_dags/tutorial_objectstorage.py took 0.157 seconds
[2026-03-13T22:56:54.328+0100] {processor.py:161} INFO - Started process (PID=72641) to work on /Users/harshasogala/financial-data-platform/venv/lib/python3.12/site-packages/airflow/example_dags/tutorial_objectstorage.py
[2026-03-13T22:56:54.328+0100] {processor.py:830} INFO - Processing file /Users/harshasogala/financial-data-platform/venv/lib/python3.12/site-packages/airflow/example_dags/tutorial_objectstorage.py for tasks to queue
[2026-03-13T22:56:54.329+0100] {logging_mixin.py:188} INFO - [2026-03-13T22:56:54.329+0100] {dagbag.py:545} INFO - Filling up the DagBag from /Users/harshasogala/financial-data-platform/venv/lib/python3.12/site-packages/airflow/example_dags/tutorial_objectstorage.py
[2026-03-13T22:56:54.383+0100] {processor.py:840} INFO - DAG(s) 'tutorial_objectstorage' retrieved from /Users/harshasogala/financial-data-platform/venv/lib/python3.12/site-packages/airflow/example_dags/tutorial_objectstorage.py
[2026-03-13T22:56:54.470+0100] {logging_mixin.py:188} INFO - [2026-03-13T22:56:54.470+0100] {dag.py:3089} INFO - Sync 1 DAGs
[2026-03-13T22:56:54.475+0100] {logging_mixin.py:188} INFO - [2026-03-13T22:56:54.475+0100] {dag.py:3947} INFO - Setting next_dagrun for tutorial_objectstorage to None, run_after=None
[2026-03-13T22:56:54.486+0100] {processor.py:183} INFO - Processing /Users/harshasogala/financial-data-platform/venv/lib/python3.12/site-packages/airflow/example_dags/tutorial_objectstorage.py took 0.160 seconds
[2026-03-13T22:58:13.997+0100] {processor.py:161} INFO - Started process (PID=72702) to work on /Users/harshasogala/financial-data-platform/venv/lib/python3.12/site-packages/airflow/example_dags/tutorial_objectstorage.py
[2026-03-13T22:58:13.999+0100] {processor.py:830} INFO - Processing file /Users/harshasogala/financial-data-platform/venv/lib/python3.12/site-packages/airflow/example_dags/tutorial_objectstorage.py for tasks to queue
[2026-03-13T22:58:13.999+0100] {logging_mixin.py:188} INFO - [2026-03-13T22:58:13.999+0100] {dagbag.py:545} INFO - Filling up the DagBag from /Users/harshasogala/financial-data-platform/venv/lib/python3.12/site-packages/airflow/example_dags/tutorial_objectstorage.py
[2026-03-13T22:58:14.064+0100] {processor.py:840} INFO - DAG(s) 'tutorial_objectstorage' retrieved from /Users/harshasogala/financial-data-platform/venv/lib/python3.12/site-packages/airflow/example_dags/tutorial_objectstorage.py
[2026-03-13T22:58:14.155+0100] {logging_mixin.py:188} INFO - [2026-03-13T22:58:14.154+0100] {dag.py:3089} INFO - Sync 1 DAGs
[2026-03-13T22:58:14.160+0100] {logging_mixin.py:188} INFO - [2026-03-13T22:58:14.160+0100] {dag.py:3947} INFO - Setting next_dagrun for tutorial_objectstorage to None, run_after=None
[2026-03-13T22:58:14.171+0100] {processor.py:183} INFO - Processing /Users/harshasogala/financial-data-platform/venv/lib/python3.12/site-packages/airflow/example_dags/tutorial_objectstorage.py took 0.176 seconds
[2026-03-13T22:58:55.268+0100] {processor.py:161} INFO - Started process (PID=72742) to work on /Users/harshasogala/financial-data-platform/venv/lib/python3.12/site-packages/airflow/example_dags/tutorial_objectstorage.py
[2026-03-13T22:58:55.269+0100] {processor.py:830} INFO - Processing file /Users/harshasogala/financial-data-platform/venv/lib/python3.12/site-packages/airflow/example_dags/tutorial_objectstorage.py for tasks to queue
[2026-03-13T22:58:55.270+0100] {logging_mixin.py:188} INFO - [2026-03-13T22:58:55.270+0100] {dagbag.py:545} INFO - Filling up the DagBag from /Users/harshasogala/financial-data-platform/venv/lib/python3.12/site-packages/airflow/example_dags/tutorial_objectstorage.py
[2026-03-13T22:58:55.323+0100] {processor.py:840} INFO - DAG(s) 'tutorial_objectstorage' retrieved from /Users/harshasogala/financial-data-platform/venv/lib/python3.12/site-packages/airflow/example_dags/tutorial_objectstorage.py
[2026-03-13T22:58:55.409+0100] {logging_mixin.py:188} INFO - [2026-03-13T22:58:55.409+0100] {dag.py:3089} INFO - Sync 1 DAGs
[2026-03-13T22:58:55.415+0100] {logging_mixin.py:188} INFO - [2026-03-13T22:58:55.414+0100] {dag.py:3947} INFO - Setting next_dagrun for tutorial_objectstorage to None, run_after=None
[2026-03-13T22:58:55.425+0100] {processor.py:183} INFO - Processing /Users/harshasogala/financial-data-platform/venv/lib/python3.12/site-packages/airflow/example_dags/tutorial_objectstorage.py took 0.159 seconds
[2026-03-13T23:00:10.962+0100] {processor.py:161} INFO - Started process (PID=72809) to work on /Users/harshasogala/financial-data-platform/venv/lib/python3.12/site-packages/airflow/example_dags/tutorial_objectstorage.py
[2026-03-13T23:00:10.963+0100] {processor.py:830} INFO - Processing file /Users/harshasogala/financial-data-platform/venv/lib/python3.12/site-packages/airflow/example_dags/tutorial_objectstorage.py for tasks to queue
[2026-03-13T23:00:10.963+0100] {logging_mixin.py:188} INFO - [2026-03-13T23:00:10.963+0100] {dagbag.py:545} INFO - Filling up the DagBag from /Users/harshasogala/financial-data-platform/venv/lib/python3.12/site-packages/airflow/example_dags/tutorial_objectstorage.py
[2026-03-13T23:00:11.015+0100] {processor.py:840} INFO - DAG(s) 'tutorial_objectstorage' retrieved from /Users/harshasogala/financial-data-platform/venv/lib/python3.12/site-packages/airflow/example_dags/tutorial_objectstorage.py
[2026-03-13T23:00:11.104+0100] {logging_mixin.py:188} INFO - [2026-03-13T23:00:11.104+0100] {dag.py:3089} INFO - Sync 1 DAGs
[2026-03-13T23:00:11.109+0100] {logging_mixin.py:188} INFO - [2026-03-13T23:00:11.109+0100] {dag.py:3947} INFO - Setting next_dagrun for tutorial_objectstorage to None, run_after=None
[2026-03-13T23:00:11.121+0100] {processor.py:183} INFO - Processing /Users/harshasogala/financial-data-platform/venv/lib/python3.12/site-packages/airflow/example_dags/tutorial_objectstorage.py took 0.161 seconds
[2026-03-13T23:00:54.429+0100] {processor.py:161} INFO - Started process (PID=72847) to work on /Users/harshasogala/financial-data-platform/venv/lib/python3.12/site-packages/airflow/example_dags/tutorial_objectstorage.py
[2026-03-13T23:00:54.430+0100] {processor.py:830} INFO - Processing file /Users/harshasogala/financial-data-platform/venv/lib/python3.12/site-packages/airflow/example_dags/tutorial_objectstorage.py for tasks to queue
[2026-03-13T23:00:54.431+0100] {logging_mixin.py:188} INFO - [2026-03-13T23:00:54.431+0100] {dagbag.py:545} INFO - Filling up the DagBag from /Users/harshasogala/financial-data-platform/venv/lib/python3.12/site-packages/airflow/example_dags/tutorial_objectstorage.py
[2026-03-13T23:00:54.484+0100] {processor.py:840} INFO - DAG(s) 'tutorial_objectstorage' retrieved from /Users/harshasogala/financial-data-platform/venv/lib/python3.12/site-packages/airflow/example_dags/tutorial_objectstorage.py
[2026-03-13T23:00:54.571+0100] {logging_mixin.py:188} INFO - [2026-03-13T23:00:54.570+0100] {dag.py:3089} INFO - Sync 1 DAGs
[2026-03-13T23:00:54.576+0100] {logging_mixin.py:188} INFO - [2026-03-13T23:00:54.576+0100] {dag.py:3947} INFO - Setting next_dagrun for tutorial_objectstorage to None, run_after=None
[2026-03-13T23:00:54.586+0100] {processor.py:183} INFO - Processing /Users/harshasogala/financial-data-platform/venv/lib/python3.12/site-packages/airflow/example_dags/tutorial_objectstorage.py took 0.159 seconds
[2026-03-13T23:02:12.963+0100] {processor.py:161} INFO - Started process (PID=72907) to work on /Users/harshasogala/financial-data-platform/venv/lib/python3.12/site-packages/airflow/example_dags/tutorial_objectstorage.py
[2026-03-13T23:02:12.964+0100] {processor.py:830} INFO - Processing file /Users/harshasogala/financial-data-platform/venv/lib/python3.12/site-packages/airflow/example_dags/tutorial_objectstorage.py for tasks to queue
[2026-03-13T23:02:12.965+0100] {logging_mixin.py:188} INFO - [2026-03-13T23:02:12.964+0100] {dagbag.py:545} INFO - Filling up the DagBag from /Users/harshasogala/financial-data-platform/venv/lib/python3.12/site-packages/airflow/example_dags/tutorial_objectstorage.py
[2026-03-13T23:02:13.017+0100] {processor.py:840} INFO - DAG(s) 'tutorial_objectstorage' retrieved from /Users/harshasogala/financial-data-platform/venv/lib/python3.12/site-packages/airflow/example_dags/tutorial_objectstorage.py
[2026-03-13T23:02:13.104+0100] {logging_mixin.py:188} INFO - [2026-03-13T23:02:13.104+0100] {dag.py:3089} INFO - Sync 1 DAGs
[2026-03-13T23:02:13.109+0100] {logging_mixin.py:188} INFO - [2026-03-13T23:02:13.109+0100] {dag.py:3947} INFO - Setting next_dagrun for tutorial_objectstorage to None, run_after=None
[2026-03-13T23:02:13.120+0100] {processor.py:183} INFO - Processing /Users/harshasogala/financial-data-platform/venv/lib/python3.12/site-packages/airflow/example_dags/tutorial_objectstorage.py took 0.159 seconds
[2026-03-13T23:03:33.076+0100] {processor.py:161} INFO - Started process (PID=72968) to work on /Users/harshasogala/financial-data-platform/venv/lib/python3.12/site-packages/airflow/example_dags/tutorial_objectstorage.py
[2026-03-13T23:03:33.077+0100] {processor.py:830} INFO - Processing file /Users/harshasogala/financial-data-platform/venv/lib/python3.12/site-packages/airflow/example_dags/tutorial_objectstorage.py for tasks to queue
[2026-03-13T23:03:33.078+0100] {logging_mixin.py:188} INFO - [2026-03-13T23:03:33.078+0100] {dagbag.py:545} INFO - Filling up the DagBag from /Users/harshasogala/financial-data-platform/venv/lib/python3.12/site-packages/airflow/example_dags/tutorial_objectstorage.py
[2026-03-13T23:03:33.142+0100] {processor.py:840} INFO - DAG(s) 'tutorial_objectstorage' retrieved from /Users/harshasogala/financial-data-platform/venv/lib/python3.12/site-packages/airflow/example_dags/tutorial_objectstorage.py
[2026-03-13T23:03:33.228+0100] {logging_mixin.py:188} INFO - [2026-03-13T23:03:33.228+0100] {dag.py:3089} INFO - Sync 1 DAGs
[2026-03-13T23:03:33.233+0100] {logging_mixin.py:188} INFO - [2026-03-13T23:03:33.233+0100] {dag.py:3947} INFO - Setting next_dagrun for tutorial_objectstorage to None, run_after=None
[2026-03-13T23:03:33.244+0100] {processor.py:183} INFO - Processing /Users/harshasogala/financial-data-platform/venv/lib/python3.12/site-packages/airflow/example_dags/tutorial_objectstorage.py took 0.171 seconds
[2026-03-13T23:04:49.988+0100] {processor.py:161} INFO - Started process (PID=73026) to work on /Users/harshasogala/financial-data-platform/venv/lib/python3.12/site-packages/airflow/example_dags/tutorial_objectstorage.py
[2026-03-13T23:04:49.989+0100] {processor.py:830} INFO - Processing file /Users/harshasogala/financial-data-platform/venv/lib/python3.12/site-packages/airflow/example_dags/tutorial_objectstorage.py for tasks to queue
[2026-03-13T23:04:49.990+0100] {logging_mixin.py:188} INFO - [2026-03-13T23:04:49.990+0100] {dagbag.py:545} INFO - Filling up the DagBag from /Users/harshasogala/financial-data-platform/venv/lib/python3.12/site-packages/airflow/example_dags/tutorial_objectstorage.py
[2026-03-13T23:04:50.043+0100] {processor.py:840} INFO - DAG(s) 'tutorial_objectstorage' retrieved from /Users/harshasogala/financial-data-platform/venv/lib/python3.12/site-packages/airflow/example_dags/tutorial_objectstorage.py
[2026-03-13T23:04:50.131+0100] {logging_mixin.py:188} INFO - [2026-03-13T23:04:50.131+0100] {dag.py:3089} INFO - Sync 1 DAGs
[2026-03-13T23:04:50.136+0100] {logging_mixin.py:188} INFO - [2026-03-13T23:04:50.136+0100] {dag.py:3947} INFO - Setting next_dagrun for tutorial_objectstorage to None, run_after=None
[2026-03-13T23:04:50.147+0100] {processor.py:183} INFO - Processing /Users/harshasogala/financial-data-platform/venv/lib/python3.12/site-packages/airflow/example_dags/tutorial_objectstorage.py took 0.160 seconds
[2026-03-13T23:06:05.774+0100] {processor.py:161} INFO - Started process (PID=73092) to work on /Users/harshasogala/financial-data-platform/venv/lib/python3.12/site-packages/airflow/example_dags/tutorial_objectstorage.py
[2026-03-13T23:06:05.775+0100] {processor.py:830} INFO - Processing file /Users/harshasogala/financial-data-platform/venv/lib/python3.12/site-packages/airflow/example_dags/tutorial_objectstorage.py for tasks to queue
[2026-03-13T23:06:05.776+0100] {logging_mixin.py:188} INFO - [2026-03-13T23:06:05.776+0100] {dagbag.py:545} INFO - Filling up the DagBag from /Users/harshasogala/financial-data-platform/venv/lib/python3.12/site-packages/airflow/example_dags/tutorial_objectstorage.py
[2026-03-13T23:06:05.828+0100] {processor.py:840} INFO - DAG(s) 'tutorial_objectstorage' retrieved from /Users/harshasogala/financial-data-platform/venv/lib/python3.12/site-packages/airflow/example_dags/tutorial_objectstorage.py
[2026-03-13T23:06:05.914+0100] {logging_mixin.py:188} INFO - [2026-03-13T23:06:05.913+0100] {dag.py:3089} INFO - Sync 1 DAGs
[2026-03-13T23:06:05.919+0100] {logging_mixin.py:188} INFO - [2026-03-13T23:06:05.919+0100] {dag.py:3947} INFO - Setting next_dagrun for tutorial_objectstorage to None, run_after=None
[2026-03-13T23:06:05.929+0100] {processor.py:183} INFO - Processing /Users/harshasogala/financial-data-platform/venv/lib/python3.12/site-packages/airflow/example_dags/tutorial_objectstorage.py took 0.157 seconds
[2026-03-13T23:06:48.073+0100] {processor.py:161} INFO - Started process (PID=73126) to work on /Users/harshasogala/financial-data-platform/venv/lib/python3.12/site-packages/airflow/example_dags/tutorial_objectstorage.py
[2026-03-13T23:06:48.074+0100] {processor.py:830} INFO - Processing file /Users/harshasogala/financial-data-platform/venv/lib/python3.12/site-packages/airflow/example_dags/tutorial_objectstorage.py for tasks to queue
[2026-03-13T23:06:48.075+0100] {logging_mixin.py:188} INFO - [2026-03-13T23:06:48.074+0100] {dagbag.py:545} INFO - Filling up the DagBag from /Users/harshasogala/financial-data-platform/venv/lib/python3.12/site-packages/airflow/example_dags/tutorial_objectstorage.py
[2026-03-13T23:06:48.127+0100] {processor.py:840} INFO - DAG(s) 'tutorial_objectstorage' retrieved from /Users/harshasogala/financial-data-platform/venv/lib/python3.12/site-packages/airflow/example_dags/tutorial_objectstorage.py
[2026-03-13T23:06:48.213+0100] {logging_mixin.py:188} INFO - [2026-03-13T23:06:48.213+0100] {dag.py:3089} INFO - Sync 1 DAGs
[2026-03-13T23:06:48.218+0100] {logging_mixin.py:188} INFO - [2026-03-13T23:06:48.218+0100] {dag.py:3947} INFO - Setting next_dagrun for tutorial_objectstorage to None, run_after=None
[2026-03-13T23:06:48.229+0100] {processor.py:183} INFO - Processing /Users/harshasogala/financial-data-platform/venv/lib/python3.12/site-packages/airflow/example_dags/tutorial_objectstorage.py took 0.158 seconds
[2026-03-13T23:07:30.069+0100] {processor.py:161} INFO - Started process (PID=73161) to work on /Users/harshasogala/financial-data-platform/venv/lib/python3.12/site-packages/airflow/example_dags/tutorial_objectstorage.py
[2026-03-13T23:07:30.069+0100] {processor.py:830} INFO - Processing file /Users/harshasogala/financial-data-platform/venv/lib/python3.12/site-packages/airflow/example_dags/tutorial_objectstorage.py for tasks to queue
[2026-03-13T23:07:30.070+0100] {logging_mixin.py:188} INFO - [2026-03-13T23:07:30.070+0100] {dagbag.py:545} INFO - Filling up the DagBag from /Users/harshasogala/financial-data-platform/venv/lib/python3.12/site-packages/airflow/example_dags/tutorial_objectstorage.py
[2026-03-13T23:07:30.124+0100] {processor.py:840} INFO - DAG(s) 'tutorial_objectstorage' retrieved from /Users/harshasogala/financial-data-platform/venv/lib/python3.12/site-packages/airflow/example_dags/tutorial_objectstorage.py
[2026-03-13T23:07:30.211+0100] {logging_mixin.py:188} INFO - [2026-03-13T23:07:30.211+0100] {dag.py:3089} INFO - Sync 1 DAGs
[2026-03-13T23:07:30.216+0100] {logging_mixin.py:188} INFO - [2026-03-13T23:07:30.216+0100] {dag.py:3947} INFO - Setting next_dagrun for tutorial_objectstorage to None, run_after=None
[2026-03-13T23:07:30.227+0100] {processor.py:183} INFO - Processing /Users/harshasogala/financial-data-platform/venv/lib/python3.12/site-packages/airflow/example_dags/tutorial_objectstorage.py took 0.160 seconds
[2026-03-13T23:08:44.992+0100] {processor.py:161} INFO - Started process (PID=73221) to work on /Users/harshasogala/financial-data-platform/venv/lib/python3.12/site-packages/airflow/example_dags/tutorial_objectstorage.py
[2026-03-13T23:08:44.993+0100] {processor.py:830} INFO - Processing file /Users/harshasogala/financial-data-platform/venv/lib/python3.12/site-packages/airflow/example_dags/tutorial_objectstorage.py for tasks to queue
[2026-03-13T23:08:44.993+0100] {logging_mixin.py:188} INFO - [2026-03-13T23:08:44.993+0100] {dagbag.py:545} INFO - Filling up the DagBag from /Users/harshasogala/financial-data-platform/venv/lib/python3.12/site-packages/airflow/example_dags/tutorial_objectstorage.py
[2026-03-13T23:08:45.046+0100] {processor.py:840} INFO - DAG(s) 'tutorial_objectstorage' retrieved from /Users/harshasogala/financial-data-platform/venv/lib/python3.12/site-packages/airflow/example_dags/tutorial_objectstorage.py
[2026-03-13T23:08:45.133+0100] {logging_mixin.py:188} INFO - [2026-03-13T23:08:45.133+0100] {dag.py:3089} INFO - Sync 1 DAGs
[2026-03-13T23:08:45.138+0100] {logging_mixin.py:188} INFO - [2026-03-13T23:08:45.138+0100] {dag.py:3947} INFO - Setting next_dagrun for tutorial_objectstorage to None, run_after=None
[2026-03-13T23:08:45.149+0100] {processor.py:183} INFO - Processing /Users/harshasogala/financial-data-platform/venv/lib/python3.12/site-packages/airflow/example_dags/tutorial_objectstorage.py took 0.159 seconds
[2026-03-13T23:09:56.775+0100] {processor.py:161} INFO - Started process (PID=73277) to work on /Users/harshasogala/financial-data-platform/venv/lib/python3.12/site-packages/airflow/example_dags/tutorial_objectstorage.py
[2026-03-13T23:09:56.776+0100] {processor.py:830} INFO - Processing file /Users/harshasogala/financial-data-platform/venv/lib/python3.12/site-packages/airflow/example_dags/tutorial_objectstorage.py for tasks to queue
[2026-03-13T23:09:56.777+0100] {logging_mixin.py:188} INFO - [2026-03-13T23:09:56.776+0100] {dagbag.py:545} INFO - Filling up the DagBag from /Users/harshasogala/financial-data-platform/venv/lib/python3.12/site-packages/airflow/example_dags/tutorial_objectstorage.py
[2026-03-13T23:09:56.832+0100] {processor.py:840} INFO - DAG(s) 'tutorial_objectstorage' retrieved from /Users/harshasogala/financial-data-platform/venv/lib/python3.12/site-packages/airflow/example_dags/tutorial_objectstorage.py
[2026-03-13T23:09:56.922+0100] {logging_mixin.py:188} INFO - [2026-03-13T23:09:56.922+0100] {dag.py:3089} INFO - Sync 1 DAGs
[2026-03-13T23:09:56.927+0100] {logging_mixin.py:188} INFO - [2026-03-13T23:09:56.927+0100] {dag.py:3947} INFO - Setting next_dagrun for tutorial_objectstorage to None, run_after=None
[2026-03-13T23:09:56.938+0100] {processor.py:183} INFO - Processing /Users/harshasogala/financial-data-platform/venv/lib/python3.12/site-packages/airflow/example_dags/tutorial_objectstorage.py took 0.165 seconds
[2026-03-13T23:11:10.128+0100] {processor.py:161} INFO - Started process (PID=73337) to work on /Users/harshasogala/financial-data-platform/venv/lib/python3.12/site-packages/airflow/example_dags/tutorial_objectstorage.py
[2026-03-13T23:11:10.129+0100] {processor.py:830} INFO - Processing file /Users/harshasogala/financial-data-platform/venv/lib/python3.12/site-packages/airflow/example_dags/tutorial_objectstorage.py for tasks to queue
[2026-03-13T23:11:10.129+0100] {logging_mixin.py:188} INFO - [2026-03-13T23:11:10.129+0100] {dagbag.py:545} INFO - Filling up the DagBag from /Users/harshasogala/financial-data-platform/venv/lib/python3.12/site-packages/airflow/example_dags/tutorial_objectstorage.py
[2026-03-13T23:11:10.182+0100] {processor.py:840} INFO - DAG(s) 'tutorial_objectstorage' retrieved from /Users/harshasogala/financial-data-platform/venv/lib/python3.12/site-packages/airflow/example_dags/tutorial_objectstorage.py
[2026-03-13T23:11:10.268+0100] {logging_mixin.py:188} INFO - [2026-03-13T23:11:10.268+0100] {dag.py:3089} INFO - Sync 1 DAGs
[2026-03-13T23:11:10.273+0100] {logging_mixin.py:188} INFO - [2026-03-13T23:11:10.273+0100] {dag.py:3947} INFO - Setting next_dagrun for tutorial_objectstorage to None, run_after=None
[2026-03-13T23:11:10.283+0100] {processor.py:183} INFO - Processing /Users/harshasogala/financial-data-platform/venv/lib/python3.12/site-packages/airflow/example_dags/tutorial_objectstorage.py took 0.157 seconds
[2026-03-13T23:12:23.332+0100] {processor.py:161} INFO - Started process (PID=73404) to work on /Users/harshasogala/financial-data-platform/venv/lib/python3.12/site-packages/airflow/example_dags/tutorial_objectstorage.py
[2026-03-13T23:12:23.333+0100] {processor.py:830} INFO - Processing file /Users/harshasogala/financial-data-platform/venv/lib/python3.12/site-packages/airflow/example_dags/tutorial_objectstorage.py for tasks to queue
[2026-03-13T23:12:23.333+0100] {logging_mixin.py:188} INFO - [2026-03-13T23:12:23.333+0100] {dagbag.py:545} INFO - Filling up the DagBag from /Users/harshasogala/financial-data-platform/venv/lib/python3.12/site-packages/airflow/example_dags/tutorial_objectstorage.py
[2026-03-13T23:12:23.387+0100] {processor.py:840} INFO - DAG(s) 'tutorial_objectstorage' retrieved from /Users/harshasogala/financial-data-platform/venv/lib/python3.12/site-packages/airflow/example_dags/tutorial_objectstorage.py
[2026-03-13T23:12:23.473+0100] {logging_mixin.py:188} INFO - [2026-03-13T23:12:23.473+0100] {dag.py:3089} INFO - Sync 1 DAGs
[2026-03-13T23:12:23.479+0100] {logging_mixin.py:188} INFO - [2026-03-13T23:12:23.478+0100] {dag.py:3947} INFO - Setting next_dagrun for tutorial_objectstorage to None, run_after=None
[2026-03-13T23:12:23.489+0100] {processor.py:183} INFO - Processing /Users/harshasogala/financial-data-platform/venv/lib/python3.12/site-packages/airflow/example_dags/tutorial_objectstorage.py took 0.159 seconds
[2026-03-13T23:13:40.353+0100] {processor.py:161} INFO - Started process (PID=73464) to work on /Users/harshasogala/financial-data-platform/venv/lib/python3.12/site-packages/airflow/example_dags/tutorial_objectstorage.py
[2026-03-13T23:13:40.355+0100] {processor.py:830} INFO - Processing file /Users/harshasogala/financial-data-platform/venv/lib/python3.12/site-packages/airflow/example_dags/tutorial_objectstorage.py for tasks to queue
[2026-03-13T23:13:40.355+0100] {logging_mixin.py:188} INFO - [2026-03-13T23:13:40.355+0100] {dagbag.py:545} INFO - Filling up the DagBag from /Users/harshasogala/financial-data-platform/venv/lib/python3.12/site-packages/airflow/example_dags/tutorial_objectstorage.py
[2026-03-13T23:13:40.408+0100] {processor.py:840} INFO - DAG(s) 'tutorial_objectstorage' retrieved from /Users/harshasogala/financial-data-platform/venv/lib/python3.12/site-packages/airflow/example_dags/tutorial_objectstorage.py
[2026-03-13T23:13:40.494+0100] {logging_mixin.py:188} INFO - [2026-03-13T23:13:40.493+0100] {dag.py:3089} INFO - Sync 1 DAGs
[2026-03-13T23:13:40.499+0100] {logging_mixin.py:188} INFO - [2026-03-13T23:13:40.499+0100] {dag.py:3947} INFO - Setting next_dagrun for tutorial_objectstorage to None, run_after=None
[2026-03-13T23:13:40.510+0100] {processor.py:183} INFO - Processing /Users/harshasogala/financial-data-platform/venv/lib/python3.12/site-packages/airflow/example_dags/tutorial_objectstorage.py took 0.158 seconds
[2026-03-13T23:14:54.098+0100] {processor.py:161} INFO - Started process (PID=73524) to work on /Users/harshasogala/financial-data-platform/venv/lib/python3.12/site-packages/airflow/example_dags/tutorial_objectstorage.py
[2026-03-13T23:14:54.099+0100] {processor.py:830} INFO - Processing file /Users/harshasogala/financial-data-platform/venv/lib/python3.12/site-packages/airflow/example_dags/tutorial_objectstorage.py for tasks to queue
[2026-03-13T23:14:54.100+0100] {logging_mixin.py:188} INFO - [2026-03-13T23:14:54.099+0100] {dagbag.py:545} INFO - Filling up the DagBag from /Users/harshasogala/financial-data-platform/venv/lib/python3.12/site-packages/airflow/example_dags/tutorial_objectstorage.py
[2026-03-13T23:14:54.153+0100] {processor.py:840} INFO - DAG(s) 'tutorial_objectstorage' retrieved from /Users/harshasogala/financial-data-platform/venv/lib/python3.12/site-packages/airflow/example_dags/tutorial_objectstorage.py
[2026-03-13T23:14:54.239+0100] {logging_mixin.py:188} INFO - [2026-03-13T23:14:54.239+0100] {dag.py:3089} INFO - Sync 1 DAGs
[2026-03-13T23:14:54.244+0100] {logging_mixin.py:188} INFO - [2026-03-13T23:14:54.244+0100] {dag.py:3947} INFO - Setting next_dagrun for tutorial_objectstorage to None, run_after=None
[2026-03-13T23:14:54.255+0100] {processor.py:183} INFO - Processing /Users/harshasogala/financial-data-platform/venv/lib/python3.12/site-packages/airflow/example_dags/tutorial_objectstorage.py took 0.158 seconds
[2026-03-13T23:16:08.019+0100] {processor.py:161} INFO - Started process (PID=73584) to work on /Users/harshasogala/financial-data-platform/venv/lib/python3.12/site-packages/airflow/example_dags/tutorial_objectstorage.py
[2026-03-13T23:16:08.020+0100] {processor.py:830} INFO - Processing file /Users/harshasogala/financial-data-platform/venv/lib/python3.12/site-packages/airflow/example_dags/tutorial_objectstorage.py for tasks to queue
[2026-03-13T23:16:08.020+0100] {logging_mixin.py:188} INFO - [2026-03-13T23:16:08.020+0100] {dagbag.py:545} INFO - Filling up the DagBag from /Users/harshasogala/financial-data-platform/venv/lib/python3.12/site-packages/airflow/example_dags/tutorial_objectstorage.py
[2026-03-13T23:16:08.080+0100] {processor.py:840} INFO - DAG(s) 'tutorial_objectstorage' retrieved from /Users/harshasogala/financial-data-platform/venv/lib/python3.12/site-packages/airflow/example_dags/tutorial_objectstorage.py
[2026-03-13T23:16:08.170+0100] {logging_mixin.py:188} INFO - [2026-03-13T23:16:08.169+0100] {dag.py:3089} INFO - Sync 1 DAGs
[2026-03-13T23:16:08.175+0100] {logging_mixin.py:188} INFO - [2026-03-13T23:16:08.175+0100] {dag.py:3947} INFO - Setting next_dagrun for tutorial_objectstorage to None, run_after=None
[2026-03-13T23:16:08.186+0100] {processor.py:183} INFO - Processing /Users/harshasogala/financial-data-platform/venv/lib/python3.12/site-packages/airflow/example_dags/tutorial_objectstorage.py took 0.168 seconds
[2026-03-13T23:17:24.688+0100] {processor.py:161} INFO - Started process (PID=73655) to work on /Users/harshasogala/financial-data-platform/venv/lib/python3.12/site-packages/airflow/example_dags/tutorial_objectstorage.py
[2026-03-13T23:17:24.689+0100] {processor.py:830} INFO - Processing file /Users/harshasogala/financial-data-platform/venv/lib/python3.12/site-packages/airflow/example_dags/tutorial_objectstorage.py for tasks to queue
[2026-03-13T23:17:24.689+0100] {logging_mixin.py:188} INFO - [2026-03-13T23:17:24.689+0100] {dagbag.py:545} INFO - Filling up the DagBag from /Users/harshasogala/financial-data-platform/venv/lib/python3.12/site-packages/airflow/example_dags/tutorial_objectstorage.py
[2026-03-13T23:17:24.746+0100] {processor.py:840} INFO - DAG(s) 'tutorial_objectstorage' retrieved from /Users/harshasogala/financial-data-platform/venv/lib/python3.12/site-packages/airflow/example_dags/tutorial_objectstorage.py
[2026-03-13T23:17:24.839+0100] {logging_mixin.py:188} INFO - [2026-03-13T23:17:24.839+0100] {dag.py:3089} INFO - Sync 1 DAGs
[2026-03-13T23:17:24.845+0100] {logging_mixin.py:188} INFO - [2026-03-13T23:17:24.845+0100] {dag.py:3947} INFO - Setting next_dagrun for tutorial_objectstorage to None, run_after=None
[2026-03-13T23:17:24.857+0100] {processor.py:183} INFO - Processing /Users/harshasogala/financial-data-platform/venv/lib/python3.12/site-packages/airflow/example_dags/tutorial_objectstorage.py took 0.174 seconds
[2026-03-13T23:18:41.435+0100] {processor.py:161} INFO - Started process (PID=73716) to work on /Users/harshasogala/financial-data-platform/venv/lib/python3.12/site-packages/airflow/example_dags/tutorial_objectstorage.py
[2026-03-13T23:18:41.436+0100] {processor.py:830} INFO - Processing file /Users/harshasogala/financial-data-platform/venv/lib/python3.12/site-packages/airflow/example_dags/tutorial_objectstorage.py for tasks to queue
[2026-03-13T23:18:41.436+0100] {logging_mixin.py:188} INFO - [2026-03-13T23:18:41.436+0100] {dagbag.py:545} INFO - Filling up the DagBag from /Users/harshasogala/financial-data-platform/venv/lib/python3.12/site-packages/airflow/example_dags/tutorial_objectstorage.py
[2026-03-13T23:18:41.506+0100] {processor.py:840} INFO - DAG(s) 'tutorial_objectstorage' retrieved from /Users/harshasogala/financial-data-platform/venv/lib/python3.12/site-packages/airflow/example_dags/tutorial_objectstorage.py
[2026-03-13T23:18:41.597+0100] {logging_mixin.py:188} INFO - [2026-03-13T23:18:41.597+0100] {dag.py:3089} INFO - Sync 1 DAGs
[2026-03-13T23:18:41.604+0100] {logging_mixin.py:188} INFO - [2026-03-13T23:18:41.604+0100] {dag.py:3947} INFO - Setting next_dagrun for tutorial_objectstorage to None, run_after=None
[2026-03-13T23:18:41.616+0100] {processor.py:183} INFO - Processing /Users/harshasogala/financial-data-platform/venv/lib/python3.12/site-packages/airflow/example_dags/tutorial_objectstorage.py took 0.183 seconds
[2026-03-13T23:19:58.312+0100] {processor.py:161} INFO - Started process (PID=73781) to work on /Users/harshasogala/financial-data-platform/venv/lib/python3.12/site-packages/airflow/example_dags/tutorial_objectstorage.py
[2026-03-13T23:19:58.313+0100] {processor.py:830} INFO - Processing file /Users/harshasogala/financial-data-platform/venv/lib/python3.12/site-packages/airflow/example_dags/tutorial_objectstorage.py for tasks to queue
[2026-03-13T23:19:58.313+0100] {logging_mixin.py:188} INFO - [2026-03-13T23:19:58.313+0100] {dagbag.py:545} INFO - Filling up the DagBag from /Users/harshasogala/financial-data-platform/venv/lib/python3.12/site-packages/airflow/example_dags/tutorial_objectstorage.py
[2026-03-13T23:19:58.395+0100] {processor.py:840} INFO - DAG(s) 'tutorial_objectstorage' retrieved from /Users/harshasogala/financial-data-platform/venv/lib/python3.12/site-packages/airflow/example_dags/tutorial_objectstorage.py
[2026-03-13T23:19:58.484+0100] {logging_mixin.py:188} INFO - [2026-03-13T23:19:58.484+0100] {dag.py:3089} INFO - Sync 1 DAGs
[2026-03-13T23:19:58.490+0100] {logging_mixin.py:188} INFO - [2026-03-13T23:19:58.489+0100] {dag.py:3947} INFO - Setting next_dagrun for tutorial_objectstorage to None, run_after=None
[2026-03-13T23:19:58.501+0100] {processor.py:183} INFO - Processing /Users/harshasogala/financial-data-platform/venv/lib/python3.12/site-packages/airflow/example_dags/tutorial_objectstorage.py took 0.191 seconds
[2026-03-13T23:21:14.358+0100] {processor.py:161} INFO - Started process (PID=73861) to work on /Users/harshasogala/financial-data-platform/venv/lib/python3.12/site-packages/airflow/example_dags/tutorial_objectstorage.py
[2026-03-13T23:21:14.358+0100] {processor.py:830} INFO - Processing file /Users/harshasogala/financial-data-platform/venv/lib/python3.12/site-packages/airflow/example_dags/tutorial_objectstorage.py for tasks to queue
[2026-03-13T23:21:14.359+0100] {logging_mixin.py:188} INFO - [2026-03-13T23:21:14.359+0100] {dagbag.py:545} INFO - Filling up the DagBag from /Users/harshasogala/financial-data-platform/venv/lib/python3.12/site-packages/airflow/example_dags/tutorial_objectstorage.py
[2026-03-13T23:21:14.415+0100] {processor.py:840} INFO - DAG(s) 'tutorial_objectstorage' retrieved from /Users/harshasogala/financial-data-platform/venv/lib/python3.12/site-packages/airflow/example_dags/tutorial_objectstorage.py
[2026-03-13T23:21:14.503+0100] {logging_mixin.py:188} INFO - [2026-03-13T23:21:14.503+0100] {dag.py:3089} INFO - Sync 1 DAGs
[2026-03-13T23:21:14.508+0100] {logging_mixin.py:188} INFO - [2026-03-13T23:21:14.508+0100] {dag.py:3947} INFO - Setting next_dagrun for tutorial_objectstorage to None, run_after=None
[2026-03-13T23:21:14.519+0100] {processor.py:183} INFO - Processing /Users/harshasogala/financial-data-platform/venv/lib/python3.12/site-packages/airflow/example_dags/tutorial_objectstorage.py took 0.164 seconds
[2026-03-13T23:22:27.234+0100] {processor.py:161} INFO - Started process (PID=73922) to work on /Users/harshasogala/financial-data-platform/venv/lib/python3.12/site-packages/airflow/example_dags/tutorial_objectstorage.py
[2026-03-13T23:22:27.236+0100] {processor.py:830} INFO - Processing file /Users/harshasogala/financial-data-platform/venv/lib/python3.12/site-packages/airflow/example_dags/tutorial_objectstorage.py for tasks to queue
[2026-03-13T23:22:27.236+0100] {logging_mixin.py:188} INFO - [2026-03-13T23:22:27.236+0100] {dagbag.py:545} INFO - Filling up the DagBag from /Users/harshasogala/financial-data-platform/venv/lib/python3.12/site-packages/airflow/example_dags/tutorial_objectstorage.py
[2026-03-13T23:22:27.292+0100] {processor.py:840} INFO - DAG(s) 'tutorial_objectstorage' retrieved from /Users/harshasogala/financial-data-platform/venv/lib/python3.12/site-packages/airflow/example_dags/tutorial_objectstorage.py
[2026-03-13T23:22:27.379+0100] {logging_mixin.py:188} INFO - [2026-03-13T23:22:27.379+0100] {dag.py:3089} INFO - Sync 1 DAGs
[2026-03-13T23:22:27.384+0100] {logging_mixin.py:188} INFO - [2026-03-13T23:22:27.384+0100] {dag.py:3947} INFO - Setting next_dagrun for tutorial_objectstorage to None, run_after=None
[2026-03-13T23:22:27.396+0100] {processor.py:183} INFO - Processing /Users/harshasogala/financial-data-platform/venv/lib/python3.12/site-packages/airflow/example_dags/tutorial_objectstorage.py took 0.164 seconds
[2026-03-13T23:23:42.464+0100] {processor.py:161} INFO - Started process (PID=73986) to work on /Users/harshasogala/financial-data-platform/venv/lib/python3.12/site-packages/airflow/example_dags/tutorial_objectstorage.py
[2026-03-13T23:23:42.466+0100] {processor.py:830} INFO - Processing file /Users/harshasogala/financial-data-platform/venv/lib/python3.12/site-packages/airflow/example_dags/tutorial_objectstorage.py for tasks to queue
[2026-03-13T23:23:42.466+0100] {logging_mixin.py:188} INFO - [2026-03-13T23:23:42.466+0100] {dagbag.py:545} INFO - Filling up the DagBag from /Users/harshasogala/financial-data-platform/venv/lib/python3.12/site-packages/airflow/example_dags/tutorial_objectstorage.py
[2026-03-13T23:23:42.522+0100] {processor.py:840} INFO - DAG(s) 'tutorial_objectstorage' retrieved from /Users/harshasogala/financial-data-platform/venv/lib/python3.12/site-packages/airflow/example_dags/tutorial_objectstorage.py
[2026-03-13T23:23:42.609+0100] {logging_mixin.py:188} INFO - [2026-03-13T23:23:42.609+0100] {dag.py:3089} INFO - Sync 1 DAGs
[2026-03-13T23:23:42.615+0100] {logging_mixin.py:188} INFO - [2026-03-13T23:23:42.614+0100] {dag.py:3947} INFO - Setting next_dagrun for tutorial_objectstorage to None, run_after=None
[2026-03-13T23:23:42.626+0100] {processor.py:183} INFO - Processing /Users/harshasogala/financial-data-platform/venv/lib/python3.12/site-packages/airflow/example_dags/tutorial_objectstorage.py took 0.164 seconds
[2026-03-13T23:24:59.378+0100] {processor.py:161} INFO - Started process (PID=74046) to work on /Users/harshasogala/financial-data-platform/venv/lib/python3.12/site-packages/airflow/example_dags/tutorial_objectstorage.py
[2026-03-13T23:24:59.379+0100] {processor.py:830} INFO - Processing file /Users/harshasogala/financial-data-platform/venv/lib/python3.12/site-packages/airflow/example_dags/tutorial_objectstorage.py for tasks to queue
[2026-03-13T23:24:59.379+0100] {logging_mixin.py:188} INFO - [2026-03-13T23:24:59.379+0100] {dagbag.py:545} INFO - Filling up the DagBag from /Users/harshasogala/financial-data-platform/venv/lib/python3.12/site-packages/airflow/example_dags/tutorial_objectstorage.py
[2026-03-13T23:24:59.438+0100] {processor.py:840} INFO - DAG(s) 'tutorial_objectstorage' retrieved from /Users/harshasogala/financial-data-platform/venv/lib/python3.12/site-packages/airflow/example_dags/tutorial_objectstorage.py
[2026-03-13T23:24:59.533+0100] {logging_mixin.py:188} INFO - [2026-03-13T23:24:59.533+0100] {dag.py:3089} INFO - Sync 1 DAGs
[2026-03-13T23:24:59.538+0100] {logging_mixin.py:188} INFO - [2026-03-13T23:24:59.538+0100] {dag.py:3947} INFO - Setting next_dagrun for tutorial_objectstorage to None, run_after=None
[2026-03-13T23:24:59.549+0100] {processor.py:183} INFO - Processing /Users/harshasogala/financial-data-platform/venv/lib/python3.12/site-packages/airflow/example_dags/tutorial_objectstorage.py took 0.174 seconds
[2026-03-13T23:26:15.767+0100] {processor.py:161} INFO - Started process (PID=74104) to work on /Users/harshasogala/financial-data-platform/venv/lib/python3.12/site-packages/airflow/example_dags/tutorial_objectstorage.py
[2026-03-13T23:26:15.768+0100] {processor.py:830} INFO - Processing file /Users/harshasogala/financial-data-platform/venv/lib/python3.12/site-packages/airflow/example_dags/tutorial_objectstorage.py for tasks to queue
[2026-03-13T23:26:15.768+0100] {logging_mixin.py:188} INFO - [2026-03-13T23:26:15.768+0100] {dagbag.py:545} INFO - Filling up the DagBag from /Users/harshasogala/financial-data-platform/venv/lib/python3.12/site-packages/airflow/example_dags/tutorial_objectstorage.py
[2026-03-13T23:26:15.824+0100] {processor.py:840} INFO - DAG(s) 'tutorial_objectstorage' retrieved from /Users/harshasogala/financial-data-platform/venv/lib/python3.12/site-packages/airflow/example_dags/tutorial_objectstorage.py
[2026-03-13T23:26:15.912+0100] {logging_mixin.py:188} INFO - [2026-03-13T23:26:15.912+0100] {dag.py:3089} INFO - Sync 1 DAGs
[2026-03-13T23:26:15.917+0100] {logging_mixin.py:188} INFO - [2026-03-13T23:26:15.917+0100] {dag.py:3947} INFO - Setting next_dagrun for tutorial_objectstorage to None, run_after=None
[2026-03-13T23:26:15.929+0100] {processor.py:183} INFO - Processing /Users/harshasogala/financial-data-platform/venv/lib/python3.12/site-packages/airflow/example_dags/tutorial_objectstorage.py took 0.163 seconds
[2026-03-13T23:27:33.685+0100] {processor.py:161} INFO - Started process (PID=74179) to work on /Users/harshasogala/financial-data-platform/venv/lib/python3.12/site-packages/airflow/example_dags/tutorial_objectstorage.py
[2026-03-13T23:27:33.686+0100] {processor.py:830} INFO - Processing file /Users/harshasogala/financial-data-platform/venv/lib/python3.12/site-packages/airflow/example_dags/tutorial_objectstorage.py for tasks to queue
[2026-03-13T23:27:33.687+0100] {logging_mixin.py:188} INFO - [2026-03-13T23:27:33.686+0100] {dagbag.py:545} INFO - Filling up the DagBag from /Users/harshasogala/financial-data-platform/venv/lib/python3.12/site-packages/airflow/example_dags/tutorial_objectstorage.py
[2026-03-13T23:27:33.741+0100] {processor.py:840} INFO - DAG(s) 'tutorial_objectstorage' retrieved from /Users/harshasogala/financial-data-platform/venv/lib/python3.12/site-packages/airflow/example_dags/tutorial_objectstorage.py
[2026-03-13T23:27:33.827+0100] {logging_mixin.py:188} INFO - [2026-03-13T23:27:33.827+0100] {dag.py:3089} INFO - Sync 1 DAGs
[2026-03-13T23:27:33.832+0100] {logging_mixin.py:188} INFO - [2026-03-13T23:27:33.832+0100] {dag.py:3947} INFO - Setting next_dagrun for tutorial_objectstorage to None, run_after=None
[2026-03-13T23:27:33.843+0100] {processor.py:183} INFO - Processing /Users/harshasogala/financial-data-platform/venv/lib/python3.12/site-packages/airflow/example_dags/tutorial_objectstorage.py took 0.160 seconds
[2026-03-13T23:28:51.740+0100] {processor.py:161} INFO - Started process (PID=74267) to work on /Users/harshasogala/financial-data-platform/venv/lib/python3.12/site-packages/airflow/example_dags/tutorial_objectstorage.py
[2026-03-13T23:28:51.741+0100] {processor.py:830} INFO - Processing file /Users/harshasogala/financial-data-platform/venv/lib/python3.12/site-packages/airflow/example_dags/tutorial_objectstorage.py for tasks to queue
[2026-03-13T23:28:51.742+0100] {logging_mixin.py:188} INFO - [2026-03-13T23:28:51.741+0100] {dagbag.py:545} INFO - Filling up the DagBag from /Users/harshasogala/financial-data-platform/venv/lib/python3.12/site-packages/airflow/example_dags/tutorial_objectstorage.py
[2026-03-13T23:28:51.795+0100] {processor.py:840} INFO - DAG(s) 'tutorial_objectstorage' retrieved from /Users/harshasogala/financial-data-platform/venv/lib/python3.12/site-packages/airflow/example_dags/tutorial_objectstorage.py
[2026-03-13T23:28:51.881+0100] {logging_mixin.py:188} INFO - [2026-03-13T23:28:51.881+0100] {dag.py:3089} INFO - Sync 1 DAGs
[2026-03-13T23:28:51.886+0100] {logging_mixin.py:188} INFO - [2026-03-13T23:28:51.886+0100] {dag.py:3947} INFO - Setting next_dagrun for tutorial_objectstorage to None, run_after=None
[2026-03-13T23:28:51.899+0100] {processor.py:183} INFO - Processing /Users/harshasogala/financial-data-platform/venv/lib/python3.12/site-packages/airflow/example_dags/tutorial_objectstorage.py took 0.160 seconds
[2026-03-13T23:30:05.081+0100] {processor.py:161} INFO - Started process (PID=74324) to work on /Users/harshasogala/financial-data-platform/venv/lib/python3.12/site-packages/airflow/example_dags/tutorial_objectstorage.py
[2026-03-13T23:30:05.082+0100] {processor.py:830} INFO - Processing file /Users/harshasogala/financial-data-platform/venv/lib/python3.12/site-packages/airflow/example_dags/tutorial_objectstorage.py for tasks to queue
[2026-03-13T23:30:05.083+0100] {logging_mixin.py:188} INFO - [2026-03-13T23:30:05.083+0100] {dagbag.py:545} INFO - Filling up the DagBag from /Users/harshasogala/financial-data-platform/venv/lib/python3.12/site-packages/airflow/example_dags/tutorial_objectstorage.py
[2026-03-13T23:30:05.136+0100] {processor.py:840} INFO - DAG(s) 'tutorial_objectstorage' retrieved from /Users/harshasogala/financial-data-platform/venv/lib/python3.12/site-packages/airflow/example_dags/tutorial_objectstorage.py
[2026-03-13T23:30:05.225+0100] {logging_mixin.py:188} INFO - [2026-03-13T23:30:05.225+0100] {dag.py:3089} INFO - Sync 1 DAGs
[2026-03-13T23:30:05.230+0100] {logging_mixin.py:188} INFO - [2026-03-13T23:30:05.230+0100] {dag.py:3947} INFO - Setting next_dagrun for tutorial_objectstorage to None, run_after=None
[2026-03-13T23:30:05.242+0100] {processor.py:183} INFO - Processing /Users/harshasogala/financial-data-platform/venv/lib/python3.12/site-packages/airflow/example_dags/tutorial_objectstorage.py took 0.163 seconds
[2026-03-13T23:31:25.091+0100] {processor.py:161} INFO - Started process (PID=74624) to work on /Users/harshasogala/financial-data-platform/venv/lib/python3.12/site-packages/airflow/example_dags/tutorial_objectstorage.py
[2026-03-13T23:31:25.092+0100] {processor.py:830} INFO - Processing file /Users/harshasogala/financial-data-platform/venv/lib/python3.12/site-packages/airflow/example_dags/tutorial_objectstorage.py for tasks to queue
[2026-03-13T23:31:25.092+0100] {logging_mixin.py:188} INFO - [2026-03-13T23:31:25.092+0100] {dagbag.py:545} INFO - Filling up the DagBag from /Users/harshasogala/financial-data-platform/venv/lib/python3.12/site-packages/airflow/example_dags/tutorial_objectstorage.py
[2026-03-13T23:31:25.147+0100] {processor.py:840} INFO - DAG(s) 'tutorial_objectstorage' retrieved from /Users/harshasogala/financial-data-platform/venv/lib/python3.12/site-packages/airflow/example_dags/tutorial_objectstorage.py
[2026-03-13T23:31:25.235+0100] {logging_mixin.py:188} INFO - [2026-03-13T23:31:25.235+0100] {dag.py:3089} INFO - Sync 1 DAGs
[2026-03-13T23:31:25.240+0100] {logging_mixin.py:188} INFO - [2026-03-13T23:31:25.240+0100] {dag.py:3947} INFO - Setting next_dagrun for tutorial_objectstorage to None, run_after=None
[2026-03-13T23:31:25.252+0100] {processor.py:183} INFO - Processing /Users/harshasogala/financial-data-platform/venv/lib/python3.12/site-packages/airflow/example_dags/tutorial_objectstorage.py took 0.163 seconds
[2026-03-13T23:32:41.215+0100] {processor.py:161} INFO - Started process (PID=74963) to work on /Users/harshasogala/financial-data-platform/venv/lib/python3.12/site-packages/airflow/example_dags/tutorial_objectstorage.py
[2026-03-13T23:32:41.216+0100] {processor.py:830} INFO - Processing file /Users/harshasogala/financial-data-platform/venv/lib/python3.12/site-packages/airflow/example_dags/tutorial_objectstorage.py for tasks to queue
[2026-03-13T23:32:41.217+0100] {logging_mixin.py:188} INFO - [2026-03-13T23:32:41.217+0100] {dagbag.py:545} INFO - Filling up the DagBag from /Users/harshasogala/financial-data-platform/venv/lib/python3.12/site-packages/airflow/example_dags/tutorial_objectstorage.py
[2026-03-13T23:32:41.272+0100] {processor.py:840} INFO - DAG(s) 'tutorial_objectstorage' retrieved from /Users/harshasogala/financial-data-platform/venv/lib/python3.12/site-packages/airflow/example_dags/tutorial_objectstorage.py
[2026-03-13T23:32:41.361+0100] {logging_mixin.py:188} INFO - [2026-03-13T23:32:41.361+0100] {dag.py:3089} INFO - Sync 1 DAGs
[2026-03-13T23:32:41.366+0100] {logging_mixin.py:188} INFO - [2026-03-13T23:32:41.366+0100] {dag.py:3947} INFO - Setting next_dagrun for tutorial_objectstorage to None, run_after=None
[2026-03-13T23:32:41.378+0100] {processor.py:183} INFO - Processing /Users/harshasogala/financial-data-platform/venv/lib/python3.12/site-packages/airflow/example_dags/tutorial_objectstorage.py took 0.165 seconds
