[2026-03-13T22:17:59.071+0100] {processor.py:161} INFO - Started process (PID=65478) to work on /Users/harshasogala/financial-data-platform/venv/lib/python3.12/site-packages/airflow/example_dags/tutorial.py
[2026-03-13T22:17:59.071+0100] {processor.py:830} INFO - Processing file /Users/harshasogala/financial-data-platform/venv/lib/python3.12/site-packages/airflow/example_dags/tutorial.py for tasks to queue
[2026-03-13T22:17:59.072+0100] {logging_mixin.py:188} INFO - [2026-03-13T22:17:59.072+0100] {dagbag.py:545} INFO - Filling up the DagBag from /Users/harshasogala/financial-data-platform/venv/lib/python3.12/site-packages/airflow/example_dags/tutorial.py
[2026-03-13T22:17:59.076+0100] {processor.py:840} INFO - DAG(s) 'tutorial' retrieved from /Users/harshasogala/financial-data-platform/venv/lib/python3.12/site-packages/airflow/example_dags/tutorial.py
[2026-03-13T22:17:59.181+0100] {logging_mixin.py:188} INFO - [2026-03-13T22:17:59.181+0100] {override.py:1858} INFO - Created Permission View: can delete on DAG:tutorial
[2026-03-13T22:17:59.186+0100] {logging_mixin.py:188} INFO - [2026-03-13T22:17:59.186+0100] {override.py:1858} INFO - Created Permission View: can read on DAG:tutorial
[2026-03-13T22:17:59.191+0100] {logging_mixin.py:188} INFO - [2026-03-13T22:17:59.191+0100] {override.py:1858} INFO - Created Permission View: can edit on DAG:tutorial
[2026-03-13T22:17:59.191+0100] {logging_mixin.py:188} INFO - [2026-03-13T22:17:59.191+0100] {dag.py:3089} INFO - Sync 1 DAGs
[2026-03-13T22:17:59.197+0100] {logging_mixin.py:188} INFO - [2026-03-13T22:17:59.197+0100] {dag.py:3111} INFO - Creating ORM DAG for tutorial
[2026-03-13T22:17:59.202+0100] {logging_mixin.py:188} INFO - [2026-03-13T22:17:59.202+0100] {dag.py:3947} INFO - Setting next_dagrun for tutorial to 2026-03-12 00:00:00+00:00, run_after=2026-03-13 00:00:00+00:00
[2026-03-13T22:17:59.213+0100] {processor.py:183} INFO - Processing /Users/harshasogala/financial-data-platform/venv/lib/python3.12/site-packages/airflow/example_dags/tutorial.py took 0.144 seconds
[2026-03-13T22:19:47.550+0100] {processor.py:161} INFO - Started process (PID=66066) to work on /Users/harshasogala/financial-data-platform/venv/lib/python3.12/site-packages/airflow/example_dags/tutorial.py
[2026-03-13T22:19:47.550+0100] {processor.py:830} INFO - Processing file /Users/harshasogala/financial-data-platform/venv/lib/python3.12/site-packages/airflow/example_dags/tutorial.py for tasks to queue
[2026-03-13T22:19:47.551+0100] {logging_mixin.py:188} INFO - [2026-03-13T22:19:47.551+0100] {dagbag.py:545} INFO - Filling up the DagBag from /Users/harshasogala/financial-data-platform/venv/lib/python3.12/site-packages/airflow/example_dags/tutorial.py
[2026-03-13T22:19:47.555+0100] {processor.py:840} INFO - DAG(s) 'tutorial' retrieved from /Users/harshasogala/financial-data-platform/venv/lib/python3.12/site-packages/airflow/example_dags/tutorial.py
[2026-03-13T22:19:47.611+0100] {logging_mixin.py:188} INFO - [2026-03-13T22:19:47.610+0100] {dag.py:3089} INFO - Sync 1 DAGs
[2026-03-13T22:19:47.621+0100] {logging_mixin.py:188} INFO - [2026-03-13T22:19:47.621+0100] {dag.py:3947} INFO - Setting next_dagrun for tutorial to 2026-03-12 00:00:00+00:00, run_after=2026-03-13 00:00:00+00:00
[2026-03-13T22:19:47.632+0100] {processor.py:183} INFO - Processing /Users/harshasogala/financial-data-platform/venv/lib/python3.12/site-packages/airflow/example_dags/tutorial.py took 0.084 seconds
[2026-03-13T22:21:07.234+0100] {processor.py:161} INFO - Started process (PID=66131) to work on /Users/harshasogala/financial-data-platform/venv/lib/python3.12/site-packages/airflow/example_dags/tutorial.py
[2026-03-13T22:21:07.235+0100] {processor.py:830} INFO - Processing file /Users/harshasogala/financial-data-platform/venv/lib/python3.12/site-packages/airflow/example_dags/tutorial.py for tasks to queue
[2026-03-13T22:21:07.236+0100] {logging_mixin.py:188} INFO - [2026-03-13T22:21:07.236+0100] {dagbag.py:545} INFO - Filling up the DagBag from /Users/harshasogala/financial-data-platform/venv/lib/python3.12/site-packages/airflow/example_dags/tutorial.py
[2026-03-13T22:21:07.241+0100] {processor.py:840} INFO - DAG(s) 'tutorial' retrieved from /Users/harshasogala/financial-data-platform/venv/lib/python3.12/site-packages/airflow/example_dags/tutorial.py
[2026-03-13T22:21:07.297+0100] {logging_mixin.py:188} INFO - [2026-03-13T22:21:07.297+0100] {dag.py:3089} INFO - Sync 1 DAGs
[2026-03-13T22:21:07.307+0100] {logging_mixin.py:188} INFO - [2026-03-13T22:21:07.307+0100] {dag.py:3947} INFO - Setting next_dagrun for tutorial to 2026-03-12 00:00:00+00:00, run_after=2026-03-13 00:00:00+00:00
[2026-03-13T22:21:07.318+0100] {processor.py:183} INFO - Processing /Users/harshasogala/financial-data-platform/venv/lib/python3.12/site-packages/airflow/example_dags/tutorial.py took 0.087 seconds
[2026-03-13T22:27:05.737+0100] {processor.py:161} INFO - Started process (PID=67099) to work on /Users/harshasogala/financial-data-platform/venv/lib/python3.12/site-packages/airflow/example_dags/tutorial.py
[2026-03-13T22:27:05.737+0100] {processor.py:830} INFO - Processing file /Users/harshasogala/financial-data-platform/venv/lib/python3.12/site-packages/airflow/example_dags/tutorial.py for tasks to queue
[2026-03-13T22:27:05.738+0100] {logging_mixin.py:188} INFO - [2026-03-13T22:27:05.738+0100] {dagbag.py:545} INFO - Filling up the DagBag from /Users/harshasogala/financial-data-platform/venv/lib/python3.12/site-packages/airflow/example_dags/tutorial.py
[2026-03-13T22:27:05.743+0100] {processor.py:840} INFO - DAG(s) 'tutorial' retrieved from /Users/harshasogala/financial-data-platform/venv/lib/python3.12/site-packages/airflow/example_dags/tutorial.py
[2026-03-13T22:27:05.802+0100] {logging_mixin.py:188} INFO - [2026-03-13T22:27:05.802+0100] {dag.py:3089} INFO - Sync 1 DAGs
[2026-03-13T22:27:05.814+0100] {logging_mixin.py:188} INFO - [2026-03-13T22:27:05.813+0100] {dag.py:3947} INFO - Setting next_dagrun for tutorial to 2026-03-12 00:00:00+00:00, run_after=2026-03-13 00:00:00+00:00
[2026-03-13T22:27:05.825+0100] {processor.py:183} INFO - Processing /Users/harshasogala/financial-data-platform/venv/lib/python3.12/site-packages/airflow/example_dags/tutorial.py took 0.091 seconds
[2026-03-13T22:29:06.210+0100] {processor.py:161} INFO - Started process (PID=67365) to work on /Users/harshasogala/financial-data-platform/venv/lib/python3.12/site-packages/airflow/example_dags/tutorial.py
[2026-03-13T22:29:06.211+0100] {processor.py:830} INFO - Processing file /Users/harshasogala/financial-data-platform/venv/lib/python3.12/site-packages/airflow/example_dags/tutorial.py for tasks to queue
[2026-03-13T22:29:06.211+0100] {logging_mixin.py:188} INFO - [2026-03-13T22:29:06.211+0100] {dagbag.py:545} INFO - Filling up the DagBag from /Users/harshasogala/financial-data-platform/venv/lib/python3.12/site-packages/airflow/example_dags/tutorial.py
[2026-03-13T22:29:06.216+0100] {processor.py:840} INFO - DAG(s) 'tutorial' retrieved from /Users/harshasogala/financial-data-platform/venv/lib/python3.12/site-packages/airflow/example_dags/tutorial.py
[2026-03-13T22:29:06.272+0100] {logging_mixin.py:188} INFO - [2026-03-13T22:29:06.272+0100] {dag.py:3089} INFO - Sync 1 DAGs
[2026-03-13T22:29:06.282+0100] {logging_mixin.py:188} INFO - [2026-03-13T22:29:06.282+0100] {dag.py:3947} INFO - Setting next_dagrun for tutorial to 2026-03-12 00:00:00+00:00, run_after=2026-03-13 00:00:00+00:00
[2026-03-13T22:29:06.293+0100] {processor.py:183} INFO - Processing /Users/harshasogala/financial-data-platform/venv/lib/python3.12/site-packages/airflow/example_dags/tutorial.py took 0.084 seconds
[2026-03-13T22:30:12.646+0100] {processor.py:161} INFO - Started process (PID=67494) to work on /Users/harshasogala/financial-data-platform/venv/lib/python3.12/site-packages/airflow/example_dags/tutorial.py
[2026-03-13T22:30:12.646+0100] {processor.py:830} INFO - Processing file /Users/harshasogala/financial-data-platform/venv/lib/python3.12/site-packages/airflow/example_dags/tutorial.py for tasks to queue
[2026-03-13T22:30:12.647+0100] {logging_mixin.py:188} INFO - [2026-03-13T22:30:12.647+0100] {dagbag.py:545} INFO - Filling up the DagBag from /Users/harshasogala/financial-data-platform/venv/lib/python3.12/site-packages/airflow/example_dags/tutorial.py
[2026-03-13T22:30:12.651+0100] {processor.py:840} INFO - DAG(s) 'tutorial' retrieved from /Users/harshasogala/financial-data-platform/venv/lib/python3.12/site-packages/airflow/example_dags/tutorial.py
[2026-03-13T22:30:12.707+0100] {logging_mixin.py:188} INFO - [2026-03-13T22:30:12.707+0100] {dag.py:3089} INFO - Sync 1 DAGs
[2026-03-13T22:30:12.717+0100] {logging_mixin.py:188} INFO - [2026-03-13T22:30:12.717+0100] {dag.py:3947} INFO - Setting next_dagrun for tutorial to 2026-03-12 00:00:00+00:00, run_after=2026-03-13 00:00:00+00:00
[2026-03-13T22:30:12.728+0100] {processor.py:183} INFO - Processing /Users/harshasogala/financial-data-platform/venv/lib/python3.12/site-packages/airflow/example_dags/tutorial.py took 0.084 seconds
[2026-03-13T22:31:19.830+0100] {processor.py:161} INFO - Started process (PID=67653) to work on /Users/harshasogala/financial-data-platform/venv/lib/python3.12/site-packages/airflow/example_dags/tutorial.py
[2026-03-13T22:31:19.831+0100] {processor.py:830} INFO - Processing file /Users/harshasogala/financial-data-platform/venv/lib/python3.12/site-packages/airflow/example_dags/tutorial.py for tasks to queue
[2026-03-13T22:31:19.831+0100] {logging_mixin.py:188} INFO - [2026-03-13T22:31:19.831+0100] {dagbag.py:545} INFO - Filling up the DagBag from /Users/harshasogala/financial-data-platform/venv/lib/python3.12/site-packages/airflow/example_dags/tutorial.py
[2026-03-13T22:31:19.838+0100] {processor.py:840} INFO - DAG(s) 'tutorial' retrieved from /Users/harshasogala/financial-data-platform/venv/lib/python3.12/site-packages/airflow/example_dags/tutorial.py
[2026-03-13T22:31:19.915+0100] {logging_mixin.py:188} INFO - [2026-03-13T22:31:19.915+0100] {dag.py:3089} INFO - Sync 1 DAGs
[2026-03-13T22:31:19.931+0100] {logging_mixin.py:188} INFO - [2026-03-13T22:31:19.930+0100] {dag.py:3947} INFO - Setting next_dagrun for tutorial to 2026-03-12 00:00:00+00:00, run_after=2026-03-13 00:00:00+00:00
[2026-03-13T22:31:19.949+0100] {processor.py:183} INFO - Processing /Users/harshasogala/financial-data-platform/venv/lib/python3.12/site-packages/airflow/example_dags/tutorial.py took 0.121 seconds
[2026-03-13T22:32:45.926+0100] {processor.py:161} INFO - Started process (PID=68725) to work on /Users/harshasogala/financial-data-platform/venv/lib/python3.12/site-packages/airflow/example_dags/tutorial.py
[2026-03-13T22:32:45.927+0100] {processor.py:830} INFO - Processing file /Users/harshasogala/financial-data-platform/venv/lib/python3.12/site-packages/airflow/example_dags/tutorial.py for tasks to queue
[2026-03-13T22:32:45.927+0100] {logging_mixin.py:188} INFO - [2026-03-13T22:32:45.927+0100] {dagbag.py:545} INFO - Filling up the DagBag from /Users/harshasogala/financial-data-platform/venv/lib/python3.12/site-packages/airflow/example_dags/tutorial.py
[2026-03-13T22:32:45.933+0100] {processor.py:840} INFO - DAG(s) 'tutorial' retrieved from /Users/harshasogala/financial-data-platform/venv/lib/python3.12/site-packages/airflow/example_dags/tutorial.py
[2026-03-13T22:32:45.989+0100] {logging_mixin.py:188} INFO - [2026-03-13T22:32:45.988+0100] {dag.py:3089} INFO - Sync 1 DAGs
[2026-03-13T22:32:45.998+0100] {logging_mixin.py:188} INFO - [2026-03-13T22:32:45.998+0100] {dag.py:3947} INFO - Setting next_dagrun for tutorial to 2026-03-12 00:00:00+00:00, run_after=2026-03-13 00:00:00+00:00
[2026-03-13T22:32:46.009+0100] {processor.py:183} INFO - Processing /Users/harshasogala/financial-data-platform/venv/lib/python3.12/site-packages/airflow/example_dags/tutorial.py took 0.085 seconds
[2026-03-13T22:34:07.486+0100] {processor.py:161} INFO - Started process (PID=69172) to work on /Users/harshasogala/financial-data-platform/venv/lib/python3.12/site-packages/airflow/example_dags/tutorial.py
[2026-03-13T22:34:07.488+0100] {processor.py:830} INFO - Processing file /Users/harshasogala/financial-data-platform/venv/lib/python3.12/site-packages/airflow/example_dags/tutorial.py for tasks to queue
[2026-03-13T22:34:07.488+0100] {logging_mixin.py:188} INFO - [2026-03-13T22:34:07.488+0100] {dagbag.py:545} INFO - Filling up the DagBag from /Users/harshasogala/financial-data-platform/venv/lib/python3.12/site-packages/airflow/example_dags/tutorial.py
[2026-03-13T22:34:07.493+0100] {processor.py:840} INFO - DAG(s) 'tutorial' retrieved from /Users/harshasogala/financial-data-platform/venv/lib/python3.12/site-packages/airflow/example_dags/tutorial.py
[2026-03-13T22:34:07.548+0100] {logging_mixin.py:188} INFO - [2026-03-13T22:34:07.548+0100] {dag.py:3089} INFO - Sync 1 DAGs
[2026-03-13T22:34:07.558+0100] {logging_mixin.py:188} INFO - [2026-03-13T22:34:07.558+0100] {dag.py:3947} INFO - Setting next_dagrun for tutorial to 2026-03-12 00:00:00+00:00, run_after=2026-03-13 00:00:00+00:00
[2026-03-13T22:34:07.569+0100] {processor.py:183} INFO - Processing /Users/harshasogala/financial-data-platform/venv/lib/python3.12/site-packages/airflow/example_dags/tutorial.py took 0.084 seconds
[2026-03-13T22:35:22.721+0100] {processor.py:161} INFO - Started process (PID=69233) to work on /Users/harshasogala/financial-data-platform/venv/lib/python3.12/site-packages/airflow/example_dags/tutorial.py
[2026-03-13T22:35:22.721+0100] {processor.py:830} INFO - Processing file /Users/harshasogala/financial-data-platform/venv/lib/python3.12/site-packages/airflow/example_dags/tutorial.py for tasks to queue
[2026-03-13T22:35:22.722+0100] {logging_mixin.py:188} INFO - [2026-03-13T22:35:22.722+0100] {dagbag.py:545} INFO - Filling up the DagBag from /Users/harshasogala/financial-data-platform/venv/lib/python3.12/site-packages/airflow/example_dags/tutorial.py
[2026-03-13T22:35:22.726+0100] {processor.py:840} INFO - DAG(s) 'tutorial' retrieved from /Users/harshasogala/financial-data-platform/venv/lib/python3.12/site-packages/airflow/example_dags/tutorial.py
[2026-03-13T22:35:22.781+0100] {logging_mixin.py:188} INFO - [2026-03-13T22:35:22.781+0100] {dag.py:3089} INFO - Sync 1 DAGs
[2026-03-13T22:35:22.791+0100] {logging_mixin.py:188} INFO - [2026-03-13T22:35:22.791+0100] {dag.py:3947} INFO - Setting next_dagrun for tutorial to 2026-03-12 00:00:00+00:00, run_after=2026-03-13 00:00:00+00:00
[2026-03-13T22:35:22.802+0100] {processor.py:183} INFO - Processing /Users/harshasogala/financial-data-platform/venv/lib/python3.12/site-packages/airflow/example_dags/tutorial.py took 0.083 seconds
[2026-03-13T22:36:36.932+0100] {processor.py:161} INFO - Started process (PID=69311) to work on /Users/harshasogala/financial-data-platform/venv/lib/python3.12/site-packages/airflow/example_dags/tutorial.py
[2026-03-13T22:36:36.933+0100] {processor.py:830} INFO - Processing file /Users/harshasogala/financial-data-platform/venv/lib/python3.12/site-packages/airflow/example_dags/tutorial.py for tasks to queue
[2026-03-13T22:36:36.933+0100] {logging_mixin.py:188} INFO - [2026-03-13T22:36:36.933+0100] {dagbag.py:545} INFO - Filling up the DagBag from /Users/harshasogala/financial-data-platform/venv/lib/python3.12/site-packages/airflow/example_dags/tutorial.py
[2026-03-13T22:36:36.938+0100] {processor.py:840} INFO - DAG(s) 'tutorial' retrieved from /Users/harshasogala/financial-data-platform/venv/lib/python3.12/site-packages/airflow/example_dags/tutorial.py
[2026-03-13T22:36:36.992+0100] {logging_mixin.py:188} INFO - [2026-03-13T22:36:36.992+0100] {dag.py:3089} INFO - Sync 1 DAGs
[2026-03-13T22:36:37.001+0100] {logging_mixin.py:188} INFO - [2026-03-13T22:36:37.001+0100] {dag.py:3947} INFO - Setting next_dagrun for tutorial to 2026-03-12 00:00:00+00:00, run_after=2026-03-13 00:00:00+00:00
[2026-03-13T22:36:37.013+0100] {processor.py:183} INFO - Processing /Users/harshasogala/financial-data-platform/venv/lib/python3.12/site-packages/airflow/example_dags/tutorial.py took 0.082 seconds
[2026-03-13T22:37:50.882+0100] {processor.py:161} INFO - Started process (PID=69369) to work on /Users/harshasogala/financial-data-platform/venv/lib/python3.12/site-packages/airflow/example_dags/tutorial.py
[2026-03-13T22:37:50.883+0100] {processor.py:830} INFO - Processing file /Users/harshasogala/financial-data-platform/venv/lib/python3.12/site-packages/airflow/example_dags/tutorial.py for tasks to queue
[2026-03-13T22:37:50.883+0100] {logging_mixin.py:188} INFO - [2026-03-13T22:37:50.883+0100] {dagbag.py:545} INFO - Filling up the DagBag from /Users/harshasogala/financial-data-platform/venv/lib/python3.12/site-packages/airflow/example_dags/tutorial.py
[2026-03-13T22:37:50.888+0100] {processor.py:840} INFO - DAG(s) 'tutorial' retrieved from /Users/harshasogala/financial-data-platform/venv/lib/python3.12/site-packages/airflow/example_dags/tutorial.py
[2026-03-13T22:37:50.943+0100] {logging_mixin.py:188} INFO - [2026-03-13T22:37:50.943+0100] {dag.py:3089} INFO - Sync 1 DAGs
[2026-03-13T22:37:50.952+0100] {logging_mixin.py:188} INFO - [2026-03-13T22:37:50.952+0100] {dag.py:3947} INFO - Setting next_dagrun for tutorial to 2026-03-12 00:00:00+00:00, run_after=2026-03-13 00:00:00+00:00
[2026-03-13T22:37:50.964+0100] {processor.py:183} INFO - Processing /Users/harshasogala/financial-data-platform/venv/lib/python3.12/site-packages/airflow/example_dags/tutorial.py took 0.083 seconds
[2026-03-13T22:39:05.157+0100] {processor.py:161} INFO - Started process (PID=69438) to work on /Users/harshasogala/financial-data-platform/venv/lib/python3.12/site-packages/airflow/example_dags/tutorial.py
[2026-03-13T22:39:05.158+0100] {processor.py:830} INFO - Processing file /Users/harshasogala/financial-data-platform/venv/lib/python3.12/site-packages/airflow/example_dags/tutorial.py for tasks to queue
[2026-03-13T22:39:05.159+0100] {logging_mixin.py:188} INFO - [2026-03-13T22:39:05.159+0100] {dagbag.py:545} INFO - Filling up the DagBag from /Users/harshasogala/financial-data-platform/venv/lib/python3.12/site-packages/airflow/example_dags/tutorial.py
[2026-03-13T22:39:05.164+0100] {processor.py:840} INFO - DAG(s) 'tutorial' retrieved from /Users/harshasogala/financial-data-platform/venv/lib/python3.12/site-packages/airflow/example_dags/tutorial.py
[2026-03-13T22:39:05.219+0100] {logging_mixin.py:188} INFO - [2026-03-13T22:39:05.219+0100] {dag.py:3089} INFO - Sync 1 DAGs
[2026-03-13T22:39:05.229+0100] {logging_mixin.py:188} INFO - [2026-03-13T22:39:05.228+0100] {dag.py:3947} INFO - Setting next_dagrun for tutorial to 2026-03-12 00:00:00+00:00, run_after=2026-03-13 00:00:00+00:00
[2026-03-13T22:39:05.240+0100] {processor.py:183} INFO - Processing /Users/harshasogala/financial-data-platform/venv/lib/python3.12/site-packages/airflow/example_dags/tutorial.py took 0.085 seconds
[2026-03-13T22:40:25.653+0100] {processor.py:161} INFO - Started process (PID=69659) to work on /Users/harshasogala/financial-data-platform/venv/lib/python3.12/site-packages/airflow/example_dags/tutorial.py
[2026-03-13T22:40:25.654+0100] {processor.py:830} INFO - Processing file /Users/harshasogala/financial-data-platform/venv/lib/python3.12/site-packages/airflow/example_dags/tutorial.py for tasks to queue
[2026-03-13T22:40:25.654+0100] {logging_mixin.py:188} INFO - [2026-03-13T22:40:25.654+0100] {dagbag.py:545} INFO - Filling up the DagBag from /Users/harshasogala/financial-data-platform/venv/lib/python3.12/site-packages/airflow/example_dags/tutorial.py
[2026-03-13T22:40:25.659+0100] {processor.py:840} INFO - DAG(s) 'tutorial' retrieved from /Users/harshasogala/financial-data-platform/venv/lib/python3.12/site-packages/airflow/example_dags/tutorial.py
[2026-03-13T22:40:25.714+0100] {logging_mixin.py:188} INFO - [2026-03-13T22:40:25.714+0100] {dag.py:3089} INFO - Sync 1 DAGs
[2026-03-13T22:40:25.724+0100] {logging_mixin.py:188} INFO - [2026-03-13T22:40:25.724+0100] {dag.py:3947} INFO - Setting next_dagrun for tutorial to 2026-03-12 00:00:00+00:00, run_after=2026-03-13 00:00:00+00:00
[2026-03-13T22:40:25.735+0100] {processor.py:183} INFO - Processing /Users/harshasogala/financial-data-platform/venv/lib/python3.12/site-packages/airflow/example_dags/tutorial.py took 0.084 seconds
[2026-03-13T22:41:44.068+0100] {processor.py:161} INFO - Started process (PID=69718) to work on /Users/harshasogala/financial-data-platform/venv/lib/python3.12/site-packages/airflow/example_dags/tutorial.py
[2026-03-13T22:41:44.069+0100] {processor.py:830} INFO - Processing file /Users/harshasogala/financial-data-platform/venv/lib/python3.12/site-packages/airflow/example_dags/tutorial.py for tasks to queue
[2026-03-13T22:41:44.069+0100] {logging_mixin.py:188} INFO - [2026-03-13T22:41:44.069+0100] {dagbag.py:545} INFO - Filling up the DagBag from /Users/harshasogala/financial-data-platform/venv/lib/python3.12/site-packages/airflow/example_dags/tutorial.py
[2026-03-13T22:41:44.074+0100] {processor.py:840} INFO - DAG(s) 'tutorial' retrieved from /Users/harshasogala/financial-data-platform/venv/lib/python3.12/site-packages/airflow/example_dags/tutorial.py
[2026-03-13T22:41:44.130+0100] {logging_mixin.py:188} INFO - [2026-03-13T22:41:44.130+0100] {dag.py:3089} INFO - Sync 1 DAGs
[2026-03-13T22:41:44.141+0100] {logging_mixin.py:188} INFO - [2026-03-13T22:41:44.140+0100] {dag.py:3947} INFO - Setting next_dagrun for tutorial to 2026-03-12 00:00:00+00:00, run_after=2026-03-13 00:00:00+00:00
[2026-03-13T22:41:44.152+0100] {processor.py:183} INFO - Processing /Users/harshasogala/financial-data-platform/venv/lib/python3.12/site-packages/airflow/example_dags/tutorial.py took 0.087 seconds
[2026-03-13T22:43:02.670+0100] {processor.py:161} INFO - Started process (PID=69783) to work on /Users/harshasogala/financial-data-platform/venv/lib/python3.12/site-packages/airflow/example_dags/tutorial.py
[2026-03-13T22:43:02.671+0100] {processor.py:830} INFO - Processing file /Users/harshasogala/financial-data-platform/venv/lib/python3.12/site-packages/airflow/example_dags/tutorial.py for tasks to queue
[2026-03-13T22:43:02.671+0100] {logging_mixin.py:188} INFO - [2026-03-13T22:43:02.671+0100] {dagbag.py:545} INFO - Filling up the DagBag from /Users/harshasogala/financial-data-platform/venv/lib/python3.12/site-packages/airflow/example_dags/tutorial.py
[2026-03-13T22:43:02.676+0100] {processor.py:840} INFO - DAG(s) 'tutorial' retrieved from /Users/harshasogala/financial-data-platform/venv/lib/python3.12/site-packages/airflow/example_dags/tutorial.py
[2026-03-13T22:43:02.731+0100] {logging_mixin.py:188} INFO - [2026-03-13T22:43:02.731+0100] {dag.py:3089} INFO - Sync 1 DAGs
[2026-03-13T22:43:02.741+0100] {logging_mixin.py:188} INFO - [2026-03-13T22:43:02.741+0100] {dag.py:3947} INFO - Setting next_dagrun for tutorial to 2026-03-12 00:00:00+00:00, run_after=2026-03-13 00:00:00+00:00
[2026-03-13T22:43:02.752+0100] {processor.py:183} INFO - Processing /Users/harshasogala/financial-data-platform/venv/lib/python3.12/site-packages/airflow/example_dags/tutorial.py took 0.084 seconds
[2026-03-13T22:44:24.641+0100] {processor.py:161} INFO - Started process (PID=70037) to work on /Users/harshasogala/financial-data-platform/venv/lib/python3.12/site-packages/airflow/example_dags/tutorial.py
[2026-03-13T22:44:24.642+0100] {processor.py:830} INFO - Processing file /Users/harshasogala/financial-data-platform/venv/lib/python3.12/site-packages/airflow/example_dags/tutorial.py for tasks to queue
[2026-03-13T22:44:24.642+0100] {logging_mixin.py:188} INFO - [2026-03-13T22:44:24.642+0100] {dagbag.py:545} INFO - Filling up the DagBag from /Users/harshasogala/financial-data-platform/venv/lib/python3.12/site-packages/airflow/example_dags/tutorial.py
[2026-03-13T22:44:24.648+0100] {processor.py:840} INFO - DAG(s) 'tutorial' retrieved from /Users/harshasogala/financial-data-platform/venv/lib/python3.12/site-packages/airflow/example_dags/tutorial.py
[2026-03-13T22:44:24.721+0100] {logging_mixin.py:188} INFO - [2026-03-13T22:44:24.721+0100] {dag.py:3089} INFO - Sync 1 DAGs
[2026-03-13T22:44:24.737+0100] {logging_mixin.py:188} INFO - [2026-03-13T22:44:24.737+0100] {dag.py:3947} INFO - Setting next_dagrun for tutorial to 2026-03-12 00:00:00+00:00, run_after=2026-03-13 00:00:00+00:00
[2026-03-13T22:44:24.752+0100] {processor.py:183} INFO - Processing /Users/harshasogala/financial-data-platform/venv/lib/python3.12/site-packages/airflow/example_dags/tutorial.py took 0.115 seconds
[2026-03-13T22:45:56.976+0100] {processor.py:161} INFO - Started process (PID=70341) to work on /Users/harshasogala/financial-data-platform/venv/lib/python3.12/site-packages/airflow/example_dags/tutorial.py
[2026-03-13T22:45:56.977+0100] {processor.py:830} INFO - Processing file /Users/harshasogala/financial-data-platform/venv/lib/python3.12/site-packages/airflow/example_dags/tutorial.py for tasks to queue
[2026-03-13T22:45:56.977+0100] {logging_mixin.py:188} INFO - [2026-03-13T22:45:56.977+0100] {dagbag.py:545} INFO - Filling up the DagBag from /Users/harshasogala/financial-data-platform/venv/lib/python3.12/site-packages/airflow/example_dags/tutorial.py
[2026-03-13T22:45:56.982+0100] {processor.py:840} INFO - DAG(s) 'tutorial' retrieved from /Users/harshasogala/financial-data-platform/venv/lib/python3.12/site-packages/airflow/example_dags/tutorial.py
[2026-03-13T22:45:57.037+0100] {logging_mixin.py:188} INFO - [2026-03-13T22:45:57.036+0100] {dag.py:3089} INFO - Sync 1 DAGs
[2026-03-13T22:45:57.046+0100] {logging_mixin.py:188} INFO - [2026-03-13T22:45:57.045+0100] {dag.py:3947} INFO - Setting next_dagrun for tutorial to 2026-03-12 00:00:00+00:00, run_after=2026-03-13 00:00:00+00:00
[2026-03-13T22:45:57.057+0100] {processor.py:183} INFO - Processing /Users/harshasogala/financial-data-platform/venv/lib/python3.12/site-packages/airflow/example_dags/tutorial.py took 0.083 seconds
[2026-03-13T22:46:42.825+0100] {processor.py:161} INFO - Started process (PID=70600) to work on /Users/harshasogala/financial-data-platform/venv/lib/python3.12/site-packages/airflow/example_dags/tutorial.py
[2026-03-13T22:46:42.826+0100] {processor.py:830} INFO - Processing file /Users/harshasogala/financial-data-platform/venv/lib/python3.12/site-packages/airflow/example_dags/tutorial.py for tasks to queue
[2026-03-13T22:46:42.827+0100] {logging_mixin.py:188} INFO - [2026-03-13T22:46:42.827+0100] {dagbag.py:545} INFO - Filling up the DagBag from /Users/harshasogala/financial-data-platform/venv/lib/python3.12/site-packages/airflow/example_dags/tutorial.py
[2026-03-13T22:46:42.831+0100] {processor.py:840} INFO - DAG(s) 'tutorial' retrieved from /Users/harshasogala/financial-data-platform/venv/lib/python3.12/site-packages/airflow/example_dags/tutorial.py
[2026-03-13T22:46:42.886+0100] {logging_mixin.py:188} INFO - [2026-03-13T22:46:42.885+0100] {dag.py:3089} INFO - Sync 1 DAGs
[2026-03-13T22:46:42.895+0100] {logging_mixin.py:188} INFO - [2026-03-13T22:46:42.895+0100] {dag.py:3947} INFO - Setting next_dagrun for tutorial to 2026-03-12 00:00:00+00:00, run_after=2026-03-13 00:00:00+00:00
[2026-03-13T22:46:42.906+0100] {processor.py:183} INFO - Processing /Users/harshasogala/financial-data-platform/venv/lib/python3.12/site-packages/airflow/example_dags/tutorial.py took 0.083 seconds
[2026-03-13T22:48:06.740+0100] {processor.py:161} INFO - Started process (PID=71403) to work on /Users/harshasogala/financial-data-platform/venv/lib/python3.12/site-packages/airflow/example_dags/tutorial.py
[2026-03-13T22:48:06.741+0100] {processor.py:830} INFO - Processing file /Users/harshasogala/financial-data-platform/venv/lib/python3.12/site-packages/airflow/example_dags/tutorial.py for tasks to queue
[2026-03-13T22:48:06.741+0100] {logging_mixin.py:188} INFO - [2026-03-13T22:48:06.741+0100] {dagbag.py:545} INFO - Filling up the DagBag from /Users/harshasogala/financial-data-platform/venv/lib/python3.12/site-packages/airflow/example_dags/tutorial.py
[2026-03-13T22:48:06.746+0100] {processor.py:840} INFO - DAG(s) 'tutorial' retrieved from /Users/harshasogala/financial-data-platform/venv/lib/python3.12/site-packages/airflow/example_dags/tutorial.py
[2026-03-13T22:48:06.803+0100] {logging_mixin.py:188} INFO - [2026-03-13T22:48:06.803+0100] {dag.py:3089} INFO - Sync 1 DAGs
[2026-03-13T22:48:06.813+0100] {logging_mixin.py:188} INFO - [2026-03-13T22:48:06.812+0100] {dag.py:3947} INFO - Setting next_dagrun for tutorial to 2026-03-12 00:00:00+00:00, run_after=2026-03-13 00:00:00+00:00
[2026-03-13T22:48:06.824+0100] {processor.py:183} INFO - Processing /Users/harshasogala/financial-data-platform/venv/lib/python3.12/site-packages/airflow/example_dags/tutorial.py took 0.086 seconds
[2026-03-13T22:49:25.533+0100] {processor.py:161} INFO - Started process (PID=71478) to work on /Users/harshasogala/financial-data-platform/venv/lib/python3.12/site-packages/airflow/example_dags/tutorial.py
[2026-03-13T22:49:25.534+0100] {processor.py:830} INFO - Processing file /Users/harshasogala/financial-data-platform/venv/lib/python3.12/site-packages/airflow/example_dags/tutorial.py for tasks to queue
[2026-03-13T22:49:25.534+0100] {logging_mixin.py:188} INFO - [2026-03-13T22:49:25.534+0100] {dagbag.py:545} INFO - Filling up the DagBag from /Users/harshasogala/financial-data-platform/venv/lib/python3.12/site-packages/airflow/example_dags/tutorial.py
[2026-03-13T22:49:25.539+0100] {processor.py:840} INFO - DAG(s) 'tutorial' retrieved from /Users/harshasogala/financial-data-platform/venv/lib/python3.12/site-packages/airflow/example_dags/tutorial.py
[2026-03-13T22:49:25.593+0100] {logging_mixin.py:188} INFO - [2026-03-13T22:49:25.593+0100] {dag.py:3089} INFO - Sync 1 DAGs
[2026-03-13T22:49:25.603+0100] {logging_mixin.py:188} INFO - [2026-03-13T22:49:25.603+0100] {dag.py:3947} INFO - Setting next_dagrun for tutorial to 2026-03-12 00:00:00+00:00, run_after=2026-03-13 00:00:00+00:00
[2026-03-13T22:49:25.616+0100] {processor.py:183} INFO - Processing /Users/harshasogala/financial-data-platform/venv/lib/python3.12/site-packages/airflow/example_dags/tutorial.py took 0.085 seconds
[2026-03-13T22:50:52.194+0100] {processor.py:161} INFO - Started process (PID=72011) to work on /Users/harshasogala/financial-data-platform/venv/lib/python3.12/site-packages/airflow/example_dags/tutorial.py
[2026-03-13T22:50:52.195+0100] {processor.py:830} INFO - Processing file /Users/harshasogala/financial-data-platform/venv/lib/python3.12/site-packages/airflow/example_dags/tutorial.py for tasks to queue
[2026-03-13T22:50:52.195+0100] {logging_mixin.py:188} INFO - [2026-03-13T22:50:52.195+0100] {dagbag.py:545} INFO - Filling up the DagBag from /Users/harshasogala/financial-data-platform/venv/lib/python3.12/site-packages/airflow/example_dags/tutorial.py
[2026-03-13T22:50:52.200+0100] {processor.py:840} INFO - DAG(s) 'tutorial' retrieved from /Users/harshasogala/financial-data-platform/venv/lib/python3.12/site-packages/airflow/example_dags/tutorial.py
[2026-03-13T22:50:52.257+0100] {logging_mixin.py:188} INFO - [2026-03-13T22:50:52.257+0100] {dag.py:3089} INFO - Sync 1 DAGs
[2026-03-13T22:50:52.267+0100] {logging_mixin.py:188} INFO - [2026-03-13T22:50:52.267+0100] {dag.py:3947} INFO - Setting next_dagrun for tutorial to 2026-03-12 00:00:00+00:00, run_after=2026-03-13 00:00:00+00:00
[2026-03-13T22:50:52.280+0100] {processor.py:183} INFO - Processing /Users/harshasogala/financial-data-platform/venv/lib/python3.12/site-packages/airflow/example_dags/tutorial.py took 0.089 seconds
[2026-03-13T22:52:07.571+0100] {processor.py:161} INFO - Started process (PID=72201) to work on /Users/harshasogala/financial-data-platform/venv/lib/python3.12/site-packages/airflow/example_dags/tutorial.py
[2026-03-13T22:52:07.572+0100] {processor.py:830} INFO - Processing file /Users/harshasogala/financial-data-platform/venv/lib/python3.12/site-packages/airflow/example_dags/tutorial.py for tasks to queue
[2026-03-13T22:52:07.573+0100] {logging_mixin.py:188} INFO - [2026-03-13T22:52:07.573+0100] {dagbag.py:545} INFO - Filling up the DagBag from /Users/harshasogala/financial-data-platform/venv/lib/python3.12/site-packages/airflow/example_dags/tutorial.py
[2026-03-13T22:52:07.579+0100] {processor.py:840} INFO - DAG(s) 'tutorial' retrieved from /Users/harshasogala/financial-data-platform/venv/lib/python3.12/site-packages/airflow/example_dags/tutorial.py
[2026-03-13T22:52:07.638+0100] {logging_mixin.py:188} INFO - [2026-03-13T22:52:07.638+0100] {dag.py:3089} INFO - Sync 1 DAGs
[2026-03-13T22:52:07.648+0100] {logging_mixin.py:188} INFO - [2026-03-13T22:52:07.648+0100] {dag.py:3947} INFO - Setting next_dagrun for tutorial to 2026-03-12 00:00:00+00:00, run_after=2026-03-13 00:00:00+00:00
[2026-03-13T22:52:07.661+0100] {processor.py:183} INFO - Processing /Users/harshasogala/financial-data-platform/venv/lib/python3.12/site-packages/airflow/example_dags/tutorial.py took 0.092 seconds
[2026-03-13T22:53:24.890+0100] {processor.py:161} INFO - Started process (PID=72411) to work on /Users/harshasogala/financial-data-platform/venv/lib/python3.12/site-packages/airflow/example_dags/tutorial.py
[2026-03-13T22:53:24.891+0100] {processor.py:830} INFO - Processing file /Users/harshasogala/financial-data-platform/venv/lib/python3.12/site-packages/airflow/example_dags/tutorial.py for tasks to queue
[2026-03-13T22:53:24.891+0100] {logging_mixin.py:188} INFO - [2026-03-13T22:53:24.891+0100] {dagbag.py:545} INFO - Filling up the DagBag from /Users/harshasogala/financial-data-platform/venv/lib/python3.12/site-packages/airflow/example_dags/tutorial.py
[2026-03-13T22:53:24.897+0100] {processor.py:840} INFO - DAG(s) 'tutorial' retrieved from /Users/harshasogala/financial-data-platform/venv/lib/python3.12/site-packages/airflow/example_dags/tutorial.py
[2026-03-13T22:53:24.953+0100] {logging_mixin.py:188} INFO - [2026-03-13T22:53:24.953+0100] {dag.py:3089} INFO - Sync 1 DAGs
[2026-03-13T22:53:24.962+0100] {logging_mixin.py:188} INFO - [2026-03-13T22:53:24.962+0100] {dag.py:3947} INFO - Setting next_dagrun for tutorial to 2026-03-12 00:00:00+00:00, run_after=2026-03-13 00:00:00+00:00
[2026-03-13T22:53:24.974+0100] {processor.py:183} INFO - Processing /Users/harshasogala/financial-data-platform/venv/lib/python3.12/site-packages/airflow/example_dags/tutorial.py took 0.086 seconds
[2026-03-13T22:54:54.679+0100] {processor.py:161} INFO - Started process (PID=72514) to work on /Users/harshasogala/financial-data-platform/venv/lib/python3.12/site-packages/airflow/example_dags/tutorial.py
[2026-03-13T22:54:54.680+0100] {processor.py:830} INFO - Processing file /Users/harshasogala/financial-data-platform/venv/lib/python3.12/site-packages/airflow/example_dags/tutorial.py for tasks to queue
[2026-03-13T22:54:54.681+0100] {logging_mixin.py:188} INFO - [2026-03-13T22:54:54.681+0100] {dagbag.py:545} INFO - Filling up the DagBag from /Users/harshasogala/financial-data-platform/venv/lib/python3.12/site-packages/airflow/example_dags/tutorial.py
[2026-03-13T22:54:54.686+0100] {processor.py:840} INFO - DAG(s) 'tutorial' retrieved from /Users/harshasogala/financial-data-platform/venv/lib/python3.12/site-packages/airflow/example_dags/tutorial.py
[2026-03-13T22:54:54.742+0100] {logging_mixin.py:188} INFO - [2026-03-13T22:54:54.742+0100] {dag.py:3089} INFO - Sync 1 DAGs
[2026-03-13T22:54:54.751+0100] {logging_mixin.py:188} INFO - [2026-03-13T22:54:54.751+0100] {dag.py:3947} INFO - Setting next_dagrun for tutorial to 2026-03-12 00:00:00+00:00, run_after=2026-03-13 00:00:00+00:00
[2026-03-13T22:54:54.764+0100] {processor.py:183} INFO - Processing /Users/harshasogala/financial-data-platform/venv/lib/python3.12/site-packages/airflow/example_dags/tutorial.py took 0.086 seconds
[2026-03-13T22:56:12.260+0100] {processor.py:161} INFO - Started process (PID=72609) to work on /Users/harshasogala/financial-data-platform/venv/lib/python3.12/site-packages/airflow/example_dags/tutorial.py
[2026-03-13T22:56:12.261+0100] {processor.py:830} INFO - Processing file /Users/harshasogala/financial-data-platform/venv/lib/python3.12/site-packages/airflow/example_dags/tutorial.py for tasks to queue
[2026-03-13T22:56:12.261+0100] {logging_mixin.py:188} INFO - [2026-03-13T22:56:12.261+0100] {dagbag.py:545} INFO - Filling up the DagBag from /Users/harshasogala/financial-data-platform/venv/lib/python3.12/site-packages/airflow/example_dags/tutorial.py
[2026-03-13T22:56:12.266+0100] {processor.py:840} INFO - DAG(s) 'tutorial' retrieved from /Users/harshasogala/financial-data-platform/venv/lib/python3.12/site-packages/airflow/example_dags/tutorial.py
[2026-03-13T22:56:12.319+0100] {logging_mixin.py:188} INFO - [2026-03-13T22:56:12.319+0100] {dag.py:3089} INFO - Sync 1 DAGs
[2026-03-13T22:56:12.328+0100] {logging_mixin.py:188} INFO - [2026-03-13T22:56:12.328+0100] {dag.py:3947} INFO - Setting next_dagrun for tutorial to 2026-03-12 00:00:00+00:00, run_after=2026-03-13 00:00:00+00:00
[2026-03-13T22:56:12.339+0100] {processor.py:183} INFO - Processing /Users/harshasogala/financial-data-platform/venv/lib/python3.12/site-packages/airflow/example_dags/tutorial.py took 0.081 seconds
[2026-03-13T22:56:57.044+0100] {processor.py:161} INFO - Started process (PID=72643) to work on /Users/harshasogala/financial-data-platform/venv/lib/python3.12/site-packages/airflow/example_dags/tutorial.py
[2026-03-13T22:56:57.046+0100] {processor.py:830} INFO - Processing file /Users/harshasogala/financial-data-platform/venv/lib/python3.12/site-packages/airflow/example_dags/tutorial.py for tasks to queue
[2026-03-13T22:56:57.046+0100] {logging_mixin.py:188} INFO - [2026-03-13T22:56:57.046+0100] {dagbag.py:545} INFO - Filling up the DagBag from /Users/harshasogala/financial-data-platform/venv/lib/python3.12/site-packages/airflow/example_dags/tutorial.py
[2026-03-13T22:56:57.051+0100] {processor.py:840} INFO - DAG(s) 'tutorial' retrieved from /Users/harshasogala/financial-data-platform/venv/lib/python3.12/site-packages/airflow/example_dags/tutorial.py
[2026-03-13T22:56:57.105+0100] {logging_mixin.py:188} INFO - [2026-03-13T22:56:57.105+0100] {dag.py:3089} INFO - Sync 1 DAGs
[2026-03-13T22:56:57.115+0100] {logging_mixin.py:188} INFO - [2026-03-13T22:56:57.115+0100] {dag.py:3947} INFO - Setting next_dagrun for tutorial to 2026-03-12 00:00:00+00:00, run_after=2026-03-13 00:00:00+00:00
[2026-03-13T22:56:57.126+0100] {processor.py:183} INFO - Processing /Users/harshasogala/financial-data-platform/venv/lib/python3.12/site-packages/airflow/example_dags/tutorial.py took 0.083 seconds
[2026-03-13T22:58:16.781+0100] {processor.py:161} INFO - Started process (PID=72704) to work on /Users/harshasogala/financial-data-platform/venv/lib/python3.12/site-packages/airflow/example_dags/tutorial.py
[2026-03-13T22:58:16.782+0100] {processor.py:830} INFO - Processing file /Users/harshasogala/financial-data-platform/venv/lib/python3.12/site-packages/airflow/example_dags/tutorial.py for tasks to queue
[2026-03-13T22:58:16.782+0100] {logging_mixin.py:188} INFO - [2026-03-13T22:58:16.782+0100] {dagbag.py:545} INFO - Filling up the DagBag from /Users/harshasogala/financial-data-platform/venv/lib/python3.12/site-packages/airflow/example_dags/tutorial.py
[2026-03-13T22:58:16.787+0100] {processor.py:840} INFO - DAG(s) 'tutorial' retrieved from /Users/harshasogala/financial-data-platform/venv/lib/python3.12/site-packages/airflow/example_dags/tutorial.py
[2026-03-13T22:58:16.846+0100] {logging_mixin.py:188} INFO - [2026-03-13T22:58:16.846+0100] {dag.py:3089} INFO - Sync 1 DAGs
[2026-03-13T22:58:16.861+0100] {logging_mixin.py:188} INFO - [2026-03-13T22:58:16.861+0100] {dag.py:3947} INFO - Setting next_dagrun for tutorial to 2026-03-12 00:00:00+00:00, run_after=2026-03-13 00:00:00+00:00
[2026-03-13T22:58:16.875+0100] {processor.py:183} INFO - Processing /Users/harshasogala/financial-data-platform/venv/lib/python3.12/site-packages/airflow/example_dags/tutorial.py took 0.096 seconds
[2026-03-13T22:59:37.612+0100] {processor.py:161} INFO - Started process (PID=72777) to work on /Users/harshasogala/financial-data-platform/venv/lib/python3.12/site-packages/airflow/example_dags/tutorial.py
[2026-03-13T22:59:37.614+0100] {processor.py:830} INFO - Processing file /Users/harshasogala/financial-data-platform/venv/lib/python3.12/site-packages/airflow/example_dags/tutorial.py for tasks to queue
[2026-03-13T22:59:37.614+0100] {logging_mixin.py:188} INFO - [2026-03-13T22:59:37.614+0100] {dagbag.py:545} INFO - Filling up the DagBag from /Users/harshasogala/financial-data-platform/venv/lib/python3.12/site-packages/airflow/example_dags/tutorial.py
[2026-03-13T22:59:37.619+0100] {processor.py:840} INFO - DAG(s) 'tutorial' retrieved from /Users/harshasogala/financial-data-platform/venv/lib/python3.12/site-packages/airflow/example_dags/tutorial.py
[2026-03-13T22:59:37.673+0100] {logging_mixin.py:188} INFO - [2026-03-13T22:59:37.673+0100] {dag.py:3089} INFO - Sync 1 DAGs
[2026-03-13T22:59:37.682+0100] {logging_mixin.py:188} INFO - [2026-03-13T22:59:37.682+0100] {dag.py:3947} INFO - Setting next_dagrun for tutorial to 2026-03-12 00:00:00+00:00, run_after=2026-03-13 00:00:00+00:00
[2026-03-13T22:59:37.694+0100] {processor.py:183} INFO - Processing /Users/harshasogala/financial-data-platform/venv/lib/python3.12/site-packages/airflow/example_dags/tutorial.py took 0.083 seconds
[2026-03-13T23:00:57.293+0100] {processor.py:161} INFO - Started process (PID=72849) to work on /Users/harshasogala/financial-data-platform/venv/lib/python3.12/site-packages/airflow/example_dags/tutorial.py
[2026-03-13T23:00:57.293+0100] {processor.py:830} INFO - Processing file /Users/harshasogala/financial-data-platform/venv/lib/python3.12/site-packages/airflow/example_dags/tutorial.py for tasks to queue
[2026-03-13T23:00:57.294+0100] {logging_mixin.py:188} INFO - [2026-03-13T23:00:57.294+0100] {dagbag.py:545} INFO - Filling up the DagBag from /Users/harshasogala/financial-data-platform/venv/lib/python3.12/site-packages/airflow/example_dags/tutorial.py
[2026-03-13T23:00:57.299+0100] {processor.py:840} INFO - DAG(s) 'tutorial' retrieved from /Users/harshasogala/financial-data-platform/venv/lib/python3.12/site-packages/airflow/example_dags/tutorial.py
[2026-03-13T23:00:57.354+0100] {logging_mixin.py:188} INFO - [2026-03-13T23:00:57.354+0100] {dag.py:3089} INFO - Sync 1 DAGs
[2026-03-13T23:00:57.363+0100] {logging_mixin.py:188} INFO - [2026-03-13T23:00:57.363+0100] {dag.py:3947} INFO - Setting next_dagrun for tutorial to 2026-03-12 00:00:00+00:00, run_after=2026-03-13 00:00:00+00:00
[2026-03-13T23:00:57.374+0100] {processor.py:183} INFO - Processing /Users/harshasogala/financial-data-platform/venv/lib/python3.12/site-packages/airflow/example_dags/tutorial.py took 0.084 seconds
[2026-03-13T23:02:15.811+0100] {processor.py:161} INFO - Started process (PID=72909) to work on /Users/harshasogala/financial-data-platform/venv/lib/python3.12/site-packages/airflow/example_dags/tutorial.py
[2026-03-13T23:02:15.812+0100] {processor.py:830} INFO - Processing file /Users/harshasogala/financial-data-platform/venv/lib/python3.12/site-packages/airflow/example_dags/tutorial.py for tasks to queue
[2026-03-13T23:02:15.812+0100] {logging_mixin.py:188} INFO - [2026-03-13T23:02:15.812+0100] {dagbag.py:545} INFO - Filling up the DagBag from /Users/harshasogala/financial-data-platform/venv/lib/python3.12/site-packages/airflow/example_dags/tutorial.py
[2026-03-13T23:02:15.818+0100] {processor.py:840} INFO - DAG(s) 'tutorial' retrieved from /Users/harshasogala/financial-data-platform/venv/lib/python3.12/site-packages/airflow/example_dags/tutorial.py
[2026-03-13T23:02:15.872+0100] {logging_mixin.py:188} INFO - [2026-03-13T23:02:15.872+0100] {dag.py:3089} INFO - Sync 1 DAGs
[2026-03-13T23:02:15.881+0100] {logging_mixin.py:188} INFO - [2026-03-13T23:02:15.881+0100] {dag.py:3947} INFO - Setting next_dagrun for tutorial to 2026-03-12 00:00:00+00:00, run_after=2026-03-13 00:00:00+00:00
[2026-03-13T23:02:15.892+0100] {processor.py:183} INFO - Processing /Users/harshasogala/financial-data-platform/venv/lib/python3.12/site-packages/airflow/example_dags/tutorial.py took 0.082 seconds
[2026-03-13T23:03:35.907+0100] {processor.py:161} INFO - Started process (PID=72970) to work on /Users/harshasogala/financial-data-platform/venv/lib/python3.12/site-packages/airflow/example_dags/tutorial.py
[2026-03-13T23:03:35.908+0100] {processor.py:830} INFO - Processing file /Users/harshasogala/financial-data-platform/venv/lib/python3.12/site-packages/airflow/example_dags/tutorial.py for tasks to queue
[2026-03-13T23:03:35.908+0100] {logging_mixin.py:188} INFO - [2026-03-13T23:03:35.908+0100] {dagbag.py:545} INFO - Filling up the DagBag from /Users/harshasogala/financial-data-platform/venv/lib/python3.12/site-packages/airflow/example_dags/tutorial.py
[2026-03-13T23:03:35.913+0100] {processor.py:840} INFO - DAG(s) 'tutorial' retrieved from /Users/harshasogala/financial-data-platform/venv/lib/python3.12/site-packages/airflow/example_dags/tutorial.py
[2026-03-13T23:03:35.968+0100] {logging_mixin.py:188} INFO - [2026-03-13T23:03:35.968+0100] {dag.py:3089} INFO - Sync 1 DAGs
[2026-03-13T23:03:35.977+0100] {logging_mixin.py:188} INFO - [2026-03-13T23:03:35.977+0100] {dag.py:3947} INFO - Setting next_dagrun for tutorial to 2026-03-12 00:00:00+00:00, run_after=2026-03-13 00:00:00+00:00
[2026-03-13T23:03:35.989+0100] {processor.py:183} INFO - Processing /Users/harshasogala/financial-data-platform/venv/lib/python3.12/site-packages/airflow/example_dags/tutorial.py took 0.084 seconds
[2026-03-13T23:04:52.583+0100] {processor.py:161} INFO - Started process (PID=73028) to work on /Users/harshasogala/financial-data-platform/venv/lib/python3.12/site-packages/airflow/example_dags/tutorial.py
[2026-03-13T23:04:52.583+0100] {processor.py:830} INFO - Processing file /Users/harshasogala/financial-data-platform/venv/lib/python3.12/site-packages/airflow/example_dags/tutorial.py for tasks to queue
[2026-03-13T23:04:52.584+0100] {logging_mixin.py:188} INFO - [2026-03-13T23:04:52.584+0100] {dagbag.py:545} INFO - Filling up the DagBag from /Users/harshasogala/financial-data-platform/venv/lib/python3.12/site-packages/airflow/example_dags/tutorial.py
[2026-03-13T23:04:52.588+0100] {processor.py:840} INFO - DAG(s) 'tutorial' retrieved from /Users/harshasogala/financial-data-platform/venv/lib/python3.12/site-packages/airflow/example_dags/tutorial.py
[2026-03-13T23:04:52.642+0100] {logging_mixin.py:188} INFO - [2026-03-13T23:04:52.642+0100] {dag.py:3089} INFO - Sync 1 DAGs
[2026-03-13T23:04:52.651+0100] {logging_mixin.py:188} INFO - [2026-03-13T23:04:52.651+0100] {dag.py:3947} INFO - Setting next_dagrun for tutorial to 2026-03-12 00:00:00+00:00, run_after=2026-03-13 00:00:00+00:00
[2026-03-13T23:04:52.662+0100] {processor.py:183} INFO - Processing /Users/harshasogala/financial-data-platform/venv/lib/python3.12/site-packages/airflow/example_dags/tutorial.py took 0.082 seconds
[2026-03-13T23:06:08.337+0100] {processor.py:161} INFO - Started process (PID=73094) to work on /Users/harshasogala/financial-data-platform/venv/lib/python3.12/site-packages/airflow/example_dags/tutorial.py
[2026-03-13T23:06:08.338+0100] {processor.py:830} INFO - Processing file /Users/harshasogala/financial-data-platform/venv/lib/python3.12/site-packages/airflow/example_dags/tutorial.py for tasks to queue
[2026-03-13T23:06:08.338+0100] {logging_mixin.py:188} INFO - [2026-03-13T23:06:08.338+0100] {dagbag.py:545} INFO - Filling up the DagBag from /Users/harshasogala/financial-data-platform/venv/lib/python3.12/site-packages/airflow/example_dags/tutorial.py
[2026-03-13T23:06:08.343+0100] {processor.py:840} INFO - DAG(s) 'tutorial' retrieved from /Users/harshasogala/financial-data-platform/venv/lib/python3.12/site-packages/airflow/example_dags/tutorial.py
[2026-03-13T23:06:08.398+0100] {logging_mixin.py:188} INFO - [2026-03-13T23:06:08.398+0100] {dag.py:3089} INFO - Sync 1 DAGs
[2026-03-13T23:06:08.408+0100] {logging_mixin.py:188} INFO - [2026-03-13T23:06:08.408+0100] {dag.py:3947} INFO - Setting next_dagrun for tutorial to 2026-03-12 00:00:00+00:00, run_after=2026-03-13 00:00:00+00:00
[2026-03-13T23:06:08.421+0100] {processor.py:183} INFO - Processing /Users/harshasogala/financial-data-platform/venv/lib/python3.12/site-packages/airflow/example_dags/tutorial.py took 0.085 seconds
[2026-03-13T23:07:32.922+0100] {processor.py:161} INFO - Started process (PID=73163) to work on /Users/harshasogala/financial-data-platform/venv/lib/python3.12/site-packages/airflow/example_dags/tutorial.py
[2026-03-13T23:07:32.923+0100] {processor.py:830} INFO - Processing file /Users/harshasogala/financial-data-platform/venv/lib/python3.12/site-packages/airflow/example_dags/tutorial.py for tasks to queue
[2026-03-13T23:07:32.923+0100] {logging_mixin.py:188} INFO - [2026-03-13T23:07:32.923+0100] {dagbag.py:545} INFO - Filling up the DagBag from /Users/harshasogala/financial-data-platform/venv/lib/python3.12/site-packages/airflow/example_dags/tutorial.py
[2026-03-13T23:07:32.928+0100] {processor.py:840} INFO - DAG(s) 'tutorial' retrieved from /Users/harshasogala/financial-data-platform/venv/lib/python3.12/site-packages/airflow/example_dags/tutorial.py
[2026-03-13T23:07:32.992+0100] {logging_mixin.py:188} INFO - [2026-03-13T23:07:32.992+0100] {dag.py:3089} INFO - Sync 1 DAGs
[2026-03-13T23:07:33.002+0100] {logging_mixin.py:188} INFO - [2026-03-13T23:07:33.002+0100] {dag.py:3947} INFO - Setting next_dagrun for tutorial to 2026-03-12 00:00:00+00:00, run_after=2026-03-13 00:00:00+00:00
[2026-03-13T23:07:33.015+0100] {processor.py:183} INFO - Processing /Users/harshasogala/financial-data-platform/venv/lib/python3.12/site-packages/airflow/example_dags/tutorial.py took 0.096 seconds
[2026-03-13T23:08:47.608+0100] {processor.py:161} INFO - Started process (PID=73223) to work on /Users/harshasogala/financial-data-platform/venv/lib/python3.12/site-packages/airflow/example_dags/tutorial.py
[2026-03-13T23:08:47.609+0100] {processor.py:830} INFO - Processing file /Users/harshasogala/financial-data-platform/venv/lib/python3.12/site-packages/airflow/example_dags/tutorial.py for tasks to queue
[2026-03-13T23:08:47.609+0100] {logging_mixin.py:188} INFO - [2026-03-13T23:08:47.609+0100] {dagbag.py:545} INFO - Filling up the DagBag from /Users/harshasogala/financial-data-platform/venv/lib/python3.12/site-packages/airflow/example_dags/tutorial.py
[2026-03-13T23:08:47.615+0100] {processor.py:840} INFO - DAG(s) 'tutorial' retrieved from /Users/harshasogala/financial-data-platform/venv/lib/python3.12/site-packages/airflow/example_dags/tutorial.py
[2026-03-13T23:08:47.672+0100] {logging_mixin.py:188} INFO - [2026-03-13T23:08:47.672+0100] {dag.py:3089} INFO - Sync 1 DAGs
[2026-03-13T23:08:47.681+0100] {logging_mixin.py:188} INFO - [2026-03-13T23:08:47.681+0100] {dag.py:3947} INFO - Setting next_dagrun for tutorial to 2026-03-12 00:00:00+00:00, run_after=2026-03-13 00:00:00+00:00
[2026-03-13T23:08:47.693+0100] {processor.py:183} INFO - Processing /Users/harshasogala/financial-data-platform/venv/lib/python3.12/site-packages/airflow/example_dags/tutorial.py took 0.087 seconds
[2026-03-13T23:09:59.471+0100] {processor.py:161} INFO - Started process (PID=73279) to work on /Users/harshasogala/financial-data-platform/venv/lib/python3.12/site-packages/airflow/example_dags/tutorial.py
[2026-03-13T23:09:59.472+0100] {processor.py:830} INFO - Processing file /Users/harshasogala/financial-data-platform/venv/lib/python3.12/site-packages/airflow/example_dags/tutorial.py for tasks to queue
[2026-03-13T23:09:59.472+0100] {logging_mixin.py:188} INFO - [2026-03-13T23:09:59.472+0100] {dagbag.py:545} INFO - Filling up the DagBag from /Users/harshasogala/financial-data-platform/venv/lib/python3.12/site-packages/airflow/example_dags/tutorial.py
[2026-03-13T23:09:59.477+0100] {processor.py:840} INFO - DAG(s) 'tutorial' retrieved from /Users/harshasogala/financial-data-platform/venv/lib/python3.12/site-packages/airflow/example_dags/tutorial.py
[2026-03-13T23:09:59.534+0100] {logging_mixin.py:188} INFO - [2026-03-13T23:09:59.534+0100] {dag.py:3089} INFO - Sync 1 DAGs
[2026-03-13T23:09:59.543+0100] {logging_mixin.py:188} INFO - [2026-03-13T23:09:59.543+0100] {dag.py:3947} INFO - Setting next_dagrun for tutorial to 2026-03-12 00:00:00+00:00, run_after=2026-03-13 00:00:00+00:00
[2026-03-13T23:09:59.554+0100] {processor.py:183} INFO - Processing /Users/harshasogala/financial-data-platform/venv/lib/python3.12/site-packages/airflow/example_dags/tutorial.py took 0.086 seconds
[2026-03-13T23:11:12.833+0100] {processor.py:161} INFO - Started process (PID=73342) to work on /Users/harshasogala/financial-data-platform/venv/lib/python3.12/site-packages/airflow/example_dags/tutorial.py
[2026-03-13T23:11:12.834+0100] {processor.py:830} INFO - Processing file /Users/harshasogala/financial-data-platform/venv/lib/python3.12/site-packages/airflow/example_dags/tutorial.py for tasks to queue
[2026-03-13T23:11:12.835+0100] {logging_mixin.py:188} INFO - [2026-03-13T23:11:12.835+0100] {dagbag.py:545} INFO - Filling up the DagBag from /Users/harshasogala/financial-data-platform/venv/lib/python3.12/site-packages/airflow/example_dags/tutorial.py
[2026-03-13T23:11:12.841+0100] {processor.py:840} INFO - DAG(s) 'tutorial' retrieved from /Users/harshasogala/financial-data-platform/venv/lib/python3.12/site-packages/airflow/example_dags/tutorial.py
[2026-03-13T23:11:12.897+0100] {logging_mixin.py:188} INFO - [2026-03-13T23:11:12.897+0100] {dag.py:3089} INFO - Sync 1 DAGs
[2026-03-13T23:11:12.907+0100] {logging_mixin.py:188} INFO - [2026-03-13T23:11:12.907+0100] {dag.py:3947} INFO - Setting next_dagrun for tutorial to 2026-03-12 00:00:00+00:00, run_after=2026-03-13 00:00:00+00:00
[2026-03-13T23:11:12.919+0100] {processor.py:183} INFO - Processing /Users/harshasogala/financial-data-platform/venv/lib/python3.12/site-packages/airflow/example_dags/tutorial.py took 0.087 seconds
[2026-03-13T23:12:26.054+0100] {processor.py:161} INFO - Started process (PID=73406) to work on /Users/harshasogala/financial-data-platform/venv/lib/python3.12/site-packages/airflow/example_dags/tutorial.py
[2026-03-13T23:12:26.055+0100] {processor.py:830} INFO - Processing file /Users/harshasogala/financial-data-platform/venv/lib/python3.12/site-packages/airflow/example_dags/tutorial.py for tasks to queue
[2026-03-13T23:12:26.055+0100] {logging_mixin.py:188} INFO - [2026-03-13T23:12:26.055+0100] {dagbag.py:545} INFO - Filling up the DagBag from /Users/harshasogala/financial-data-platform/venv/lib/python3.12/site-packages/airflow/example_dags/tutorial.py
[2026-03-13T23:12:26.060+0100] {processor.py:840} INFO - DAG(s) 'tutorial' retrieved from /Users/harshasogala/financial-data-platform/venv/lib/python3.12/site-packages/airflow/example_dags/tutorial.py
[2026-03-13T23:12:26.131+0100] {logging_mixin.py:188} INFO - [2026-03-13T23:12:26.131+0100] {dag.py:3089} INFO - Sync 1 DAGs
[2026-03-13T23:12:26.141+0100] {logging_mixin.py:188} INFO - [2026-03-13T23:12:26.141+0100] {dag.py:3947} INFO - Setting next_dagrun for tutorial to 2026-03-12 00:00:00+00:00, run_after=2026-03-13 00:00:00+00:00
[2026-03-13T23:12:26.155+0100] {processor.py:183} INFO - Processing /Users/harshasogala/financial-data-platform/venv/lib/python3.12/site-packages/airflow/example_dags/tutorial.py took 0.102 seconds
[2026-03-13T23:13:43.000+0100] {processor.py:161} INFO - Started process (PID=73466) to work on /Users/harshasogala/financial-data-platform/venv/lib/python3.12/site-packages/airflow/example_dags/tutorial.py
[2026-03-13T23:13:43.001+0100] {processor.py:830} INFO - Processing file /Users/harshasogala/financial-data-platform/venv/lib/python3.12/site-packages/airflow/example_dags/tutorial.py for tasks to queue
[2026-03-13T23:13:43.001+0100] {logging_mixin.py:188} INFO - [2026-03-13T23:13:43.001+0100] {dagbag.py:545} INFO - Filling up the DagBag from /Users/harshasogala/financial-data-platform/venv/lib/python3.12/site-packages/airflow/example_dags/tutorial.py
[2026-03-13T23:13:43.006+0100] {processor.py:840} INFO - DAG(s) 'tutorial' retrieved from /Users/harshasogala/financial-data-platform/venv/lib/python3.12/site-packages/airflow/example_dags/tutorial.py
[2026-03-13T23:13:43.061+0100] {logging_mixin.py:188} INFO - [2026-03-13T23:13:43.060+0100] {dag.py:3089} INFO - Sync 1 DAGs
[2026-03-13T23:13:43.070+0100] {logging_mixin.py:188} INFO - [2026-03-13T23:13:43.070+0100] {dag.py:3947} INFO - Setting next_dagrun for tutorial to 2026-03-12 00:00:00+00:00, run_after=2026-03-13 00:00:00+00:00
[2026-03-13T23:13:43.081+0100] {processor.py:183} INFO - Processing /Users/harshasogala/financial-data-platform/venv/lib/python3.12/site-packages/airflow/example_dags/tutorial.py took 0.083 seconds
[2026-03-13T23:14:56.708+0100] {processor.py:161} INFO - Started process (PID=73526) to work on /Users/harshasogala/financial-data-platform/venv/lib/python3.12/site-packages/airflow/example_dags/tutorial.py
[2026-03-13T23:14:56.708+0100] {processor.py:830} INFO - Processing file /Users/harshasogala/financial-data-platform/venv/lib/python3.12/site-packages/airflow/example_dags/tutorial.py for tasks to queue
[2026-03-13T23:14:56.709+0100] {logging_mixin.py:188} INFO - [2026-03-13T23:14:56.709+0100] {dagbag.py:545} INFO - Filling up the DagBag from /Users/harshasogala/financial-data-platform/venv/lib/python3.12/site-packages/airflow/example_dags/tutorial.py
[2026-03-13T23:14:56.713+0100] {processor.py:840} INFO - DAG(s) 'tutorial' retrieved from /Users/harshasogala/financial-data-platform/venv/lib/python3.12/site-packages/airflow/example_dags/tutorial.py
[2026-03-13T23:14:56.769+0100] {logging_mixin.py:188} INFO - [2026-03-13T23:14:56.769+0100] {dag.py:3089} INFO - Sync 1 DAGs
[2026-03-13T23:14:56.779+0100] {logging_mixin.py:188} INFO - [2026-03-13T23:14:56.778+0100] {dag.py:3947} INFO - Setting next_dagrun for tutorial to 2026-03-12 00:00:00+00:00, run_after=2026-03-13 00:00:00+00:00
[2026-03-13T23:14:56.790+0100] {processor.py:183} INFO - Processing /Users/harshasogala/financial-data-platform/venv/lib/python3.12/site-packages/airflow/example_dags/tutorial.py took 0.084 seconds
[2026-03-13T23:16:10.627+0100] {processor.py:161} INFO - Started process (PID=73586) to work on /Users/harshasogala/financial-data-platform/venv/lib/python3.12/site-packages/airflow/example_dags/tutorial.py
[2026-03-13T23:16:10.628+0100] {processor.py:830} INFO - Processing file /Users/harshasogala/financial-data-platform/venv/lib/python3.12/site-packages/airflow/example_dags/tutorial.py for tasks to queue
[2026-03-13T23:16:10.628+0100] {logging_mixin.py:188} INFO - [2026-03-13T23:16:10.628+0100] {dagbag.py:545} INFO - Filling up the DagBag from /Users/harshasogala/financial-data-platform/venv/lib/python3.12/site-packages/airflow/example_dags/tutorial.py
[2026-03-13T23:16:10.633+0100] {processor.py:840} INFO - DAG(s) 'tutorial' retrieved from /Users/harshasogala/financial-data-platform/venv/lib/python3.12/site-packages/airflow/example_dags/tutorial.py
[2026-03-13T23:16:10.688+0100] {logging_mixin.py:188} INFO - [2026-03-13T23:16:10.688+0100] {dag.py:3089} INFO - Sync 1 DAGs
[2026-03-13T23:16:10.698+0100] {logging_mixin.py:188} INFO - [2026-03-13T23:16:10.698+0100] {dag.py:3947} INFO - Setting next_dagrun for tutorial to 2026-03-12 00:00:00+00:00, run_after=2026-03-13 00:00:00+00:00
[2026-03-13T23:16:10.709+0100] {processor.py:183} INFO - Processing /Users/harshasogala/financial-data-platform/venv/lib/python3.12/site-packages/airflow/example_dags/tutorial.py took 0.084 seconds
[2026-03-13T23:17:27.693+0100] {processor.py:161} INFO - Started process (PID=73657) to work on /Users/harshasogala/financial-data-platform/venv/lib/python3.12/site-packages/airflow/example_dags/tutorial.py
[2026-03-13T23:17:27.694+0100] {processor.py:830} INFO - Processing file /Users/harshasogala/financial-data-platform/venv/lib/python3.12/site-packages/airflow/example_dags/tutorial.py for tasks to queue
[2026-03-13T23:17:27.695+0100] {logging_mixin.py:188} INFO - [2026-03-13T23:17:27.695+0100] {dagbag.py:545} INFO - Filling up the DagBag from /Users/harshasogala/financial-data-platform/venv/lib/python3.12/site-packages/airflow/example_dags/tutorial.py
[2026-03-13T23:17:27.699+0100] {processor.py:840} INFO - DAG(s) 'tutorial' retrieved from /Users/harshasogala/financial-data-platform/venv/lib/python3.12/site-packages/airflow/example_dags/tutorial.py
[2026-03-13T23:17:27.761+0100] {logging_mixin.py:188} INFO - [2026-03-13T23:17:27.761+0100] {dag.py:3089} INFO - Sync 1 DAGs
[2026-03-13T23:17:27.772+0100] {logging_mixin.py:188} INFO - [2026-03-13T23:17:27.772+0100] {dag.py:3947} INFO - Setting next_dagrun for tutorial to 2026-03-12 00:00:00+00:00, run_after=2026-03-13 00:00:00+00:00
[2026-03-13T23:17:27.784+0100] {processor.py:183} INFO - Processing /Users/harshasogala/financial-data-platform/venv/lib/python3.12/site-packages/airflow/example_dags/tutorial.py took 0.092 seconds
[2026-03-13T23:18:44.177+0100] {processor.py:161} INFO - Started process (PID=73718) to work on /Users/harshasogala/financial-data-platform/venv/lib/python3.12/site-packages/airflow/example_dags/tutorial.py
[2026-03-13T23:18:44.178+0100] {processor.py:830} INFO - Processing file /Users/harshasogala/financial-data-platform/venv/lib/python3.12/site-packages/airflow/example_dags/tutorial.py for tasks to queue
[2026-03-13T23:18:44.178+0100] {logging_mixin.py:188} INFO - [2026-03-13T23:18:44.178+0100] {dagbag.py:545} INFO - Filling up the DagBag from /Users/harshasogala/financial-data-platform/venv/lib/python3.12/site-packages/airflow/example_dags/tutorial.py
[2026-03-13T23:18:44.183+0100] {processor.py:840} INFO - DAG(s) 'tutorial' retrieved from /Users/harshasogala/financial-data-platform/venv/lib/python3.12/site-packages/airflow/example_dags/tutorial.py
[2026-03-13T23:18:44.237+0100] {logging_mixin.py:188} INFO - [2026-03-13T23:18:44.237+0100] {dag.py:3089} INFO - Sync 1 DAGs
[2026-03-13T23:18:44.247+0100] {logging_mixin.py:188} INFO - [2026-03-13T23:18:44.247+0100] {dag.py:3947} INFO - Setting next_dagrun for tutorial to 2026-03-12 00:00:00+00:00, run_after=2026-03-13 00:00:00+00:00
[2026-03-13T23:18:44.258+0100] {processor.py:183} INFO - Processing /Users/harshasogala/financial-data-platform/venv/lib/python3.12/site-packages/airflow/example_dags/tutorial.py took 0.083 seconds
[2026-03-13T23:20:01.361+0100] {processor.py:161} INFO - Started process (PID=73783) to work on /Users/harshasogala/financial-data-platform/venv/lib/python3.12/site-packages/airflow/example_dags/tutorial.py
[2026-03-13T23:20:01.362+0100] {processor.py:830} INFO - Processing file /Users/harshasogala/financial-data-platform/venv/lib/python3.12/site-packages/airflow/example_dags/tutorial.py for tasks to queue
[2026-03-13T23:20:01.362+0100] {logging_mixin.py:188} INFO - [2026-03-13T23:20:01.362+0100] {dagbag.py:545} INFO - Filling up the DagBag from /Users/harshasogala/financial-data-platform/venv/lib/python3.12/site-packages/airflow/example_dags/tutorial.py
[2026-03-13T23:20:01.367+0100] {processor.py:840} INFO - DAG(s) 'tutorial' retrieved from /Users/harshasogala/financial-data-platform/venv/lib/python3.12/site-packages/airflow/example_dags/tutorial.py
[2026-03-13T23:20:01.422+0100] {logging_mixin.py:188} INFO - [2026-03-13T23:20:01.422+0100] {dag.py:3089} INFO - Sync 1 DAGs
[2026-03-13T23:20:01.431+0100] {logging_mixin.py:188} INFO - [2026-03-13T23:20:01.431+0100] {dag.py:3947} INFO - Setting next_dagrun for tutorial to 2026-03-12 00:00:00+00:00, run_after=2026-03-13 00:00:00+00:00
[2026-03-13T23:20:01.443+0100] {processor.py:183} INFO - Processing /Users/harshasogala/financial-data-platform/venv/lib/python3.12/site-packages/airflow/example_dags/tutorial.py took 0.084 seconds
[2026-03-13T23:21:16.988+0100] {processor.py:161} INFO - Started process (PID=73863) to work on /Users/harshasogala/financial-data-platform/venv/lib/python3.12/site-packages/airflow/example_dags/tutorial.py
[2026-03-13T23:21:16.989+0100] {processor.py:830} INFO - Processing file /Users/harshasogala/financial-data-platform/venv/lib/python3.12/site-packages/airflow/example_dags/tutorial.py for tasks to queue
[2026-03-13T23:21:16.990+0100] {logging_mixin.py:188} INFO - [2026-03-13T23:21:16.990+0100] {dagbag.py:545} INFO - Filling up the DagBag from /Users/harshasogala/financial-data-platform/venv/lib/python3.12/site-packages/airflow/example_dags/tutorial.py
[2026-03-13T23:21:16.994+0100] {processor.py:840} INFO - DAG(s) 'tutorial' retrieved from /Users/harshasogala/financial-data-platform/venv/lib/python3.12/site-packages/airflow/example_dags/tutorial.py
[2026-03-13T23:21:17.048+0100] {logging_mixin.py:188} INFO - [2026-03-13T23:21:17.048+0100] {dag.py:3089} INFO - Sync 1 DAGs
[2026-03-13T23:21:17.057+0100] {logging_mixin.py:188} INFO - [2026-03-13T23:21:17.057+0100] {dag.py:3947} INFO - Setting next_dagrun for tutorial to 2026-03-12 00:00:00+00:00, run_after=2026-03-13 00:00:00+00:00
[2026-03-13T23:21:17.068+0100] {processor.py:183} INFO - Processing /Users/harshasogala/financial-data-platform/venv/lib/python3.12/site-packages/airflow/example_dags/tutorial.py took 0.082 seconds
[2026-03-13T23:22:29.837+0100] {processor.py:161} INFO - Started process (PID=73924) to work on /Users/harshasogala/financial-data-platform/venv/lib/python3.12/site-packages/airflow/example_dags/tutorial.py
[2026-03-13T23:22:29.838+0100] {processor.py:830} INFO - Processing file /Users/harshasogala/financial-data-platform/venv/lib/python3.12/site-packages/airflow/example_dags/tutorial.py for tasks to queue
[2026-03-13T23:22:29.838+0100] {logging_mixin.py:188} INFO - [2026-03-13T23:22:29.838+0100] {dagbag.py:545} INFO - Filling up the DagBag from /Users/harshasogala/financial-data-platform/venv/lib/python3.12/site-packages/airflow/example_dags/tutorial.py
[2026-03-13T23:22:29.843+0100] {processor.py:840} INFO - DAG(s) 'tutorial' retrieved from /Users/harshasogala/financial-data-platform/venv/lib/python3.12/site-packages/airflow/example_dags/tutorial.py
[2026-03-13T23:22:29.897+0100] {logging_mixin.py:188} INFO - [2026-03-13T23:22:29.897+0100] {dag.py:3089} INFO - Sync 1 DAGs
[2026-03-13T23:22:29.907+0100] {logging_mixin.py:188} INFO - [2026-03-13T23:22:29.907+0100] {dag.py:3947} INFO - Setting next_dagrun for tutorial to 2026-03-12 00:00:00+00:00, run_after=2026-03-13 00:00:00+00:00
[2026-03-13T23:22:29.918+0100] {processor.py:183} INFO - Processing /Users/harshasogala/financial-data-platform/venv/lib/python3.12/site-packages/airflow/example_dags/tutorial.py took 0.083 seconds
[2026-03-13T23:23:45.056+0100] {processor.py:161} INFO - Started process (PID=73988) to work on /Users/harshasogala/financial-data-platform/venv/lib/python3.12/site-packages/airflow/example_dags/tutorial.py
[2026-03-13T23:23:45.057+0100] {processor.py:830} INFO - Processing file /Users/harshasogala/financial-data-platform/venv/lib/python3.12/site-packages/airflow/example_dags/tutorial.py for tasks to queue
[2026-03-13T23:23:45.058+0100] {logging_mixin.py:188} INFO - [2026-03-13T23:23:45.058+0100] {dagbag.py:545} INFO - Filling up the DagBag from /Users/harshasogala/financial-data-platform/venv/lib/python3.12/site-packages/airflow/example_dags/tutorial.py
[2026-03-13T23:23:45.063+0100] {processor.py:840} INFO - DAG(s) 'tutorial' retrieved from /Users/harshasogala/financial-data-platform/venv/lib/python3.12/site-packages/airflow/example_dags/tutorial.py
[2026-03-13T23:23:45.117+0100] {logging_mixin.py:188} INFO - [2026-03-13T23:23:45.117+0100] {dag.py:3089} INFO - Sync 1 DAGs
[2026-03-13T23:23:45.127+0100] {logging_mixin.py:188} INFO - [2026-03-13T23:23:45.127+0100] {dag.py:3947} INFO - Setting next_dagrun for tutorial to 2026-03-12 00:00:00+00:00, run_after=2026-03-13 00:00:00+00:00
[2026-03-13T23:23:45.138+0100] {processor.py:183} INFO - Processing /Users/harshasogala/financial-data-platform/venv/lib/python3.12/site-packages/airflow/example_dags/tutorial.py took 0.084 seconds
[2026-03-13T23:25:01.976+0100] {processor.py:161} INFO - Started process (PID=74048) to work on /Users/harshasogala/financial-data-platform/venv/lib/python3.12/site-packages/airflow/example_dags/tutorial.py
[2026-03-13T23:25:01.978+0100] {processor.py:830} INFO - Processing file /Users/harshasogala/financial-data-platform/venv/lib/python3.12/site-packages/airflow/example_dags/tutorial.py for tasks to queue
[2026-03-13T23:25:01.978+0100] {logging_mixin.py:188} INFO - [2026-03-13T23:25:01.978+0100] {dagbag.py:545} INFO - Filling up the DagBag from /Users/harshasogala/financial-data-platform/venv/lib/python3.12/site-packages/airflow/example_dags/tutorial.py
[2026-03-13T23:25:01.983+0100] {processor.py:840} INFO - DAG(s) 'tutorial' retrieved from /Users/harshasogala/financial-data-platform/venv/lib/python3.12/site-packages/airflow/example_dags/tutorial.py
[2026-03-13T23:25:02.037+0100] {logging_mixin.py:188} INFO - [2026-03-13T23:25:02.037+0100] {dag.py:3089} INFO - Sync 1 DAGs
[2026-03-13T23:25:02.046+0100] {logging_mixin.py:188} INFO - [2026-03-13T23:25:02.046+0100] {dag.py:3947} INFO - Setting next_dagrun for tutorial to 2026-03-12 00:00:00+00:00, run_after=2026-03-13 00:00:00+00:00
[2026-03-13T23:25:02.057+0100] {processor.py:183} INFO - Processing /Users/harshasogala/financial-data-platform/venv/lib/python3.12/site-packages/airflow/example_dags/tutorial.py took 0.083 seconds
[2026-03-13T23:26:18.489+0100] {processor.py:161} INFO - Started process (PID=74106) to work on /Users/harshasogala/financial-data-platform/venv/lib/python3.12/site-packages/airflow/example_dags/tutorial.py
[2026-03-13T23:26:18.490+0100] {processor.py:830} INFO - Processing file /Users/harshasogala/financial-data-platform/venv/lib/python3.12/site-packages/airflow/example_dags/tutorial.py for tasks to queue
[2026-03-13T23:26:18.490+0100] {logging_mixin.py:188} INFO - [2026-03-13T23:26:18.490+0100] {dagbag.py:545} INFO - Filling up the DagBag from /Users/harshasogala/financial-data-platform/venv/lib/python3.12/site-packages/airflow/example_dags/tutorial.py
[2026-03-13T23:26:18.495+0100] {processor.py:840} INFO - DAG(s) 'tutorial' retrieved from /Users/harshasogala/financial-data-platform/venv/lib/python3.12/site-packages/airflow/example_dags/tutorial.py
[2026-03-13T23:26:18.550+0100] {logging_mixin.py:188} INFO - [2026-03-13T23:26:18.550+0100] {dag.py:3089} INFO - Sync 1 DAGs
[2026-03-13T23:26:18.559+0100] {logging_mixin.py:188} INFO - [2026-03-13T23:26:18.559+0100] {dag.py:3947} INFO - Setting next_dagrun for tutorial to 2026-03-12 00:00:00+00:00, run_after=2026-03-13 00:00:00+00:00
[2026-03-13T23:26:18.571+0100] {processor.py:183} INFO - Processing /Users/harshasogala/financial-data-platform/venv/lib/python3.12/site-packages/airflow/example_dags/tutorial.py took 0.083 seconds
[2026-03-13T23:27:36.309+0100] {processor.py:161} INFO - Started process (PID=74187) to work on /Users/harshasogala/financial-data-platform/venv/lib/python3.12/site-packages/airflow/example_dags/tutorial.py
[2026-03-13T23:27:36.310+0100] {processor.py:830} INFO - Processing file /Users/harshasogala/financial-data-platform/venv/lib/python3.12/site-packages/airflow/example_dags/tutorial.py for tasks to queue
[2026-03-13T23:27:36.311+0100] {logging_mixin.py:188} INFO - [2026-03-13T23:27:36.310+0100] {dagbag.py:545} INFO - Filling up the DagBag from /Users/harshasogala/financial-data-platform/venv/lib/python3.12/site-packages/airflow/example_dags/tutorial.py
[2026-03-13T23:27:36.315+0100] {processor.py:840} INFO - DAG(s) 'tutorial' retrieved from /Users/harshasogala/financial-data-platform/venv/lib/python3.12/site-packages/airflow/example_dags/tutorial.py
[2026-03-13T23:27:36.376+0100] {logging_mixin.py:188} INFO - [2026-03-13T23:27:36.376+0100] {dag.py:3089} INFO - Sync 1 DAGs
[2026-03-13T23:27:36.385+0100] {logging_mixin.py:188} INFO - [2026-03-13T23:27:36.385+0100] {dag.py:3947} INFO - Setting next_dagrun for tutorial to 2026-03-12 00:00:00+00:00, run_after=2026-03-13 00:00:00+00:00
[2026-03-13T23:27:36.396+0100] {processor.py:183} INFO - Processing /Users/harshasogala/financial-data-platform/venv/lib/python3.12/site-packages/airflow/example_dags/tutorial.py took 0.088 seconds
[2026-03-13T23:28:54.490+0100] {processor.py:161} INFO - Started process (PID=74269) to work on /Users/harshasogala/financial-data-platform/venv/lib/python3.12/site-packages/airflow/example_dags/tutorial.py
[2026-03-13T23:28:54.491+0100] {processor.py:830} INFO - Processing file /Users/harshasogala/financial-data-platform/venv/lib/python3.12/site-packages/airflow/example_dags/tutorial.py for tasks to queue
[2026-03-13T23:28:54.492+0100] {logging_mixin.py:188} INFO - [2026-03-13T23:28:54.492+0100] {dagbag.py:545} INFO - Filling up the DagBag from /Users/harshasogala/financial-data-platform/venv/lib/python3.12/site-packages/airflow/example_dags/tutorial.py
[2026-03-13T23:28:54.496+0100] {processor.py:840} INFO - DAG(s) 'tutorial' retrieved from /Users/harshasogala/financial-data-platform/venv/lib/python3.12/site-packages/airflow/example_dags/tutorial.py
[2026-03-13T23:28:54.551+0100] {logging_mixin.py:188} INFO - [2026-03-13T23:28:54.551+0100] {dag.py:3089} INFO - Sync 1 DAGs
[2026-03-13T23:28:54.561+0100] {logging_mixin.py:188} INFO - [2026-03-13T23:28:54.561+0100] {dag.py:3947} INFO - Setting next_dagrun for tutorial to 2026-03-12 00:00:00+00:00, run_after=2026-03-13 00:00:00+00:00
[2026-03-13T23:28:54.572+0100] {processor.py:183} INFO - Processing /Users/harshasogala/financial-data-platform/venv/lib/python3.12/site-packages/airflow/example_dags/tutorial.py took 0.084 seconds
[2026-03-13T23:30:07.681+0100] {processor.py:161} INFO - Started process (PID=74327) to work on /Users/harshasogala/financial-data-platform/venv/lib/python3.12/site-packages/airflow/example_dags/tutorial.py
[2026-03-13T23:30:07.683+0100] {processor.py:830} INFO - Processing file /Users/harshasogala/financial-data-platform/venv/lib/python3.12/site-packages/airflow/example_dags/tutorial.py for tasks to queue
[2026-03-13T23:30:07.684+0100] {logging_mixin.py:188} INFO - [2026-03-13T23:30:07.684+0100] {dagbag.py:545} INFO - Filling up the DagBag from /Users/harshasogala/financial-data-platform/venv/lib/python3.12/site-packages/airflow/example_dags/tutorial.py
[2026-03-13T23:30:07.689+0100] {processor.py:840} INFO - DAG(s) 'tutorial' retrieved from /Users/harshasogala/financial-data-platform/venv/lib/python3.12/site-packages/airflow/example_dags/tutorial.py
[2026-03-13T23:30:07.743+0100] {logging_mixin.py:188} INFO - [2026-03-13T23:30:07.743+0100] {dag.py:3089} INFO - Sync 1 DAGs
[2026-03-13T23:30:07.753+0100] {logging_mixin.py:188} INFO - [2026-03-13T23:30:07.753+0100] {dag.py:3947} INFO - Setting next_dagrun for tutorial to 2026-03-12 00:00:00+00:00, run_after=2026-03-13 00:00:00+00:00
[2026-03-13T23:30:07.764+0100] {processor.py:183} INFO - Processing /Users/harshasogala/financial-data-platform/venv/lib/python3.12/site-packages/airflow/example_dags/tutorial.py took 0.084 seconds
[2026-03-13T23:31:27.758+0100] {processor.py:161} INFO - Started process (PID=74630) to work on /Users/harshasogala/financial-data-platform/venv/lib/python3.12/site-packages/airflow/example_dags/tutorial.py
[2026-03-13T23:31:27.770+0100] {processor.py:830} INFO - Processing file /Users/harshasogala/financial-data-platform/venv/lib/python3.12/site-packages/airflow/example_dags/tutorial.py for tasks to queue
[2026-03-13T23:31:27.770+0100] {logging_mixin.py:188} INFO - [2026-03-13T23:31:27.770+0100] {dagbag.py:545} INFO - Filling up the DagBag from /Users/harshasogala/financial-data-platform/venv/lib/python3.12/site-packages/airflow/example_dags/tutorial.py
[2026-03-13T23:31:27.778+0100] {processor.py:840} INFO - DAG(s) 'tutorial' retrieved from /Users/harshasogala/financial-data-platform/venv/lib/python3.12/site-packages/airflow/example_dags/tutorial.py
[2026-03-13T23:31:27.833+0100] {logging_mixin.py:188} INFO - [2026-03-13T23:31:27.833+0100] {dag.py:3089} INFO - Sync 1 DAGs
[2026-03-13T23:31:27.843+0100] {logging_mixin.py:188} INFO - [2026-03-13T23:31:27.843+0100] {dag.py:3947} INFO - Setting next_dagrun for tutorial to 2026-03-12 00:00:00+00:00, run_after=2026-03-13 00:00:00+00:00
[2026-03-13T23:31:27.854+0100] {processor.py:183} INFO - Processing /Users/harshasogala/financial-data-platform/venv/lib/python3.12/site-packages/airflow/example_dags/tutorial.py took 0.098 seconds
[2026-03-13T23:32:44.292+0100] {processor.py:161} INFO - Started process (PID=74969) to work on /Users/harshasogala/financial-data-platform/venv/lib/python3.12/site-packages/airflow/example_dags/tutorial.py
[2026-03-13T23:32:44.293+0100] {processor.py:830} INFO - Processing file /Users/harshasogala/financial-data-platform/venv/lib/python3.12/site-packages/airflow/example_dags/tutorial.py for tasks to queue
[2026-03-13T23:32:44.293+0100] {logging_mixin.py:188} INFO - [2026-03-13T23:32:44.293+0100] {dagbag.py:545} INFO - Filling up the DagBag from /Users/harshasogala/financial-data-platform/venv/lib/python3.12/site-packages/airflow/example_dags/tutorial.py
[2026-03-13T23:32:44.298+0100] {processor.py:840} INFO - DAG(s) 'tutorial' retrieved from /Users/harshasogala/financial-data-platform/venv/lib/python3.12/site-packages/airflow/example_dags/tutorial.py
[2026-03-13T23:32:44.352+0100] {logging_mixin.py:188} INFO - [2026-03-13T23:32:44.352+0100] {dag.py:3089} INFO - Sync 1 DAGs
[2026-03-13T23:32:44.362+0100] {logging_mixin.py:188} INFO - [2026-03-13T23:32:44.362+0100] {dag.py:3947} INFO - Setting next_dagrun for tutorial to 2026-03-12 00:00:00+00:00, run_after=2026-03-13 00:00:00+00:00
[2026-03-13T23:32:44.373+0100] {processor.py:183} INFO - Processing /Users/harshasogala/financial-data-platform/venv/lib/python3.12/site-packages/airflow/example_dags/tutorial.py took 0.084 seconds
