[2026-03-13T22:17:57.674+0100] {processor.py:161} INFO - Started process (PID=65475) to work on /Users/harshasogala/financial-data-platform/venv/lib/python3.12/site-packages/airflow/example_dags/tutorial_dag.py
[2026-03-13T22:17:57.674+0100] {processor.py:830} INFO - Processing file /Users/harshasogala/financial-data-platform/venv/lib/python3.12/site-packages/airflow/example_dags/tutorial_dag.py for tasks to queue
[2026-03-13T22:17:57.675+0100] {logging_mixin.py:188} INFO - [2026-03-13T22:17:57.675+0100] {dagbag.py:545} INFO - Filling up the DagBag from /Users/harshasogala/financial-data-platform/venv/lib/python3.12/site-packages/airflow/example_dags/tutorial_dag.py
[2026-03-13T22:17:57.691+0100] {processor.py:840} INFO - DAG(s) 'tutorial_dag' retrieved from /Users/harshasogala/financial-data-platform/venv/lib/python3.12/site-packages/airflow/example_dags/tutorial_dag.py
[2026-03-13T22:17:57.789+0100] {logging_mixin.py:188} INFO - [2026-03-13T22:17:57.788+0100] {override.py:1858} INFO - Created Permission View: can edit on DAG:tutorial_dag
[2026-03-13T22:17:57.794+0100] {logging_mixin.py:188} INFO - [2026-03-13T22:17:57.793+0100] {override.py:1858} INFO - Created Permission View: can delete on DAG:tutorial_dag
[2026-03-13T22:17:57.797+0100] {logging_mixin.py:188} INFO - [2026-03-13T22:17:57.797+0100] {override.py:1858} INFO - Created Permission View: can read on DAG:tutorial_dag
[2026-03-13T22:17:57.797+0100] {logging_mixin.py:188} INFO - [2026-03-13T22:17:57.797+0100] {dag.py:3089} INFO - Sync 1 DAGs
[2026-03-13T22:17:57.802+0100] {logging_mixin.py:188} INFO - [2026-03-13T22:17:57.802+0100] {dag.py:3111} INFO - Creating ORM DAG for tutorial_dag
[2026-03-13T22:17:57.803+0100] {logging_mixin.py:188} INFO - [2026-03-13T22:17:57.803+0100] {dag.py:3947} INFO - Setting next_dagrun for tutorial_dag to None, run_after=None
[2026-03-13T22:17:57.812+0100] {processor.py:183} INFO - Processing /Users/harshasogala/financial-data-platform/venv/lib/python3.12/site-packages/airflow/example_dags/tutorial_dag.py took 0.140 seconds
[2026-03-13T22:19:45.803+0100] {processor.py:161} INFO - Started process (PID=66063) to work on /Users/harshasogala/financial-data-platform/venv/lib/python3.12/site-packages/airflow/example_dags/tutorial_dag.py
[2026-03-13T22:19:45.804+0100] {processor.py:830} INFO - Processing file /Users/harshasogala/financial-data-platform/venv/lib/python3.12/site-packages/airflow/example_dags/tutorial_dag.py for tasks to queue
[2026-03-13T22:19:45.805+0100] {logging_mixin.py:188} INFO - [2026-03-13T22:19:45.805+0100] {dagbag.py:545} INFO - Filling up the DagBag from /Users/harshasogala/financial-data-platform/venv/lib/python3.12/site-packages/airflow/example_dags/tutorial_dag.py
[2026-03-13T22:19:45.821+0100] {processor.py:840} INFO - DAG(s) 'tutorial_dag' retrieved from /Users/harshasogala/financial-data-platform/venv/lib/python3.12/site-packages/airflow/example_dags/tutorial_dag.py
[2026-03-13T22:19:45.875+0100] {logging_mixin.py:188} INFO - [2026-03-13T22:19:45.875+0100] {dag.py:3089} INFO - Sync 1 DAGs
[2026-03-13T22:19:45.881+0100] {logging_mixin.py:188} INFO - [2026-03-13T22:19:45.880+0100] {dag.py:3947} INFO - Setting next_dagrun for tutorial_dag to None, run_after=None
[2026-03-13T22:19:45.892+0100] {processor.py:183} INFO - Processing /Users/harshasogala/financial-data-platform/venv/lib/python3.12/site-packages/airflow/example_dags/tutorial_dag.py took 0.090 seconds
[2026-03-13T22:21:05.506+0100] {processor.py:161} INFO - Started process (PID=66128) to work on /Users/harshasogala/financial-data-platform/venv/lib/python3.12/site-packages/airflow/example_dags/tutorial_dag.py
[2026-03-13T22:21:05.507+0100] {processor.py:830} INFO - Processing file /Users/harshasogala/financial-data-platform/venv/lib/python3.12/site-packages/airflow/example_dags/tutorial_dag.py for tasks to queue
[2026-03-13T22:21:05.508+0100] {logging_mixin.py:188} INFO - [2026-03-13T22:21:05.507+0100] {dagbag.py:545} INFO - Filling up the DagBag from /Users/harshasogala/financial-data-platform/venv/lib/python3.12/site-packages/airflow/example_dags/tutorial_dag.py
[2026-03-13T22:21:05.525+0100] {processor.py:840} INFO - DAG(s) 'tutorial_dag' retrieved from /Users/harshasogala/financial-data-platform/venv/lib/python3.12/site-packages/airflow/example_dags/tutorial_dag.py
[2026-03-13T22:21:05.581+0100] {logging_mixin.py:188} INFO - [2026-03-13T22:21:05.581+0100] {dag.py:3089} INFO - Sync 1 DAGs
[2026-03-13T22:21:05.586+0100] {logging_mixin.py:188} INFO - [2026-03-13T22:21:05.586+0100] {dag.py:3947} INFO - Setting next_dagrun for tutorial_dag to None, run_after=None
[2026-03-13T22:21:05.597+0100] {processor.py:183} INFO - Processing /Users/harshasogala/financial-data-platform/venv/lib/python3.12/site-packages/airflow/example_dags/tutorial_dag.py took 0.093 seconds
[2026-03-13T22:27:04.541+0100] {processor.py:161} INFO - Started process (PID=67096) to work on /Users/harshasogala/financial-data-platform/venv/lib/python3.12/site-packages/airflow/example_dags/tutorial_dag.py
[2026-03-13T22:27:04.542+0100] {processor.py:830} INFO - Processing file /Users/harshasogala/financial-data-platform/venv/lib/python3.12/site-packages/airflow/example_dags/tutorial_dag.py for tasks to queue
[2026-03-13T22:27:04.542+0100] {logging_mixin.py:188} INFO - [2026-03-13T22:27:04.542+0100] {dagbag.py:545} INFO - Filling up the DagBag from /Users/harshasogala/financial-data-platform/venv/lib/python3.12/site-packages/airflow/example_dags/tutorial_dag.py
[2026-03-13T22:27:04.561+0100] {processor.py:840} INFO - DAG(s) 'tutorial_dag' retrieved from /Users/harshasogala/financial-data-platform/venv/lib/python3.12/site-packages/airflow/example_dags/tutorial_dag.py
[2026-03-13T22:27:04.619+0100] {logging_mixin.py:188} INFO - [2026-03-13T22:27:04.619+0100] {dag.py:3089} INFO - Sync 1 DAGs
[2026-03-13T22:27:04.625+0100] {logging_mixin.py:188} INFO - [2026-03-13T22:27:04.625+0100] {dag.py:3947} INFO - Setting next_dagrun for tutorial_dag to None, run_after=None
[2026-03-13T22:27:04.637+0100] {processor.py:183} INFO - Processing /Users/harshasogala/financial-data-platform/venv/lib/python3.12/site-packages/airflow/example_dags/tutorial_dag.py took 0.098 seconds
[2026-03-13T22:29:05.028+0100] {processor.py:161} INFO - Started process (PID=67364) to work on /Users/harshasogala/financial-data-platform/venv/lib/python3.12/site-packages/airflow/example_dags/tutorial_dag.py
[2026-03-13T22:29:05.029+0100] {processor.py:830} INFO - Processing file /Users/harshasogala/financial-data-platform/venv/lib/python3.12/site-packages/airflow/example_dags/tutorial_dag.py for tasks to queue
[2026-03-13T22:29:05.029+0100] {logging_mixin.py:188} INFO - [2026-03-13T22:29:05.029+0100] {dagbag.py:545} INFO - Filling up the DagBag from /Users/harshasogala/financial-data-platform/venv/lib/python3.12/site-packages/airflow/example_dags/tutorial_dag.py
[2026-03-13T22:29:05.045+0100] {processor.py:840} INFO - DAG(s) 'tutorial_dag' retrieved from /Users/harshasogala/financial-data-platform/venv/lib/python3.12/site-packages/airflow/example_dags/tutorial_dag.py
[2026-03-13T22:29:05.100+0100] {logging_mixin.py:188} INFO - [2026-03-13T22:29:05.100+0100] {dag.py:3089} INFO - Sync 1 DAGs
[2026-03-13T22:29:05.105+0100] {logging_mixin.py:188} INFO - [2026-03-13T22:29:05.105+0100] {dag.py:3947} INFO - Setting next_dagrun for tutorial_dag to None, run_after=None
[2026-03-13T22:29:05.116+0100] {processor.py:183} INFO - Processing /Users/harshasogala/financial-data-platform/venv/lib/python3.12/site-packages/airflow/example_dags/tutorial_dag.py took 0.091 seconds
[2026-03-13T22:30:11.467+0100] {processor.py:161} INFO - Started process (PID=67493) to work on /Users/harshasogala/financial-data-platform/venv/lib/python3.12/site-packages/airflow/example_dags/tutorial_dag.py
[2026-03-13T22:30:11.468+0100] {processor.py:830} INFO - Processing file /Users/harshasogala/financial-data-platform/venv/lib/python3.12/site-packages/airflow/example_dags/tutorial_dag.py for tasks to queue
[2026-03-13T22:30:11.468+0100] {logging_mixin.py:188} INFO - [2026-03-13T22:30:11.468+0100] {dagbag.py:545} INFO - Filling up the DagBag from /Users/harshasogala/financial-data-platform/venv/lib/python3.12/site-packages/airflow/example_dags/tutorial_dag.py
[2026-03-13T22:30:11.485+0100] {processor.py:840} INFO - DAG(s) 'tutorial_dag' retrieved from /Users/harshasogala/financial-data-platform/venv/lib/python3.12/site-packages/airflow/example_dags/tutorial_dag.py
[2026-03-13T22:30:11.539+0100] {logging_mixin.py:188} INFO - [2026-03-13T22:30:11.539+0100] {dag.py:3089} INFO - Sync 1 DAGs
[2026-03-13T22:30:11.544+0100] {logging_mixin.py:188} INFO - [2026-03-13T22:30:11.544+0100] {dag.py:3947} INFO - Setting next_dagrun for tutorial_dag to None, run_after=None
[2026-03-13T22:30:11.555+0100] {processor.py:183} INFO - Processing /Users/harshasogala/financial-data-platform/venv/lib/python3.12/site-packages/airflow/example_dags/tutorial_dag.py took 0.090 seconds
[2026-03-13T22:31:18.107+0100] {processor.py:161} INFO - Started process (PID=67652) to work on /Users/harshasogala/financial-data-platform/venv/lib/python3.12/site-packages/airflow/example_dags/tutorial_dag.py
[2026-03-13T22:31:18.108+0100] {processor.py:830} INFO - Processing file /Users/harshasogala/financial-data-platform/venv/lib/python3.12/site-packages/airflow/example_dags/tutorial_dag.py for tasks to queue
[2026-03-13T22:31:18.108+0100] {logging_mixin.py:188} INFO - [2026-03-13T22:31:18.108+0100] {dagbag.py:545} INFO - Filling up the DagBag from /Users/harshasogala/financial-data-platform/venv/lib/python3.12/site-packages/airflow/example_dags/tutorial_dag.py
[2026-03-13T22:31:18.124+0100] {processor.py:840} INFO - DAG(s) 'tutorial_dag' retrieved from /Users/harshasogala/financial-data-platform/venv/lib/python3.12/site-packages/airflow/example_dags/tutorial_dag.py
[2026-03-13T22:31:18.181+0100] {logging_mixin.py:188} INFO - [2026-03-13T22:31:18.181+0100] {dag.py:3089} INFO - Sync 1 DAGs
[2026-03-13T22:31:18.186+0100] {logging_mixin.py:188} INFO - [2026-03-13T22:31:18.186+0100] {dag.py:3947} INFO - Setting next_dagrun for tutorial_dag to None, run_after=None
[2026-03-13T22:31:18.198+0100] {processor.py:183} INFO - Processing /Users/harshasogala/financial-data-platform/venv/lib/python3.12/site-packages/airflow/example_dags/tutorial_dag.py took 0.093 seconds
[2026-03-13T22:32:44.401+0100] {processor.py:161} INFO - Started process (PID=68724) to work on /Users/harshasogala/financial-data-platform/venv/lib/python3.12/site-packages/airflow/example_dags/tutorial_dag.py
[2026-03-13T22:32:44.404+0100] {processor.py:830} INFO - Processing file /Users/harshasogala/financial-data-platform/venv/lib/python3.12/site-packages/airflow/example_dags/tutorial_dag.py for tasks to queue
[2026-03-13T22:32:44.406+0100] {logging_mixin.py:188} INFO - [2026-03-13T22:32:44.405+0100] {dagbag.py:545} INFO - Filling up the DagBag from /Users/harshasogala/financial-data-platform/venv/lib/python3.12/site-packages/airflow/example_dags/tutorial_dag.py
[2026-03-13T22:32:44.456+0100] {processor.py:840} INFO - DAG(s) 'tutorial_dag' retrieved from /Users/harshasogala/financial-data-platform/venv/lib/python3.12/site-packages/airflow/example_dags/tutorial_dag.py
[2026-03-13T22:32:44.646+0100] {logging_mixin.py:188} INFO - [2026-03-13T22:32:44.645+0100] {dag.py:3089} INFO - Sync 1 DAGs
[2026-03-13T22:32:44.694+0100] {logging_mixin.py:188} INFO - [2026-03-13T22:32:44.693+0100] {dag.py:3947} INFO - Setting next_dagrun for tutorial_dag to None, run_after=None
[2026-03-13T22:32:44.707+0100] {processor.py:183} INFO - Processing /Users/harshasogala/financial-data-platform/venv/lib/python3.12/site-packages/airflow/example_dags/tutorial_dag.py took 0.312 seconds
[2026-03-13T22:34:06.196+0100] {processor.py:161} INFO - Started process (PID=69171) to work on /Users/harshasogala/financial-data-platform/venv/lib/python3.12/site-packages/airflow/example_dags/tutorial_dag.py
[2026-03-13T22:34:06.198+0100] {processor.py:830} INFO - Processing file /Users/harshasogala/financial-data-platform/venv/lib/python3.12/site-packages/airflow/example_dags/tutorial_dag.py for tasks to queue
[2026-03-13T22:34:06.198+0100] {logging_mixin.py:188} INFO - [2026-03-13T22:34:06.198+0100] {dagbag.py:545} INFO - Filling up the DagBag from /Users/harshasogala/financial-data-platform/venv/lib/python3.12/site-packages/airflow/example_dags/tutorial_dag.py
[2026-03-13T22:34:06.213+0100] {processor.py:840} INFO - DAG(s) 'tutorial_dag' retrieved from /Users/harshasogala/financial-data-platform/venv/lib/python3.12/site-packages/airflow/example_dags/tutorial_dag.py
[2026-03-13T22:34:06.266+0100] {logging_mixin.py:188} INFO - [2026-03-13T22:34:06.265+0100] {dag.py:3089} INFO - Sync 1 DAGs
[2026-03-13T22:34:06.305+0100] {logging_mixin.py:188} INFO - [2026-03-13T22:34:06.304+0100] {dag.py:3947} INFO - Setting next_dagrun for tutorial_dag to None, run_after=None
[2026-03-13T22:34:06.316+0100] {processor.py:183} INFO - Processing /Users/harshasogala/financial-data-platform/venv/lib/python3.12/site-packages/airflow/example_dags/tutorial_dag.py took 0.121 seconds
[2026-03-13T22:35:21.428+0100] {processor.py:161} INFO - Started process (PID=69232) to work on /Users/harshasogala/financial-data-platform/venv/lib/python3.12/site-packages/airflow/example_dags/tutorial_dag.py
[2026-03-13T22:35:21.429+0100] {processor.py:830} INFO - Processing file /Users/harshasogala/financial-data-platform/venv/lib/python3.12/site-packages/airflow/example_dags/tutorial_dag.py for tasks to queue
[2026-03-13T22:35:21.429+0100] {logging_mixin.py:188} INFO - [2026-03-13T22:35:21.429+0100] {dagbag.py:545} INFO - Filling up the DagBag from /Users/harshasogala/financial-data-platform/venv/lib/python3.12/site-packages/airflow/example_dags/tutorial_dag.py
[2026-03-13T22:35:21.445+0100] {processor.py:840} INFO - DAG(s) 'tutorial_dag' retrieved from /Users/harshasogala/financial-data-platform/venv/lib/python3.12/site-packages/airflow/example_dags/tutorial_dag.py
[2026-03-13T22:35:21.498+0100] {logging_mixin.py:188} INFO - [2026-03-13T22:35:21.498+0100] {dag.py:3089} INFO - Sync 1 DAGs
[2026-03-13T22:35:21.538+0100] {logging_mixin.py:188} INFO - [2026-03-13T22:35:21.538+0100] {dag.py:3947} INFO - Setting next_dagrun for tutorial_dag to None, run_after=None
[2026-03-13T22:35:21.549+0100] {processor.py:183} INFO - Processing /Users/harshasogala/financial-data-platform/venv/lib/python3.12/site-packages/airflow/example_dags/tutorial_dag.py took 0.124 seconds
[2026-03-13T22:36:35.520+0100] {processor.py:161} INFO - Started process (PID=69310) to work on /Users/harshasogala/financial-data-platform/venv/lib/python3.12/site-packages/airflow/example_dags/tutorial_dag.py
[2026-03-13T22:36:35.521+0100] {processor.py:830} INFO - Processing file /Users/harshasogala/financial-data-platform/venv/lib/python3.12/site-packages/airflow/example_dags/tutorial_dag.py for tasks to queue
[2026-03-13T22:36:35.522+0100] {logging_mixin.py:188} INFO - [2026-03-13T22:36:35.522+0100] {dagbag.py:545} INFO - Filling up the DagBag from /Users/harshasogala/financial-data-platform/venv/lib/python3.12/site-packages/airflow/example_dags/tutorial_dag.py
[2026-03-13T22:36:35.537+0100] {processor.py:840} INFO - DAG(s) 'tutorial_dag' retrieved from /Users/harshasogala/financial-data-platform/venv/lib/python3.12/site-packages/airflow/example_dags/tutorial_dag.py
[2026-03-13T22:36:35.592+0100] {logging_mixin.py:188} INFO - [2026-03-13T22:36:35.592+0100] {dag.py:3089} INFO - Sync 1 DAGs
[2026-03-13T22:36:35.634+0100] {logging_mixin.py:188} INFO - [2026-03-13T22:36:35.634+0100] {dag.py:3947} INFO - Setting next_dagrun for tutorial_dag to None, run_after=None
[2026-03-13T22:36:35.646+0100] {processor.py:183} INFO - Processing /Users/harshasogala/financial-data-platform/venv/lib/python3.12/site-packages/airflow/example_dags/tutorial_dag.py took 0.128 seconds
[2026-03-13T22:37:49.594+0100] {processor.py:161} INFO - Started process (PID=69368) to work on /Users/harshasogala/financial-data-platform/venv/lib/python3.12/site-packages/airflow/example_dags/tutorial_dag.py
[2026-03-13T22:37:49.595+0100] {processor.py:830} INFO - Processing file /Users/harshasogala/financial-data-platform/venv/lib/python3.12/site-packages/airflow/example_dags/tutorial_dag.py for tasks to queue
[2026-03-13T22:37:49.595+0100] {logging_mixin.py:188} INFO - [2026-03-13T22:37:49.595+0100] {dagbag.py:545} INFO - Filling up the DagBag from /Users/harshasogala/financial-data-platform/venv/lib/python3.12/site-packages/airflow/example_dags/tutorial_dag.py
[2026-03-13T22:37:49.610+0100] {processor.py:840} INFO - DAG(s) 'tutorial_dag' retrieved from /Users/harshasogala/financial-data-platform/venv/lib/python3.12/site-packages/airflow/example_dags/tutorial_dag.py
[2026-03-13T22:37:49.662+0100] {logging_mixin.py:188} INFO - [2026-03-13T22:37:49.662+0100] {dag.py:3089} INFO - Sync 1 DAGs
[2026-03-13T22:37:49.702+0100] {logging_mixin.py:188} INFO - [2026-03-13T22:37:49.702+0100] {dag.py:3947} INFO - Setting next_dagrun for tutorial_dag to None, run_after=None
[2026-03-13T22:37:49.712+0100] {processor.py:183} INFO - Processing /Users/harshasogala/financial-data-platform/venv/lib/python3.12/site-packages/airflow/example_dags/tutorial_dag.py took 0.120 seconds
[2026-03-13T22:39:03.865+0100] {processor.py:161} INFO - Started process (PID=69437) to work on /Users/harshasogala/financial-data-platform/venv/lib/python3.12/site-packages/airflow/example_dags/tutorial_dag.py
[2026-03-13T22:39:03.866+0100] {processor.py:830} INFO - Processing file /Users/harshasogala/financial-data-platform/venv/lib/python3.12/site-packages/airflow/example_dags/tutorial_dag.py for tasks to queue
[2026-03-13T22:39:03.866+0100] {logging_mixin.py:188} INFO - [2026-03-13T22:39:03.866+0100] {dagbag.py:545} INFO - Filling up the DagBag from /Users/harshasogala/financial-data-platform/venv/lib/python3.12/site-packages/airflow/example_dags/tutorial_dag.py
[2026-03-13T22:39:03.881+0100] {processor.py:840} INFO - DAG(s) 'tutorial_dag' retrieved from /Users/harshasogala/financial-data-platform/venv/lib/python3.12/site-packages/airflow/example_dags/tutorial_dag.py
[2026-03-13T22:39:03.936+0100] {logging_mixin.py:188} INFO - [2026-03-13T22:39:03.936+0100] {dag.py:3089} INFO - Sync 1 DAGs
[2026-03-13T22:39:03.977+0100] {logging_mixin.py:188} INFO - [2026-03-13T22:39:03.977+0100] {dag.py:3947} INFO - Setting next_dagrun for tutorial_dag to None, run_after=None
[2026-03-13T22:39:03.990+0100] {processor.py:183} INFO - Processing /Users/harshasogala/financial-data-platform/venv/lib/python3.12/site-packages/airflow/example_dags/tutorial_dag.py took 0.126 seconds
[2026-03-13T22:40:24.253+0100] {processor.py:161} INFO - Started process (PID=69658) to work on /Users/harshasogala/financial-data-platform/venv/lib/python3.12/site-packages/airflow/example_dags/tutorial_dag.py
[2026-03-13T22:40:24.254+0100] {processor.py:830} INFO - Processing file /Users/harshasogala/financial-data-platform/venv/lib/python3.12/site-packages/airflow/example_dags/tutorial_dag.py for tasks to queue
[2026-03-13T22:40:24.255+0100] {logging_mixin.py:188} INFO - [2026-03-13T22:40:24.255+0100] {dagbag.py:545} INFO - Filling up the DagBag from /Users/harshasogala/financial-data-platform/venv/lib/python3.12/site-packages/airflow/example_dags/tutorial_dag.py
[2026-03-13T22:40:24.270+0100] {processor.py:840} INFO - DAG(s) 'tutorial_dag' retrieved from /Users/harshasogala/financial-data-platform/venv/lib/python3.12/site-packages/airflow/example_dags/tutorial_dag.py
[2026-03-13T22:40:24.325+0100] {logging_mixin.py:188} INFO - [2026-03-13T22:40:24.325+0100] {dag.py:3089} INFO - Sync 1 DAGs
[2026-03-13T22:40:24.372+0100] {logging_mixin.py:188} INFO - [2026-03-13T22:40:24.371+0100] {dag.py:3947} INFO - Setting next_dagrun for tutorial_dag to None, run_after=None
[2026-03-13T22:40:24.383+0100] {processor.py:183} INFO - Processing /Users/harshasogala/financial-data-platform/venv/lib/python3.12/site-packages/airflow/example_dags/tutorial_dag.py took 0.131 seconds
[2026-03-13T22:41:42.753+0100] {processor.py:161} INFO - Started process (PID=69717) to work on /Users/harshasogala/financial-data-platform/venv/lib/python3.12/site-packages/airflow/example_dags/tutorial_dag.py
[2026-03-13T22:41:42.754+0100] {processor.py:830} INFO - Processing file /Users/harshasogala/financial-data-platform/venv/lib/python3.12/site-packages/airflow/example_dags/tutorial_dag.py for tasks to queue
[2026-03-13T22:41:42.755+0100] {logging_mixin.py:188} INFO - [2026-03-13T22:41:42.754+0100] {dagbag.py:545} INFO - Filling up the DagBag from /Users/harshasogala/financial-data-platform/venv/lib/python3.12/site-packages/airflow/example_dags/tutorial_dag.py
[2026-03-13T22:41:42.771+0100] {processor.py:840} INFO - DAG(s) 'tutorial_dag' retrieved from /Users/harshasogala/financial-data-platform/venv/lib/python3.12/site-packages/airflow/example_dags/tutorial_dag.py
[2026-03-13T22:41:42.824+0100] {logging_mixin.py:188} INFO - [2026-03-13T22:41:42.824+0100] {dag.py:3089} INFO - Sync 1 DAGs
[2026-03-13T22:41:42.864+0100] {logging_mixin.py:188} INFO - [2026-03-13T22:41:42.864+0100] {dag.py:3947} INFO - Setting next_dagrun for tutorial_dag to None, run_after=None
[2026-03-13T22:41:42.875+0100] {processor.py:183} INFO - Processing /Users/harshasogala/financial-data-platform/venv/lib/python3.12/site-packages/airflow/example_dags/tutorial_dag.py took 0.124 seconds
[2026-03-13T22:43:01.383+0100] {processor.py:161} INFO - Started process (PID=69782) to work on /Users/harshasogala/financial-data-platform/venv/lib/python3.12/site-packages/airflow/example_dags/tutorial_dag.py
[2026-03-13T22:43:01.384+0100] {processor.py:830} INFO - Processing file /Users/harshasogala/financial-data-platform/venv/lib/python3.12/site-packages/airflow/example_dags/tutorial_dag.py for tasks to queue
[2026-03-13T22:43:01.384+0100] {logging_mixin.py:188} INFO - [2026-03-13T22:43:01.384+0100] {dagbag.py:545} INFO - Filling up the DagBag from /Users/harshasogala/financial-data-platform/venv/lib/python3.12/site-packages/airflow/example_dags/tutorial_dag.py
[2026-03-13T22:43:01.399+0100] {processor.py:840} INFO - DAG(s) 'tutorial_dag' retrieved from /Users/harshasogala/financial-data-platform/venv/lib/python3.12/site-packages/airflow/example_dags/tutorial_dag.py
[2026-03-13T22:43:01.453+0100] {logging_mixin.py:188} INFO - [2026-03-13T22:43:01.453+0100] {dag.py:3089} INFO - Sync 1 DAGs
[2026-03-13T22:43:01.493+0100] {logging_mixin.py:188} INFO - [2026-03-13T22:43:01.493+0100] {dag.py:3947} INFO - Setting next_dagrun for tutorial_dag to None, run_after=None
[2026-03-13T22:43:01.504+0100] {processor.py:183} INFO - Processing /Users/harshasogala/financial-data-platform/venv/lib/python3.12/site-packages/airflow/example_dags/tutorial_dag.py took 0.122 seconds
[2026-03-13T22:44:23.291+0100] {processor.py:161} INFO - Started process (PID=70036) to work on /Users/harshasogala/financial-data-platform/venv/lib/python3.12/site-packages/airflow/example_dags/tutorial_dag.py
[2026-03-13T22:44:23.292+0100] {processor.py:830} INFO - Processing file /Users/harshasogala/financial-data-platform/venv/lib/python3.12/site-packages/airflow/example_dags/tutorial_dag.py for tasks to queue
[2026-03-13T22:44:23.292+0100] {logging_mixin.py:188} INFO - [2026-03-13T22:44:23.292+0100] {dagbag.py:545} INFO - Filling up the DagBag from /Users/harshasogala/financial-data-platform/venv/lib/python3.12/site-packages/airflow/example_dags/tutorial_dag.py
[2026-03-13T22:44:23.307+0100] {processor.py:840} INFO - DAG(s) 'tutorial_dag' retrieved from /Users/harshasogala/financial-data-platform/venv/lib/python3.12/site-packages/airflow/example_dags/tutorial_dag.py
[2026-03-13T22:44:23.364+0100] {logging_mixin.py:188} INFO - [2026-03-13T22:44:23.363+0100] {dag.py:3089} INFO - Sync 1 DAGs
[2026-03-13T22:44:23.409+0100] {logging_mixin.py:188} INFO - [2026-03-13T22:44:23.409+0100] {dag.py:3947} INFO - Setting next_dagrun for tutorial_dag to None, run_after=None
[2026-03-13T22:44:23.421+0100] {processor.py:183} INFO - Processing /Users/harshasogala/financial-data-platform/venv/lib/python3.12/site-packages/airflow/example_dags/tutorial_dag.py took 0.132 seconds
[2026-03-13T22:45:55.274+0100] {processor.py:161} INFO - Started process (PID=70340) to work on /Users/harshasogala/financial-data-platform/venv/lib/python3.12/site-packages/airflow/example_dags/tutorial_dag.py
[2026-03-13T22:45:55.275+0100] {processor.py:830} INFO - Processing file /Users/harshasogala/financial-data-platform/venv/lib/python3.12/site-packages/airflow/example_dags/tutorial_dag.py for tasks to queue
[2026-03-13T22:45:55.275+0100] {logging_mixin.py:188} INFO - [2026-03-13T22:45:55.275+0100] {dagbag.py:545} INFO - Filling up the DagBag from /Users/harshasogala/financial-data-platform/venv/lib/python3.12/site-packages/airflow/example_dags/tutorial_dag.py
[2026-03-13T22:45:55.294+0100] {processor.py:840} INFO - DAG(s) 'tutorial_dag' retrieved from /Users/harshasogala/financial-data-platform/venv/lib/python3.12/site-packages/airflow/example_dags/tutorial_dag.py
[2026-03-13T22:45:55.371+0100] {logging_mixin.py:188} INFO - [2026-03-13T22:45:55.371+0100] {dag.py:3089} INFO - Sync 1 DAGs
[2026-03-13T22:45:55.476+0100] {logging_mixin.py:188} INFO - [2026-03-13T22:45:55.476+0100] {dag.py:3947} INFO - Setting next_dagrun for tutorial_dag to None, run_after=None
[2026-03-13T22:45:55.524+0100] {processor.py:183} INFO - Processing /Users/harshasogala/financial-data-platform/venv/lib/python3.12/site-packages/airflow/example_dags/tutorial_dag.py took 0.253 seconds
[2026-03-13T22:46:41.513+0100] {processor.py:161} INFO - Started process (PID=70599) to work on /Users/harshasogala/financial-data-platform/venv/lib/python3.12/site-packages/airflow/example_dags/tutorial_dag.py
[2026-03-13T22:46:41.514+0100] {processor.py:830} INFO - Processing file /Users/harshasogala/financial-data-platform/venv/lib/python3.12/site-packages/airflow/example_dags/tutorial_dag.py for tasks to queue
[2026-03-13T22:46:41.515+0100] {logging_mixin.py:188} INFO - [2026-03-13T22:46:41.515+0100] {dagbag.py:545} INFO - Filling up the DagBag from /Users/harshasogala/financial-data-platform/venv/lib/python3.12/site-packages/airflow/example_dags/tutorial_dag.py
[2026-03-13T22:46:41.531+0100] {processor.py:840} INFO - DAG(s) 'tutorial_dag' retrieved from /Users/harshasogala/financial-data-platform/venv/lib/python3.12/site-packages/airflow/example_dags/tutorial_dag.py
[2026-03-13T22:46:41.585+0100] {logging_mixin.py:188} INFO - [2026-03-13T22:46:41.585+0100] {dag.py:3089} INFO - Sync 1 DAGs
[2026-03-13T22:46:41.627+0100] {logging_mixin.py:188} INFO - [2026-03-13T22:46:41.626+0100] {dag.py:3947} INFO - Setting next_dagrun for tutorial_dag to None, run_after=None
[2026-03-13T22:46:41.638+0100] {processor.py:183} INFO - Processing /Users/harshasogala/financial-data-platform/venv/lib/python3.12/site-packages/airflow/example_dags/tutorial_dag.py took 0.127 seconds
[2026-03-13T22:48:05.419+0100] {processor.py:161} INFO - Started process (PID=71402) to work on /Users/harshasogala/financial-data-platform/venv/lib/python3.12/site-packages/airflow/example_dags/tutorial_dag.py
[2026-03-13T22:48:05.421+0100] {processor.py:830} INFO - Processing file /Users/harshasogala/financial-data-platform/venv/lib/python3.12/site-packages/airflow/example_dags/tutorial_dag.py for tasks to queue
[2026-03-13T22:48:05.421+0100] {logging_mixin.py:188} INFO - [2026-03-13T22:48:05.421+0100] {dagbag.py:545} INFO - Filling up the DagBag from /Users/harshasogala/financial-data-platform/venv/lib/python3.12/site-packages/airflow/example_dags/tutorial_dag.py
[2026-03-13T22:48:05.436+0100] {processor.py:840} INFO - DAG(s) 'tutorial_dag' retrieved from /Users/harshasogala/financial-data-platform/venv/lib/python3.12/site-packages/airflow/example_dags/tutorial_dag.py
[2026-03-13T22:48:05.490+0100] {logging_mixin.py:188} INFO - [2026-03-13T22:48:05.490+0100] {dag.py:3089} INFO - Sync 1 DAGs
[2026-03-13T22:48:05.531+0100] {logging_mixin.py:188} INFO - [2026-03-13T22:48:05.531+0100] {dag.py:3947} INFO - Setting next_dagrun for tutorial_dag to None, run_after=None
[2026-03-13T22:48:05.542+0100] {processor.py:183} INFO - Processing /Users/harshasogala/financial-data-platform/venv/lib/python3.12/site-packages/airflow/example_dags/tutorial_dag.py took 0.125 seconds
[2026-03-13T22:49:24.203+0100] {processor.py:161} INFO - Started process (PID=71477) to work on /Users/harshasogala/financial-data-platform/venv/lib/python3.12/site-packages/airflow/example_dags/tutorial_dag.py
[2026-03-13T22:49:24.205+0100] {processor.py:830} INFO - Processing file /Users/harshasogala/financial-data-platform/venv/lib/python3.12/site-packages/airflow/example_dags/tutorial_dag.py for tasks to queue
[2026-03-13T22:49:24.205+0100] {logging_mixin.py:188} INFO - [2026-03-13T22:49:24.205+0100] {dagbag.py:545} INFO - Filling up the DagBag from /Users/harshasogala/financial-data-platform/venv/lib/python3.12/site-packages/airflow/example_dags/tutorial_dag.py
[2026-03-13T22:49:24.220+0100] {processor.py:840} INFO - DAG(s) 'tutorial_dag' retrieved from /Users/harshasogala/financial-data-platform/venv/lib/python3.12/site-packages/airflow/example_dags/tutorial_dag.py
[2026-03-13T22:49:24.275+0100] {logging_mixin.py:188} INFO - [2026-03-13T22:49:24.274+0100] {dag.py:3089} INFO - Sync 1 DAGs
[2026-03-13T22:49:24.315+0100] {logging_mixin.py:188} INFO - [2026-03-13T22:49:24.315+0100] {dag.py:3947} INFO - Setting next_dagrun for tutorial_dag to None, run_after=None
[2026-03-13T22:49:24.326+0100] {processor.py:183} INFO - Processing /Users/harshasogala/financial-data-platform/venv/lib/python3.12/site-packages/airflow/example_dags/tutorial_dag.py took 0.124 seconds
[2026-03-13T22:50:50.675+0100] {processor.py:161} INFO - Started process (PID=72010) to work on /Users/harshasogala/financial-data-platform/venv/lib/python3.12/site-packages/airflow/example_dags/tutorial_dag.py
[2026-03-13T22:50:50.676+0100] {processor.py:830} INFO - Processing file /Users/harshasogala/financial-data-platform/venv/lib/python3.12/site-packages/airflow/example_dags/tutorial_dag.py for tasks to queue
[2026-03-13T22:50:50.676+0100] {logging_mixin.py:188} INFO - [2026-03-13T22:50:50.676+0100] {dagbag.py:545} INFO - Filling up the DagBag from /Users/harshasogala/financial-data-platform/venv/lib/python3.12/site-packages/airflow/example_dags/tutorial_dag.py
[2026-03-13T22:50:50.691+0100] {processor.py:840} INFO - DAG(s) 'tutorial_dag' retrieved from /Users/harshasogala/financial-data-platform/venv/lib/python3.12/site-packages/airflow/example_dags/tutorial_dag.py
[2026-03-13T22:50:50.744+0100] {logging_mixin.py:188} INFO - [2026-03-13T22:50:50.744+0100] {dag.py:3089} INFO - Sync 1 DAGs
[2026-03-13T22:50:50.784+0100] {logging_mixin.py:188} INFO - [2026-03-13T22:50:50.784+0100] {dag.py:3947} INFO - Setting next_dagrun for tutorial_dag to None, run_after=None
[2026-03-13T22:50:50.795+0100] {processor.py:183} INFO - Processing /Users/harshasogala/financial-data-platform/venv/lib/python3.12/site-packages/airflow/example_dags/tutorial_dag.py took 0.122 seconds
[2026-03-13T22:51:35.011+0100] {processor.py:161} INFO - Started process (PID=72058) to work on /Users/harshasogala/financial-data-platform/venv/lib/python3.12/site-packages/airflow/example_dags/tutorial_dag.py
[2026-03-13T22:51:35.013+0100] {processor.py:830} INFO - Processing file /Users/harshasogala/financial-data-platform/venv/lib/python3.12/site-packages/airflow/example_dags/tutorial_dag.py for tasks to queue
[2026-03-13T22:51:35.013+0100] {logging_mixin.py:188} INFO - [2026-03-13T22:51:35.013+0100] {dagbag.py:545} INFO - Filling up the DagBag from /Users/harshasogala/financial-data-platform/venv/lib/python3.12/site-packages/airflow/example_dags/tutorial_dag.py
[2026-03-13T22:51:35.028+0100] {processor.py:840} INFO - DAG(s) 'tutorial_dag' retrieved from /Users/harshasogala/financial-data-platform/venv/lib/python3.12/site-packages/airflow/example_dags/tutorial_dag.py
[2026-03-13T22:51:35.081+0100] {logging_mixin.py:188} INFO - [2026-03-13T22:51:35.080+0100] {dag.py:3089} INFO - Sync 1 DAGs
[2026-03-13T22:51:35.122+0100] {logging_mixin.py:188} INFO - [2026-03-13T22:51:35.122+0100] {dag.py:3947} INFO - Setting next_dagrun for tutorial_dag to None, run_after=None
[2026-03-13T22:51:35.133+0100] {processor.py:183} INFO - Processing /Users/harshasogala/financial-data-platform/venv/lib/python3.12/site-packages/airflow/example_dags/tutorial_dag.py took 0.123 seconds
[2026-03-13T22:52:50.150+0100] {processor.py:161} INFO - Started process (PID=72383) to work on /Users/harshasogala/financial-data-platform/venv/lib/python3.12/site-packages/airflow/example_dags/tutorial_dag.py
[2026-03-13T22:52:50.151+0100] {processor.py:830} INFO - Processing file /Users/harshasogala/financial-data-platform/venv/lib/python3.12/site-packages/airflow/example_dags/tutorial_dag.py for tasks to queue
[2026-03-13T22:52:50.152+0100] {logging_mixin.py:188} INFO - [2026-03-13T22:52:50.152+0100] {dagbag.py:545} INFO - Filling up the DagBag from /Users/harshasogala/financial-data-platform/venv/lib/python3.12/site-packages/airflow/example_dags/tutorial_dag.py
[2026-03-13T22:52:50.166+0100] {processor.py:840} INFO - DAG(s) 'tutorial_dag' retrieved from /Users/harshasogala/financial-data-platform/venv/lib/python3.12/site-packages/airflow/example_dags/tutorial_dag.py
[2026-03-13T22:52:50.219+0100] {logging_mixin.py:188} INFO - [2026-03-13T22:52:50.219+0100] {dag.py:3089} INFO - Sync 1 DAGs
[2026-03-13T22:52:50.258+0100] {logging_mixin.py:188} INFO - [2026-03-13T22:52:50.258+0100] {dag.py:3947} INFO - Setting next_dagrun for tutorial_dag to None, run_after=None
[2026-03-13T22:52:50.269+0100] {processor.py:183} INFO - Processing /Users/harshasogala/financial-data-platform/venv/lib/python3.12/site-packages/airflow/example_dags/tutorial_dag.py took 0.121 seconds
[2026-03-13T22:54:07.273+0100] {processor.py:161} INFO - Started process (PID=72459) to work on /Users/harshasogala/financial-data-platform/venv/lib/python3.12/site-packages/airflow/example_dags/tutorial_dag.py
[2026-03-13T22:54:07.274+0100] {processor.py:830} INFO - Processing file /Users/harshasogala/financial-data-platform/venv/lib/python3.12/site-packages/airflow/example_dags/tutorial_dag.py for tasks to queue
[2026-03-13T22:54:07.274+0100] {logging_mixin.py:188} INFO - [2026-03-13T22:54:07.274+0100] {dagbag.py:545} INFO - Filling up the DagBag from /Users/harshasogala/financial-data-platform/venv/lib/python3.12/site-packages/airflow/example_dags/tutorial_dag.py
[2026-03-13T22:54:07.289+0100] {processor.py:840} INFO - DAG(s) 'tutorial_dag' retrieved from /Users/harshasogala/financial-data-platform/venv/lib/python3.12/site-packages/airflow/example_dags/tutorial_dag.py
[2026-03-13T22:54:07.344+0100] {logging_mixin.py:188} INFO - [2026-03-13T22:54:07.344+0100] {dag.py:3089} INFO - Sync 1 DAGs
[2026-03-13T22:54:07.391+0100] {logging_mixin.py:188} INFO - [2026-03-13T22:54:07.391+0100] {dag.py:3947} INFO - Setting next_dagrun for tutorial_dag to None, run_after=None
[2026-03-13T22:54:07.403+0100] {processor.py:183} INFO - Processing /Users/harshasogala/financial-data-platform/venv/lib/python3.12/site-packages/airflow/example_dags/tutorial_dag.py took 0.132 seconds
[2026-03-13T22:54:53.074+0100] {processor.py:161} INFO - Started process (PID=72512) to work on /Users/harshasogala/financial-data-platform/venv/lib/python3.12/site-packages/airflow/example_dags/tutorial_dag.py
[2026-03-13T22:54:53.075+0100] {processor.py:830} INFO - Processing file /Users/harshasogala/financial-data-platform/venv/lib/python3.12/site-packages/airflow/example_dags/tutorial_dag.py for tasks to queue
[2026-03-13T22:54:53.076+0100] {logging_mixin.py:188} INFO - [2026-03-13T22:54:53.075+0100] {dagbag.py:545} INFO - Filling up the DagBag from /Users/harshasogala/financial-data-platform/venv/lib/python3.12/site-packages/airflow/example_dags/tutorial_dag.py
[2026-03-13T22:54:53.091+0100] {processor.py:840} INFO - DAG(s) 'tutorial_dag' retrieved from /Users/harshasogala/financial-data-platform/venv/lib/python3.12/site-packages/airflow/example_dags/tutorial_dag.py
[2026-03-13T22:54:53.195+0100] {logging_mixin.py:188} INFO - [2026-03-13T22:54:53.194+0100] {dag.py:3089} INFO - Sync 1 DAGs
[2026-03-13T22:54:53.266+0100] {logging_mixin.py:188} INFO - [2026-03-13T22:54:53.266+0100] {dag.py:3947} INFO - Setting next_dagrun for tutorial_dag to None, run_after=None
[2026-03-13T22:54:53.279+0100] {processor.py:183} INFO - Processing /Users/harshasogala/financial-data-platform/venv/lib/python3.12/site-packages/airflow/example_dags/tutorial_dag.py took 0.208 seconds
[2026-03-13T22:56:10.936+0100] {processor.py:161} INFO - Started process (PID=72608) to work on /Users/harshasogala/financial-data-platform/venv/lib/python3.12/site-packages/airflow/example_dags/tutorial_dag.py
[2026-03-13T22:56:10.937+0100] {processor.py:830} INFO - Processing file /Users/harshasogala/financial-data-platform/venv/lib/python3.12/site-packages/airflow/example_dags/tutorial_dag.py for tasks to queue
[2026-03-13T22:56:10.937+0100] {logging_mixin.py:188} INFO - [2026-03-13T22:56:10.937+0100] {dagbag.py:545} INFO - Filling up the DagBag from /Users/harshasogala/financial-data-platform/venv/lib/python3.12/site-packages/airflow/example_dags/tutorial_dag.py
[2026-03-13T22:56:10.952+0100] {processor.py:840} INFO - DAG(s) 'tutorial_dag' retrieved from /Users/harshasogala/financial-data-platform/venv/lib/python3.12/site-packages/airflow/example_dags/tutorial_dag.py
[2026-03-13T22:56:11.005+0100] {logging_mixin.py:188} INFO - [2026-03-13T22:56:11.005+0100] {dag.py:3089} INFO - Sync 1 DAGs
[2026-03-13T22:56:11.045+0100] {logging_mixin.py:188} INFO - [2026-03-13T22:56:11.045+0100] {dag.py:3947} INFO - Setting next_dagrun for tutorial_dag to None, run_after=None
[2026-03-13T22:56:11.058+0100] {processor.py:183} INFO - Processing /Users/harshasogala/financial-data-platform/venv/lib/python3.12/site-packages/airflow/example_dags/tutorial_dag.py took 0.124 seconds
[2026-03-13T22:56:55.697+0100] {processor.py:161} INFO - Started process (PID=72642) to work on /Users/harshasogala/financial-data-platform/venv/lib/python3.12/site-packages/airflow/example_dags/tutorial_dag.py
[2026-03-13T22:56:55.698+0100] {processor.py:830} INFO - Processing file /Users/harshasogala/financial-data-platform/venv/lib/python3.12/site-packages/airflow/example_dags/tutorial_dag.py for tasks to queue
[2026-03-13T22:56:55.699+0100] {logging_mixin.py:188} INFO - [2026-03-13T22:56:55.699+0100] {dagbag.py:545} INFO - Filling up the DagBag from /Users/harshasogala/financial-data-platform/venv/lib/python3.12/site-packages/airflow/example_dags/tutorial_dag.py
[2026-03-13T22:56:55.714+0100] {processor.py:840} INFO - DAG(s) 'tutorial_dag' retrieved from /Users/harshasogala/financial-data-platform/venv/lib/python3.12/site-packages/airflow/example_dags/tutorial_dag.py
[2026-03-13T22:56:55.767+0100] {logging_mixin.py:188} INFO - [2026-03-13T22:56:55.766+0100] {dag.py:3089} INFO - Sync 1 DAGs
[2026-03-13T22:56:55.807+0100] {logging_mixin.py:188} INFO - [2026-03-13T22:56:55.807+0100] {dag.py:3947} INFO - Setting next_dagrun for tutorial_dag to None, run_after=None
[2026-03-13T22:56:55.818+0100] {processor.py:183} INFO - Processing /Users/harshasogala/financial-data-platform/venv/lib/python3.12/site-packages/airflow/example_dags/tutorial_dag.py took 0.123 seconds
[2026-03-13T22:58:15.343+0100] {processor.py:161} INFO - Started process (PID=72703) to work on /Users/harshasogala/financial-data-platform/venv/lib/python3.12/site-packages/airflow/example_dags/tutorial_dag.py
[2026-03-13T22:58:15.343+0100] {processor.py:830} INFO - Processing file /Users/harshasogala/financial-data-platform/venv/lib/python3.12/site-packages/airflow/example_dags/tutorial_dag.py for tasks to queue
[2026-03-13T22:58:15.344+0100] {logging_mixin.py:188} INFO - [2026-03-13T22:58:15.344+0100] {dagbag.py:545} INFO - Filling up the DagBag from /Users/harshasogala/financial-data-platform/venv/lib/python3.12/site-packages/airflow/example_dags/tutorial_dag.py
[2026-03-13T22:58:15.360+0100] {processor.py:840} INFO - DAG(s) 'tutorial_dag' retrieved from /Users/harshasogala/financial-data-platform/venv/lib/python3.12/site-packages/airflow/example_dags/tutorial_dag.py
[2026-03-13T22:58:15.415+0100] {logging_mixin.py:188} INFO - [2026-03-13T22:58:15.415+0100] {dag.py:3089} INFO - Sync 1 DAGs
[2026-03-13T22:58:15.456+0100] {logging_mixin.py:188} INFO - [2026-03-13T22:58:15.455+0100] {dag.py:3947} INFO - Setting next_dagrun for tutorial_dag to None, run_after=None
[2026-03-13T22:58:15.468+0100] {processor.py:183} INFO - Processing /Users/harshasogala/financial-data-platform/venv/lib/python3.12/site-packages/airflow/example_dags/tutorial_dag.py took 0.127 seconds
[2026-03-13T22:59:36.351+0100] {processor.py:161} INFO - Started process (PID=72776) to work on /Users/harshasogala/financial-data-platform/venv/lib/python3.12/site-packages/airflow/example_dags/tutorial_dag.py
[2026-03-13T22:59:36.352+0100] {processor.py:830} INFO - Processing file /Users/harshasogala/financial-data-platform/venv/lib/python3.12/site-packages/airflow/example_dags/tutorial_dag.py for tasks to queue
[2026-03-13T22:59:36.353+0100] {logging_mixin.py:188} INFO - [2026-03-13T22:59:36.353+0100] {dagbag.py:545} INFO - Filling up the DagBag from /Users/harshasogala/financial-data-platform/venv/lib/python3.12/site-packages/airflow/example_dags/tutorial_dag.py
[2026-03-13T22:59:36.367+0100] {processor.py:840} INFO - DAG(s) 'tutorial_dag' retrieved from /Users/harshasogala/financial-data-platform/venv/lib/python3.12/site-packages/airflow/example_dags/tutorial_dag.py
[2026-03-13T22:59:36.420+0100] {logging_mixin.py:188} INFO - [2026-03-13T22:59:36.420+0100] {dag.py:3089} INFO - Sync 1 DAGs
[2026-03-13T22:59:36.459+0100] {logging_mixin.py:188} INFO - [2026-03-13T22:59:36.459+0100] {dag.py:3947} INFO - Setting next_dagrun for tutorial_dag to None, run_after=None
[2026-03-13T22:59:36.471+0100] {processor.py:183} INFO - Processing /Users/harshasogala/financial-data-platform/venv/lib/python3.12/site-packages/airflow/example_dags/tutorial_dag.py took 0.121 seconds
[2026-03-13T23:00:55.902+0100] {processor.py:161} INFO - Started process (PID=72848) to work on /Users/harshasogala/financial-data-platform/venv/lib/python3.12/site-packages/airflow/example_dags/tutorial_dag.py
[2026-03-13T23:00:55.904+0100] {processor.py:830} INFO - Processing file /Users/harshasogala/financial-data-platform/venv/lib/python3.12/site-packages/airflow/example_dags/tutorial_dag.py for tasks to queue
[2026-03-13T23:00:55.904+0100] {logging_mixin.py:188} INFO - [2026-03-13T23:00:55.904+0100] {dagbag.py:545} INFO - Filling up the DagBag from /Users/harshasogala/financial-data-platform/venv/lib/python3.12/site-packages/airflow/example_dags/tutorial_dag.py
[2026-03-13T23:00:55.919+0100] {processor.py:840} INFO - DAG(s) 'tutorial_dag' retrieved from /Users/harshasogala/financial-data-platform/venv/lib/python3.12/site-packages/airflow/example_dags/tutorial_dag.py
[2026-03-13T23:00:55.974+0100] {logging_mixin.py:188} INFO - [2026-03-13T23:00:55.974+0100] {dag.py:3089} INFO - Sync 1 DAGs
[2026-03-13T23:00:56.014+0100] {logging_mixin.py:188} INFO - [2026-03-13T23:00:56.014+0100] {dag.py:3947} INFO - Setting next_dagrun for tutorial_dag to None, run_after=None
[2026-03-13T23:00:56.026+0100] {processor.py:183} INFO - Processing /Users/harshasogala/financial-data-platform/venv/lib/python3.12/site-packages/airflow/example_dags/tutorial_dag.py took 0.126 seconds
[2026-03-13T23:02:14.392+0100] {processor.py:161} INFO - Started process (PID=72908) to work on /Users/harshasogala/financial-data-platform/venv/lib/python3.12/site-packages/airflow/example_dags/tutorial_dag.py
[2026-03-13T23:02:14.393+0100] {processor.py:830} INFO - Processing file /Users/harshasogala/financial-data-platform/venv/lib/python3.12/site-packages/airflow/example_dags/tutorial_dag.py for tasks to queue
[2026-03-13T23:02:14.393+0100] {logging_mixin.py:188} INFO - [2026-03-13T23:02:14.393+0100] {dagbag.py:545} INFO - Filling up the DagBag from /Users/harshasogala/financial-data-platform/venv/lib/python3.12/site-packages/airflow/example_dags/tutorial_dag.py
[2026-03-13T23:02:14.409+0100] {processor.py:840} INFO - DAG(s) 'tutorial_dag' retrieved from /Users/harshasogala/financial-data-platform/venv/lib/python3.12/site-packages/airflow/example_dags/tutorial_dag.py
[2026-03-13T23:02:14.464+0100] {logging_mixin.py:188} INFO - [2026-03-13T23:02:14.463+0100] {dag.py:3089} INFO - Sync 1 DAGs
[2026-03-13T23:02:14.504+0100] {logging_mixin.py:188} INFO - [2026-03-13T23:02:14.503+0100] {dag.py:3947} INFO - Setting next_dagrun for tutorial_dag to None, run_after=None
[2026-03-13T23:02:14.515+0100] {processor.py:183} INFO - Processing /Users/harshasogala/financial-data-platform/venv/lib/python3.12/site-packages/airflow/example_dags/tutorial_dag.py took 0.124 seconds
[2026-03-13T23:03:34.612+0100] {processor.py:161} INFO - Started process (PID=72969) to work on /Users/harshasogala/financial-data-platform/venv/lib/python3.12/site-packages/airflow/example_dags/tutorial_dag.py
[2026-03-13T23:03:34.614+0100] {processor.py:830} INFO - Processing file /Users/harshasogala/financial-data-platform/venv/lib/python3.12/site-packages/airflow/example_dags/tutorial_dag.py for tasks to queue
[2026-03-13T23:03:34.614+0100] {logging_mixin.py:188} INFO - [2026-03-13T23:03:34.614+0100] {dagbag.py:545} INFO - Filling up the DagBag from /Users/harshasogala/financial-data-platform/venv/lib/python3.12/site-packages/airflow/example_dags/tutorial_dag.py
[2026-03-13T23:03:34.629+0100] {processor.py:840} INFO - DAG(s) 'tutorial_dag' retrieved from /Users/harshasogala/financial-data-platform/venv/lib/python3.12/site-packages/airflow/example_dags/tutorial_dag.py
[2026-03-13T23:03:34.682+0100] {logging_mixin.py:188} INFO - [2026-03-13T23:03:34.681+0100] {dag.py:3089} INFO - Sync 1 DAGs
[2026-03-13T23:03:34.720+0100] {logging_mixin.py:188} INFO - [2026-03-13T23:03:34.720+0100] {dag.py:3947} INFO - Setting next_dagrun for tutorial_dag to None, run_after=None
[2026-03-13T23:03:34.731+0100] {processor.py:183} INFO - Processing /Users/harshasogala/financial-data-platform/venv/lib/python3.12/site-packages/airflow/example_dags/tutorial_dag.py took 0.121 seconds
[2026-03-13T23:04:51.313+0100] {processor.py:161} INFO - Started process (PID=73027) to work on /Users/harshasogala/financial-data-platform/venv/lib/python3.12/site-packages/airflow/example_dags/tutorial_dag.py
[2026-03-13T23:04:51.314+0100] {processor.py:830} INFO - Processing file /Users/harshasogala/financial-data-platform/venv/lib/python3.12/site-packages/airflow/example_dags/tutorial_dag.py for tasks to queue
[2026-03-13T23:04:51.315+0100] {logging_mixin.py:188} INFO - [2026-03-13T23:04:51.314+0100] {dagbag.py:545} INFO - Filling up the DagBag from /Users/harshasogala/financial-data-platform/venv/lib/python3.12/site-packages/airflow/example_dags/tutorial_dag.py
[2026-03-13T23:04:51.329+0100] {processor.py:840} INFO - DAG(s) 'tutorial_dag' retrieved from /Users/harshasogala/financial-data-platform/venv/lib/python3.12/site-packages/airflow/example_dags/tutorial_dag.py
[2026-03-13T23:04:51.382+0100] {logging_mixin.py:188} INFO - [2026-03-13T23:04:51.381+0100] {dag.py:3089} INFO - Sync 1 DAGs
[2026-03-13T23:04:51.421+0100] {logging_mixin.py:188} INFO - [2026-03-13T23:04:51.421+0100] {dag.py:3947} INFO - Setting next_dagrun for tutorial_dag to None, run_after=None
[2026-03-13T23:04:51.431+0100] {processor.py:183} INFO - Processing /Users/harshasogala/financial-data-platform/venv/lib/python3.12/site-packages/airflow/example_dags/tutorial_dag.py took 0.120 seconds
[2026-03-13T23:06:07.071+0100] {processor.py:161} INFO - Started process (PID=73093) to work on /Users/harshasogala/financial-data-platform/venv/lib/python3.12/site-packages/airflow/example_dags/tutorial_dag.py
[2026-03-13T23:06:07.072+0100] {processor.py:830} INFO - Processing file /Users/harshasogala/financial-data-platform/venv/lib/python3.12/site-packages/airflow/example_dags/tutorial_dag.py for tasks to queue
[2026-03-13T23:06:07.072+0100] {logging_mixin.py:188} INFO - [2026-03-13T23:06:07.072+0100] {dagbag.py:545} INFO - Filling up the DagBag from /Users/harshasogala/financial-data-platform/venv/lib/python3.12/site-packages/airflow/example_dags/tutorial_dag.py
[2026-03-13T23:06:07.087+0100] {processor.py:840} INFO - DAG(s) 'tutorial_dag' retrieved from /Users/harshasogala/financial-data-platform/venv/lib/python3.12/site-packages/airflow/example_dags/tutorial_dag.py
[2026-03-13T23:06:07.140+0100] {logging_mixin.py:188} INFO - [2026-03-13T23:06:07.140+0100] {dag.py:3089} INFO - Sync 1 DAGs
[2026-03-13T23:06:07.179+0100] {logging_mixin.py:188} INFO - [2026-03-13T23:06:07.179+0100] {dag.py:3947} INFO - Setting next_dagrun for tutorial_dag to None, run_after=None
[2026-03-13T23:06:07.191+0100] {processor.py:183} INFO - Processing /Users/harshasogala/financial-data-platform/venv/lib/python3.12/site-packages/airflow/example_dags/tutorial_dag.py took 0.122 seconds
[2026-03-13T23:07:31.385+0100] {processor.py:161} INFO - Started process (PID=73162) to work on /Users/harshasogala/financial-data-platform/venv/lib/python3.12/site-packages/airflow/example_dags/tutorial_dag.py
[2026-03-13T23:07:31.386+0100] {processor.py:830} INFO - Processing file /Users/harshasogala/financial-data-platform/venv/lib/python3.12/site-packages/airflow/example_dags/tutorial_dag.py for tasks to queue
[2026-03-13T23:07:31.386+0100] {logging_mixin.py:188} INFO - [2026-03-13T23:07:31.386+0100] {dagbag.py:545} INFO - Filling up the DagBag from /Users/harshasogala/financial-data-platform/venv/lib/python3.12/site-packages/airflow/example_dags/tutorial_dag.py
[2026-03-13T23:07:31.402+0100] {processor.py:840} INFO - DAG(s) 'tutorial_dag' retrieved from /Users/harshasogala/financial-data-platform/venv/lib/python3.12/site-packages/airflow/example_dags/tutorial_dag.py
[2026-03-13T23:07:31.455+0100] {logging_mixin.py:188} INFO - [2026-03-13T23:07:31.455+0100] {dag.py:3089} INFO - Sync 1 DAGs
[2026-03-13T23:07:31.496+0100] {logging_mixin.py:188} INFO - [2026-03-13T23:07:31.496+0100] {dag.py:3947} INFO - Setting next_dagrun for tutorial_dag to None, run_after=None
[2026-03-13T23:07:31.508+0100] {processor.py:183} INFO - Processing /Users/harshasogala/financial-data-platform/venv/lib/python3.12/site-packages/airflow/example_dags/tutorial_dag.py took 0.125 seconds
[2026-03-13T23:08:46.331+0100] {processor.py:161} INFO - Started process (PID=73222) to work on /Users/harshasogala/financial-data-platform/venv/lib/python3.12/site-packages/airflow/example_dags/tutorial_dag.py
[2026-03-13T23:08:46.332+0100] {processor.py:830} INFO - Processing file /Users/harshasogala/financial-data-platform/venv/lib/python3.12/site-packages/airflow/example_dags/tutorial_dag.py for tasks to queue
[2026-03-13T23:08:46.332+0100] {logging_mixin.py:188} INFO - [2026-03-13T23:08:46.332+0100] {dagbag.py:545} INFO - Filling up the DagBag from /Users/harshasogala/financial-data-platform/venv/lib/python3.12/site-packages/airflow/example_dags/tutorial_dag.py
[2026-03-13T23:08:46.349+0100] {processor.py:840} INFO - DAG(s) 'tutorial_dag' retrieved from /Users/harshasogala/financial-data-platform/venv/lib/python3.12/site-packages/airflow/example_dags/tutorial_dag.py
[2026-03-13T23:08:46.403+0100] {logging_mixin.py:188} INFO - [2026-03-13T23:08:46.402+0100] {dag.py:3089} INFO - Sync 1 DAGs
[2026-03-13T23:08:46.442+0100] {logging_mixin.py:188} INFO - [2026-03-13T23:08:46.442+0100] {dag.py:3947} INFO - Setting next_dagrun for tutorial_dag to None, run_after=None
[2026-03-13T23:08:46.453+0100] {processor.py:183} INFO - Processing /Users/harshasogala/financial-data-platform/venv/lib/python3.12/site-packages/airflow/example_dags/tutorial_dag.py took 0.123 seconds
[2026-03-13T23:09:58.168+0100] {processor.py:161} INFO - Started process (PID=73278) to work on /Users/harshasogala/financial-data-platform/venv/lib/python3.12/site-packages/airflow/example_dags/tutorial_dag.py
[2026-03-13T23:09:58.169+0100] {processor.py:830} INFO - Processing file /Users/harshasogala/financial-data-platform/venv/lib/python3.12/site-packages/airflow/example_dags/tutorial_dag.py for tasks to queue
[2026-03-13T23:09:58.169+0100] {logging_mixin.py:188} INFO - [2026-03-13T23:09:58.169+0100] {dagbag.py:545} INFO - Filling up the DagBag from /Users/harshasogala/financial-data-platform/venv/lib/python3.12/site-packages/airflow/example_dags/tutorial_dag.py
[2026-03-13T23:09:58.184+0100] {processor.py:840} INFO - DAG(s) 'tutorial_dag' retrieved from /Users/harshasogala/financial-data-platform/venv/lib/python3.12/site-packages/airflow/example_dags/tutorial_dag.py
[2026-03-13T23:09:58.238+0100] {logging_mixin.py:188} INFO - [2026-03-13T23:09:58.238+0100] {dag.py:3089} INFO - Sync 1 DAGs
[2026-03-13T23:09:58.277+0100] {logging_mixin.py:188} INFO - [2026-03-13T23:09:58.277+0100] {dag.py:3947} INFO - Setting next_dagrun for tutorial_dag to None, run_after=None
[2026-03-13T23:09:58.289+0100] {processor.py:183} INFO - Processing /Users/harshasogala/financial-data-platform/venv/lib/python3.12/site-packages/airflow/example_dags/tutorial_dag.py took 0.123 seconds
[2026-03-13T23:11:11.479+0100] {processor.py:161} INFO - Started process (PID=73338) to work on /Users/harshasogala/financial-data-platform/venv/lib/python3.12/site-packages/airflow/example_dags/tutorial_dag.py
[2026-03-13T23:11:11.479+0100] {processor.py:830} INFO - Processing file /Users/harshasogala/financial-data-platform/venv/lib/python3.12/site-packages/airflow/example_dags/tutorial_dag.py for tasks to queue
[2026-03-13T23:11:11.480+0100] {logging_mixin.py:188} INFO - [2026-03-13T23:11:11.480+0100] {dagbag.py:545} INFO - Filling up the DagBag from /Users/harshasogala/financial-data-platform/venv/lib/python3.12/site-packages/airflow/example_dags/tutorial_dag.py
[2026-03-13T23:11:11.496+0100] {processor.py:840} INFO - DAG(s) 'tutorial_dag' retrieved from /Users/harshasogala/financial-data-platform/venv/lib/python3.12/site-packages/airflow/example_dags/tutorial_dag.py
[2026-03-13T23:11:11.551+0100] {logging_mixin.py:188} INFO - [2026-03-13T23:11:11.550+0100] {dag.py:3089} INFO - Sync 1 DAGs
[2026-03-13T23:11:11.593+0100] {logging_mixin.py:188} INFO - [2026-03-13T23:11:11.592+0100] {dag.py:3947} INFO - Setting next_dagrun for tutorial_dag to None, run_after=None
[2026-03-13T23:11:11.605+0100] {processor.py:183} INFO - Processing /Users/harshasogala/financial-data-platform/venv/lib/python3.12/site-packages/airflow/example_dags/tutorial_dag.py took 0.129 seconds
[2026-03-13T23:12:24.678+0100] {processor.py:161} INFO - Started process (PID=73405) to work on /Users/harshasogala/financial-data-platform/venv/lib/python3.12/site-packages/airflow/example_dags/tutorial_dag.py
[2026-03-13T23:12:24.679+0100] {processor.py:830} INFO - Processing file /Users/harshasogala/financial-data-platform/venv/lib/python3.12/site-packages/airflow/example_dags/tutorial_dag.py for tasks to queue
[2026-03-13T23:12:24.680+0100] {logging_mixin.py:188} INFO - [2026-03-13T23:12:24.680+0100] {dagbag.py:545} INFO - Filling up the DagBag from /Users/harshasogala/financial-data-platform/venv/lib/python3.12/site-packages/airflow/example_dags/tutorial_dag.py
[2026-03-13T23:12:24.699+0100] {processor.py:840} INFO - DAG(s) 'tutorial_dag' retrieved from /Users/harshasogala/financial-data-platform/venv/lib/python3.12/site-packages/airflow/example_dags/tutorial_dag.py
[2026-03-13T23:12:24.755+0100] {logging_mixin.py:188} INFO - [2026-03-13T23:12:24.755+0100] {dag.py:3089} INFO - Sync 1 DAGs
[2026-03-13T23:12:24.797+0100] {logging_mixin.py:188} INFO - [2026-03-13T23:12:24.797+0100] {dag.py:3947} INFO - Setting next_dagrun for tutorial_dag to None, run_after=None
[2026-03-13T23:12:24.809+0100] {processor.py:183} INFO - Processing /Users/harshasogala/financial-data-platform/venv/lib/python3.12/site-packages/airflow/example_dags/tutorial_dag.py took 0.133 seconds
[2026-03-13T23:13:41.694+0100] {processor.py:161} INFO - Started process (PID=73465) to work on /Users/harshasogala/financial-data-platform/venv/lib/python3.12/site-packages/airflow/example_dags/tutorial_dag.py
[2026-03-13T23:13:41.695+0100] {processor.py:830} INFO - Processing file /Users/harshasogala/financial-data-platform/venv/lib/python3.12/site-packages/airflow/example_dags/tutorial_dag.py for tasks to queue
[2026-03-13T23:13:41.695+0100] {logging_mixin.py:188} INFO - [2026-03-13T23:13:41.695+0100] {dagbag.py:545} INFO - Filling up the DagBag from /Users/harshasogala/financial-data-platform/venv/lib/python3.12/site-packages/airflow/example_dags/tutorial_dag.py
[2026-03-13T23:13:41.710+0100] {processor.py:840} INFO - DAG(s) 'tutorial_dag' retrieved from /Users/harshasogala/financial-data-platform/venv/lib/python3.12/site-packages/airflow/example_dags/tutorial_dag.py
[2026-03-13T23:13:41.764+0100] {logging_mixin.py:188} INFO - [2026-03-13T23:13:41.764+0100] {dag.py:3089} INFO - Sync 1 DAGs
[2026-03-13T23:13:41.804+0100] {logging_mixin.py:188} INFO - [2026-03-13T23:13:41.804+0100] {dag.py:3947} INFO - Setting next_dagrun for tutorial_dag to None, run_after=None
[2026-03-13T23:13:41.815+0100] {processor.py:183} INFO - Processing /Users/harshasogala/financial-data-platform/venv/lib/python3.12/site-packages/airflow/example_dags/tutorial_dag.py took 0.123 seconds
[2026-03-13T23:14:55.431+0100] {processor.py:161} INFO - Started process (PID=73525) to work on /Users/harshasogala/financial-data-platform/venv/lib/python3.12/site-packages/airflow/example_dags/tutorial_dag.py
[2026-03-13T23:14:55.432+0100] {processor.py:830} INFO - Processing file /Users/harshasogala/financial-data-platform/venv/lib/python3.12/site-packages/airflow/example_dags/tutorial_dag.py for tasks to queue
[2026-03-13T23:14:55.433+0100] {logging_mixin.py:188} INFO - [2026-03-13T23:14:55.432+0100] {dagbag.py:545} INFO - Filling up the DagBag from /Users/harshasogala/financial-data-platform/venv/lib/python3.12/site-packages/airflow/example_dags/tutorial_dag.py
[2026-03-13T23:14:55.447+0100] {processor.py:840} INFO - DAG(s) 'tutorial_dag' retrieved from /Users/harshasogala/financial-data-platform/venv/lib/python3.12/site-packages/airflow/example_dags/tutorial_dag.py
[2026-03-13T23:14:55.501+0100] {logging_mixin.py:188} INFO - [2026-03-13T23:14:55.501+0100] {dag.py:3089} INFO - Sync 1 DAGs
[2026-03-13T23:14:55.542+0100] {logging_mixin.py:188} INFO - [2026-03-13T23:14:55.542+0100] {dag.py:3947} INFO - Setting next_dagrun for tutorial_dag to None, run_after=None
[2026-03-13T23:14:55.554+0100] {processor.py:183} INFO - Processing /Users/harshasogala/financial-data-platform/venv/lib/python3.12/site-packages/airflow/example_dags/tutorial_dag.py took 0.125 seconds
[2026-03-13T23:16:09.362+0100] {processor.py:161} INFO - Started process (PID=73585) to work on /Users/harshasogala/financial-data-platform/venv/lib/python3.12/site-packages/airflow/example_dags/tutorial_dag.py
[2026-03-13T23:16:09.363+0100] {processor.py:830} INFO - Processing file /Users/harshasogala/financial-data-platform/venv/lib/python3.12/site-packages/airflow/example_dags/tutorial_dag.py for tasks to queue
[2026-03-13T23:16:09.364+0100] {logging_mixin.py:188} INFO - [2026-03-13T23:16:09.364+0100] {dagbag.py:545} INFO - Filling up the DagBag from /Users/harshasogala/financial-data-platform/venv/lib/python3.12/site-packages/airflow/example_dags/tutorial_dag.py
[2026-03-13T23:16:09.379+0100] {processor.py:840} INFO - DAG(s) 'tutorial_dag' retrieved from /Users/harshasogala/financial-data-platform/venv/lib/python3.12/site-packages/airflow/example_dags/tutorial_dag.py
[2026-03-13T23:16:09.432+0100] {logging_mixin.py:188} INFO - [2026-03-13T23:16:09.431+0100] {dag.py:3089} INFO - Sync 1 DAGs
[2026-03-13T23:16:09.471+0100] {logging_mixin.py:188} INFO - [2026-03-13T23:16:09.471+0100] {dag.py:3947} INFO - Setting next_dagrun for tutorial_dag to None, run_after=None
[2026-03-13T23:16:09.482+0100] {processor.py:183} INFO - Processing /Users/harshasogala/financial-data-platform/venv/lib/python3.12/site-packages/airflow/example_dags/tutorial_dag.py took 0.121 seconds
[2026-03-13T23:17:26.284+0100] {processor.py:161} INFO - Started process (PID=73656) to work on /Users/harshasogala/financial-data-platform/venv/lib/python3.12/site-packages/airflow/example_dags/tutorial_dag.py
[2026-03-13T23:17:26.285+0100] {processor.py:830} INFO - Processing file /Users/harshasogala/financial-data-platform/venv/lib/python3.12/site-packages/airflow/example_dags/tutorial_dag.py for tasks to queue
[2026-03-13T23:17:26.285+0100] {logging_mixin.py:188} INFO - [2026-03-13T23:17:26.285+0100] {dagbag.py:545} INFO - Filling up the DagBag from /Users/harshasogala/financial-data-platform/venv/lib/python3.12/site-packages/airflow/example_dags/tutorial_dag.py
[2026-03-13T23:17:26.301+0100] {processor.py:840} INFO - DAG(s) 'tutorial_dag' retrieved from /Users/harshasogala/financial-data-platform/venv/lib/python3.12/site-packages/airflow/example_dags/tutorial_dag.py
[2026-03-13T23:17:26.357+0100] {logging_mixin.py:188} INFO - [2026-03-13T23:17:26.357+0100] {dag.py:3089} INFO - Sync 1 DAGs
[2026-03-13T23:17:26.398+0100] {logging_mixin.py:188} INFO - [2026-03-13T23:17:26.398+0100] {dag.py:3947} INFO - Setting next_dagrun for tutorial_dag to None, run_after=None
[2026-03-13T23:17:26.411+0100] {processor.py:183} INFO - Processing /Users/harshasogala/financial-data-platform/venv/lib/python3.12/site-packages/airflow/example_dags/tutorial_dag.py took 0.130 seconds
[2026-03-13T23:18:42.887+0100] {processor.py:161} INFO - Started process (PID=73717) to work on /Users/harshasogala/financial-data-platform/venv/lib/python3.12/site-packages/airflow/example_dags/tutorial_dag.py
[2026-03-13T23:18:42.889+0100] {processor.py:830} INFO - Processing file /Users/harshasogala/financial-data-platform/venv/lib/python3.12/site-packages/airflow/example_dags/tutorial_dag.py for tasks to queue
[2026-03-13T23:18:42.889+0100] {logging_mixin.py:188} INFO - [2026-03-13T23:18:42.889+0100] {dagbag.py:545} INFO - Filling up the DagBag from /Users/harshasogala/financial-data-platform/venv/lib/python3.12/site-packages/airflow/example_dags/tutorial_dag.py
[2026-03-13T23:18:42.904+0100] {processor.py:840} INFO - DAG(s) 'tutorial_dag' retrieved from /Users/harshasogala/financial-data-platform/venv/lib/python3.12/site-packages/airflow/example_dags/tutorial_dag.py
[2026-03-13T23:18:42.958+0100] {logging_mixin.py:188} INFO - [2026-03-13T23:18:42.958+0100] {dag.py:3089} INFO - Sync 1 DAGs
[2026-03-13T23:18:42.997+0100] {logging_mixin.py:188} INFO - [2026-03-13T23:18:42.997+0100] {dag.py:3947} INFO - Setting next_dagrun for tutorial_dag to None, run_after=None
[2026-03-13T23:18:43.008+0100] {processor.py:183} INFO - Processing /Users/harshasogala/financial-data-platform/venv/lib/python3.12/site-packages/airflow/example_dags/tutorial_dag.py took 0.123 seconds
[2026-03-13T23:19:59.680+0100] {processor.py:161} INFO - Started process (PID=73782) to work on /Users/harshasogala/financial-data-platform/venv/lib/python3.12/site-packages/airflow/example_dags/tutorial_dag.py
[2026-03-13T23:19:59.681+0100] {processor.py:830} INFO - Processing file /Users/harshasogala/financial-data-platform/venv/lib/python3.12/site-packages/airflow/example_dags/tutorial_dag.py for tasks to queue
[2026-03-13T23:19:59.681+0100] {logging_mixin.py:188} INFO - [2026-03-13T23:19:59.681+0100] {dagbag.py:545} INFO - Filling up the DagBag from /Users/harshasogala/financial-data-platform/venv/lib/python3.12/site-packages/airflow/example_dags/tutorial_dag.py
[2026-03-13T23:19:59.697+0100] {processor.py:840} INFO - DAG(s) 'tutorial_dag' retrieved from /Users/harshasogala/financial-data-platform/venv/lib/python3.12/site-packages/airflow/example_dags/tutorial_dag.py
[2026-03-13T23:19:59.759+0100] {logging_mixin.py:188} INFO - [2026-03-13T23:19:59.759+0100] {dag.py:3089} INFO - Sync 1 DAGs
[2026-03-13T23:19:59.807+0100] {logging_mixin.py:188} INFO - [2026-03-13T23:19:59.807+0100] {dag.py:3947} INFO - Setting next_dagrun for tutorial_dag to None, run_after=None
[2026-03-13T23:19:59.820+0100] {processor.py:183} INFO - Processing /Users/harshasogala/financial-data-platform/venv/lib/python3.12/site-packages/airflow/example_dags/tutorial_dag.py took 0.143 seconds
[2026-03-13T23:21:15.683+0100] {processor.py:161} INFO - Started process (PID=73862) to work on /Users/harshasogala/financial-data-platform/venv/lib/python3.12/site-packages/airflow/example_dags/tutorial_dag.py
[2026-03-13T23:21:15.684+0100] {processor.py:830} INFO - Processing file /Users/harshasogala/financial-data-platform/venv/lib/python3.12/site-packages/airflow/example_dags/tutorial_dag.py for tasks to queue
[2026-03-13T23:21:15.685+0100] {logging_mixin.py:188} INFO - [2026-03-13T23:21:15.684+0100] {dagbag.py:545} INFO - Filling up the DagBag from /Users/harshasogala/financial-data-platform/venv/lib/python3.12/site-packages/airflow/example_dags/tutorial_dag.py
[2026-03-13T23:21:15.699+0100] {processor.py:840} INFO - DAG(s) 'tutorial_dag' retrieved from /Users/harshasogala/financial-data-platform/venv/lib/python3.12/site-packages/airflow/example_dags/tutorial_dag.py
[2026-03-13T23:21:15.753+0100] {logging_mixin.py:188} INFO - [2026-03-13T23:21:15.753+0100] {dag.py:3089} INFO - Sync 1 DAGs
[2026-03-13T23:21:15.794+0100] {logging_mixin.py:188} INFO - [2026-03-13T23:21:15.794+0100] {dag.py:3947} INFO - Setting next_dagrun for tutorial_dag to None, run_after=None
[2026-03-13T23:21:15.806+0100] {processor.py:183} INFO - Processing /Users/harshasogala/financial-data-platform/venv/lib/python3.12/site-packages/airflow/example_dags/tutorial_dag.py took 0.124 seconds
[2026-03-13T23:22:28.559+0100] {processor.py:161} INFO - Started process (PID=73923) to work on /Users/harshasogala/financial-data-platform/venv/lib/python3.12/site-packages/airflow/example_dags/tutorial_dag.py
[2026-03-13T23:22:28.560+0100] {processor.py:830} INFO - Processing file /Users/harshasogala/financial-data-platform/venv/lib/python3.12/site-packages/airflow/example_dags/tutorial_dag.py for tasks to queue
[2026-03-13T23:22:28.561+0100] {logging_mixin.py:188} INFO - [2026-03-13T23:22:28.561+0100] {dagbag.py:545} INFO - Filling up the DagBag from /Users/harshasogala/financial-data-platform/venv/lib/python3.12/site-packages/airflow/example_dags/tutorial_dag.py
[2026-03-13T23:22:28.575+0100] {processor.py:840} INFO - DAG(s) 'tutorial_dag' retrieved from /Users/harshasogala/financial-data-platform/venv/lib/python3.12/site-packages/airflow/example_dags/tutorial_dag.py
[2026-03-13T23:22:28.628+0100] {logging_mixin.py:188} INFO - [2026-03-13T23:22:28.628+0100] {dag.py:3089} INFO - Sync 1 DAGs
[2026-03-13T23:22:28.667+0100] {logging_mixin.py:188} INFO - [2026-03-13T23:22:28.667+0100] {dag.py:3947} INFO - Setting next_dagrun for tutorial_dag to None, run_after=None
[2026-03-13T23:22:28.679+0100] {processor.py:183} INFO - Processing /Users/harshasogala/financial-data-platform/venv/lib/python3.12/site-packages/airflow/example_dags/tutorial_dag.py took 0.122 seconds
[2026-03-13T23:23:43.792+0100] {processor.py:161} INFO - Started process (PID=73987) to work on /Users/harshasogala/financial-data-platform/venv/lib/python3.12/site-packages/airflow/example_dags/tutorial_dag.py
[2026-03-13T23:23:43.793+0100] {processor.py:830} INFO - Processing file /Users/harshasogala/financial-data-platform/venv/lib/python3.12/site-packages/airflow/example_dags/tutorial_dag.py for tasks to queue
[2026-03-13T23:23:43.794+0100] {logging_mixin.py:188} INFO - [2026-03-13T23:23:43.794+0100] {dagbag.py:545} INFO - Filling up the DagBag from /Users/harshasogala/financial-data-platform/venv/lib/python3.12/site-packages/airflow/example_dags/tutorial_dag.py
[2026-03-13T23:23:43.808+0100] {processor.py:840} INFO - DAG(s) 'tutorial_dag' retrieved from /Users/harshasogala/financial-data-platform/venv/lib/python3.12/site-packages/airflow/example_dags/tutorial_dag.py
[2026-03-13T23:23:43.861+0100] {logging_mixin.py:188} INFO - [2026-03-13T23:23:43.861+0100] {dag.py:3089} INFO - Sync 1 DAGs
[2026-03-13T23:23:43.900+0100] {logging_mixin.py:188} INFO - [2026-03-13T23:23:43.900+0100] {dag.py:3947} INFO - Setting next_dagrun for tutorial_dag to None, run_after=None
[2026-03-13T23:23:43.911+0100] {processor.py:183} INFO - Processing /Users/harshasogala/financial-data-platform/venv/lib/python3.12/site-packages/airflow/example_dags/tutorial_dag.py took 0.121 seconds
[2026-03-13T23:25:00.710+0100] {processor.py:161} INFO - Started process (PID=74047) to work on /Users/harshasogala/financial-data-platform/venv/lib/python3.12/site-packages/airflow/example_dags/tutorial_dag.py
[2026-03-13T23:25:00.711+0100] {processor.py:830} INFO - Processing file /Users/harshasogala/financial-data-platform/venv/lib/python3.12/site-packages/airflow/example_dags/tutorial_dag.py for tasks to queue
[2026-03-13T23:25:00.711+0100] {logging_mixin.py:188} INFO - [2026-03-13T23:25:00.711+0100] {dagbag.py:545} INFO - Filling up the DagBag from /Users/harshasogala/financial-data-platform/venv/lib/python3.12/site-packages/airflow/example_dags/tutorial_dag.py
[2026-03-13T23:25:00.726+0100] {processor.py:840} INFO - DAG(s) 'tutorial_dag' retrieved from /Users/harshasogala/financial-data-platform/venv/lib/python3.12/site-packages/airflow/example_dags/tutorial_dag.py
[2026-03-13T23:25:00.778+0100] {logging_mixin.py:188} INFO - [2026-03-13T23:25:00.778+0100] {dag.py:3089} INFO - Sync 1 DAGs
[2026-03-13T23:25:00.817+0100] {logging_mixin.py:188} INFO - [2026-03-13T23:25:00.817+0100] {dag.py:3947} INFO - Setting next_dagrun for tutorial_dag to None, run_after=None
[2026-03-13T23:25:00.828+0100] {processor.py:183} INFO - Processing /Users/harshasogala/financial-data-platform/venv/lib/python3.12/site-packages/airflow/example_dags/tutorial_dag.py took 0.120 seconds
[2026-03-13T23:26:17.171+0100] {processor.py:161} INFO - Started process (PID=74105) to work on /Users/harshasogala/financial-data-platform/venv/lib/python3.12/site-packages/airflow/example_dags/tutorial_dag.py
[2026-03-13T23:26:17.173+0100] {processor.py:830} INFO - Processing file /Users/harshasogala/financial-data-platform/venv/lib/python3.12/site-packages/airflow/example_dags/tutorial_dag.py for tasks to queue
[2026-03-13T23:26:17.174+0100] {logging_mixin.py:188} INFO - [2026-03-13T23:26:17.174+0100] {dagbag.py:545} INFO - Filling up the DagBag from /Users/harshasogala/financial-data-platform/venv/lib/python3.12/site-packages/airflow/example_dags/tutorial_dag.py
[2026-03-13T23:26:17.196+0100] {processor.py:840} INFO - DAG(s) 'tutorial_dag' retrieved from /Users/harshasogala/financial-data-platform/venv/lib/python3.12/site-packages/airflow/example_dags/tutorial_dag.py
[2026-03-13T23:26:17.270+0100] {logging_mixin.py:188} INFO - [2026-03-13T23:26:17.270+0100] {dag.py:3089} INFO - Sync 1 DAGs
[2026-03-13T23:26:17.316+0100] {logging_mixin.py:188} INFO - [2026-03-13T23:26:17.316+0100] {dag.py:3947} INFO - Setting next_dagrun for tutorial_dag to None, run_after=None
[2026-03-13T23:26:17.328+0100] {processor.py:183} INFO - Processing /Users/harshasogala/financial-data-platform/venv/lib/python3.12/site-packages/airflow/example_dags/tutorial_dag.py took 0.160 seconds
[2026-03-13T23:27:35.017+0100] {processor.py:161} INFO - Started process (PID=74185) to work on /Users/harshasogala/financial-data-platform/venv/lib/python3.12/site-packages/airflow/example_dags/tutorial_dag.py
[2026-03-13T23:27:35.018+0100] {processor.py:830} INFO - Processing file /Users/harshasogala/financial-data-platform/venv/lib/python3.12/site-packages/airflow/example_dags/tutorial_dag.py for tasks to queue
[2026-03-13T23:27:35.018+0100] {logging_mixin.py:188} INFO - [2026-03-13T23:27:35.018+0100] {dagbag.py:545} INFO - Filling up the DagBag from /Users/harshasogala/financial-data-platform/venv/lib/python3.12/site-packages/airflow/example_dags/tutorial_dag.py
[2026-03-13T23:27:35.033+0100] {processor.py:840} INFO - DAG(s) 'tutorial_dag' retrieved from /Users/harshasogala/financial-data-platform/venv/lib/python3.12/site-packages/airflow/example_dags/tutorial_dag.py
[2026-03-13T23:27:35.086+0100] {logging_mixin.py:188} INFO - [2026-03-13T23:27:35.086+0100] {dag.py:3089} INFO - Sync 1 DAGs
[2026-03-13T23:27:35.126+0100] {logging_mixin.py:188} INFO - [2026-03-13T23:27:35.126+0100] {dag.py:3947} INFO - Setting next_dagrun for tutorial_dag to None, run_after=None
[2026-03-13T23:27:35.138+0100] {processor.py:183} INFO - Processing /Users/harshasogala/financial-data-platform/venv/lib/python3.12/site-packages/airflow/example_dags/tutorial_dag.py took 0.123 seconds
[2026-03-13T23:28:53.053+0100] {processor.py:161} INFO - Started process (PID=74268) to work on /Users/harshasogala/financial-data-platform/venv/lib/python3.12/site-packages/airflow/example_dags/tutorial_dag.py
[2026-03-13T23:28:53.055+0100] {processor.py:830} INFO - Processing file /Users/harshasogala/financial-data-platform/venv/lib/python3.12/site-packages/airflow/example_dags/tutorial_dag.py for tasks to queue
[2026-03-13T23:28:53.055+0100] {logging_mixin.py:188} INFO - [2026-03-13T23:28:53.055+0100] {dagbag.py:545} INFO - Filling up the DagBag from /Users/harshasogala/financial-data-platform/venv/lib/python3.12/site-packages/airflow/example_dags/tutorial_dag.py
[2026-03-13T23:28:53.070+0100] {processor.py:840} INFO - DAG(s) 'tutorial_dag' retrieved from /Users/harshasogala/financial-data-platform/venv/lib/python3.12/site-packages/airflow/example_dags/tutorial_dag.py
[2026-03-13T23:28:53.123+0100] {logging_mixin.py:188} INFO - [2026-03-13T23:28:53.123+0100] {dag.py:3089} INFO - Sync 1 DAGs
[2026-03-13T23:28:53.163+0100] {logging_mixin.py:188} INFO - [2026-03-13T23:28:53.163+0100] {dag.py:3947} INFO - Setting next_dagrun for tutorial_dag to None, run_after=None
[2026-03-13T23:28:53.175+0100] {processor.py:183} INFO - Processing /Users/harshasogala/financial-data-platform/venv/lib/python3.12/site-packages/airflow/example_dags/tutorial_dag.py took 0.123 seconds
[2026-03-13T23:30:06.403+0100] {processor.py:161} INFO - Started process (PID=74325) to work on /Users/harshasogala/financial-data-platform/venv/lib/python3.12/site-packages/airflow/example_dags/tutorial_dag.py
[2026-03-13T23:30:06.404+0100] {processor.py:830} INFO - Processing file /Users/harshasogala/financial-data-platform/venv/lib/python3.12/site-packages/airflow/example_dags/tutorial_dag.py for tasks to queue
[2026-03-13T23:30:06.405+0100] {logging_mixin.py:188} INFO - [2026-03-13T23:30:06.405+0100] {dagbag.py:545} INFO - Filling up the DagBag from /Users/harshasogala/financial-data-platform/venv/lib/python3.12/site-packages/airflow/example_dags/tutorial_dag.py
[2026-03-13T23:30:06.419+0100] {processor.py:840} INFO - DAG(s) 'tutorial_dag' retrieved from /Users/harshasogala/financial-data-platform/venv/lib/python3.12/site-packages/airflow/example_dags/tutorial_dag.py
[2026-03-13T23:30:06.472+0100] {logging_mixin.py:188} INFO - [2026-03-13T23:30:06.472+0100] {dag.py:3089} INFO - Sync 1 DAGs
[2026-03-13T23:30:06.511+0100] {logging_mixin.py:188} INFO - [2026-03-13T23:30:06.511+0100] {dag.py:3947} INFO - Setting next_dagrun for tutorial_dag to None, run_after=None
[2026-03-13T23:30:06.523+0100] {processor.py:183} INFO - Processing /Users/harshasogala/financial-data-platform/venv/lib/python3.12/site-packages/airflow/example_dags/tutorial_dag.py took 0.121 seconds
[2026-03-13T23:31:26.450+0100] {processor.py:161} INFO - Started process (PID=74627) to work on /Users/harshasogala/financial-data-platform/venv/lib/python3.12/site-packages/airflow/example_dags/tutorial_dag.py
[2026-03-13T23:31:26.451+0100] {processor.py:830} INFO - Processing file /Users/harshasogala/financial-data-platform/venv/lib/python3.12/site-packages/airflow/example_dags/tutorial_dag.py for tasks to queue
[2026-03-13T23:31:26.452+0100] {logging_mixin.py:188} INFO - [2026-03-13T23:31:26.452+0100] {dagbag.py:545} INFO - Filling up the DagBag from /Users/harshasogala/financial-data-platform/venv/lib/python3.12/site-packages/airflow/example_dags/tutorial_dag.py
[2026-03-13T23:31:26.467+0100] {processor.py:840} INFO - DAG(s) 'tutorial_dag' retrieved from /Users/harshasogala/financial-data-platform/venv/lib/python3.12/site-packages/airflow/example_dags/tutorial_dag.py
[2026-03-13T23:31:26.520+0100] {logging_mixin.py:188} INFO - [2026-03-13T23:31:26.519+0100] {dag.py:3089} INFO - Sync 1 DAGs
[2026-03-13T23:31:26.561+0100] {logging_mixin.py:188} INFO - [2026-03-13T23:31:26.560+0100] {dag.py:3947} INFO - Setting next_dagrun for tutorial_dag to None, run_after=None
[2026-03-13T23:31:26.573+0100] {processor.py:183} INFO - Processing /Users/harshasogala/financial-data-platform/venv/lib/python3.12/site-packages/airflow/example_dags/tutorial_dag.py took 0.125 seconds
[2026-03-13T23:32:42.648+0100] {processor.py:161} INFO - Started process (PID=74966) to work on /Users/harshasogala/financial-data-platform/venv/lib/python3.12/site-packages/airflow/example_dags/tutorial_dag.py
[2026-03-13T23:32:42.649+0100] {processor.py:830} INFO - Processing file /Users/harshasogala/financial-data-platform/venv/lib/python3.12/site-packages/airflow/example_dags/tutorial_dag.py for tasks to queue
[2026-03-13T23:32:42.650+0100] {logging_mixin.py:188} INFO - [2026-03-13T23:32:42.650+0100] {dagbag.py:545} INFO - Filling up the DagBag from /Users/harshasogala/financial-data-platform/venv/lib/python3.12/site-packages/airflow/example_dags/tutorial_dag.py
[2026-03-13T23:32:42.680+0100] {processor.py:840} INFO - DAG(s) 'tutorial_dag' retrieved from /Users/harshasogala/financial-data-platform/venv/lib/python3.12/site-packages/airflow/example_dags/tutorial_dag.py
[2026-03-13T23:32:42.868+0100] {logging_mixin.py:188} INFO - [2026-03-13T23:32:42.868+0100] {dag.py:3089} INFO - Sync 1 DAGs
[2026-03-13T23:32:42.977+0100] {logging_mixin.py:188} INFO - [2026-03-13T23:32:42.976+0100] {dag.py:3947} INFO - Setting next_dagrun for tutorial_dag to None, run_after=None
[2026-03-13T23:32:43.000+0100] {processor.py:183} INFO - Processing /Users/harshasogala/financial-data-platform/venv/lib/python3.12/site-packages/airflow/example_dags/tutorial_dag.py took 0.354 seconds
