[2026-03-13T22:25:25.085+0100] {local_task_job_runner.py:120} INFO - ::group::Pre task execution logs
[2026-03-13T22:25:25.098+0100] {taskinstance.py:2076} INFO - Dependencies all met for dep_context=non-requeueable deps ti=<TaskInstance: financial_data_pipeline.quality_gate manual__2026-03-13T21:22:09.222474+00:00 [queued]>
[2026-03-13T22:25:25.102+0100] {taskinstance.py:2076} INFO - Dependencies all met for dep_context=requeueable deps ti=<TaskInstance: financial_data_pipeline.quality_gate manual__2026-03-13T21:22:09.222474+00:00 [queued]>
[2026-03-13T22:25:25.102+0100] {taskinstance.py:2306} INFO - Starting attempt 1 of 3
[2026-03-13T22:25:25.108+0100] {taskinstance.py:2330} INFO - Executing <Task(PythonOperator): quality_gate> on 2026-03-13 21:22:09.222474+00:00
[2026-03-13T22:25:25.114+0100] {standard_task_runner.py:90} INFO - Running: ['airflow', 'tasks', 'run', 'financial_data_pipeline', 'quality_gate', 'manual__2026-03-13T21:22:09.222474+00:00', '--job-id', '9', '--raw', '--subdir', 'DAGS_FOLDER/financial_pipeline_dag.py', '--cfg-path', '/var/folders/44/_d3gbm2s74q1sbx67v0lqn3h0000gn/T/tmpf5uctsb_']
[2026-03-13T22:25:25.115+0100] {logging_mixin.py:188} WARNING - /Users/harshasogala/financial-data-platform/venv/lib/python3.12/site-packages/airflow/task/task_runner/standard_task_runner.py:62 DeprecationWarning: This process (pid=66830) is multi-threaded, use of fork() may lead to deadlocks in the child.
[2026-03-13T22:25:25.115+0100] {standard_task_runner.py:91} INFO - Job 9: Subtask quality_gate
[2026-03-13T22:25:25.116+0100] {standard_task_runner.py:64} INFO - Started process 66832 to run task
[2026-03-13T22:25:25.136+0100] {task_command.py:426} INFO - Running <TaskInstance: financial_data_pipeline.quality_gate manual__2026-03-13T21:22:09.222474+00:00 [running]> on host harshas-air.home
[2026-03-13T22:25:25.169+0100] {taskinstance.py:2648} INFO - Exporting env vars: AIRFLOW_CTX_DAG_OWNER='data-engineering' AIRFLOW_CTX_DAG_ID='financial_data_pipeline' AIRFLOW_CTX_TASK_ID='quality_gate' AIRFLOW_CTX_EXECUTION_DATE='2026-03-13T21:22:09.222474+00:00' AIRFLOW_CTX_TRY_NUMBER='1' AIRFLOW_CTX_DAG_RUN_ID='manual__2026-03-13T21:22:09.222474+00:00'
[2026-03-13T22:25:25.170+0100] {taskinstance.py:430} INFO - ::endgroup::
[2026-03-13T22:25:29.061+0100] {logging_mixin.py:188} INFO - [2026-03-13T21:22:09.222474+00:00] Running data quality checks on Bronze...
[2026-03-13T22:25:29.062+0100] {logging_mixin.py:188} INFO - 
── Checking: policies ──
[2026-03-13T22:25:38.263+0100] {logging_mixin.py:188} INFO -   [PASS] not_null         policy_id        0/500 nulls
[2026-03-13T22:25:39.077+0100] {logging_mixin.py:188} INFO -   [PASS] not_null         customer_id      0/500 nulls
[2026-03-13T22:25:39.886+0100] {logging_mixin.py:188} INFO -   [PASS] not_null         premium_amount   0/500 nulls
[2026-03-13T22:25:40.577+0100] {logging_mixin.py:188} INFO -   [PASS] null_rate        agent_id         0/500 nulls (0.0%)
[2026-03-13T22:25:41.201+0100] {logging_mixin.py:188} INFO -   [PASS] min_value        premium_amount   0 rows below min=0
[2026-03-13T22:25:41.457+0100] {logging_mixin.py:188} INFO -   [PASS] row_count                         500 rows (expected 400–600)
[2026-03-13T22:25:43.760+0100] {logging_mixin.py:188} INFO -   [PASS] unique           policy_id        0 duplicate(s) found
[2026-03-13T22:25:44.407+0100] {logging_mixin.py:188} INFO -   [PASS] allowed_values   status           0 rows with unexpected values
[2026-03-13T22:25:44.408+0100] {logging_mixin.py:188} INFO - 
── Checking: claims ──
[2026-03-13T22:25:46.055+0100] {logging_mixin.py:188} INFO -   [PASS] not_null         claim_id         0/300 nulls
[2026-03-13T22:25:46.594+0100] {logging_mixin.py:188} INFO -   [PASS] not_null         policy_id        0/300 nulls
[2026-03-13T22:25:47.037+0100] {logging_mixin.py:188} INFO -   [PASS] null_rate        claim_amount     0/300 nulls (0.0%)
[2026-03-13T22:25:47.525+0100] {logging_mixin.py:188} INFO -   [PASS] min_value        claim_amount     0 rows below min=0
[2026-03-13T22:25:47.683+0100] {logging_mixin.py:188} INFO -   [PASS] row_count                         300 rows (expected 250–350)
[2026-03-13T22:25:48.171+0100] {logging_mixin.py:188} INFO -   [PASS] allowed_values   status           0 rows with unexpected values
[2026-03-13T22:25:48.172+0100] {logging_mixin.py:188} INFO - 
── Checking: trades ──
[2026-03-13T22:25:49.746+0100] {logging_mixin.py:188} INFO -   [PASS] not_null         trade_id         0/1000 nulls
[2026-03-13T22:25:50.216+0100] {logging_mixin.py:188} INFO -   [PASS] not_null         instrument       0/1000 nulls
[2026-03-13T22:25:50.628+0100] {logging_mixin.py:188} INFO -   [PASS] min_value        price            0 rows below min=0
[2026-03-13T22:25:51.068+0100] {logging_mixin.py:188} INFO -   [PASS] min_value        quantity         0 rows below min=0
[2026-03-13T22:25:51.207+0100] {logging_mixin.py:188} INFO -   [PASS] row_count                         1000 rows (expected 800–1100)
[2026-03-13T22:25:51.816+0100] {logging_mixin.py:188} INFO -   [PASS] allowed_values   trade_type       0 rows with unexpected values
[2026-03-13T22:25:51.819+0100] {logging_mixin.py:188} INFO - 
── Audit log saved → /Users/harshasogala/financial-data-platform/quality/../data/quality_metrics/dq_run_20260313_222551.json
[2026-03-13T22:25:51.819+0100] {logging_mixin.py:188} INFO - Quality gate PASSED — proceeding to Silver.
[2026-03-13T22:25:51.820+0100] {python.py:237} INFO - Done. Returned value was: None
[2026-03-13T22:25:51.820+0100] {taskinstance.py:441} INFO - ::group::Post task execution logs
[2026-03-13T22:25:51.832+0100] {taskinstance.py:1206} INFO - Marking task as SUCCESS. dag_id=financial_data_pipeline, task_id=quality_gate, run_id=manual__2026-03-13T21:22:09.222474+00:00, execution_date=20260313T212209, start_date=20260313T212525, end_date=20260313T212551
[2026-03-13T22:25:51.884+0100] {local_task_job_runner.py:243} INFO - Task exited with return code 0
[2026-03-13T22:25:51.905+0100] {taskinstance.py:3503} INFO - 1 downstream tasks scheduled from follow-on schedule check
[2026-03-13T22:25:51.906+0100] {local_task_job_runner.py:222} INFO - ::endgroup::
