[2026-03-13T22:27:39.262+0100] {local_task_job_runner.py:120} INFO - ::group::Pre task execution logs
[2026-03-13T22:27:39.274+0100] {taskinstance.py:2076} INFO - Dependencies all met for dep_context=non-requeueable deps ti=<TaskInstance: financial_data_pipeline.log_completion manual__2026-03-13T21:18:14+00:00 [queued]>
[2026-03-13T22:27:39.277+0100] {taskinstance.py:2076} INFO - Dependencies all met for dep_context=requeueable deps ti=<TaskInstance: financial_data_pipeline.log_completion manual__2026-03-13T21:18:14+00:00 [queued]>
[2026-03-13T22:27:39.277+0100] {taskinstance.py:2306} INFO - Starting attempt 1 of 3
[2026-03-13T22:27:39.284+0100] {taskinstance.py:2330} INFO - Executing <Task(PythonOperator): log_completion> on 2026-03-13 21:18:14+00:00
[2026-03-13T22:27:39.290+0100] {standard_task_runner.py:90} INFO - Running: ['airflow', 'tasks', 'run', 'financial_data_pipeline', 'log_completion', 'manual__2026-03-13T21:18:14+00:00', '--job-id', '14', '--raw', '--subdir', 'DAGS_FOLDER/financial_pipeline_dag.py', '--cfg-path', '/var/folders/44/_d3gbm2s74q1sbx67v0lqn3h0000gn/T/tmpbv27bdne']
[2026-03-13T22:27:39.291+0100] {logging_mixin.py:188} WARNING - /Users/harshasogala/financial-data-platform/venv/lib/python3.12/site-packages/airflow/task/task_runner/standard_task_runner.py:62 DeprecationWarning: This process (pid=67197) is multi-threaded, use of fork() may lead to deadlocks in the child.
[2026-03-13T22:27:39.291+0100] {standard_task_runner.py:64} INFO - Started process 67203 to run task
[2026-03-13T22:27:39.291+0100] {standard_task_runner.py:91} INFO - Job 14: Subtask log_completion
[2026-03-13T22:27:39.312+0100] {task_command.py:426} INFO - Running <TaskInstance: financial_data_pipeline.log_completion manual__2026-03-13T21:18:14+00:00 [running]> on host harshas-air.home
[2026-03-13T22:27:39.348+0100] {taskinstance.py:2648} INFO - Exporting env vars: AIRFLOW_CTX_DAG_OWNER='data-engineering' AIRFLOW_CTX_DAG_ID='financial_data_pipeline' AIRFLOW_CTX_TASK_ID='log_completion' AIRFLOW_CTX_EXECUTION_DATE='2026-03-13T21:18:14+00:00' AIRFLOW_CTX_TRY_NUMBER='1' AIRFLOW_CTX_DAG_RUN_ID='manual__2026-03-13T21:18:14+00:00'
[2026-03-13T22:27:39.349+0100] {taskinstance.py:430} INFO - ::endgroup::
[2026-03-13T22:27:39.349+0100] {logging_mixin.py:188} INFO - Pipeline run complete for 2026-03-13
[2026-03-13T22:27:39.350+0100] {logging_mixin.py:188} INFO -   DAG       : financial_data_pipeline
[2026-03-13T22:27:39.350+0100] {logging_mixin.py:188} INFO -   Run ID    : manual__2026-03-13T21:18:14+00:00
[2026-03-13T22:27:39.350+0100] {logging_mixin.py:188} INFO -   Triggered : 2026-03-13T21:18:14+00:00
[2026-03-13T22:27:39.351+0100] {python.py:237} INFO - Done. Returned value was: None
[2026-03-13T22:27:39.351+0100] {taskinstance.py:441} INFO - ::group::Post task execution logs
[2026-03-13T22:27:39.354+0100] {taskinstance.py:1206} INFO - Marking task as SUCCESS. dag_id=financial_data_pipeline, task_id=log_completion, run_id=manual__2026-03-13T21:18:14+00:00, execution_date=20260313T211814, start_date=20260313T212739, end_date=20260313T212739
[2026-03-13T22:27:39.397+0100] {local_task_job_runner.py:243} INFO - Task exited with return code 0
[2026-03-13T22:27:39.404+0100] {taskinstance.py:3503} INFO - 0 downstream tasks scheduled from follow-on schedule check
[2026-03-13T22:27:39.404+0100] {local_task_job_runner.py:222} INFO - ::endgroup::
